procs -----------memory---------- ---swap-- -----io---- --system-- -----cpu-----
 r  b   swpd   free   buff  cache   si   so    bi    bo   in   cs us sy id wa st
 1  0      0 46956960  15328  70568    0    0   815     2  150  434 37 12 48  3  0	
37  0      0 46657060  15328  70588    0    0     0     0 218987 279972 26 11 61  0  2	
131  0      0 46652348  15336  70580    0    0     0    36 15713 226463 76 24  0  0  0	
132  0      0 46649744  15336  70588    0    0     0     0 10044 233828 76 24  0  0  0	
129  0      0 46645528  15336  70588    0    0     0     0 4480 235850 75 25  0  0  0	
133  0      0 46645032  15336  70588    0    0     0     0 4084 232363 75 25  0  0  0	
130  0      0 46644288  15336  70588    0    0     0     0 4179 236258 76 24  0  0  0	
130  0      0 46644040  15336  70588    0    0     0     0 4101 235511 76 24  0  0  0	
130  0      0 46643916  15344  70588    0    0     0    12 4088 236225 76 24  0  0  0	
132  0      0 46643420  15344  70588    0    0     0     0 4088 236131 76 24  0  0  0	
130  0      0 46643048  15344  70588    0    0     0     0 4092 236103 75 25  0  0  0	
130  0      0 46642800  15344  70588    0    0     0     0 4097 236082 75 25  0  0  0	
131  0      0 46642428  15344  70588    0    0     0     0 4087 234204 75 25  0  0  0	
134  0      0 46642180  15352  70580    0    0     0    12 4095 236061 75 25  0  0  0	
133  0      0 46641932  15352  70588    0    0     0     0 4087 236015 77 23  0  0  0	
130  0      0 46641932  15352  70588    0    0     0     0 4104 234516 76 24  0  0  0	
130  0      0 46641684  15352  70588    0    0     0     0 4089 236039 76 24  0  0  0	
134  0      0 46641436  15352  70588    0    0     0     0 4093 235699 74 26  0  0  0	
128  0      0 46641188  15352  70588    0    0     0     0 4086 236100 75 25  0  0  0	
131  0      0 46641064  15360  70588    0    0     0    12 4098 236002 77 23  0  0  0	
135  0      0 46640568  15360  70588    0    0     0     0 4099 236124 75 25  0  0  0	
procs -----------memory---------- ---swap-- -----io---- --system-- -----cpu-----
 r  b   swpd   free   buff  cache   si   so    bi    bo   in   cs us sy id wa st
132  0      0 46640444  15360  70588    0    0     0     0 4089 236010 75 25  0  0  0	
129  0      0 46640444  15360  70588    0    0     0     0 4091 234489 77 23  0  0  0	
130  0      0 46639948  15360  70588    0    0     0     0 4084 235957 75 25  0  0  0	
132  0      0 46639824  15368  70580    0    0     0    12 4106 235959 76 24  0  0  0	
129  0      0 46639700  15368  70588    0    0     0     0 4088 234606 75 25  0  0  0	
129  0      0 46639452  15368  70588    0    0     0     0 4092 236027 75 25  0  0  0	
134  0      0 46639328  15368  70588    0    0     0     0 4083 236042 76 24  0  0  0	
130  0      0 46638956  15368  70588    0    0     0     0 4148 235993 75 25  0  0  0	
133  0      0 46638336  15368  70588    0    0     0     0 4183 235882 75 25  0  0  0	
131  0      0 46637964  15376  70588    0    0     0    12 4136 236024 77 23  0  0  0	
130  0      0 46637592  15376  70588    0    0     0    16 4135 235743 75 25  0  0  0	
132  0      0 46637344  15376  70588    0    0     0     0 4118 234563 76 24  0  0  0	
132  0      0 46637096  15376  70592    0    0     0     0 4140 235930 76 24  0  0  0	
132  0      0 46637096  15376  70592    0    0     0     0 4141 236055 75 25  0  0  0	
130  0      0 46636848  15384  70584    0    0     0    24 4111 234957 76 24  0  0  0	
130  0      0 46636600  15384  70592    0    0     0    32 4143 235824 75 25  0  0  0	
134  0      0 46636476  15384  70592    0    0     0     0 4138 234857 75 25  0  0  0	
133  0      0 46636228  15384  70592    0    0     0     0 4141 235918 75 25  0  0  0	
131  0      0 46636228  15384  70592    0    0     0     0 4112 235834 75 25  0  0  0	
130  0      0 46635980  15384  70592    0    0     0     0 4130 235925 75 25  0  0  0	
133  0      0 46635856  15392  70592    0    0     0    12 4112 235168 74 26  0  0  0	
procs -----------memory---------- ---swap-- -----io---- --system-- -----cpu-----
 r  b   swpd   free   buff  cache   si   so    bi    bo   in   cs us sy id wa st
132  0      0 46635608  15392  70592    0    0     0     0 4121 236134 76 24  0  0  0	
130  0      0 46635360  15392  70596    0    0     0     0 4123 235895 76 24  0  0  0	
131  0      0 46635360  15392  70596    0    0     0     0 4117 235944 75 25  0  0  0	
132  0      0 46635236  15392  70596    0    0     0     0 4101 235303 76 24  0  0  0	
131  0      0 46635112  15400  70588    0    0     0    12 4130 236136 75 25  0  0  0	
131  0      0 46634988  15400  70596    0    0     0     0 4131 232365 75 25  0  0  0	
135  0      0 46634988  15400  70596    0    0     0     0 4132 236085 75 25  0  0  0	
131  0      0 46634740  15400  70596    0    0     0     0 4128 235908 76 24  0  0  0	
132  0      0 46634740  15400  70596    0    0     0     0 4116 236100 75 25  0  0  0	
133  0      0 46634616  15400  70596    0    0     0     0 4123 236043 74 26  0  0  0	
134  0      0 46634616  15408  70596    0    0     0    12 4134 235949 76 24  0  0  0	
129  0      0 46634616  15408  70596    0    0     0     0 4122 235885 78 22  0  0  0	
132  0      0 46634616  15408  70596    0    0     0     0 4158 235933 74 26  0  0  0	
133  0      0 46634616  15408  70596    0    0     0     0 4139 235054 76 24  0  0  0	
129  0      0 46634492  15408  70596    0    0     0     0 4105 236197 75 25  0  0  0	
129  0      0 46634492  15416  70588    0    0     0    20 4152 235422 75 25  0  0  0	
132  0      0 46634492  15416  70596    0    0     0     0 4130 236035 76 24  0  0  0	
131  0      0 46634492  15416  70596    0    0     0     0 4095 235992 76 24  0  0  0	
130  0      0 46634368  15416  70596    0    0     0     0 4112 236001 76 24  0  0  0	
133  0      0 46634368  15416  70596    0    0     0     0 4121 235812 77 23  0  0  0	
129  0      0 46634244  15416  70596    0    0     0    16 4121 232072 76 24  0  0  0	
procs -----------memory---------- ---swap-- -----io---- --system-- -----cpu-----
 r  b   swpd   free   buff  cache   si   so    bi    bo   in   cs us sy id wa st
130  0      0 46633872  15424  70596    0    0     0    20 4111 236072 75 25  0  0  0	
132  0      0 46633748  15424  70596    0    0     0     0 4102 236040 76 24  0  0  0	
131  0      0 46633748  15424  70600    0    0     0     0 4152 234916 75 25  0  0  0	
132  0      0 46633624  15424  70600    0    0     0     0 4117 236040 75 25  0  0  0	
132  0      0 46633624  15424  70600    0    0     0     0 4099 235470 76 24  0  0  0	
131  0      0 46633624  15432  70592    0    0     0    16 4135 236063 75 25  0  0  0	
131  0      0 46633624  15432  70600    0    0     0     0 4128 236057 76 24  0  0  0	
131  0      0 46633500  15432  70600    0    0     0     0 4103 236072 75 25  0  0  0	
132  0      0 46633500  15432  70600    0    0     0     0 4131 235977 74 26  0  0  0	
132  0      0 46633500  15432  70600    0    0     0    20 4116 234311 74 26  0  0  0	
131  0      0 46633500  15432  70600    0    0     0     0 4118 236095 77 23  0  0  0	
131  0      0 46633004  15440  70600    0    0     0    12 4148 236000 77 23  0  0  0	
132  0      0 46633004  15440  70600    0    0     0     0 4148 234731 74 26  0  0  0	
133  0      0 46633004  15440  70600    0    0     0     0 4125 235908 75 25  0  0  0	
131  0      0 46633004  15440  70600    0    0     0     0 4136 235385 76 24  0  0  0	
130  0      0 46633004  15440  70600    0    0     0     0 4130 236038 74 26  0  0  0	
133  0      0 46633004  15448  70592    0    0     0    12 4098 235786 75 25  0  0  0	
131  0      0 46633004  15448  70600    0    0     0     0 4145 236095 76 24  0  0  0	
132  0      0 46633004  15448  70600    0    0     0     0 4127 235901 75 25  0  0  0	
129  0      0 46632880  15448  70600    0    0     0     0 4105 234490 75 25  0  0  0	
129  0      0 46632880  15448  70600    0    0     0     0 4108 235840 74 26  0  0  0	
procs -----------memory---------- ---swap-- -----io---- --system-- -----cpu-----
 r  b   swpd   free   buff  cache   si   so    bi    bo   in   cs us sy id wa st
133  0      0 46632880  15448  70600    0    0     0     0 4143 236004 76 24  0  0  0	
132  0      0 46632880  15456  70604    0    0     0    12 4135 235048 75 25  0  0  0	
131  0      0 46632880  15456  70604    0    0     0     0 4110 236319 75 25  0  0  0	
132  0      0 46632880  15456  70604    0    0     0     8 4116 235476 75 25  0  0  0	
131  0      0 46632880  15456  70604    0    0     0     0 4115 236104 75 25  0  0  0	
129  0      0 46632880  15456  70604    0    0     0     0 4138 236201 75 25  0  0  0	
131  0      0 46632880  15464  70596    0    0     0    12 4114 236019 76 24  0  0  0	
134  0      0 46632880  15464  70604    0    0     0     0 4098 235392 75 25  0  0  0	
131  0      0 46632880  15464  70604    0    0     0     0 4110 234348 76 24  0  0  0	
131  0      0 46632880  15464  70604    0    0     0    16 4111 235955 75 26  0  0  0	
133  0      0 46632880  15464  70604    0    0     0     0 4127 236007 75 25  0  0  0	
130  0      0 46632880  15464  70604    0    0     0     0 4110 234577 75 25  0  0  0	
130  0      0 46632756  15472  70604    0    0     0    20 4115 236035 76 24  0  0  0	
131  0      0 46632632  15472  70604    0    0     0     0 4134 235298 76 24  0  0  0	
133  0      0 46632632  15472  70608    0    0     0     4 4132 235890 75 25  0  0  0	
129  0      0 46632632  15472  70608    0    0     0     0 4121 235852 76 24  0  0  0	
129  0      0 46632508  15472  70608    0    0     0     0 4113 236080 75 25  0  0  0	
130  0      0 46632508  15480  70600    0    0     0    12 4118 235824 75 25  0  0  0	
130  0      0 46632508  15480  70608    0    0     0     0 4124 234291 75 25  0  0  0	
132  0      0 46632508  15480  70608    0    0     0     0 4134 235936 76 24  0  0  0	
132  0      0 46632508  15480  70608    0    0     0     0 4128 235921 75 25  0  0  0	
procs -----------memory---------- ---swap-- -----io---- --system-- -----cpu-----
 r  b   swpd   free   buff  cache   si   so    bi    bo   in   cs us sy id wa st
131  0      0 46632508  15480  70608    0    0     0     0 4112 234676 74 26  0  0  0	
131  0      0 46632384  15480  70608    0    0     0     0 4115 236109 75 25  0  0  0	
131  0      0 46632384  15488  70608    0    0     0    12 4107 235526 75 25  0  0  0	
132  0      0 46632384  15488  70608    0    0     0     8 4128 235990 76 24  0  0  0	
128  0      0 46632384  15488  70608    0    0     0     0 4106 236076 74 26  0  0  0	
130  0      0 46632384  15488  70608    0    0     0     0 4123 236046 76 24  0  0  0	
132  0      0 46632384  15488  70608    0    0     0     0 4110 235698 75 25  0  0  0	
131  0      0 46632384  15496  70600    0    0     0    12 4149 234328 75 25  0  0  0	
130  0      0 46632384  15496  70608    0    0     0     0 4106 235996 74 26  0  0  0	
129  0      0 46632384  15496  70608    0    0     0     0 4123 235987 75 25  0  0  0	
131  0      0 46632384  15496  70608    0    0     0     0 4127 234830 75 25  0  0  0	
130  0      0 46632384  15496  70608    0    0     0     0 4126 236054 76 24  0  0  0	
133  0      0 46632384  15496  70608    0    0     0     0 4147 233348 75 25  0  0  0	
130  0      0 46632384  15504  70608    0    0     0    12 4121 235978 75 25  0  0  0	
130  0      0 46632384  15504  70608    0    0     0     0 4104 235625 76 24  0  0  0	
132  0      0 46632384  15504  70608    0    0     0     0 4109 236033 76 24  0  0  0	
132  0      0 46632384  15504  70608    0    0     0     0 4141 235980 75 25  0  0  0	
130  0      0 46632384  15504  70608    0    0     0     0 4104 235888 75 25  0  0  0	
133  0      0 46632384  15512  70600    0    0     0    20 4123 235939 75 25  0  0  0	
133  0      0 46632384  15512  70608    0    0     0     0 4111 236039 77 23  0  0  0	
131  0      0 46632384  15512  70608    0    0     0     0 4102 234733 75 25  0  0  0	
procs -----------memory---------- ---swap-- -----io---- --system-- -----cpu-----
 r  b   swpd   free   buff  cache   si   so    bi    bo   in   cs us sy id wa st
129  0      0 46632384  15512  70608    0    0     0     0 4157 235961 76 24  0  0  0	
135  0      0 46632384  15512  70608    0    0     0     0 4104 235757 76 24  0  0  0	
129  0      0 46632384  15520  70600    0    0     0    24 4136 236087 75 25  0  0  0	
129  0      0 46632384  15520  70612    0    0     0     0 4120 236129 75 25  0  0  0	
132  0      0 46632384  15520  70616    0    0     0     0 4146 236040 75 25  0  0  0	
131  0      0 46632384  15520  70616    0    0     0     0 4121 232175 77 23  0  0  0	
129  0      0 46632384  15520  70616    0    0     0     0 4126 236059 75 25  0  0  0	
132  0      0 46632384  15520  70616    0    0     0     0 4115 235800 74 26  0  0  0	
131  0      0 46632384  15528  70616    0    0     0    12 4112 235642 77 23  0  0  0	
131  0      0 46632384  15528  70616    0    0     0     0 4132 234737 75 25  0  0  0	
129  0      0 46632384  15528  70616    0    0     0     0 4148 235990 75 25  0  0  0	
129  0      0 46632384  15528  70616    0    0     0     0 4126 235578 75 25  0  0  0	
134  0      0 46632384  15528  70616    0    0     0     0 4117 235752 75 25  0  0  0	
131  0      0 46632384  15536  70608    0    0     0    12 4110 236174 77 23  0  0  0	
131  0      0 46632384  15536  70616    0    0     0     0 4157 236130 75 25  0  0  0	
133  0      0 46632384  15536  70616    0    0     0     0 4117 235791 74 26  0  0  0	
128  0      0 46632384  15536  70616    0    0     0     0 4102 234036 75 25  0  0  0	
128  0      0 46632384  15536  70616    0    0     0     0 4103 235711 77 23  0  0  0	
130  0      0 46632384  15536  70616    0    0     0     8 4131 235832 75 25  0  0  0	
138  0      0 46632260  15544  70616    0    0     0    12 4116 234337 74 26  0  0  0	
132  0      0 46632260  15544  70616    0    0     0     0 4123 235949 75 25  0  0  0	
procs -----------memory---------- ---swap-- -----io---- --system-- -----cpu-----
 r  b   swpd   free   buff  cache   si   so    bi    bo   in   cs us sy id wa st
130  0      0 46632260  15544  70616    0    0     0     0 4105 235691 75 25  0  0  0	
130  0      0 46632260  15544  70616    0    0     0     0 4105 236061 75 25  0  0  0	
132  0      0 46632260  15544  70616    0    0     0     0 4138 236031 75 25  0  0  0	
130  0      0 46632260  15552  70608    0    0     0    12 4132 236098 76 24  0  0  0	
133  0      0 46632260  15552  70616    0    0     0     0 4108 235894 75 25  0  0  0	
132  0      0 46632260  15552  70616    0    0     0     0 4126 234111 77 23  0  0  0	
130  0      0 46632136  15552  70616    0    0     0     0 4128 235971 74 26  0  0  0	
129  0      0 46632136  15552  70616    0    0     0     0 4140 235854 74 26  0  0  0	
130  0      0 46632012  15552  70616    0    0     0     0 4114 235115 77 23  0  0  0	
132  0      0 46631888  15560  70616    0    0     0    12 4128 235841 75 25  0  0  0	
131  0      0 46631888  15560  70616    0    0     0     0 4126 235576 75 25  0  0  0	
130  0      0 46631888  15560  70616    0    0     0     0 4130 236032 76 24  0  0  0	
130  0      0 46631888  15560  70616    0    0     0    16 4102 236063 75 25  0  0  0	
131  0      0 46631888  15560  70616    0    0     0     0 4108 236089 76 24  0  0  0	
134  0      0 46631888  15568  70608    0    0     0    20 4107 235929 76 24  0  0  0	
130  0      0 46631888  15568  70616    0    0     0     0 4132 234101 75 25  0  0  0	
131  0      0 46631888  15568  70620    0    0     0     0 4116 235908 75 25  0  0  0	
130  0      0 46631888  15568  70620    0    0     0     0 4097 235805 77 23  0  0  0	
129  0      0 46631888  15568  70620    0    0     0     0 4132 234919 77 23  0  0  0	
133  0      0 46631888  15568  70620    0    0     0     0 4106 235794 75 25  0  0  0	
131  0      0 46631888  15576  70620    0    0     0    12 4142 235726 76 24  0  0  0	
procs -----------memory---------- ---swap-- -----io---- --system-- -----cpu-----
 r  b   swpd   free   buff  cache   si   so    bi    bo   in   cs us sy id wa st
130  0      0 46631888  15576  70620    0    0     0     0 4095 235835 76 24  0  0  0	
133  0      0 46631888  15576  70620    0    0     0     0 4126 236060 74 26  0  0  0	
132  0      0 46631888  15576  70620    0    0     0     0 4113 236164 74 26  0  0  0	
128  0      0 46631888  15576  70620    0    0     0     0 4107 235893 76 24  0  0  0	
130  0      0 46631888  15584  70616    0    0     0    12 4138 234633 75 25  0  0  0	
130  0      0 46631888  15584  70624    0    0     0     0 4091 235955 75 25  0  0  0	
128  0      0 46631888  15584  70624    0    0     0     0 4115 235621 76 24  0  0  0	
129  0      0 46631888  15584  70624    0    0     0     0 4112 232730 75 25  0  0  0	
129  0      0 46631888  15584  70624    0    0     0     0 4133 235859 76 24  0  0  0	
132  0      0 46631888  15584  70624    0    0     0     0 4127 236054 75 25  0  0  0	
133  0      0 46631888  15592  70624    0    0     0    12 4108 236017 74 26  0  0  0	
131  0      0 46631888  15592  70624    0    0     0     0 4110 236095 76 24  0  0  0	
128  0      0 46631888  15592  70624    0    0     0     8 4127 235712 74 26  0  0  0	
130  0      0 46631888  15592  70624    0    0     0     0 4113 235729 75 25  0  0  0	
129  0      0 46631888  15592  70624    0    0     0     0 4128 235940 76 24  0  0  0	
132  0      0 46631228  15600  70616    0    0     0    12 4258 236113 76 24  0  0  0	
131  0      0 46631236  15600  70628    0    0     0     0 4133 235700 74 26  0  0  0	
130  0      0 46631236  15600  70628    0    0     0     0 4122 234778 76 24  0  0  0	
131  0      0 46631236  15600  70628    0    0     0     0 4121 235768 76 24  0  0  0	
131  0      0 46631236  15600  70628    0    0     0     0 4117 231701 76 24  0  0  0	
134  0      0 46631236  15600  70628    0    0     0     0 4121 236087 76 24  0  0  0	
procs -----------memory---------- ---swap-- -----io---- --system-- -----cpu-----
 r  b   swpd   free   buff  cache   si   so    bi    bo   in   cs us sy id wa st
129  0      0 46631236  15608  70628    0    0     0    20 4113 236092 75 25  0  0  0	
130  0      0 46631236  15612  70628    0    0     0    16 4128 236076 75 25  0  0  0	
133  0      0 46631236  15612  70628    0    0     0     0 4121 235907 75 25  0  0  0	
130  0      0 46631236  15612  70628    0    0     0     0 4121 235730 76 24  0  0  0	
132  0      0 46631236  15612  70628    0    0     0     0 4120 235897 75 25  0  0  0	
133  0      0 46631236  15620  70620    0    0     0    32 4107 235598 77 23  0  0  0	
133  0      0 46631112  15620  70632    0    0     0     0 4122 235512 75 25  0  0  0	
130  0      0 46631112  15620  70632    0    0     0     0 4109 235587 75 25  0  0  0	
134  0      0 46631112  15620  70632    0    0     0     0 4118 236044 75 25  0  0  0	
131  0      0 46631112  15620  70632    0    0     0     0 4105 235704 76 24  0  0  0	
132  0      0 46631112  15620  70632    0    0     0     0 4098 235575 78 22  0  0  0	
128  0      0 46631112  15628  70632    0    0     0    12 4129 236009 75 25  0  0  0	
128  0      0 46631112  15628  70632    0    0     0     0 4115 235580 76 24  0  0  0	
132  0      0 46631112  15628  70632    0    0     0     0 4119 235914 76 24  0  0  0	
129  0      0 46631112  15628  70632    0    0     0     0 4111 236179 75 25  0  0  0	
129  0      0 46631112  15628  70632    0    0     0     0 4122 233773 74 26  0  0  0	
133  0      0 46631112  15636  70624    0    0     0    12 4101 234189 76 24  0  0  0	
134  0      0 46631112  15636  70632    0    0     0     0 4144 235938 76 24  0  0  0	
131  0      0 46631112  15636  70632    0    0     0     0 4098 236145 76 24  0  0  0	
134  0      0 46631112  15636  70632    0    0     0     0 4107 235992 76 24  0  0  0	
130  0      0 46631112  15636  70632    0    0     0     0 4133 236040 75 25  0  0  0	
procs -----------memory---------- ---swap-- -----io---- --system-- -----cpu-----
 r  b   swpd   free   buff  cache   si   so    bi    bo   in   cs us sy id wa st
133  0      0 46631112  15636  70632    0    0     0     0 4121 235982 77 23  0  0  0	
134  0      0 46631112  15644  70632    0    0     0    12 4107 235918 76 24  0  0  0	
132  0      0 46631112  15644  70632    0    0     0     0 4102 234023 75 25  0  0  0	
131  0      0 46631112  15644  70632    0    0     0     0 4120 236112 76 24  0  0  0	
132  0      0 46631112  15644  70632    0    0     0     0 4127 235487 76 24  0  0  0	
132  0      0 46631112  15644  70636    0    0     0    40 4120 235064 74 26  0  0  0	
133  0      0 46631112  15652  70628    0    0     0    28 4117 235461 76 24  0  0  0	
135  0      0 46631112  15652  70636    0    0     0     0 4134 235574 76 24  0  0  0	
129  0      0 46631112  15652  70636    0    0     0     0 4114 235777 74 26  0  0  0	
133  0      0 46631112  15652  70636    0    0     0     0 4123 235816 75 25  0  0  0	
133  0      0 46631112  15656  70632    0    0     0    16 4124 235810 75 25  0  0  0	
130  0      0 46631112  15656  70636    0    0     0     0 4115 235823 76 24  0  0  0	
130  0      0 46631112  15664  70636    0    0     0    32 4137 233953 77 23  0  0  0	
132  0      0 46631112  15664  70636    0    0     0     0 4117 235893 77 24  0  0  0	
132  0      0 46631112  15664  70636    0    0     0     0 4128 235633 76 24  0  0  0	
130  0      0 46631112  15664  70636    0    0     0     0 4091 232676 75 25  0  0  0	
132  0      0 46631112  15664  70636    0    0     0     4 4127 235586 75 25  0  0  0	
131  0      0 46631112  15672  70632    0    0     0    12 4126 236122 75 25  0  0  0	
130  0      0 46630988  15672  70640    0    0     0     0 4141 236045 75 25  0  0  0	
134  0      0 46630988  15672  70640    0    0     0     0 4110 235959 76 24  0  0  0	
133  0      0 46630988  15672  70640    0    0     0     0 4124 236066 74 26  0  0  0	
procs -----------memory---------- ---swap-- -----io---- --system-- -----cpu-----
 r  b   swpd   free   buff  cache   si   so    bi    bo   in   cs us sy id wa st
131  0      0 46630988  15672  70640    0    0     0     0 4097 236030 75 25  0  0  0	
131  0      0 46630988  15672  70640    0    0     0     0 4118 234146 75 25  0  0  0	
128  0      0 46630988  15680  70640    0    0     0    12 4114 236022 74 26  0  0  0	
131  0      0 46630988  15680  70640    0    0     0     0 4093 235618 74 26  0  0  0	
132  0      0 46630988  15680  70640    0    0     0     0 4127 234892 76 24  0  0  0	
135  0      0 46630988  15680  70640    0    0     0     0 4108 235577 76 24  0  0  0	
129  0      0 46630988  15680  70640    0    0     0     0 4120 235997 75 25  0  0  0	
129  0      0 46630988  15688  70632    0    0     0    12 4121 236206 75 25  0  0  0	
131  0      0 46630988  15688  70640    0    0     0     0 4127 236075 76 24  0  0  0	
135  0      0 46630988  15688  70640    0    0     0     0 4098 236081 76 24  0  0  0	
130  0      0 46630988  15688  70640    0    0     0     0 4120 235701 75 25  0  0  0	
137  0      0 46630988  15688  70640    0    0     0     0 4116 233930 77 23  0  0  0	
130  0      0 46630988  15688  70640    0    0     0     0 4100 236060 77 23  0  0  0	
132  0      0 46630988  15696  70640    0    0     0    12 4120 235668 76 24  0  0  0	
132  0      0 46630988  15696  70640    0    0     0     0 4112 235016 75 25  0  0  0	
131  0      0 46630988  15696  70640    0    0     0    32 4116 235844 75 25  0  0  0	
132  0      0 46630988  15696  70640    0    0     0     0 4118 236134 75 25  0  0  0	
132  0      0 46630988  15696  70640    0    0     0     0 4132 236018 76 24  0  0  0	
129  0      0 46630988  15704  70632    0    0     0    12 4123 236065 75 25  0  0  0	
129  0      0 46630988  15704  70640    0    0     0     0 4148 236073 76 24  0  0  0	
132  0      0 46630988  15704  70640    0    0     0    12 4125 235858 76 24  0  0  0	
procs -----------memory---------- ---swap-- -----io---- --system-- -----cpu-----
 r  b   swpd   free   buff  cache   si   so    bi    bo   in   cs us sy id wa st
132  0      0 46630988  15704  70640    0    0     0     0 4094 234280 76 24  0  0  0	
133  0      0 46630988  15704  70640    0    0     0     0 4118 236038 76 24  0  0  0	
132  0      0 46630988  15704  70640    0    0     0     0 4100 235315 76 25  0  0  0	
130  0      0 46630988  15712  70640    0    0     0    24 4147 235623 75 25  0  0  0	
130  0      0 46630988  15712  70640    0    0     0     0 4127 235365 74 26  0  0  0	
134  0      0 46630988  15712  70640    0    0     0     0 4110 235803 74 26  0  0  0	
128  0      0 46630988  15712  70640    0    0     0     0 4102 235724 75 26  0  0  0	
134  0      0 46630864  15712  70648    0    0     0     0 4125 236025 75 25  0  0  0	
132  0      0 46630864  15720  70640    0    0     0    12 4124 235893 75 25  0  0  0	
130  0      0 46630864  15720  70648    0    0     0     0 4106 235946 75 25  0  0  0	
132  0      0 46630864  15720  70648    0    0     0     0 4117 235986 74 26  0  0  0	
133  0      0 46630864  15720  70648    0    0     0     0 4156 236129 73 27  0  0  0	
135  0      0 46630864  15720  70648    0    0     0     0 4133 233695 77 23  0  0  0	
132  0      0 46630864  15720  70648    0    0     0     0 4107 234810 75 25  0  0  0	
132  0      0 46630864  15728  70648    0    0     0    12 4115 235844 75 25  0  0  0	
133  0      0 46630864  15728  70648    0    0     0     0 4121 236270 75 25  0  0  0	
131  0      0 46630864  15728  70648    0    0     0     0 4122 236212 76 24  0  0  0	
134  0      0 46629832  15728  70648    0    0     0     0 4122 235531 76 24  0  0  0	
130  0      0 46629748  15728  70648    0    0     0     0 4129 235557 75 25  0  0  0	
133  0      0 46629932  15736  70640    0    0     0    20 4109 235476 74 26  0  0  0	
132  0      0 46629932  15736  70648    0    0     0     0 4136 234290 74 26  0  0  0	
procs -----------memory---------- ---swap-- -----io---- --system-- -----cpu-----
 r  b   swpd   free   buff  cache   si   so    bi    bo   in   cs us sy id wa st
131  0      0 46629932  15736  70648    0    0     0     0 4114 235943 76 24  0  0  0	
135  0      0 46629932  15736  70648    0    0     0     0 4112 235379 75 25  0  0  0	
134  0      0 46629932  15736  70648    0    0     0     0 4119 235297 75 25  0  0  0	
133  0      0 46629932  15736  70648    0    0     0     0 4106 235392 74 26  0  0  0	
134  0      0 46629932  15744  70648    0    0     0    12 4131 233649 75 25  0  0  0	
133  0      0 46629932  15744  70648    0    0     0     0 4101 236217 75 25  0  0  0	
136  0      0 46629932  15744  70648    0    0     0     0 4106 236275 75 25  0  0  0	
132  0      0 46629932  15744  70648    0    0     0     0 4122 235871 76 24  0  0  0	
131  0      0 46629932  15744  70648    0    0     0     0 4120 235890 75 25  0  0  0	
131  0      0 46629932  15752  70640    0    0     0    52 4130 235796 76 24  0  0  0	
133  0      0 46629932  15752  70648    0    0     0     0 4119 235913 76 24  0  0  0	
133  0      0 46629932  15752  70648    0    0     0     0 4108 235237 76 24  0  0  0	
130  0      0 46629932  15752  70648    0    0     0     0 4107 235402 75 25  0  0  0	
132  0      0 46629932  15752  70648    0    0     0     0 4139 235387 75 25  0  0  0	
132  0      0 46629932  15752  70648    0    0     0     8 4113 235926 74 26  0  0  0	
132  0      0 46629932  15760  70648    0    0     0    24 4117 236113 76 24  0  0  0	
135  0      0 46629932  15760  70648    0    0     0     0 4114 236000 75 25  0  0  0	
129  0      0 46629932  15760  70648    0    0     0     0 4124 235935 75 25  0  0  0	
132  0      0 46629932  15760  70648    0    0     0     0 4117 235926 75 25  0  0  0	
129  0      0 46629932  15760  70652    0    0     0     0 4116 233026 75 25  0  0  0	
135  0      0 46629932  15768  70644    0    0     0    12 4104 236058 76 24  0  0  0	
procs -----------memory---------- ---swap-- -----io---- --system-- -----cpu-----
 r  b   swpd   free   buff  cache   si   so    bi    bo   in   cs us sy id wa st
132  0      0 46629932  15768  70652    0    0     0     0 4111 235248 75 25  0  0  0	
129  0      0 46629932  15768  70652    0    0     0     0 4111 235770 75 25  0  0  0	
130  0      0 46629932  15768  70652    0    0     0     0 4116 235496 75 25  0  0  0	
134  0      0 46629932  15768  70652    0    0     0     0 4114 235965 75 25  0  0  0	
132  0      0 46629932  15768  70652    0    0     0     0 4121 236096 74 26  0  0  0	
133  0      0 46629932  15776  70652    0    0     0    12 4116 236014 75 25  0  0  0	
133  0      0 46629932  15776  70652    0    0     0     0 4120 235892 76 24  0  0  0	
134  0      0 46629932  15776  70652    0    0     0     0 4105 236000 76 24  0  0  0	
135  0      0 46629932  15776  70656    0    0     0     8 4112 234420 76 24  0  0  0	
133  0      0 46629932  15776  70656    0    0     0     0 4105 236025 76 24  0  0  0	
134  0      0 46629932  15784  70648    0    0     0    12 4144 235315 76 24  0  0  0	
135  0      0 46629932  15784  70656    0    0     0     0 4123 235022 76 24  0  0  0	
129  0      0 46629932  15784  70656    0    0     0     0 4136 236025 76 24  0  0  0	
135  0      0 46629932  15784  70656    0    0     0     0 4113 235979 76 24  0  0  0	
131  0      0 46629932  15784  70656    0    0     0     0 4087 235957 75 25  0  0  0	
131  0      0 46629932  15784  70656    0    0     0     0 4120 235873 77 23  0  0  0	
132  0      0 46629932  15792  70656    0    0     0    12 4112 236002 75 25  0  0  0	
134  0      0 46629932  15792  70656    0    0     0     0 4110 235601 76 24  0  0  0	
132  0      0 46629932  15792  70656    0    0     0     0 4100 234616 76 24  0  0  0	
132  0      0 46629932  15792  70656    0    0     0    24 4140 235971 75 25  0  0  0	
136  0      0 46629932  15792  70656    0    0     0     0 4101 235203 75 25  0  0  0	
procs -----------memory---------- ---swap-- -----io---- --system-- -----cpu-----
 r  b   swpd   free   buff  cache   si   so    bi    bo   in   cs us sy id wa st
129  0      0 46629932  15800  70648    0    0     0    28 4107 235359 75 26  0  0  0	
130  0      0 46629932  15800  70656    0    0     0     0 4126 235631 76 24  0  0  0	
135  0      0 46629932  15800  70656    0    0     0     0 4112 235934 75 25  0  0  0	
132  0      0 46629932  15800  70656    0    0     0     8 4122 235836 77 23  0  0  0	
131  0      0 46629932  15800  70656    0    0     0     0 4107 236096 75 25  0  0  0	
133  0      0 46629932  15800  70656    0    0     0     0 4095 235994 77 23  0  0  0	
133  0      0 46629808  15808  70656    0    0     0    24 4163 235844 75 25  0  0  0	
131  0      0 46629808  15808  70656    0    0     0     0 4122 234078 75 25  0  0  0	
133  0      0 46629808  15808  70656    0    0     0     0 4125 235673 75 25  0  0  0	
130  0      0 46629808  15808  70660    0    0     0     0 4100 235254 76 24  0  0  0	
129  0      0 46629808  15808  70660    0    0     0     0 4091 235170 75 25  0  0  0	
134  0      0 46629808  15816  70652    0    0     0    12 4102 235575 76 24  0  0  0	
132  0      0 46629808  15816  70660    0    0     0     0 4142 236089 76 24  0  0  0	
131  0      0 46629808  15816  70660    0    0     0     0 4106 236047 75 25  0  0  0	
137  0      0 46629808  15816  70660    0    0     0     0 4113 235971 75 25  0  0  0	
134  0      0 46629808  15816  70660    0    0     0     0 4111 235906 75 25  0  0  0	
132  0      0 46629808  15816  70660    0    0     0     0 4132 235731 76 24  0  0  0	
132  0      0 46629808  15824  70660    0    0     0    12 4116 234434 75 25  0  0  0	
131  0      0 46629808  15824  70660    0    0     0     0 4108 236050 75 25  0  0  0	
129  0      0 46629808  15824  70660    0    0     0     0 4107 234906 77 23  0  0  0	
131  0      0 46629808  15824  70660    0    0     0     0 4114 233349 76 24  0  0  0	
procs -----------memory---------- ---swap-- -----io---- --system-- -----cpu-----
 r  b   swpd   free   buff  cache   si   so    bi    bo   in   cs us sy id wa st
134  0      0 46629808  15824  70660    0    0     0     0 4130 235331 76 24  0  0  0	
132  0      0 46629808  15832  70652    0    0     0    12 4133 235748 74 26  0  0  0	
133  0      0 46629808  15832  70660    0    0     0     0 4125 235845 75 25  0  0  0	
135  0      0 46629808  15832  70660    0    0     0     0 4112 235802 77 23  0  0  0	
129  0      0 46629808  15832  70660    0    0     0     0 4162 235951 74 26  0  0  0	
131  0      0 46629808  15832  70660    0    0     0     0 4122 235617 74 26  0  0  0	
132  0      0 46629808  15832  70660    0    0     0     0 4098 234003 77 23  0  0  0	
132  0      0 46629808  15840  70660    0    0     0    20 4133 235972 76 24  0  0  0	
132  0      0 46629808  15840  70660    0    0     0     0 4119 235173 77 23  0  0  0	
133  0      0 46629808  15840  70664    0    0     0     0 4128 235534 74 26  0  0  0	
133  0      0 46629808  15840  70664    0    0     0     0 4112 235616 76 24  0  0  0	
133  0      0 46629808  15840  70664    0    0     0     0 4098 236026 76 24  0  0  0	
136  0      0 46629808  15848  70656    0    0     0    40 4114 236092 74 26  0  0  0	
133  0      0 46629808  15848  70664    0    0     0     0 4115 236059 76 24  0  0  0	
132  0      0 46629808  15848  70664    0    0     0     0 4115 236075 76 24  0  0  0	
130  0      0 46629808  15848  70664    0    0     0     0 4103 235924 76 24  0  0  0	
133  0      0 46629808  15848  70664    0    0     0     0 4118 234432 75 25  0  0  0	
134  0      0 46629808  15848  70664    0    0     0     0 4107 235738 75 25  0  0  0	
130  0      0 46629808  15856  70664    0    0     0    28 4132 235128 76 24  0  0  0	
133  0      0 46629808  15856  70664    0    0     0     0 4128 235600 75 25  0  0  0	
131  0      0 46629808  15856  70668    0    0     0     0 4130 235845 75 25  0  0  0	
procs -----------memory---------- ---swap-- -----io---- --system-- -----cpu-----
 r  b   swpd   free   buff  cache   si   so    bi    bo   in   cs us sy id wa st
134  0      0 46629808  15856  70668    0    0     0     0 4114 235938 76 24  0  0  0	
133  0      0 46629808  15856  70668    0    0     0     0 4129 236057 76 24  0  0  0	
136  0      0 46629808  15864  70660    0    0     0    12 4103 236201 76 24  0  0  0	
133  0      0 46629808  15864  70668    0    0     0     0 4101 236027 75 25  0  0  0	
136  0      0 46629808  15864  70668    0    0     0     0 4117 234283 76 24  0  0  0	
132  0      0 46629808  15864  70668    0    0     0     0 4104 235962 76 24  0  0  0	
132  0      0 46629808  15864  70668    0    0     0     0 4142 236059 75 25  0  0  0	
130  0      0 46629808  15864  70668    0    0     0     0 4099 234949 74 26  0  0  0	
132  0      0 46629808  15872  70668    0    0     0    12 4132 235297 75 25  0  0  0	
130  0      0 46629808  15872  70668    0    0     0     0 4129 235819 75 25  0  0  0	
131  0      0 46629808  15872  70668    0    0     0     0 4123 235936 75 25  0  0  0	
133  0      0 46629808  15872  70668    0    0     0     0 4100 235944 76 24  0  0  0	
132  0      0 46629808  15872  70668    0    0     0     4 4103 236076 75 25  0  0  0	
134  0      0 46629808  15880  70660    0    0     0    12 4126 235581 76 24  0  0  0	
133  0      0 46629808  15880  70668    0    0     0     0 4113 235932 74 26  0  0  0	
134  0      0 46629808  15880  70668    0    0     0     0 4121 235887 76 24  0  0  0	
135  0      0 46629808  15880  70668    0    0     0     0 4153 235920 75 25  0  0  0	
133  0      0 46629808  15880  70668    0    0     0     0 4096 234962 75 25  0  0  0	
131  0      0 46629808  15880  70668    0    0     0     0 4111 235488 76 24  0  0  0	
133  0      0 46629808  15888  70668    0    0     0    12 4125 235515 76 24  0  0  0	
133  0      0 46629808  15888  70668    0    0     0     0 4104 236041 76 24  0  0  0	
procs -----------memory---------- ---swap-- -----io---- --system-- -----cpu-----
 r  b   swpd   free   buff  cache   si   so    bi    bo   in   cs us sy id wa st
131  0      0 46629808  15888  70668    0    0     0     0 4106 235886 75 25  0  0  0	
130  0      0 46629808  15888  70668    0    0     0    12 4126 236162 74 26  0  0  0	
132  0      0 46629808  15888  70668    0    0     0     0 4112 236041 76 24  0  0  0	
130  0      0 46629808  15896  70660    0    0     0    24 4124 235913 77 23  0  0  0	
133  0      0 46629684  15896  70668    0    0     0     0 4137 232673 76 24  0  0  0	
131  0      0 46629684  15896  70668    0    0     0     0 4103 236100 75 25  0  0  0	
133  0      0 46629684  15896  70668    0    0     0    16 4114 235076 76 24  0  0  0	
134  0      0 46629684  15896  70668    0    0     0     0 4123 235805 75 25  0  0  0	
131  0      0 46629684  15896  70668    0    0     0     0 4124 235482 75 25  0  0  0	
132  0      0 46629684  15904  70668    0    0     0    12 4114 235861 77 24  0  0  0	
131  0      0 46629684  15904  70672    0    0     0     0 4138 235792 75 25  0  0  0	
136  0      0 46629684  15904  70676    0    0     0     0 4133 236071 75 25  0  0  0	
130  0      0 46629684  15904  70676    0    0     0     0 4112 236079 75 25  0  0  0	
130  0      0 46629684  15904  70676    0    0     0     0 4109 234531 75 25  0  0  0	
131  0      0 46629684  15912  70668    0    0     0    12 4134 235964 75 25  0  0  0	
132  0      0 46629684  15912  70676    0    0     0     0 4102 236010 74 26  0  0  0	
132  0      0 46629684  15912  70676    0    0     0     0 4099 235203 75 25  0  0  0	
130  0      0 46629684  15912  70676    0    0     0     0 4139 233356 76 24  0  0  0	
130  0      0 46629684  15912  70676    0    0     0     0 4102 235651 76 24  0  0  0	
132  0      0 46629684  15912  70676    0    0     0     0 4109 236008 76 24  0  0  0	
130  0      0 46629684  15920  70676    0    0     0    12 4134 235975 75 25  0  0  0	
procs -----------memory---------- ---swap-- -----io---- --system-- -----cpu-----
 r  b   swpd   free   buff  cache   si   so    bi    bo   in   cs us sy id wa st
131  0      0 46629684  15920  70676    0    0     0     0 4135 236100 76 24  0  0  0	
135  0      0 46629684  15920  70676    0    0     0     0 4127 235868 76 24  0  0  0	
131  0      0 46629684  15920  70676    0    0     0     0 4112 234368 75 26  0  0  0	
132  0      0 46629684  15920  70676    0    0     0     0 4102 235883 75 25  0  0  0	
132  0      0 46629684  15928  70668    0    0     0    12 4099 235965 76 24  0  0  0	
131  0      0 46629684  15928  70676    0    0     0     0 4120 235023 76 24  0  0  0	
130  0      0 46629684  15928  70676    0    0     0     0 4103 235967 75 25  0  0  0	
131  0      0 46629684  15928  70676    0    0     0     0 4107 235502 77 23  0  0  0	
132  0      0 46629684  15928  70676    0    0     0     0 4097 236032 74 26  0  0  0	
130  0      0 46629684  15928  70676    0    0     0     0 4127 236067 74 26  0  0  0	
133  0      0 46629684  15936  70676    0    0     0    12 4126 235982 76 24  0  0  0	
131  0      0 46629684  15936  70676    0    0     0     8 4107 235930 75 25  0  0  0	
133  0      0 46629684  15936  70676    0    0     0     0 4113 234697 76 24  0  0  0	
132  0      0 46629684  15936  70676    0    0     0     0 4101 235861 75 25  0  0  0	
134  0      0 46629684  15936  70676    0    0     0     0 4107 236084 76 24  0  0  0	
131  0      0 46629684  15944  70668    0    0     0    24 4104 234925 76 24  0  0  0	
129  0      0 46629684  15944  70676    0    0     0     8 4107 235601 75 25  0  0  0	
132  0      0 46629684  15944  70676    0    0     0     0 4100 235930 74 26  0  0  0	
133  0      0 46629684  15944  70676    0    0     0     0 4167 236016 76 24  0  0  0	
134  0      0 46629684  15944  70676    0    0     0     0 4120 236179 76 24  0  0  0	
135  0      0 46629684  15944  70676    0    0     0     0 4111 236151 75 25  0  0  0	
procs -----------memory---------- ---swap-- -----io---- --system-- -----cpu-----
 r  b   swpd   free   buff  cache   si   so    bi    bo   in   cs us sy id wa st
135  0      0 46629684  15952  70676    0    0     0    40 4118 234263 77 23  0  0  0	
133  0      0 46629684  15952  70680    0    0     0     0 4092 235801 75 25  0  0  0	
131  0      0 46629684  15952  70680    0    0     0     0 4117 235859 76 24  0  0  0	
131  0      0 46629684  15952  70680    0    0     0     0 4103 236042 76 24  0  0  0	
133  0      0 46629684  15952  70680    0    0     0     0 4103 235106 76 24  0  0  0	
134  0      0 46629684  15960  70672    0    0     0    16 4101 235770 77 23  0  0  0	
133  0      0 46629684  15960  70680    0    0     0     0 4114 234992 76 24  0  0  0	
134  0      0 46629684  15960  70680    0    0     0     0 4120 236119 76 24  0  0  0	
135  0      0 46629684  15960  70680    0    0     0     0 4111 235990 75 25  0  0  0	
131  0      0 46629684  15960  70680    0    0     0     0 4108 235974 75 25  0  0  0	
133  0      0 46629684  15960  70680    0    0     0     0 4135 235987 75 25  0  0  0	
129  0      0 46629684  15968  70680    0    0     0    12 4143 235882 76 24  0  0  0	
134  0      0 46629684  15968  70684    0    0     0     0 4092 233276 75 25  0  0  0	
136  0      0 46629684  15968  70684    0    0     0     0 4104 235831 75 25  0  0  0	
134  0      0 46629684  15968  70684    0    0     0     0 4096 235127 75 25  0  0  0	
134  0      0 46629684  15968  70684    0    0     0     0 4126 235883 75 25  0  0  0	
133  0      0 46629684  15976  70676    0    0     0    12 4115 235298 75 25  0  0  0	
129  0      0 46629684  15976  70684    0    0     0     0 4105 235966 76 24  0  0  0	
132  0      0 46629684  15976  70684    0    0     0     0 4095 235910 75 25  0  0  0	
133  0      0 46629684  15976  70684    0    0     0     0 4122 235999 74 26  0  0  0	
130  0      0 46629684  15976  70684    0    0     0     0 4130 236161 76 24  0  0  0	
procs -----------memory---------- ---swap-- -----io---- --system-- -----cpu-----
 r  b   swpd   free   buff  cache   si   so    bi    bo   in   cs us sy id wa st
135  0      0 46629684  15976  70684    0    0     0     0 4097 235556 75 25  0  0  0	
132  0      0 46629684  15984  70684    0    0     0    12 4111 234567 76 24  0  0  0	
138  0      0 46629684  15984  70684    0    0     0     0 4122 235864 76 24  0  0  0	
132  0      0 46629684  15984  70684    0    0     0     0 4116 234790 75 25  0  0  0	
135  0      0 46629684  15984  70684    0    0     0     0 4111 235821 75 25  0  0  0	
133  0      0 46629684  15984  70684    0    0     0    16 4101 234961 76 24  0  0  0	
133  0      0 46629684  15992  70676    0    0     0    28 4127 234228 76 24  0  0  0	
129  0      0 46629684  15992  70684    0    0     0     0 4131 235869 76 24  0  0  0	
132  0      0 46629684  15992  70684    0    0     0     0 4116 236002 74 26  0  0  0	
130  0      0 46629684  15992  70684    0    0     0     0 4095 236053 75 25  0  0  0	
130  0      0 46629684  15992  70684    0    0     0     0 4119 235875 75 25  0  0  0	
132  0      0 46629684  15992  70684    0    0     0     0 4116 234549 75 25  0  0  0	
130  0      0 46629684  16000  70688    0    0     0    12 4134 235901 75 25  0  0  0	
133  0      0 46629684  16000  70688    0    0     0     0 4088 234646 75 25  0  0  0	
135  0      0 46629684  16000  70688    0    0     0     0 4097 235828 73 27  0  0  0	
130  0      0 46629684  16000  70688    0    0     0    24 4115 235752 75 25  0  0  0	
133  0      0 46629684  16000  70688    0    0     0     0 4117 235784 76 24  0  0  0	
130  0      0 46629684  16008  70680    0    0     0    12 4133 236036 75 25  0  0  0	
131  0      0 46629684  16008  70688    0    0     0     0 4126 235884 76 24  0  0  0	
131  0      0 46629684  16008  70688    0    0     0     0 4105 235992 75 25  0  0  0	
131  0      0 46629684  16008  70688    0    0     0     0 4129 234377 76 24  0  0  0	
procs -----------memory---------- ---swap-- -----io---- --system-- -----cpu-----
 r  b   swpd   free   buff  cache   si   so    bi    bo   in   cs us sy id wa st
132  0      0 46629684  16008  70688    0    0     0     0 4113 236172 76 24  0  0  0	
135  0      0 46629684  16008  70688    0    0     0     0 4104 236028 76 24  0  0  0	
130  0      0 46629684  16016  70688    0    0     0    12 4124 234972 75 25  0  0  0	
132  0      0 46629684  16016  70688    0    0     0     0 4113 235941 76 24  0  0  0	
133  0      0 46629684  16016  70688    0    0     0     0 4106 235515 76 24  0  0  0	
133  0      0 46629684  16016  70688    0    0     0     0 4129 236019 76 24  0  0  0	
133  0      0 46629684  16016  70688    0    0     0     0 4103 236085 75 25  0  0  0	
132  0      0 46629684  16024  70680    0    0     0    12 4117 236097 76 24  0  0  0	
130  0      0 46629684  16024  70688    0    0     0     0 4125 235994 76 24  0  0  0	
131  0      0 46629684  16024  70688    0    0     0     0 4121 234265 75 25  0  0  0	
135  0      0 46629684  16024  70688    0    0     0     0 4113 235869 76 24  0  0  0	
130  0      0 46629684  16024  70688    0    0     0     0 4115 235932 76 24  0  0  0	
131  0      0 46629684  16024  70688    0    0     0     0 4114 234659 75 25  0  0  0	
129  0      0 46629684  16032  70688    0    0     0    12 4119 235211 76 24  0  0  0	
131  0      0 46629684  16032  70692    0    0     0     8 4107 236003 76 24  0  0  0	
134  0      0 46629684  16032  70692    0    0     0     0 4136 235781 76 24  0  0  0	
135  0      0 46629684  16032  70692    0    0     0     0 4135 236136 75 25  0  0  0	
135  0      0 46629684  16032  70692    0    0     0     0 4093 236066 75 25  0  0  0	
133  0      0 46629684  16040  70684    0    0     0    24 4096 235915 77 23  0  0  0	
132  0      0 46629684  16040  70692    0    0     0     8 4123 233578 74 26  0  0  0	
131  0      0 46629684  16040  70692    0    0     0     0 4086 235926 75 25  0  0  0	
procs -----------memory---------- ---swap-- -----io---- --system-- -----cpu-----
 r  b   swpd   free   buff  cache   si   so    bi    bo   in   cs us sy id wa st
133  0      0 46629624  16040  70692    0    0     0     0 4300 236219 77 23  0  0  0	
133  0      0 46629560  16040  70692    0    0     0     0 4108 234980 75 25  0  0  0	
133  0      0 46629560  16040  70696    0    0     0     0 4113 236094 75 25  0  0  0	
132  0      0 46629560  16048  70696    0    0     0    32 4135 235499 76 24  0  0  0	
134  0      0 46629560  16048  70696    0    0     0     0 4122 236015 76 24  0  0  0	
133  0      0 46629560  16048  70696    0    0     0     0 4113 235933 76 24  0  0  0	
131  0      0 46629560  16048  70696    0    0     0     0 4119 235958 75 25  0  0  0	
132  0      0 46629560  16048  70696    0    0     0     0 4122 235979 75 25  0  0  0	
132  0      0 46629560  16056  70688    0    0     0    12 4110 234314 75 25  0  0  0	
132  0      0 46629436  16056  70696    0    0     0    24 4118 235362 75 25  0  0  0	
131  0      0 46629436  16056  70696    0    0     0     0 4107 235818 75 25  0  0  0	
130  0      0 46629436  16056  70696    0    0     0     0 4113 235460 76 24  0  0  0	
134  0      0 46629436  16056  70696    0    0     0     0 4118 236000 76 24  0  0  0	
132  0      0 46629436  16056  70696    0    0     0     0 4116 235264 75 25  0  0  0	
134  0      0 46629436  16064  70696    0    0     0    20 4128 235828 76 24  0  0  0	
131  0      0 46629436  16064  70696    0    0     0     0 4121 235528 76 24  0  0  0	
133  0      0 46629436  16064  70696    0    0     0     0 4128 236049 77 23  0  0  0	
133  0      0 46629436  16064  70696    0    0     0     0 4091 236043 75 25  0  0  0	
133  0      0 46629436  16064  70696    0    0     0     0 4101 235748 76 24  0  0  0	
133  0      0 46629436  16072  70688    0    0     0    20 4139 235872 76 24  0  0  0	
135  0      0 46629312  16072  70696    0    0     0     0 4111 234411 76 24  0  0  0	
procs -----------memory---------- ---swap-- -----io---- --system-- -----cpu-----
 r  b   swpd   free   buff  cache   si   so    bi    bo   in   cs us sy id wa st
131  0      0 46629312  16072  70696    0    0     0     0 4137 234730 75 25  0  0  0	
131  0      0 46629312  16072  70696    0    0     0     0 4130 233448 75 25  0  0  0	
134  0      0 46629312  16072  70696    0    0     0     0 4119 235764 77 23  0  0  0	
130  0      0 46629312  16072  70696    0    0     0     8 4125 235954 76 24  0  0  0	
131  0      0 46629312  16080  70696    0    0     0    32 4162 235816 76 24  0  0  0	
132  0      0 46629312  16080  70704    0    0     0     0 4122 236012 74 26  0  0  0	
132  0      0 46629312  16080  70704    0    0     0     0 4111 235682 74 26  0  0  0	
133  0      0 46629312  16080  70704    0    0     0     0 4126 233889 75 25  0  0  0	
130  0      0 46629312  16080  70704    0    0     0     4 4109 235576 76 24  0  0  0	
132  0      0 46629312  16088  70696    0    0     0    20 4160 235842 75 25  0  0  0	
133  0      0 46629312  16088  70704    0    0     0     0 4106 234863 76 24  0  0  0	
131  0      0 46629312  16088  70704    0    0     0     0 4112 235868 76 25  0  0  0	
133  0      0 46629312  16088  70704    0    0     0     0 4116 235137 74 26  0  0  0	
133  0      0 46629312  16088  70708    0    0     0    16 4145 236003 76 24  0  0  0	
132  0      0 46629312  16088  70708    0    0     0     0 4123 236038 74 26  0  0  0	
134  0      0 46629312  16096  70712    0    0     0    36 4094 236047 76 24  0  0  0	
130  0      0 46629312  16096  70712    0    0     0     0 4100 235878 75 25  0  0  0	
131  0      0 46629312  16096  70712    0    0     0     0 4115 233953 76 24  0  0  0	
136  0      0 46629312  16096  70712    0    0     0     0 4137 235670 76 24  0  0  0	
134  0      0 46629312  16096  70712    0    0     0     0 4088 235834 76 24  0  0  0	
132  0      0 46629312  16104  70704    0    0     0    12 4118 234665 74 26  0  0  0	
procs -----------memory---------- ---swap-- -----io---- --system-- -----cpu-----
 r  b   swpd   free   buff  cache   si   so    bi    bo   in   cs us sy id wa st
131  0      0 46629312  16104  70712    0    0     0     0 4108 236058 75 25  0  0  0	
131  0      0 46629312  16104  70712    0    0     0     0 4118 234988 76 24  0  0  0	
131  0      0 46629312  16104  70712    0    0     0    32 4119 236037 75 25  0  0  0	
131  0      0 46629312  16104  70712    0    0     0     0 4118 235924 76 24  0  0  0	
133  0      0 46629312  16104  70712    0    0     0     0 4113 235956 74 26  0  0  0	
135  0      0 46629312  16112  70712    0    0     0    12 4123 236014 75 25  0  0  0	
133  0      0 46629312  16112  70712    0    0     0     0 4126 235247 74 26  0  0  0	
134  0      0 46629312  16112  70712    0    0     0     0 4115 234932 75 25  0  0  0	
133  0      0 46629312  16112  70712    0    0     0     0 4125 235860 75 25  0  0  0	
135  0      0 46629312  16112  70712    0    0     0     0 4088 234694 76 24  0  0  0	
132  0      0 46629312  16120  70704    0    0     0    12 4107 236008 75 25  0  0  0	
132  0      0 46629312  16120  70712    0    0     0     0 4104 236056 75 25  0  0  0	
131  0      0 46629312  16120  70712    0    0     0     0 4111 236000 75 25  0  0  0	
132  0      0 46629312  16120  70712    0    0     0     0 4118 236039 76 24  0  0  0	
131  0      0 46629312  16120  70712    0    0     0     0 4126 236089 75 25  0  0  0	
135  0      0 46629312  16120  70712    0    0     0     0 4127 235995 76 24  0  0  0	
138  0      0 46629312  16128  70712    0    0     0    12 4103 234588 76 24  0  0  0	
131  0      0 46629312  16128  70712    0    0     0     0 4105 235971 76 25  0  0  0	
131  0      0 46629312  16128  70712    0    0     0    16 4104 236118 76 24  0  0  0	
130  0      0 46629312  16128  70712    0    0     0     0 4159 234578 75 25  0  0  0	
134  0      0 46629312  16128  70712    0    0     0     0 4129 236141 76 24  0  0  0	
procs -----------memory---------- ---swap-- -----io---- --system-- -----cpu-----
 r  b   swpd   free   buff  cache   si   so    bi    bo   in   cs us sy id wa st
129  0      0 46629312  16136  70704    0    0     0    32 4122 235935 75 25  0  0  0	
132  0      0 46629312  16136  70712    0    0     0     0 4135 236020 75 25  0  0  0	
131  0      0 46629312  16136  70712    0    0     0     8 4103 236077 76 24  0  0  0	
132  0      0 46629312  16136  70712    0    0     0     0 4155 236099 76 24  0  0  0	
131  0      0 46629312  16136  70716    0    0     0     0 4106 236125 74 26  0  0  0	
132  0      0 46629312  16136  70716    0    0     0     0 4117 234666 76 24  0  0  0	
134  0      0 46629312  16144  70716    0    0     0    16 4129 235826 76 24  0  0  0	
132  0      0 46629312  16144  70716    0    0     0     0 4118 235749 75 25  0  0  0	
134  0      0 46629312  16144  70716    0    0     0     0 4126 234838 75 25  0  0  0	
133  0      0 46629312  16144  70716    0    0     0     0 4134 235751 76 24  0  0  0	
132  0      0 46629312  16144  70716    0    0     0     0 4124 234364 75 25  0  0  0	
132  0      0 46629312  16152  70708    0    0     0    12 4122 234473 76 24  0  0  0	
130  0      0 46629312  16152  70716    0    0     0     0 4133 235764 76 24  0  0  0	
133  0      0 46629312  16152  70716    0    0     0     0 4097 235828 75 26  0  0  0	
132  0      0 46629312  16152  70716    0    0     0     0 4099 235885 75 25  0  0  0	
131  0      0 46629312  16152  70716    0    0     0     0 4116 235947 76 24  0  0  0	
131  0      0 46629312  16152  70720    0    0     0     0 4118 235946 76 24  0  0  0	
135  0      0 46629312  16160  70720    0    0     0    36 4116 235711 75 25  0  0  0	
131  0      0 46629312  16160  70720    0    0     0     0 4102 232531 76 24  0  0  0	
129  0      0 46629312  16160  70720    0    0     0     0 4102 236004 74 26  0  0  0	
131  0      0 46629312  16160  70720    0    0     0     0 4098 235926 75 25  0  0  0	
procs -----------memory---------- ---swap-- -----io---- --system-- -----cpu-----
 r  b   swpd   free   buff  cache   si   so    bi    bo   in   cs us sy id wa st
136  0      0 46629312  16160  70720    0    0     0     0 4118 235998 76 24  0  0  0	
132  0      0 46629312  16168  70712    0    0     0    12 4097 235840 76 24  0  0  0	
131  0      0 46629312  16168  70720    0    0     0     0 4117 235951 76 24  0  0  0	
133  0      0 46629312  16168  70720    0    0     0     0 4112 236063 76 24  0  0  0	
130  0      0 46629312  16168  70720    0    0     0     0 4097 234206 75 25  0  0  0	
130  0      0 46629312  16168  70720    0    0     0     0 4125 236041 75 25  0  0  0	
137  0      0 46629312  16168  70720    0    0     0     8 4111 235863 77 23  0  0  0	
132  0      0 46629312  16176  70720    0    0     0    24 4103 234542 76 24  0  0  0	
130  0      0 46629312  16176  70720    0    0     0     0 4122 236086 76 24  0  0  0	
131  0      0 46629312  16176  70720    0    0     0     0 4121 235216 77 23  0  0  0	
134  0      0 46629312  16176  70720    0    0     0     0 4115 235834 77 23  0  0  0	
132  0      0 46629312  16176  70720    0    0     0     0 4139 236175 75 25  0  0  0	
134  0      0 46629312  16184  70712    0    0     0    32 4111 236185 76 25  0  0  0	
132  0      0 46629312  16184  70720    0    0     0     0 4089 235867 75 25  0  0  0	
135  0      0 46629312  16184  70720    0    0     0     0 4113 233677 75 25  0  0  0	
135  0      0 46629312  16184  70724    0    0     0     0 4119 236057 75 25  0  0  0	
131  0      0 46629312  16184  70724    0    0     0     0 4126 236052 75 25  0  0  0	
129  0      0 46629188  16184  70724    0    0     0     4 4145 234653 75 25  0  0  0	
133  0      0 46629188  16192  70724    0    0     0    12 4142 235970 77 23  0  0  0	
135  0      0 46629188  16192  70724    0    0     0     0 4125 235611 75 25  0  0  0	
131  0      0 46629188  16192  70724    0    0     0     0 4104 236024 75 25  0  0  0	
procs -----------memory---------- ---swap-- -----io---- --system-- -----cpu-----
 r  b   swpd   free   buff  cache   si   so    bi    bo   in   cs us sy id wa st
135  0      0 46629188  16192  70724    0    0     0     0 4086 236100 75 25  0  0  0	
130  0      0 46629188  16192  70724    0    0     0     0 4084 235886 74 26  0  0  0	
131  0      0 46629188  16200  70716    0    0     0    12 4111 235902 75 25  0  0  0	
132  0      0 46629188  16200  70724    0    0     0     0 4122 234783 76 24  0  0  0	
132  0      0 46629188  16200  70724    0    0     0     0 4115 235926 76 25  0  0  0	
136  0      0 46629188  16200  70724    0    0     0     0 4098 235986 75 25  0  0  0	
131  0      0 46629188  16200  70724    0    0     0     0 4111 234550 77 23  0  0  0	
132  0      0 46629188  16200  70724    0    0     0     0 4089 235880 77 23  0  0  0	
133  0      0 46629188  16208  70724    0    0     0    12 4117 235717 75 25  0  0  0	
134  0      0 46629188  16208  70724    0    0     0     0 4096 235998 76 24  0  0  0	
133  0      0 46629188  16208  70724    0    0     0     0 4107 236032 76 24  0  0  0	
132  0      0 46629188  16208  70724    0    0     0    20 4124 235988 75 25  0  0  0	
132  0      0 46629188  16208  70724    0    0     0     0 4114 236103 75 25  0  0  0	
133  0      0 46629188  16216  70716    0    0     0    12 4099 234405 76 24  0  0  0	
135  0      0 46629188  16216  70724    0    0     0     0 4126 235857 75 25  0  0  0	
134  0      0 46629188  16216  70724    0    0     0     0 4122 235971 76 24  0  0  0	
133  0      0 46629188  16216  70724    0    0     0     8 4128 234741 75 25  0  0  0	
133  0      0 46629188  16216  70724    0    0     0     0 4114 235734 76 24  0  0  0	
134  0      0 46629188  16216  70728    0    0     0     0 4117 234327 75 25  0  0  0	
130  0      0 46629188  16224  70728    0    0     0    24 4134 234761 75 25  0  0  0	
134  0      0 46629188  16224  70728    0    0     0     0 4139 235880 74 26  0  0  0	
procs -----------memory---------- ---swap-- -----io---- --system-- -----cpu-----
 r  b   swpd   free   buff  cache   si   so    bi    bo   in   cs us sy id wa st
129  0      0 46629188  16224  70728    0    0     0     0 4102 235967 76 24  0  0  0	
134  0      0 46629188  16224  70728    0    0     0     0 4113 236032 75 25  0  0  0	
135  0      0 46629188  16224  70728    0    0     0     0 4119 235965 77 23  0  0  0	
131  0      0 46629188  16232  70720    0    0     0    12 4095 234289 75 25  0  0  0	
132  0      0 46629188  16232  70728    0    0     0     0 4129 235892 76 24  0  0  0	
131  0      0 46629188  16232  70732    0    0     0     8 4136 234507 76 24  0  0  0	
134  0      0 46629188  16232  70732    0    0     0     0 4116 235815 77 23  0  0  0	
134  0      0 46629188  16232  70732    0    0     0     0 4125 235887 76 24  0  0  0	
133  0      0 46629188  16232  70732    0    0     0     0 4120 236092 74 26  0  0  0	
134  0      0 46629188  16240  70732    0    0     0    24 4099 235925 76 24  0  0  0	
132  0      0 46629188  16240  70732    0    0     0     0 4129 236213 75 25  0  0  0	
134  0      0 46629188  16240  70732    0    0     0     0 4089 235966 76 24  0  0  0	
132  0      0 46629188  16240  70732    0    0     0     0 4110 234159 76 24  0  0  0	
130  0      0 46629188  16240  70732    0    0     0     0 4105 235749 75 25  0  0  0	
132  0      0 46629188  16248  70724    0    0     0    12 4116 236057 76 24  0  0  0	
129  0      0 46629188  16248  70732    0    0     0     0 4123 234381 77 24  0  0  0	
133  0      0 46629188  16248  70732    0    0     0     0 4097 236009 75 25  0  0  0	
136  0      0 46629188  16248  70732    0    0     0     0 4119 235532 75 25  0  0  0	
134  0      0 46629188  16248  70732    0    0     0     0 4109 235974 76 24  0  0  0	
135  0      0 46629188  16248  70732    0    0     0     0 4106 235623 76 24  0  0  0	
131  0      0 46629188  16256  70732    0    0     0    12 4118 236070 75 25  0  0  0	
procs -----------memory---------- ---swap-- -----io---- --system-- -----cpu-----
 r  b   swpd   free   buff  cache   si   so    bi    bo   in   cs us sy id wa st
130  0      0 46629188  16256  70732    0    0     0     0 4102 235713 75 25  0  0  0	
132  0      0 46629188  16256  70732    0    0     0     0 4144 233476 75 25  0  0  0	
132  0      0 46629188  16256  70732    0    0     0     0 4112 235889 75 25  0  0  0	
132  0      0 46629188  16256  70732    0    0     0     0 4095 235947 75 25  0  0  0	
132  0      0 46629188  16264  70724    0    0     0    12 4111 234875 75 25  0  0  0	
131  0      0 46629064  16264  70732    0    0     0    28 4137 236036 76 24  0  0  0	
131  0      0 46629064  16264  70732    0    0     0     0 4087 235519 76 24  0  0  0	
132  0      0 46629064  16264  70732    0    0     0     0 4098 235932 76 24  0  0  0	
133  0      0 46629064  16264  70732    0    0     0     0 4131 235916 77 24  0  0  0	
129  0      0 46629064  16264  70732    0    0     0     0 4112 236061 75 25  0  0  0	
130  0      0 46629064  16272  70732    0    0     0    24 4130 235704 76 24  0  0  0	
132  0      0 46629064  16272  70732    0    0     0     0 4106 233697 75 25  0  0  0	
132  0      0 46629064  16272  70732    0    0     0     0 4104 236056 76 24  0  0  0	
133  0      0 46629064  16272  70732    0    0     0     0 4105 236056 78 22  0  0  0	
133  0      0 46629064  16272  70732    0    0     0     0 4092 235342 75 25  0  0  0	
132  0      0 46629064  16280  70724    0    0     0    16 4129 236067 76 24  0  0  0	
133  0      0 46629064  16280  70736    0    0     0     0 4119 235291 75 25  0  0  0	
135  0      0 46629064  16280  70736    0    0     0     0 4107 236066 75 25  0  0  0	
132  0      0 46629064  16280  70736    0    0     0     0 4102 236167 76 24  0  0  0	
132  0      0 46629064  16280  70740    0    0     0     0 4116 235891 75 25  0  0  0	
131  0      0 46629064  16280  70740    0    0     0     0 4100 236186 75 25  0  0  0	
procs -----------memory---------- ---swap-- -----io---- --system-- -----cpu-----
 r  b   swpd   free   buff  cache   si   so    bi    bo   in   cs us sy id wa st
130  0      0 46629064  16288  70740    0    0     0    12 4099 234528 75 25  0  0  0	
130  0      0 46629064  16288  70740    0    0     0     0 4099 235832 77 23  0  0  0	
132  0      0 46629064  16288  70740    0    0     0     0 4110 236056 76 24  0  0  0	
133  0      0 46629064  16288  70740    0    0     0     0 4155 234605 75 25  0  0  0	
132  0      0 46629064  16288  70740    0    0     0     0 4097 236091 75 25  0  0  0	
129  0      0 46629064  16296  70732    0    0     0    12 4114 235699 75 25  0  0  0	
133  0      0 46629064  16296  70740    0    0     0     0 4101 235948 74 26  0  0  0	
132  0      0 46629064  16296  70740    0    0     0     0 4162 236160 75 25  0  0  0	
130  0      0 46629064  16296  70740    0    0     0     0 4095 235968 75 25  0  0  0	
133  0      0 46629064  16296  70740    0    0     0     0 4118 236075 74 26  0  0  0	
131  0      0 46629064  16296  70740    0    0     0     0 4125 234568 77 23  0  0  0	
133  0      0 46628940  16304  70740    0    0     0    12 4119 235709 77 23  0  0  0	
131  0      0 46628940  16304  70740    0    0     0     0 4150 236044 76 24  0  0  0	
135  0      0 46628940  16304  70740    0    0     0     0 4078 234181 75 25  0  0  0	
132  0      0 46628940  16304  70740    0    0     0     0 4115 233945 76 24  0  0  0	
133  0      0 46628940  16304  70740    0    0     0     0 4132 235866 75 25  0  0  0	
130  0      0 46628940  16312  70732    0    0     0    12 4157 236250 75 25  0  0  0	
132  0      0 46628940  16312  70740    0    0     0     0 4115 236093 74 26  0  0  0	
132  0      0 46628940  16312  70740    0    0     0     0 4131 235939 75 25  0  0  0	
132  0      0 46628940  16312  70740    0    0     0     0 4116 235460 75 25  0  0  0	
131  0      0 46628940  16312  70740    0    0     0     8 4079 235883 75 25  0  0  0	
procs -----------memory---------- ---swap-- -----io---- --system-- -----cpu-----
 r  b   swpd   free   buff  cache   si   so    bi    bo   in   cs us sy id wa st
132  0      0 46628940  16312  70740    0    0     0     0 4102 235734 75 25  0  0  0	
131  0      0 46628940  16320  70740    0    0     0    32 4120 235840 76 24  0  0  0	
129  0      0 46628940  16320  70740    0    0     0     0 4096 234736 75 25  0  0  0	
132  0      0 46628940  16320  70740    0    0     0     0 4136 236112 76 24  0  0  0	
133  0      0 46628940  16320  70740    0    0     0     8 4105 235567 75 25  0  0  0	
130  0      0 46628940  16320  70740    0    0     0     0 4124 235894 75 25  0  0  0	
137  0      0 46628940  16328  70732    0    0     0    24 4124 236031 76 24  0  0  0	
131  0      0 46628940  16328  70744    0    0     0     0 4108 236002 75 25  0  0  0	
134  0      0 46628940  16328  70744    0    0     0     0 4102 235934 75 25  0  0  0	
133  0      0 46628940  16328  70744    0    0     0     0 4139 232511 76 24  0  0  0	
132  0      0 46628428  16328  70748    0    0     0     0 4135 235569 74 26  0  0  0	
129  0      0 46628180  16328  70748    0    0     0     0 4107 235865 77 23  0  0  0	
131  0      0 46629068  16336  70748    0    0     0    20 4124 234874 77 23  0  0  0	
131  0      0 46629436  16336  70748    0    0     0     0 4091 235940 76 24  0  0  0	
137  0      0 46629436  16336  70748    0    0     0     0 4133 235606 75 25  0  0  0	
133  0      0 46629436  16336  70748    0    0     0     0 4111 236047 76 24  0  0  0	
138  0      0 46629436  16336  70748    0    0     0     0 4085 236229 74 26  0  0  0	
131  0      0 46629436  16344  70740    0    0     0    20 4113 235976 76 24  0  0  0	
130  0      0 46629436  16344  70748    0    0     0     0 4116 235996 75 25  0  0  0	
131  0      0 46629436  16344  70748    0    0     0     0 4115 234534 76 24  0  0  0	
133  0      0 46629436  16344  70752    0    0     0     0 4118 235859 76 24  0  0  0	
procs -----------memory---------- ---swap-- -----io---- --system-- -----cpu-----
 r  b   swpd   free   buff  cache   si   so    bi    bo   in   cs us sy id wa st
131  0      0 46629436  16344  70752    0    0     0     0 4120 235942 75 25  0  0  0	
136  0      0 46629436  16344  70752    0    0     0     0 4099 234681 77 23  0  0  0	
132  0      0 46629436  16352  70752    0    0     0    12 4132 235853 76 24  0  0  0	
132  0      0 46629436  16352  70752    0    0     0     0 4102 235188 76 24  0  0  0	
133  0      0 46629436  16352  70752    0    0     0     0 4092 235789 76 24  0  0  0	
133  0      0 46629436  16352  70752    0    0     0     0 4094 235831 75 25  0  0  0	
135  0      0 46629436  16352  70752    0    0     0     0 4114 235700 75 25  0  0  0	
132  0      0 46629436  16360  70744    0    0     0    12 4078 235962 76 24  0  0  0	
136  0      0 46629436  16360  70752    0    0     0    16 4081 234478 75 25  0  0  0	
130  0      0 46629436  16360  70752    0    0     0     0 4078 236042 75 25  0  0  0	
136  0      0 46629436  16360  70752    0    0     0     0 4076 236114 75 25  0  0  0	
130  0      0 46629436  16360  70752    0    0     0     0 4093 234670 75 25  0  0  0	
130  0      0 46629436  16360  70752    0    0     0     0 4074 236175 76 24  0  0  0	
130  0      0 46629436  16368  70752    0    0     0    60 4090 235354 75 25  0  0  0	
132  0      0 46629436  16368  70752    0    0     0     0 4079 235899 76 24  0  0  0	
133  0      0 46629436  16368  70752    0    0     0     0 4096 235965 76 24  0  0  0	
132  0      0 46629436  16368  70752    0    0     0     0 4080 236282 75 25  0  0  0	
130  0      0 46629436  16368  70752    0    0     0     0 4081 236015 76 24  0  0  0	
130  0      0 46629436  16376  70748    0    0     0    12 4089 234058 75 25  0  0  0	
134  0      0 46629436  16376  70756    0    0     0    20 4081 236069 74 26  0  0  0	
133  0      0 46629436  16376  70756    0    0     0     0 4097 235863 75 25  0  0  0	
procs -----------memory---------- ---swap-- -----io---- --system-- -----cpu-----
 r  b   swpd   free   buff  cache   si   so    bi    bo   in   cs us sy id wa st
131  0      0 46629436  16376  70756    0    0     0     0 4076 234779 75 25  0  0  0	
133  0      0 46629436  16376  70756    0    0     0     0 4075 236005 75 25  0  0  0	
132  0      0 46629436  16376  70756    0    0     0     0 4075 235879 76 24  0  0  0	
134  0      0 46629436  16384  70756    0    0     0    36 4086 235854 75 25  0  0  0	
132  0      0 46629436  16384  70756    0    0     0     0 4099 235982 76 24  0  0  0	
132  0      0 46629436  16384  70756    0    0     0     0 4076 235972 76 24  0  0  0	
132  0      0 46629436  16384  70756    0    0     0     0 4079 233898 78 22  0  0  0	
130  0      0 46629436  16384  70756    0    0     0     0 4075 235367 77 23  0  0  0	
134  0      0 46629436  16392  70748    0    0     0    12 4098 235853 76 24  0  0  0	
131  0      0 46629436  16392  70756    0    0     0     0 4083 235988 75 25  0  0  0	
135  0      0 46629436  16392  70756    0    0     0     0 4077 234711 75 25  0  0  0	
134  0      0 46629436  16392  70756    0    0     0     0 4081 235972 76 24  0  0  0	
132  0      0 46629436  16392  70756    0    0     0     0 4080 231479 75 25  0  0  0	
131  0      0 46629436  16392  70756    0    0     0     0 4098 235861 74 26  0  0  0	
132  0      0 46629436  16400  70756    0    0     0    12 4086 236036 76 24  0  0  0	
139  0      0 46629436  16400  70756    0    0     0     0 4079 236071 74 26  0  0  0	
133  0      0 46629436  16400  70756    0    0     0     0 4073 236027 76 24  0  0  0	
132  0      0 46629436  16400  70756    0    0     0     0 4092 235881 75 25  0  0  0	
132  0      0 46629436  16400  70756    0    0     0     8 4073 236057 75 25  0  0  0	
132  0      0 46629436  16408  70748    0    0     0    24 4085 235618 76 24  0  0  0	
133  0      0 46629436  16408  70756    0    0     0     0 4083 234353 74 26  0  0  0	
procs -----------memory---------- ---swap-- -----io---- --system-- -----cpu-----
 r  b   swpd   free   buff  cache   si   so    bi    bo   in   cs us sy id wa st
133  0      0 46629436  16408  70756    0    0     0     0 4076 235776 75 25  0  0  0	
131  0      0 46629436  16408  70760    0    0     0     0 4099 235871 76 24  0  0  0	
133  0      0 46629436  16408  70760    0    0     0     0 4074 235712 75 26  0  0  0	
135  0      0 46629436  16408  70760    0    0     0     0 4079 235581 76 24  0  0  0	
132  0      0 46629436  16416  70760    0    0     0    12 4081 235773 77 23  0  0  0	
130  0      0 46629436  16416  70760    0    0     0     0 4095 235547 75 25  0  0  0	
130  0      0 46629436  16416  70760    0    0     0     0 4081 234390 75 25  0  0  0	
133  0      0 46629436  16416  70760    0    0     0    24 4083 235854 76 24  0  0  0	
133  0      0 46629436  16416  70764    0    0     0     0 4088 236052 77 23  0  0  0	
131  0      0 46629436  16424  70756    0    0     0    12 4084 234510 75 25  0  0  0	
133  0      0 46629436  16424  70764    0    0     0     0 4097 236264 76 24  0  0  0	
133  0      0 46629436  16424  70764    0    0     0     0 4076 235663 76 24  0  0  0	
132  0      0 46629436  16424  70764    0    0     0     8 4077 236158 77 23  0  0  0	
132  0      0 46629436  16424  70764    0    0     0     0 4079 236042 74 26  0  0  0	
135  0      0 46629436  16424  70764    0    0     0     0 4092 235974 75 25  0  0  0	
132  0      0 46629436  16432  70764    0    0     0    24 4088 236002 77 23  0  0  0	
132  0      0 46629436  16432  70764    0    0     0     0 4079 234087 76 24  0  0  0	
132  0      0 46629436  16432  70764    0    0     0     0 4079 236039 76 24  0  0  0	
134  0      0 46629312  16432  70764    0    0     0     0 4076 236009 74 26  0  0  0	
136  0      0 46629312  16432  70764    0    0     0     0 4097 234891 74 26  0  0  0	
132  0      0 46629312  16440  70756    0    0     0    12 4081 236141 76 24  0  0  0	
procs -----------memory---------- ---swap-- -----io---- --system-- -----cpu-----
 r  b   swpd   free   buff  cache   si   so    bi    bo   in   cs us sy id wa st
133  0      0 46629312  16440  70764    0    0     0     0 4087 235290 77 23  0  0  0	
130  0      0 46629312  16440  70764    0    0     0     0 4079 236097 75 25  0  0  0	
135  0      0 46629312  16440  70764    0    0     0     0 4083 236123 75 25  0  0  0	
134  0      0 46629312  16440  70764    0    0     0     0 4095 235991 77 23  0  0  0	
133  0      0 46629312  16440  70764    0    0     0     0 4080 236027 76 24  0  0  0	
130  0      0 46629312  16448  70764    0    0     0    12 4085 234239 75 25  0  0  0	
129  0      0 46629312  16448  70764    0    0     0     0 4071 235995 75 25  0  0  0	
133  0      0 46629312  16448  70764    0    0     0     8 4097 235934 77 23  0  0  0	
131  0      0 46629312  16448  70764    0    0     0     0 4075 234465 74 26  0  0  0	
134  0      0 46629312  16448  70764    0    0     0     0 4080 235953 75 25  0  0  0	
136  0      0 46629312  16456  70756    0    0     0    24 4086 235659 75 25  0  0  0	
137  0      0 46629312  16456  70764    0    0     0     0 4078 236010 74 26  0  0  0	
131  0      0 46629312  16456  70764    0    0     0     0 4097 236186 76 24  0  0  0	
132  0      0 46629312  16456  70764    0    0     0     0 4072 236092 75 25  0  0  0	
132  0      0 46629312  16456  70764    0    0     0     0 4078 236017 75 25  0  0  0	
130  0      0 46629312  16456  70764    0    0     0     0 4082 234185 75 25  0  0  0	
131  0      0 46629312  16464  70764    0    0     0    12 4100 236056 77 23  0  0  0	
132  0      0 46629312  16464  70764    0    0     0     0 4081 235973 76 24  0  0  0	
133  0      0 46629312  16464  70764    0    0     0     0 4083 233521 75 25  0  0  0	
134  0      0 46629312  16464  70768    0    0     0     0 4083 234049 77 23  0  0  0	
132  0      0 46629312  16464  70768    0    0     0     0 4081 235588 76 24  0  0  0	
procs -----------memory---------- ---swap-- -----io---- --system-- -----cpu-----
 r  b   swpd   free   buff  cache   si   so    bi    bo   in   cs us sy id wa st
132  0      0 46629312  16472  70760    0    0     0    12 4097 236061 74 26  0  0  0	
133  0      0 46629312  16472  70772    0    0     0    24 4086 236117 76 24  0  0  0	
131  0      0 46629312  16472  70772    0    0     0     0 4078 236152 76 24  0  0  0	
133  0      0 46629312  16472  70772    0    0     0     0 4075 236042 76 24  0  0  0	
131  0      0 46629312  16472  70772    0    0     0     0 4093 233972 77 23  0  0  0	
131  0      0 46629312  16472  70772    0    0     0     0 4076 235855 75 25  0  0  0	
130  0      0 46628660  16480  70772    0    0     0    24 4221 236152 76 24  0  0  0	
134  0      0 46628668  16480  70772    0    0     0     0 4081 234609 75 25  0  0  0	
133  0      0 46628668  16480  70772    0    0     0     0 4075 236016 75 25  0  0  0	
133  0      0 46628668  16480  70772    0    0     0     0 4094 235582 76 24  0  0  0	
133  0      0 46628668  16480  70772    0    0     0     0 4079 235893 76 24  0  0  0	
132  0      0 46628668  16488  70764    0    0     0    20 4083 236091 76 24  0  0  0	
131  0      0 46628668  16488  70772    0    0     0     0 4083 236089 75 25  0  0  0	
131  0      0 46628668  16488  70772    0    0     0     0 4078 235854 74 26  0  0  0	
134  0      0 46628668  16488  70772    0    0     0     0 4093 234098 75 25  0  0  0	
129  0      0 46628668  16488  70772    0    0     0     0 4077 235414 76 24  0  0  0	
132  0      0 46628668  16488  70772    0    0     0     0 4078 236073 75 25  0  0  0	
134  0      0 46628668  16496  70772    0    0     0    12 4079 235084 76 24  0  0  0	
135  0      0 46628668  16496  70772    0    0     0     0 4092 235345 74 26  0  0  0	
134  0      0 46628668  16496  70772    0    0     0     0 4078 235761 75 25  0  0  0	
133  0      0 46628668  16496  70772    0    0     0     0 4076 235946 74 26  0  0  0	
procs -----------memory---------- ---swap-- -----io---- --system-- -----cpu-----
 r  b   swpd   free   buff  cache   si   so    bi    bo   in   cs us sy id wa st
129  0      0 46628668  16496  70772    0    0     0     0 4079 235402 75 25  0  0  0	
135  0      0 46628668  16504  70764    0    0     0    36 4077 236168 76 24  0  0  0	
134  0      0 46628668  16504  70772    0    0     0     0 4097 236015 75 25  0  0  0	
134  0      0 46628668  16504  70772    0    0     0     0 4075 235916 76 25  0  0  0	
130  0      0 46628668  16504  70772    0    0     0     0 4076 235944 75 26  0  0  0	
130  0      0 46628668  16504  70772    0    0     0     0 4081 234261 74 26  0  0  0	
134  0      0 46628668  16504  70772    0    0     0     0 4090 234268 76 24  0  0  0	
131  0      0 46628668  16512  70772    0    0     0    12 4088 235983 76 24  0  0  0	
135  0      0 46628668  16512  70772    0    0     0     0 4079 235470 77 23  0  0  0	
135  0      0 46628668  16512  70772    0    0     0     0 4079 236054 76 24  0  0  0	
130  0      0 46628668  16512  70776    0    0     0     0 4081 236000 76 24  0  0  0	
131  0      0 46628668  16512  70776    0    0     0     4 4092 236009 76 24  0  0  0	
132  0      0 46628668  16520  70772    0    0     0    12 4082 236025 75 25  0  0  0	
132  0      0 46628668  16520  70776    0    0     0     0 4078 234107 76 24  0  0  0	
133  0      0 46628668  16520  70776    0    0     0     0 4071 235934 75 25  0  0  0	
133  0      0 46628668  16520  70776    0    0     0     0 4075 236088 76 24  0  0  0	
130  0      0 46628668  16520  70776    0    0     0    36 4098 234567 77 23  0  0  0	
131  0      0 46628668  16520  70776    0    0     0     0 4070 235990 75 25  0  0  0	
133  0      0 46628668  16528  70768    0    0     0    12 4082 235783 76 24  0  0  0	
133  0      0 46628668  16528  70776    0    0     0     0 4079 235945 76 24  0  0  0	
131  0      0 46628668  16528  70776    0    0     0     0 4096 236092 74 26  0  0  0	
procs -----------memory---------- ---swap-- -----io---- --system-- -----cpu-----
 r  b   swpd   free   buff  cache   si   so    bi    bo   in   cs us sy id wa st
132  0      0 46628668  16528  70776    0    0     0     0 4077 235928 74 26  0  0  0	
135  0      0 46628668  16528  70776    0    0     0     0 4078 236006 75 25  0  0  0	
133  0      0 46628668  16536  70772    0    0     0    12 4086 234525 73 27  0  0  0	
131  0      0 46628668  16536  70780    0    0     0     0 4076 235976 77 23  0  0  0	
132  0      0 46628668  16536  70780    0    0     0     0 4097 236105 73 27  0  0  0	
131  0      0 46628668  16536  70780    0    0     0     0 4077 233517 76 24  0  0  0	
132  0      0 46628668  16536  70780    0    0     0     0 4079 234356 75 25  0  0  0	
131  0      0 46628668  16536  70780    0    0     0     0 4074 235655 75 25  0  0  0	
129  0      0 46628668  16544  70780    0    0     0    12 4104 236094 77 23  0  0  0	
131  0      0 46628668  16544  70780    0    0     0     0 4074 236195 76 24  0  0  0	
130  0      0 46628668  16544  70780    0    0     0    12 4077 236081 75 25  0  0  0	
133  0      0 46628668  16544  70780    0    0     0     0 4080 236052 75 25  0  0  0	
133  0      0 46628668  16544  70780    0    0     0     0 4072 233571 75 25  0  0  0	
130  0      0 46628668  16552  70772    0    0     0    24 4098 236089 77 23  0  0  0	
134  0      0 46628544  16552  70780    0    0     0     0 4079 235961 76 24  0  0  0	
135  0      0 46628544  16552  70780    0    0     0     0 4079 235038 76 24  0  0  0	
132  0      0 46628544  16552  70780    0    0     0     0 4075 235994 75 25  0  0  0	
133  0      0 46628544  16552  70780    0    0     0     0 4097 235570 75 25  0  0  0	
131  0      0 46628544  16552  70780    0    0     0     0 4076 236077 75 25  0  0  0	
129  0      0 46628544  16560  70780    0    0     0    12 4084 235920 75 25  0  0  0	
133  0      0 46628544  16560  70784    0    0     0     8 4082 236060 75 25  0  0  0	
procs -----------memory---------- ---swap-- -----io---- --system-- -----cpu-----
 r  b   swpd   free   buff  cache   si   so    bi    bo   in   cs us sy id wa st
134  0      0 46628544  16560  70784    0    0     0     0 4078 235857 75 25  0  0  0	
132  0      0 46628544  16560  70784    0    0     0     0 4090 234640 75 25  0  0  0	
131  0      0 46628544  16560  70784    0    0     0     0 4073 236003 76 24  0  0  0	
133  0      0 46628544  16568  70784    0    0     0    24 4087 236112 74 26  0  0  0	
134  0      0 46628544  16568  70784    0    0     0     0 4075 234713 76 24  0  0  0	
133  0      0 46628544  16568  70784    0    0     0     0 4073 235924 75 25  0  0  0	
130  0      0 46628544  16568  70784    0    0     0     0 4094 235849 76 24  0  0  0	
131  0      0 46628544  16568  70784    0    0     0     0 4077 236096 76 24  0  0  0	
130  0      0 46628544  16568  70784    0    0     0     0 4079 236130 77 23  0  0  0	
132  0      0 46628544  16576  70784    0    0     0    12 4085 236127 75 25  0  0  0	
130  0      0 46628544  16576  70784    0    0     0    16 4100 236009 75 25  0  0  0	
132  0      0 46628544  16576  70784    0    0     0     0 4079 234771 75 25  0  0  0	
129  0      0 46628544  16576  70784    0    0     0     0 4081 235522 75 25  0  0  0	
131  0      0 46628544  16576  70784    0    0     0     0 4080 235685 77 24  0  0  0	
131  0      0 46628544  16584  70784    0    0     0    12 4087 235183 75 25  0  0  0	
134  0      0 46628544  16584  70784    0    0     0     0 4101 236066 74 26  0  0  0	
132  0      0 46628544  16584  70784    0    0     0     0 4080 235521 76 24  0  0  0	
132  0      0 46628544  16584  70784    0    0     0     0 4081 236124 75 25  0  0  0	
131  0      0 46628544  16584  70784    0    0     0     0 4076 235861 75 25  0  0  0	
131  0      0 46628544  16584  70784    0    0     0     0 4095 236025 75 25  0  0  0	
133  0      0 46628544  16592  70784    0    0     0    20 4081 235876 75 25  0  0  0	
procs -----------memory---------- ---swap-- -----io---- --system-- -----cpu-----
 r  b   swpd   free   buff  cache   si   so    bi    bo   in   cs us sy id wa st
132  0      0 46628544  16592  70784    0    0     0     0 4077 235966 76 24  0  0  0	
133  0      0 46628544  16592  70784    0    0     0     0 4075 236089 76 24  0  0  0	
133  0      0 46628544  16592  70784    0    0     0     0 4077 234355 75 25  0  0  0	
131  0      0 46628544  16592  70788    0    0     0     0 4093 234521 76 24  0  0  0	
135  0      0 46628420  16600  70788    0    0     0    24 4083 236013 75 25  0  0  0	
132  0      0 46628420  16600  70788    0    0     0     0 4081 235607 76 24  0  0  0	
131  0      0 46628420  16600  70788    0    0     0     0 4077 236029 76 24  0  0  0	
134  0      0 46628420  16600  70788    0    0     0     0 4095 236150 75 25  0  0  0	
134  0      0 46628420  16600  70788    0    0     0     0 4076 235967 75 25  0  0  0	
130  0      0 46628420  16600  70788    0    0     0     8 4082 235999 76 24  0  0  0	
130  0      0 46628420  16608  70792    0    0     0    24 4083 234209 75 25  0  0  0	
134  0      0 46628420  16608  70792    0    0     0     0 4076 235939 75 25  0  0  0	
133  0      0 46628420  16608  70792    0    0     0     0 4091 235845 75 25  0  0  0	
131  0      0 46628420  16608  70792    0    0     0     0 4073 233498 77 23  0  0  0	
132  0      0 46628420  16608  70792    0    0     0     0 4076 234646 76 24  0  0  0	
136  0      0 46628420  16616  70792    0    0     0    12 4080 235599 73 27  0  0  0	
130  0      0 46628420  16616  70792    0    0     0     0 4079 236090 75 25  0  0  0	
132  0      0 46628420  16616  70792    0    0     0     0 4086 235865 74 26  0  0  0	
130  0      0 46628420  16616  70792    0    0     0     0 4078 236055 77 23  0  0  0	
133  0      0 46628420  16624  70784    0    0     0    12 4078 235923 75 25  0  0  0	
131  0      0 46628420  16624  70792    0    0     0     0 4075 234136 75 25  0  0  0	
procs -----------memory---------- ---swap-- -----io---- --system-- -----cpu-----
 r  b   swpd   free   buff  cache   si   so    bi    bo   in   cs us sy id wa st
131  0      0 46628420  16624  70792    0    0     0     0 4097 235869 76 24  0  0  0	
131  0      0 46628420  16624  70792    0    0     0     0 4077 235977 75 25  0  0  0	
136  0      0 46628420  16624  70792    0    0     0     0 4080 234560 77 23  0  0  0	
134  0      0 46628420  16624  70792    0    0     0     0 4095 236032 76 24  0  0  0	
133  0      0 46628420  16632  70792    0    0     0    32 4092 236139 75 25  0  0  0	
131  0      0 46628420  16632  70792    0    0     0     0 4095 236054 75 25  0  0  0	
133  0      0 46628420  16632  70792    0    0     0     0 4079 236200 75 25  0  0  0	
134  0      0 46628420  16632  70792    0    0     0     0 4073 235760 75 25  0  0  0	
132  0      0 46628420  16632  70792    0    0     0     0 4073 235617 76 24  0  0  0	
134  0      0 46628420  16640  70784    0    0     0    32 4098 235813 75 25  0  0  0	
132  0      0 46628420  16640  70792    0    0     0     0 4073 235979 74 26  0  0  0	
132  0      0 46628420  16640  70792    0    0     0     0 4079 235918 76 24  0  0  0	
132  0      0 46628420  16640  70792    0    0     0     0 4072 234752 75 25  0  0  0	
130  0      0 46628420  16640  70792    0    0     0     0 4077 236093 76 24  0  0  0	
133  0      0 46628420  16640  70792    0    0     0     0 4094 235847 75 25  0  0  0	
133  0      0 46628420  16648  70792    0    0     0    12 4084 235925 76 24  0  0  0	
133  0      0 46628420  16648  70792    0    0     0     0 4081 235940 75 25  0  0  0	
133  0      0 46628420  16648  70792    0    0     0     0 4077 235651 77 23  0  0  0	
 5  0      0 46681960  16648  70792    0    0     0     0 11877 229139 75 24  0  0  0	
