procs -----------memory---------- ---swap-- -----io---- --system-- -----cpu-----
 r  b   swpd   free   buff  cache   si   so    bi    bo   in   cs us sy id wa st
 1  0      0 69373360  12492  78048    0    0  2099     2  209  220 34 11 49  5  1	
57 10      0 69263216  12492  78072    0    0 75760     0 114930 250686 54 20 25  0  1	
69  3      0 69260736  12492  78072    0    0 125232     0 14581 234835 75 25  0  0  0	
59  8      0 69260360  12492  78072    0    0 126304     0 12255 236208 75 25  0  0  0	
63  6      0 69260360  12492  78072    0    0 125296     0 11566 234015 75 25  0  0  0	
67  3      0 69260360  12492  78072    0    0 119648     0 11215 224268 76 24  0  0  0	
61  6      0 69260360  12500  78072    0    0 125792    40 11596 236184 73 27  0  0  0	
65  5      0 69260360  12500  78072    0    0 127408     0 11650 236108 75 25  0  0  0	
60  6      0 69260360  12500  78072    0    0 125168     0 11542 236084 74 26  0  0  0	
62  5      0 69260360  12500  78072    0    0 127760     0 11605 236236 75 25  0  0  0	
60  6      0 69260360  12500  78072    0    0 127952     0 11605 236152 76 24  0  0  0	
66  4      0 69260360  12508  78072    0    0 127008    12 11539 236268 73 27  0  0  0	
61  6      0 69260360  12508  78072    0    0 125424     0 12169 236354 74 26  0  0  0	
58  9      0 69259856  12508  78072    0    0 124976     0 11822 236314 75 25  0  0  0	
63  6      0 69259744  12508  78072    0    0 126768     0 11618 234284 75 25  0  0  0	
57  8      0 69259744  12508  78072    0    0 125120     0 11501 235546 76 24  0  0  0	
63  7      0 69259744  12508  78072    0    0 124416     0 11466 235182 75 25  0  0  0	
61 11      0 69259744  12516  78072    0    0 128944    20 11708 236246 75 25  0  0  0	
59  9      0 69259744  12516  78072    0    0 123648     0 11378 236322 75 25  0  0  0	
65  5      0 69259744  12516  78072    0    0 128864     0 11659 236364 74 26  0  0  0	
65  7      0 69259744  12516  78072    0    0 125376    48 11559 236515 75 25  0  0  0	
procs -----------memory---------- ---swap-- -----io---- --system-- -----cpu-----
 r  b   swpd   free   buff  cache   si   so    bi    bo   in   cs us sy id wa st
65  2      0 69259744  12516  78072    0    0 127648     0 12429 236361 74 26  0  0  0	
58 10      0 69259744  12524  78072    0    0 127056    12 11657 235018 76 24  0  0  0	
62 12      0 69259744  12524  78072    0    0 127952     0 11637 236266 74 26  0  0  0	
66  2      0 69259744  12524  78072    0    0 125536     0 11534 233950 75 25  0  0  0	
64  6      0 69259744  12524  78072    0    0 125552     0 11524 235854 74 26  0  0  0	
69  4      0 69259744  12524  78072    0    0 122848     0 11360 229999 74 26  0  0  0	
65  5      0 69259744  12524  78072    0    0 126160     0 11575 236076 75 25  0  0  0	
59 10      0 69259744  12532  78072    0    0 125168    12 13786 235183 74 25  0  1  0	
64  5      0 69259744  12532  78072    0    0 128224     0 11992 236382 75 25  0  0  0	
62  6      0 69259744  12532  78072    0    0 124656     0 11371 236273 74 26  0  0  0	
62  5      0 69259744  12532  78072    0    0 126704     0 11574 236125 75 25  0  0  0	
61  4      0 69259744  12532  78076    0    0 128400     0 11695 236222 73 27  0  0  0	
62 12      0 69259744  12540  78076    0    0 128256    12 12263 236403 74 26  0  0  0	
64  5      0 69259744  12540  78076    0    0 128064     0 11834 234344 74 26  0  0  0	
66  3      0 69259744  12540  78076    0    0 123968     0 11450 230130 76 24  0  0  0	
64  7      0 69259744  12540  78076    0    0 128560    20 11616 236253 74 26  0  0  0	
65  4      0 69259744  12540  78076    0    0 128288     0 11703 236158 75 25  0  0  0	
60  8      0 69259744  12540  78076    0    0 130880     0 11776 236638 74 26  0  0  0	
66  6      0 69259744  12548  78076    0    0 127056    32 11631 236124 74 26  0  0  0	
64  3      0 69259744  12548  78076    0    0 128240     0 11696 236351 75 25  0  0  0	
57 10      0 69259744  12548  78076    0    0 125808     0 11558 236473 75 25  0  0  0	
procs -----------memory---------- ---swap-- -----io---- --system-- -----cpu-----
 r  b   swpd   free   buff  cache   si   so    bi    bo   in   cs us sy id wa st
61  4      0 69259744  12548  78076    0    0 125792     0 11490 236044 75 25  0  0  0	
62  6      0 69259744  12548  78080    0    0 126960     0 11505 236165 74 26  0  0  0	
63  7      0 69259744  12556  78080    0    0 124848    12 12359 233356 75 24  0  1  0	
65  6      0 69259744  12556  78080    0    0 126176     0 11998 235538 75 25  0  0  0	
61  7      0 69259744  12556  78080    0    0 128128     8 11647 236237 74 26  0  0  0	
61  6      0 69259744  12556  78080    0    0 128656     0 11696 236252 75 25  0  0  0	
64  5      0 69259744  12556  78080    0    0 126944     0 12487 236235 76 24  0  0  0	
62  4      0 69259744  12556  78080    0    0 127008     0 11722 236497 74 26  0  0  0	
64  3      0 69259744  12564  78080    0    0 126832    12 12174 236296 75 25  0  0  0	
60  7      0 69259744  12564  78080    0    0 124624     0 11424 236255 74 26  0  0  0	
61  7      0 69259744  12564  78080    0    0 128080     0 11970 235989 74 26  0  0  0	
63  7      0 69259744  12564  78080    0    0 125600     0 11479 236374 75 25  0  0  0	
62  4      0 69259744  12564  78080    0    0 125840     0 11991 234226 74 25  0  0  0	
68  6      0 69259744  12572  78080    0    0 123632    12 11402 229900 74 26  0  0  0	
58 13      0 69259744  12572  78080    0    0 131168    20 11844 236491 74 26  0  0  0	
75  2      0 69259744  12572  78080    0    0 128160     0 12528 236273 74 26  0  0  0	
63  6      0 69259744  12572  78080    0    0 129584     0 12397 236532 74 26  0  0  0	
66  9      0 69259744  12572  78080    0    0 127024     0 11602 236292 74 26  0  0  0	
65  6      0 69259744  12572  78080    0    0 127008     0 11581 235955 74 26  0  0  0	
62  8      0 69259744  12580  78080    0    0 128816    12 11689 236628 75 25  0  0  0	
62 10      0 69259744  12580  78080    0    0 127312     0 11843 236099 75 25  0  0  0	
procs -----------memory---------- ---swap-- -----io---- --system-- -----cpu-----
 r  b   swpd   free   buff  cache   si   so    bi    bo   in   cs us sy id wa st
63  3      0 69259744  12580  78080    0    0 128464     0 11687 236049 74 26  0  0  0	
62  8      0 69259744  12580  78080    0    0 126416     0 11593 233933 74 26  0  0  0	
59  9      0 69259744  12580  78084    0    0 124960     0 11468 235336 76 24  0  0  0	
61  4      0 69259744  12588  78084    0    0 128864    20 11590 236351 74 26  0  0  0	
61  8      0 69259744  12588  78084    0    0 127008     0 12298 236058 73 26  0  0  0	
62  7      0 69259744  12588  78084    0    0 124848     0 12644 234697 73 26  0  1  0	
65  4      0 69259744  12588  78084    0    0 127040     0 11468 236230 74 26  0  0  0	
62  8      0 69259744  12588  78084    0    0 128432     0 11665 236167 76 24  0  0  0	
62  8      0 69259744  12596  78076    0    0 128848    32 11652 236213 75 25  0  0  0	
66  3      0 69259744  12596  78084    0    0 126688     0 11538 236057 74 26  0  0  0	
64  6      0 69259744  12596  78084    0    0 128224     0 11527 236155 74 26  0  0  0	
61  7      0 69259744  12596  78084    0    0 128800     0 11671 233734 74 26  0  0  0	
66  4      0 69259744  12596  78084    0    0 120720     0 11185 225050 74 26  0  0  0	
63  5      0 69259744  12596  78084    0    0 126752     0 11492 235959 75 26  0  0  0	
65  6      0 69259744  12604  78084    0    0 130368    12 11638 236286 75 25  0  0  0	
63  6      0 69259744  12604  78084    0    0 127840     0 11649 236336 74 26  0  0  0	
62 10      0 69259744  12604  78084    0    0 127680     0 11543 236395 74 26  0  0  0	
66  3      0 69259744  12604  78084    0    0 127264     0 11906 236278 74 26  0  0  0	
63  7      0 69259744  12604  78084    0    0 128336     0 12138 235414 74 25  0  0  0	
65  5      0 69259744  12612  78084    0    0 125744    12 12155 235487 73 26  0  0  0	
62 11      0 69259744  12612  78084    0    0 123744     0 11514 236301 75 25  0  0  0	
procs -----------memory---------- ---swap-- -----io---- --system-- -----cpu-----
 r  b   swpd   free   buff  cache   si   so    bi    bo   in   cs us sy id wa st
64  3      0 69259744  12612  78084    0    0 124832     0 11488 233708 75 25  0  0  0	
62  7      0 69259744  12612  78088    0    0 127600     0 12292 235580 75 25  0  0  0	
64  5      0 69259744  12612  78088    0    0 125648     0 11516 236196 74 26  0  0  0	
50 15      0 69259744  12612  78088    0    0 127584     0 11651 236024 74 26  0  0  0	
60  6      0 69259744  12620  78088    0    0 125984    12 11572 236344 74 26  0  0  0	
64  3      0 69259744  12620  78088    0    0 125376     0 11455 236439 76 24  0  0  0	
62  6      0 69259744  12620  78088    0    0 129104     0 11715 236305 75 25  0  0  0	
59  7      0 69259744  12620  78088    0    0 125760     0 11582 235930 75 25  0  0  0	
66  3      0 69259744  12620  78088    0    0 130256     8 11833 236431 75 25  0  0  0	
62  6      0 69259616  12628  78088    0    0 126080    12 11547 236416 76 24  0  0  0	
61  6      0 69259616  12628  78088    0    0 124896     0 11556 233438 75 25  0  0  0	
61  6      0 69259616  12628  78088    0    0 126192     0 11594 234842 74 26  0  0  0	
63  5      0 69259616  12628  78088    0    0 125840     0 11479 236138 75 25  0  0  0	
61  9      0 69259616  12628  78088    0    0 127664     4 11605 236253 75 25  0  0  0	
62  6      0 69259616  12628  78088    0    0 129952     0 11748 236357 74 26  0  0  0	
66  4      0 69259616  12636  78092    0    0 126800    12 11603 236273 75 25  0  0  0	
64  4      0 69259616  12636  78092    0    0 128192     0 11694 236376 74 26  0  0  0	
62 10      0 69259616  12636  78092    0    0 127168     0 11542 236229 74 26  0  0  0	
64  8      0 69259616  12636  78092    0    0 127168     8 11614 236406 74 26  0  0  0	
61  8      0 69259616  12636  78092    0    0 126032     0 11543 236484 75 25  0  0  0	
59  7      0 69259616  12644  78092    0    0 125248    20 11464 233155 75 25  0  0  0	
procs -----------memory---------- ---swap-- -----io---- --system-- -----cpu-----
 r  b   swpd   free   buff  cache   si   so    bi    bo   in   cs us sy id wa st
64  7      0 69259616  12644  78092    0    0 120816     0 11276 226778 76 24  0  0  0	
69  3      0 69259616  12644  78092    0    0 125904     0 12148 235682 75 25  0  0  0	
64  8      0 69259616  12644  78092    0    0 129056     0 11674 235964 75 25  0  0  0	
61  5      0 69259616  12644  78092    0    0 127152     0 11556 236317 75 25  0  0  0	
58  9      0 69259616  12644  78092    0    0 125232     0 11453 236288 74 26  0  0  0	
62  6      0 69259616  12652  78092    0    0 126784    12 11549 236144 75 25  0  0  0	
64  3      0 69259616  12652  78092    0    0 127360     0 11674 235687 74 26  0  0  0	
64  3      0 69259616  12652  78092    0    0 128032     0 11810 235953 75 25  0  0  0	
62  7      0 69259616  12652  78092    0    0 129632     0 11710 236356 74 26  0  0  0	
60  6      0 69259616  12652  78092    0    0 124800     0 11462 233510 75 25  0  0  0	
67  3      0 69259488  12660  78092    0    0 125760    12 11544 236316 75 25  0  0  0	
64  4      0 69259488  12660  78092    0    0 126640     0 12385 235480 73 26  0  1  0	
62  5      0 69259488  12660  78092    0    0 128192     0 11623 236430 72 28  0  0  0	
64  5      0 69259488  12660  78092    0    0 124960     0 11455 236296 74 26  0  0  0	
64  4      0 69259488  12660  78092    0    0 123936     0 11422 236244 75 25  0  0  0	
65  6      0 69259488  12660  78092    0    0 127648     0 11634 236263 74 26  0  0  0	
62  4      0 69259488  12668  78092    0    0 128528    12 12157 236486 74 26  0  0  0	
64  5      0 69259488  12668  78092    0    0 126960     0 11562 236285 74 26  0  0  0	
60  8      0 69259488  12668  78092    0    0 128160     0 11629 236287 75 25  0  0  0	
62  6      0 69259488  12668  78092    0    0 121712     0 11347 233003 75 25  0  0  0	
63  7      0 69259488  12668  78092    0    0 118992     0 11182 229659 74 26  0  0  0	
procs -----------memory---------- ---swap-- -----io---- --system-- -----cpu-----
 r  b   swpd   free   buff  cache   si   so    bi    bo   in   cs us sy id wa st
61  7      0 69259488  12676  78092    0    0 131136    12 11920 236432 74 26  0  0  0	
60  6      0 69259488  12676  78096    0    0 124576     0 12178 236210 74 26  0  0  0	
62  7      0 69259488  12676  78096    0    0 127136     8 11603 236216 75 26  0  0  0	
62  6      0 69259488  12676  78096    0    0 122976     0 12283 234889 74 26  0  1  0	
65  7      0 69259488  12676  78096    0    0 123696     0 11335 236399 75 25  0  0  0	
61  8      0 69259488  12676  78100    0    0 128592     0 12073 236267 75 25  0  0  0	
64  8      0 69259488  12684  78100    0    0 128352    12 12504 235789 75 25  0  0  0	
56  8      0 69259488  12684  78100    0    0 126688    20 11558 236374 75 25  0  0  0	
63  4      0 69259488  12684  78100    0    0 128560     0 11728 234553 74 26  0  0  0	
62  5      0 69259488  12684  78100    0    0 128288     0 11638 236494 74 26  0  0  0	
63  6      0 69259488  12684  78100    0    0 126816     0 11528 236301 74 26  0  0  0	
62  5      0 69259368  12692  78100    0    0 127296    20 11610 236482 74 26  0  0  0	
63 11      0 69259368  12692  78100    0    0 126832     0 11507 236304 76 24  0  0  0	
63  3      0 69259368  12692  78100    0    0 126800     0 11542 236339 75 25  0  0  0	
63  5      0 69259368  12692  78100    0    0 126416     0 11536 236365 75 25  0  0  0	
59  7      0 69259368  12692  78100    0    0 127696     0 11606 236307 75 25  0  0  0	
57 11      0 69259368  12692  78100    0    0 127904     0 11580 236079 76 24  0  0  0	
63  3      0 69259368  12700  78100    0    0 125616    12 11775 236113 73 26  0  0  0	
60  7      0 69259368  12700  78100    0    0 128000     0 12345 232347 74 25  0  1  0	
67  3      0 69259368  12700  78100    0    0 124672     0 11925 231175 73 27  0  0  0	
59  6      0 69259368  12700  78100    0    0 123872     0 11472 236197 75 25  0  0  0	
procs -----------memory---------- ---swap-- -----io---- --system-- -----cpu-----
 r  b   swpd   free   buff  cache   si   so    bi    bo   in   cs us sy id wa st
57 13      0 69259368  12700  78100    0    0 127168     0 11581 236512 74 26  0  0  0	
62  6      0 69259368  12708  78100    0    0 126464    12 11673 236375 74 26  0  0  0	
65  6      0 69259368  12708  78100    0    0 125488     0 12212 236200 74 26  0  0  0	
65  3      0 69259368  12708  78100    0    0 126816     0 11575 236378 75 25  0  0  0	
60  7      0 69259368  12708  78100    0    0 128672     0 11706 236207 74 26  0  0  0	
63  6      0 69259368  12708  78100    0    0 125200     0 11439 236208 74 26  0  0  0	
64  4      0 69259368  12708  78100    0    0 125344     0 11557 236571 75 25  0  0  0	
59  8      0 69259368  12716  78100    0    0 127744    12 11693 233270 76 24  0  0  0	
63  8      0 69259368  12716  78100    0    0 125424     0 11498 229637 76 24  0  0  0	
65  5      0 69259368  12716  78100    0    0 126544     0 11482 236360 75 25  0  0  0	
67  6      0 69259368  12716  78100    0    0 127680     0 11691 236294 75 25  0  0  0	
64  4      0 69259368  12716  78100    0    0 127296     0 11565 236448 75 25  0  0  0	
62  7      0 69259368  12724  78100    0    0 128496    12 11833 236450 75 25  0  0  0	
56 12      0 69259368  12724  78100    0    0 125056     0 11483 236107 75 25  0  0  0	
65  3      0 69259368  12724  78100    0    0 126688     0 11568 235918 75 25  0  0  0	
62  7      0 69259368  12724  78100    0    0 125872     0 11542 235502 74 26  0  0  0	
66  8      0 69259368  12724  78100    0    0 128704     8 11729 236437 75 25  0  0  0	
60  7      0 69259368  12724  78104    0    0 124976     0 11513 233326 75 25  0  0  0	
64  8      0 69259368  12732  78104    0    0 127952    12 11653 236079 75 25  0  0  0	
63  6      0 69259368  12732  78104    0    0 126176     0 11552 236366 75 25  0  0  0	
63  4      0 69259368  12732  78104    0    0 128336     0 11642 236205 74 26  0  0  0	
procs -----------memory---------- ---swap-- -----io---- --system-- -----cpu-----
 r  b   swpd   free   buff  cache   si   so    bi    bo   in   cs us sy id wa st
61  4      0 69259368  12732  78104    0    0 125792     0 11548 236223 75 25  0  0  0	
66  5      0 69259368  12732  78104    0    0 127888    12 12873 234407 73 26  0  1  0	
63 11      0 69259368  12740  78108    0    0 127056    28 11497 236345 74 26  0  0  0	
66  2      0 69259368  12740  78108    0    0 126528     0 11533 236098 74 26  0  0  0	
60  7      0 69259368  12740  78108    0    0 125648     0 11368 235782 75 25  0  0  0	
63  7      0 69259368  12740  78108    0    0 127312     0 11549 236260 74 26  0  0  0	
64  3      0 69259368  12740  78108    0    0 127888     0 11575 233403 75 25  0  0  0	
62  5      0 69259368  12740  78108    0    0 126784     0 11561 236088 75 25  0  0  0	
59  8      0 69259248  12748  78108    0    0 126800    12 11568 236287 74 26  0  0  0	
57 12      0 69259248  12748  78108    0    0 124432     0 11375 236110 74 26  0  0  0	
66  4      0 69259248  12748  78108    0    0 128976     0 11666 236314 77 23  0  0  0	
68  5      0 69259248  12748  78108    0    0 124832     0 11416 236186 74 26  0  0  0	
61  6      0 69259248  12748  78108    0    0 125200     0 11413 236334 74 26  0  0  0	
58  8      0 69259248  12756  78108    0    0 128272    12 11641 236290 74 25  0  0  0	
52 18      0 69259248  12756  78108    0    0 126816     0 12354 235963 74 26  0  0  0	
66  6      0 69259248  12756  78108    0    0 127392     0 12555 235581 74 26  0  0  0	
64  6      0 69259248  12756  78108    0    0 125456     0 11445 233113 74 26  0  0  0	
64  5      0 69259248  12756  78108    0    0 121088     0 11172 226932 75 25  0  0  0	
62  5      0 69259248  12756  78108    0    0 128448     0 11561 236204 75 25  0  0  0	
66  2      0 69259248  12764  78108    0    0 125152    12 11610 236101 74 26  0  0  0	
63  5      0 69259248  12764  78108    0    0 130496     0 11693 236235 74 26  0  0  0	
procs -----------memory---------- ---swap-- -----io---- --system-- -----cpu-----
 r  b   swpd   free   buff  cache   si   so    bi    bo   in   cs us sy id wa st
65  9      0 69259248  12764  78108    0    0 126112     0 11542 236279 74 26  0  0  0	
65  5      0 69259248  12764  78108    0    0 128912     0 12071 236375 75 25  0  0  0	
56  8      0 69259248  12764  78108    0    0 126016     0 11624 236293 75 25  0  0  0	
60 10      0 69259248  12772  78108    0    0 125792    12 11601 236161 74 26  0  0  0	
66  8      0 69259248  12772  78108    0    0 128640     0 11665 236274 75 25  0  0  0	
59  7      0 69259248  12772  78108    0    0 125888     0 11541 232800 74 26  0  0  0	
60  8      0 69259248  12772  78108    0    0 126896     0 12272 235974 73 27  0  0  0	
67  2      0 69259248  12772  78108    0    0 128320     0 11632 236353 75 25  0  0  0	
61  7      0 69259248  12772  78112    0    0 125984     0 11550 236402 75 25  0  0  0	
64  8      0 69259248  12780  78112    0    0 128192    12 11594 236535 75 25  0  0  0	
66  4      0 69259248  12780  78112    0    0 127120    32 11658 236356 76 24  0  0  0	
60  7      0 69259248  12780  78112    0    0 128192     0 11688 236330 76 24  0  0  0	
63  4      0 69259248  12780  78112    0    0 128304     0 11688 236180 74 26  0  0  0	
62  7      0 69259248  12780  78112    0    0 127856     0 11644 236303 76 24  0  0  0	
64  3      0 69259248  12788  78112    0    0 126496    20 12531 235974 74 26  0  0  0	
64  5      0 69259248  12788  78112    0    0 125152     8 11641 232749 76 24  0  0  0	
62  6      0 69259248  12788  78112    0    0 119872     0 11167 228620 75 25  0  0  0	
62  4      0 69259248  12788  78112    0    0 126240     0 11603 236064 75 25  0  0  0	
63 20      0 69259248  12788  78112    0    0 127168     0 12390 236330 74 26  0  0  0	
61  6      0 69259248  12788  78112    0    0 127536     0 11645 236485 74 26  0  0  0	
61  9      0 69259248  12796  78112    0    0 128368    20 12470 236204 73 26  0  0  0	
procs -----------memory---------- ---swap-- -----io---- --system-- -----cpu-----
 r  b   swpd   free   buff  cache   si   so    bi    bo   in   cs us sy id wa st
64  4      0 69259248  12796  78112    0    0 127312     0 11587 236118 77 23  0  0  0	
65  5      0 69259248  12796  78112    0    0 123696     0 12581 234898 73 26  0  1  0	
60  5      0 69259248  12796  78112    0    0 126800     0 11527 235251 75 25  0  0  0	
63  3      0 69259248  12796  78116    0    0 128784     0 11597 236217 75 25  0  0  0	
62  5      0 69259248  12804  78116    0    0 126224    12 11499 234267 75 25  0  0  0	
60  5      0 69259248  12804  78116    0    0 129104     0 11605 236366 75 25  0  0  0	
62  3      0 69259248  12804  78116    0    0 129728     0 11783 236456 74 26  0  0  0	
62  6      0 69259248  12804  78116    0    0 126640     0 11518 236404 75 25  0  0  0	
60  8      0 69259248  12804  78116    0    0 124608     0 12476 234460 74 25  0  1  0	
55 12      0 69259248  12804  78116    0    0 126576     0 11494 236352 75 25  0  0  0	
60 14      0 69259248  12812  78116    0    0 127216    12 13097 235525 74 25  0  1  0	
64  3      0 69259248  12812  78116    0    0 128256     0 12006 236110 75 25  0  0  0	
68  5      0 69259248  12812  78116    0    0 123376     0 11338 236276 74 26  0  0  0	
57 10      0 69259248  12812  78116    0    0 125104     0 11437 236080 74 26  0  0  0	
66  3      0 69259248  12812  78116    0    0 124944     0 11472 232884 76 25  0  0  0	
64  1      0 69259248  12820  78116    0    0 124704    12 12219 229717 74 25  0  1  0	
68  0      0 69259248  12820  78116    0    0 126176     0 11402 236354 75 25  0  0  0	
61  7      0 69259248  12820  78116    0    0 123392     0 11377 235957 75 25  0  0  0	
59  7      0 69259248  12820  78116    0    0 124576     0 11401 236046 75 25  0  0  0	
59  7      0 69259248  12820  78116    0    0 125456     0 11426 235871 74 26  0  0  0	
64  7      0 69259248  12820  78120    0    0 126912     8 12110 235079 74 26  0  1  0	
procs -----------memory---------- ---swap-- -----io---- --system-- -----cpu-----
 r  b   swpd   free   buff  cache   si   so    bi    bo   in   cs us sy id wa st
58  9      0 69259248  12828  78120    0    0 126480    20 12275 234599 75 24  0  1  0	
61  6      0 69259248  12828  78120    0    0 126608     0 11584 235662 75 25  0  0  0	
61  6      0 69259248  12828  78120    0    0 127504     0 12387 235404 74 26  0  0  0	
58 11      0 69259248  12828  78120    0    0 118768     0 12124 228972 75 25  0  1  0	
60  9      0 69259248  12832  78116    0    0 126704    16 11523 233255 75 25  0  0  0	
67  4      0 69259248  12840  78120    0    0 127760    28 11923 236165 73 27  0  0  0	
64  7      0 69259248  12840  78120    0    0 125088     0 11521 236317 74 26  0  0  0	
61  7      0 69259248  12840  78120    0    0 126304     0 12396 235293 74 25  0  1  0	
68  4      0 69259248  12840  78120    0    0 127136     0 11510 236121 75 25  0  0  0	
63  5      0 69259248  12840  78120    0    0 128448     0 11633 236289 74 26  0  0  0	
60  9      0 69259248  12840  78120    0    0 126912     0 11561 236274 74 26  0  0  0	
59  8      0 69259248  12848  78120    0    0 126144    12 11511 235878 74 26  0  0  0	
61 10      0 69259248  12848  78120    0    0 125136     0 11432 236302 75 25  0  0  0	
63  6      0 69259248  12848  78120    0    0 123344     0 13404 228978 73 24  0  2  0	
64  5      0 69259248  12848  78120    0    0 127120     0 11554 236407 74 26  0  0  0	
61  5      0 69259248  12848  78120    0    0 123616     0 11304 236345 75 25  0  0  0	
66  5      0 69259248  12856  78120    0    0 124608    12 11408 236238 75 25  0  0  0	
61  8      0 69259248  12856  78120    0    0 127648     0 11555 236249 74 26  0  0  0	
64  7      0 69259248  12856  78120    0    0 125344     0 11451 236384 74 26  0  0  0	
71  3      0 69259248  12856  78120    0    0 125344     0 11475 236262 74 26  0  0  0	
61  4      0 69259248  12856  78120    0    0 129280     0 11590 236172 74 26  0  0  0	
procs -----------memory---------- ---swap-- -----io---- --system-- -----cpu-----
 r  b   swpd   free   buff  cache   si   so    bi    bo   in   cs us sy id wa st
68  4      0 69259248  12860  78116    0    0 125792     8 11463 235986 75 25  0  0  0	
65  4      0 69259248  12864  78120    0    0 125840     4 11489 236110 74 26  0  0  0	
62  5      0 69259248  12864  78120    0    0 124928     0 11476 232578 74 26  0  0  0	
62  6      0 69259248  12864  78120    0    0 123744     0 11287 226005 75 25  0  0  0	
67  5      0 69259248  12864  78124    0    0 125472     0 11456 235941 75 25  0  0  0	
64  8      0 69259248  12864  78124    0    0 124928     0 11958 234932 74 25  0  1  0	
67  4      0 69259248  12872  78124    0    0 127264    12 11532 236320 75 25  0  0  0	
64  2      0 69259248  12872  78124    0    0 123088     0 11343 236079 74 26  0  0  0	
61  4      0 69259248  12872  78124    0    0 128576     0 11508 236252 74 26  0  0  0	
64  4      0 69259248  12872  78124    0    0 126016     4 11443 236370 75 25  0  0  0	
66  5      0 69259248  12872  78128    0    0 126448     0 11503 236136 75 25  0  0  0	
59  8      0 69259248  12880  78128    0    0 127936    12 14718 235418 74 25  0  1  0	
66  3      0 69259248  12880  78128    0    0 125024     0 12618 232554 75 25  0  0  0	
64  4      0 69259248  12880  78128    0    0 126848     0 11594 236317 76 25  0  0  0	
64  8      0 69259248  12880  78128    0    0 127712    12 11676 236089 76 24  0  0  0	
64  6      0 69259248  12880  78128    0    0 127680     0 12344 235850 73 26  0  0  0	
64  7      0 69259248  12880  78128    0    0 126864     0 11656 236315 76 24  0  0  0	
63  7      0 69259248  12888  78128    0    0 129312    24 11633 236330 74 26  0  0  0	
57 12      0 69259248  12888  78128    0    0 127488     0 11578 236323 74 26  0  0  0	
62  8      0 69259248  12888  78128    0    0 126368     0 11501 235523 76 24  0  0  0	
60  6      0 69259248  12888  78128    0    0 124592     0 11475 235690 74 26  0  0  0	
procs -----------memory---------- ---swap-- -----io---- --system-- -----cpu-----
 r  b   swpd   free   buff  cache   si   so    bi    bo   in   cs us sy id wa st
63  8      0 69259248  12888  78128    0    0 128432     0 12239 235223 75 24  0  1  0	
63  8      0 69259248  12896  78128    0    0 128160    12 11639 233636 75 25  0  0  0	
63  8      0 69259248  12896  78128    0    0 125664     0 11506 236189 75 25  0  0  0	
60 13      0 69259248  12896  78128    0    0 126112     0 11484 236369 75 25  0  0  0	
67  7      0 69259248  12896  78128    0    0 125696     0 11501 236288 75 25  0  0  0	
62  5      0 69259248  12896  78128    0    0 125136     0 11463 236444 75 25  0  0  0	
62  3      0 69259248  12896  78128    0    0 129264     0 11682 236585 74 26  0  0  0	
62  7      0 69259248  12904  78128    0    0 128736    12 11820 236375 75 25  0  0  0	
61  6      0 69259248  12904  78128    0    0 128320     0 11578 236354 74 26  0  0  0	
57  8      0 69259248  12904  78128    0    0 127152     0 11556 236224 74 26  0  0  0	
62  4      0 69259248  12904  78128    0    0 127616     0 12241 235807 74 25  0  0  0	
65  5      0 69259248  12904  78128    0    0 122784     0 11356 229634 75 25  0  0  0	
58  9      0 69259248  12912  78128    0    0 124624    12 11459 233300 76 24  0  0  0	
61  6      0 69259248  12912  78128    0    0 125568     0 11515 236312 75 25  0  0  0	
59 10      0 69259248  12912  78128    0    0 127840     0 11639 236189 75 25  0  0  0	
61  9      0 69259248  12912  78128    0    0 129424     0 11688 236495 76 24  0  0  0	
62  5      0 69259248  12912  78128    0    0 124288     0 11420 236057 76 24  0  0  0	
64  2      0 69259248  12912  78128    0    0 128480     0 11644 236377 75 25  0  0  0	
61  6      0 69259248  12920  78128    0    0 128720    16 11609 236340 74 26  0  0  0	
61 11      0 69259248  12920  78128    0    0 124512     0 11482 232334 75 25  0  0  0	
65  7      0 69259248  12920  78128    0    0 126272     0 12716 234260 75 24  0  1  0	
procs -----------memory---------- ---swap-- -----io---- --system-- -----cpu-----
 r  b   swpd   free   buff  cache   si   so    bi    bo   in   cs us sy id wa st
62  3      0 69259248  12920  78128    0    0 121648     0 11386 233467 75 25  0  0  0	
64  1      0 69259248  12920  78132    0    0 128160     0 11657 236311 73 27  0  0  0	
70  2      0 69259248  12928  78132    0    0 125872    28 11549 236626 74 26  0  0  0	
65  6      0 69259248  12928  78132    0    0 125264     0 11486 236453 75 25  0  0  0	
62  7      0 69259248  12928  78132    0    0 128048     0 11671 236594 75 25  0  0  0	
68  8      0 69259248  12928  78136    0    0 128304     0 12399 236355 76 24  0  0  0	
59  7      0 69259248  12928  78136    0    0 126272     0 11600 236208 74 26  0  0  0	
62  9      0 69259248  12928  78136    0    0 127872     0 11636 236375 75 25  0  0  0	
63  6      0 69259248  12936  78136    0    0 129120    40 11815 236261 74 26  0  0  0	
61 11      0 69259248  12936  78136    0    0 126080     0 11522 236094 74 26  0  0  0	
61  5      0 69259248  12936  78136    0    0 122976     0 11398 230566 75 25  0  0  0	
59  9      0 69259248  12936  78136    0    0 123200     0 11365 232614 74 26  0  0  0	
66  5      0 69259248  12936  78136    0    0 126912     0 11539 236293 74 26  0  0  0	
65  2      0 69259248  12944  78136    0    0 127040    12 12359 235892 74 25  0  0  0	
63  8      0 69259248  12944  78136    0    0 127584     0 11631 236339 74 26  0  0  0	
67  3      0 69259248  12944  78136    0    0 127760     0 11624 236110 75 25  0  0  0	
61  4      0 69259248  12944  78136    0    0 126448     0 12651 235543 73 26  0  1  0	
64  5      0 69259248  12944  78136    0    0 126400     0 11487 236330 75 25  0  0  0	
64  5      0 69259248  12944  78136    0    0 129808     0 11728 235673 73 27  0  0  0	
59  9      0 69258736  12952  78136    0    0 129088    12 11806 236505 74 26  0  0  0	
61  7      0 69258752  12952  78140    0    0 124288     0 11531 233090 76 24  0  0  0	
procs -----------memory---------- ---swap-- -----io---- --system-- -----cpu-----
 r  b   swpd   free   buff  cache   si   so    bi    bo   in   cs us sy id wa st
63  5      0 69258752  12952  78140    0    0 125216     0 11468 236184 75 25  0  0  0	
60  8      0 69258752  12952  78140    0    0 126016     0 11559 236189 75 25  0  0  0	
65  5      0 69258752  12952  78140    0    0 126560     4 11612 236307 74 26  0  0  0	
56 11      0 69258752  12960  78140    0    0 127808    20 11674 236474 74 26  0  0  0	
64  5      0 69258752  12960  78140    0    0 125424     0 11564 236491 75 25  0  0  0	
65  7      0 69258752  12960  78140    0    0 127008     0 12249 236389 74 26  0  0  0	
63  4      0 69258752  12960  78140    0    0 124864     0 12353 235770 73 26  0  0  0	
63  8      0 69258752  12960  78140    0    0 124864     0 11461 235204 74 26  0  0  0	
61  7      0 69258752  12960  78140    0    0 123264     0 11379 236143 75 25  0  0  0	
60  6      0 69258240  12968  78140    0    0 125616    12 11550 231805 75 25  0  0  0	
58  9      0 69257832  12968  78144    0    0 124960     0 11510 234179 76 24  0  0  0	
61  8      0 69258272  12968  78144    0    0 127584     0 11899 236358 74 26  0  0  0	
66  3      0 69258624  12968  78144    0    0 126816    12 11688 236252 74 26  0  0  0	
62  3      0 69258624  12968  78148    0    0 123472     0 12288 235678 73 27  0  0  0	
63  6      0 69258624  12976  78148    0    0 127520    32 12629 236390 73 26  0  0  0	
66  2      0 69258624  12976  78148    0    0 125552     0 11483 234841 75 25  0  0  0	
63  4      0 69258624  12976  78148    0    0 126768     0 11544 236042 73 27  0  0  0	
62  3      0 69258624  12976  78148    0    0 128080     0 11643 235739 74 26  0  0  0	
63  4      0 69258624  12976  78148    0    0 127296     0 11659 236262 76 24  0  0  0	
57 10      0 69258624  12976  78148    0    0 123696     0 11446 228014 77 23  0  0  0	
62  7      0 69258624  12984  78148    0    0 127856    12 11604 235872 76 24  0  0  0	
procs -----------memory---------- ---swap-- -----io---- --system-- -----cpu-----
 r  b   swpd   free   buff  cache   si   so    bi    bo   in   cs us sy id wa st
62  4      0 69258624  12984  78148    0    0 127280     0 11612 235649 75 25  0  0  0	
62  5      0 69258624  12984  78148    0    0 128384    28 11692 236354 73 27  0  0  0	
60  9      0 69258624  12984  78148    0    0 126144     0 11521 236227 75 25  0  0  0	
64  4      0 69258624  12984  78148    0    0 127968     0 11958 236429 74 26  0  0  0	
63  4      0 69258624  12992  78148    0    0 127392    12 12408 236281 73 27  0  0  0	
57  7      0 69258624  12992  78148    0    0 124560     0 12311 235543 75 24  0  1  0	
63  5      0 69258624  12992  78152    0    0 129200     0 11654 235735 75 25  0  0  0	
61  4      0 69258624  12992  78152    0    0 128224     0 11624 236225 73 27  0  0  0	
64  2      0 69258624  12992  78152    0    0 124608     0 13204 232769 74 26  0  1  0	
56 10      0 69258624  12992  78152    0    0 127520     0 11556 236240 74 26  0  0  0	
60 11      0 69258624  13000  78152    0    0 125840    12 11465 236148 76 24  0  0  0	
58  8      0 69258624  13000  78152    0    0 126944     0 11570 235955 75 25  0  0  0	
62  6      0 69258624  13000  78152    0    0 123856    12 12252 235281 74 25  0  1  0	
59  9      0 69258624  13000  78152    0    0 127936     0 12008 236238 74 26  0  0  0	
61  7      0 69258624  13000  78152    0    0 125520     0 13076 236576 75 25  0  0  0	
60  7      0 69258624  13008  78152    0    0 127024    28 11566 236301 74 26  0  0  0	
64  4      0 69258624  13008  78152    0    0 128368     0 11630 236316 75 25  0  0  0	
62  6      0 69258624  13008  78152    0    0 126976     0 11517 236152 75 25  0  0  0	
61  6      0 69258624  13008  78152    0    0 124320     0 11392 231400 75 25  0  0  0	
63  6      0 69258624  13008  78152    0    0 119504     0 12038 226143 74 25  0  1  0	
62  7      0 69258624  13008  78152    0    0 125056     0 11446 236373 74 26  0  0  0	
procs -----------memory---------- ---swap-- -----io---- --system-- -----cpu-----
 r  b   swpd   free   buff  cache   si   so    bi    bo   in   cs us sy id wa st
62  8      0 69258624  13016  78152    0    0 126832    12 11555 236273 74 26  0  0  0	
65  5      0 69258624  13020  78148    0    0 127232    28 11523 236334 75 25  0  0  0	
63  4      0 69258624  13020  78152    0    0 127584     0 11553 236322 75 25  0  0  0	
60  6      0 69258624  13020  78152    0    0 125728     0 11452 236191 74 26  0  0  0	
67  2      0 69258496  13020  78156    0    0 126848     0 11533 236227 75 25  0  0  0	
63  6      0 69258496  13028  78156    0    0 124176    44 12236 235305 74 26  0  1  0	
63  6      0 69258496  13028  78156    0    0 128128     0 11677 236178 75 25  0  0  0	
64  5      0 69258496  13028  78156    0    0 125616     0 12504 230443 73 25  0  1  0	
61  8      0 69258496  13028  78156    0    0 122928     0 11294 236183 75 25  0  0  0	
59  9      0 69258496  13028  78156    0    0 127344     0 11532 236266 73 27  0  0  0	
65  5      0 69258496  13028  78156    0    0 126896     0 11498 236101 74 26  0  0  0	
63  6      0 69258496  13036  78156    0    0 124736    12 12060 234682 72 27  0  1  0	
67  3      0 69258496  13036  78156    0    0 128256     0 11512 236468 73 27  0  0  0	
60  7      0 69258496  13036  78156    0    0 124800     0 11437 236306 74 26  0  0  0	
56  8      0 69258496  13036  78156    0    0 127552     0 11546 236334 75 25  0  0  0	
62  7      0 69258496  13036  78156    0    0 125872     0 11981 234538 74 25  0  1  0	
65  4      0 69258376  13044  78156    0    0 129504    56 11631 236571 75 25  0  0  0	
61  7      0 69258376  13044  78156    0    0 125296     0 11464 232964 76 24  0  0  0	
61  9      0 69258376  13044  78156    0    0 126704     0 11520 236023 74 26  0  0  0	
62  4      0 69258376  13044  78156    0    0 127840     0 11553 236420 75 25  0  0  0	
62  4      0 69258376  13044  78156    0    0 124048     0 11338 236284 74 26  0  0  0	
procs -----------memory---------- ---swap-- -----io---- --system-- -----cpu-----
 r  b   swpd   free   buff  cache   si   so    bi    bo   in   cs us sy id wa st
52 14      0 69258376  13044  78156    0    0 125472     8 11422 236156 75 25  0  0  0	
66  5      0 69258376  13052  78156    0    0 126704     4 11500 235920 75 25  0  0  0	
61  8      0 69258376  13052  78156    0    0 124480     0 11344 235532 75 25  0  0  0	
60  9      0 69258376  13052  78156    0    0 126160     0 11734 235514 74 26  0  0  0	
64  5      0 69258376  13052  78156    0    0 119472     0 11174 227163 75 25  0  0  0	
63  5      0 69258376  13052  78156    0    0 124688     0 11380 235411 76 25  0  0  0	
61  5      0 69258256  13060  78160    0    0 121536    12 12223 232316 74 26  0  1  0	
61 10      0 69258256  13060  78160    0    0 122976     0 11260 235038 74 26  0  0  0	
65  3      0 69258256  13060  78160    0    0 126752     0 11479 235682 74 26  0  0  0	
66  3      0 69258256  13060  78160    0    0 127952     0 11589 235755 75 25  0  0  0	
63  5      0 69258256  13060  78160    0    0 126528     0 12354 235545 75 25  0  0  0	
57  7      0 69258256  13068  78160    0    0 128832    28 11654 236102 75 25  0  0  0	
63  5      0 69258256  13068  78160    0    0 126976     0 11615 236222 75 25  0  0  0	
65  3      0 69258256  13068  78160    0    0 127136     0 11541 236290 74 26  0  0  0	
59  7      0 69258256  13068  78160    0    0 127120     0 11561 236179 75 25  0  0  0	
62  4      0 69258256  13068  78164    0    0 123920     0 11468 236331 73 27  0  0  0	
62  5      0 69258128  13076  78164    0    0 126000    28 11638 231336 75 25  0  0  0	
60  6      0 69258128  13076  78164    0    0 125744     0 11603 233359 76 24  0  0  0	
63  5      0 69258128  13076  78164    0    0 125664     0 11537 236240 74 26  0  0  0	
64  2      0 69258128  13076  78164    0    0 127568     0 11628 236536 75 25  0  0  0	
61  4      0 69258128  13076  78164    0    0 126368     0 11471 236257 74 26  0  0  0	
procs -----------memory---------- ---swap-- -----io---- --system-- -----cpu-----
 r  b   swpd   free   buff  cache   si   so    bi    bo   in   cs us sy id wa st
67  4      0 69258128  13076  78164    0    0 126432     0 11514 236274 74 26  0  0  0	
63  6      0 69258128  13084  78164    0    0 128144    12 11684 236348 76 24  0  0  0	
66  4      0 69258128  13084  78164    0    0 127248     0 11655 236323 75 25  0  0  0	
66  5      0 69258128  13084  78164    0    0 126688     0 11555 236307 75 25  0  0  0	
63  8      0 69258128  13084  78164    0    0 130016     0 12746 235158 74 26  0  1  0	
60  8      0 69258128  13084  78164    0    0 121024     0 12823 226756 74 25  0  1  0	
65  3      0 69258128  13092  78164    0    0 124768    16 11599 233953 75 25  0  0  0	
68  2      0 69258128  13092  78164    0    0 126768     0 11618 236484 75 25  0  0  0	
60  5      0 69258128  13092  78164    0    0 128272     0 11667 236159 75 25  0  0  0	
64  7      0 69258128  13092  78164    0    0 125888     0 12201 234857 72 28  0  1  0	
58  6      0 69258128  13092  78164    0    0 122240     0 12299 236033 74 25  0  0  0	
60  8      0 69258128  13092  78164    0    0 127568     0 12239 235204 74 25  0  1  0	
62  4      0 69258128  13100  78164    0    0 128128    12 11602 236291 74 26  0  0  0	
67  3      0 69258128  13100  78164    0    0 129664     0 11685 236126 75 25  0  0  0	
55 11      0 69258128  13100  78164    0    0 128672     0 11558 236452 74 26  0  0  0	
61  4      0 69258128  13100  78164    0    0 127024     0 12127 232352 75 25  0  1  0	
64  4      0 69258128  13100  78164    0    0 126336     0 11474 236253 76 24  0  0  0	
61 10      0 69258000  13108  78164    0    0 128032    12 11593 236190 74 26  0  0  0	
62  7      0 69258000  13108  78164    0    0 126720     0 11460 236443 74 26  0  0  0	
63  6      0 69258000  13108  78164    0    0 124672     0 11381 236105 75 25  0  0  0	
61  8      0 69258000  13108  78164    0    0 127088    20 12347 234540 75 24  0  1  0	
procs -----------memory---------- ---swap-- -----io---- --system-- -----cpu-----
 r  b   swpd   free   buff  cache   si   so    bi    bo   in   cs us sy id wa st
61  6      0 69258000  13108  78164    0    0 126176     0 11442 236292 75 25  0  0  0	
64  5      0 69258000  13108  78164    0    0 126640     0 11542 236361 75 25  0  0  0	
60  9      0 69258000  13116  78164    0    0 128544    12 11532 235935 74 26  0  0  0	
65  3      0 69258000  13116  78164    0    0 127952     0 11520 236191 74 26  0  0  0	
65  3      0 69258000  13116  78164    0    0 122752    12 11339 230650 75 25  0  0  0	
64  3      0 69258000  13116  78164    0    0 123296     0 11351 233904 74 26  0  0  0	
64  2      0 69258000  13116  78168    0    0 128672     0 11639 236439 74 26  0  0  0	
60  8      0 69258000  13124  78172    0    0 124592    24 11412 236112 76 24  0  0  0	
60 10      0 69258000  13124  78172    0    0 126704     0 11503 236383 74 27  0  0  0	
60  6      0 69258000  13124  78172    0    0 125584     0 11473 236299 75 25  0  0  0	
63  4      0 69258000  13124  78172    0    0 124880     0 12231 236344 74 26  0  0  0	
61  8      0 69258000  13124  78172    0    0 128784     0 11638 235981 74 26  0  0  0	
56 10      0 69258000  13124  78172    0    0 127680     0 11671 235307 74 26  0  0  0	
68  4      0 69258000  13132  78172    0    0 126624    12 11587 236108 75 25  0  0  0	
64  8      0 69258000  13132  78172    0    0 122496     0 11357 228875 75 25  0  0  0	
71  1      0 69258000  13132  78172    0    0 130368     4 11781 236155 74 26  0  0  0	
61  8      0 69258000  13132  78172    0    0 127424     0 11580 236227 74 26  0  0  0	
60  7      0 69258000  13140  78164    0    0 126800    12 11622 236493 74 26  0  0  0	
61  5      0 69258000  13140  78172    0    0 126256     0 12448 236201 75 25  0  0  0	
63  4      0 69258000  13140  78172    0    0 128464     0 11723 236417 74 26  0  0  0	
61 12      0 69258000  13140  78172    0    0 125792     0 11494 236215 74 26  0  0  0	
procs -----------memory---------- ---swap-- -----io---- --system-- -----cpu-----
 r  b   swpd   free   buff  cache   si   so    bi    bo   in   cs us sy id wa st
63  5      0 69258000  13140  78172    0    0 128304     0 11641 236265 76 24  0  0  0	
64  5      0 69258000  13148  78164    0    0 126736    12 11501 235959 75 25  0  0  0	
57  9      0 69258000  13148  78172    0    0 127072     0 11589 236047 76 24  0  0  0	
65  4      0 69258000  13148  78172    0    0 126240     0 11691 232840 73 27  0  0  0	
59  7      0 69258000  13148  78172    0    0 126304     0 11580 235993 74 26  0  0  0	
63  6      0 69258000  13148  78172    0    0 126480     0 11540 236252 74 26  0  0  0	
65  3      0 69258000  13148  78172    0    0 128096     0 11659 236365 74 26  0  0  0	
61  8      0 69258000  13156  78172    0    0 128880    12 11777 236275 74 26  0  0  0	
67  1      0 69258000  13156  78172    0    0 127504     0 11605 236169 74 26  0  0  0	
62  3      0 69258000  13156  78172    0    0 125168     0 11449 236074 74 26  0  0  0	
64  7      0 69258000  13156  78172    0    0 127216     0 11562 236247 75 25  0  0  0	
65  4      0 69258000  13156  78172    0    0 126928     0 11559 236073 74 26  0  0  0	
67  7      0 69258000  13164  78164    0    0 125552    12 12387 233907 74 25  0  1  0	
59 12      0 69258000  13164  78172    0    0 123440     0 12869 231581 74 25  0  1  0	
61  4      0 69258000  13164  78172    0    0 126768    28 11579 236168 75 25  0  0  0	
60  7      0 69258000  13164  78172    0    0 126976     0 11525 235879 74 26  0  0  0	
62  8      0 69258000  13164  78172    0    0 130288     0 11658 235777 75 25  0  0  0	
65  9      0 69258000  13164  78172    0    0 125520     0 11548 235275 74 26  0  0  0	
62  4      0 69257880  13172  78176    0    0 125600    28 11520 235612 74 26  0  0  0	
64  2      0 69257880  13172  78176    0    0 127264     0 12078 236065 76 24  0  0  0	
66  3      0 69257880  13172  78176    0    0 124608     0 11524 235823 75 25  0  0  0	
procs -----------memory---------- ---swap-- -----io---- --system-- -----cpu-----
 r  b   swpd   free   buff  cache   si   so    bi    bo   in   cs us sy id wa st
59  9      0 69257880  13172  78176    0    0 121840     0 11896 227990 75 25  0  0  0	
65  7      0 69257880  13172  78176    0    0 128496     0 11736 235960 74 26  0  0  0	
60  6      0 69257880  13180  78168    0    0 122224    20 12297 229236 75 24  0  1  0	
67  4      0 69257880  13180  78176    0    0 124848     0 11499 234906 75 25  0  0  0	
62  6      0 69257880  13180  78180    0    0 128688     0 11599 236243 75 25  0  0  0	
29 39      0 69257880  13180  78180    0    0 128000     0 11611 236112 73 27  0  0  0	
60  7      0 69257880  13180  78180    0    0 126992     0 11801 236486 75 25  0  0  0	
65  7      0 69257880  13188  78172    0    0 126800    20 11537 236269 74 26  0  0  0	
61  8      0 69257880  13188  78184    0    0 127600     0 11692 236304 74 26  0  0  0	
63  6      0 69257880  13188  78184    0    0 128192     0 11621 236234 75 25  0  0  0	
62  8      0 69257880  13188  78184    0    0 127968     0 11651 236203 75 25  0  0  0	
55 13      0 69257880  13188  78184    0    0 129200     0 11661 236757 75 25  0  0  0	
62  5      0 69257880  13188  78184    0    0 124032     0 11520 233138 75 25  0  0  0	
62  5      0 69257880  13196  78184    0    0 127648    20 11769 236387 76 24  0  0  0	
69  0      0 69257880  13196  78184    0    0 126944     0 12275 236708 76 24  0  0  0	
57 11      0 69257880  13196  78184    0    0 125312     0 11456 236380 74 26  0  0  0	
64  5      0 69257880  13196  78184    0    0 126448     0 11544 236356 75 25  0  0  0	
64  9      0 69257760  13196  78188    0    0 126368     0 12334 234611 73 26  0  1  0	
62  7      0 69257760  13204  78180    0    0 125888    20 11551 235604 74 26  0  0  0	
62  9      0 69257632  13204  78192    0    0 126928     0 11583 236503 76 24  0  0  0	
64  7      0 69257632  13204  78192    0    0 125808     0 12047 236020 75 25  0  0  0	
procs -----------memory---------- ---swap-- -----io---- --system-- -----cpu-----
 r  b   swpd   free   buff  cache   si   so    bi    bo   in   cs us sy id wa st
62  7      0 69257632  13204  78192    0    0 124368     0 12268 235909 74 26  0  0  0	
61  4      0 69257632  13204  78192    0    0 122576     0 12062 225268 74 25  0  1  0	
65  7      0 69257632  13204  78192    0    0 127488     0 11481 236358 74 26  0  0  0	
60  9      0 69257632  13212  78184    0    0 128736    36 11655 236331 75 25  0  0  0	
63  3      0 69257632  13212  78192    0    0 127328     0 11570 236018 75 25  0  0  0	
61  7      0 69257632  13212  78192    0    0 127424     0 11487 236255 75 25  0  0  0	
68  6      0 69257632  13212  78192    0    0 126624     0 11570 236394 75 25  0  0  0	
63  6      0 69257632  13212  78192    0    0 127136     0 12439 234613 74 25  0  0  0	
54 14      0 69257632  13220  78184    0    0 127296    76 11573 236363 73 27  0  0  0	
62  7      0 69257632  13220  78196    0    0 128224     0 11616 236284 75 25  0  0  0	
61  8      0 69257632  13220  78196    0    0 127536     0 11543 236287 75 25  0  0  0	
64  5      0 69257632  13220  78196    0    0 123664     0 11486 230871 76 24  0  0  0	
66  4      0 69257632  13220  78196    0    0 128432     0 11630 233786 74 26  0  0  0	
62  6      0 69257632  13228  78196    0    0 125584    12 11532 236423 74 26  0  0  0	
59  6      0 69257632  13228  78196    0    0 127952     0 11595 236221 75 25  0  0  0	
59 12      0 69257632  13228  78196    0    0 127776     0 11566 236332 75 25  0  0  0	
59  9      0 69257632  13228  78196    0    0 127872     0 11682 236390 74 26  0  0  0	
66  4      0 69257632  13228  78196    0    0 126736     0 11852 236339 74 26  0  0  0	
67  3      0 69257632  13228  78196    0    0 128448     0 11637 236363 74 26  0  0  0	
58 12      0 69257632  13236  78188    0    0 124832    12 11476 235597 74 26  0  0  0	
63  7      0 69257632  13236  78196    0    0 128656     0 11725 236187 74 26  0  0  0	
procs -----------memory---------- ---swap-- -----io---- --system-- -----cpu-----
 r  b   swpd   free   buff  cache   si   so    bi    bo   in   cs us sy id wa st
65  4      0 69257632  13236  78196    0    0 125056     0 11540 233736 74 26  0  0  0	
61  7      0 69257632  13236  78196    0    0 128368     0 11709 236365 75 25  0  0  0	
67  3      0 69257632  13236  78196    0    0 125472     0 11465 236311 76 24  0  0  0	
63  6      0 69257632  13244  78196    0    0 124560    12 11535 236537 74 26  0  0  0	
60  9      0 69257632  13244  78196    0    0 129968     0 11690 236439 74 26  0  0  0	
64  5      0 69257632  13244  78196    0    0 129344     0 11731 236316 75 25  0  0  0	
67  3      0 69257632  13244  78196    0    0 125840     0 11535 236558 74 26  0  0  0	
64 11      0 69257632  13244  78196    0    0 126688     0 11586 236290 75 25  0  0  0	
63  7      0 69257632  13244  78196    0    0 128144     0 11618 235802 76 24  0  0  0	
66  5      0 69257632  13252  78200    0    0 125168    16 11761 236245 75 25  0  0  0	
62  7      0 69257632  13252  78200    0    0 121456     0 11255 226741 75 25  0  0  0	
62  4      0 69257632  13252  78200    0    0 127824     0 11617 236586 75 25  0  0  0	
56 13      0 69257632  13252  78200    0    0 124576     0 11484 235999 75 25  0  0  0	
65  8      0 69257632  13252  78200    0    0 127344    16 11627 236529 76 24  0  0  0	
61  8      0 69257632  13260  78200    0    0 126832    28 11603 236374 74 26  0  0  0	
66  5      0 69257632  13260  78200    0    0 128160     0 11651 236354 74 26  0  0  0	
61  7      0 69257632  13260  78200    0    0 125936     0 11499 236265 75 25  0  0  0	
65  4      0 69257632  13260  78200    0    0 125568     0 11461 236111 74 26  0  0  0	
59  8      0 69257632  13260  78200    0    0 126912    40 11591 235985 74 26  0  0  0	
62  5      0 69257632  13268  78200    0    0 129152    12 11724 236326 74 26  0  0  0	
65  3      0 69257632  13268  78204    0    0 122832     0 12624 231861 75 24  0  1  0	
procs -----------memory---------- ---swap-- -----io---- --system-- -----cpu-----
 r  b   swpd   free   buff  cache   si   so    bi    bo   in   cs us sy id wa st
58 11      0 69257632  13268  78204    0    0 128512     0 11811 236601 74 26  0  0  0	
62  5      0 69257632  13268  78204    0    0 125504     0 12387 236221 73 26  0  0  0	
66  4      0 69257632  13268  78204    0    0 125424     0 11580 236294 75 25  0  0  0	
56 12      0 69257632  13268  78204    0    0 125968     0 11485 236445 73 27  0  0  0	
64  3      0 69257632  13276  78204    0    0 124400    12 11448 236278 75 25  0  0  0	
59  9      0 69257632  13276  78204    0    0 125952     0 11519 236166 75 25  0  0  0	
58  7      0 69257632  13276  78204    0    0 127328     0 12285 235564 75 25  0  0  0	
68  9      0 69257632  13276  78204    0    0 124432     0 11459 235999 75 25  0  0  0	
60 11      0 69257632  13276  78204    0    0 127632     0 11580 236101 74 26  0  0  0	
62  9      0 69257632  13284  78204    0    0 128176    12 11662 233440 75 25  0  0  0	
58  7      0 69257632  13284  78204    0    0 125584     0 11495 236334 76 24  0  0  0	
66  4      0 69257632  13284  78204    0    0 122448     0 11370 231577 74 26  0  0  0	
66  4      0 69257632  13284  78204    0    0 126752     0 11565 236233 74 26  0  0  0	
61  6      0 69257632  13284  78204    0    0 125008     0 12731 235711 73 26  0  1  0	
60  5      0 69257632  13284  78204    0    0 124672     0 11429 236197 74 26  0  0  0	
63  4      0 69257632  13292  78204    0    0 126800    12 11583 236350 74 26  0  0  0	
67  4      0 69257632  13292  78204    0    0 126208     0 11520 236275 74 26  0  0  0	
63  7      0 69257632  13292  78204    0    0 125616     0 11474 236009 74 26  0  0  0	
63  5      0 69257632  13292  78204    0    0 128720     4 11659 236308 74 26  0  0  0	
64  4      0 69257632  13292  78204    0    0 121200     0 11285 228309 75 25  0  0  0	
67  3      0 69257504  13300  78204    0    0 125456    12 11475 236318 74 26  0  0  0	
procs -----------memory---------- ---swap-- -----io---- --system-- -----cpu-----
 r  b   swpd   free   buff  cache   si   so    bi    bo   in   cs us sy id wa st
63  4      0 69257504  13300  78204    0    0 125968     0 11531 236360 74 26  0  0  0	
61  6      0 69257504  13300  78204    0    0 128192     0 11647 236308 75 25  0  0  0	
62  1      0 69257504  13300  78204    0    0 127872    12 11625 236549 75 25  0  0  0	
62  7      0 69257504  13300  78204    0    0 126704     0 11580 236301 74 26  0  0  0	
63  4      0 69257504  13300  78204    0    0 127664     0 11622 236347 75 25  0  0  0	
61  9      0 69257504  13308  78204    0    0 126144    24 11489 236398 75 25  0  0  0	
66  8      0 69257504  13308  78204    0    0 126240     0 11619 235714 75 25  0  0  0	
63  5      0 69257504  13308  78204    0    0 126672     0 11526 236165 74 26  0  0  0	
68  2      0 69257504  13308  78204    0    0 127424     0 11660 233284 74 26  0  0  0	
62  6      0 69257264  13308  78204    0    0 129872     0 11812 236239 75 25  0  0  0	
63  7      0 69257008  13320  78212    0    0 127076    12 11697 236212 75 25  0  0  0	
66  2      0 69256512  13324  78324    0    0 125924     0 11491 235866 75 25  0  0  0	
61  8      0 69256512  13324  78324    0    0 125728    12 11512 236102 75 25  0  0  0	
63  6      0 69256512  13324  78324    0    0 129904     0 11797 236140 75 25  0  0  0	
64  3      0 69256512  13324  78324    0    0 128576     0 11633 236392 75 26  0  0  0	
58  7      0 69256512  13324  78324    0    0 128176     0 11642 236284 74 26  0  0  0	
62  6      0 69256512  13332  78324    0    0 125520    12 11523 235875 74 26  0  0  0	
68  1      0 69256512  13332  78324    0    0 131312     0 12091 236342 75 25  0  0  0	
56  8      0 69256512  13332  78324    0    0 126064     0 11538 227318 75 25  0  0  0	
64  4      0 69256512  13332  78324    0    0 128096     0 11598 236136 76 24  0  0  0	
60  4      0 69256512  13332  78324    0    0 126224     0 11534 236364 75 25  0  0  0	
procs -----------memory---------- ---swap-- -----io---- --system-- -----cpu-----
 r  b   swpd   free   buff  cache   si   so    bi    bo   in   cs us sy id wa st
61  3      0 69256512  13340  78324    0    0 126864    12 11569 236142 75 25  0  0  0	
61 11      0 69256512  13340  78324    0    0 127440     0 11659 236394 76 24  0  0  0	
63  4      0 69256512  13340  78324    0    0 126720     0 11889 236129 75 25  0  0  0	
60  6      0 69256512  13340  78324    0    0 125792     0 11509 236150 75 25  0  0  0	
59 10      0 69256512  13340  78324    0    0 125856     0 11521 236240 75 25  0  0  0	
61  6      0 69256512  13340  78324    0    0 127728     0 11826 235889 74 26  0  0  0	
64  3      0 69256512  13348  78324    0    0 128496    12 11644 236518 74 26  0  0  0	
65  4      0 69256512  13348  78324    0    0 123984     0 11328 229938 74 26  0  0  0	
58 11      0 69256512  13348  78324    0    0 127808     0 11588 235775 74 26  0  0  0	
65  4      0 69256512  13348  78324    0    0 126352     0 12522 234657 73 26  0  1  0	
63  7      0 69256512  13348  78324    0    0 125712     0 11913 236253 74 25  0  0  0	
61  3      0 69256512  13356  78324    0    0 127584    12 11548 236227 75 25  0  0  0	
62  3      0 69256512  13356  78324    0    0 127008     0 11506 236316 75 25  0  0  0	
60  8      0 69256512  13356  78324    0    0 129136     0 11742 236433 74 26  0  0  0	
64  8      0 69256512  13356  78324    0    0 125440     0 11516 236125 75 24  0  0  0	
60  9      0 69256512  13356  78324    0    0 124464     0 11400 236033 74 26  0  0  0	
59  7      0 69256512  13356  78324    0    0 122928    16 11340 236120 75 25  0  0  0	
61  7      0 69256512  13364  78324    0    0 125872    32 11580 232717 75 25  0  0  0	
61  6      0 69256512  13364  78324    0    0 127056     0 11557 236442 75 25  0  0  0	
63  3      0 69256512  13364  78324    0    0 129920     0 11774 236546 75 25  0  0  0	
58  9      0 69256512  13364  78324    0    0 127184     0 11566 236245 75 25  0  0  0	
procs -----------memory---------- ---swap-- -----io---- --system-- -----cpu-----
 r  b   swpd   free   buff  cache   si   so    bi    bo   in   cs us sy id wa st
59  8      0 69256512  13364  78324    0    0 128096     0 11900 236534 75 25  0  0  0	
67  4      0 69256512  13372  78328    0    0 126208    12 11550 236356 74 26  0  0  0	
67  0      0 69256512  13372  78328    0    0 127856     0 11597 236250 76 24  0  0  0	
65  8      0 69256512  13372  78328    0    0 123072     0 11412 236487 75 25  0  0  0	
62  7      0 69256512  13372  78328    0    0 128224     0 11597 235598 75 25  0  0  0	
70  1      0 69256512  13372  78328    0    0 125760     0 11477 236409 74 26  0  0  0	
65  3      0 69256512  13372  78328    0    0 122336    20 12556 227131 74 25  0  0  0	
63  5      0 69256512  13380  78328    0    0 127392    12 11589 236339 74 26  0  0  0	
63  3      0 69256512  13380  78328    0    0 128064     0 11585 236453 73 27  0  0  0	
64  7      0 69256512  13380  78328    0    0 126688     0 11530 235909 76 24  0  0  0	
64  5      0 69256512  13380  78328    0    0 123408     0 11964 235902 75 25  0  0  0	
63  4      0 69256512  13380  78332    0    0 126224     0 11463 235799 74 26  0  0  0	
62  7      0 69256392  13388  78332    0    0 124656    12 12339 233217 72 27  0  1  0	
66  5      0 69256392  13388  78332    0    0 126960     0 12220 235556 74 26  0  0  0	
58  8      0 69256392  13388  78332    0    0 127328     0 11596 235526 75 25  0  0  0	
64  5      0 69256392  13388  78332    0    0 126016     0 11480 235890 75 25  0  0  0	
61  7      0 69256392  13388  78332    0    0 126832     0 11710 232404 74 26  0  0  0	
61  7      0 69256392  13388  78332    0    0 125280     0 12136 235986 74 26  0  0  0	
61  4      0 69256272  13396  78332    0    0 126272    12 12489 236095 74 26  0  0  0	
64  6      0 69256272  13396  78332    0    0 128112     0 11716 235942 74 26  0  0  0	
65  7      0 69256272  13396  78332    0    0 125216     0 11556 232007 76 24  0  0  0	
procs -----------memory---------- ---swap-- -----io---- --system-- -----cpu-----
 r  b   swpd   free   buff  cache   si   so    bi    bo   in   cs us sy id wa st
68  2      0 69256272  13396  78332    0    0 127936     0 11621 236419 73 27  0  0  0	
64  5      0 69256272  13396  78332    0    0 126160     0 11485 236174 73 27  0  0  0	
64  2      0 69256272  13404  78332    0    0 127984    12 11607 236129 75 25  0  0  0	
67  2      0 69256272  13404  78332    0    0 127552     0 11583 236115 74 26  0  0  0	
63  5      0 69256016  13404  78332    0    0 130448     0 11975 236228 75 25  0  0  0	
63  6      0 69256016  13404  78332    0    0 125968     8 12318 232425 75 25  0  0  0	
63  3      0 69256016  13404  78332    0    0 127216     0 11599 236462 76 24  0  0  0	
66  2      0 69256016  13404  78332    0    0 129216     0 11740 236526 74 26  0  0  0	
65  1      0 69256016  13412  78332    0    0 127328    32 11612 236445 74 26  0  0  0	
60  7      0 69256016  13412  78332    0    0 125568     0 11463 236441 74 26  0  0  0	
66  2      0 69256016  13412  78332    0    0 125808     8 11573 236369 75 25  0  0  0	
64  7      0 69256016  13412  78332    0    0 128080     0 12079 235348 75 25  0  0  0	
60 10      0 69256016  13412  78332    0    0 124672     0 11363 236212 73 27  0  0  0	
63  5      0 69256016  13420  78336    0    0 119472    24 11201 228235 76 24  0  0  0	
59  7      0 69256016  13420  78336    0    0 126320     0 12813 235249 74 25  0  1  0	
62  7      0 69256016  13420  78336    0    0 123104     0 11449 234220 75 25  0  0  0	
63  8      0 69256016  13420  78336    0    0 128048     0 11747 236476 75 25  0  0  0	
62 11      0 69256016  13420  78336    0    0 124512     0 11441 236259 75 25  0  0  0	
61  6      0 69256016  13428  78336    0    0 126736    12 11608 236352 75 25  0  0  0	
62  6      0 69256016  13428  78336    0    0 126016     0 11539 235652 75 25  0  0  0	
61  9      0 69256016  13428  78336    0    0 126400    28 11534 236333 75 25  0  0  0	
procs -----------memory---------- ---swap-- -----io---- --system-- -----cpu-----
 r  b   swpd   free   buff  cache   si   so    bi    bo   in   cs us sy id wa st
63  3      0 69256016  13428  78336    0    0 127120     0 11587 236006 76 24  0  0  0	
64  6      0 69256016  13428  78336    0    0 124288     0 11456 236110 76 24  0  0  0	
59  8      0 69256016  13428  78336    0    0 128400     0 11668 236447 75 25  0  0  0	
63  5      0 69256016  13436  78336    0    0 124928    12 11474 236021 76 24  0  0  0	
62  6      0 69256016  13436  78336    0    0 126880     0 11656 231984 75 25  0  0  0	
63  3      0 69256016  13436  78336    0    0 128032     0 11668 236281 75 25  0  0  0	
64  4      0 69256016  13436  78336    0    0 127488     0 11613 236267 75 25  0  0  0	
64  5      0 69256016  13436  78336    0    0 124240     0 11412 236249 75 25  0  0  0	
69  1      0 69256016  13444  78336    0    0 125264    12 11575 236158 74 26  0  0  0	
59  7      0 69256016  13444  78336    0    0 124240     0 11421 236355 73 27  0  0  0	
68  2      0 69256016  13444  78336    0    0 128736     0 11616 236214 76 24  0  0  0	
62  4      0 69256016  13444  78336    0    0 126128     0 11541 236334 75 25  0  0  0	
59  6      0 69256016  13444  78340    0    0 131040     0 11826 236421 73 27  0  0  0	
64  4      0 69256016  13444  78340    0    0 125504     0 12428 234882 73 26  0  1  0	
62  4      0 69256016  13452  78340    0    0 121216    16 11277 229368 76 24  0  0  0	
62  4      0 69256016  13452  78340    0    0 124544    16 11400 230824 75 25  0  0  0	
64  3      0 69256016  13452  78340    0    0 129104     0 11676 236415 75 25  0  0  0	
65  7      0 69256016  13452  78340    0    0 128480     0 11607 236284 75 25  0  0  0	
65  2      0 69256016  13452  78340    0    0 127888     0 11606 236261 76 24  0  0  0	
66  9      0 69256016  13460  78340    0    0 125136    24 11401 236353 75 25  0  0  0	
63  7      0 69256016  13460  78340    0    0 126272     8 11798 236445 73 27  0  0  0	
procs -----------memory---------- ---swap-- -----io---- --system-- -----cpu-----
 r  b   swpd   free   buff  cache   si   so    bi    bo   in   cs us sy id wa st
67  2      0 69256016  13460  78340    0    0 126992     0 11613 235698 73 27  0  0  0	
63  5      0 69256016  13460  78340    0    0 128592     0 11653 235791 74 26  0  0  0	
66  2      0 69256016  13460  78340    0    0 127264     0 11601 236356 74 26  0  0  0	
62  5      0 69256016  13460  78340    0    0 127584     0 11614 233730 74 26  0  0  0	
65  4      0 69256016  13468  78344    0    0 128432    24 11611 236426 75 25  0  0  0	
63  6      0 69256016  13468  78344    0    0 129808     0 11776 236207 75 25  0  0  0	
61  9      0 69256016  13468  78344    0    0 125248     0 11503 236138 74 26  0  0  0	
64  5      0 69256016  13468  78344    0    0 128416     0 11790 236292 75 25  0  0  0	
55 11      0 69256016  13468  78344    0    0 122384     0 12181 235059 74 26  0  1  0	
64  7      0 69256016  13476  78344    0    0 126272    12 11493 236373 74 26  0  0  0	
63  7      0 69256016  13476  78344    0    0 128416     0 11635 236530 75 25  0  0  0	
65  4      0 69256016  13476  78344    0    0 125600     0 11476 236047 75 25  0  0  0	
68  2      0 69256016  13476  78344    0    0 130144     0 11653 236087 74 26  0  0  0	
63  6      0 69256016  13476  78344    0    0 125440     0 11560 232659 76 24  0  0  0	
69  3      0 69256016  13476  78344    0    0 125952    24 11485 236267 75 26  0  0  0	
60  9      0 69256016  13484  78344    0    0 126800    12 11481 235661 74 26  0  0  0	
59  9      0 69256016  13484  78344    0    0 127648     0 11581 236271 74 26  0  0  0	
62  3      0 69256016  13484  78344    0    0 124384     0 11354 236310 75 25  0  0  0	
57  9      0 69256016  13484  78344    0    0 127952     0 11588 236406 74 26  0  0  0	
65  3      0 69256016  13484  78344    0    0 125824     4 11472 236142 74 26  0  0  0	
61  5      0 69256016  13492  78344    0    0 129024    12 11625 236329 75 25  0  0  0	
procs -----------memory---------- ---swap-- -----io---- --system-- -----cpu-----
 r  b   swpd   free   buff  cache   si   so    bi    bo   in   cs us sy id wa st
61  9      0 69256016  13492  78344    0    0 126960     0 11651 235905 74 26  0  0  0	
61  9      0 69256016  13492  78344    0    0 125840     0 12221 236010 74 25  0  0  0	
62  6      0 69256016  13492  78344    0    0 121968     0 11240 229011 74 26  0  0  0	
60  8      0 69256016  13492  78344    0    0 122224     0 11288 229524 75 25  0  0  0	
67  2      0 69256016  13492  78344    0    0 127376     4 11664 236318 74 26  0  0  0	
65  3      0 69256016  13500  78344    0    0 126960    12 11522 236157 76 24  0  0  0	
63  8      0 69256016  13500  78344    0    0 125504     0 11522 236354 74 26  0  0  0	
65  8      0 69256016  13500  78344    0    0 126912     0 11615 236435 74 26  0  0  0	
61  9      0 69256016  13500  78344    0    0 131216     0 11727 236389 74 26  0  0  0	
65  8      0 69256016  13500  78344    0    0 126192     8 11492 236399 75 25  0  0  0	
65  2      0 69256016  13508  78344    0    0 126096    24 12617 234493 74 25  0  1  0	
67  8      0 69256016  13508  78344    0    0 126720     0 12130 235190 75 24  0  1  0	
59  9      0 69256016  13508  78344    0    0 124240     0 11388 233473 75 25  0  0  0	
62  3      0 69256016  13508  78348    0    0 128416     0 12413 235954 74 26  0  0  0	
66  3      0 69256016  13508  78348    0    0 128864     0 11701 236471 74 26  0  0  0	
62  7      0 69256016  13508  78352    0    0 126080     0 11552 236335 76 24  0  0  0	
63  5      0 69256016  13516  78352    0    0 128368    12 11710 236182 74 26  0  0  0	
64  6      0 69256016  13516  78352    0    0 127440     0 11619 236187 76 24  0  0  0	
63  5      0 69256016  13516  78352    0    0 128768     0 11686 236276 74 26  0  0  0	
64 10      0 69256016  13516  78352    0    0 126368     0 11523 236346 77 23  0  0  0	
64  7      0 69256016  13516  78352    0    0 126912     0 11550 236212 74 26  0  0  0	
procs -----------memory---------- ---swap-- -----io---- --system-- -----cpu-----
 r  b   swpd   free   buff  cache   si   so    bi    bo   in   cs us sy id wa st
66  5      0 69256016  13524  78352    0    0 127568    12 11595 236497 74 26  0  0  0	
64  9      0 69256016  13524  78352    0    0 120640     0 11293 226947 76 24  0  0  0	
66  6      0 69256016  13524  78352    0    0 129872     0 11700 236181 75 25  0  0  0	
61  9      0 69256016  13524  78352    0    0 126384    12 11499 236339 74 26  0  0  0	
63  8      0 69256016  13524  78352    0    0 127792     0 11657 236193 75 25  0  0  0	
63  4      0 69256016  13524  78352    0    0 126368     0 11515 236518 74 26  0  0  0	
62 10      0 69256016  13532  78352    0    0 127408    12 11644 236481 75 25  0  0  0	
61  5      0 69256016  13532  78352    0    0 125008     0 11671 236352 74 26  0  0  0	
61  7      0 69256016  13532  78352    0    0 126144     0 11593 236299 75 25  0  0  0	
66  2      0 69256016  13532  78352    0    0 127104     0 11586 236079 74 26  0  0  0	
61 10      0 69256016  13532  78352    0    0 129312     0 11708 236247 75 25  0  0  0	
69  2      0 69256016  13540  78352    0    0 126128    12 11707 233108 74 26  0  0  0	
62  7      0 69256016  13540  78352    0    0 124720     0 11488 236260 75 25  0  0  0	
65  1      0 69256016  13540  78352    0    0 124672     0 11421 236379 75 25  0  0  0	
65  4      0 69256016  13540  78352    0    0 126608     0 11590 236145 74 26  0  0  0	
65  3      0 69256016  13540  78352    0    0 126000     0 11540 236200 74 26  0  0  0	
63  5      0 69256016  13540  78352    0    0 126640     0 11523 236359 75 25  0  0  0	
65  7      0 69256016  13548  78352    0    0 123168    12 11488 231432 75 25  0  0  0	
64  6      0 69256016  13548  78352    0    0 127792    16 11645 236329 75 25  0  0  0	
64  4      0 69256016  13548  78352    0    0 126672     0 11581 235518 75 25  0  0  0	
65  7      0 69256016  13548  78352    0    0 127312     0 11624 236503 74 26  0  0  0	
procs -----------memory---------- ---swap-- -----io---- --system-- -----cpu-----
 r  b   swpd   free   buff  cache   si   so    bi    bo   in   cs us sy id wa st
65  5      0 69256016  13548  78352    0    0 123632     0 12920 231548 74 25  0  1  0	
62 11      0 69256016  13556  78352    0    0 130112    28 11771 236422 75 26  0  0  0	
62  8      0 69256016  13556  78352    0    0 127408     0 11578 236327 76 24  0  0  0	
59  6      0 69256016  13556  78352    0    0 125520     0 11417 236188 74 26  0  0  0	
57 12      0 69256016  13556  78352    0    0 124800     0 11389 236059 75 25  0  0  0	
59  6      0 69256016  13556  78352    0    0 126272     0 11533 236246 74 26  0  0  0	
60  9      0 69256016  13556  78356    0    0 130592     0 11721 236244 76 24  0  0  0	
64  4      0 69256016  13564  78356    0    0 127408    12 11669 236361 75 25  0  0  0	
65  4      0 69256016  13564  78356    0    0 125088     0 11420 236168 73 27  0  0  0	
59  6      0 69256016  13564  78356    0    0 124192     0 12003 235898 74 26  0  0  0	
60  5      0 69256016  13564  78356    0    0 121584     0 11329 227560 76 24  0  0  0	
59  6      0 69256016  13564  78356    0    0 126992     0 11556 236363 75 25  0  0  0	
64  4      0 69256016  13572  78356    0    0 126608    12 11612 236412 74 26  0  0  0	
66  6      0 69256016  13572  78360    0    0 126704     0 11565 236232 75 25  0  0  0	
61  5      0 69256016  13572  78360    0    0 128640     0 11678 236167 74 26  0  0  0	
65  7      0 69256016  13572  78360    0    0 130176     0 11731 236531 74 26  0  0  0	
64  3      0 69256016  13572  78360    0    0 127328     0 11631 236413 74 26  0  0  0	
62  5      0 69256016  13572  78360    0    0 125120     0 11400 236312 76 24  0  0  0	
65  4      0 69256016  13580  78360    0    0 129632    32 11715 235462 74 26  0  0  0	
56 13      0 69256016  13580  78360    0    0 127952     0 11671 236267 75 25  0  0  0	
63  4      0 69256016  13580  78360    0    0 126544     0 12031 234758 74 25  0  0  0	
procs -----------memory---------- ---swap-- -----io---- --system-- -----cpu-----
 r  b   swpd   free   buff  cache   si   so    bi    bo   in   cs us sy id wa st
59  7      0 69256016  13580  78360    0    0 127952     0 11709 236379 75 25  0  0  0	
63  8      0 69256016  13580  78360    0    0 127984     0 11913 236430 74 26  0  0  0	
66  2      0 69256016  13588  78360    0    0 127136    12 11641 236448 75 25  0  0  0	
62  6      0 69256016  13588  78360    0    0 125776     0 11524 236348 75 25  0  0  0	
64  3      0 69256016  13588  78360    0    0 130640     0 11763 236462 74 26  0  0  0	
62  5      0 69256016  13588  78360    0    0 129184     0 11822 235994 74 26  0  0  0	
59  9      0 69256016  13588  78360    0    0 127760     0 11579 235564 74 26  0  0  0	
59  8      0 69256016  13588  78360    0    0 126720     8 11804 236091 74 26  0  0  0	
61  7      0 69256016  13596  78360    0    0 125104    24 11567 236272 74 26  0  0  0	
63  4      0 69256016  13596  78360    0    0 124496     0 12454 228385 76 24  0  0  0	
63  3      0 69256016  13596  78360    0    0 128368     0 11903 235566 75 25  0  0  0	
56 14      0 69256016  13596  78360    0    0 126272     0 11591 236268 74 26  0  0  0	
61  8      0 69256016  13596  78360    0    0 128640     8 11717 236322 75 25  0  0  0	
65  4      0 69256016  13604  78360    0    0 127344    24 11605 236221 74 26  0  0  0	
67  4      0 69256016  13604  78360    0    0 125664     0 12177 236460 74 26  0  0  0	
64  4      0 69256016  13604  78360    0    0 125696     0 11511 236433 74 26  0  0  0	
64  7      0 69256016  13604  78360    0    0 125840     0 11614 236360 75 25  0  0  0	
65  7      0 69256016  13604  78360    0    0 127040     0 11929 236408 73 27  0  0  0	
70  2      0 69255896  13604  78364    0    0 127472     0 11637 236458 74 26  0  0  0	
65  3      0 69255896  13612  78364    0    0 122416    12 11332 227329 76 24  0  0  0	
61  5      0 69255896  13612  78364    0    0 127408     0 12236 236319 75 25  0  0  0	
procs -----------memory---------- ---swap-- -----io---- --system-- -----cpu-----
 r  b   swpd   free   buff  cache   si   so    bi    bo   in   cs us sy id wa st
62  3      0 69255896  13612  78364    0    0 129520     0 11731 236404 75 25  0  0  0	
63  7      0 69255896  13612  78364    0    0 127744     0 11585 236462 74 26  0  0  0	
63  6      0 69255896  13612  78364    0    0 129136     0 11634 236225 75 25  0  0  0	
63  6      0 69255896  13620  78364    0    0 125200    12 11420 236112 74 26  0  0  0	
64  4      0 69255896  13620  78364    0    0 126752     0 11579 235645 75 25  0  0  0	
67  3      0 69255896  13620  78364    0    0 125808     0 11542 236288 75 25  0  0  0	
59  9      0 69255896  13620  78364    0    0 128224     0 11739 236168 75 26  0  0  0	
59 12      0 69255896  13620  78364    0    0 125488     0 11515 236278 74 26  0  0  0	
62  7      0 69255896  13620  78364    0    0 126768     0 11624 233249 76 24  0  0  0	
60  9      0 69255896  13628  78364    0    0 127040    16 11600 236435 76 24  0  0  0	
63  5      0 69255896  13628  78364    0    0 127616     0 11547 236334 74 26  0  0  0	
64  2      0 69255896  13628  78364    0    0 128576     0 11712 236336 74 26  0  0  0	
65  6      0 69255896  13628  78364    0    0 127408    20 12869 236269 74 26  0  0  0	
66  6      0 69255896  13628  78364    0    0 128416     0 11600 236470 74 26  0  0  0	
59  6      0 69255896  13636  78368    0    0 129776    12 11777 236341 74 26  0  0  0	
64  4      0 69255896  13636  78368    0    0 125632     0 11522 236180 76 24  0  0  0	
61  7      0 69255896  13636  78368    0    0 125312     0 11494 235964 76 24  0  0  0	
62 11      0 69255896  13636  78368    0    0 128784     8 11631 236284 74 26  0  0  0	
64  5      0 69255896  13636  78368    0    0 128544     0 12277 232985 75 25  0  0  0	
64  0      0 69255896  13636  78368    0    0 127984     0 11664 236483 75 25  0  0  0	
56 11      0 69255896  13644  78368    0    0 125664    24 12035 236436 74 26  0  0  0	
procs -----------memory---------- ---swap-- -----io---- --system-- -----cpu-----
 r  b   swpd   free   buff  cache   si   so    bi    bo   in   cs us sy id wa st
64  6      0 69255896  13644  78368    0    0 126352     0 11549 236274 74 26  0  0  0	
64  6      0 69255896  13644  78368    0    0 126160     8 11433 236220 75 25  0  0  0	
64  5      0 69255896  13644  78368    0    0 128144     0 11597 236331 74 26  0  0  0	
62  5      0 69255896  13644  78368    0    0 126176     0 11536 236081 74 26  0  0  0	
59  9      0 69255896  13652  78368    0    0 126352    24 11515 236382 75 25  0  0  0	
59  8      0 69255896  13652  78368    0    0 125712     0 11462 236059 74 26  0  0  0	
65  2      0 69255896  13652  78368    0    0 125040     0 11456 236274 74 26  0  0  0	
62  3      0 69255896  13652  78368    0    0 117552     0 11113 225719 74 26  0  0  0	
65  4      0 69255896  13652  78368    0    0 127712     0 11549 234256 75 25  0  0  0	
63  5      0 69255896  13652  78372    0    0 124400     0 11444 236351 75 25  0  0  0	
66  3      0 69255896  13660  78372    0    0 127728    12 11596 236225 75 25  0  0  0	
62  3      0 69255896  13660  78372    0    0 124112     0 13598 232702 73 25  0  2  0	
65  4      0 69255896  13660  78372    0    0 126912     0 11503 236331 75 25  0  0  0	
65  6      0 69255896  13660  78372    0    0 129520     0 11641 236318 76 24  0  0  0	
65  6      0 69255896  13660  78372    0    0 127264     0 11528 236338 74 26  0  0  0	
63  3      0 69255896  13668  78372    0    0 127584    12 11648 236196 73 27  0  0  0	
68  2      0 69255896  13668  78372    0    0 127312     4 12432 235836 74 25  0  0  0	
64  7      0 69255896  13668  78372    0    0 128528     0 11687 233185 75 25  0  0  0	
60  8      0 69255896  13668  78372    0    0 125648     0 11508 236356 75 25  0  0  0	
62  7      0 69255896  13668  78372    0    0 127312     0 11567 236394 75 25  0  0  0	
62  7      0 69255896  13668  78372    0    0 128416     0 11653 236494 75 25  0  0  0	
procs -----------memory---------- ---swap-- -----io---- --system-- -----cpu-----
 r  b   swpd   free   buff  cache   si   so    bi    bo   in   cs us sy id wa st
64  5      0 69255896  13676  78372    0    0 125632    12 11488 236405 75 25  0  0  0	
61  7      0 69255896  13676  78372    0    0 129632     0 11679 236101 74 26  0  0  0	
68  1      0 69255896  13676  78372    0    0 127472     0 11511 236195 74 26  0  0  0	
62  8      0 69255896  13676  78372    0    0 127536     0 11546 236267 73 27  0  0  0	
61  5      0 69255896  13676  78372    0    0 126336     0 11565 236121 74 26  0  0  0	
61  7      0 69255896  13684  78372    0    0 126544    32 12071 235117 75 25  0  1  0	
65  6      0 69255896  13684  78372    0    0 121360     0 11257 226948 77 23  0  0  0	
62  6      0 69255896  13684  78372    0    0 126736     0 11511 236449 75 25  0  0  0	
60  8      0 69255896  13684  78372    0    0 126560     0 11520 236184 76 24  0  0  0	
61  6      0 69255896  13684  78372    0    0 130160     0 11687 236297 75 25  0  0  0	
58  9      0 69255896  13684  78372    0    0 124288     0 11380 236298 75 25  0  0  0	
58  7      0 69255896  13692  78372    0    0 127168    24 12349 236119 75 25  0  0  0	
63  4      0 69255896  13692  78372    0    0 126128     0 11497 236082 74 26  0  0  0	
63  6      0 69255896  13692  78372    0    0 125248     0 11488 235644 76 24  0  0  0	
62  5      0 69255896  13692  78372    0    0 127344     0 11594 236326 74 26  0  0  0	
64  6      0 69255896  13692  78376    0    0 128864     0 11649 236431 75 25  0  0  0	
60  8      0 69255896  13700  78376    0    0 122672    24 11346 229069 75 25  0  0  0	
63  3      0 69255896  13700  78376    0    0 127200     0 11531 236350 75 25  0  0  0	
63  3      0 69255896  13700  78376    0    0 128976     0 11641 236458 74 26  0  0  0	
64  3      0 69255896  13700  78376    0    0 126496     0 12276 236367 74 25  0  0  0	
60 10      0 69255896  13700  78380    0    0 125760     0 12149 236236 75 25  0  0  0	
procs -----------memory---------- ---swap-- -----io---- --system-- -----cpu-----
 r  b   swpd   free   buff  cache   si   so    bi    bo   in   cs us sy id wa st
68  7      0 69255896  13704  78376    0    0 129584     8 11766 236643 75 25  0  0  0	
59  8      0 69255896  13708  78380    0    0 125824     4 11485 236155 74 26  0  0  0	
60  9      0 69255896  13708  78380    0    0 128048     0 11580 236378 76 24  0  0  0	
70  2      0 69255896  13708  78380    0    0 127584     0 11535 235949 74 26  0  0  0	
64  5      0 69255896  13708  78380    0    0 126128     0 11476 236282 74 26  0  0  0	
61  5      0 69255896  13708  78380    0    0 126032     0 11561 233300 76 24  0  0  0	
57 11      0 69255896  13716  78380    0    0 128064    12 11634 236480 75 25  0  0  0	
61  9      0 69255896  13716  78380    0    0 127680     0 11670 236358 74 26  0  0  0	
65  4      0 69255896  13716  78380    0    0 126912     0 11493 236275 75 25  0  0  0	
62  9      0 69255896  13716  78380    0    0 128240     0 11690 236536 74 26  0  0  0	
64  4      0 69255896  13716  78380    0    0 128576     0 11602 236387 75 25  0  0  0	
63  4      0 69255896  13724  78380    0    0 128096    12 11708 236095 75 25  0  0  0	
57 10      0 69255896  13724  78380    0    0 125424     0 11485 236288 75 25  0  0  0	
60  9      0 69255896  13724  78380    0    0 126944     0 11554 235977 75 25  0  0  0	
66  4      0 69255896  13724  78380    0    0 126064     0 11552 236290 75 25  0  0  0	
61  5      0 69255896  13724  78380    0    0 121360     0 11247 228171 74 26  0  0  0	
63  9      0 69255896  13724  78380    0    0 127360     0 11631 236327 74 26  0  0  0	
59  7      0 69255896  13732  78380    0    0 129040    12 11655 235806 75 25  0  0  0	
64  3      0 69255896  13732  78380    0    0 126832     0 11590 236227 75 25  0  0  0	
61  6      0 69255896  13732  78380    0    0 128176     0 11638 236417 75 25  0  0  0	
61  6      0 69255896  13732  78380    0    0 126608    20 11628 236346 75 25  0  0  0	
procs -----------memory---------- ---swap-- -----io---- --system-- -----cpu-----
 r  b   swpd   free   buff  cache   si   so    bi    bo   in   cs us sy id wa st
67  2      0 69255896  13732  78380    0    0 124672     0 11484 236368 75 25  0  0  0	
66  1      0 69255896  13740  78380    0    0 125856    24 11929 236439 74 25  0  0  0	
67  3      0 69255896  13740  78380    0    0 126144     0 11576 235504 75 25  0  0  0	
61  8      0 69255896  13740  78380    0    0 127344     0 11671 236523 75 25  0  0  0	
62  5      0 69255896  13740  78380    0    0 125120     8 11490 234312 75 25  0  0  0	
65  3      0 69255896  13740  78380    0    0 127584     0 11600 236435 74 26  0  0  0	
61  6      0 69255896  13740  78380    0    0 128496     0 11720 236358 74 26  0  0  0	
62  7      0 69255896  13748  78380    0    0 126384    24 11591 236182 73 27  0  0  0	
62  6      0 69255896  13748  78380    0    0 126048     0 11459 236453 74 26  0  0  0	
64  1      0 69255896  13748  78380    0    0 126816     0 11622 236256 74 26  0  0  0	
66  5      0 69255896  13748  78380    0    0 127760     0 11634 235620 74 26  0  0  0	
64  4      0 69255896  13748  78384    0    0 124688     0 11443 236099 75 25  0  0  0	
63  7      0 69255896  13756  78384    0    0 127104    12 11656 235941 74 26  0  0  0	
66  3      0 69255896  13756  78384    0    0 126944     0 11614 236193 75 25  0  0  0	
65  4      0 69255896  13756  78384    0    0 124448     0 11520 229063 74 26  0  0  0	
59  7      0 69255896  13756  78384    0    0 126656     0 12735 236453 73 26  0  0  0	
65  2      0 69255896  13756  78388    0    0 126320     0 12094 236229 73 26  0  0  0	
60  8      0 69255896  13756  78388    0    0 126480     0 11560 236505 75 25  0  0  0	
70  0      0 69255896  13764  78388    0    0 127040    12 11559 236365 76 24  0  0  0	
64  5      0 69255896  13764  78388    0    0 126640     0 11443 236459 73 27  0  0  0	
64  7      0 69255896  13764  78388    0    0 125904     0 11482 236121 74 26  0  0  0	
procs -----------memory---------- ---swap-- -----io---- --system-- -----cpu-----
 r  b   swpd   free   buff  cache   si   so    bi    bo   in   cs us sy id wa st
62  8      0 69255896  13764  78388    0    0 126800     0 11541 236339 75 25  0  0  0	
62  8      0 69255896  13764  78388    0    0 122384     0 13403 235204 75 24  0  1  0	
66  6      0 69255896  13772  78388    0    0 126176    12 12480 236106 75 24  0  0  0	
62  7      0 69255896  13772  78388    0    0 123520     0 11488 227692 76 24  0  0  0	
61 10      0 69255896  13772  78388    0    0 130208     0 11981 235859 75 25  0  0  0	
62  4      0 69255896  13772  78388    0    0 127072     0 11605 235901 74 26  0  0  0	
61  9      0 69255896  13772  78388    0    0 126208     0 13097 235774 74 25  0  0  0	
64  7      0 69255896  13772  78388    0    0 128256     0 11603 235989 75 25  0  0  0	
62  5      0 69255896  13780  78388    0    0 126464    12 11554 235976 75 25  0  0  0	
63  8      0 69255896  13780  78388    0    0 126080     0 11609 235342 75 25  0  0  0	
63  6      0 69255896  13780  78388    0    0 127760     0 11635 236301 73 27  0  0  0	
64  6      0 69255896  13780  78388    0    0 128432     0 11628 236202 74 26  0  0  0	
62  5      0 69255896  13780  78388    0    0 127728     0 12211 235984 75 25  0  0  0	
61  9      0 69255896  13788  78388    0    0 124480    12 11447 233385 74 26  0  0  0	
69  5      0 69255896  13788  78388    0    0 126832    20 11601 236332 74 26  0  0  0	
64  6      0 69255896  13788  78388    0    0 124992     0 11518 236125 75 25  0  0  0	
67  4      0 69255896  13788  78388    0    0 125120     0 12258 235897 74 26  0  0  0	
63  8      0 69255896  13788  78388    0    0 128272     0 11656 236314 75 25  0  0  0	
62  7      0 69255896  13788  78388    0    0 126512     0 11519 236409 73 26  0  0  0	
64  6      0 69255896  13796  78388    0    0 127328    28 11594 236535 75 25  0  0  0	
60  8      0 69255896  13796  78388    0    0 128224     0 11571 236464 74 26  0  0  0	
procs -----------memory---------- ---swap-- -----io---- --system-- -----cpu-----
 r  b   swpd   free   buff  cache   si   so    bi    bo   in   cs us sy id wa st
63  5      0 69255896  13796  78388    0    0 127616     0 11541 236145 75 25  0  0  0	
66  3      0 69255896  13796  78388    0    0 125600     0 12999 235974 74 26  0  0  0	
67  4      0 69255896  13796  78392    0    0 124240     0 12120 229311 74 26  0  0  0	
64  4      0 69255896  13804  78392    0    0 126048    16 11495 236335 75 24  0  0  0	
61  8      0 69255896  13804  78392    0    0 127296     0 11737 236456 76 24  0  0  0	
58 10      0 69255896  13804  78392    0    0 126432     0 11541 236400 74 26  0  0  0	
65  4      0 69255896  13804  78392    0    0 126816     0 11759 236514 75 25  0  0  0	
61 10      0 69255896  13804  78392    0    0 127728     0 12090 236214 74 26  0  0  0	
60  7      0 69255896  13804  78392    0    0 124736     0 11542 236352 75 25  0  0  0	
65  7      0 69255896  13812  78392    0    0 126400    12 11538 236406 74 26  0  0  0	
64  7      0 69255896  13812  78392    0    0 126080     0 12965 236251 73 26  0  0  0	
57 15      0 69255896  13812  78392    0    0 130192     0 11736 236343 75 25  0  0  0	
63  5      0 69255896  13812  78392    0    0 119760     0 11253 226052 75 25  0  0  0	
57  8      0 69255896  13812  78392    0    0 127840     0 11580 236334 76 24  0  0  0	
64  3      0 69255896  13820  78392    0    0 129728    12 11714 236241 75 25  0  0  0	
63  5      0 69255896  13820  78392    0    0 124656     0 12395 236331 74 25  0  0  0	
61  6      0 69255896  13820  78392    0    0 128208     0 12210 235823 74 26  0  0  0	
63  7      0 69255896  13820  78396    0    0 127136     0 11631 236414 74 26  0  0  0	
