procs -----------memory---------- ---swap-- -----io---- --system-- -----cpu-----
 r  b   swpd   free   buff  cache   si   so    bi    bo   in   cs us sy id wa st
 1  0      0 42600672  20272 117324    0    0   311  2870   56    0 20  4 72  4  0	
23  0      0 42302040  20272 117344    0    0     0     0 243840 275870 20 10 69  0  2	
122  0      0 42293484  20280 117344    0    0     0    36 22385 244707 79 20  1  0  0	
131  0      0 42289640  20280 117344    0    0     0     0 10052 251644 80 20  0  0  0	
131  0      0 42287780  20280 117344    0    0     0     0 5039 253193 80 20  0  0  0	
129  0      0 42287160  20280 117344    0    0     0     0 4131 252866 80 20  0  0  0	
131  0      0 42286912  20280 117344    0    0     0     0 4250 253507 81 19  0  0  0	
131  0      0 42286168  20280 117344    0    0     0     0 4147 253877 80 20  0  0  0	
132  0      0 42285920  20288 117344    0    0     0    12 4121 253868 79 21  0  0  0	
133  0      0 42285672  20288 117344    0    0     0     0 4120 254082 80 20  0  0  0	
131  0      0 42285548  20288 117344    0    0     0     0 4153 253856 81 19  0  0  0	
129  0      0 42285300  20288 117344    0    0     0     0 4152 253676 80 20  0  0  0	
130  0      0 42285052  20288 117344    0    0     0     0 4161 253729 81 19  0  0  0	
133  0      0 42284804  20296 117344    0    0     0    12 4134 253708 81 20  0  0  0	
131  0      0 42284804  20296 117344    0    0     0     0 4132 253315 80 20  0  0  0	
128  0      0 42284680  20296 117344    0    0     0     0 4132 251672 81 19  0  0  0	
132  0      0 42284308  20296 117344    0    0     0     0 4131 253818 80 20  0  0  0	
132  0      0 42284184  20296 117344    0    0     0     0 4125 253894 80 20  0  0  0	
129  0      0 42284060  20296 117344    0    0     0     0 4101 253836 80 20  0  0  0	
130  0      0 42284060  20304 117344    0    0     0    12 4151 253932 80 20  0  0  0	
129  0      0 42283936  20304 117344    0    0     0     0 4116 253863 81 19  0  0  0	
procs -----------memory---------- ---swap-- -----io---- --system-- -----cpu-----
 r  b   swpd   free   buff  cache   si   so    bi    bo   in   cs us sy id wa st
129  0      0 42283812  20304 117344    0    0     0     0 4135 253808 79 21  0  0  0	
131  0      0 42283440  20304 117344    0    0     0     0 4125 253435 80 20  0  0  0	
128  0      0 42283316  20304 117344    0    0     0     0 4129 253642 80 20  0  0  0	
133  0      0 42283316  20312 117344    0    0     0    12 4107 253448 80 20  0  0  0	
129  0      0 42283068  20312 117344    0    0     0     0 4155 252423 80 20  0  0  0	
131  0      0 42283068  20312 117344    0    0     0     0 4152 253716 81 19  0  0  0	
131  0      0 42282820  20312 117344    0    0     0     0 4168 253833 80 20  0  0  0	
130  0      0 42282820  20312 117344    0    0     0     0 4131 253665 81 19  0  0  0	
132  0      0 42282324  20312 117344    0    0     0     0 4161 253724 79 21  0  0  0	
131  0      0 42282324  20320 117344    0    0     0    20 4124 253833 80 20  0  0  0	
130  0      0 42282324  20320 117348    0    0     0    16 4137 253797 81 19  0  0  0	
131  0      0 42282324  20320 117352    0    0     0     0 4148 253219 80 20  0  0  0	
133  0      0 42282076  20320 117352    0    0     0     0 4111 253962 81 19  0  0  0	
130  0      0 42282076  20320 117352    0    0     0     0 4132 253268 81 19  0  0  0	
132  0      0 42281952  20328 117352    0    0     0    32 4116 249206 80 20  0  0  0	
132  0      0 42281828  20328 117352    0    0     0    32 4179 253864 79 21  0  0  0	
132  0      0 42281580  20328 117352    0    0     0     0 4119 253726 80 20  0  0  0	
134  0      0 42281580  20328 117352    0    0     0     0 4127 253718 79 21  0  0  0	
131  0      0 42281456  20328 117352    0    0     0     0 4115 253818 81 19  0  0  0	
131  0      0 42281456  20328 117352    0    0     0     0 4108 253816 79 21  0  0  0	
132  0      0 42281332  20336 117356    0    0     0    20 4177 253741 79 21  0  0  0	
procs -----------memory---------- ---swap-- -----io---- --system-- -----cpu-----
 r  b   swpd   free   buff  cache   si   so    bi    bo   in   cs us sy id wa st
133  0      0 42281208  20336 117356    0    0     0     0 4148 253487 82 19  0  0  0	
128  0      0 42281084  20336 117360    0    0     0     0 4134 253643 82 18  0  0  0	
131  0      0 42281084  20336 117360    0    0     0     0 4094 253212 81 19  0  0  0	
131  0      0 42281084  20336 117360    0    0     0     0 4132 252760 80 20  0  0  0	
132  0      0 42281084  20344 117360    0    0     0    20 4147 253616 80 20  0  0  0	
129  0      0 42280836  20344 117360    0    0     0     0 4119 253839 80 20  0  0  0	
132  0      0 42280836  20344 117360    0    0     0     0 4113 253672 81 19  0  0  0	
129  0      0 42280836  20344 117360    0    0     0     0 4105 253780 81 19  0  0  0	
131  0      0 42280836  20344 117360    0    0     0     0 4125 253810 81 19  0  0  0	
132  0      0 42280836  20344 117360    0    0     0     0 4141 253604 80 20  0  0  0	
131  0      0 42280836  20352 117360    0    0     0    24 4129 253742 81 19  0  0  0	
130  0      0 42280712  20352 117360    0    0     0     0 4104 253901 79 21  0  0  0	
132  0      0 42280712  20352 117360    0    0     0     0 4112 253175 80 20  0  0  0	
132  0      0 42280588  20352 117360    0    0     0     0 4110 251922 80 20  0  0  0	
132  0      0 42280588  20352 117360    0    0     0     0 4122 253650 81 19  0  0  0	
128  0      0 42280464  20360 117360    0    0     0    56 4105 253769 80 20  0  0  0	
130  0      0 42280464  20360 117360    0    0     0     0 4115 253789 81 19  0  0  0	
134  0      0 42280464  20360 117360    0    0     0     0 4102 253713 80 20  0  0  0	
129  0      0 42280464  20360 117360    0    0     0     0 4105 253731 81 19  0  0  0	
128  0      0 42280464  20360 117360    0    0     0     0 4114 253386 81 19  0  0  0	
133  0      0 42280464  20360 117360    0    0     0    16 4101 252405 79 21  0  0  0	
procs -----------memory---------- ---swap-- -----io---- --system-- -----cpu-----
 r  b   swpd   free   buff  cache   si   so    bi    bo   in   cs us sy id wa st
133  0      0 42280464  20368 117360    0    0     0    20 4120 253292 80 20  0  0  0	
129  0      0 42280340  20368 117364    0    0     0     0 4125 253023 80 20  0  0  0	
129  0      0 42280216  20368 117364    0    0     0     0 4115 252506 80 20  0  0  0	
129  0      0 42280216  20368 117364    0    0     0     0 4127 253444 80 20  0  0  0	
133  0      0 42280216  20368 117364    0    0     0     0 4119 253770 80 20  0  0  0	
128  0      0 42280216  20376 117364    0    0     0    12 4100 253829 81 19  0  0  0	
131  0      0 42280092  20376 117364    0    0     0     0 4121 253501 80 20  0  0  0	
130  0      0 42280092  20376 117364    0    0     0     0 4135 253716 81 19  0  0  0	
130  0      0 42279968  20376 117364    0    0     0     0 4110 253710 81 19  0  0  0	
134  0      0 42279968  20376 117364    0    0     0    36 4118 253762 81 19  0  0  0	
133  0      0 42279844  20376 117364    0    0     0     0 4100 253599 80 20  0  0  0	
132  0      0 42279844  20384 117364    0    0     0    12 4113 253465 81 19  0  0  0	
130  0      0 42279844  20384 117364    0    0     0     0 4105 252728 81 19  0  0  0	
131  0      0 42279720  20384 117364    0    0     0     0 4122 253396 80 20  0  0  0	
128  0      0 42279720  20384 117364    0    0     0     0 4130 253867 81 19  0  0  0	
130  0      0 42279720  20384 117364    0    0     0     0 4134 253730 80 20  0  0  0	
131  0      0 42279596  20392 117364    0    0     0    12 4113 253558 81 19  0  0  0	
131  0      0 42279596  20392 117364    0    0     0     0 4116 253667 80 20  0  0  0	
132  0      0 42279596  20392 117364    0    0     0     0 4131 253784 80 20  0  0  0	
130  0      0 42279596  20392 117364    0    0     0     4 4113 253400 80 20  0  0  0	
131  0      0 42279472  20392 117364    0    0     0     0 4108 253676 83 17  0  0  0	
procs -----------memory---------- ---swap-- -----io---- --system-- -----cpu-----
 r  b   swpd   free   buff  cache   si   so    bi    bo   in   cs us sy id wa st
131  0      0 42279472  20392 117364    0    0     0     0 4116 253182 80 20  0  0  0	
129  0      0 42279472  20400 117368    0    0     0    12 4121 250588 80 20  0  0  0	
129  0      0 42279472  20400 117368    0    0     0     0 4128 253762 79 21  0  0  0	
134  0      0 42279472  20400 117368    0    0     0     0 4149 253710 80 20  0  0  0	
129  0      0 42279472  20400 117368    0    0     0     0 4112 253730 80 20  0  0  0	
129  0      0 42279472  20400 117368    0    0     0     0 4106 253830 80 20  0  0  0	
130  0      0 42279348  20408 117368    0    0     0    12 4103 253556 80 20  0  0  0	
132  0      0 42279348  20408 117368    0    0     0     0 4127 253297 80 20  0  0  0	
129  0      0 42279348  20408 117368    0    0     0    16 4118 253370 80 20  0  0  0	
131  0      0 42279348  20408 117368    0    0     0     0 4089 251763 79 21  0  0  0	
133  0      0 42279348  20408 117368    0    0     0     0 4080 253125 80 20  0  0  0	
130  0      0 42279348  20408 117368    0    0     0     0 4084 252587 80 20  0  0  0	
130  0      0 42279348  20416 117368    0    0     0    20 4104 253359 80 20  0  0  0	
134  0      0 42279348  20416 117372    0    0     0     0 4077 253917 81 20  0  0  0	
130  0      0 42279348  20416 117372    0    0     0     0 4083 253795 79 21  0  0  0	
129  0      0 42279348  20416 117372    0    0     0     0 4085 253971 81 19  0  0  0	
131  0      0 42279348  20416 117372    0    0     0     0 4090 253655 80 20  0  0  0	
128  0      0 42279348  20424 117372    0    0     0    12 4107 253579 79 21  0  0  0	
130  0      0 42279224  20424 117372    0    0     0     0 4091 253379 80 20  0  0  0	
132  0      0 42279224  20424 117372    0    0     0     0 4085 253711 80 20  0  0  0	
131  0      0 42279224  20424 117372    0    0     0     0 4088 252734 80 20  0  0  0	
procs -----------memory---------- ---swap-- -----io---- --system-- -----cpu-----
 r  b   swpd   free   buff  cache   si   so    bi    bo   in   cs us sy id wa st
129  0      0 42279224  20424 117372    0    0     0     0 4079 253288 80 20  0  0  0	
133  0      0 42279224  20424 117372    0    0     0     0 4100 253992 79 21  0  0  0	
131  0      0 42279224  20432 117372    0    0     0    12 4100 253796 80 20  0  0  0	
131  0      0 42279224  20432 117372    0    0     0     8 4090 253684 81 19  0  0  0	
131  0      0 42279224  20432 117372    0    0     0     0 4083 253696 81 19  0  0  0	
132  0      0 42279224  20432 117372    0    0     0     0 4081 253723 82 18  0  0  0	
133  0      0 42279224  20432 117372    0    0     0     0 4096 253766 81 19  0  0  0	
131  0      0 42279224  20440 117372    0    0     0    12 4087 253621 79 21  0  0  0	
133  0      0 42279100  20440 117372    0    0     0     0 4081 253652 79 21  0  0  0	
131  0      0 42279100  20440 117372    0    0     0     0 4082 253170 80 20  0  0  0	
131  0      0 42279100  20440 117372    0    0     0     0 4085 250135 82 18  0  0  0	
132  0      0 42279100  20440 117372    0    0     0     0 4101 253575 79 21  0  0  0	
132  0      0 42279100  20440 117372    0    0     0     0 4085 253702 81 19  0  0  0	
132  0      0 42279100  20448 117372    0    0     0    12 4090 253811 80 20  0  0  0	
132  0      0 42279100  20448 117372    0    0     0     0 4087 253776 81 19  0  0  0	
134  0      0 42279100  20448 117372    0    0     0     0 4079 253445 81 19  0  0  0	
133  0      0 42279100  20448 117372    0    0     0     0 4096 253774 80 20  0  0  0	
136  0      0 42279100  20448 117372    0    0     0     0 4080 253501 80 20  0  0  0	
132  0      0 42279100  20456 117372    0    0     0    16 4096 253713 82 18  0  0  0	
132  0      0 42279100  20456 117372    0    0     0     0 4086 252912 80 20  0  0  0	
133  0      0 42279100  20456 117372    0    0     0     0 4084 252753 80 20  0  0  0	
procs -----------memory---------- ---swap-- -----io---- --system-- -----cpu-----
 r  b   swpd   free   buff  cache   si   so    bi    bo   in   cs us sy id wa st
134  0      0 42279100  20456 117372    0    0     0     0 4099 253747 81 19  0  0  0	
133  0      0 42279100  20456 117372    0    0     0     0 4077 253810 80 20  0  0  0	
134  0      0 42279100  20456 117372    0    0     0     8 4086 253707 81 20  0  0  0	
135  0      0 42279100  20464 117380    0    0     0    20 4080 253798 80 20  0  0  0	
132  0      0 42279100  20464 117380    0    0     0     0 4082 253873 79 21  0  0  0	
136  0      0 42279100  20464 117380    0    0     0     0 4100 253614 81 19  0  0  0	
132  0      0 42279100  20464 117380    0    0     0     0 4082 253342 81 19  0  0  0	
135  0      0 42279100  20464 117380    0    0     0     0 4085 253595 81 19  0  0  0	
135  0      0 42279100  20472 117380    0    0     0    12 4088 252894 79 21  0  0  0	
133  0      0 42279100  20472 117380    0    0     0     0 4081 253454 80 20  0  0  0	
133  0      0 42279100  20472 117380    0    0     0     0 4101 253737 80 20  0  0  0	
137  0      0 42279100  20472 117380    0    0     0     0 4078 253736 79 21  0  0  0	
135  0      0 42279100  20472 117380    0    0     0     0 4080 253730 79 21  0  0  0	
139  0      0 42279100  20472 117380    0    0     0     0 4089 253783 81 19  0  0  0	
131  0      0 42279100  20480 117380    0    0     0    12 4088 253559 80 20  0  0  0	
133  0      0 42278976  20480 117380    0    0     0     0 4097 253804 81 19  0  0  0	
134  0      0 42278976  20480 117380    0    0     0     0 4078 252463 81 19  0  0  0	
132  0      0 42278976  20480 117380    0    0     0     0 4076 253256 79 21  0  0  0	
137  0      0 42278976  20480 117380    0    0     0     8 4085 252873 79 21  0  0  0	
134  0      0 42278976  20488 117380    0    0     0    12 4080 253217 81 19  0  0  0	
133  0      0 42278976  20488 117380    0    0     0     0 4098 253392 79 21  0  0  0	
procs -----------memory---------- ---swap-- -----io---- --system-- -----cpu-----
 r  b   swpd   free   buff  cache   si   so    bi    bo   in   cs us sy id wa st
134  0      0 42278976  20488 117380    0    0     0     0 4082 253536 81 19  0  0  0	
135  0      0 42278976  20488 117380    0    0     0     0 4086 253533 80 20  0  0  0	
134  0      0 42278976  20488 117380    0    0     0     0 4081 253592 81 19  0  0  0	
134  0      0 42278976  20488 117380    0    0     0     0 4097 252806 81 19  0  0  0	
132  0      0 42278976  20496 117380    0    0     0    12 4088 252957 80 20  0  0  0	
134  0      0 42278976  20496 117380    0    0     0     0 4078 253358 80 20  0  0  0	
131  0      0 42278976  20496 117380    0    0     0     0 4078 253730 80 20  0  0  0	
131  0      0 42278976  20496 117380    0    0     0     8 4079 253341 80 20  0  0  0	
133  0      0 42278976  20496 117380    0    0     0     0 4097 251298 80 20  0  0  0	
132  0      0 42278976  20504 117380    0    0     0    20 4089 253733 80 20  0  0  0	
133  0      0 42278976  20504 117380    0    0     0     0 4082 253694 82 18  0  0  0	
134  0      0 42278976  20504 117380    0    0     0     0 4077 253191 81 19  0  0  0	
134  0      0 42278976  20504 117380    0    0     0     0 4076 253798 79 21  0  0  0	
132  0      0 42278976  20504 117380    0    0     0     0 4095 253490 81 19  0  0  0	
136  0      0 42278976  20504 117380    0    0     0     0 4077 253702 80 20  0  0  0	
132  0      0 42278852  20512 117384    0    0     0    12 4090 253750 80 20  0  0  0	
136  0      0 42278852  20512 117384    0    0     0     0 4084 253568 81 19  0  0  0	
133  0      0 42278852  20512 117384    0    0     0    12 4090 252891 81 19  0  0  0	
135  0      0 42278852  20512 117384    0    0     0     0 4102 252652 81 19  0  0  0	
132  0      0 42278852  20512 117384    0    0     0     0 4085 253286 79 21  0  0  0	
133  0      0 42278852  20520 117384    0    0     0    20 4090 253692 80 20  0  0  0	
procs -----------memory---------- ---swap-- -----io---- --system-- -----cpu-----
 r  b   swpd   free   buff  cache   si   so    bi    bo   in   cs us sy id wa st
133  0      0 42278852  20520 117384    0    0     0     0 4085 253362 80 20  0  0  0	
133  0      0 42278852  20520 117384    0    0     0     0 4080 252996 81 19  0  0  0	
134  0      0 42278852  20520 117384    0    0     0     0 4095 253642 81 19  0  0  0	
136  0      0 42278852  20520 117384    0    0     0     0 4082 253607 80 20  0  0  0	
131  0      0 42278852  20520 117388    0    0     0     0 4084 253458 82 18  0  0  0	
135  0      0 42278728  20528 117388    0    0     0    12 4088 253557 81 19  0  0  0	
135  0      0 42278728  20528 117388    0    0     0     0 4099 252761 81 19  0  0  0	
132  0      0 42278728  20528 117388    0    0     0     0 4076 253487 80 20  0  0  0	
133  0      0 42278728  20528 117388    0    0     0     0 4079 253204 81 19  0  0  0	
135  0      0 42278728  20528 117388    0    0     0     0 4078 253715 79 21  0  0  0	
134  0      0 42278728  20536 117388    0    0     0    16 4092 253829 80 20  0  0  0	
134  0      0 42278728  20536 117388    0    0     0    12 4101 253627 79 21  0  0  0	
135  0      0 42278728  20536 117388    0    0     0     0 4088 253829 80 20  0  0  0	
135  0      0 42278728  20536 117388    0    0     0     0 4084 253825 80 20  0  0  0	
135  0      0 42278728  20536 117388    0    0     0     0 4084 253557 80 20  0  0  0	
136  0      0 42278728  20536 117388    0    0     0     0 4083 253665 77 23  0  0  0	
139  0      0 42278728  20544 117388    0    0     0    12 4103 252718 80 20  0  0  0	
133  0      0 42278728  20548 117388    0    0     0     8 4083 253397 80 20  0  0  0	
132  0      0 42278728  20548 117388    0    0     0     0 4083 253897 80 20  0  0  0	
138  0      0 42278728  20548 117388    0    0     0     0 4078 253688 80 20  0  0  0	
135  0      0 42278728  20548 117388    0    0     0     0 4086 253972 81 19  0  0  0	
procs -----------memory---------- ---swap-- -----io---- --system-- -----cpu-----
 r  b   swpd   free   buff  cache   si   so    bi    bo   in   cs us sy id wa st
135  0      0 42278728  20556 117388    0    0     0    28 4101 253936 79 21  0  0  0	
134  0      0 42278728  20556 117388    0    0     0     0 4081 253841 80 21  0  0  0	
133  0      0 42278728  20556 117388    0    0     0     0 4077 253762 79 21  0  0  0	
133  0      0 42278728  20556 117388    0    0     0     0 4077 252223 81 20  0  0  0	
131  0      0 42278728  20556 117388    0    0     0     0 4084 253675 82 18  0  0  0	
134  0      0 42278604  20556 117392    0    0     0     0 4093 252836 81 19  0  0  0	
132  0      0 42278604  20568 117392    0    0     0    20 4097 252184 80 20  0  0  0	
140  0      0 42278604  20568 117392    0    0     0     0 4082 253630 80 20  0  0  0	
133  0      0 42278604  20568 117392    0    0     0     0 4082 253870 80 20  0  0  0	
136  0      0 42278604  20568 117392    0    0     0     0 4084 253863 82 18  0  0  0	
135  0      0 42278604  20568 117392    0    0     0     0 4101 253707 81 19  0  0  0	
136  0      0 42278604  20576 117392    0    0     0    28 4089 253669 80 20  0  0  0	
132  0      0 42278480  20576 117392    0    0     0     0 4086 253689 80 20  0  0  0	
133  0      0 42278480  20576 117392    0    0     0     0 4075 253532 80 20  0  0  0	
132  0      0 42278480  20576 117392    0    0     0     0 4082 253541 81 19  0  0  0	
132  0      0 42278480  20576 117392    0    0     0     0 4095 252761 81 19  0  0  0	
133  0      0 42278480  20576 117392    0    0     0     4 4085 253867 81 19  0  0  0	
133  0      0 42278480  20584 117392    0    0     0    12 4088 253789 80 20  0  0  0	
132  0      0 42278480  20584 117392    0    0     0     0 4079 253622 80 20  0  0  0	
134  0      0 42278356  20584 117392    0    0     0     0 4093 253790 80 20  0  0  0	
135  0      0 42278356  20584 117392    0    0     0     0 4083 253714 80 20  0  0  0	
procs -----------memory---------- ---swap-- -----io---- --system-- -----cpu-----
 r  b   swpd   free   buff  cache   si   so    bi    bo   in   cs us sy id wa st
135  0      0 42278356  20584 117392    0    0     0     0 4080 252871 79 21  0  0  0	
133  0      0 42278356  20592 117392    0    0     0    12 4087 252169 80 20  0  0  0	
133  0      0 42278356  20592 117392    0    0     0     0 4086 253738 80 20  0  0  0	
133  0      0 42278356  20592 117392    0    0     0     0 4099 253723 80 20  0  0  0	
136  0      0 42278356  20592 117392    0    0     0     0 4084 252857 82 18  0  0  0	
135  0      0 42278356  20592 117396    0    0     0    20 4093 251938 79 21  0  0  0	
134  0      0 42278356  20592 117396    0    0     0     0 4085 253892 81 19  0  0  0	
134  0      0 42278356  20600 117396    0    0     0    12 4088 253743 81 20  0  0  0	
136  0      0 42278356  20600 117396    0    0     0     0 4095 254008 81 19  0  0  0	
133  0      0 42278356  20600 117396    0    0     0     0 4081 253592 81 19  0  0  0	
134  0      0 42278356  20600 117396    0    0     0     8 4081 253892 81 19  0  0  0	
133  0      0 42278356  20600 117396    0    0     0     0 4089 253786 80 20  0  0  0	
132  0      0 42278356  20608 117396    0    0     0    24 4085 253547 81 19  0  0  0	
138  0      0 42278356  20608 117396    0    0     0     0 4095 253704 81 19  0  0  0	
138  0      0 42278356  20608 117396    0    0     0     0 4080 252389 80 20  0  0  0	
134  0      0 42278356  20608 117396    0    0     0     4 4081 252970 79 21  0  0  0	
135  0      0 42278356  20608 117400    0    0     0     0 4085 253520 80 20  0  0  0	
135  0      0 42278356  20608 117400    0    0     0     0 4085 253716 81 19  0  0  0	
134  0      0 42278232  20616 117400    0    0     0    12 4125 253341 80 20  0  0  0	
136  0      0 42278232  20616 117400    0    0     0     0 4081 253847 79 21  0  0  0	
133  0      0 42278232  20616 117400    0    0     0     0 4080 253572 80 20  0  0  0	
procs -----------memory---------- ---swap-- -----io---- --system-- -----cpu-----
 r  b   swpd   free   buff  cache   si   so    bi    bo   in   cs us sy id wa st
131  0      0 42278232  20616 117400    0    0     0     0 4084 253554 81 19  0  0  0	
133  0      0 42278232  20616 117400    0    0     0     0 4083 253900 81 19  0  0  0	
136  0      0 42278232  20624 117400    0    0     0    12 4106 253763 82 18  0  0  0	
131  0      0 42278232  20624 117400    0    0     0     0 4078 252711 81 19  0  0  0	
136  0      0 42277580  20624 117400    0    0     0     0 4203 253370 81 19  0  0  0	
136  0      0 42277580  20624 117400    0    0     0     0 4087 253623 80 20  0  0  0	
132  0      0 42277580  20624 117400    0    0     0     0 4081 253742 81 19  0  0  0	
131  0      0 42277580  20624 117400    0    0     0     0 4100 254050 81 19  0  0  0	
138  0      0 42277580  20632 117400    0    0     0    20 4120 253917 80 21  0  0  0	
134  0      0 42277580  20632 117400    0    0     0     0 4091 253896 82 18  0  0  0	
134  0      0 42277580  20632 117400    0    0     0     0 4078 253814 80 20  0  0  0	
131  0      0 42277580  20632 117400    0    0     0     0 4077 253953 80 20  0  0  0	
132  0      0 42277580  20632 117400    0    0     0     0 4097 253763 81 19  0  0  0	
135  0      0 42277580  20640 117400    0    0     0    20 4092 252671 80 20  0  0  0	
133  0      0 42277580  20640 117400    0    0     0     0 4085 250692 79 21  0  0  0	
134  0      0 42277580  20640 117400    0    0     0     0 4085 253369 81 19  0  0  0	
137  0      0 42277580  20640 117400    0    0     0     0 4097 253703 79 21  0  0  0	
133  0      0 42277580  20640 117400    0    0     0     0 4083 253481 79 21  0  0  0	
135  0      0 42277580  20640 117400    0    0     0     0 4083 253762 80 20  0  0  0	
134  0      0 42277580  20648 117400    0    0     0    12 4088 253906 81 19  0  0  0	
135  0      0 42277580  20648 117400    0    0     0    24 4086 253500 80 20  0  0  0	
procs -----------memory---------- ---swap-- -----io---- --system-- -----cpu-----
 r  b   swpd   free   buff  cache   si   so    bi    bo   in   cs us sy id wa st
135  0      0 42277580  20648 117400    0    0     0     0 4101 253631 81 19  0  0  0	
134  0      0 42277580  20648 117400    0    0     0     0 4083 253898 80 20  0  0  0	
135  0      0 42277580  20648 117400    0    0     0     0 4080 252668 80 20  0  0  0	
133  0      0 42277580  20656 117400    0    0     0    12 4084 253697 81 19  0  0  0	
137  0      0 42277580  20656 117400    0    0     0     8 4086 254022 80 20  0  0  0	
133  0      0 42277580  20656 117400    0    0     0     0 4094 253799 79 21  0  0  0	
132  0      0 42277580  20656 117404    0    0     0     0 4078 253758 80 20  0  0  0	
134  0      0 42277580  20656 117408    0    0     0     0 4083 253875 80 20  0  0  0	
134  0      0 42277580  20656 117408    0    0     0     0 4084 253934 79 21  0  0  0	
135  0      0 42277580  20664 117408    0    0     0    24 4093 253971 81 19  0  0  0	
135  0      0 42277580  20664 117408    0    0     0     0 4097 253353 80 20  0  0  0	
135  0      0 42277580  20664 117408    0    0     0     0 4079 253769 81 19  0  0  0	
131  0      0 42277580  20664 117408    0    0     0     0 4083 253027 80 20  0  0  0	
135  0      0 42277580  20664 117408    0    0     0     0 4080 251225 80 20  0  0  0	
134  0      0 42277456  20672 117408    0    0     0    20 4090 253824 81 19  0  0  0	
132  0      0 42277456  20672 117408    0    0     0     0 4095 253664 81 19  0  0  0	
131  0      0 42277456  20672 117408    0    0     0     0 4082 253715 80 20  0  0  0	
132  0      0 42277456  20672 117408    0    0     0     0 4083 253857 81 19  0  0  0	
132  0      0 42277456  20672 117408    0    0     0     0 4081 253714 81 19  0  0  0	
133  0      0 42277456  20672 117408    0    0     0     0 4076 253664 81 19  0  0  0	
136  0      0 42277456  20680 117408    0    0     0    12 4105 253725 80 20  0  0  0	
procs -----------memory---------- ---swap-- -----io---- --system-- -----cpu-----
 r  b   swpd   free   buff  cache   si   so    bi    bo   in   cs us sy id wa st
134  0      0 42277456  20680 117408    0    0     0     0 4078 253847 81 19  0  0  0	
135  0      0 42277456  20680 117408    0    0     0     0 4077 252364 80 20  0  0  0	
132  0      0 42277456  20680 117408    0    0     0     0 4080 252210 81 19  0  0  0	
133  0      0 42277456  20680 117408    0    0     0     0 4088 253735 81 19  0  0  0	
135  0      0 42277456  20688 117408    0    0     0    12 4110 253762 82 18  0  0  0	
133  0      0 42277456  20688 117408    0    0     0     0 4086 253831 80 20  0  0  0	
134  0      0 42277456  20688 117408    0    0     0     0 4083 253634 81 19  0  0  0	
132  0      0 42277456  20688 117408    0    0     0     0 4082 253829 81 19  0  0  0	
133  0      0 42277456  20688 117408    0    0     0     0 4083 253619 81 19  0  0  0	
135  0      0 42277456  20688 117408    0    0     0     8 4096 253648 80 20  0  0  0	
133  0      0 42277456  20696 117408    0    0     0    24 4085 253645 81 19  0  0  0	
133  0      0 42277456  20696 117408    0    0     0     0 4077 252808 78 22  0  0  0	
133  0      0 42277332  20696 117408    0    0     0     0 4086 253841 80 20  0  0  0	
135  0      0 42275680  20696 117408    0    0     0     0 4126 253285 80 20  0  0  0	
133  0      0 42275460  20696 117408    0    0     0    16 4136 253612 80 20  0  0  0	
133  0      0 42275460  20704 117408    0    0     0    20 4085 253328 81 19  0  0  0	
132  0      0 42275460  20704 117408    0    0     0     0 4079 253807 79 21  0  0  0	
135  0      0 42275460  20704 117408    0    0     0     0 4079 253755 80 20  0  0  0	
136  0      0 42275460  20704 117412    0    0     0     0 4095 253704 80 20  0  0  0	
131  0      0 42275460  20704 117412    0    0     0    12 4092 253689 80 20  0  0  0	
132  0      0 42275460  20704 117412    0    0     0     0 4085 253893 80 20  0  0  0	
procs -----------memory---------- ---swap-- -----io---- --system-- -----cpu-----
 r  b   swpd   free   buff  cache   si   so    bi    bo   in   cs us sy id wa st
132  0      0 42275460  20712 117412    0    0     0    24 4090 252392 80 20  0  0  0	
135  0      0 42275460  20712 117412    0    0     0     0 4084 251721 80 20  0  0  0	
136  0      0 42275460  20712 117412    0    0     0     0 4101 253593 80 20  0  0  0	
134  0      0 42275460  20712 117412    0    0     0     0 4083 253814 81 19  0  0  0	
139  0      0 42275460  20712 117412    0    0     0     0 4086 253936 81 19  0  0  0	
133  0      0 42275460  20720 117412    0    0     0    12 4087 253937 80 20  0  0  0	
136  0      0 42275460  20720 117412    0    0     0     0 4076 253950 81 20  0  0  0	
134  0      0 42275460  20720 117412    0    0     0     0 4100 253822 80 20  0  0  0	
132  0      0 42275460  20720 117416    0    0     0     0 4085 253405 81 19  0  0  0	
132  0      0 42275460  20720 117416    0    0     0     0 4079 253728 80 20  0  0  0	
133  0      0 42275460  20720 117416    0    0     0     0 4075 252433 80 20  0  0  0	
134  0      0 42275460  20728 117416    0    0     0    12 4089 253811 81 20  0  0  0	
136  0      0 42275460  20728 117416    0    0     0     0 4095 253766 81 19  0  0  0	
135  0      0 42275460  20728 117416    0    0     0     0 4080 253653 80 20  0  0  0	
137  0      0 42275460  20728 117416    0    0     0     0 4087 253918 80 20  0  0  0	
133  0      0 42275460  20728 117416    0    0     0     0 4083 253914 81 19  0  0  0	
135  0      0 42275460  20736 117416    0    0     0    12 4091 253860 80 20  0  0  0	
133  0      0 42275460  20736 117416    0    0     0     0 4099 253686 80 20  0  0  0	
132  0      0 42275460  20736 117416    0    0     0     0 4085 253756 80 20  0  0  0	
134  0      0 42275460  20736 117416    0    0     0     0 4084 253785 80 20  0  0  0	
133  0      0 42275460  20736 117416    0    0     0     0 4085 252389 80 20  0  0  0	
procs -----------memory---------- ---swap-- -----io---- --system-- -----cpu-----
 r  b   swpd   free   buff  cache   si   so    bi    bo   in   cs us sy id wa st
133  0      0 42275460  20736 117416    0    0     0     0 4080 250880 80 20  0  0  0	
133  0      0 42275460  20744 117416    0    0     0    12 4097 253889 80 20  0  0  0	
134  0      0 42275460  20744 117416    0    0     0     0 4085 253895 79 21  0  0  0	
133  0      0 42275460  20744 117416    0    0     0    16 4089 253907 80 20  0  0  0	
134  0      0 42275460  20744 117416    0    0     0     0 4077 253805 80 20  0  0  0	
136  0      0 42275460  20744 117416    0    0     0     0 4076 253756 81 19  0  0  0	
135  0      0 42275460  20752 117416    0    0     0    24 4104 253767 79 21  0  0  0	
137  0      0 42275460  20752 117416    0    0     0     0 4076 252909 80 20  0  0  0	
134  0      0 42275460  20752 117420    0    0     0    28 4091 253664 80 20  0  0  0	
137  0      0 42275460  20752 117420    0    0     0     0 4083 251809 80 20  0  0  0	
135  0      0 42275460  20752 117420    0    0     0     0 4097 253866 79 21  0  0  0	
132  0      0 42275460  20752 117420    0    0     0     0 4084 253696 79 21  0  0  0	
134  0      0 42275460  20760 117420    0    0     0    12 4087 253774 80 20  0  0  0	
133  0      0 42275460  20760 117420    0    0     0     0 4083 253964 81 19  0  0  0	
132  0      0 42275460  20760 117420    0    0     0     0 4081 253837 79 21  0  0  0	
139  0      0 42275460  20760 117420    0    0     0     0 4099 253722 81 19  0  0  0	
134  0      0 42275460  20760 117420    0    0     0     0 4079 253894 80 20  0  0  0	
132  0      0 42275460  20768 117420    0    0     0    12 4084 253774 81 19  0  0  0	
135  0      0 42275460  20768 117420    0    0     0     0 4081 253697 81 19  0  0  0	
134  0      0 42275460  20768 117420    0    0     0     0 4088 252321 80 20  0  0  0	
135  0      0 42275460  20768 117420    0    0     0     0 4094 253840 81 19  0  0  0	
procs -----------memory---------- ---swap-- -----io---- --system-- -----cpu-----
 r  b   swpd   free   buff  cache   si   so    bi    bo   in   cs us sy id wa st
137  0      0 42275460  20768 117420    0    0     0     0 4079 253675 80 20  0  0  0	
132  0      0 42275460  20768 117420    0    0     0     0 4076 253776 81 19  0  0  0	
133  0      0 42275460  20776 117420    0    0     0    12 4086 253782 80 20  0  0  0	
133  0      0 42275460  20776 117420    0    0     0     0 4081 253690 80 20  0  0  0	
134  0      0 42275460  20776 117420    0    0     0     0 4097 253620 81 19  0  0  0	
134  0      0 42275460  20776 117420    0    0     0     0 4088 253771 81 19  0  0  0	
136  0      0 42275460  20776 117420    0    0     0     0 4081 253332 82 18  0  0  0	
133  0      0 42275460  20784 117420    0    0     0    12 4095 253737 80 20  0  0  0	
135  0      0 42275460  20784 117420    0    0     0     0 4082 252065 81 19  0  0  0	
136  0      0 42275460  20784 117424    0    0     0     0 4103 253521 80 20  0  0  0	
138  0      0 42275460  20784 117424    0    0     0     0 4085 253061 80 20  0  0  0	
134  0      0 42275460  20784 117424    0    0     0     0 4083 253457 80 20  0  0  0	
136  0      0 42275460  20784 117424    0    0     0     0 4084 253985 81 19  0  0  0	
134  0      0 42275460  20792 117424    0    0     0    12 4087 253720 80 20  0  0  0	
134  0      0 42275460  20792 117424    0    0     0     0 4102 253705 81 19  0  0  0	
133  0      0 42275336  20792 117424    0    0     0     0 4083 253612 80 20  0  0  0	
136  0      0 42275336  20792 117424    0    0     0     0 4076 253902 80 20  0  0  0	
134  0      0 42275336  20792 117424    0    0     0    16 4081 253660 81 19  0  0  0	
133  0      0 42275336  20800 117424    0    0     0    28 4087 251867 81 19  0  0  0	
136  0      0 42275336  20800 117428    0    0     0     0 4093 253915 80 20  0  0  0	
133  0      0 42275336  20800 117428    0    0     0     0 4084 253628 81 19  0  0  0	
procs -----------memory---------- ---swap-- -----io---- --system-- -----cpu-----
 r  b   swpd   free   buff  cache   si   so    bi    bo   in   cs us sy id wa st
132  0      0 42275336  20800 117428    0    0     0     0 4084 253764 78 22  0  0  0	
134  0      0 42275336  20800 117428    0    0     0     0 4085 253892 80 20  0  0  0	
133  0      0 42275336  20800 117428    0    0     0    16 4092 253771 81 19  0  0  0	
133  0      0 42275336  20808 117428    0    0     0    12 4104 253505 80 20  0  0  0	
134  0      0 42275336  20808 117428    0    0     0     0 4083 251951 82 18  0  0  0	
134  0      0 42275336  20808 117428    0    0     0     0 4082 253774 81 20  0  0  0	
132  0      0 42275336  20808 117428    0    0     0     0 4083 253633 80 20  0  0  0	
134  0      0 42275336  20808 117428    0    0     0     0 4077 252361 81 19  0  0  0	
136  0      0 42275212  20816 117428    0    0     0    12 4105 253768 80 20  0  0  0	
137  0      0 42275212  20816 117428    0    0     0     0 4084 253654 81 19  0  0  0	
135  0      0 42275212  20816 117428    0    0     0     0 4082 253761 80 20  0  0  0	
134  0      0 42275212  20816 117428    0    0     0     0 4079 253888 81 20  0  0  0	
133  0      0 42275212  20816 117428    0    0     0     0 4077 253883 81 19  0  0  0	
134  0      0 42275212  20816 117428    0    0     0     0 4092 253662 80 20  0  0  0	
137  0      0 42275212  20824 117428    0    0     0    12 4081 253885 80 20  0  0  0	
133  0      0 42275212  20824 117428    0    0     0     0 4093 253717 79 21  0  0  0	
137  0      0 42275212  20824 117428    0    0     0     0 4083 253792 80 20  0  0  0	
137  0      0 42275212  20824 117428    0    0     0     0 4080 252208 80 20  0  0  0	
136  0      0 42275212  20824 117428    0    0     0     0 4097 251811 80 20  0  0  0	
134  0      0 42275212  20832 117428    0    0     0    12 4089 253653 80 20  0  0  0	
132  0      0 42275212  20832 117428    0    0     0     0 4083 253895 80 20  0  0  0	
procs -----------memory---------- ---swap-- -----io---- --system-- -----cpu-----
 r  b   swpd   free   buff  cache   si   so    bi    bo   in   cs us sy id wa st
134  0      0 42275212  20832 117428    0    0     0     0 4080 253752 81 19  0  0  0	
135  0      0 42275212  20832 117428    0    0     0     0 4096 253961 79 21  0  0  0	
133  0      0 42275212  20832 117428    0    0     0     0 4077 253566 81 19  0  0  0	
131  0      0 42275212  20832 117428    0    0     0     0 4079 253796 80 20  0  0  0	
131  0      0 42275212  20840 117428    0    0     0    12 4088 253382 80 20  0  0  0	
136  0      0 42275212  20840 117428    0    0     0     0 4078 253810 80 20  0  0  0	
133  0      0 42275212  20840 117428    0    0     0    12 4094 249021 81 19  0  0  0	
137  0      0 42275212  20840 117428    0    0     0     0 4081 253778 80 20  0  0  0	
135  0      0 42275212  20840 117428    0    0     0     0 4080 253729 81 19  0  0  0	
135  0      0 42275212  20848 117432    0    0     0    24 4084 253553 80 20  0  0  0	
137  0      0 42275212  20848 117432    0    0     0     0 4083 253706 79 21  0  0  0	
138  0      0 42275088  20848 117436    0    0     0     0 4100 253956 80 20  0  0  0	
132  0      0 42275088  20848 117436    0    0     0     0 4080 253712 79 21  0  0  0	
132  0      0 42275088  20848 117436    0    0     0     0 4085 253731 80 20  0  0  0	
133  0      0 42275088  20848 117436    0    0     0     0 4080 253573 81 19  0  0  0	
134  0      0 42275088  20856 117436    0    0     0    12 4091 253775 81 19  0  0  0	
133  0      0 42275088  20856 117436    0    0     0    12 4098 252169 81 19  0  0  0	
134  0      0 42275088  20856 117436    0    0     0     0 4093 253735 80 20  0  0  0	
134  0      0 42275088  20856 117436    0    0     0     0 4077 253873 80 20  0  0  0	
134  0      0 42275088  20856 117436    0    0     0     0 4079 253618 80 20  0  0  0	
137  0      0 42275088  20864 117436    0    0     0    12 4093 253765 80 20  0  0  0	
procs -----------memory---------- ---swap-- -----io---- --system-- -----cpu-----
 r  b   swpd   free   buff  cache   si   so    bi    bo   in   cs us sy id wa st
134  0      0 42275088  20864 117436    0    0     0     0 4091 253848 81 19  0  0  0	
134  0      0 42275088  20864 117436    0    0     0     0 4078 253866 80 20  0  0  0	
136  0      0 42275088  20864 117436    0    0     0     0 4075 253789 81 19  0  0  0	
132  0      0 42275088  20864 117436    0    0     0     0 4076 253573 80 20  0  0  0	
133  0      0 42275088  20864 117436    0    0     0     0 4072 253617 79 21  0  0  0	
138  0      0 42275088  20872 117436    0    0     0    12 4104 252298 81 19  0  0  0	
133  0      0 42275088  20872 117436    0    0     0     0 4086 253655 81 19  0  0  0	
133  0      0 42275088  20872 117436    0    0     0     0 4084 253919 79 21  0  0  0	
134  0      0 42275088  20872 117436    0    0     0     0 4080 253715 80 20  0  0  0	
135  0      0 42275088  20872 117436    0    0     0     0 4083 253801 79 21  0  0  0	
134  0      0 42275088  20880 117436    0    0     0    12 4104 253728 80 20  0  0  0	
132  0      0 42275088  20880 117436    0    0     0     0 4078 253249 80 20  0  0  0	
133  0      0 42275088  20880 117436    0    0     0     0 4086 253476 79 21  0  0  0	
137  0      0 42275088  20880 117436    0    0     0     0 4076 252532 79 21  0  0  0	
134  0      0 42275088  20880 117436    0    0     0     0 4076 253672 80 20  0  0  0	
134  0      0 42275088  20880 117436    0    0     0     0 4096 251021 81 19  0  0  0	
133  0      0 42275088  20888 117436    0    0     0    24 4085 253781 80 20  0  0  0	
135  0      0 42275088  20888 117436    0    0     0     0 4077 253202 80 20  0  0  0	
133  0      0 42275088  20888 117436    0    0     0     0 4077 253759 80 20  0  0  0	
135  0      0 42275088  20888 117436    0    0     0     0 4096 253829 81 19  0  0  0	
135  0      0 42275088  20888 117436    0    0     0     0 4077 253957 80 20  0  0  0	
procs -----------memory---------- ---swap-- -----io---- --system-- -----cpu-----
 r  b   swpd   free   buff  cache   si   so    bi    bo   in   cs us sy id wa st
134  0      0 42275088  20896 117440    0    0     0    36 4089 253597 82 18  0  0  0	
135  0      0 42275088  20896 117440    0    0     0     0 4082 253883 80 20  0  0  0	
135  0      0 42275088  20896 117440    0    0     0     0 4084 253857 80 20  0  0  0	
134  0      0 42275088  20896 117440    0    0     0     0 4098 253664 79 21  0  0  0	
135  0      0 42275088  20896 117440    0    0     0     0 4083 252248 79 21  0  0  0	
134  0      0 42275088  20904 117440    0    0     0    12 4088 253926 80 20  0  0  0	
134  0      0 42275088  20904 117440    0    0     0     0 4076 253903 80 20  0  0  0	
132  0      0 42275088  20904 117440    0    0     0     0 4084 253574 80 20  0  0  0	
131  0      0 42275088  20904 117440    0    0     0     0 4093 253780 80 20  0  0  0	
134  0      0 42275088  20904 117440    0    0     0     0 4078 253644 81 19  0  0  0	
136  0      0 42275088  20904 117440    0    0     0    20 4085 253789 80 20  0  0  0	
133  0      0 42275088  20912 117440    0    0     0    12 4087 253920 80 20  0  0  0	
134  0      0 42275088  20912 117444    0    0     0     0 4078 253980 79 21  0  0  0	
134  0      0 42275088  20912 117444    0    0     0     0 4093 253932 80 20  0  0  0	
132  0      0 42275088  20912 117444    0    0     0     0 4080 252225 81 19  0  0  0	
138  0      0 42275088  20912 117444    0    0     0     0 4074 249228 82 19  0  0  0	
136  0      0 42274964  20920 117444    0    0     0    12 4085 253863 80 20  0  0  0	
135  0      0 42274964  20920 117444    0    0     0     0 4074 253586 81 19  0  0  0	
137  0      0 42274964  20920 117444    0    0     0     0 4098 253830 81 19  0  0  0	
133  0      0 42274964  20920 117444    0    0     0     0 4076 253693 81 19  0  0  0	
133  0      0 42274964  20920 117444    0    0     0     0 4077 253678 80 20  0  0  0	
procs -----------memory---------- ---swap-- -----io---- --system-- -----cpu-----
 r  b   swpd   free   buff  cache   si   so    bi    bo   in   cs us sy id wa st
135  0      0 42274964  20920 117444    0    0     0     0 4079 253693 79 21  0  0  0	
134  0      0 42274964  20928 117444    0    0     0    12 4079 253207 81 19  0  0  0	
133  0      0 42274964  20928 117444    0    0     0     0 4096 253775 80 20  0  0  0	
132  0      0 42274964  20928 117444    0    0     0     0 4072 253300 81 19  0  0  0	
131  0      0 42274964  20928 117444    0    0     0    12 4078 253682 81 20  0  0  0	
135  0      0 42274964  20928 117444    0    0     0     0 4075 253874 80 20  0  0  0	
135  0      0 42274964  20936 117444    0    0     0    24 4082 253602 81 19  0  0  0	
134  0      0 42274964  20936 117444    0    0     0     0 4090 253936 80 20  0  0  0	
138  0      0 42274964  20936 117444    0    0     0     0 4075 254040 79 21  0  0  0	
133  0      0 42274964  20936 117444    0    0     0     0 4076 253308 79 21  0  0  0	
134  0      0 42274964  20936 117444    0    0     0     8 4077 253587 81 19  0  0  0	
133  0      0 42274964  20936 117448    0    0     0     0 4079 253096 80 20  0  0  0	
135  0      0 42274964  20944 117448    0    0     0    24 4098 253717 81 19  0  0  0	
134  0      0 42274964  20944 117448    0    0     0     0 4082 252909 80 20  0  0  0	
135  0      0 42274964  20944 117448    0    0     0     0 4077 253805 80 20  0  0  0	
134  0      0 42274964  20944 117448    0    0     0     0 4082 253681 81 19  0  0  0	
135  0      0 42274964  20944 117448    0    0     0     0 4076 253620 81 19  0  0  0	
134  0      0 42274964  20952 117448    0    0     0    12 4098 253326 79 21  0  0  0	
133  0      0 42274964  20952 117448    0    0     0     0 4075 253750 80 20  0  0  0	
135  0      0 42274964  20952 117448    0    0     0     0 4073 250228 81 19  0  0  0	
135  0      0 42274964  20952 117448    0    0     0    16 4086 253637 80 20  0  0  0	
procs -----------memory---------- ---swap-- -----io---- --system-- -----cpu-----
 r  b   swpd   free   buff  cache   si   so    bi    bo   in   cs us sy id wa st
134  0      0 42274964  20952 117448    0    0     0     0 4085 253650 80 20  0  0  0	
133  0      0 42274964  20952 117448    0    0     0     0 4079 253787 80 20  0  0  0	
137  0      0 42274964  20960 117448    0    0     0    12 4079 253005 80 20  0  0  0	
134  0      0 42274964  20960 117448    0    0     0     0 4078 253866 80 20  0  0  0	
135  0      0 42274964  20960 117448    0    0     0     0 4075 253459 80 20  0  0  0	
136  0      0 42274964  20960 117448    0    0     0     0 4092 253696 80 20  0  0  0	
133  0      0 42274964  20960 117448    0    0     0     0 4077 253714 80 20  0  0  0	
134  0      0 42274964  20968 117448    0    0     0    12 4078 253862 79 21  0  0  0	
132  0      0 42274964  20968 117448    0    0     0     0 4080 253702 80 20  0  0  0	
132  0      0 42274964  20968 117448    0    0     0     0 4077 253696 80 20  0  0  0	
134  0      0 42274964  20968 117448    0    0     0     0 4094 253617 79 21  0  0  0	
132  0      0 42274964  20968 117448    0    0     0     0 4080 253624 81 19  0  0  0	
134  0      0 42274964  20968 117448    0    0     0     0 4074 252561 80 20  0  0  0	
137  0      0 42274964  20976 117448    0    0     0    12 4083 253636 80 20  0  0  0	
131  0      0 42274964  20976 117452    0    0     0     8 4078 253374 80 20  0  0  0	
132  0      0 42274840  20976 117452    0    0     0     0 4096 253704 81 19  0  0  0	
133  0      0 42274840  20976 117452    0    0     0     0 4076 253745 79 21  0  0  0	
134  0      0 42274840  20976 117452    0    0     0     0 4072 253655 80 20  0  0  0	
132  0      0 42274840  20984 117452    0    0     0    24 4079 253433 79 21  0  0  0	
134  0      0 42274840  20984 117452    0    0     0     8 4076 253743 80 20  0  0  0	
131  0      0 42274840  20984 117452    0    0     0     0 4093 253914 80 20  0  0  0	
procs -----------memory---------- ---swap-- -----io---- --system-- -----cpu-----
 r  b   swpd   free   buff  cache   si   so    bi    bo   in   cs us sy id wa st
135  0      0 42274840  20984 117452    0    0     0     0 4075 253984 80 20  0  0  0	
136  0      0 42274840  20984 117456    0    0     0     0 4076 251719 81 19  0  0  0	
137  0      0 42274840  20984 117456    0    0     0     0 4078 249731 80 20  0  0  0	
135  0      0 42274840  20992 117456    0    0     0    24 4083 253975 80 20  0  0  0	
134  0      0 42274840  20992 117456    0    0     0     0 4096 253593 80 20  0  0  0	
134  0      0 42274840  20992 117456    0    0     0     0 4081 253809 81 19  0  0  0	
137  0      0 42274840  20992 117456    0    0     0     0 4077 253743 81 19  0  0  0	
136  0      0 42274840  20992 117456    0    0     0     0 4071 253809 80 20  0  0  0	
133  0      0 42274840  21000 117456    0    0     0    12 4088 253868 80 20  0  0  0	
132  0      0 42274840  21000 117456    0    0     0     0 4090 253477 80 20  0  0  0	
133  0      0 42274840  21000 117456    0    0     0     0 4076 253790 81 19  0  0  0	
133  0      0 42274840  21000 117456    0    0     0     0 4075 253081 80 20  0  0  0	
134  0      0 42274840  21000 117456    0    0     0     0 4072 253868 80 20  0  0  0	
133  0      0 42274840  21000 117456    0    0     0     0 4076 253864 80 20  0  0  0	
141  0      0 42274840  21008 117456    0    0     0    32 4107 253863 80 20  0  0  0	
132  0      0 42274840  21008 117456    0    0     0     0 4077 253831 81 19  0  0  0	
137  0      0 42274840  21008 117456    0    0     0     0 4075 253350 80 20  0  0  0	
131  0      0 42274840  21008 117456    0    0     0     0 4076 253846 80 20  0  0  0	
134  0      0 42274840  21008 117456    0    0     0     0 4075 254009 81 19  0  0  0	
135  0      0 42274840  21016 117456    0    0     0    12 4097 253241 80 20  0  0  0	
132  0      0 42274840  21016 117456    0    0     0     0 4077 253557 80 20  0  0  0	
procs -----------memory---------- ---swap-- -----io---- --system-- -----cpu-----
 r  b   swpd   free   buff  cache   si   so    bi    bo   in   cs us sy id wa st
138  0      0 42274840  21016 117456    0    0     0     0 4079 253122 80 20  0  0  0	
136  0      0 42274840  21016 117456    0    0     0     0 4079 253882 80 20  0  0  0	
134  0      0 42274840  21016 117456    0    0     0     0 4075 253759 81 20  0  0  0	
134  0      0 42274840  21016 117456    0    0     0     4 4092 253781 80 20  0  0  0	
136  0      0 42274840  21024 117456    0    0     0    12 4080 253902 80 20  0  0  0	
135  0      0 42274840  21024 117456    0    0     0     0 4074 253698 79 21  0  0  0	
131  0      0 42274840  21024 117456    0    0     0     0 4075 253496 80 20  0  0  0	
136  0      0 42274840  21024 117456    0    0     0     0 4089 253836 81 19  0  0  0	
133  0      0 42274840  21024 117456    0    0     0     8 4074 253229 80 20  0  0  0	
134  0      0 42274840  21032 117456    0    0     0    24 4085 253518 82 18  0  0  0	
134  0      0 42274840  21032 117456    0    0     0     0 4072 250679 79 21  0  0  0	
136  0      0 42274840  21032 117456    0    0     0     0 4075 253485 80 20  0  0  0	
134  0      0 42274840  21032 117460    0    0     0     0 4094 253679 80 20  0  0  0	
134  0      0 42274840  21032 117460    0    0     0     0 4087 253455 81 20  0  0  0	
137  0      0 42274840  21032 117460    0    0     0     0 4083 253619 80 20  0  0  0	
132  0      0 42274840  21040 117464    0    0     0    16 4083 253501 80 20  0  0  0	
134  0      0 42274840  21040 117464    0    0     0     0 4078 253843 81 19  0  0  0	
134  0      0 42274840  21040 117464    0    0     0     0 4095 253618 80 20  0  0  0	
135  0      0 42274840  21040 117464    0    0     0     0 4077 253712 80 20  0  0  0	
136  0      0 42274840  21040 117464    0    0     0     0 4077 253531 80 20  0  0  0	
133  0      0 42274840  21048 117464    0    0     0    16 4081 252076 79 21  0  0  0	
procs -----------memory---------- ---swap-- -----io---- --system-- -----cpu-----
 r  b   swpd   free   buff  cache   si   so    bi    bo   in   cs us sy id wa st
137  0      0 42274840  21048 117464    0    0     0     0 4077 253809 81 19  0  0  0	
137  0      0 42274840  21048 117464    0    0     0     0 4091 253745 81 19  0  0  0	
136  0      0 42274840  21048 117464    0    0     0     0 4075 253560 81 19  0  0  0	
136  0      0 42274840  21048 117464    0    0     0     0 4075 253339 80 20  0  0  0	
137  0      0 42274840  21048 117464    0    0     0     0 4075 253736 80 20  0  0  0	
133  0      0 42274840  21056 117464    0    0     0    12 4079 253724 80 20  0  0  0	
132  0      0 42274840  21056 117464    0    0     0     0 4092 253627 80 20  0  0  0	
136  0      0 42274840  21056 117464    0    0     0    20 4079 253646 81 19  0  0  0	
137  0      0 42274840  21056 117464    0    0     0     0 4080 253852 80 20  0  0  0	
135  0      0 42275284  21056 117464    0    0     0     0 4218 251797 79 21  0  0  0	
135  0      0 42275088  21064 117468    0    0     0    20 4095 253782 81 19  0  0  0	
135  0      0 42275088  21064 117468    0    0     0     0 4097 251830 81 19  0  0  0	
133  0      0 42275088  21064 117468    0    0     0     0 4078 253708 81 19  0  0  0	
136  0      0 42275088  21064 117468    0    0     0     8 4087 253927 80 20  0  0  0	
136  0      0 42275088  21064 117468    0    0     0     0 4095 254063 82 18  0  0  0	
131  0      0 42275088  21064 117468    0    0     0     0 4085 253588 81 19  0  0  0	
136  0      0 42275088  21072 117468    0    0     0    24 4093 253638 80 20  0  0  0	
136  0      0 42275088  21072 117468    0    0     0     0 4073 253101 79 21  0  0  0	
134  0      0 42275088  21072 117468    0    0     0     0 4079 253773 81 20  0  0  0	
135  0      0 42275088  21072 117468    0    0     0     0 4076 251690 80 20  0  0  0	
133  0      0 42275088  21072 117468    0    0     0     0 4094 252172 79 21  0  0  0	
procs -----------memory---------- ---swap-- -----io---- --system-- -----cpu-----
 r  b   swpd   free   buff  cache   si   so    bi    bo   in   cs us sy id wa st
134  0      0 42275088  21080 117468    0    0     0    12 4083 253626 80 20  0  0  0	
136  0      0 42274964  21080 117468    0    0     0     0 4078 253811 80 20  0  0  0	
132  0      0 42274964  21080 117468    0    0     0    12 4082 253869 81 19  0  0  0	
131  0      0 42274964  21080 117472    0    0     0     0 4075 253840 80 20  0  0  0	
133  0      0 42274964  21080 117472    0    0     0     0 4098 253866 80 20  0  0  0	
133  0      0 42274964  21080 117472    0    0     0     0 4080 253772 80 20  0  0  0	
135  0      0 42274964  21088 117472    0    0     0    24 4083 253590 80 20  0  0  0	
135  0      0 42274964  21088 117472    0    0     0     4 4084 253719 80 20  0  0  0	
132  0      0 42274964  21088 117472    0    0     0     0 4076 252491 80 20  0  0  0	
134  0      0 42274964  21088 117472    0    0     0     0 4096 253978 80 20  0  0  0	
137  0      0 42274964  21088 117472    0    0     0     0 4077 253777 81 19  0  0  0	
135  0      0 42274964  21096 117472    0    0     0    12 4084 253913 80 20  0  0  0	
132  0      0 42274964  21096 117472    0    0     0     0 4076 253583 81 19  0  0  0	
133  0      0 42274964  21096 117472    0    0     0     0 4077 253878 79 21  0  0  0	
133  0      0 42274964  21096 117472    0    0     0     0 4094 253707 80 20  0  0  0	
135  0      0 42274964  21096 117472    0    0     0     0 4075 253754 80 20  0  0  0	
133  0      0 42274964  21096 117476    0    0     0     0 4079 253447 81 19  0  0  0	
134  0      0 42274964  21104 117476    0    0     0    12 4082 253752 79 21  0  0  0	
132  0      0 42274964  21104 117476    0    0     0     0 4076 248780 80 20  0  0  0	
135  0      0 42274964  21104 117476    0    0     0     0 4091 253751 80 20  0  0  0	
132  0      0 42274964  21104 117476    0    0     0     0 4080 253851 80 20  0  0  0	
procs -----------memory---------- ---swap-- -----io---- --system-- -----cpu-----
 r  b   swpd   free   buff  cache   si   so    bi    bo   in   cs us sy id wa st
133  0      0 42274964  21104 117476    0    0     0     0 4077 253742 80 20  0  0  0	
133  0      0 42274840  21112 117476    0    0     0    40 4089 253703 79 21  0  0  0	
133  0      0 42274840  21112 117476    0    0     0     0 4083 253883 80 20  0  0  0	
137  0      0 42274840  21112 117476    0    0     0     0 4090 253672 79 21  0  0  0	
137  0      0 42274840  21112 117476    0    0     0     0 4080 253743 80 20  0  0  0	
133  0      0 42274840  21112 117476    0    0     0     0 4078 252966 80 20  0  0  0	
136  0      0 42274840  21120 117468    0    0     0    44 4083 253724 79 21  0  0  0	
138  0      0 42274840  21120 117476    0    0     0     0 4094 252689 80 20  0  0  0	
136  0      0 42274840  21120 117476    0    0     0     0 4081 253741 80 20  0  0  0	
134  0      0 42274840  21120 117476    0    0     0     0 4075 253756 80 20  0  0  0	
133  0      0 42274840  21120 117476    0    0     0     0 4076 253816 80 20  0  0  0	
133  0      0 42274840  21120 117476    0    0     0     8 4080 253884 80 20  0  0  0	
132  0      0 42274840  21128 117476    0    0     0    24 4093 253767 81 19  0  0  0	
133  0      0 42274840  21128 117476    0    0     0     0 4078 253812 80 20  0  0  0	
134  0      0 42274840  21128 117480    0    0     0     0 4079 253688 81 19  0  0  0	
133  0      0 42274840  21128 117480    0    0     0     0 4078 253593 80 20  0  0  0	
136  0      0 42274840  21128 117480    0    0     0     0 4080 253787 80 20  0  0  0	
133  0      0 42274840  21136 117480    0    0     0    12 4102 252528 79 21  0  0  0	
133  0      0 42274840  21136 117480    0    0     0     0 4080 253346 81 19  0  0  0	
134  0      0 42274840  21136 117480    0    0     0     0 4078 253745 80 20  0  0  0	
137  0      0 42274840  21136 117480    0    0     0     0 4078 253833 80 20  0  0  0	
procs -----------memory---------- ---swap-- -----io---- --system-- -----cpu-----
 r  b   swpd   free   buff  cache   si   so    bi    bo   in   cs us sy id wa st
133  0      0 42274840  21136 117480    0    0     0     0 4081 253119 80 20  0  0  0	
134  0      0 42274840  21136 117480    0    0     0     0 4093 253830 80 20  0  0  0	
132  0      0 42274840  21144 117480    0    0     0    12 4082 253635 80 20  0  0  0	
135  0      0 42274840  21144 117480    0    0     0     0 4078 253686 79 21  0  0  0	
137  0      0 42274840  21144 117480    0    0     0     0 4076 253875 80 20  0  0  0	
135  0      0 42274840  21144 117480    0    0     0     0 4078 251520 81 19  0  0  0	
134  0      0 42274840  21144 117480    0    0     0     0 4090 251158 80 20  0  0  0	
135  0      0 42274840  21152 117480    0    0     0    12 4085 252518 81 19  0  0  0	
135  0      0 42274840  21152 117480    0    0     0     0 4080 253652 79 21  0  0  0	
133  0      0 42274840  21152 117480    0    0     0     0 4076 253950 78 22  0  0  0	
133  0      0 42274840  21152 117480    0    0     0     0 4080 253801 81 19  0  0  0	
132  0      0 42274840  21152 117480    0    0     0     0 4094 253845 80 20  0  0  0	
133  0      0 42274840  21152 117480    0    0     0     0 4078 253793 81 19  0  0  0	
134  0      0 42274840  21160 117480    0    0     0    12 4083 253894 80 20  0  0  0	
134  0      0 42274964  21160 117480    0    0     0     0 4076 253737 80 20  0  0  0	
133  0      0 42274964  21160 117480    0    0     0     0 4079 253798 81 19  0  0  0	
133  0      0 42274964  21160 117480    0    0     0    32 4103 252252 79 21  0  0  0	
134  0      0 42274964  21160 117480    0    0     0     0 4086 253743 80 20  0  0  0	
133  0      0 42274840  21168 117484    0    0     0    12 4080 253579 80 20  0  0  0	
133  0      0 42274840  21168 117484    0    0     0     0 4076 253565 80 20  0  0  0	
135  0      0 42274840  21168 117484    0    0     0     0 4077 253828 80 20  0  0  0	
procs -----------memory---------- ---swap-- -----io---- --system-- -----cpu-----
 r  b   swpd   free   buff  cache   si   so    bi    bo   in   cs us sy id wa st
133  0      0 42274840  21168 117484    0    0     0     8 4093 253823 81 19  0  0  0	
134  0      0 42274840  21168 117484    0    0     0     0 4070 253666 80 20  0  0  0	
135  0      0 42274840  21168 117484    0    0     0     0 4078 253768 81 19  0  0  0	
131  0      0 42274840  21176 117484    0    0     0    24 4081 253657 81 19  0  0  0	
133  0      0 42274840  21176 117488    0    0     0     0 4079 253814 81 19  0  0  0	
131  0      0 42274840  21176 117488    0    0     0     0 4091 249079 80 20  0  0  0	
135  0      0 42274840  21176 117488    0    0     0     0 4080 253694 80 20  0  0  0	
134  0      0 42274840  21176 117488    0    0     0     0 4081 253824 80 20  0  0  0	
131  0      0 42274840  21184 117488    0    0     0    12 4082 253885 81 19  0  0  0	
135  0      0 42274840  21184 117488    0    0     0     0 4080 253843 79 21  0  0  0	
135  0      0 42274840  21184 117488    0    0     0     0 4090 253728 81 19  0  0  0	
132  0      0 42274840  21184 117488    0    0     0     0 4078 253873 80 20  0  0  0	
135  0      0 42274840  21184 117488    0    0     0     0 4079 253880 80 20  0  0  0	
137  0      0 42274840  21184 117488    0    0     0     0 4076 253297 79 21  0  0  0	
132  0      0 42274840  21192 117488    0    0     0    12 4096 253684 80 20  0  0  0	
132  0      0 42274840  21192 117488    0    0     0     0 4073 252919 79 21  0  0  0	
133  0      0 42274840  21192 117488    0    0     0     0 4075 253912 80 20  0  0  0	
133  0      0 42274840  21192 117488    0    0     0     0 4069 253790 81 19  0  0  0	
134  0      0 42274840  21192 117488    0    0     0     0 4079 253823 80 20  0  0  0	
133  0      0 42274840  21200 117488    0    0     0    12 4101 253720 80 20  0  0  0	
135  0      0 42274840  21200 117488    0    0     0     0 4076 254023 80 20  0  0  0	
procs -----------memory---------- ---swap-- -----io---- --system-- -----cpu-----
 r  b   swpd   free   buff  cache   si   so    bi    bo   in   cs us sy id wa st
136  0      0 42274840  21200 117488    0    0     0     0 4078 253234 80 20  0  0  0	
135  0      0 42274840  21200 117488    0    0     0     0 4076 253702 79 21  0  0  0	
136  0      0 42274840  21200 117488    0    0     0     0 4075 253553 79 21  0  0  0	
135  0      0 42274840  21200 117488    0    0     0     0 4090 253705 82 18  0  0  0	
133  0      0 42274840  21208 117488    0    0     0    16 4083 248953 80 20  0  0  0	
135  0      0 42274840  21208 117488    0    0     0     8 4079 253772 81 19  0  0  0	
136  0      0 42274840  21208 117488    0    0     0     0 4078 253776 81 19  0  0  0	
133  0      0 42274840  21208 117488    0    0     0     0 4077 253785 81 19  0  0  0	
137  0      0 42274840  21208 117488    0    0     0     0 4096 253698 79 21  0  0  0	
131  0      0 42274840  21216 117488    0    0     0    24 4080 253772 81 19  0  0  0	
137  0      0 42274840  21216 117488    0    0     0    32 4084 253638 79 21  0  0  0	
136  0      0 42274840  21216 117488    0    0     0     0 4081 253723 81 19  0  0  0	
133  0      0 42274840  21216 117488    0    0     0     0 4070 253395 81 19  0  0  0	
135  0      0 42274840  21216 117488    0    0     0     0 4091 253700 80 20  0  0  0	
131  0      0 42274840  21216 117488    0    0     0     0 4076 252573 80 20  0  0  0	
133  0      0 42274840  21224 117492    0    0     0    24 4090 253546 80 20  0  0  0	
133  0      0 42274840  21224 117492    0    0     0     0 4074 253730 80 20  0  0  0	
137  0      0 42274840  21224 117492    0    0     0     0 4074 253592 80 20  0  0  0	
134  0      0 42274840  21224 117492    0    0     0     0 4097 253499 80 20  0  0  0	
134  0      0 42274840  21224 117496    0    0     0     0 4076 253838 80 20  0  0  0	
137  0      0 42274840  21232 117496    0    0     0    12 4087 253661 81 19  0  0  0	
procs -----------memory---------- ---swap-- -----io---- --system-- -----cpu-----
 r  b   swpd   free   buff  cache   si   so    bi    bo   in   cs us sy id wa st
134  0      0 42274840  21232 117496    0    0     0     0 4074 253704 80 20  0  0  0	
133  0      0 42274840  21232 117496    0    0     0     0 4079 251432 81 20  0  0  0	
134  0      0 42274840  21232 117496    0    0     0     0 4090 253562 81 19  0  0  0	
134  0      0 42274840  21232 117496    0    0     0     0 4076 252939 81 19  0  0  0	
137  0      0 42274840  21232 117496    0    0     0     0 4076 253709 80 20  0  0  0	
135  0      0 42274840  21240 117496    0    0     0    12 4082 253647 80 20  0  0  0	
133  0      0 42274840  21240 117496    0    0     0     0 4076 253856 80 20  0  0  0	
133  0      0 42274840  21240 117496    0    0     0     0 4087 253717 82 18  0  0  0	
131  0      0 42274840  21240 117496    0    0     0     0 4080 253786 81 19  0  0  0	
133  0      0 42274840  21240 117496    0    0     0     0 4074 253699 80 20  0  0  0	
131  0      0 42274840  21248 117496    0    0     0    12 4080 253731 80 20  0  0  0	
138  0      0 42274840  21248 117496    0    0     0     0 4082 253643 81 19  0  0  0	
132  0      0 42274840  21248 117496    0    0     0     0 4082 253758 78 22  0  0  0	
134  0      0 42274840  21248 117496    0    0     0     0 4078 249671 79 21  0  0  0	
133  0      0 42274840  21248 117496    0    0     0     4 4079 253477 81 19  0  0  0	
133  0      0 42274840  21248 117496    0    0     0     0 4078 253445 80 20  0  0  0	
138  0      0 42274840  21256 117496    0    0     0    12 4092 253264 80 20  0  0  0	
133  0      0 42274840  21256 117496    0    0     0     0 4080 253627 81 19  0  0  0	
135  0      0 42274840  21256 117496    0    0     0     0 4074 253725 80 20  0  0  0	
136  0      0 42274840  21256 117496    0    0     0     0 4080 253768 81 19  0  0  0	
134  0      0 42274840  21256 117496    0    0     0     8 4073 253727 81 19  0  0  0	
procs -----------memory---------- ---swap-- -----io---- --system-- -----cpu-----
 r  b   swpd   free   buff  cache   si   so    bi    bo   in   cs us sy id wa st
134  0      0 42274840  21264 117496    0    0     0    24 4099 253558 78 22  0  0  0	
136  0      0 42274840  21264 117496    0    0     0     0 4078 253718 80 20  0  0  0	
134  0      0 42274840  21264 117496    0    0     0     0 4071 252927 79 21  0  0  0	
136  0      0 42274840  21264 117496    0    0     0     0 4075 253758 81 19  0  0  0	
132  0      0 42274840  21264 117496    0    0     0    16 4079 253682 81 19  0  0  0	
132  0      0 42274840  21264 117496    0    0     0     0 4091 253750 81 19  0  0  0	
136  0      0 42274840  21272 117500    0    0     0    24 4086 253769 81 19  0  0  0	
137  0      0 42274840  21272 117500    0    0     0     0 4075 253529 82 19  0  0  0	
136  0      0 42274840  21272 117500    0    0     0     0 4076 253910 81 19  0  0  0	
132  0      0 42274840  21272 117500    0    0     0     0 4074 253691 80 20  0  0  0	
134  0      0 42274840  21272 117500    0    0     0     0 4092 253321 80 20  0  0  0	
135  0      0 42274840  21280 117500    0    0     0    12 4080 253748 80 21  0  0  0	
131  0      0 42274840  21280 117500    0    0     0     0 4078 253087 79 21  0  0  0	
135  0      0 42274840  21280 117500    0    0     0     0 4071 253650 80 20  0  0  0	
133  0      0 42274840  21280 117500    0    0     0     0 4076 253887 80 20  0  0  0	
135  0      0 42274840  21280 117500    0    0     0     0 4089 253905 80 20  0  0  0	
135  0      0 42274840  21280 117500    0    0     0     0 4075 253677 81 19  0  0  0	
132  0      0 42274840  21288 117500    0    0     0    12 4083 253883 81 19  0  0  0	
135  0      0 42274840  21288 117500    0    0     0     0 4071 253543 79 21  0  0  0	
133  0      0 42274840  21288 117500    0    0     0     0 4074 253549 80 20  0  0  0	
134  0      0 42274840  21288 117504    0    0     0     0 4089 253612 80 20  0  0  0	
procs -----------memory---------- ---swap-- -----io---- --system-- -----cpu-----
 r  b   swpd   free   buff  cache   si   so    bi    bo   in   cs us sy id wa st
135  0      0 42274840  21288 117504    0    0     0     0 4075 253622 81 19  0  0  0	
135  0      0 42274840  21296 117504    0    0     0    12 4077 249446 80 20  0  0  0	
135  0      0 42274840  21296 117504    0    0     0     0 4077 253534 80 20  0  0  0	
134  0      0 42274840  21296 117504    0    0     0     0 4073 253560 80 20  0  0  0	
133  0      0 42274840  21296 117504    0    0     0     0 4089 253694 81 19  0  0  0	
138  0      0 42274840  21296 117504    0    0     0     0 4077 253863 80 20  0  0  0	
135  0      0 42274840  21296 117504    0    0     0     0 4073 253795 80 20  0  0  0	
134  0      0 42274716  21304 117504    0    0     0    12 4080 253650 79 21  0  0  0	
132  0      0 42274716  21304 117504    0    0     0     0 4091 253721 80 20  0  0  0	
132  0      0 42274716  21304 117504    0    0     0     0 4072 253149 80 20  0  0  0	
134  0      0 42274716  21304 117504    0    0     0     0 4071 253442 80 20  0  0  0	
137  0      0 42274716  21304 117504    0    0     0     0 4074 250963 80 20  0  0  0	
134  0      0 42274716  21312 117504    0    0     0    12 4086 252819 79 21  0  0  0	
134  0      0 42274716  21312 117504    0    0     0    16 4088 253336 79 21  0  0  0	
133  0      0 42274716  21312 117504    0    0     0     0 4079 253524 80 20  0  0  0	
134  0      0 42274716  21312 117504    0    0     0     0 4077 253591 80 20  0  0  0	
132  0      0 42274716  21312 117504    0    0     0     0 4072 253585 80 20  0  0  0	
133  0      0 42274716  21312 117508    0    0     0     0 4080 253794 81 19  0  0  0	
134  0      0 42274716  21320 117508    0    0     0    44 4095 253760 80 20  0  0  0	
134  0      0 42274716  21320 117508    0    0     0     0 4079 253567 81 19  0  0  0	
134  0      0 42274716  21320 117508    0    0     0     0 4070 253705 79 21  0  0  0	
procs -----------memory---------- ---swap-- -----io---- --system-- -----cpu-----
 r  b   swpd   free   buff  cache   si   so    bi    bo   in   cs us sy id wa st
135  0      0 42274716  21320 117508    0    0     0     0 4077 252199 80 20  0  0  0	
134  0      0 42274716  21320 117508    0    0     0     0 4075 253701 80 20  0  0  0	
134  0      0 42274716  21328 117508    0    0     0    12 4099 250602 81 19  0  0  0	
136  0      0 42274716  21328 117508    0    0     0     0 4072 253757 81 19  0  0  0	
133  0      0 42274716  21328 117508    0    0     0     0 4076 252966 80 20  0  0  0	
135  0      0 42274716  21328 117508    0    0     0     0 4071 253777 81 20  0  0  0	
132  0      0 42274716  21328 117508    0    0     0     0 4071 253378 80 20  0  0  0	
133  0      0 42274716  21328 117508    0    0     0     0 4091 253750 80 20  0  0  0	
133  0      0 42274716  21336 117508    0    0     0    12 4076 253895 80 20  0  0  0	
132  0      0 42274716  21336 117508    0    0     0     0 4074 253771 80 20  0  0  0	
132  0      0 42274716  21336 117508    0    0     0     0 4070 253043 80 20  0  0  0	
131  0      0 42274716  21336 117508    0    0     0     0 4078 253676 81 19  0  0  0	
133  0      0 42274716  21336 117508    0    0     0     0 4092 253800 81 19  0  0  0	
133  0      0 42274716  21344 117508    0    0     0    12 4082 253826 82 18  0  0  0	
134  0      0 42274716  21344 117508    0    0     0     0 4075 253857 80 20  0  0  0	
135  0      0 42274716  21344 117508    0    0     0     0 4074 253852 81 19  0  0  0	
134  0      0 42274716  21344 117508    0    0     0     0 4076 253657 80 20  0  0  0	
133  0      0 42274716  21344 117508    0    0     0     0 4087 253626 80 20  0  0  0	
137  0      0 42274716  21344 117508    0    0     0     0 4073 253003 80 20  0  0  0	
134  0      0 42274716  21352 117508    0    0     0    12 4081 253680 80 20  0  0  0	
137  0      0 42274716  21352 117508    0    0     0     0 4075 252489 80 20  0  0  0	
procs -----------memory---------- ---swap-- -----io---- --system-- -----cpu-----
 r  b   swpd   free   buff  cache   si   so    bi    bo   in   cs us sy id wa st
134  0      0 42274716  21352 117508    0    0     0     0 4086 253764 81 19  0  0  0	
131  0      0 42274716  21352 117512    0    0     0     0 4075 253838 80 20  0  0  0	
135  0      0 42274716  21352 117512    0    0     0    16 4076 253869 81 19  0  0  0	
135  0      0 42274716  21360 117512    0    0     0    28 4082 253749 81 19  0  0  0	
131  0      0 42274716  21360 117512    0    0     0     0 4071 253824 81 19  0  0  0	
135  0      0 42274716  21360 117512    0    0     0     0 4092 253622 82 18  0  0  0	
131  0      0 42274716  21360 117512    0    0     0     0 4070 253766 81 19  0  0  0	
135  0      0 42274716  21360 117516    0    0     0     0 4078 253353 79 21  0  0  0	
135  0      0 42274716  21360 117516    0    0     0     0 4072 253633 81 19  0  0  0	
132  0      0 42274716  21368 117516    0    0     0    12 4080 249827 80 20  0  0  0	
133  0      0 42274716  21368 117516    0    0     0     0 4093 253778 80 20  0  0  0	
133  0      0 42274716  21368 117516    0    0     0     0 4078 253727 81 19  0  0  0	
135  0      0 42274716  21368 117516    0    0     0    16 4082 253697 81 19  0  0  0	
137  0      0 42274716  21368 117516    0    0     0     0 4074 253801 81 19  0  0  0	
135  0      0 42274716  21376 117516    0    0     0    16 4080 253835 81 19  0  0  0	
132  0      0 42274716  21376 117516    0    0     0     0 4089 253274 81 19  0  0  0	
137  0      0 42274716  21376 117516    0    0     0     0 4072 253750 81 19  0  0  0	
139  0      0 42274716  21376 117516    0    0     0     0 4068 253368 81 19  0  0  0	
133  0      0 42274716  21376 117516    0    0     0     0 4074 253746 79 21  0  0  0	
135  0      0 42274716  21376 117516    0    0     0     0 4074 252392 80 20  0  0  0	
132  0      0 42274716  21384 117516    0    0     0    12 4097 253675 81 19  0  0  0	
procs -----------memory---------- ---swap-- -----io---- --system-- -----cpu-----
 r  b   swpd   free   buff  cache   si   so    bi    bo   in   cs us sy id wa st
133  0      0 42274716  21384 117516    0    0     0     0 4075 253755 80 20  0  0  0	
134  0      0 42274716  21384 117516    0    0     0     0 4066 253612 82 18  0  0  0	
134  0      0 42274716  21384 117516    0    0     0     0 4073 251336 80 20  0  0  0	
135  0      0 42274716  21384 117516    0    0     0     0 4070 253661 80 20  0  0  0	
134  0      0 42274716  21392 117516    0    0     0    12 4094 253408 80 20  0  0  0	
134  0      0 42274716  21392 117516    0    0     0     0 4072 253882 80 20  0  0  0	
135  0      0 42274716  21392 117516    0    0     0     0 4071 253840 80 20  0  0  0	
136  0      0 42274716  21392 117516    0    0     0     0 4076 253675 80 20  0  0  0	
137  0      0 42274716  21392 117516    0    0     0     0 4070 252896 80 20  0  0  0	
138  0      0 42274716  21392 117516    0    0     0     0 4091 253719 80 20  0  0  0	
134  0      0 42274716  21400 117516    0    0     0    12 4077 253094 79 21  0  0  0	
137  0      0 42274716  21400 117516    0    0     0     0 4073 253682 79 21  0  0  0	
135  0      0 42274716  21400 117516    0    0     0    12 4073 251030 80 20  0  0  0	
142  0      0 42274716  21400 117516    0    0     0     0 4077 253788 79 21  0  0  0	
137  0      0 42274716  21400 117516    0    0     0     0 4086 253642 80 20  0  0  0	
134  0      0 42274716  21408 117516    0    0     0    24 4077 253558 80 21  0  0  0	
133  0      0 42274716  21408 117516    0    0     0     0 4073 253677 81 19  0  0  0	
132  0      0 42274716  21408 117516    0    0     0     0 4072 253666 81 19  0  0  0	
132  0      0 42274716  21408 117520    0    0     0     0 4071 252463 80 20  0  0  0	
135  0      0 42274716  21408 117520    0    0     0     0 4091 253818 80 20  0  0  0	
135  0      0 42274716  21408 117520    0    0     0     0 4072 253466 80 20  0  0  0	
procs -----------memory---------- ---swap-- -----io---- --system-- -----cpu-----
 r  b   swpd   free   buff  cache   si   so    bi    bo   in   cs us sy id wa st
135  0      0 42274592  21416 117520    0    0     0    12 4080 253488 80 20  0  0  0	
137  0      0 42274592  21416 117524    0    0     0     4 4080 253869 80 20  0  0  0	
134  0      0 42274592  21416 117524    0    0     0     0 4075 253718 81 19  0  0  0	
134  0      0 42274592  21416 117524    0    0     0     0 4087 253702 81 19  0  0  0	
134  0      0 42274592  21416 117524    0    0     0     0 4075 253760 79 22  0  0  0	
134  0      0 42274592  21424 117524    0    0     0    12 4076 253613 80 20  0  0  0	
137  0      0 42274592  21424 117524    0    0     0    16 4079 253745 81 19  0  0  0	
132  0      0 42274592  21424 117524    0    0     0     0 4083 252258 80 20  0  0  0	
134  0      0 42274592  21424 117524    0    0     0     0 4075 253764 80 21  0  0  0	
134  0      0 42274592  21424 117524    0    0     0     0 4066 253732 81 19  0  0  0	
133  0      0 42274592  21424 117524    0    0     0     0 4076 253733 80 20  0  0  0	
135  0      0 42274592  21432 117524    0    0     0    12 4078 253903 81 19  0  0  0	
138  0      0 42274592  21432 117524    0    0     0     0 4087 253694 80 20  0  0  0	
136  0      0 42274592  21432 117524    0    0     0     0 4070 253556 79 21  0  0  0	
134  0      0 42274592  21432 117524    0    0     0     0 4072 253746 79 21  0  0  0	
134  0      0 42274592  21432 117524    0    0     0     0 4071 253396 80 20  0  0  0	
135  0      0 42274592  21440 117524    0    0     0    12 4077 253653 81 19  0  0  0	
134  0      0 42274592  21440 117524    0    0     0     0 4089 249156 80 20  0  0  0	
132  0      0 42274592  21440 117524    0    0     0     0 4078 253866 82 18  0  0  0	
132  0      0 42274592  21440 117524    0    0     0     0 4073 253711 80 20  0  0  0	
138  0      0 42274592  21440 117524    0    0     0     0 4071 253575 78 22  0  0  0	
procs -----------memory---------- ---swap-- -----io---- --system-- -----cpu-----
 r  b   swpd   free   buff  cache   si   so    bi    bo   in   cs us sy id wa st
135  0      0 42274592  21440 117524    0    0     0     0 4070 253881 80 20  0  0  0	
134  0      0 42274592  21448 117524    0    0     0    12 4097 253867 80 20  0  0  0	
135  0      0 42274592  21448 117524    0    0     0     0 4069 253673 80 20  0  0  0	
133  0      0 42274592  21448 117524    0    0     0     0 4072 253796 80 20  0  0  0	
136  0      0 42274592  21448 117524    0    0     0     0 4070 253402 82 18  0  0  0	
134  0      0 42274592  21448 117524    0    0     0     0 4071 253751 81 19  0  0  0	
135  0      0 42274592  21456 117524    0    0     0    44 4098 252815 81 19  0  0  0	
135  0      0 42274592  21456 117524    0    0     0     0 4081 253798 79 21  0  0  0	
136  0      0 42274592  21456 117524    0    0     0     0 4068 253693 81 19  0  0  0	
134  0      0 42274592  21456 117528    0    0     0     0 4072 253841 80 20  0  0  0	
133  0      0 42274592  21456 117528    0    0     0     0 4073 253721 80 20  0  0  0	
133  0      0 42274592  21456 117528    0    0     0     0 4087 253683 80 20  0  0  0	
135  0      0 42274592  21464 117528    0    0     0    12 4081 253403 80 20  0  0  0	
135  0      0 42274592  21464 117528    0    0     0     0 4072 253622 80 20  0  0  0	
133  0      0 42274592  21464 117528    0    0     0     0 4075 253720 79 21  0  0  0	
136  0      0 42274592  21464 117528    0    0     0     0 4072 253720 80 20  0  0  0	
134  0      0 42274592  21464 117528    0    0     0     0 4085 250834 81 19  0  0  0	
133  0      0 42274592  21472 117528    0    0     0    12 4085 252877 80 20  0  0  0	
136  0      0 42274592  21472 117528    0    0     0     0 4068 253647 81 19  0  0  0	
136  0      0 42274592  21472 117528    0    0     0     0 4073 253761 81 20  0  0  0	
136  0      0 42274592  21472 117528    0    0     0     0 4070 253817 81 19  0  0  0	
procs -----------memory---------- ---swap-- -----io---- --system-- -----cpu-----
 r  b   swpd   free   buff  cache   si   so    bi    bo   in   cs us sy id wa st
132  0      0 42274592  21472 117528    0    0     0    16 4089 253775 80 20  0  0  0	
135  0      0 42274592  21472 117528    0    0     0     0 4073 253895 81 19  0  0  0	
132  0      0 42274592  21480 117532    0    0     0    12 4077 254081 79 21  0  0  0	
136  0      0 42274592  21480 117532    0    0     0     0 4068 250863 82 18  0  0  0	
137  0      0 42274592  21480 117532    0    0     0     0 4074 253560 81 19  0  0  0	
134  0      0 42274592  21480 117532    0    0     0     0 4087 252703 80 20  0  0  0	
133  0      0 42274592  21480 117532    0    0     0     0 4075 253712 80 20  0  0  0	
135  0      0 42274468  21488 117532    0    0     0    12 4075 253804 81 19  0  0  0	
134  0      0 42274468  21488 117532    0    0     0     0 4074 253836 81 19  0  0  0	
138  0      0 42274468  21488 117532    0    0     0     0 4076 253299 82 18  0  0  0	
136  0      0 42274468  21488 117532    0    0     0     0 4084 253829 81 19  0  0  0	
138  0      0 42274468  21488 117532    0    0     0     0 4073 253663 81 20  0  0  0	
135  0      0 42274468  21488 117532    0    0     0     0 4072 253799 80 20  0  0  0	
138  0      0 42274468  21496 117532    0    0     0    12 4077 253758 81 19  0  0  0	
136  0      0 42274468  21496 117532    0    0     0     0 4084 253587 81 19  0  0  0	
134  0      0 42274912  21496 117532    0    0     0     8 4233 252235 81 19  0  0  0	
136  0      0 42274600  21496 117536    0    0     0     0 4075 253689 81 19  0  0  0	
135  0      0 42274600  21496 117536    0    0     0     0 4109 253762 80 20  0  0  0	
138  0      0 42274600  21504 117536    0    0     0    32 4091 253852 81 19  0  0  0	
136  0      0 42274600  21504 117536    0    0     0     0 4088 253437 82 18  0  0  0	
133  0      0 42274600  21504 117540    0    0     0     8 4078 253776 81 19  0  0  0	
procs -----------memory---------- ---swap-- -----io---- --system-- -----cpu-----
 r  b   swpd   free   buff  cache   si   so    bi    bo   in   cs us sy id wa st
139  0      0 42274600  21504 117540    0    0     0     0 4072 249953 79 21  0  0  0	
136  0      0 42274600  21504 117540    0    0     0     0 4073 253797 80 20  0  0  0	
133  0      0 42274600  21512 117532    0    0     0    32 4077 253713 80 20  0  0  0	
135  0      0 42274600  21512 117540    0    0     0     0 4093 253648 80 20  0  0  0	
134  0      0 42274600  21512 117540    0    0     0     0 4074 252692 80 20  0  0  0	
136  0      0 42274600  21512 117540    0    0     0     0 4072 253492 79 21  0  0  0	
134  0      0 42274600  21512 117540    0    0     0     0 4071 253623 81 19  0  0  0	
134  0      0 42274600  21512 117540    0    0     0     0 4072 253698 80 20  0  0  0	
134  0      0 42274600  21520 117540    0    0     0    12 4098 253568 79 21  0  0  0	
135  0      0 42274600  21520 117540    0    0     0     0 4068 253731 81 19  0  0  0	
132  0      0 42274600  21520 117540    0    0     0     0 4088 253653 81 19  0  0  0	
138  0      0 42274600  21520 117540    0    0     0     0 4071 253797 80 20  0  0  0	
134  0      0 42274600  21520 117540    0    0     0     0 4071 253523 80 20  0  0  0	
135  0      0 42274600  21528 117540    0    0     0    12 4095 253749 82 18  0  0  0	
136  0      0 42274600  21528 117540    0    0     0     0 4069 252905 80 20  0  0  0	
137  0      0 42274600  21528 117540    0    0     0    24 4085 253806 80 20  0  0  0	
134  0      0 42274600  21528 117540    0    0     0     0 4068 253527 79 21  0  0  0	
139  0      0 42274600  21528 117540    0    0     0     0 4071 253813 78 22  0  0  0	
134  0      0 42274600  21528 117540    0    0     0     0 4091 253847 79 21  0  0  0	
136  0      0 42274600  21536 117540    0    0     0    12 4079 253768 81 19  0  0  0	
134  0      0 42274600  21536 117540    0    0     0     0 4074 253699 81 19  0  0  0	
procs -----------memory---------- ---swap-- -----io---- --system-- -----cpu-----
 r  b   swpd   free   buff  cache   si   so    bi    bo   in   cs us sy id wa st
134  0      0 42274600  21536 117540    0    0     0     0 4073 253894 82 18  0  0  0	
136  0      0 42274600  21536 117540    0    0     0     0 4085 253687 80 20  0  0  0	
138  0      0 42274600  21536 117540    0    0     0     0 4071 253602 81 19  0  0  0	
134  0      0 42274600  21544 117544    0    0     0    12 4079 250990 80 20  0  0  0	
138  0      0 42274600  21544 117544    0    0     0    20 4075 253855 80 20  0  0  0	
137  0      0 42274600  21544 117544    0    0     0     0 4075 253881 80 20  0  0  0	
134  0      0 42274600  21544 117544    0    0     0     0 4088 253761 81 19  0  0  0	
135  0      0 42274600  21544 117544    0    0     0     0 4074 253635 80 20  0  0  0	
134  0      0 42274600  21544 117544    0    0     0     0 4077 253969 80 20  0  0  0	
134  0      0 42274600  21552 117544    0    0     0    40 4077 253591 79 21  0  0  0	
137  0      0 42274600  21552 117548    0    0     0     0 4076 253960 79 21  0  0  0	
137  0      0 42274600  21552 117548    0    0     0     0 4083 253698 80 20  0  0  0	
136  0      0 42274600  21552 117548    0    0     0     0 4071 253743 80 20  0  0  0	
134  0      0 42274600  21552 117548    0    0     0     0 4076 249111 80 20  0  0  0	
137  0      0 42274600  21560 117548    0    0     0    28 4080 253922 81 19  0  0  0	
133  0      0 42274600  21560 117548    0    0     0     0 4074 253583 81 19  0  0  0	
134  0      0 42274600  21560 117548    0    0     0     0 4089 253686 80 20  0  0  0	
134  0      0 42274600  21560 117548    0    0     0     0 4075 253867 80 20  0  0  0	
135  0      0 42274600  21560 117548    0    0     0     0 4071 253717 80 20  0  0  0	
135  0      0 42274600  21560 117548    0    0     0     0 4076 253698 80 20  0  0  0	
136  0      0 42274600  21568 117548    0    0     0    12 4069 253595 80 20  0  0  0	
procs -----------memory---------- ---swap-- -----io---- --system-- -----cpu-----
 r  b   swpd   free   buff  cache   si   so    bi    bo   in   cs us sy id wa st
135  0      0 42274600  21568 117548    0    0     0     0 4087 253627 81 19  0  0  0	
132  0      0 42274600  21568 117548    0    0     0     0 4070 253594 79 21  0  0  0	
133  0      0 42274600  21568 117548    0    0     0     0 4074 253050 81 19  0  0  0	
135  0      0 42274600  21568 117548    0    0     0     0 4077 253752 80 20  0  0  0	
136  0      0 42274600  21576 117548    0    0     0    12 4072 253789 81 19  0  0  0	
134  0      0 42274600  21576 117548    0    0     0     0 4092 253646 79 21  0  0  0	
136  0      0 42274600  21576 117548    0    0     0     0 4072 253595 81 19  0  0  0	
133  0      0 42274600  21576 117548    0    0     0     0 4069 253923 80 20  0  0  0	
135  0      0 42274600  21576 117548    0    0     0     0 4076 253651 80 20  0  0  0	
135  0      0 42274600  21576 117548    0    0     0    28 4080 253656 80 20  0  0  0	
134  0      0 42274476  21584 117548    0    0     0    12 4093 253585 80 20  0  0  0	
134  0      0 42274476  21584 117548    0    0     0     0 4071 253621 80 20  0  0  0	
139  0      0 42274476  21584 117548    0    0     0     0 4074 249745 81 19  0  0  0	
133  0      0 42274476  21584 117548    0    0     0     0 4072 253520 80 20  0  0  0	
136  0      0 42274476  21584 117548    0    0     0     8 4079 253704 80 21  0  0  0	
136  0      0 42274476  21592 117548    0    0     0    24 4090 253796 81 19  0  0  0	
133  0      0 42274476  21592 117548    0    0     0     0 4076 253396 81 19  0  0  0	
136  0      0 42274476  21592 117548    0    0     0     0 4070 253755 80 20  0  0  0	
136  0      0 42274476  21592 117548    0    0     0     0 4073 253236 79 21  0  0  0	
