procs -----------memory---------- ---swap-- -----io---- --system-- -----cpu-----
 r  b   swpd   free   buff  cache   si   so    bi    bo   in   cs us sy id wa st
 1  0      0 97394768  13824  75104    0    0  4390     1   56   95 31 10 46 12  1	
119 82      0 97092048  13824  75120    0    0 84288     0 221130 283742 27 12 59  1  2	
 6 122      0 97082312  13824  75120    0    0 287920     0 84994 219402 60 22  0 18  0	
12 119      0 97081384  13824  75120    0    0 163328     0 201780 210146 20  8  0 71  2	
12 120      0 97080296  13824  75120    0    0 163360     0 197745 208599 19  7  0 73  2	
 6 123      0 97078712  13824  75120    0    0 163392     0 202429 210080 19  7  0 72  2	
15 114      0 97074648  13832  75120    0    0 163200    36 196657 207348 18  6  0 73  2	
 6 122      0 97074464  13832  75120    0    0 163456     0 197790 211255 18  7  0 74  2	
 7 123      0 97073440  13832  75120    0    0 163392     0 194297 209793 16  6  0 75  2	
12 117      0 97073000  13832  75120    0    0 163232     0 193157 208150 16  5  0 77  2	
 7 122      0 97072688  13832  75120    0    0 163456     0 195714 208972 17  5  0 77  2	
12 117      0 97072256  13840  75120    0    0 163312    12 193050 209958 17  4  0 76  2	
 8 122      0 97071352  13840  75120    0    0 163376     0 195254 211120 16  6  0 76  2	
 6 123      0 97070976  13840  75120    0    0 163360     0 191880 207065 17  5  0 76  2	
 5 123      0 97070640  13840  75120    0    0 163360     0 191986 205921 16  4  0 78  2	
 7 121      0 97070640  13840  75120    0    0 163280     0 192523 210086 17  5  0 76  2	
 8 122      0 97070240  13840  75120    0    0 163328     0 194392 209390 17  5  0 76  2	
18 115      0 97070240  13848  75120    0    0 163280    12 192489 207551 15  4  0 79  2	
11 119      0 97070176  13848  75120    0    0 163344     0 193208 208783 16  5  0 77  2	
 6 122      0 97070336  13848  75120    0    0 163360     0 191072 209885 17  4  0 77  2	
 7 123      0 97069992  13848  75120    0    0 163424     0 187542 205257 17  5  0 76  2	
procs -----------memory---------- ---swap-- -----io---- --system-- -----cpu-----
 r  b   swpd   free   buff  cache   si   so    bi    bo   in   cs us sy id wa st
12 119      0 97069928  13848  75120    0    0 163280     0 187741 204333 16  4  0 77  2	
12 119      0 97069520  13856  75120    0    0 163392    12 193206 209746 17  4  0 77  2	
11 118      0 97069744  13856  75120    0    0 163296     0 186570 204599 17  4  0 77  2	
 8 123      0 97069432  13856  75120    0    0 163456     0 189470 204766 15  4  0 79  2	
15 116      0 97069248  13856  75120    0    0 163216     0 190436 205746 15  4  0 78  2	
11 120      0 97069184  13856  75120    0    0 163456     0 189286 205884 16  5  0 77  2	
 7 123      0 97069216  13856  75120    0    0 163408    32 185118 204439 18  5  0 76  2	
 7 121      0 97069312  13864  75120    0    0 163264    12 191234 206429 15  4  0 79  2	
 9 119      0 97069184  13864  75120    0    0 163296     0 192257 207690 16  4  0 78  2	
 8 120      0 97069344  13864  75120    0    0 163344     0 192310 207697 16  4  0 79  2	
 7 122      0 97069184  13864  75120    0    0 163360     0 193035 206872 16  4  0 78  2	
 8 120      0 97069120  13864  75120    0    0 163360    16 186539 203182 15  5  0 78  2	
 9 120      0 97069088  13872  75112    0    0 163344    24 189283 204730 16  4  0 78  2	
11 119      0 97069248  13872  75124    0    0 163328     0 186406 204345 16  4  0 78  2	
 8 122      0 97069216  13872  75124    0    0 163456     0 191311 205751 15  4  0 79  2	
10 119      0 97068840  13872  75124    0    0 163344     0 191208 206848 15  4  0 79  2	
 8 122      0 97068968  13872  75124    0    0 163360     0 191339 206102 15  4  0 79  2	
 9 122      0 97068808  13872  75124    0    0 163360     0 193458 212183 16  5  0 77  2	
11 121      0 97068840  13880  75124    0    0 163344    12 192960 208485 16  4  0 79  2	
 9 121      0 97068808  13880  75124    0    0 163344     0 192459 209263 15  4  0 80  2	
 9 121      0 97069160  13880  75124    0    0 163376     0 191340 205653 15  4  0 79  2	
procs -----------memory---------- ---swap-- -----io---- --system-- -----cpu-----
 r  b   swpd   free   buff  cache   si   so    bi    bo   in   cs us sy id wa st
12 119      0 97069288  13880  75124    0    0 163344     0 194438 210580 16  5  0 77  2	
 5 123      0 97069000  13880  75128    0    0 163408     0 194299 210978 16  4  0 78  2	
13 117      0 97068904  13888  75120    0    0 163328    16 192754 207075 16  3  0 79  2	
11 118      0 97069064  13888  75128    0    0 163360     0 187827 204390 14  5  0 79  2	
12 118      0 97069128  13888  75128    0    0 163344     0 187476 204735 16  5  0 78  2	
12 119      0 97068944  13888  75128    0    0 163376     0 189189 205711 16  4  0 78  2	
 4 124      0 97068816  13888  75128    0    0 163408     0 193128 208628 15  4  0 79  2	
12 117      0 97068688  13888  75128    0    0 163280     0 192221 206889 16  4  0 78  2	
10 119      0 97068752  13896  75128    0    0 163360    12 191293 204035 15  4  0 79  2	
 2 125      0 97068752  13896  75128    0    0 163440     0 194134 212049 16  4  0 78  2	
 8 121      0 97068720  13896  75128    0    0 163296     0 193021 209157 15  4  0 79  2	
10 118      0 97068624  13896  75128    0    0 163312     0 192433 208152 15  4  0 79  2	
10 119      0 97068784  13896  75128    0    0 163408     0 191162 206290 15  4  0 80  2	
10 118      0 97068592  13904  75120    0    0 163328    12 190328 206093 17  4  0 78  2	
 8 121      0 97068528  13904  75128    0    0 163376     0 192062 208979 16  4  0 79  2	
 3 125      0 97068592  13904  75128    0    0 163360     0 190974 206036 15  4  0 79  2	
 9 120      0 97068880  13904  75128    0    0 163312    16 192447 207797 16  4  0 78  2	
 9 120      0 97068944  13904  75128    0    0 163312     0 193958 209043 16  5  0 77  2	
 7 121      0 97068816  13904  75128    0    0 163408     0 192586 206627 15  4  0 79  2	
 8 120      0 97068656  13912  75128    0    0 163344    12 193223 207803 15  4  0 79  2	
11 119      0 97068464  13912  75128    0    0 163328     0 193358 208950 17  4  0 77  2	
procs -----------memory---------- ---swap-- -----io---- --system-- -----cpu-----
 r  b   swpd   free   buff  cache   si   so    bi    bo   in   cs us sy id wa st
11 121      0 97068752  13912  75128    0    0 163376    16 188729 205712 17  5  0 77  2	
 9 120      0 97069136  13912  75128    0    0 163328     0 191101 205715 15  4  0 79  2	
12 118      0 97069104  13912  75128    0    0 163344     0 190921 206572 15  4  0 79  2	
 8 120      0 97068880  13920  75124    0    0 163360    20 192248 207908 15  4  0 79  2	
 5 124      0 97068944  13920  75132    0    0 163424     0 192673 206011 15  4  0 79  2	
 5 123      0 97068848  13920  75132    0    0 163312     0 191010 205096 15  4  0 79  2	
 8 120      0 97068944  13920  75132    0    0 163296     0 192824 209213 16  4  0 77  2	
 5 124      0 97069168  13920  75132    0    0 163408     0 190529 206443 15  5  0 78  2	
10 120      0 97069008  13920  75132    0    0 163264     0 192756 206897 16  4  0 79  2	
 6 123      0 97068848  13928  75132    0    0 163456    12 193031 208704 15  4  0 79  2	
 6 121      0 97068784  13928  75132    0    0 163296     0 190807 205637 16  4  0 79  2	
 8 121      0 97068656  13928  75132    0    0 163360     0 193182 207429 16  4  0 78  2	
12 119      0 97068624  13928  75132    0    0 163360     0 190790 205150 16  4  0 78  2	
 8 122      0 97068432  13928  75132    0    0 163392     0 191842 207838 17  4  0 77  2	
 7 123      0 97068624  13936  75124    0    0 163344    12 193404 209415 16  4  0 78  2	
10 119      0 97068848  13936  75132    0    0 163248     4 192216 206621 15  4  0 79  2	
11 119      0 97068848  13936  75132    0    0 163360     0 191455 206558 15  4  0 79  2	
10 119      0 97068656  13936  75132    0    0 163392     0 190514 204995 14  4  0 80  2	
 4 124      0 97068688  13936  75132    0    0 163392     0 190644 204584 15  4  0 79  2	
12 119      0 97068624  13936  75132    0    0 163248     0 192704 209010 16  3  0 79  2	
11 120      0 97068656  13944  75132    0    0 163408    12 192824 211038 16  4  0 77  2	
procs -----------memory---------- ---swap-- -----io---- --system-- -----cpu-----
 r  b   swpd   free   buff  cache   si   so    bi    bo   in   cs us sy id wa st
10 119      0 97068432  13944  75136    0    0 163328     0 190903 205666 16  5  0 78  2	
 7 121      0 97068192  13944  75136    0    0 163408     0 190952 207757 15  5  0 79  2	
 3 125      0 97068224  13944  75136    0    0 163376     0 192654 208292 15  5  0 78  2	
10 119      0 97068128  13944  75136    0    0 163232     0 192190 209684 16  4  0 78  2	
 4 125      0 97067968  13952  75128    0    0 163408    20 192727 208464 15  4  0 78  2	
 6 123      0 97067968  13952  75136    0    0 163296     0 193560 209803 14  4  0 80  2	
17 116      0 97068128  13952  75136    0    0 163264     0 191074 205765 15  4  0 80  2	
 2 126      0 97068224  13952  75136    0    0 163456     0 193134 208851 16  4  0 78  2	
 8 121      0 97068064  13952  75136    0    0 163280     0 192170 206584 15  4  0 79  2	
 8 120      0 97068224  13952  75136    0    0 163360     0 191967 207153 15  4  0 79  2	
12 119      0 97068224  13960  75136    0    0 163328    48 190963 208069 15  5  0 78  2	
14 116      0 97068416  13960  75136    0    0 163328     0 189678 205652 17  4  0 78  2	
 0 128      0 97068416  13960  75136    0    0 162592     0 191691 206116 15  4  0 79  2	
 4 124      0 97068384  13960  75136    0    0 164176     0 185674 205265 17  4  0 77  2	
 8 121      0 97068224  13960  75136    0    0 163248     0 191653 208211 16  4  0 78  2	
 6 123      0 97068160  13968  75128    0    0 163392    20 192866 209641 16  4  0 77  2	
 5 124      0 97067936  13968  75140    0    0 163344     0 192393 206745 15  4  0 79  2	
 5 124      0 97067776  13968  75140    0    0 163328     0 193799 207293 16  4  0 78  2	
 6 122      0 97067776  13968  75140    0    0 163264     0 193182 209522 16  4  0 78  2	
 5 123      0 97068192  13968  75140    0    0 163344     0 189756 204856 16  4  0 78  2	
 6 123      0 97068128  13976  75140    0    0 163376    12 193219 209705 15  5  0 77  2	
procs -----------memory---------- ---swap-- -----io---- --system-- -----cpu-----
 r  b   swpd   free   buff  cache   si   so    bi    bo   in   cs us sy id wa st
 6 122      0 97068192  13976  75140    0    0 163280     0 191883 207976 15  4  0 79  2	
11 119      0 97068288  13976  75140    0    0 163328     0 192072 207559 15  4  0 80  2	
 4 125      0 97068296  13976  75140    0    0 163408     0 189802 205602 16  4  0 78  2	
 4 124      0 97068136  13976  75140    0    0 163280     0 192360 207093 15  4  0 79  2	
 6 122      0 97068048  13976  75140    0    0 163344     0 191594 207520 16  4  0 78  2	
12 119      0 97067920  13984  75140    0    0 163280    12 191184 205685 15  4  0 79  2	
 3 125      0 97067888  13984  75140    0    0 163408     0 192969 209072 19  4  0 76  2	
 2 126      0 97067760  13984  75140    0    0 163312     0 191650 204910 15  4  0 79  2	
12 117      0 97067600  13984  75140    0    0 163232     0 191010 207152 16  4  0 77  2	
 6 123      0 97067536  13984  75140    0    0 163424     8 189911 205163 14  4  0 80  2	
 5 123      0 97067824  13992  75136    0    0 163344    12 191968 209036 16  4  0 77  2	
 9 120      0 97067760  13992  75140    0    0 163328     0 193196 208750 16  3  0 78  2	
10 119      0 97067792  13992  75140    0    0 163344     0 190869 206392 16  4  0 78  2	
10 119      0 97067760  13992  75140    0    0 163312     0 193345 209421 16  4  0 78  2	
14 116      0 97067856  13992  75140    0    0 163296     0 192198 207094 15  4  0 79  2	
11 119      0 97067408  13992  75140    0    0 163376     0 190838 204133 14  4  0 80  2	
12 116      0 97067408  14000  75140    0    0 163360    12 193717 210838 17  4  0 77  2	
 5 123      0 97067504  14000  75140    0    0 163392     0 192920 207130 15  4  0 79  2	
12 118      0 97068016  14000  75140    0    0 163296     0 192445 209641 16  5  0 77  2	
 4 125      0 97067888  14000  75140    0    0 163424     8 191532 205017 14  4  0 80  2	
11 118      0 97067824  14000  75140    0    0 163248     0 192923 209325 16  4  0 78  2	
procs -----------memory---------- ---swap-- -----io---- --system-- -----cpu-----
 r  b   swpd   free   buff  cache   si   so    bi    bo   in   cs us sy id wa st
 8 122      0 97067760  14008  75140    0    0 163360    20 194430 211392 17  4  0 77  2	
11 119      0 97067792  14008  75144    0    0 163344     0 192049 206619 15  4  0 79  2	
15 116      0 97067632  14008  75144    0    0 163328     0 194192 210320 16  5  0 78  2	
 1 127      0 97067568  14008  75144    0    0 163440    12 192536 208465 15  4  0 79  2	
 7 122      0 97067472  14008  75144    0    0 163248     0 192749 208637 16  4  0 79  2	
 5 124      0 97067568  14008  75144    0    0 163360     0 192815 207933 16  4  0 77  2	
 8 120      0 97067760  14016  75148    0    0 163328    20 192426 209573 16  3  0 79  2	
 6 122      0 97067856  14016  75148    0    0 163376     0 192618 207902 16  4  0 78  2	
 8 121      0 97067920  14016  75148    0    0 163344     0 191111 207716 16  4  0 78  2	
11 120      0 97067920  14016  75148    0    0 163360     0 190559 207818 16  4  0 78  2	
 7 122      0 97067952  14016  75148    0    0 163376     0 192401 208856 16  4  0 78  2	
12 118      0 97067856  14024  75140    0    0 163312    12 192481 207161 16  4  0 78  2	
 9 119      0 97067792  14024  75148    0    0 163360     0 190106 203780 14  4  0 81  2	
 7 121      0 97067696  14024  75148    0    0 163392     0 193166 207694 16  4  0 78  2	
14 115      0 97067824  14024  75148    0    0 163264     0 195404 212549 16  4  0 78  2	
 9 120      0 97067952  14024  75148    0    0 163424     0 191305 206386 14  4  0 80  2	
 8 121      0 97067824  14024  75148    0    0 163312     0 191451 207001 16  4  0 79  2	
 1 127      0 97067760  14032  75148    0    0 163424    12 192355 206409 16  4  0 78  2	
13 120      0 97067728  14032  75148    0    0 163232     0 191178 205486 15  4  0 79  2	
12 117      0 97067504  14032  75148    0    0 163312     0 184625 201393 19  4  0 75  2	
 8 123      0 97067568  14032  75148    0    0 163440     0 189106 204322 15  5  0 78  2	
procs -----------memory---------- ---swap-- -----io---- --system-- -----cpu-----
 r  b   swpd   free   buff  cache   si   so    bi    bo   in   cs us sy id wa st
 4 124      0 97067888  14032  75148    0    0 163344     0 191914 206571 14  4  0 80  2	
18 114      0 97067728  14040  75140    0    0 163216    12 192517 209204 15  5  0 79  2	
10 120      0 97067600  14040  75148    0    0 163424     0 192869 208760 16  4  0 78  2	
14 116      0 97067664  14040  75148    0    0 163312     0 190380 203851 15  4  0 79  2	
10 121      0 97067664  14040  75148    0    0 163392     0 193277 209284 16  4  0 79  2	
 4 124      0 97067568  14040  75148    0    0 163360     0 191611 206689 16  5  0 77  2	
 6 124      0 97067632  14040  75148    0    0 163328     0 191578 209606 16  4  0 79  2	
 7 123      0 97067952  14048  75148    0    0 163296    16 188157 202411 15  4  0 79  2	
14 116      0 97067856  14048  75148    0    0 163280     0 193789 209964 16  4  0 78  2	
 7 123      0 97067728  14048  75148    0    0 163408     0 186727 202768 14  5  0 79  2	
 9 122      0 97067696  14048  75148    0    0 163312     0 192154 206537 15  4  0 79  2	
 5 123      0 97067792  14048  75148    0    0 163344     0 190803 204314 14  4  0 80  2	
 6 123      0 97067632  14056  75144    0    0 163376    12 191418 206236 15  4  0 79  2	
 6 122      0 97067728  14056  75148    0    0 163312    12 190902 206740 15  4  0 79  2	
 7 123      0 97067600  14056  75148    0    0 163328     0 191608 207686 16  4  0 78  2	
 3 125      0 97067600  14056  75148    0    0 163392     0 189956 204485 15  4  0 79  2	
13 116      0 97067824  14056  75148    0    0 163296     0 188887 204233 15  4  0 79  2	
 6 122      0 97067760  14056  75148    0    0 163392     0 191104 205809 15  4  0 79  2	
 4 125      0 97067760  14064  75152    0    0 163376    32 191342 208486 17  5  0 76  2	
 8 120      0 97067632  14064  75152    0    0 163216     0 192086 207958 17  4  0 77  2	
11 118      0 97067536  14064  75152    0    0 163408     0 191063 207530 17  4  0 77  2	
procs -----------memory---------- ---swap-- -----io---- --system-- -----cpu-----
 r  b   swpd   free   buff  cache   si   so    bi    bo   in   cs us sy id wa st
10 119      0 97067792  14064  75156    0    0 163392     0 192879 207847 15  5  0 78  2	
 5 124      0 97067792  14064  75156    0    0 163392     0 192976 210517 16  4  0 77  2	
 9 121      0 97067728  14072  75148    0    0 163344    12 191809 206576 15  4  0 79  2	
12 117      0 97067536  14072  75156    0    0 163280     0 193437 208288 14  4  0 79  2	
17 113      0 97067440  14072  75156    0    0 163312     0 192660 209110 16  4  0 79  2	
 6 125      0 97067472  14072  75156    0    0 163504     0 188544 204757 17  4  0 77  2	
 8 123      0 97067504  14072  75156    0    0 163312     0 192150 207076 15  4  0 79  2	
 9 120      0 97067568  14072  75156    0    0 163296     0 191103 208532 17  4  0 77  2	
10 120      0 97067408  14080  75156    0    0 163376    12 191748 206485 14  4  0 80  2	
 5 124      0 97067312  14080  75156    0    0 163408     0 192005 206307 16  4  0 78  2	
 4 124      0 97067536  14080  75156    0    0 163312     0 189890 204909 16  4  0 78  2	
 5 123      0 97067536  14080  75156    0    0 163328     0 194352 211952 17  4  0 77  2	
14 117      0 97067408  14080  75156    0    0 163232     0 191624 208354 16  4  0 78  2	
 7 122      0 97067568  14088  75148    0    0 163440    12 193517 207790 15  3  0 80  2	
13 118      0 97067760  14088  75156    0    0 163264     0 191834 207435 15  4  0 79  2	
10 120      0 97067536  14088  75156    0    0 163312     0 191891 206007 16  4  0 78  2	
 9 120      0 97067632  14088  75156    0    0 163376     0 193777 209971 15  4  0 79  2	
 6 123      0 97067472  14088  75156    0    0 163408     0 192675 208833 16  4  0 78  2	
10 120      0 97067568  14088  75156    0    0 163312     4 192973 208068 15  4  0 79  2	
 3 125      0 97067440  14096  75156    0    0 163456    12 191614 204793 14  4  0 80  2	
 8 122      0 97067440  14096  75156    0    0 163264     0 190660 204962 16  4  0 78  2	
procs -----------memory---------- ---swap-- -----io---- --system-- -----cpu-----
 r  b   swpd   free   buff  cache   si   so    bi    bo   in   cs us sy id wa st
 9 120      0 97067568  14096  75156    0    0 163344     0 192203 207588 14  4  0 79  2	
 9 120      0 97067824  14096  75156    0    0 163360     0 193517 209718 16  4  0 79  2	
13 118      0 97067760  14100  75152    0    0 163328    16 191768 206129 15  4  0 80  2	
 8 120      0 97067888  14108  75152    0    0 163392    28 192638 208991 15  4  0 79  2	
 6 124      0 97067696  14108  75156    0    0 163360     0 193709 212413 16  5  0 76  2	
10 119      0 97067856  14108  75156    0    0 163312     0 191363 205227 15  4  0 79  2	
 7 122      0 97067760  14108  75156    0    0 163360     0 187615 206987 18  4  0 76  2	
 9 121      0 97067696  14108  75156    0    0 163328     0 190491 205652 15  4  0 79  2	
 5 125      0 97067632  14108  75156    0    0 163408     0 193194 208655 15  4  0 79  2	
 5 123      0 97061904  14116  75160    0    0 163360    12 192746 204883 17  7  0 75  2	
10 118      0 97061552  14116  75160    0    0 163280     0 193487 211033 16  4  0 77  2	
 5 123      0 97061808  14116  75160    0    0 163440     0 190114 203893 15  3  0 80  2	
 6 123      0 97062000  14116  75160    0    0 163264    16 193725 208812 14  4  0 79  2	
 9 122      0 97061968  14116  75160    0    0 163328     0 191967 208601 16  4  0 77  2	
 7 122      0 97062032  14124  75156    0    0 163408    20 193486 208575 15  4  0 79  2	
 8 121      0 97061968  14124  75160    0    0 163328     0 193988 209681 16  5  0 77  2	
11 119      0 97061872  14124  75160    0    0 163344     0 188538 206670 17  4  0 76  2	
12 117      0 97061904  14124  75160    0    0 163360     0 191916 206828 15  4  0 78  2	
11 120      0 97061840  14124  75160    0    0 163408     0 191049 204918 16  3  0 79  2	
 7 121      0 97061776  14124  75160    0    0 163344     0 192453 206110 16  4  0 79  2	
 9 119      0 97062096  14132  75160    0    0 163328    12 192080 208257 16  4  0 79  2	
procs -----------memory---------- ---swap-- -----io---- --system-- -----cpu-----
 r  b   swpd   free   buff  cache   si   so    bi    bo   in   cs us sy id wa st
 8 122      0 97061840  14132  75164    0    0 163408     0 191572 208340 17  3  0 78  2	
 6 123      0 97061872  14132  75164    0    0 163328     0 192106 208349 14  4  0 80  2	
14 115      0 97061808  14132  75164    0    0 163264     0 192151 208830 15  4  0 79  2	
 9 119      0 97061648  14132  75164    0    0 163440     0 192197 208340 16  4  0 78  2	
 6 124      0 97061648  14140  75156    0    0 163360    12 192373 207119 15  4  0 80  2	
 8 122      0 97061616  14140  75164    0    0 163312     0 191105 206194 15  4  0 79  2	
11 120      0 97061680  14140  75164    0    0 163360     0 191358 205889 16  4  0 78  2	
10 119      0 97061776  14140  75164    0    0 163296     0 193059 209186 16  4  0 77  2	
12 117      0 97061584  14140  75164    0    0 163360     0 192744 208001 15  4  0 79  2	
11 120      0 97061648  14140  75164    0    0 163360     0 190752 209443 16  5  0 77  2	
 6 123      0 97061744  14148  75164    0    0 163376    12 192408 206428 15  5  0 78  2	
 6 124      0 97061488  14148  75164    0    0 163360     0 193803 209484 15  3  0 79  2	
 6 122      0 97061936  14152  75164    0    0 163344    16 192467 208646 16  4  0 78  2	
10 120      0 97061936  14152  75164    0    0 163360     0 192420 208259 16  4  0 79  2	
 5 124      0 97061744  14152  75164    0    0 163376     0 193821 208958 15  4  0 78  2	
14 117      0 97061936  14160  75160    0    0 163248    32 192685 208184 15  4  0 78  2	
12 117      0 97062032  14160  75164    0    0 163392     0 192289 208288 17  4  0 77  2	
 5 124      0 97062000  14160  75164    0    0 163408     0 195026 210956 16  3  0 78  2	
 8 121      0 97061808  14160  75164    0    0 163312     0 192106 207896 17  4  0 78  2	
 7 123      0 97061776  14160  75164    0    0 163344     0 190514 205165 15  4  0 79  2	
 5 123      0 97061968  14160  75164    0    0 163424     0 193152 210803 16  4  0 78  2	
procs -----------memory---------- ---swap-- -----io---- --system-- -----cpu-----
 r  b   swpd   free   buff  cache   si   so    bi    bo   in   cs us sy id wa st
10 119      0 97062064  14168  75164    0    0 163248    12 192463 204993 15  4  0 79  2	
 6 123      0 97061904  14168  75168    0    0 163360     8 192580 205521 15  4  0 79  2	
12 121      0 97062000  14168  75168    0    0 163360     0 191824 207552 15  4  0 78  2	
13 120      0 97061936  14168  75168    0    0 163344     0 190808 204918 16  4  0 78  2	
 7 121      0 97061840  14168  75168    0    0 163376     0 185635 202966 17  4  0 77  2	
12 118      0 97062096  14176  75168    0    0 163344    12 190560 205916 14  5  0 79  2	
10 121      0 97062096  14176  75168    0    0 163344    28 190761 206049 16  4  0 78  2	
 8 122      0 97062032  14176  75168    0    0 163328     0 191906 205441 16  5  0 78  2	
 7 122      0 97062032  14176  75168    0    0 163328     0 192424 206515 15  4  0 79  2	
14 117      0 97061904  14176  75168    0    0 163328     0 192499 207913 15  4  0 79  2	
 4 124      0 97061776  14176  75168    0    0 163456     0 194031 209761 15  4  0 79  2	
 8 121      0 97061808  14184  75168    0    0 163312    12 192786 209607 16  4  0 78  2	
 9 120      0 97061680  14184  75168    0    0 163296     0 192245 207716 15  4  0 79  2	
 9 122      0 97061680  14184  75168    0    0 163376     0 192557 207758 16  4  0 78  2	
11 119      0 97061552  14184  75168    0    0 163248     0 185465 204352 19  4  0 76  2	
11 117      0 97061552  14184  75168    0    0 163376     0 192155 208496 16  4  0 79  2	
 7 122      0 97062064  14192  75160    0    0 163392    12 192051 209070 14  4  0 79  2	
 7 121      0 97061712  14192  75168    0    0 163344     0 192422 208547 17  4  0 77  2	
 5 124      0 97061616  14192  75168    0    0 163408     0 190356 204522 14  4  0 79  2	
 8 121      0 97061424  14192  75168    0    0 163264     0 192596 207941 15  4  0 79  2	
 4 124      0 97061840  14192  75168    0    0 163376     0 191411 207643 15  4  0 79  2	
procs -----------memory---------- ---swap-- -----io---- --system-- -----cpu-----
 r  b   swpd   free   buff  cache   si   so    bi    bo   in   cs us sy id wa st
 9 123      0 97061904  14196  75168    0    0 163328    28 193104 207494 15  4  0 79  2	
11 119      0 97061840  14200  75172    0    0 163280     4 191863 205415 15  5  0 78  2	
 6 122      0 97061840  14200  75172    0    0 163472     0 191971 208402 16  4  0 78  2	
14 117      0 97061904  14200  75172    0    0 163248     0 188241 205727 18  5  0 76  2	
17 113      0 97061680  14200  75172    0    0 163312     0 194260 211480 16  5  0 76  2	
 4 125      0 97061216  14200  75172    0    0 163536     8 193208 209014 16  5  0 78  2	
14 117      0 97060912  14208  75180    0    0 163264    28 191654 206513 15  4  0 79  2	
 9 121      0 97060816  14208  75180    0    0 163376     0 193063 206167 16  4  0 78  2	
 9 120      0 97061328  14208  75180    0    0 163280     0 192938 208706 15  5  0 78  2	
 6 122      0 97061552  14208  75180    0    0 163360     0 192506 209733 16  4  0 78  2	
10 119      0 97061680  14208  75180    0    0 163312     0 192273 207441 15  4  0 78  2	
10 120      0 97061520  14216  75172    0    0 163344    28 188905 207340 17  5  0 76  2	
 9 120      0 97061552  14216  75180    0    0 163424     0 192394 207988 15  3  0 79  2	
 7 123      0 97061584  14216  75184    0    0 163360     0 192657 208332 16  4  0 78  2	
 8 122      0 97061520  14216  75184    0    0 163312     0 193773 209960 16  4  0 79  2	
11 117      0 97061744  14216  75184    0    0 163328     0 192144 206692 15  4  0 79  2	
10 119      0 97061872  14216  75184    0    0 163344     0 194569 211439 16  4  0 78  2	
 8 122      0 97061680  14224  75184    0    0 163392    12 192288 207752 14  4  0 80  2	
10 120      0 97061584  14224  75184    0    0 163328     0 192503 207444 15  5  0 78  2	
 6 124      0 97061552  14224  75184    0    0 163376     0 193044 207860 15  4  0 79  2	
 6 122      0 97061776  14224  75184    0    0 163312     0 191764 206409 14  4  0 80  2	
procs -----------memory---------- ---swap-- -----io---- --system-- -----cpu-----
 r  b   swpd   free   buff  cache   si   so    bi    bo   in   cs us sy id wa st
 9 121      0 97061520  14224  75184    0    0 163328    28 191975 206832 16  3  0 78  2	
 4 126      0 97061648  14232  75176    0    0 163440    16 192069 210687 17  5  0 77  2	
 8 121      0 97061712  14232  75184    0    0 163296     0 185983 202536 17  4  0 76  2	
 8 120      0 97061680  14232  75184    0    0 163328     0 193911 210108 16  4  0 78  2	
 8 121      0 97061776  14232  75184    0    0 163312     0 193439 207044 15  3  0 80  2	
13 118      0 97061928  14232  75184    0    0 163376     0 191511 204736 14  4  0 80  2	
11 119      0 97061800  14240  75176    0    0 163408    12 193811 208874 16  3  0 79  2	
11 118      0 97061576  14240  75184    0    0 163264     0 190940 206008 15  4  0 79  2	
 9 119      0 97061800  14240  75184    0    0 163392     0 192605 209237 15  4  0 79  2	
 7 120      0 97061864  14240  75184    0    0 163312     0 191492 206277 16  4  0 79  2	
 6 124      0 97061672  14240  75184    0    0 163440     0 190825 206790 16  3  0 79  2	
 7 122      0 97061608  14240  75184    0    0 163344     0 192694 206725 14  5  0 79  2	
 8 121      0 97061448  14248  75184    0    0 163328    12 190323 204002 14  4  0 79  2	
14 116      0 97061576  14248  75184    0    0 163328     0 192376 208283 16  4  0 78  2	
10 118      0 97061640  14248  75184    0    0 163360     0 189922 206775 16  5  0 78  2	
 5 124      0 97061512  14248  75184    0    0 163408    32 192066 207068 16  4  0 78  2	
 6 122      0 97061576  14248  75184    0    0 163344     0 191035 206730 14  4  0 80  2	
 5 124      0 97061416  14256  75176    0    0 163344    44 189834 203281 15  4  0 80  2	
10 119      0 97061384  14256  75184    0    0 163296     0 194411 210262 16  4  0 78  2	
 6 122      0 97061448  14256  75184    0    0 163360     0 191870 207491 15  4  0 79  2	
 5 124      0 97061608  14256  75184    0    0 163344     4 192520 207188 14  5  0 79  2	
procs -----------memory---------- ---swap-- -----io---- --system-- -----cpu-----
 r  b   swpd   free   buff  cache   si   so    bi    bo   in   cs us sy id wa st
 5 123      0 97061608  14256  75188    0    0 163360     0 192191 209399 16  4  0 78  2	
10 119      0 97061704  14256  75188    0    0 163312     0 191956 209602 17  4  0 76  2	
11 118      0 97061800  14264  75188    0    0 163392    12 192311 208531 16  4  0 78  2	
 6 123      0 97061512  14264  75188    0    0 163408     0 190702 205253 16  4  0 78  2	
10 119      0 97061544  14264  75192    0    0 163264     0 192242 206458 15  4  0 79  2	
 6 122      0 97061800  14264  75192    0    0 163424     0 191545 205459 15  4  0 79  2	
 9 121      0 97061544  14264  75192    0    0 163312     0 191028 204802 15  4  0 79  2	
 8 121      0 97061448  14272  75184    0    0 163296    12 190658 204691 15  4  0 79  2	
13 117      0 97061896  14272  75192    0    0 163360     0 192490 206782 14  4  0 80  2	
13 115      0 97061672  14272  75192    0    0 163328     4 191805 207818 16  4  0 78  2	
 9 122      0 97062056  14272  75192    0    0 163440     0 193805 209248 15  4  0 79  2	
12 118      0 97061992  14272  75192    0    0 163312     0 190783 207141 16  4  0 79  2	
11 118      0 97061832  14272  75192    0    0 163328     0 192856 206674 14  5  0 79  2	
 6 123      0 97061896  14280  75192    0    0 163440    12 193297 208596 16  4  0 77  2	
14 115      0 97061704  14280  75192    0    0 163280     0 190107 205027 15  4  0 79  2	
 7 121      0 97061704  14280  75192    0    0 163424    36 193238 208451 16  4  0 78  2	
 2 126      0 97061672  14280  75192    0    0 163376     0 193808 210786 16  4  0 78  2	
 8 121      0 97061736  14280  75192    0    0 163248     0 192916 208099 16  4  0 78  2	
10 118      0 97061800  14288  75184    0    0 163296    12 191914 205619 15  4  0 79  2	
11 119      0 97061768  14288  75192    0    0 163392     0 188117 206244 17  4  0 77  2	
 8 121      0 97061800  14288  75192    0    0 163408     0 191418 205161 15  4  0 79  2	
procs -----------memory---------- ---swap-- -----io---- --system-- -----cpu-----
 r  b   swpd   free   buff  cache   si   so    bi    bo   in   cs us sy id wa st
 7 121      0 97061448  14288  75192    0    0 163344     0 192759 207572 17  4  0 78  2	
12 118      0 97061416  14288  75192    0    0 163264     0 192588 206826 15  4  0 79  2	
 7 123      0 97061576  14288  75192    0    0 163408     0 193432 208920 16  3  0 79  2	
 3 125      0 97061832  14296  75192    0    0 163392    12 192656 207397 15  4  0 79  2	
 5 124      0 97061832  14296  75192    0    0 163296    16 193265 209659 17  4  0 77  2	
12 118      0 97061480  14296  75192    0    0 163280     0 192607 208026 15  5  0 78  2	
10 119      0 97061512  14296  75192    0    0 163392     0 193138 208636 15  5  0 78  2	
 9 119      0 97061672  14296  75192    0    0 163344     0 194031 209155 15  4  0 79  2	
 5 123      0 97061608  14304  75184    0    0 163408    28 192262 207555 15  5  0 78  2	
 5 123      0 97061608  14304  75192    0    0 163344     0 191457 204795 15  4  0 79  2	
 9 122      0 97061672  14304  75192    0    0 163296     0 190440 207743 17  4  0 77  2	
14 116      0 97061672  14304  75192    0    0 163296     0 194269 209411 16  5  0 77  2	
10 120      0 97061640  14304  75192    0    0 163376     0 192027 207801 15  5  0 78  2	
12 117      0 97061768  14304  75192    0    0 163376     0 192939 207162 16  4  0 78  2	
 5 125      0 97061736  14312  75192    0    0 163440    12 193533 207860 15  4  0 79  2	
14 117      0 97061640  14312  75192    0    0 163280     0 193575 210510 16  4  0 79  2	
11 118      0 97061832  14312  75192    0    0 163376     0 192371 207731 16  4  0 78  2	
 9 122      0 97061544  14312  75196    0    0 163456     0 190508 205875 15  4  0 79  2	
 9 122      0 97061448  14312  75196    0    0 163344     0 194323 210469 16  5  0 77  2	
 7 121      0 97061480  14320  75188    0    0 163296    12 194502 211480 17  4  0 77  2	
12 118      0 97061640  14320  75196    0    0 163312     0 190913 207778 16  4  0 78  2	
procs -----------memory---------- ---swap-- -----io---- --system-- -----cpu-----
 r  b   swpd   free   buff  cache   si   so    bi    bo   in   cs us sy id wa st
10 120      0 97061576  14320  75200    0    0 163376     0 193476 210247 15  4  0 79  2	
 7 122      0 97061416  14320  75200    0    0 163424     0 193597 209762 17  4  0 77  2	
 8 120      0 97061736  14320  75200    0    0 163312     0 191114 205492 16  4  0 78  2	
18 113      0 97061736  14320  75200    0    0 163360     0 193550 209457 15  4  0 79  2	
 6 123      0 97061704  14328  75200    0    0 163456    12 193797 208376 16  4  0 78  2	
 9 121      0 97061448  14328  75200    0    0 163376     0 193864 208196 15  4  0 79  2	
11 120      0 97061544  14328  75200    0    0 163312     0 192512 207423 15  5  0 78  2	
14 118      0 97061288  14328  75200    0    0 163312     0 193061 210181 17  3  0 78  2	
 7 121      0 97061480  14328  75200    0    0 163440    16 191254 205522 14  4  0 80  2	
 5 123      0 97061512  14336  75200    0    0 163376    12 190052 205406 15  3  0 80  2	
10 120      0 97061576  14336  75200    0    0 163280     0 188449 206633 17  4  0 77  2	
 8 123      0 97061512  14336  75200    0    0 163344     0 193817 208649 15  4  0 79  2	
 5 124      0 97061384  14336  75200    0    0 163376     0 191527 206160 16  4  0 78  2	
10 119      0 97061416  14336  75200    0    0 163280     8 192782 210788 17  4  0 76  2	
 7 122      0 97061512  14336  75200    0    0 163376     0 190879 206569 15  4  0 79  2	
11 120      0 97061640  14344  75200    0    0 163296    24 191903 207184 16  5  0 78  2	
 3 124      0 97061736  14344  75200    0    0 163424     0 190963 204570 14  4  0 80  2	
 6 123      0 97061672  14344  75200    0    0 163344     0 190295 205430 16  4  0 78  2	
 6 122      0 97061544  14344  75200    0    0 163264     0 193628 209222 16  4  0 79  2	
11 119      0 97061576  14344  75200    0    0 163328     8 191586 206048 15  4  0 79  2	
 6 123      0 97061608  14352  75196    0    0 163408    24 192918 209767 16  4  0 79  2	
procs -----------memory---------- ---swap-- -----io---- --system-- -----cpu-----
 r  b   swpd   free   buff  cache   si   so    bi    bo   in   cs us sy id wa st
10 118      0 97061384  14352  75200    0    0 163312     0 192644 208214 15  5  0 78  2	
10 119      0 97061512  14352  75200    0    0 163392     0 191386 205941 14  4  0 80  2	
11 119      0 97061640  14352  75200    0    0 163360     0 192886 208108 15  4  0 79  2	
11 117      0 97061672  14352  75200    0    0 163328     0 192321 206942 16  4  0 78  2	
 7 122      0 97061704  14352  75200    0    0 163408     0 193329 208813 16  5  0 78  2	
 7 121      0 97061608  14360  75200    0    0 163312    12 193322 209278 17  4  0 77  2	
 9 120      0 97061608  14360  75200    0    0 163360     0 190379 206465 18  4  0 76  2	
11 119      0 97061608  14360  75200    0    0 163328     0 191687 205499 16  4  0 78  2	
 6 122      0 97061736  14360  75204    0    0 163376     0 183397 201476 16  5  0 77  2	
 8 121      0 97061608  14360  75204    0    0 163296     0 194014 212352 16  5  0 77  2	
10 118      0 97061800  14368  75196    0    0 163312    12 192725 207641 14  4  0 81  2	
13 117      0 97061640  14368  75204    0    0 163376     0 192621 208965 17  4  0 77  2	
10 121      0 97061480  14368  75204    0    0 163376     0 193432 209587 15  4  0 79  2	
 7 121      0 97061512  14368  75204    0    0 163360     0 193824 209870 15  5  0 79  2	
15 116      0 97061416  14368  75204    0    0 163248     0 192263 206694 16  4  0 78  2	
11 117      0 97061928  14368  75204    0    0 163424     0 189970 204456 13  3  0 81  2	
 4 125      0 97061928  14376  75196    0    0 163408    12 192389 205805 14  5  0 79  2	
 7 122      0 97061672  14376  75204    0    0 163264     0 191841 207413 14  3  0 80  2	
 4 124      0 97061704  14376  75204    0    0 163376    16 193189 210478 17  4  0 77  2	
13 114      0 97061768  14376  75204    0    0 163136     0 192077 208445 15  4  0 79  2	
 9 121      0 97061768  14376  75204    0    0 163504     0 194113 210278 16  4  0 78  2	
procs -----------memory---------- ---swap-- -----io---- --system-- -----cpu-----
 r  b   swpd   free   buff  cache   si   so    bi    bo   in   cs us sy id wa st
 9 121      0 97061768  14384  75200    0    0 163392    12 191628 206609 16  4  0 79  2	
10 119      0 97061960  14384  75208    0    0 163376     0 191102 205816 15  4  0 79  2	
 7 122      0 97061832  14384  75208    0    0 163376     8 193233 208308 15  4  0 79  2	
10 120      0 97061832  14384  75208    0    0 163280     0 189106 202040 14  5  0 79  2	
 8 121      0 97061672  14384  75208    0    0 163360     0 191019 205583 15  4  0 79  2	
 9 121      0 97061672  14384  75208    0    0 163344     0 190383 206499 17  5  0 77  2	
10 119      0 97062224  14392  75208    0    0 163296    24 193759 210819 16  5  0 78  2	
 6 122      0 97062096  14392  75208    0    0 163408     0 188773 203806 15  4  0 79  2	
 9 119      0 97062096  14392  75208    0    0 163344     0 193534 209214 15  4  0 79  2	
 5 125      0 97062224  14392  75208    0    0 163392     0 191189 206185 16  4  0 78  2	
 8 120      0 97062192  14392  75208    0    0 163312     0 193714 209561 15  4  0 79  2	
 9 120      0 97062160  14400  75200    0    0 163328    20 193139 205922 15  3  0 80  2	
 7 121      0 97062096  14400  75208    0    0 163312     8 192228 208956 15  4  0 79  2	
10 121      0 97062192  14400  75208    0    0 163360     0 192466 209226 15  5  0 79  2	
11 118      0 97062192  14400  75208    0    0 163312     0 192281 207650 15  4  0 79  2	
10 121      0 97062128  14400  75208    0    0 163344     0 192118 208410 15  4  0 78  2	
12 117      0 97062096  14400  75208    0    0 163312     0 191381 207212 15  5  0 78  2	
12 119      0 97061936  14408  75208    0    0 163344    24 192685 208909 16  4  0 78  2	
 9 120      0 97062128  14408  75208    0    0 163328     0 191620 206982 14  4  0 80  2	
12 118      0 97062128  14408  75208    0    0 163328     0 193482 209446 15  5  0 79  2	
12 119      0 97062096  14408  75212    0    0 163408     0 193022 208855 16  4  0 78  2	
procs -----------memory---------- ---swap-- -----io---- --system-- -----cpu-----
 r  b   swpd   free   buff  cache   si   so    bi    bo   in   cs us sy id wa st
 6 124      0 97061776  14408  75212    0    0 163360     0 192423 210101 18  5  0 76  2	
 6 123      0 97061712  14416  75208    0    0 163264    12 192193 207477 15  4  0 79  2	
 8 121      0 97062032  14416  75212    0    0 163312     0 192139 208199 15  4  0 80  2	
 9 121      0 97062096  14416  75212    0    0 163408     0 191892 206112 16  4  0 78  2	
11 119      0 97061936  14416  75212    0    0 163312     0 192963 208868 15  4  0 79  2	
 8 121      0 97061840  14416  75212    0    0 163328     0 192228 208469 17  4  0 78  2	
 5 124      0 97061840  14416  75212    0    0 163392     0 193680 210495 15  5  0 78  2	
12 118      0 97061808  14424  75212    0    0 163248    16 192653 210689 16  4  0 77  2	
 6 123      0 97061712  14424  75212    0    0 163440     0 192396 208253 16  4  0 78  2	
10 120      0 97061712  14424  75212    0    0 163296     0 192496 206657 15  4  0 79  2	
 7 122      0 97061712  14424  75212    0    0 163376     0 191292 206415 15  4  0 79  2	
 5 123      0 97061936  14424  75212    0    0 163328     0 192841 208046 16  4  0 78  2	
 8 120      0 97062064  14432  75212    0    0 163312    44 192179 207399 16  4  0 78  2	
 9 120      0 97062064  14432  75212    0    0 163328     0 191263 206253 17  4  0 77  2	
10 120      0 97062032  14432  75212    0    0 163312     0 187917 202143 18  3  0 78  2	
11 118      0 97061904  14432  75212    0    0 163344     0 190965 205247 15  4  0 80  2	
 9 120      0 97061936  14432  75212    0    0 163424     0 190629 205964 16  4  0 78  2	
10 121      0 97062032  14432  75216    0    0 163392    16 195784 210896 17  4  0 77  2	
10 120      0 97062096  14440  75216    0    0 163264    32 192887 207304 15  4  0 79  2	
10 119      0 97061936  14440  75216    0    0 163328     0 192645 209283 17  4  0 77  2	
 5 123      0 97061904  14440  75216    0    0 163424     0 190099 204448 14  4  0 80  2	
procs -----------memory---------- ---swap-- -----io---- --system-- -----cpu-----
 r  b   swpd   free   buff  cache   si   so    bi    bo   in   cs us sy id wa st
13 117      0 97061712  14440  75220    0    0 163312     0 192315 209352 16  4  0 78  2	
 4 125      0 97062096  14440  75220    0    0 163408     8 191395 205266 14  5  0 79  2	
 9 120      0 97061968  14448  75216    0    0 163280    32 192787 208880 18  4  0 76  2	
13 118      0 97062000  14448  75220    0    0 163312     0 186719 204313 17  5  0 76  2	
13 116      0 97062096  14448  75220    0    0 163344     0 191545 208642 16  4  0 79  2	
10 118      0 97061936  14448  75220    0    0 163424     0 191486 208330 16  4  0 78  2	
 7 123      0 97062096  14448  75220    0    0 163360     0 188487 204025 17  4  0 78  2	
 9 120      0 97062064  14448  75220    0    0 163328     0 189716 206427 14  4  0 79  2	
10 119      0 97062000  14456  75220    0    0 163360    20 193612 209417 16  4  0 78  2	
10 119      0 97062000  14456  75220    0    0 163360     0 191408 208305 16  4  0 79  2	
12 118      0 97061904  14456  75224    0    0 163344     0 193396 209788 14  5  0 79  2	
11 119      0 97061744  14456  75224    0    0 163360     4 191726 207016 15  3  0 80  2	
 9 122      0 97061552  14456  75228    0    0 163376     0 192636 209285 14  4  0 80  2	
 9 120      0 97061328  14464  75228    0    0 163328    20 194227 211078 15  5  0 78  2	
 6 123      0 97061840  14464  75228    0    0 163392     0 194556 211749 15  5  0 78  2	
14 116      0 97061712  14464  75228    0    0 163216     0 190102 205362 16  4  0 78  2	
 8 121      0 97061744  14464  75228    0    0 163472     0 190770 205704 15  5  0 78  2	
 5 123      0 97061744  14464  75228    0    0 163328     0 193205 207328 15  4  0 79  2	
 7 121      0 97061560  14464  75228    0    0 163312     0 193096 207269 16  4  0 79  2	
 7 122      0 97061656  14472  75228    0    0 163328    20 191153 204608 15  4  0 79  2	
10 120      0 97062040  14472  75228    0    0 163312     0 192877 210121 16  4  0 78  2	
procs -----------memory---------- ---swap-- -----io---- --system-- -----cpu-----
 r  b   swpd   free   buff  cache   si   so    bi    bo   in   cs us sy id wa st
10 121      0 97061816  14472  75228    0    0 163360     0 191730 207827 15  4  0 79  2	
 5 123      0 97061848  14472  75228    0    0 163392    24 192695 208938 17  5  0 76  2	
 7 122      0 97061624  14472  75228    0    0 163312     0 189459 205232 17  4  0 77  2	
 6 124      0 97061976  14480  75228    0    0 163440    12 188345 203353 15  4  0 79  2	
 6 122      0 97061752  14480  75228    0    0 163328     0 190644 209163 18  4  0 75  2	
 8 121      0 97061816  14480  75228    0    0 163312     0 190856 205026 16  3  0 79  2	
 6 123      0 97061912  14480  75228    0    0 163360    24 191975 206834 16  4  0 78  2	
15 115      0 97061848  14480  75228    0    0 163216     0 193555 209810 16  5  0 77  2	
17 115      0 97061912  14480  75228    0    0 163344     0 191945 206408 14  4  0 79  2	
 9 121      0 97061912  14488  75228    0    0 163440    44 191656 208157 15  4  0 79  2	
 5 125      0 97061976  14488  75228    0    0 163408     0 192945 208990 16  5  0 78  2	
 9 120      0 97061912  14488  75228    0    0 163296     4 191794 206944 15  4  0 79  2	
 6 122      0 97061944  14488  75228    0    0 163328     0 191484 208095 18  4  0 76  2	
 9 122      0 97062168  14488  75228    0    0 163376     0 193765 210194 16  4  0 78  2	
 9 119      0 97062008  14496  75220    0    0 163344    12 188313 204858 16  4  0 78  2	
 6 123      0 97061752  14496  75228    0    0 163328     0 191771 208089 16  4  0 79  2	
 9 119      0 97061624  14496  75228    0    0 163360     0 190608 205336 15  4  0 79  2	
 4 125      0 97061496  14496  75228    0    0 163376     0 186236 203055 15  5  0 78  2	
 8 121      0 97061496  14496  75228    0    0 163344     0 192322 208668 16  4  0 78  2	
11 118      0 97061656  14496  75228    0    0 163328     0 191636 205813 14  4  0 80  2	
 6 122      0 97061688  14504  75228    0    0 163392    12 192218 207158 16  4  0 79  2	
procs -----------memory---------- ---swap-- -----io---- --system-- -----cpu-----
 r  b   swpd   free   buff  cache   si   so    bi    bo   in   cs us sy id wa st
 5 125      0 97061816  14504  75232    0    0 163344     0 189957 205727 16  4  0 78  2	
10 120      0 97061880  14504  75236    0    0 163296     0 190893 205135 16  4  0 78  2	
15 117      0 97061848  14504  75236    0    0 163328     0 187893 205593 15  4  0 79  2	
 7 123      0 97061848  14504  75236    0    0 163408     0 192524 207486 15  4  0 79  2	
 9 121      0 97062040  14512  75236    0    0 163328    12 192053 208216 15  5  0 79  2	
 8 121      0 97061816  14512  75236    0    0 163264     0 186855 204686 17  5  0 77  2	
 6 122      0 97061912  14512  75236    0    0 163360     0 192332 207106 16  4  0 79  2	
12 120      0 97061912  14512  75236    0    0 163312     0 190929 206894 16  4  0 79  2	
 8 121      0 97061912  14512  75236    0    0 163376     0 193788 212942 18  4  0 76  2	
 7 121      0 97061784  14512  75236    0    0 163328     0 190357 206033 17  4  0 77  2	
11 119      0 97061816  14520  75236    0    0 163312    12 192721 207454 16  4  0 79  2	
 2 127      0 97061816  14520  75236    0    0 163440     0 189589 203000 16  4  0 78  2	
 8 121      0 97062072  14520  75236    0    0 163248     0 192877 208468 16  3  0 79  2	
 7 123      0 97062136  14520  75236    0    0 163424     0 191873 207686 16  4  0 77  2	
11 118      0 97062008  14520  75236    0    0 163312     0 192402 208556 16  3  0 79  2	
 9 121      0 97061912  14528  75236    0    0 163376    56 191287 204621 15  4  0 80  2	
 8 120      0 97061816  14528  75236    0    0 163328     0 192052 207641 16  5  0 77  2	
11 118      0 97062200  14528  75236    0    0 163344     0 190299 204886 15  4  0 79  2	
 8 120      0 97062008  14528  75236    0    0 163360     0 191430 206669 15  3  0 79  2	
 9 119      0 97062072  14528  75236    0    0 163344     0 192122 206968 15  4  0 79  2	
11 119      0 97061912  14536  75228    0    0 163360    24 190704 206126 16  4  0 79  2	
procs -----------memory---------- ---swap-- -----io---- --system-- -----cpu-----
 r  b   swpd   free   buff  cache   si   so    bi    bo   in   cs us sy id wa st
12 118      0 97062040  14536  75236    0    0 163344     0 192540 209704 16  4  0 78  2	
 8 122      0 97061976  14536  75236    0    0 163392     0 195482 210802 16  4  0 78  2	
 3 126      0 97061912  14536  75236    0    0 163344     0 192444 208490 16  4  0 78  2	
15 115      0 97062008  14536  75236    0    0 163264     0 192047 207457 15  4  0 78  2	
11 120      0 97061752  14536  75236    0    0 163376     0 191834 205613 16  4  0 79  2	
12 119      0 97061752  14544  75228    0    0 163408    20 192547 210788 16  4  0 77  2	
 8 121      0 97061752  14544  75236    0    0 163360     0 193333 210022 17  4  0 77  2	
 3 125      0 97061752  14544  75236    0    0 163360     0 192914 207529 15  4  0 79  2	
10 119      0 97061848  14544  75236    0    0 163328     0 193840 210514 15  4  0 78  2	
 5 125      0 97061880  14544  75236    0    0 163376     0 185357 204240 16  4  0 77  2	
 7 122      0 97061816  14552  75236    0    0 163360    24 191782 205352 16  3  0 79  2	
11 119      0 97061656  14552  75236    0    0 163328     0 193567 209377 16  4  0 78  2	
 8 122      0 97061496  14552  75236    0    0 163376     0 190338 206538 15  4  0 79  2	
 5 124      0 97061656  14552  75240    0    0 163360     0 192098 206761 15  4  0 79  2	
 6 123      0 97061784  14552  75240    0    0 163360     0 191698 208186 15  5  0 78  2	
11 119      0 97061656  14552  75240    0    0 163312     0 192046 205829 16  4  0 78  2	
 9 121      0 97061656  14560  75240    0    0 163344    12 193274 209295 16  5  0 78  2	
 5 123      0 97061848  14560  75240    0    0 163376     0 192124 207390 15  4  0 78  2	
 6 123      0 97061688  14560  75240    0    0 163296     0 191418 206540 15  4  0 79  2	
10 119      0 97061624  14560  75240    0    0 163376     0 192636 208251 16  4  0 78  2	
 9 119      0 97061816  14560  75240    0    0 163344     0 189873 207841 18  5  0 75  2	
procs -----------memory---------- ---swap-- -----io---- --system-- -----cpu-----
 r  b   swpd   free   buff  cache   si   so    bi    bo   in   cs us sy id wa st
 8 123      0 97061816  14568  75232    0    0 163392    12 191433 206582 14  4  0 80  2	
10 119      0 97061656  14568  75244    0    0 163312     0 189517 205715 17  4  0 77  2	
 4 125      0 97061912  14568  75244    0    0 163408     0 193057 208384 14  4  0 80  2	
11 120      0 97061880  14568  75244    0    0 163264     0 192057 207316 15  4  0 79  2	
10 119      0 97062136  14568  75244    0    0 163360     8 192676 206926 15  5  0 79  2	
 5 123      0 97062008  14568  75244    0    0 163440     0 190428 205718 16  4  0 78  2	
 6 122      0 97061792  14576  75244    0    0 163296    24 192398 208508 15  4  0 78  2	
 5 124      0 97061664  14576  75244    0    0 163376     0 192040 206939 15  5  0 79  2	
 6 121      0 97061728  14576  75244    0    0 163360     0 190798 206786 15  4  0 79  2	
11 121      0 97061696  14576  75244    0    0 163344    20 192740 208780 15  4  0 79  2	
 7 121      0 97061664  14576  75244    0    0 163328     0 187834 206242 16  5  0 78  2	
 9 120      0 97061472  14584  75244    0    0 163408    12 193208 209333 16  5  0 77  2	
15 116      0 97061440  14584  75244    0    0 163264     0 188406 208460 17  4  0 77  2	
 9 120      0 97061920  14584  75244    0    0 163440     0 192008 207999 16  4  0 78  2	
14 118      0 97061760  14584  75244    0    0 163312     0 192217 209604 16  5  0 78  2	
 7 121      0 97061664  14584  75244    0    0 163392     0 188089 204857 17  4  0 77  2	
 5 124      0 97061952  14584  75244    0    0 163376     0 192911 207344 15  4  0 79  2	
 8 121      0 97061856  14592  75244    0    0 163296    16 192410 207688 15  4  0 79  2	
 9 119      0 97061696  14592  75244    0    0 163328     0 192217 208603 15  4  0 79  2	
10 119      0 97061536  14592  75244    0    0 163328     8 191669 208608 17  4  0 77  2	
 7 123      0 97061600  14592  75244    0    0 163408     0 192485 206167 15  4  0 80  2	
procs -----------memory---------- ---swap-- -----io---- --system-- -----cpu-----
 r  b   swpd   free   buff  cache   si   so    bi    bo   in   cs us sy id wa st
10 119      0 97061600  14592  75244    0    0 163296     0 193611 209560 16  4  0 78  2	
10 119      0 97061728  14600  75244    0    0 163344    24 193220 209449 15  4  0 78  2	
 6 123      0 97061664  14600  75244    0    0 163360     0 191715 207484 16  4  0 77  2	
 5 124      0 97061536  14600  75244    0    0 163392     0 193482 208332 16  4  0 78  2	
13 117      0 97061504  14600  75248    0    0 163216     0 192246 207103 17  4  0 78  2	
 8 122      0 97061376  14600  75248    0    0 163424     0 191751 206919 15  4  0 79  2	
12 117      0 97061472  14600  75248    0    0 163296     0 190267 205357 16  4  0 79  2	
 4 124      0 97061536  14608  75248    0    0 163392    12 193842 208722 16  4  0 78  2	
 6 122      0 97061536  14608  75248    0    0 163296     0 193051 210026 16  4  0 78  2	
13 118      0 97061696  14608  75248    0    0 163360     0 190847 205841 13  4  0 81  2	
13 117      0 97061472  14608  75248    0    0 163296     0 191412 206729 16  4  0 78  2	
 7 120      0 97061504  14608  75248    0    0 163424     0 192441 207643 16  4  0 79  2	
 8 122      0 97061472  14616  75248    0    0 163440    12 190080 206048 15  4  0 79  2	
 5 125      0 97061536  14616  75248    0    0 163344     0 186612 204782 16  4  0 78  2	
 8 120      0 97061696  14616  75248    0    0 163296     0 192604 208148 13  4  0 80  2	
10 120      0 97061792  14616  75248    0    0 163376     0 192862 208297 16  4  0 78  2	
 9 120      0 97061824  14616  75248    0    0 163312     0 191012 206194 15  5  0 79  2	
10 121      0 97061696  14616  75248    0    0 163344     0 187582 202944 15  4  0 79  2	
 7 121      0 97061696  14624  75248    0    0 163328    12 191894 206644 14  4  0 79  2	
 5 124      0 97061856  14624  75248    0    0 163392     8 191326 206185 15  4  0 79  2	
11 119      0 97061824  14624  75252    0    0 163328     0 189475 203724 17  4  0 77  2	
procs -----------memory---------- ---swap-- -----io---- --system-- -----cpu-----
 r  b   swpd   free   buff  cache   si   so    bi    bo   in   cs us sy id wa st
 4 124      0 97061600  14624  75252    0    0 163392     0 190315 206113 17  4  0 78  2	
 9 121      0 97061792  14624  75252    0    0 163296     0 192829 207206 15  4  0 80  2	
 7 121      0 97061568  14632  75252    0    0 163376    24 191837 206548 15  4  0 79  2	
10 120      0 97061824  14632  75252    0    0 163312    24 189826 204493 15  4  0 79  2	
 9 121      0 97061760  14632  75252    0    0 163360     0 191884 207728 15  4  0 79  2	
10 119      0 97061696  14632  75252    0    0 163280     0 190607 204344 15  4  0 80  2	
 8 121      0 97061792  14632  75252    0    0 163440     0 190798 204932 16  4  0 78  2	
13 117      0 97061728  14632  75252    0    0 163280     0 192414 208620 14  5  0 79  2	
 7 121      0 97061792  14640  75252    0    0 163376    24 192628 207606 17  4  0 78  2	
 9 119      0 97061568  14640  75252    0    0 163344     0 192082 208502 17  4  0 77  2	
 8 120      0 97061600  14640  75252    0    0 163392     0 192708 209054 17  4  0 78  2	
 7 121      0 97061760  14640  75252    0    0 163392     0 189639 205349 15  4  0 79  2	
 8 120      0 97061792  14640  75252    0    0 163392     0 192203 207039 17  4  0 77  2	
 8 120      0 97061760  14648  75252    0    0 163328    24 192788 208468 16  4  0 78  2	
 6 122      0 97061728  14648  75252    0    0 163360     0 192361 207364 16  4  0 78  2	
 6 122      0 97061440  14648  75252    0    0 163328     0 191714 207286 16  4  0 78  2	
12 118      0 97061472  14648  75256    0    0 163296     0 188895 204853 15  5  0 79  2	
10 120      0 97061632  14648  75256    0    0 163376     0 188341 205998 17  4  0 77  2	
 8 122      0 97061664  14648  75256    0    0 163408     0 190767 206450 15  4  0 79  2	
 8 119      0 97061728  14656  75256    0    0 163280    12 186674 205241 17  5  0 75  2	
 5 124      0 97061632  14656  75256    0    0 163392     0 193101 208705 17  4  0 78  2	
procs -----------memory---------- ---swap-- -----io---- --system-- -----cpu-----
 r  b   swpd   free   buff  cache   si   so    bi    bo   in   cs us sy id wa st
10 121      0 97061856  14656  75256    0    0 163280     0 191431 208172 16  4  0 78  2	
 6 122      0 97061888  14656  75256    0    0 163392     0 191735 208622 15  4  0 79  2	
 5 123      0 97061792  14656  75256    0    0 163312     0 191258 206019 14  4  0 80  2	
 5 124      0 97061696  14664  75256    0    0 163424    12 191640 206862 15  4  0 79  2	
 7 121      0 97061696  14664  75256    0    0 163264     0 192988 208612 14  4  0 80  2	
11 118      0 97061792  14664  75256    0    0 163312     0 192334 207647 15  4  0 79  2	
 4 124      0 97061728  14664  75256    0    0 163472     0 191753 206993 16  5  0 78  2	
11 120      0 97061856  14664  75256    0    0 163296     0 193178 208445 16  4  0 78  2	
13 118      0 97062112  14664  75256    0    0 163296     8 193685 210054 16  5  0 77  2	
10 121      0 97061792  14672  75256    0    0 163472    24 190890 206604 16  4  0 78  2	
11 121      0 97061472  14672  75256    0    0 163312     0 191973 205440 15  4  0 79  2	
 5 124      0 97061504  14672  75256    0    0 163344     0 191328 206810 15  4  0 79  2	
13 120      0 97061664  14672  75256    0    0 163296     0 192388 207096 16  4  0 78  2	
11 121      0 97061664  14672  75256    0    0 163376     0 192772 208625 14  4  0 80  2	
11 120      0 97061472  14680  75256    0    0 163328    12 192561 208210 16  4  0 78  2	
 8 122      0 97061504  14680  75256    0    0 163392     0 193722 209420 16  4  0 78  2	
11 120      0 97061664  14680  75256    0    0 163312     0 190734 204739 15  4  0 79  2	
 2 126      0 97061664  14680  75256    0    0 163456     0 191889 206823 15  4  0 79  2	
 6 123      0 97061600  14680  75256    0    0 163296    24 191076 205927 15  4  0 79  2	
12 118      0 97061472  14680  75256    0    0 163312     0 194028 211227 16  4  0 78  2	
12 116      0 97061472  14688  75260    0    0 163280    12 188086 205780 16  5  0 78  2	
procs -----------memory---------- ---swap-- -----io---- --system-- -----cpu-----
 r  b   swpd   free   buff  cache   si   so    bi    bo   in   cs us sy id wa st
10 119      0 97061632  14688  75260    0    0 163392     0 191537 205812 14  4  0 80  2	
 5 123      0 97061632  14688  75260    0    0 163376     0 191850 205665 15  4  0 80  2	
 4 124      0 97061472  14688  75260    0    0 163408     0 192234 206809 16  4  0 79  2	
 3 125      0 97061696  14688  75260    0    0 163344     0 192668 208634 17  4  0 77  2	
 7 122      0 97061760  14696  75260    0    0 163312    12 191744 205712 15  4  0 79  2	
16 117      0 97061760  14696  75260    0    0 163264     0 191388 207669 16  4  0 78  2	
 6 122      0 97061664  14696  75260    0    0 163472     0 191871 205803 15  4  0 79  2	
 9 121      0 97061728  14696  75264    0    0 163264     0 190711 207449 18  4  0 76  2	
 6 122      0 97061728  14696  75264    0    0 163376     0 195138 208922 15  4  0 79  2	
12 118      0 97061568  14696  75264    0    0 163296     0 192166 205482 15  3  0 80  2	
 7 123      0 97061504  14704  75264    0    0 163440    12 193281 207212 14  4  0 80  2	
10 120      0 97061920  14704  75264    0    0 163328     0 194353 209562 15  4  0 79  2	
11 118      0 97061920  14704  75264    0    0 163360     0 192354 207869 15  5  0 78  2	
 5 124      0 97061824  14704  75264    0    0 163440     0 192451 208402 16  5  0 78  2	
 8 120      0 97061728  14704  75264    0    0 163280     0 191696 208957 17  4  0 78  2	
 8 121      0 97061472  14712  75264    0    0 163360    12 189801 203124 14  4  0 80  2	
 4 124      0 97061856  14712  75264    0    0 163344     0 192069 205571 15  4  0 79  2	
 5 123      0 97061856  14712  75264    0    0 163296     8 191504 207681 15  4  0 79  2	
 3 125      0 97061696  14712  75264    0    0 163360     0 191969 205845 14  4  0 79  2	
10 117      0 97061600  14712  75264    0    0 163248     0 191194 205444 14  4  0 80  2	
16 116      0 97061504  14712  75264    0    0 163312     0 191789 206988 15  3  0 79  2	
procs -----------memory---------- ---swap-- -----io---- --system-- -----cpu-----
 r  b   swpd   free   buff  cache   si   so    bi    bo   in   cs us sy id wa st
14 118      0 97061728  14720  75264    0    0 163408    24 192526 207290 15  4  0 79  2	
 9 121      0 97061760  14720  75264    0    0 163360     0 191657 205777 14  4  0 80  2	
 8 121      0 97061952  14720  75264    0    0 163360     0 191746 206838 14  4  0 80  2	
 6 123      0 97061760  14720  75264    0    0 163360     0 192606 206746 16  4  0 79  2	
11 118      0 97061664  14720  75264    0    0 163248     0 191631 207332 15  4  0 79  2	
16 117      0 97061600  14728  75264    0    0 163344    12 192887 207014 15  4  0 79  2	
 9 120      0 97061760  14728  75264    0    0 163408     8 190771 205702 15  4  0 79  2	
 6 122      0 97061888  14728  75264    0    0 163376     0 193137 208148 17  4  0 78  2	
10 120      0 97061728  14728  75264    0    0 163296     0 195046 211773 17  4  0 77  2	
 5 125      0 97061760  14728  75264    0    0 163440     0 191587 207067 15  5  0 79  2	
 3 125      0 97061824  14728  75264    0    0 163344     0 193487 208525 16  4  0 78  2	
 5 124      0 97061696  14736  75264    0    0 163360    24 193218 208484 16  4  0 78  2	
12 117      0 97061728  14736  75264    0    0 163216    20 191161 205120 15  4  0 79  2	
 7 123      0 97061760  14736  75264    0    0 163440     0 193793 210276 16  5  0 77  2	
 4 126      0 97061760  14736  75264    0    0 163376     0 194342 209434 15  5  0 78  2	
 1 127      0 97061760  14736  75264    0    0 163360     0 192758 206260 15  4  0 78  2	
 8 120      0 97061952  14744  75264    0    0 163264    12 182673 201193 17  5  0 76  2	
 9 119      0 97061760  14744  75264    0    0 163312     0 192066 207033 16  4  0 78  2	
 6 122      0 97061536  14744  75264    0    0 163408     0 193116 208280 16  4  0 79  2	
 8 120      0 97061728  14744  75268    0    0 163328     0 191968 207273 16  4  0 78  2	
 9 121      0 97061696  14744  75272    0    0 163328     0 192647 208096 16  4  0 79  2	
procs -----------memory---------- ---swap-- -----io---- --system-- -----cpu-----
 r  b   swpd   free   buff  cache   si   so    bi    bo   in   cs us sy id wa st
 6 123      0 97061664  14744  75272    0    0 163376     8 191916 205753 14  4  0 80  2	
 8 121      0 97061792  14752  75272    0    0 163344     4 194466 211659 16  4  0 78  2	
 8 123      0 97061696  14752  75272    0    0 163328     0 191042 206980 16  4  0 78  2	
 6 122      0 97061696  14752  75272    0    0 163344     0 192667 207983 15  4  0 79  2	
 5 123      0 97061504  14752  75272    0    0 163408     0 191463 209310 17  4  0 77  2	
 9 119      0 97061408  14752  75272    0    0 163264     0 190314 204390 18  4  0 76  2	
10 119      0 97061504  14760  75272    0    0 163312    20 190901 204834 14  5  0 79  2	
12 118      0 97061600  14760  75272    0    0 163328     0 193757 208574 15  4  0 78  2	
11 119      0 97061696  14760  75272    0    0 163392     0 193979 210647 16  4  0 77  2	
 6 122      0 97061920  14760  75272    0    0 163360     0 191471 204034 14  4  0 80  2	
 6 123      0 97062016  14760  75272    0    0 163344     0 190665 203751 15  4  0 80  2	
 9 122      0 97061568  14768  75272    0    0 163312    24 191572 206084 15  4  0 80  2	
 9 119      0 97061536  14768  75272    0    0 163328     0 192875 206894 15  4  0 79  2	
 5 123      0 97061440  14768  75272    0    0 163424     0 191466 205574 14  4  0 80  2	
12 118      0 97061728  14768  75272    0    0 163248     0 193509 209262 16  4  0 78  2	
 6 121      0 97061600  14768  75272    0    0 163360     0 191252 208370 16  4  0 78  2	
12 119      0 97061632  14768  75272    0    0 163312     8 193918 209497 16  4  0 78  2	
 7 123      0 97061728  14776  75272    0    0 163408    24 194203 210205 15  5  0 78  2	
 8 122      0 97061728  14776  75272    0    0 163328     0 191556 206332 15  4  0 79  2	
13 118      0 97061664  14776  75272    0    0 163296     0 194735 211129 16  4  0 78  2	
 9 122      0 97061632  14776  75272    0    0 163472     0 191821 205277 16  4  0 78  2	
procs -----------memory---------- ---swap-- -----io---- --system-- -----cpu-----
 r  b   swpd   free   buff  cache   si   so    bi    bo   in   cs us sy id wa st
16 114      0 97061696  14776  75272    0    0 163248     0 190215 203812 16  4  0 79  2	
11 120      0 97061728  14784  75272    0    0 163440    16 192389 206494 15  4  0 79  2	
10 120      0 97061728  14784  75272    0    0 163312     0 191033 207391 16  4  0 78  2	
11 121      0 97061824  14784  75272    0    0 163424     0 188325 208041 18  4  0 76  2	
 8 120      0 97061696  14784  75272    0    0 163312     0 191244 207389 14  5  0 79  2	
 8 122      0 97061888  14784  75272    0    0 163344    24 193030 207975 15  5  0 78  2	
 9 121      0 97061760  14784  75272    0    0 163328     0 192956 211206 15  4  0 79  2	
 6 123      0 97061792  14792  75272    0    0 163360    12 191381 206606 15  4  0 79  2	
15 116      0 97061632  14792  75272    0    0 163296     0 194589 212194 17  4  0 77  2	
13 116      0 97061568  14792  75272    0    0 163424     0 193730 209152 17  4  0 77  2	
 8 121      0 97061536  14792  75276    0    0 163392     0 189399 206204 15  5  0 78  2	
10 119      0 97061568  14792  75276    0    0 163312     0 192664 205747 14  4  0 81  2	
 6 124      0 97061536  14800  75276    0    0 163376    12 190932 206046 16  4  0 78  2	
 8 121      0 97061632  14800  75276    0    0 163328     0 193605 210677 16  4  0 78  2	
 8 122      0 97061792  14800  75276    0    0 163360     0 192587 208604 17  4  0 77  2	
 7 123      0 97061664  14800  75276    0    0 163328     0 190759 204509 14  4  0 80  2	
 6 123      0 97061568  14800  75276    0    0 163328     0 193655 208951 15  5  0 78  2	
11 119      0 97061632  14800  75276    0    0 163280     0 192068 207104 15  4  0 79  2	
 6 122      0 97061600  14808  75276    0    0 163424    12 192474 208387 15  4  0 79  2	
11 120      0 97061696  14808  75276    0    0 163264     0 192803 207776 15  5  0 79  2	
 9 119      0 97061664  14808  75280    0    0 163328     0 190851 207645 15  4  0 79  2	
procs -----------memory---------- ---swap-- -----io---- --system-- -----cpu-----
 r  b   swpd   free   buff  cache   si   so    bi    bo   in   cs us sy id wa st
13 118      0 97061760  14808  75280    0    0 163376     8 191398 207577 16  4  0 78  2	
 7 121      0 97061728  14808  75280    0    0 163376     0 193223 208675 16  4  0 78  2	
 8 121      0 97061632  14816  75280    0    0 163344    24 190490 204593 14  4  0 80  2	
 8 121      0 97061472  14816  75280    0    0 163376     0 190586 204083 14  4  0 80  2	
13 116      0 97061568  14816  75280    0    0 163280     0 192481 207911 15  4  0 79  2	
 5 123      0 97061504  14816  75280    0    0 163408     8 192876 210336 16  5  0 78  2	
 6 122      0 97061504  14816  75280    0    0 163344     0 192034 207088 15  4  0 79  2	
 8 121      0 97061920  14816  75280    0    0 163264     0 193274 207507 15  4  0 79  2	
 8 122      0 97061920  14824  75280    0    0 163408    24 192085 209328 16  5  0 77  2	
13 116      0 97061760  14824  75280    0    0 163280     0 189717 205888 14  4  0 80  2	
11 119      0 97061696  14824  75280    0    0 163360     4 193650 210895 16  4  0 78  2	
 4 125      0 97061888  14824  75280    0    0 163488     0 189468 204546 16  5  0 77  2	
13 116      0 97061320  14824  75280    0    0 163216     0 191389 205014 14  5  0 79  2	
13 118      0 97061512  14832  75280    0    0 163376    20 192483 208282 16  4  0 78  2	
11 117      0 97061320  14832  75280    0    0 163360     0 191613 208632 15  5  0 78  2	
10 120      0 97061352  14832  75280    0    0 163408     0 192660 208557 16  5  0 78  2	
 8 120      0 97061352  14832  75280    0    0 163360     0 194700 211358 16  4  0 78  2	
 8 121      0 97061448  14832  75280    0    0 163344     0 193120 207421 14  4  0 80  2	
 5 123      0 97061416  14832  75280    0    0 163376     0 193215 207332 14  5  0 79  2	
12 116      0 97061416  14840  75280    0    0 163232    12 192222 206338 15  4  0 79  2	
 7 121      0 97061416  14840  75280    0    0 163376    24 192275 207966 15  4  0 78  2	
procs -----------memory---------- ---swap-- -----io---- --system-- -----cpu-----
 r  b   swpd   free   buff  cache   si   so    bi    bo   in   cs us sy id wa st
 9 121      0 97061224  14840  75280    0    0 163360     0 190842 205830 14  5  0 79  2	
10 120      0 97061320  14840  75284    0    0 163328     0 191935 207411 16  4  0 78  2	
 9 121      0 97061384  14840  75284    0    0 163312     0 190641 206263 17  3  0 78  2	
 8 121      0 97061256  14848  75284    0    0 163328    12 189368 204673 15  4  0 79  2	
12 118      0 97061320  14848  75284    0    0 163328     0 192036 207287 16  4  0 78  2	
 6 123      0 97061480  14848  75284    0    0 163408     0 190924 206674 16  4  0 78  2	
 7 121      0 97061192  14848  75284    0    0 163328     0 190160 205443 16  4  0 78  2	
 5 124      0 97061512  14848  75284    0    0 163376     0 193759 209956 17  4  0 77  2	
 4 124      0 97061288  14848  75284    0    0 163392     0 192536 209455 16  4  0 78  2	
 8 121      0 97061096  14856  75284    0    0 163296    20 192563 207443 16  4  0 79  2	
81 86      0 97061352  14856  75284    0    0 162240     0 188629 204630 16  4  0 78  2	
 7 122      0 97061448  14856  75284    0    0 164464     0 190646 206388 16  4  0 78  2	
 8 121      0 97061640  14856  75284    0    0 163328     0 190860 206923 16  4  0 78  2	
 8 120      0 97061576  14856  75284    0    0 163312     0 191693 206705 16  4  0 78  2	
12 119      0 97061448  14864  75284    0    0 163360    24 191643 205988 15  5  0 78  2	
17 113      0 97061416  14864  75284    0    0 163232     4 184545 202527 16  5  0 77  2	
 8 122      0 97061224  14864  75284    0    0 163520     0 191977 206980 15  4  0 79  2	
 5 124      0 97061352  14864  75284    0    0 163392     0 190652 204698 14  3  0 81  2	
 6 124      0 97061416  14864  75284    0    0 163296     0 194989 210376 16  4  0 79  2	
 9 121      0 97061192  14864  75284    0    0 163328     0 192539 206014 16  4  0 78  2	
 6 124      0 97061256  14872  75288    0    0 163376    12 190329 207738 18  5  0 75  2	
procs -----------memory---------- ---swap-- -----io---- --system-- -----cpu-----
 r  b   swpd   free   buff  cache   si   so    bi    bo   in   cs us sy id wa st
 9 120      0 97061256  14872  75288    0    0 163296     0 193253 207078 15  4  0 79  2	
 9 119      0 97061480  14872  75288    0    0 163312     0 191059 207943 16  4  0 78  2	
10 120      0 97061384  14872  75288    0    0 163392     0 191996 207093 16  4  0 77  2	
 6 122      0 97061288  14872  75288    0    0 163408     0 191229 206332 15  4  0 79  2	
 8 121      0 97061384  14880  75288    0    0 163280    20 185590 201945 16  5  0 78  2	
10 120      0 97061320  14880  75288    0    0 163328     0 191356 207752 15  5  0 78  2	
 6 123      0 97061192  14880  75288    0    0 163408     0 191117 207208 17  4  0 78  2	
13 116      0 97061096  14880  75288    0    0 163248     0 191384 204606 14  3  0 80  2	
10 119      0 97061320  14880  75288    0    0 163440     0 193105 207880 16  4  0 78  2	
14 117      0 97061160  14888  75288    0    0 163296    12 193389 209210 15  4  0 79  2	
 9 121      0 97061224  14888  75288    0    0 163424     0 191160 205502 14  4  0 80  2	
11 118      0 97061320  14888  75288    0    0 163296     0 188490 207836 18  4  0 75  2	
 4 124      0 97061256  14888  75288    0    0 163424     0 189336 206470 17  4  0 77  2	
 7 123      0 97061160  14888  75292    0    0 163328     0 191414 207933 16  4  0 79  2	
 9 120      0 97061128  14888  75292    0    0 163264    12 189736 202972 14  4  0 80  2	
10 118      0 97061448  14896  75292    0    0 163296    12 193577 212296 17  4  0 77  2	
 5 123      0 97061288  14896  75292    0    0 163408     0 191950 209881 16  4  0 78  2	
16 113      0 97061224  14896  75292    0    0 163216     0 191530 206972 15  4  0 79  2	
10 120      0 97061352  14896  75292    0    0 163472     0 191958 206508 14  4  0 80  2	
 7 121      0 97061352  14896  75292    0    0 163328     8 191147 205839 14  4  0 79  2	
 9 119      0 97061256  14904  75292    0    0 163312    24 190765 206477 14  5  0 79  2	
procs -----------memory---------- ---swap-- -----io---- --system-- -----cpu-----
 r  b   swpd   free   buff  cache   si   so    bi    bo   in   cs us sy id wa st
 8 121      0 97061256  14904  75292    0    0 163424     0 189911 204559 16  4  0 78  2	
 7 121      0 97061288  14904  75292    0    0 163328     0 192085 208118 15  4  0 79  2	
 5 123      0 97061256  14904  75292    0    0 163360     0 193528 207984 15  4  0 79  2	
 7 121      0 97061288  14904  75292    0    0 163264     0 192047 206008 15  4  0 80  2	
10 119      0 97061128  14904  75292    0    0 163328     0 192352 206174 14  5  0 79  2	
15 116      0 97061032  14912  75292    0    0 163376    12 193356 208991 15  5  0 78  2	
 7 121      0 97061128  14912  75292    0    0 163360     0 193135 208083 16  4  0 78  2	
 8 121      0 97061192  14912  75292    0    0 163408     0 191477 206172 16  4  0 78  2	
 7 123      0 97061064  14912  75292    0    0 163312     8 192082 206491 15  4  0 79  2	
 8 120      0 97061224  14912  75292    0    0 163312     0 193804 208346 14  5  0 79  2	
 9 120      0 97061256  14920  75292    0    0 163328    24 191212 210056 17  4  0 76  2	
16 115      0 97061544  14920  75292    0    0 163280     0 190018 205257 16  3  0 79  2	
10 119      0 97061512  14920  75292    0    0 163472     0 192893 207618 15  4  0 79  2	
11 119      0 97061128  14920  75292    0    0 163296     0 191448 207291 16  4  0 78  2	
11 120      0 97061256  14920  75292    0    0 163360     0 191527 205941 15  4  0 79  2	
 5 123      0 97061256  14920  75292    0    0 163408     0 192648 208398 15  4  0 80  2	
 9 120      0 97061032  14928  75292    0    0 163296    12 191796 206408 15  4  0 80  2	
 6 123      0 97061000  14928  75292    0    0 163344     0 190998 206717 15  4  0 79  2	
15 115      0 97060968  14928  75292    0    0 163264     0 191043 205880 14  3  0 80  2	
 9 121      0 97061512  14928  75292    0    0 163440     0 191546 208743 16  4  0 78  2	
 6 122      0 97061416  14928  75296    0    0 163424     0 191000 206175 16  4  0 78  2	
procs -----------memory---------- ---swap-- -----io---- --system-- -----cpu-----
 r  b   swpd   free   buff  cache   si   so    bi    bo   in   cs us sy id wa st
11 118      0 97061288  14936  75296    0    0 163312    12 194968 211186 16  5  0 78  2	
 3 125      0 97061448  14936  75296    0    0 163408     0 192712 207777 16  4  0 78  2	
18 114      0 97061224  14936  75296    0    0 163184     0 193035 209396 17  4  0 78  2	
 8 119      0 97061384  14936  75296    0    0 163440    16 191238 205107 15  4  0 79  2	
 8 121      0 97061288  14936  75300    0    0 163344     0 192782 208887 16  4  0 78  2	
 9 120      0 97061160  14936  75300    0    0 163296     0 192633 209021 15  5  0 79  2	
12 118      0 97061160  14944  75300    0    0 163392    12 190904 206621 14  4  0 80  2	
 9 120      0 97061000  14944  75300    0    0 163360     0 192441 207973 16  4  0 78  2	
 5 123      0 97060872  14944  75300    0    0 163408     8 191023 204694 15  4  0 80  2	
 7 121      0 97061128  14944  75300    0    0 163280     0 188093 203967 16  4  0 77  2	
11 119      0 97061288  14944  75300    0    0 163376     0 193515 210590 17  5  0 77  2	
10 118      0 97061192  14952  75300    0    0 163328    24 192435 207521 14  5  0 79  2	
 5 123      0 97061128  14952  75300    0    0 163360     0 190979 205991 15  4  0 80  2	
11 118      0 97061576  14952  75300    0    0 163328     0 192635 209349 16  3  0 79  2	
 5 124      0 97061384  14952  75300    0    0 163456     0 191302 205857 16  4  0 78  2	
11 119      0 97061320  14952  75300    0    0 163232     0 191494 208941 18  4  0 76  2	
 4 124      0 97061288  14952  75300    0    0 163360     0 191354 205414 15  4  0 79  2	
 8 121      0 97061384  14960  75300    0    0 163344    16 189972 204354 15  4  0 79  2	
10 118      0 97061512  14960  75300    0    0 163328     8 191650 206114 15  4  0 79  2	
 9 121      0 97061448  14960  75300    0    0 163328     0 193111 210763 18  4  0 76  2	
 7 121      0 97061256  14960  75300    0    0 163344     0 192709 210626 16  4  0 78  2	
procs -----------memory---------- ---swap-- -----io---- --system-- -----cpu-----
 r  b   swpd   free   buff  cache   si   so    bi    bo   in   cs us sy id wa st
10 120      0 97061224  14960  75300    0    0 163344     0 192995 208669 17  3  0 78  2	
 7 122      0 97061672  14968  75300    0    0 163360    24 192420 207592 15  4  0 79  2	
 8 121      0 97061384  14968  75300    0    0 163328     0 191999 207401 16  4  0 78  2	
12 119      0 97061512  14968  75300    0    0 163312     0 190541 204514 15  3  0 80  2	
12 118      0 97061416  14968  75300    0    0 163392     0 191340 205438 15  4  0 80  2	
11 117      0 97061448  14968  75300    0    0 163312     0 191552 207435 15  5  0 78  2	
 9 121      0 97061288  14968  75300    0    0 163392     0 192018 207525 16  3  0 79  2	
 3 126      0 97061192  14976  75300    0    0 163440    12 193354 208560 15  4  0 78  2	
11 119      0 97061032  14976  75300    0    0 163248     0 190316 204985 16  4  0 78  2	
 9 120      0 97061288  14976  75300    0    0 163344     0 190898 205435 17  4  0 78  2	
14 118      0 97061128  14976  75300    0    0 163312     0 190159 205791 14  4  0 80  2	
 7 121      0 97060968  14976  75300    0    0 163424     0 193409 208985 15  4  0 79  2	
12 117      0 97061064  14984  75300    0    0 163296    12 192641 208754 15  4  0 79  2	
 7 121      0 97061000  14984  75300    0    0 163376     0 192536 208213 16  4  0 78  2	
 7 121      0 97061128  14984  75300    0    0 163344     0 194380 209262 16  4  0 78  2	
 9 121      0 97061512  14984  75300    0    0 163344     0 193283 209371 16  4  0 77  2	
12 119      0 97061544  14984  75304    0    0 163280     0 193500 209769 15  5  0 78  2	
 9 120      0 97061512  14984  75304    0    0 163360     0 189951 205672 16  5  0 77  2	
 6 123      0 97061224  14992  75304    0    0 163376    36 189916 205992 17  5  0 77  2	
 5 123      0 97061224  14992  75304    0    0 163376     0 194660 211994 16  4  0 78  2	
 8 121      0 97061416  14992  75308    0    0 163264     0 192610 207540 15  4  0 79  2	
procs -----------memory---------- ---swap-- -----io---- --system-- -----cpu-----
 r  b   swpd   free   buff  cache   si   so    bi    bo   in   cs us sy id wa st
10 119      0 97061224  14992  75308    0    0 163328     0 192811 212262 18  5  0 76  2	
10 120      0 97061288  14992  75308    0    0 163328     0 194488 209513 16  5  0 77  2	
 7 122      0 97061288  15000  75308    0    0 163392    32 192385 207099 15  3  0 80  2	
 9 119      0 97061224  15000  75308    0    0 163296     0 191514 207015 15  3  0 79  2	
 8 121      0 97061416  15000  75308    0    0 163424     0 192371 207932 16  4  0 78  2	
 7 124      0 97061384  15000  75308    0    0 163312     0 190342 205559 17  4  0 77  2	
 7 122      0 97061512  15000  75308    0    0 163344     0 193054 208246 15  3  0 79  2	
 9 121      0 97061320  15000  75308    0    0 163360    12 190066 204959 16  4  0 78  2	
15 116      0 97061544  15008  75308    0    0 163296    24 191953 208326 15  5  0 78  2	
 8 120      0 97061384  15008  75308    0    0 163424     0 194115 210892 16  4  0 78  2	
10 119      0 97061384  15008  75308    0    0 163424     0 192650 209635 16  4  0 78  2	
12 116      0 97061320  15008  75308    0    0 163344     0 193671 207620 15  4  0 79  2	
11 118      0 97061256  15008  75308    0    0 163408     0 192103 208028 15  5  0 78  2	
 9 121      0 97061128  15016  75308    0    0 163344    12 192591 208049 16  4  0 78  2	
10 119      0 97060968  15016  75308    0    0 163328     0 192400 208695 15  4  0 79  2	
 9 121      0 97061064  15016  75308    0    0 163376     0 192283 207473 16  4  0 79  2	
12 118      0 97061544  15016  75308    0    0 163296     0 191207 208342 15  4  0 79  2	
 6 122      0 97061416  15016  75308    0    0 163424     0 192780 208214 17  4  0 77  2	
11 117      0 97061352  15016  75308    0    0 163312     0 190923 207658 15  4  0 79  2	
 8 121      0 97061512  15024  75308    0    0 163392    12 191909 207714 15  5  0 78  2	
 5 124      0 97061416  15024  75308    0    0 163392     0 192012 205894 15  3  0 80  2	
procs -----------memory---------- ---swap-- -----io---- --system-- -----cpu-----
 r  b   swpd   free   buff  cache   si   so    bi    bo   in   cs us sy id wa st
11 118      0 97061576  15024  75308    0    0 163248     0 191761 207064 14  4  0 80  2	
 7 123      0 97061384  15024  75308    0    0 163376     0 192054 208398 16  4  0 78  2	
12 118      0 97061384  15024  75308    0    0 163344     0 192806 209695 16  3  0 79  2	
 5 123      0 97061512  15032  75308    0    0 163360    12 191469 209499 16  4  0 78  2	
 9 120      0 97061480  15032  75308    0    0 163328     0 192839 207780 16  4  0 78  2	
10 119      0 97061224  15032  75308    0    0 163360     0 187885 206580 16  3  0 79  2	
 8 121      0 97061288  15032  75308    0    0 163344     0 189615 209731 19  4  0 74  2	
 9 121      0 97061256  15032  75312    0    0 163360     0 192685 208628 16  4  0 78  2	
15 116      0 97061032  15032  75312    0    0 163280     0 186423 204328 16  5  0 78  2	
 5 124      0 97061128  15040  75312    0    0 163488    12 193026 208474 14  5  0 79  2	
11 118      0 97061256  15040  75312    0    0 163248     0 191868 206722 15  4  0 78  2	
10 119      0 97061256  15040  75312    0    0 163360    12 190463 206661 16  4  0 77  2	
 8 122      0 97061448  15040  75312    0    0 163360     0 193375 207901 15  5  0 79  2	
13 118      0 97061576  15040  75312    0    0 163328     0 192686 209350 16  5  0 77  2	
 7 121      0 97061448  15048  75312    0    0 163392    24 191655 205745 15  4  0 79  2	
 5 123      0 97061288  15048  75312    0    0 163392     0 192014 209105 16  4  0 78  2	
 5 124      0 97061384  15048  75312    0    0 163344     4 191345 205168 14  4  0 80  2	
 8 122      0 97061416  15048  75312    0    0 163328     0 190898 206446 15  4  0 79  2	
 6 122      0 97061256  15048  75312    0    0 163312     0 191922 206132 16  4  0 78  2	
 5 123      0 97061288  15048  75316    0    0 163312     0 191755 208012 16  4  0 79  2	
10 120      0 97061136  15056  75320    0    0 163328    20 191133 206907 16  4  0 78  2	
procs -----------memory---------- ---swap-- -----io---- --system-- -----cpu-----
 r  b   swpd   free   buff  cache   si   so    bi    bo   in   cs us sy id wa st
11 118      0 97061104  15056  75320    0    0 163344     0 192782 207771 15  5  0 78  2	
 9 122      0 97061232  15056  75320    0    0 163360     0 190837 206123 15  4  0 79  2	
 7 121      0 97061168  15056  75320    0    0 163344     0 192977 206432 16  4  0 79  2	
 8 120      0 97061168  15056  75320    0    0 163344     0 194094 210858 17  4  0 78  2	
11 119      0 97061136  15064  75320    0    0 163344    12 192437 208220 16  4  0 78  2	
14 117      0 97061200  15064  75320    0    0 163264     0 190362 206320 16  5  0 77  2	
12 118      0 97061104  15064  75320    0    0 163408     0 192324 207672 15  4  0 79  2	
 4 124      0 97060976  15064  75320    0    0 163392     0 192122 207314 15  4  0 79  2	
14 115      0 97061200  15064  75320    0    0 163248     0 194551 211149 16  4  0 78  2	
 8 122      0 97061328  15064  75320    0    0 163440     0 193628 209572 15  4  0 79  2	
 6 121      0 97061072  15072  75320    0    0 163328    12 192735 206901 15  4  0 79  2	
 8 121      0 97061168  15072  75320    0    0 163376     0 193138 208552 15  3  0 79  2	
 9 120      0 97061040  15072  75320    0    0 163264     0 187218 205663 17  5  0 76  2	
 9 120      0 97061296  15072  75320    0    0 163408     0 187032 205485 17  4  0 77  2	
 7 121      0 97061456  15072  75320    0    0 163360     0 193117 208162 16  4  0 78  2	
 9 120      0 97061328  15080  75320    0    0 163312    12 190419 205518 16  4  0 78  2	
15 115      0 97061200  15080  75320    0    0 163296     0 193514 210056 15  5  0 78  2	
 7 121      0 97061072  15080  75320    0    0 163440     0 190620 205528 15  3  0 80  2	
 8 121      0 97061008  15080  75320    0    0 163344     0 194215 210470 16  5  0 77  2	
14 117      0 97061008  15080  75324    0    0 163264     0 193710 212608 16  4  0 77  2	
 8 122      0 97061232  15080  75324    0    0 163424     0 193249 208991 16  5  0 78  2	
procs -----------memory---------- ---swap-- -----io---- --system-- -----cpu-----
 r  b   swpd   free   buff  cache   si   so    bi    bo   in   cs us sy id wa st
 7 122      0 97061200  15088  75324    0    0 163328    20 192583 208103 16  3  0 78  2	
 8 121      0 97061136  15088  75324    0    0 163344     0 191310 205689 14  4  0 80  2	
11 119      0 97061296  15088  75324    0    0 163376     0 188462 207187 18  4  0 76  2	
 7 122      0 97061264  15088  75324    0    0 163392     0 194492 211476 16  4  0 78  2	
10 121      0 97061424  15088  75324    0    0 163312     0 191086 207830 16  4  0 78  2	
 5 124      0 97061136  15096  75324    0    0 163392    56 193730 208120 16  4  0 78  2	
 4 125      0 97061104  15096  75324    0    0 163344     0 191087 206112 15  4  0 79  2	
 5 123      0 97061136  15096  75324    0    0 163344     0 193183 209262 17  4  0 77  2	
 8 121      0 97061264  15096  75324    0    0 163280     0 189943 202619 14  4  0 80  2	
 3 125      0 97061232  15096  75324    0    0 163376     0 191425 205790 15  4  0 79  2	
 7 121      0 97061264  15104  75320    0    0 163328    44 193114 209395 16  4  0 78  2	
 9 120      0 97061232  15104  75324    0    0 163344     0 194133 211561 16  5  0 77  2	
 7 123      0 97061136  15104  75324    0    0 163376     0 191377 203454 15  4  0 79  2	
 6 122      0 97061232  15104  75324    0    0 163312     0 192644 207199 14  5  0 79  2	
12 117      0 97061104  15104  75324    0    0 163264     0 188262 203139 16  4  0 78  2	
 7 121      0 97061168  15104  75324    0    0 163424     0 191274 205718 14  4  0 80  2	
10 120      0 97061104  15112  75324    0    0 163312    12 192442 209509 16  4  0 78  2	
11 118      0 97061168  15112  75324    0    0 163376     0 192044 208334 14  4  0 80  2	
 7 122      0 97061264  15112  75324    0    0 163408     0 192180 206004 14  5  0 79  2	
 9 120      0 97061264  15112  75324    0    0 163312     0 190797 208021 15  4  0 79  2	
12 116      0 97061232  15112  75328    0    0 163264     0 192968 208484 15  4  0 78  2	
procs -----------memory---------- ---swap-- -----io---- --system-- -----cpu-----
 r  b   swpd   free   buff  cache   si   so    bi    bo   in   cs us sy id wa st
 7 123      0 97061392  15120  75328    0    0 163440    12 193535 210160 17  4  0 77  2	
 4 124      0 97061520  15120  75328    0    0 163376     0 191496 206664 15  4  0 79  2	
 8 121      0 97061360  15120  75328    0    0 163264     0 192777 207827 16  4  0 78  2	
10 120      0 97061232  15120  75328    0    0 163296     0 192027 206992 16  4  0 78  2	
14 115      0 97061104  15120  75328    0    0 163312     0 189891 203964 15  4  0 79  2	
 8 121      0 97060944  15120  75328    0    0 163424     0 194270 208755 15  4  0 79  2	
 8 120      0 97061392  15128  75328    0    0 163344    12 192367 208000 16  4  0 77  2	
 4 124      0 97061392  15128  75328    0    0 163408     0 187433 204658 17  4  0 77  2	
13 117      0 97061104  15128  75328    0    0 163232     0 193596 209374 15  5  0 78  2	
 9 121      0 97060976  15128  75328    0    0 163424     0 192837 208588 16  4  0 78  2	
10 118      0 97061008  15128  75332    0    0 163296     8 192394 207455 15  4  0 79  2	
11 120      0 97061136  15136  75332    0    0 163328    28 192169 208138 14  4  0 80  2	
 6 122      0 97060944  15136  75332    0    0 163424     0 192861 209143 16  4  0 77  2	
 9 121      0 97060880  15136  75332    0    0 163344     0 190493 207408 18  4  0 76  2	
10 120      0 97061264  15136  75332    0    0 163312     0 192691 207306 15  4  0 79  2	
10 119      0 97061072  15136  75332    0    0 163360     8 192792 207796 16  4  0 78  2	
10 119      0 97061104  15136  75332    0    0 163376     0 194147 210025 16  4  0 78  2	
15 116      0 97061168  15144  75332    0    0 163312    24 190205 205679 15  4  0 79  2	
16 115      0 97061328  15144  75332    0    0 163360     0 191226 205247 15  5  0 79  2	
