procs -----------memory---------- ---swap-- -----io---- --system-- -----cpu-----
 r  b   swpd   free   buff  cache   si   so    bi    bo   in   cs us sy id wa st
 1  0      0 97505800  10604  69968    0    0  2189  1756   65   83 25  6 62  8  0	
14  6      0 97479016  10604  69988    0    0 175072     0 207622 233716 20  7 38 33  2	
 8  8      0 97465128  10612  69980    0    0 192544    64 198246 229058 21  6 32 39  2	
10  8      0 97462648  10612  69988    0    0 193200     0 199067 231441 22  7 32 37  2	
 8  8      0 97460048  10612  69988    0    0 190000     0 198016 231097 20  8 32 38  2	
10  8      0 97460048  10612  69988    0    0 184912     0 194296 221774 20  6 32 39  2	
 9  8      0 97459424  10612  69988    0    0 186352     0 198067 226752 21  6 32 38  2	
14  7      0 97459424  10612  69988    0    0 170864     0 191937 213386 16  6 32 44  2	
 9  8      0 97459424  10620  69988    0    0 163328    12 191395 207070 14  4 33 47  2	
 9  8      0 97459424  10620  69988    0    0 163312     0 190595 206279 14  4 33 47  2	
11  8      0 97459424  10620  69988    0    0 162080     0 189906 206567 14  5 33 46  2	
 5 12      0 97459424  10620  69988    0    0 164672     0 191960 207355 14  5 34 46  2	
 8 10      0 97459424  10620  69988    0    0 163280     0 191711 207609 16  5 33 45  2	
 6 10      0 97459424  10628  69988    0    0 163312    12 190625 206798 13  5 34 46  2	
 5 11      0 97459424  10628  69988    0    0 163344     0 191157 207307 14  5 33 46  2	
 7  9      0 97459424  10628  69988    0    0 163280     0 189714 204492 13  5 34 47  2	
 5 13      0 97459424  10628  69988    0    0 163408     0 190715 206475 14  4 33 47  2	
 3 13      0 97459424  10628  69988    0    0 163312     0 191437 207473 14  4 33 47  2	
11  6      0 97459424  10628  69988    0    0 163264     0 192108 207503 13  5 34 46  2	
 7  9      0 97459424  10636  69988    0    0 163360    12 190833 206455 15  5 33 45  2	
 9  8      0 97458560  10636  69988    0    0 163376     0 188892 204605 13  5 34 47  2	
procs -----------memory---------- ---swap-- -----io---- --system-- -----cpu-----
 r  b   swpd   free   buff  cache   si   so    bi    bo   in   cs us sy id wa st
 7 10      0 97458560  10636  69988    0    0 163360     0 190221 205590 15  5 33 45  2	
 6 10      0 97458560  10636  69988    0    0 163280     0 190335 205234 14  4 34 47  2	
 8 10      0 97458560  10636  69988    0    0 163360     0 189559 204336 12  4 34 47  2	
 6 10      0 97458560  10644  69988    0    0 163344    12 190432 206437 15  4 33 46  2	
11  7      0 97458304  10644  69988    0    0 163344     0 188948 203380 12  4 34 48  2	
10  8      0 97458304  10644  69988    0    0 163328     0 187965 203696 14  5 34 46  2	
 4 12      0 97458304  10644  69988    0    0 163408     0 189564 203798 12  5 34 48  2	
10  8      0 97458928  10644  69992    0    0 163280     0 192143 208357 14  5 33 46  2	
 7  9      0 97458928  10644  69992    0    0 163296     0 189211 203425 12  5 33 48  2	
12  3      0 97458800  10652  69992    0    0 163312    20 190029 204954 14  5 34 45  2	
11  8      0 97458800  10652  69992    0    0 163392     0 190412 205386 13  5 33 47  2	
10  8      0 97458800  10652  69992    0    0 163344     0 191166 208396 15  5 34 45  2	
 6 10      0 97458800  10652  69996    0    0 163408    48 190708 206703 14  4 34 46  2	
 6 10      0 97458800  10652  69996    0    0 163280     0 188933 204926 15  4 33 46  2	
 6 12      0 97458800  10660  69996    0    0 163312    24 190185 205783 14  4 33 47  2	
 8  9      0 97458800  10660  69996    0    0 163296     0 188380 203188 13  5 33 48  2	
 6 10      0 97458800  10660  69996    0    0 163360     0 188095 202106 14  4 33 47  2	
13  4      0 97458680  10660  69996    0    0 163216     0 190075 203647 13  4 34 47  2	
11  8      0 97458680  10660  69996    0    0 163424     0 191386 207948 14  4 34 46  2	
11  9      0 97458680  10660  69996    0    0 163360     0 189943 204805 12  5 34 47  2	
 9  9      0 97458680  10668  69996    0    0 163344    16 191676 206305 14  5 33 46  2	
procs -----------memory---------- ---swap-- -----io---- --system-- -----cpu-----
 r  b   swpd   free   buff  cache   si   so    bi    bo   in   cs us sy id wa st
 6  9      0 97458680  10668  69996    0    0 163312     0 192039 207091 13  5 34 47  2	
11  7      0 97458680  10668  70000    0    0 163312     0 189440 204362 14  4 33 47  2	
 8  8      0 97458680  10668  70000    0    0 163392     0 189857 205559 15  5 33 46  2	
 7  9      0 97458680  10668  70000    0    0 163280     0 189820 204944 14  5 33 47  2	
10  8      0 97458680  10676  70000    0    0 163264    12 190451 205037 13  4 34 47  2	
10  7      0 97458680  10676  70000    0    0 163408     0 188032 204141 17  5 33 44  2	
 9  9      0 97458680  10676  70000    0    0 163280     0 188364 202556 13  4 34 48  2	
 8  9      0 97458680  10676  70000    0    0 163392     0 189813 204151 13  5 33 48  2	
12  7      0 97458680  10676  70000    0    0 163328     0 189570 204539 15  4 32 47  2	
15  3      0 97458680  10676  70000    0    0 163280     0 191288 205872 13  5 33 47  2	
 8  9      0 97458680  10684  70000    0    0 163440    12 189717 205224 13  5 33 47  2	
 4 13      0 97458680  10684  70000    0    0 163408     0 190530 205306 13  4 33 47  2	
13  4      0 97458680  10684  70000    0    0 163008     0 189476 205084 13  5 34 46  2	
 9  9      0 97458680  10684  70000    0    0 163616     0 192288 208329 15  5 34 45  2	
11  7      0 97458680  10684  70000    0    0 163328     0 190862 205566 15  5 33 46  2	
 8 10      0 97458680  10692  70000    0    0 163360    12 190904 207737 15  4 34 45  2	
12  5      0 97458680  10692  70000    0    0 163232    12 191256 206292 14  5 33 47  2	
 9  8      0 97458680  10692  70000    0    0 163360     0 192011 206833 14  5 33 46  2	
 9  7      0 97458680  10692  70000    0    0 163312     0 190566 206339 12  5 34 48  2	
12  6      0 97458680  10692  70000    0    0 163248     0 190694 204976 13  4 34 46  2	
 4 12      0 97458680  10692  70000    0    0 163488     0 190491 205329 13  5 33 47  2	
procs -----------memory---------- ---swap-- -----io---- --system-- -----cpu-----
 r  b   swpd   free   buff  cache   si   so    bi    bo   in   cs us sy id wa st
 8  8      0 97458680  10700  70000    0    0 163280    28 190263 205324 15  5 33 46  2	
11  8      0 97458680  10700  70000    0    0 163376    12 190524 205862 14  5 33 46  2	
10  8      0 97458680  10700  70000    0    0 163344     0 187977 204783 14  5 33 47  2	
10  7      0 97458680  10700  70000    0    0 163248     0 190032 204826 13  5 34 47  2	
10  6      0 97458680  10700  70004    0    0 163392     0 190621 206805 13  5 33 47  2	
 6 10      0 97458680  10708  70004    0    0 163376    20 190783 207049 14  4 33 47  2	
 5 12      0 97458680  10708  70004    0    0 163360    36 190934 207802 13  5 33 47  2	
 7 10      0 97458680  10708  70004    0    0 163280     0 189285 204054 13  4 33 48  2	
 6 11      0 97458680  10708  70004    0    0 163312     0 191296 207165 14  5 33 46  2	
 7 10      0 97458680  10708  70004    0    0 163344     0 190977 206399 13  5 34 47  2	
 9  9      0 97458680  10708  70004    0    0 163296     0 191138 207453 14  4 33 46  2	
10  8      0 97458680  10716  70004    0    0 163328    12 189068 204347 13  4 33 48  2	
 4 12      0 97458680  10716  70004    0    0 163392     0 187144 203131 15  5 32 46  2	
10  7      0 97458680  10716  70004    0    0 163232     0 189557 204745 13  5 33 47  2	
 9  9      0 97458680  10716  70004    0    0 163392     0 191122 206184 14  5 33 47  2	
 7 10      0 97458680  10716  70004    0    0 163344     0 189155 204767 16  4 33 47  2	
14  6      0 97458680  10724  70004    0    0 163264    12 190832 206484 14  4 33 46  2	
14  6      0 97458680  10724  70004    0    0 163360     0 189997 205346 13  3 34 47  2	
 6 11      0 97458680  10724  70004    0    0 163392     0 190356 204019 14  4 33 47  2	
12  7      0 97458680  10724  70004    0    0 163248     0 191269 207058 14  4 33 47  2	
11  8      0 97458680  10724  70004    0    0 163360     0 189792 204976 14  4 33 47  2	
procs -----------memory---------- ---swap-- -----io---- --system-- -----cpu-----
 r  b   swpd   free   buff  cache   si   so    bi    bo   in   cs us sy id wa st
 7 12      0 97458680  10728  70000    0    0 163440     8 189592 204476 13  5 34 46  2	
 5 12      0 97458680  10732  70008    0    0 163296     4 189403 203206 14  4 34 47  2	
 7  9      0 97458680  10732  70008    0    0 163248     0 189794 205193 14  4 33 47  2	
 6 10      0 97458680  10732  70008    0    0 163408     0 188391 204490 13  5 33 47  2	
 8  9      0 97458680  10732  70008    0    0 163344     0 190225 206978 14  5 33 47  2	
16  4      0 97458680  10732  70008    0    0 163248     0 189584 204868 13  5 34 46  2	
11  7      0 97458680  10740  70008    0    0 163376    12 190749 206503 15  5 33 46  2	
 7  9      0 97458680  10740  70008    0    0 163424     0 187486 202642 14  4 33 47  2	
12  6      0 97458680  10740  70008    0    0 163248     0 190262 204896 13  5 34 47  2	
13  6      0 97458680  10740  70008    0    0 163344     0 189731 205116 13  5 33 47  2	
15  4      0 97458680  10740  70008    0    0 163280     0 190753 207170 14  5 33 46  2	
 5 11      0 97458680  10748  70008    0    0 163456    12 190380 206077 15  5 34 45  2	
 6 10      0 97458680  10748  70008    0    0 163328     0 191698 207313 13  4 34 46  2	
 8  8      0 97458680  10748  70008    0    0 163296     0 189180 203771 13  4 33 47  2	
 7 11      0 97458680  10748  70008    0    0 163360     0 191402 205832 14  4 34 47  2	
 3 13      0 97458680  10748  70008    0    0 163344    16 189369 204738 14  4 33 47  2	
 6 10      0 97458680  10748  70008    0    0 163264     0 192094 208550 14  5 33 45  2	
 8  9      0 97458680  10756  70012    0    0 163376    20 191534 208041 14  4 34 46  2	
 5 11      0 97458680  10756  70012    0    0 163360     0 190630 207593 15  4 33 45  2	
 9  9      0 97458680  10756  70012    0    0 163312     0 191498 208762 15  5 33 46  2	
 8  8      0 97458680  10756  70012    0    0 163376     0 190392 206113 15  4 33 46  2	
procs -----------memory---------- ---swap-- -----io---- --system-- -----cpu-----
 r  b   swpd   free   buff  cache   si   so    bi    bo   in   cs us sy id wa st
 4 12      0 97458680  10756  70012    0    0 163360     8 190631 204914 14  5 33 46  2	
 8  8      0 97458680  10764  70012    0    0 163312    12 190050 205037 14  4 33 47  2	
 4 12      0 97458680  10764  70012    0    0 163280     0 188828 203222 12  4 34 48  2	
 6 10      0 97458680  10764  70012    0    0 163360     0 188082 201626 14  5 33 47  2	
10  7      0 97458680  10764  70012    0    0 163280     0 190548 206245 14  4 34 47  2	
 4 12      0 97458680  10764  70012    0    0 163360     0 189856 205086 14  4 34 46  2	
 6 11      0 97458680  10764  70012    0    0 163328     0 189019 203672 13  5 33 47  2	
 4 13      0 97458680  10772  70012    0    0 163392    12 189678 205852 14  5 33 47  2	
 7 11      0 97458680  10772  70012    0    0 163280     0 190269 205456 14  4 33 47  2	
11  7      0 97458680  10772  70012    0    0 163232     0 188545 203556 14  4 33 47  2	
 7  9      0 97458680  10772  70012    0    0 163392     0 189311 204383 14  5 33 47  2	
 9  9      0 97458680  10772  70012    0    0 163360     0 190846 206782 15  4 33 46  2	
 7  9      0 97458680  10780  70012    0    0 163312    12 189677 202780 12  5 34 48  2	
 6 10      0 97458680  10780  70012    0    0 163296     0 191458 206272 13  5 34 46  2	
 8  9      0 97458680  10780  70012    0    0 163328     0 190638 205448 14  4 33 47  2	
10  8      0 97458680  10780  70012    0    0 163344     0 188375 202331 13  5 33 48  2	
 7  9      0 97458680  10780  70012    0    0 163312     0 189002 204629 13  5 33 47  2	
 9  8      0 97458680  10780  70012    0    0 163344     0 189931 204963 12  4 34 48  2	
 7 10      0 97458680  10788  70012    0    0 163360    12 190107 206430 14  5 33 47  2	
 1 15      0 97458680  10788  70012    0    0 162736     0 186872 201534 13  4 33 48  2	
 9  8      0 97458680  10788  70012    0    0 163888     0 189659 206940 15  5 33 45  2	
procs -----------memory---------- ---swap-- -----io---- --system-- -----cpu-----
 r  b   swpd   free   buff  cache   si   so    bi    bo   in   cs us sy id wa st
 8 10      0 97458680  10788  70012    0    0 163328     0 188083 203248 14  4 33 46  2	
 8 10      0 97458560  10788  70016    0    0 163360     0 190846 205880 14  4 34 46  2	
10  8      0 97458560  10796  70016    0    0 163296    12 187745 203369 13  5 33 47  2	
11  9      0 97458560  10796  70016    0    0 163296     0 190067 205510 14  4 33 47  2	
 5 13      0 97458560  10796  70016    0    0 163408    16 190444 204539 13  5 33 47  2	
11  7      0 97458560  10796  70016    0    0 163280     0 190070 204864 13  4 34 48  2	
 5 11      0 97458560  10804  70008    0    0 163376    20 190212 205326 14  5 33 47  2	
 8  9      0 97458560  10804  70016    0    0 163328     0 189589 203409 13  4 34 47  2	
12  7      0 97458560  10804  70020    0    0 163280     0 190962 206738 15  5 33 46  2	
 7  9      0 97458560  10804  70020    0    0 163328     0 190404 205853 13  4 34 47  2	
11  6      0 97458560  10804  70020    0    0 163376     0 191494 207451 16  4 34 45  2	
 8  8      0 97458560  10804  70020    0    0 163328     0 191065 206047 13  5 33 47  2	
12  6      0 97458560  10812  70020    0    0 163264    12 190517 204700 13  5 33 47  2	
10  6      0 97458560  10812  70020    0    0 163312     0 191650 208872 15  5 33 45  2	
10  7      0 97458560  10812  70020    0    0 163312     8 190843 207361 15  5 33 45  2	
 9  8      0 97458560  10812  70020    0    0 163408     0 187797 202867 14  4 33 47  2	
 5 12      0 97458560  10812  70020    0    0 163424     0 188877 203190 15  4 33 48  2	
 7 10      0 97458560  10820  70012    0    0 163264    12 188914 202631 14  4 33 47  2	
 8  9      0 97458560  10820  70020    0    0 163280     0 189717 205178 15  4 34 46  2	
 7  9      0 97458560  10820  70020    0    0 163408     0 189861 204778 15  4 33 47  2	
 8  8      0 97458560  10820  70020    0    0 163232     0 188453 203385 15  4 33 46  2	
procs -----------memory---------- ---swap-- -----io---- --system-- -----cpu-----
 r  b   swpd   free   buff  cache   si   so    bi    bo   in   cs us sy id wa st
10  8      0 97458560  10820  70020    0    0 163376     0 188726 203887 14  5 33 46  2	
 9  7      0 97458560  10820  70020    0    0 163344     0 189071 202976 13  4 33 48  2	
11  6      0 97458560  10828  70020    0    0 163312    12 191229 205417 12  4 34 48  2	
11  7      0 97458560  10828  70020    0    0 163392     0 189368 203904 14  4 33 47  2	
12  6      0 97458560  10828  70020    0    0 163328     0 190241 205097 13  4 34 47  2	
 8 11      0 97458560  10828  70020    0    0 163360     0 191915 208501 14  5 35 45  2	
 8 11      0 97458560  10828  70020    0    0 163392     0 189574 203917 14  4 33 47  2	
 9  9      0 97458560  10836  70012    0    0 163344    12 190907 206371 14  4 34 46  2	
10  7      0 97458560  10836  70020    0    0 163312     0 188872 201653 13  4 33 48  2	
 9  8      0 97458560  10836  70020    0    0 163376     0 188456 202831 13  4 34 47  2	
 7  9      0 97458560  10836  70020    0    0 163264     0 190711 205979 15  5 32 46  2	
12  7      0 97458560  10836  70020    0    0 163360     0 187111 201924 13  5 33 48  2	
 6 10      0 97458560  10836  70020    0    0 163328     0 189124 205580 13  5 33 47  2	
 4 13      0 97458560  10844  70020    0    0 163392    12 187311 200710 14  4 33 47  2	
 4 13      0 97458560  10844  70020    0    0 163344    12 189896 204747 13  5 34 47  2	
 9  9      0 97458560  10844  70020    0    0 163264     0 189083 202873 13  4 34 48  2	
 8  9      0 97458560  10844  70020    0    0 163360     0 190133 204390 13  4 34 47  2	
12  4      0 97458560  10844  70020    0    0 163184     0 188911 203537 14  4 33 46  2	
 6 10      0 97458560  10852  70012    0    0 163472    24 189917 206562 14  5 34 45  2	
 5 11      0 97458560  10852  70020    0    0 163328     0 189915 203376 13  4 33 48  2	
 7 11      0 97458560  10852  70020    0    0 163344     0 190971 205701 13  5 34 47  2	
procs -----------memory---------- ---swap-- -----io---- --system-- -----cpu-----
 r  b   swpd   free   buff  cache   si   so    bi    bo   in   cs us sy id wa st
10  7      0 97458560  10852  70024    0    0 163328     0 190405 205047 13  5 33 47  2	
10  7      0 97458560  10852  70028    0    0 163296     0 190930 205387 12  5 34 47  2	
14  5      0 97458560  10852  70028    0    0 163296     0 189465 204388 13  5 34 47  2	
13  7      0 97458560  10860  70028    0    0 163376    12 189923 205592 13  4 35 47  2	
 5 11      0 97458560  10860  70028    0    0 163392     0 189983 204615 14  4 33 47  2	
13  5      0 97458560  10860  70028    0    0 163216     0 190983 207230 14  5 33 46  2	
 8  8      0 97458560  10860  70028    0    0 163440     0 189697 204676 14  4 33 47  2	
11  7      0 97458560  10860  70028    0    0 163328     0 190786 207160 16  4 32 45  2	
 7  9      0 97458560  10868  70020    0    0 163392    24 187902 202303 15  4 33 46  2	
 4 12      0 97458560  10868  70028    0    0 163024     0 190534 206487 15  4 34 45  2	
 6 13      0 97458560  10868  70028    0    0 163616     0 189798 206203 15  5 33 46  2	
10  6      0 97458560  10868  70028    0    0 163328     0 188567 204653 14  4 34 47  2	
 8 10      0 97458560  10868  70028    0    0 163360     0 189492 202719 14  4 33 48  2	
12  6      0 97458560  10868  70028    0    0 163264     0 188677 202830 13  5 33 47  2	
 4 12      0 97458560  10876  70028    0    0 163440    16 190224 205643 15  4 34 46  2	
15  2      0 97458560  10876  70028    0    0 163216     0 188939 202766 13  4 34 48  2	
10 10      0 97458560  10876  70028    0    0 163456     0 186477 201193 15  4 33 46  2	
10  9      0 97458560  10876  70028    0    0 163328     0 191899 208114 15  5 33 45  2	
 7 10      0 97458560  10876  70028    0    0 163376     0 188421 203948 15  5 33 45  2	
 4 12      0 97458560  10884  70020    0    0 163328    12 191455 207372 16  5 32 45  2	
11  8      0 97458560  10884  70028    0    0 163232     0 187610 201210 15  4 33 47  2	
procs -----------memory---------- ---swap-- -----io---- --system-- -----cpu-----
 r  b   swpd   free   buff  cache   si   so    bi    bo   in   cs us sy id wa st
 8  9      0 97458560  10884  70028    0    0 163424     0 190033 205747 15  5 33 46  2	
13  6      0 97458560  10884  70028    0    0 163232     0 189277 204562 14  5 33 47  2	
 5 11      0 97458560  10884  70028    0    0 163424    16 191045 205832 14  4 33 47  2	
12  7      0 97458560  10892  70028    0    0 163232     0 191054 205899 14  5 33 46  2	
 8  9      0 97458560  10900  70028    0    0 163424    32 189816 205031 14  4 33 47  2	
 6 11      0 97458560  10900  70028    0    0 163328     0 187363 203184 14  6 32 46  2	
12  6      0 97458304  10900  70028    0    0 163264     0 187049 201812 16  5 32 45  2	
 6 10      0 97458304  10900  70028    0    0 163440     0 188172 201647 14  4 33 47  2	
 4 12      0 97458304  10900  70028    0    0 163328     4 188253 203927 14  4 33 46  2	
13  5      0 97458304  10908  70020    0    0 163264    20 191263 206412 14  5 34 46  2	
 7  9      0 97458304  10908  70028    0    0 163360     0 191105 206358 13  5 34 47  2	
 8  8      0 97458304  10908  70028    0    0 163344     0 189083 204377 13  4 34 47  2	
 2 14      0 97458304  10908  70028    0    0 163440     0 190087 205152 14  5 33 46  2	
 8 11      0 97458304  10908  70032    0    0 163280     0 190370 205021 14  4 33 46  2	
 8 10      0 97458304  10908  70032    0    0 163312     0 189106 205358 15  5 32 46  2	
11  5      0 97458304  10916  70032    0    0 163296    12 187902 202389 13  4 33 48  2	
 7 10      0 97458304  10916  70032    0    0 163408     0 189884 206480 16  5 32 45  2	
 6 10      0 97458304  10916  70032    0    0 163328     0 186918 204452 15  5 32 46  2	
 4 12      0 97458304  10916  70032    0    0 163344    28 187662 201989 14  5 32 47  2	
 3 13      0 97458304  10916  70032    0    0 163344     0 187352 202558 14  4 32 48  2	
 7 10      0 97458304  10924  70024    0    0 163280    12 190487 207349 15  6 32 46  2	
procs -----------memory---------- ---swap-- -----io---- --system-- -----cpu-----
 r  b   swpd   free   buff  cache   si   so    bi    bo   in   cs us sy id wa st
11  9      0 97458304  10924  70032    0    0 163344     0 184942 202267 14  4 33 47  2	
 6 10      0 97458304  10924  70036    0    0 163328     0 189396 204969 13  5 33 46  2	
 6 11      0 97458304  10924  70036    0    0 163376     4 190263 206567 15  5 32 46  2	
 8 10      0 97458304  10924  70036    0    0 163248     0 188542 203292 14  4 33 48  2	
 4 13      0 97458304  10924  70036    0    0 163424     0 188319 203219 15  4 33 47  2	
 6 11      0 97458304  10932  70036    0    0 163280    12 190802 205146 15  5 33 46  2	
10  6      0 97458304  10932  70036    0    0 163264     0 189835 204722 14  5 33 47  2	
 6 12      0 97458304  10932  70036    0    0 163360     0 190353 204469 13  4 33 48  2	
10  8      0 97458304  10932  70036    0    0 163280     0 191092 204522 14  4 33 47  2	
11  8      0 97458304  10932  70036    0    0 163360     0 189427 204215 13  5 34 47  2	
 5 11      0 97458304  10940  70028    0    0 163360    12 191456 206092 15  4 33 46  2	
 6 10      0 97458304  10940  70036    0    0 163328     0 191882 206685 14  4 34 46  2	
13  6      0 97458304  10940  70036    0    0 163280     8 189541 202555 13  4 34 47  2	
 9  9      0 97458304  10940  70036    0    0 163424     0 190793 206677 14  4 34 46  2	
 9  8      0 97458304  10940  70036    0    0 163328     0 189087 204783 15  4 33 45  2	
 9  9      0 97458304  10940  70036    0    0 163360     0 188834 204766 16  4 32 45  2	
12  7      0 97458304  10948  70036    0    0 163280    24 189507 206161 15  5 33 45  2	
 7  9      0 97458304  10948  70036    0    0 163360    12 190061 204325 14  4 33 47  2	
13  4      0 97458304  10948  70036    0    0 163280     0 192331 208710 15  4 34 45  2	
11  5      0 97458304  10948  70036    0    0 163344     0 189398 204582 13  5 34 47  2	
10  8      0 97458304  10948  70036    0    0 163424     0 190591 205443 14  5 33 46  2	
procs -----------memory---------- ---swap-- -----io---- --system-- -----cpu-----
 r  b   swpd   free   buff  cache   si   so    bi    bo   in   cs us sy id wa st
10  8      0 97458304  10956  70028    0    0 163248    24 189189 203493 14  4 33 48  2	
 8  9      0 97458304  10956  70036    0    0 163296     0 190771 204435 14  4 33 47  2	
13  7      0 97458304  10956  70036    0    0 163392     0 190607 204453 12  4 34 48  2	
 6 12      0 97458304  10956  70036    0    0 163424     0 186390 202736 15  5 32 47  2	
 3 13      0 97458304  10956  70040    0    0 163344     0 188760 203998 14  5 33 47  2	
 8  9      0 97458304  10956  70040    0    0 163248     0 188255 203224 14  5 33 46  2	
10  8      0 97458184  10964  70040    0    0 163312    12 189840 203993 13  5 33 47  2	
 9  8      0 97458184  10964  70040    0    0 163344     0 189549 202297 12  4 34 49  2	
 5 11      0 97458184  10964  70040    0    0 163360     0 189794 203766 13  5 34 47  2	
 8  9      0 97458184  10964  70040    0    0 163312     0 189927 204428 15  4 33 47  2	
12  5      0 97458184  10964  70040    0    0 163232     0 189192 203779 14  5 32 47  2	
11  6      0 97458184  10972  70032    0    0 163392    12 188463 204963 16  4 32 46  2	
11  6      0 97458184  10972  70040    0    0 163280    16 190088 205264 14  5 33 47  2	
10  8      0 97458184  10972  70040    0    0 163440     0 188483 203535 14  5 33 46  2	
 7 11      0 97458184  10972  70040    0    0 163360     0 188196 203376 15  4 32 46  2	
11  6      0 97458184  10972  70040    0    0 163280     0 188259 203837 15  4 33 47  2	
 9  8      0 97458184  10972  70040    0    0 163360     0 188742 203232 14  4 33 47  2	
 9  8      0 97458184  10980  70040    0    0 163424    12 190034 205028 13  4 33 47  2	
14  5      0 97458184  10980  70040    0    0 163232     0 188221 202405 13  4 33 48  2	
 6 11      0 97458184  10980  70040    0    0 163456     0 189946 205523 14  5 33 46  2	
13  5      0 97458184  10980  70040    0    0 163200     0 189741 204572 14  5 32 47  2	
procs -----------memory---------- ---swap-- -----io---- --system-- -----cpu-----
 r  b   swpd   free   buff  cache   si   so    bi    bo   in   cs us sy id wa st
 6 11      0 97458184  10980  70040    0    0 163440     0 190751 206094 14  5 33 46  2	
 6 11      0 97458184  10988  70040    0    0 163296    32 190305 205022 14  4 33 46  2	
11  8      0 97458184  10988  70044    0    0 163280     0 188627 205530 15  5 33 46  2	
 9  9      0 97458184  10988  70044    0    0 163424     0 188518 202979 13  5 33 47  2	
12  5      0 97458184  10988  70044    0    0 163296     0 189207 204210 14  4 33 46  2	
 4 13      0 97458184  10988  70044    0    0 163472     0 190879 205780 14  5 33 46  2	
14  6      0 97458184  10988  70044    0    0 163216     8 189426 203473 13  5 33 47  2	
 9  8      0 97458184  10996  70044    0    0 163376    24 189095 202960 13  5 33 47  2	
13  5      0 97458184  10996  70044    0    0 163264     0 190548 206917 14  5 33 46  2	
10  7      0 97458184  10996  70044    0    0 163376     0 190580 205446 15  5 33 46  2	
10 10      0 97458184  10996  70044    0    0 163360     0 188439 202885 14  4 33 47  2	
 5 11      0 97458184  10996  70044    0    0 163376     0 187680 202156 13  4 33 48  2	
12  7      0 97458184  11004  70036    0    0 163264    12 189133 204281 14  4 33 47  2	
11  8      0 97458184  11004  70044    0    0 163360     0 190424 204646 14  4 33 47  2	
 9  8      0 97458184  11004  70044    0    0 163280     0 189757 205559 14  5 33 46  2	
 9  8      0 97458184  11004  70044    0    0 163264     0 190325 204905 13  5 33 48  2	
12  6      0 97458184  11004  70044    0    0 163360     0 189687 203873 14  5 33 47  2	
 5 12      0 97458184  11004  70048    0    0 163472     0 190545 204468 13  5 33 47  2	
 5 11      0 97458184  11012  70048    0    0 163312    12 189288 205932 17  5 32 44  2	
 4 12      0 97458184  11012  70048    0    0 163328     0 189930 204663 14  4 33 47  2	
 6 11      0 97458184  11012  70048    0    0 163296     0 190649 206245 14  5 33 47  2	
procs -----------memory---------- ---swap-- -----io---- --system-- -----cpu-----
 r  b   swpd   free   buff  cache   si   so    bi    bo   in   cs us sy id wa st
 9  8      0 97458184  11012  70048    0    0 163312     0 189498 204268 14  4 33 47  2	
 8  8      0 97458184  11012  70048    0    0 163360     0 188362 203272 15  4 33 46  2	
 6 11      0 97458184  11020  70040    0    0 163344    12 189046 204037 13  4 33 48  2	
 3 13      0 97458184  11020  70048    0    0 163328     0 189613 204709 13  5 33 47  2	
12  6      0 97458184  11020  70048    0    0 163232     0 189654 203532 13  4 33 48  2	
 3 14      0 97458184  11020  70048    0    0 163424    20 188799 203819 14  5 32 47  2	
10  8      0 97458184  11020  70048    0    0 163200     0 190092 205127 14  4 34 47  2	
 8  9      0 97458184  11020  70048    0    0 163392     0 190657 206836 15  4 34 46  2	
10  8      0 97458184  11028  70048    0    0 163312    12 189170 204091 13  4 34 47  2	
 6 10      0 97458184  11028  70048    0    0 163376     0 190657 205692 14  5 33 46  2	
 8  8      0 97458184  11028  70048    0    0 163280     0 188722 202537 13  4 33 48  2	
 8 10      0 97458184  11028  70048    0    0 163344     4 189187 203573 13  4 34 47  2	
 8  7      0 97458184  11028  70048    0    0 163328     0 190209 206032 14  5 33 46  2	
12  6      0 97458184  11036  70040    0    0 163344    12 188602 205515 15  5 33 45  2	
11  6      0 97458184  11036  70048    0    0 163312     0 189552 203096 12  5 34 48  2	
 4 12      0 97458184  11036  70048    0    0 163408     0 190125 205369 13  5 33 47  2	
12  7      0 97458184  11036  70048    0    0 163296     8 190442 205663 14  4 33 47  2	
 7 10      0 97458184  11036  70048    0    0 163392     0 188221 201878 13  4 33 48  2	
 7 11      0 97458184  11036  70048    0    0 163312     0 190689 205593 13  4 33 47  2	
 9  8      0 97458184  11044  70048    0    0 163344    28 189863 202959 12  4 34 49  2	
 9  8      0 97458184  11044  70048    0    0 163360     0 189566 205277 14  5 33 47  2	
procs -----------memory---------- ---swap-- -----io---- --system-- -----cpu-----
 r  b   swpd   free   buff  cache   si   so    bi    bo   in   cs us sy id wa st
 8  8      0 97458184  11044  70048    0    0 163344     0 188724 204073 14  5 33 47  2	
11  6      0 97458184  11044  70052    0    0 163312     0 184864 201125 15  4 33 46  2	
12  5      0 97458184  11044  70052    0    0 163264     0 188654 202528 13  4 34 48  2	
10  8      0 97458184  11052  70044    0    0 163424    12 190831 205566 14  5 33 47  2	
 7 10      0 97458184  11052  70052    0    0 163392     0 187765 201973 14  5 33 47  2	
14  4      0 97458184  11052  70052    0    0 163232     0 188690 203383 13  4 33 48  2	
 7  9      0 97458184  11052  70052    0    0 163424     0 189207 203564 13  4 34 47  2	
12  7      0 97458184  11052  70052    0    0 163312     0 189265 203103 13  4 33 48  2	
11  6      0 97458184  11052  70056    0    0 163328     0 190487 206066 13  4 34 47  2	
13  7      0 97458184  11060  70056    0    0 163376    12 187767 202985 13  5 33 47  2	
14  6      0 97458184  11060  70056    0    0 163328     0 186630 201698 15  4 33 47  2	
 6 10      0 97458184  11060  70056    0    0 163408     0 185600 202644 15  5 32 46  2	
 4 12      0 97458184  11060  70056    0    0 163424     0 190188 206437 16  5 32 45  2	
 9  9      0 97458184  11060  70056    0    0 163248     0 188604 202888 14  4 33 47  2	
 3 13      0 97458184  11068  70048    0    0 163424    12 189829 204402 12  5 34 47  2	
15  3      0 97458184  11068  70056    0    0 163200     0 190249 206659 13  5 33 48  2	
 6 10      0 97458184  11068  70056    0    0 163472     0 187508 201290 12  4 33 48  2	
14  4      0 97458184  11068  70056    0    0 163184     0 188033 203417 13  5 32 48  2	
10  9      0 97458184  11068  70056    0    0 163440     0 190663 205820 15  5 33 46  2	
 8  8      0 97458184  11068  70056    0    0 163280     0 188630 201961 14  3 33 48  2	
12  4      0 97458184  11076  70056    0    0 163328    32 188857 204747 14  4 34 46  2	
procs -----------memory---------- ---swap-- -----io---- --system-- -----cpu-----
 r  b   swpd   free   buff  cache   si   so    bi    bo   in   cs us sy id wa st
 9  8      0 97458184  11076  70056    0    0 163376     0 188678 203480 15  4 33 46  2	
11  7      0 97458184  11076  70056    0    0 163344     0 188571 203789 14  4 34 47  2	
15  4      0 97458184  11076  70056    0    0 163280     0 189622 204444 14  4 33 47  2	
 7 11      0 97458184  11076  70056    0    0 163472     0 189833 204197 13  4 33 47  2	
10  7      0 97458184  11084  70048    0    0 163264    32 190305 206226 13  5 34 47  2	
 8  9      0 97458184  11084  70056    0    0 163376     0 188568 204031 15  5 33 46  2	
11  9      0 97458184  11084  70056    0    0 163296     0 188082 203554 14  5 33 46  2	
 8  7      0 97458184  11084  70056    0    0 163328     0 189409 204533 13  4 33 48  2	
 5 11      0 97458184  11084  70056    0    0 163360     0 189705 204686 13  4 33 47  2	
 5 11      0 97458184  11084  70056    0    0 163344     0 189794 204044 13  4 33 47  2	
 3 13      0 97458184  11092  70056    0    0 163344    28 189959 204389 12  5 34 47  2	
 8  9      0 97458184  11092  70056    0    0 163280     0 188070 202950 13  4 34 46  2	
 9  8      0 97458184  11092  70056    0    0 163328     0 190388 204740 12  5 34 47  2	
10  7      0 97458184  11092  70056    0    0 163344     0 190024 205528 13  5 33 47  2	
 9  8      0 97458184  11092  70056    0    0 163344     0 188701 203454 14  4 33 47  2	
11  7      0 97458184  11100  70048    0    0 163296    12 189574 204514 15  4 33 46  2	
 6 11      0 97458184  11100  70056    0    0 163424     0 190086 204063 14  4 33 47  2	
 9  7      0 97458184  11100  70056    0    0 163216     0 189074 203912 13  5 33 47  2	
 9  9      0 97458184  11100  70056    0    0 163344     0 189172 203220 14  4 33 47  2	
 8  8      0 97458184  11100  70056    0    0 163360     0 190232 205383 13  4 33 48  2	
 8 10      0 97458184  11100  70056    0    0 163392     0 187667 200723 13  4 33 48  2	
procs -----------memory---------- ---swap-- -----io---- --system-- -----cpu-----
 r  b   swpd   free   buff  cache   si   so    bi    bo   in   cs us sy id wa st
 7 11      0 97458184  11108  70060    0    0 163328    12 186655 202697 15  4 32 47  2	
 6 10      0 97458184  11108  70060    0    0 163360     0 190646 206258 14  4 33 47  2	
 8  8      0 97458184  11108  70064    0    0 163280     0 189692 203742 13  4 33 48  2	
 4 12      0 97458184  11108  70064    0    0 163344     0 190500 205459 13  5 33 47  2	
 6 11      0 97458184  11108  70064    0    0 163344     0 189346 204468 12  4 35 47  2	
 9  8      0 97458184  11116  70056    0    0 163296    12 189774 205037 14  5 33 47  2	
 9  9      0 97458184  11116  70064    0    0 163344     0 191138 207677 14  4 34 46  2	
17  3      0 97458184  11116  70064    0    0 163168     0 189596 204979 14  4 33 48  2	
 9  7      0 97458184  11116  70064    0    0 163424     0 189254 204647 14  4 33 46  2	
 8  8      0 97458184  11116  70064    0    0 163344     0 187621 203225 15  4 32 47  2	
 7  9      0 97458184  11116  70064    0    0 163328     0 190207 204610 14  4 33 47  2	
 8 10      0 97458184  11124  70064    0    0 163328    12 189992 204459 14  4 34 46  2	
 9  9      0 97458184  11124  70064    0    0 163312     0 188248 204686 12  5 34 48  2	
 7 10      0 97458184  11124  70064    0    0 163344     0 189278 203666 14  5 32 47  2	
 9  8      0 97458184  11124  70064    0    0 163200    24 189303 204111 13  5 33 48  2	
 5 12      0 97458184  11124  70064    0    0 163488     0 189871 204149 13  5 34 47  2	
 4 12      0 97458184  11132  70056    0    0 163344    24 189332 203457 14  4 33 47  2	
11  7      0 97458184  11132  70064    0    0 163264     0 190437 206428 14  5 34 46  2	
 8  8      0 97458184  11132  70064    0    0 163424     0 188171 202110 14  4 34 46  2	
 6 12      0 97458184  11132  70064    0    0 163328     8 189240 203810 14  5 33 47  2	
 7 10      0 97458184  11132  70064    0    0 163328     0 187810 203459 14  5 33 46  2	
procs -----------memory---------- ---swap-- -----io---- --system-- -----cpu-----
 r  b   swpd   free   buff  cache   si   so    bi    bo   in   cs us sy id wa st
10 10      0 97458184  11132  70064    0    0 163328    20 187563 201358 13  4 33 48  2	
 7 11      0 97458184  11140  70064    0    0 163392     4 189440 203509 14  5 33 47  2	
 8  9      0 97458184  11140  70064    0    0 163328     0 187005 201767 13  4 34 48  2	
 6 10      0 97458184  11140  70064    0    0 163376     0 190051 205329 13  4 33 47  2	
11  7      0 97458184  11140  70064    0    0 163232     0 190128 207496 15  5 33 46  2	
 8  9      0 97458184  11140  70064    0    0 163392     0 189862 204442 13  4 34 47  2	
 6 11      0 97458184  11148  70064    0    0 163376    12 189878 205477 13  5 34 47  2	
 6 10      0 97458184  11148  70064    0    0 163312     0 189736 205110 15  5 33 46  2	
 5 11      0 97458184  11148  70064    0    0 163328     0 190101 206886 14  4 33 46  2	
 8 10      0 97458184  11148  70064    0    0 163344     0 188853 204531 13  5 33 47  2	
12  5      0 97458184  11148  70064    0    0 163232     0 187636 201299 12  4 33 49  2	
 7 10      0 97458184  11156  70056    0    0 163456    12 189455 203237 13  5 33 47  2	
13  5      0 97458184  11156  70068    0    0 163312     0 189015 203505 14  4 33 47  2	
 2 14      0 97458184  11156  70068    0    0 163472     0 189276 202671 14  5 33 47  2	
10  9      0 97458184  11156  70068    0    0 163248     0 190670 204819 13  4 33 48  2	
 5 11      0 97458184  11156  70068    0    0 163376     0 189683 202982 12  4 34 48  2	
12  6      0 97458184  11156  70068    0    0 163216     0 190606 205067 13  5 33 47  2	
 7  9      0 97458184  11164  70068    0    0 163440    12 188874 205671 15  4 32 46  2	
 7 10      0 97458184  11164  70068    0    0 163360     0 189963 206140 13  5 33 47  2	
 5 12      0 97458184  11164  70068    0    0 163328     0 189975 205419 14  4 34 46  2	
10  8      0 97458184  11164  70068    0    0 163296     0 189811 204326 13  4 33 48  2	
procs -----------memory---------- ---swap-- -----io---- --system-- -----cpu-----
 r  b   swpd   free   buff  cache   si   so    bi    bo   in   cs us sy id wa st
 5 12      0 97458184  11164  70068    0    0 163392     0 190058 204789 14  5 33 47  2	
12  5      0 97458184  11172  70060    0    0 163248    12 188621 203044 13  4 33 48  2	
 8  8      0 97458184  11172  70072    0    0 163392     0 186918 201460 13  4 33 48  2	
 6 11      0 97458184  11172  70072    0    0 163392     8 190212 203652 13  5 33 48  2	
16  4      0 97458184  11172  70072    0    0 163216     0 188519 203339 14  4 32 48  2	
 9  9      0 97458184  11172  70072    0    0 163424     0 189853 204579 14  5 32 48  2	
 9  7      0 97458184  11172  70072    0    0 163280     0 189181 204421 12  5 34 48  2	
 8  9      0 97458184  11180  70072    0    0 163376    24 189903 204685 14  5 32 47  2	
 7 10      0 97458184  11180  70072    0    0 163312    28 189227 205238 16  5 33 45  2	
 6 10      0 97458184  11180  70072    0    0 163360     0 189278 204117 14  4 32 47  2	
 9  9      0 97458184  11180  70072    0    0 163312     0 189762 205051 13  4 33 48  2	
 9  7      0 97458184  11180  70072    0    0 163328     0 189679 204940 14  4 33 47  2	
 5 11      0 97458184  11188  70064    0    0 163376    24 190144 205499 14  4 33 46  2	
11  7      0 97458184  11188  70072    0    0 163264     0 190073 206238 14  4 33 47  2	
10  8      0 97458184  11188  70072    0    0 163344     0 189294 203447 13  5 33 47  2	
12  7      0 97458184  11188  70072    0    0 163328     0 188481 203755 14  4 33 48  2	
 7 10      0 97458184  11188  70072    0    0 163408     0 187815 202016 13  4 33 48  2	
10  8      0 97458184  11188  70072    0    0 163280     0 189822 205026 15  5 33 45  2	
11  6      0 97458184  11196  70072    0    0 163184    12 188060 203480 14  5 33 46  2	
10  7      0 97458184  11196  70072    0    0 163456     0 190412 205901 14  5 32 47  2	
 9 10      0 97458184  11196  70072    0    0 163392     0 189540 204568 13  5 34 47  2	
procs -----------memory---------- ---swap-- -----io---- --system-- -----cpu-----
 r  b   swpd   free   buff  cache   si   so    bi    bo   in   cs us sy id wa st
 9  9      0 97458184  11196  70072    0    0 163312     0 190728 206093 13  4 34 47  2	
 9  9      0 97458184  11196  70072    0    0 163344     0 190337 205480 14  5 33 47  2	
 6 10      0 97458184  11204  70064    0    0 163344    12 191062 206635 14  5 33 47  2	
 9  8      0 97458184  11204  70072    0    0 163296     0 189720 203857 12  4 33 48  2	
12  6      0 97458184  11204  70076    0    0 163344     0 191178 206607 13  5 33 47  2	
14  8      0 97458184  11204  70076    0    0 163328     0 189132 206076 15  5 32 45  2	
13  7      0 97458184  11204  70076    0    0 163312     0 188599 204069 14  5 32 47  2	
10  8      0 97458184  11204  70076    0    0 163408     0 191551 206018 15  5 33 45  2	
 8 10      0 97458184  11212  70076    0    0 163312    12 189634 203833 14  4 33 47  2	
 7  9      0 97458184  11212  70076    0    0 163408     0 190866 206075 14  4 33 47  2	
13  8      0 97458184  11212  70076    0    0 163312     0 190365 205480 14  4 33 47  2	
11  7      0 97458184  11212  70076    0    0 163328     0 189334 204750 13  5 33 46  2	
 9  9      0 97458184  11212  70076    0    0 163360     0 190894 206041 13  5 33 47  2	
 7 10      0 97458184  11220  70068    0    0 163360    20 189512 205929 14  5 33 47  2	
 8  8      0 97458184  11220  70076    0    0 163312     0 189416 204686 14  5 33 47  2	
 6 10      0 97458184  11220  70076    0    0 163376     0 189708 205320 14  5 33 46  2	
 4 13      0 97458184  11220  70076    0    0 163376     0 188664 202857 12  5 34 48  2	
 9  9      0 97458184  11220  70076    0    0 163280     0 188037 201702 13  4 33 48  2	
 5 12      0 97458184  11220  70076    0    0 163408     8 189189 206102 15  6 32 45  2	
 3 13      0 97458184  11228  70076    0    0 163344    24 189251 204698 15  5 32 47  2	
10  7      0 97458184  11228  70076    0    0 163232     0 189084 204251 13  5 33 48  2	
procs -----------memory---------- ---swap-- -----io---- --system-- -----cpu-----
 r  b   swpd   free   buff  cache   si   so    bi    bo   in   cs us sy id wa st
 7 10      0 97458184  11228  70076    0    0 163424     0 190183 204774 14  5 33 47  2	
 8  8      0 97458184  11228  70076    0    0 163248     0 189785 203952 14  4 33 47  2	
 6 11      0 97458184  11228  70076    0    0 163360    16 189804 203464 13  4 33 48  2	
10  9      0 97458184  11236  70072    0    0 163344    12 188346 202145 14  5 33 47  2	
12  7      0 97458184  11236  70080    0    0 163312     0 187719 203256 15  4 32 46  2	
 6 11      0 97458184  11236  70080    0    0 163392     0 188405 202128 13  4 33 48  2	
 5 13      0 97458184  11236  70080    0    0 163360     0 189071 203925 14  4 33 47  2	
 5 11      0 97458184  11236  70080    0    0 163296     0 187727 200721 13  4 33 48  2	
10  7      0 97458184  11236  70080    0    0 163360     0 191028 206436 14  4 33 47  2	
11  6      0 97458184  11244  70080    0    0 163264    12 189976 204646 15  4 32 47  2	
 8  9      0 97458184  11244  70080    0    0 163360     0 189077 203926 13  4 33 48  2	
11  9      0 97458184  11244  70080    0    0 163344     0 188117 201929 13  4 33 48  2	
 9  7      0 97458184  11244  70080    0    0 163280     0 190692 206687 15  4 33 46  2	
 5 11      0 97458184  11244  70080    0    0 163376     0 189971 204955 13  4 34 47  2	
 8  8      0 97458184  11252  70072    0    0 163248    12 185062 200455 13  5 33 48  2	
10  8      0 97458184  11252  70080    0    0 163328     0 190865 206806 15  4 33 46  2	
11  7      0 97458184  11252  70080    0    0 163344     0 189873 205681 14  5 33 46  2	
 7 11      0 97458184  11252  70084    0    0 163376     0 190887 205867 14  5 33 46  2	
 9  9      0 97458184  11252  70084    0    0 163328     0 188445 201964 12  4 33 49  2	
15  5      0 97458184  11252  70084    0    0 163264     0 189803 203901 13  4 34 48  2	
 4 12      0 97458184  11260  70084    0    0 163408    12 188690 203294 11  4 34 49  2	
procs -----------memory---------- ---swap-- -----io---- --system-- -----cpu-----
 r  b   swpd   free   buff  cache   si   so    bi    bo   in   cs us sy id wa st
 6 10      0 97458184  11260  70084    0    0 163328     0 189669 204076 13  5 33 47  2	
 9  9      0 97458184  11260  70084    0    0 163312     4 189422 205186 14  4 33 47  2	
 9  8      0 97458184  11260  70084    0    0 163264     0 189791 205038 13  4 34 47  2	
10  6      0 97458184  11260  70084    0    0 163392     0 187249 201793 15  4 33 47  2	
 3 13      0 97458184  11268  70076    0    0 163408    12 186657 202366 14  5 33 47  2	
 8 10      0 97458184  11268  70084    0    0 163296     0 189030 204919 13  5 33 47  2	
 5 11      0 97458184  11268  70084    0    0 163344    16 190407 205139 13  5 34 47  2	
10  7      0 97458184  11268  70084    0    0 163312     0 185292 200606 14  4 33 47  2	
 8  9      0 97458184  11268  70084    0    0 163296     0 191837 207011 13  6 33 46  2	
 8  9      0 97458184  11268  70084    0    0 163424     0 189713 204523 14  5 33 47  2	
 9  8      0 97458184  11276  70084    0    0 163264    28 189528 204207 13  4 34 47  2	
 8  9      0 97458184  11276  70084    0    0 163408     0 189622 204201 13  5 33 47  2	
10  7      0 97458184  11276  70084    0    0 163280     0 191851 205806 14  4 33 46  2	
11  6      0 97458184  11276  70084    0    0 163344     0 186925 203421 15  5 32 47  2	
 6 12      0 97458184  11276  70084    0    0 163424     0 189244 202782 12  5 34 48  2	
13  6      0 97458184  11284  70076    0    0 163280    12 189301 203574 13  4 33 47  2	
 7 10      0 97458184  11284  70084    0    0 163392     0 190818 207454 13  5 34 47  2	
 8  8      0 97458184  11284  70084    0    0 163312    16 190913 205017 13  4 33 48  2	
10 10      0 97458184  11284  70084    0    0 163296     0 190129 204888 14  4 33 47  2	
 8  9      0 97458184  11284  70084    0    0 163312     0 189579 203949 14  5 33 47  2	
 8  8      0 97458184  11284  70084    0    0 163344     0 189386 203123 12  4 33 49  2	
procs -----------memory---------- ---swap-- -----io---- --system-- -----cpu-----
 r  b   swpd   free   buff  cache   si   so    bi    bo   in   cs us sy id wa st
 6 10      0 97458184  11292  70084    0    0 163376    12 189896 206073 14  5 33 46  2	
 8  9      0 97458184  11292  70084    0    0 163312     0 187652 202068 11  4 34 49  2	
 3 14      0 97458184  11292  70084    0    0 163392     0 187682 203691 15  5 33 45  2	
 9 10      0 97458184  11292  70088    0    0 163280     0 188703 203007 13  5 33 47  2	
 8 10      0 97458184  11292  70088    0    0 163360     0 189032 203794 14  5 32 47  2	
 7  9      0 97458184  11300  70080    0    0 163344    12 190661 204359 13  5 33 46  2	
12  6      0 97458184  11300  70088    0    0 163312     0 187074 201010 13  4 32 49  2	
11  6      0 97458184  11300  70088    0    0 163312     0 190327 205475 13  4 33 47  2	
10 10      0 97458184  11300  70092    0    0 163392     0 186477 203596 17  5 32 44  2	
 6 12      0 97458184  11300  70092    0    0 163328     0 189271 204015 13  5 33 47  2	
17  4      0 97458184  11300  70092    0    0 163232     0 190913 206467 15  4 33 46  2	
 6 10      0 97458184  11308  70092    0    0 163424    12 189205 203422 12  4 34 48  2	
14  4      0 97458184  11308  70092    0    0 163232     0 188826 204825 14  5 33 46  2	
 7 10      0 97458184  11308  70092    0    0 163392     0 189795 204997 13  4 34 48  2	
 9  9      0 97458184  11308  70092    0    0 163376     0 189095 203870 14  4 33 47  2	
 6 10      0 97458184  11308  70092    0    0 163360     0 188543 202649 13  4 33 48  2	
 8  8      0 97458184  11316  70084    0    0 163280    32 189483 206046 15  5 33 46  2	
11  6      0 97458184  11316  70092    0    0 163312     0 188581 203217 12  4 34 48  2	
 3 13      0 97458184  11316  70092    0    0 163440     0 189743 206528 16  5 32 45  2	
 5 10      0 97458184  11316  70092    0    0 163312     0 190194 203811 13  5 34 48  2	
10  7      0 97458184  11316  70092    0    0 163328     0 189045 202918 14  5 33 46  2	
procs -----------memory---------- ---swap-- -----io---- --system-- -----cpu-----
 r  b   swpd   free   buff  cache   si   so    bi    bo   in   cs us sy id wa st
 8 10      0 97458184  11316  70092    0    0 163344    28 186962 203603 16  4 33 45  2	
12  9      0 97458184  11324  70092    0    0 163312     4 189432 204026 13  4 34 47  2	
11  9      0 97458184  11324  70092    0    0 163344     0 190778 206355 14  4 33 47  2	
 8  8      0 97458184  11324  70092    0    0 163328     0 188425 203769 14  5 33 46  2	
 8  8      0 97458184  11324  70092    0    0 163360     0 190825 205998 14  5 33 46  2	
10  7      0 97458184  11324  70092    0    0 163344     0 191011 205894 13  4 33 48  2	
 6 10      0 97458184  11332  70092    0    0 163376    12 188801 204178 13  5 33 47  2	
 8 10      0 97458184  11332  70092    0    0 163296     0 190162 206238 15  4 33 46  2	
 8  8      0 97458184  11332  70092    0    0 163296     0 188860 204396 14  5 33 47  2	
11  7      0 97458184  11332  70092    0    0 163360     0 188492 202565 13  4 32 49  2	
 8  9      0 97458184  11332  70092    0    0 163344    16 189822 205354 14  5 33 47  2	
 6 10      0 97458184  11340  70088    0    0 163360    12 188650 203809 14  5 34 45  2	
 5 11      0 97457936  11340  70092    0    0 163328     0 189109 204914 13  5 33 48  2	
 9  9      0 97457936  11340  70092    0    0 163328     0 188043 203997 14  4 33 47  2	
 9  8      0 97457936  11340  70092    0    0 163360     0 189312 204976 15  4 33 47  2	
 9  8      0 97457936  11340  70092    0    0 163312     0 188594 204733 16  5 32 45  2	
10  8      0 97457936  11340  70092    0    0 163312     0 189253 204031 14  4 34 47  2	
 6 10      0 97457936  11348  70092    0    0 163360    20 188319 203040 14  4 33 47  2	
 6 11      0 97457936  11348  70092    0    0 163328     0 189265 203757 13  5 33 47  2	
 9  7      0 97457936  11348  70092    0    0 163328     0 190017 204403 13  4 33 48  2	
12  6      0 97457936  11348  70092    0    0 163312     0 189308 204477 14  4 34 47  2	
procs -----------memory---------- ---swap-- -----io---- --system-- -----cpu-----
 r  b   swpd   free   buff  cache   si   so    bi    bo   in   cs us sy id wa st
10  8      0 97457936  11348  70096    0    0 163344     0 190408 206753 14  5 33 46  2	
14  6      0 97457936  11356  70088    0    0 163296    12 189419 204080 13  4 33 47  2	
 7 11      0 97457936  11356  70096    0    0 163424     0 188611 203618 13  5 34 47  2	
 3 13      0 97457936  11356  70100    0    0 163360     0 189069 203569 14  4 33 48  2	
 9  9      0 97457936  11356  70104    0    0 163296     0 189501 203568 12  4 33 48  2	
 4 12      0 97457936  11356  70104    0    0 163376     8 189697 205574 14  4 33 46  2	
 7 10      0 97457936  11356  70104    0    0 163232     0 188737 201721 12  3 34 49  2	
 6  9      0 97457936  11364  70104    0    0 163360    32 189059 202589 13  5 33 48  2	
 4 12      0 97457936  11364  70104    0    0 163344     0 190767 205587 14  5 33 47  2	
 6 13      0 97457936  11364  70104    0    0 163360     0 190340 205632 13  4 34 47  2	
 6 11      0 97457936  11364  70104    0    0 163296     8 189040 204689 15  4 33 46  2	
 6 10      0 97457936  11364  70104    0    0 163344     0 188675 203028 12  4 33 48  2	
10  8      0 97457936  11372  70096    0    0 163296    24 187781 203491 15  5 32 46  2	
10  8      0 97457936  11372  70104    0    0 163360     0 189186 203153 14  4 33 47  2	
 7  9      0 97457936  11372  70104    0    0 163344     0 189071 203712 13  4 33 48  2	
10  7      0 97457936  11372  70104    0    0 163344     0 188263 201960 13  4 34 47  2	
10  8      0 97457936  11372  70104    0    0 163312     0 190701 204459 14  4 33 48  2	
 8  9      0 97457936  11372  70104    0    0 163360     0 188835 203490 12  4 33 48  2	
 6 11      0 97457936  11380  70104    0    0 163488    12 188961 202951 14  6 32 47  2	
10  8      0 97457936  11380  70104    0    0 163232     0 186989 200228 13  4 33 48  2	
 7  9      0 97457936  11380  70104    0    0 163408     0 186871 200317 13  3 34 48  2	
procs -----------memory---------- ---swap-- -----io---- --system-- -----cpu-----
 r  b   swpd   free   buff  cache   si   so    bi    bo   in   cs us sy id wa st
 8 11      0 97457936  11380  70104    0    0 163328     0 191115 206086 14  4 33 47  2	
 5 11      0 97457936  11380  70104    0    0 163376     0 188735 202447 15  4 33 47  2	
 7  9      0 97457936  11388  70096    0    0 163296    12 189259 203652 13  5 33 47  2	
13  7      0 97457936  11388  70104    0    0 163264     0 189098 204660 12  5 33 47  2	
10  8      0 97457936  11388  70104    0    0 163376    36 189573 205448 13  5 33 47  2	
 9  9      0 97457936  11388  70104    0    0 163376     0 190418 206447 15  4 33 46  2	
 9  7      0 97457936  11388  70104    0    0 163280     0 190016 204864 12  5 34 48  2	
 6 11      0 97457936  11388  70104    0    0 163328     0 191497 205514 13  5 34 47  2	
13  6      0 97457936  11396  70104    0    0 163344    28 188858 203664 13  5 32 48  2	
10  6      0 97457936  11396  70104    0    0 163392     0 188688 204464 15  4 32 47  2	
 5 11      0 97457936  11396  70104    0    0 163376     0 184921 198841 14  5 33 47  2	
 7  9      0 97457936  11396  70104    0    0 163280     0 188715 205030 15  5 32 45  2	
10  6      0 97457936  11396  70108    0    0 163312     0 188199 202275 13  5 33 48  2	
12  7      0 97457936  11404  70100    0    0 163296    16 189987 206512 13  4 33 48  2	
 9  7      0 97457936  11404  70108    0    0 163328     0 185794 201983 15  4 32 47  2	
 8  9      0 97457936  11404  70108    0    0 163440     0 188890 205782 15  6 32 46  2	
 5 11      0 97457936  11404  70108    0    0 163328     0 187344 202455 13  4 33 48  2	
 5 11      0 97457936  11404  70108    0    0 163344     0 190447 207079 14  5 33 46  2	
 8  8      0 97457936  11404  70108    0    0 163296     0 188189 203131 14  4 32 48  2	
 7  9      0 97457936  11412  70108    0    0 162752    12 184656 201063 14  5 32 47  2	
 4 12      0 97457936  11412  70116    0    0 163968    12 189555 204212 14  4 33 48  2	
procs -----------memory---------- ---swap-- -----io---- --system-- -----cpu-----
 r  b   swpd   free   buff  cache   si   so    bi    bo   in   cs us sy id wa st
10  8      0 97457936  11412  70116    0    0 163328     0 189534 204163 14  4 34 46  2	
12  7      0 97457936  11412  70116    0    0 163280     0 191026 206049 14  5 33 46  2	
 9  9      0 97457936  11412  70116    0    0 163392     0 186935 201774 15  5 32 46  2	
10  7      0 97457936  11420  70108    0    0 163360    24 189916 204421 13  4 33 48  2	
 7 10      0 97457936  11420  70120    0    0 163328     0 189410 204192 13  4 33 48  2	
 8  7      0 97457936  11420  70120    0    0 163328     0 191460 206268 14  4 34 47  2	
 6 11      0 97457936  11420  70120    0    0 163392     0 188655 204494 13  5 32 47  2	
11  5      0 97457936  11420  70120    0    0 163264     0 189939 205427 14  4 33 47  2	
 8  9      0 97457936  11420  70120    0    0 163408     0 188228 203494 14  5 33 46  2	
 6 11      0 97457936  11428  70120    0    0 163408    12 189078 202727 13  4 33 48  2	
 8  9      0 97457936  11428  70120    0    0 163328     0 190547 205918 14  4 33 47  2	
 8  9      0 97457936  11428  70120    0    0 163312     0 189534 204188 13  5 33 47  2	
 8  9      0 97457936  11428  70120    0    0 163344     0 188687 201995 12  5 33 48  2	
 6 11      0 97457936  11428  70120    0    0 163360     0 191874 207593 14  5 33 46  2	
 9  7      0 97457936  11436  70112    0    0 163264    12 188738 204448 14  5 33 47  2	
10  7      0 97457936  11436  70120    0    0 163296     0 189737 204580 13  5 33 47  2	
10  8      0 97457936  11436  70120    0    0 163408     0 189854 205426 14  5 33 46  2	
 9  8      0 97457936  11436  70120    0    0 163392     0 189419 203977 12  5 33 48  2	
11  7      0 97457936  11436  70120    0    0 163232     0 186538 201404 14  5 33 46  2	
 4 13      0 97457936  11436  70120    0    0 163456    28 189886 204025 12  4 34 48  2	
12  5      0 97457936  11444  70120    0    0 163200    12 189944 205069 14  4 33 46  2	
procs -----------memory---------- ---swap-- -----io---- --system-- -----cpu-----
 r  b   swpd   free   buff  cache   si   so    bi    bo   in   cs us sy id wa st
10  9      0 97457936  11444  70120    0    0 163424     0 189583 203543 13  4 33 48  2	
 8  9      0 97457936  11444  70120    0    0 163360     0 189813 205317 14  5 33 47  2	
10  8      0 97457936  11444  70120    0    0 163296     0 187997 202857 13  5 32 48  2	
10  7      0 97457936  11444  70120    0    0 163360     0 189309 204431 13  4 33 47  2	
 6 12      0 97457936  11452  70116    0    0 163408    12 190470 205934 13  5 33 47  2	
 9  8      0 97457936  11452  70124    0    0 163296     0 189756 204418 14  5 33 46  2	
 7 10      0 97457936  11452  70124    0    0 163296     0 190771 205418 13  5 33 48  2	
 9  8      0 97457936  11452  70124    0    0 163328     0 188119 202468 13  5 33 47  2	
 9  8      0 97457936  11452  70124    0    0 163328     8 189248 204580 15  4 33 47  2	
 5 11      0 97457936  11452  70124    0    0 163440     0 189012 204002 14  5 33 46  2	
 6 10      0 97457808  11460  70124    0    0 163296    24 190058 205483 13  5 33 47  2	
 8 11      0 97457808  11460  70124    0    0 163344     0 188429 202077 12  5 33 48  2	
 5 12      0 97457808  11460  70124    0    0 163344     0 188625 203640 13  5 33 47  2	
12  5      0 97457808  11460  70124    0    0 163248     8 187479 201734 14  4 33 47  2	
 5 13      0 97457808  11460  70124    0    0 163440     0 188624 202434 13  4 32 49  2	
 7 10      0 97457808  11468  70116    0    0 163296    24 188269 202970 14  4 33 48  2	
11  9      0 97457808  11468  70124    0    0 163296     0 190218 205120 14  5 34 45  2	
 4 12      0 97457808  11468  70124    0    0 163360     0 188496 204063 14  5 32 46  2	
 6 12      0 97457808  11468  70124    0    0 163296     0 188096 205365 15  4 33 46  2	
 8  8      0 97457808  11468  70124    0    0 163296     0 189291 203567 13  4 33 48  2	
11  8      0 97457808  11468  70124    0    0 163344     0 188442 203948 14  4 33 48  2	
procs -----------memory---------- ---swap-- -----io---- --system-- -----cpu-----
 r  b   swpd   free   buff  cache   si   so    bi    bo   in   cs us sy id wa st
 7 10      0 97457808  11476  70124    0    0 163344    12 185874 202502 14  4 34 47  2	
 6 11      0 97457808  11476  70124    0    0 163344     0 190068 205933 14  5 33 47  2	
 7  9      0 97457808  11476  70124    0    0 163280     0 189783 203971 13  4 33 47  2	
 4 12      0 97457808  11476  70124    0    0 163424     0 190551 205765 14  5 33 47  2	
 8  8      0 97457808  11476  70128    0    0 163296     0 188774 204177 13  5 32 48  2	
 7  9      0 97457808  11484  70120    0    0 163376    12 189415 205097 14  4 33 47  2	
12  8      0 97457688  11484  70128    0    0 163296     0 188122 203106 15  5 33 45  2	
 4 12      0 97457688  11484  70128    0    0 163376     0 189136 204425 12  4 35 47  2	
 9 10      0 97457688  11484  70128    0    0 163344    20 188618 204826 15  4 33 46  2	
 8  9      0 97457688  11484  70128    0    0 163296     0 190334 205196 14  5 33 47  2	
11  6      0 97457688  11484  70128    0    0 163312     0 191814 207351 16  5 32 45  2	
14  4      0 97457688  11492  70128    0    0 163344    12 190585 205285 12  5 34 47  2	
 7  9      0 97457688  11492  70128    0    0 163360     0 187742 203756 16  5 32 45  2	
15  4      0 97457688  11492  70128    0    0 163280     0 190140 204064 14  4 33 47  2	
 7 10      0 97457688  11492  70128    0    0 163408     0 188009 202695 13  5 33 47  2	
17  3      0 97457688  11492  70128    0    0 163264     0 189598 205596 13  5 33 47  2	
 8  9      0 97457688  11500  70120    0    0 163408    12 188391 202875 14  5 33 47  2	
12  6      0 97457568  11500  70132    0    0 163312     0 189580 206735 14  5 32 46  2	
 7 10      0 97457568  11500  70132    0    0 163424     0 189747 204606 15  5 33 46  2	
 4 13      0 97457568  11500  70132    0    0 163328     0 189962 204261 13  4 33 49  2	
11  6      0 97457568  11500  70132    0    0 163216     0 189300 203674 13  5 33 47  2	
procs -----------memory---------- ---swap-- -----io---- --system-- -----cpu-----
 r  b   swpd   free   buff  cache   si   so    bi    bo   in   cs us sy id wa st
 9  9      0 97457568  11500  70132    0    0 163392     8 189858 204954 14  4 33 47  2	
10  6      0 97457568  11508  70132    0    0 163344     4 189078 203926 13  4 33 48  2	
 5 11      0 97457568  11508  70132    0    0 163408    16 188881 203176 14  5 33 46  2	
10  6      0 97457568  11508  70132    0    0 163232     0 190480 205657 13  5 33 47  2	
11  7      0 97457568  11508  70132    0    0 163376     0 191035 205610 14  5 33 47  2	
 6  9      0 97457568  11508  70132    0    0 163360     0 188153 204516 14  4 33 46  2	
 8  9      0 97457568  11516  70132    0    0 163296    32 187957 203342 12  4 34 48  2	
 4 13      0 97457568  11516  70132    0    0 163376     0 187995 205003 15  5 33 46  2	
 8  8      0 97457568  11516  70132    0    0 163296     0 189770 204298 14  4 33 47  2	
 6 11      0 97457568  11516  70132    0    0 163360     0 190376 205199 14  5 33 47  2	
10  7      0 97457568  11516  70132    0    0 163248     0 190463 206402 15  5 33 46  2	
 8 11      0 97457568  11524  70124    0    0 163408    12 188504 203966 14  5 32 47  2	
10  8      0 97457568  11524  70132    0    0 163264     0 189617 204798 15  5 32 46  2	
13  5      0 97457568  11524  70132    0    0 163328     0 190385 205672 14  4 33 47  2	
 2 14      0 97457568  11524  70132    0    0 163472     0 191355 206355 13  5 33 47  2	
12  8      0 97457568  11524  70132    0    0 163216     0 189704 206235 14  5 33 46  2	
 9  8      0 97457568  11524  70132    0    0 163376     0 191483 206466 14  5 33 47  2	
 8  9      0 97457568  11532  70132    0    0 163328    12 188448 204917 15  5 33 46  2	
 7  9      0 97457568  11532  70132    0    0 163328     0 189250 203046 13  4 33 47  2	
 8 10      0 97457568  11532  70132    0    0 163328     0 189567 204517 13  4 33 48  2	
12  4      0 97457568  11532  70132    0    0 163264     0 190446 205766 14  5 33 46  2	
procs -----------memory---------- ---swap-- -----io---- --system-- -----cpu-----
 r  b   swpd   free   buff  cache   si   so    bi    bo   in   cs us sy id wa st
 7 11      0 97457568  11532  70132    0    0 163440     0 188005 205695 17  5 32 44  2	
10  6      0 97457568  11540  70124    0    0 163216    12 190404 204981 14  5 33 46  2	
12  5      0 97457568  11540  70132    0    0 163360    20 190278 205233 14  4 33 47  2	
 5 12      0 97457568  11540  70132    0    0 163472     0 190976 205554 12  4 34 47  2	
11  7      0 97457568  11540  70136    0    0 163296     0 188472 202003 13  4 33 48  2	
10  8      0 97457568  11540  70136    0    0 163328     0 191147 205521 14  5 32 47  2	
 5 12      0 97457568  11540  70136    0    0 163456     0 188951 203968 13  4 33 47  2	
 7 10      0 97457568  11548  70136    0    0 163184    12 188742 203347 13  5 33 47  2	
11  6      0 97457568  11548  70140    0    0 163376     0 189298 203053 12  4 34 48  2	
 7 10      0 97457568  11548  70140    0    0 163408     0 190033 204752 13  4 33 48  2	
 3 13      0 97457568  11548  70140    0    0 163376     0 188356 202250 14  4 32 48  2	
19  3      0 97457568  11548  70140    0    0 163152     0 190286 204578 13  4 34 47  2	
13  5      0 97457568  11556  70132    0    0 163392    48 187988 203002 14  5 32 47  2	
10  8      0 97457568  11556  70140    0    0 163328     0 190618 206493 14  4 34 46  2	
12  6      0 97457568  11556  70140    0    0 163328     0 188764 204196 14  4 33 47  2	
 7  9      0 97457568  11556  70140    0    0 163408     0 191285 206119 14  5 33 46  2	
11  9      0 97457568  11556  70140    0    0 163280     0 187654 201234 13  5 32 48  2	
 7 11      0 97457568  11556  70140    0    0 163392     0 191060 206711 15  4 33 46  2	
10  7      0 97457568  11564  70140    0    0 163312    12 188835 204027 13  5 33 48  2	
11  6      0 97457568  11564  70140    0    0 163312     0 189779 203496 13  4 33 47  2	
10  6      0 97457568  11564  70140    0    0 163328     0 186462 203096 14  4 33 47  2	
procs -----------memory---------- ---swap-- -----io---- --system-- -----cpu-----
 r  b   swpd   free   buff  cache   si   so    bi    bo   in   cs us sy id wa st
12  6      0 97457568  11564  70140    0    0 163312     0 192054 207253 13  4 33 47  2	
 9  7      0 97457568  11564  70140    0    0 163408     0 188013 204081 13  5 32 47  2	
 6 11      0 97457568  11572  70132    0    0 163376    16 191845 207397 14  5 33 46  2	
 8  8      0 97457568  11572  70140    0    0 163312     0 190214 205718 15  4 33 46  2	
 8 10      0 97457568  11572  70140    0    0 163376     0 190215 205572 13  4 33 48  2	
 9  9      0 97457568  11572  70140    0    0 163280     0 190447 204841 13  5 33 47  2	
10  6      0 97457568  11572  70140    0    0 163328     0 188712 202433 13  4 33 48  2	
 7 10      0 97457568  11572  70140    0    0 163392     0 189480 204687 13  4 33 48  2	
 7  9      0 97457568  11580  70140    0    0 163312    12 189683 202603 13  4 33 48  2	
 7  9      0 97457568  11580  70140    0    0 163264     0 190907 206261 14  5 33 46  2	
 9  8      0 97457568  11580  70140    0    0 163328     0 188767 202673 12  4 34 49  2	
 5 12      0 97457568  11580  70140    0    0 163376     0 189401 203722 13  5 33 48  2	
 5 14      0 97457568  11580  70140    0    0 163344     0 189175 203643 15  5 32 46  2	
 6 11      0 97457568  11588  70132    0    0 163296    12 187993 203589 15  4 32 47  2	
 9  9      0 97457568  11588  70140    0    0 163296     0 189300 203866 13  5 33 47  2	
 7 11      0 97457568  11588  70140    0    0 163328     0 186681 203216 16  5 32 45  2	
 7  9      0 97457568  11588  70140    0    0 163376    24 191242 205556 14  5 32 47  2	
 5 12      0 97457568  11588  70140    0    0 163392     0 191566 206886 14  5 32 47  2	
 9  8      0 97457568  11588  70140    0    0 163264     0 191207 205460 13  5 33 47  2	
10  8      0 97457568  11596  70140    0    0 163344    12 188924 202461 13  5 32 48  2	
10  7      0 97457568  11596  70140    0    0 163296     0 188332 204690 15  5 32 47  2	
procs -----------memory---------- ---swap-- -----io---- --system-- -----cpu-----
 r  b   swpd   free   buff  cache   si   so    bi    bo   in   cs us sy id wa st
13  5      0 97457568  11596  70144    0    0 163312     8 189516 204510 13  4 33 48  2	
 8 10      0 97457568  11596  70144    0    0 163392     0 189497 204109 14  5 33 46  2	
 7  9      0 97457568  11596  70144    0    0 163376     0 189511 205002 15  4 33 46  2	
10  7      0 97457568  11604  70136    0    0 163280    24 189997 203361 14  4 34 47  2	
11  6      0 97457568  11604  70144    0    0 163040     0 188862 206297 16  5 33 44  2	
10  8      0 97457568  11604  70148    0    0 163664     0 186375 203458 15  4 33 46  2	
 9  7      0 97457568  11604  70148    0    0 161984     8 185498 200802 14  5 32 47  2	
14  5      0 97457568  11604  70148    0    0 164656     0 189122 208453 16  4 33 45  2	
 5 12      0 97457568  11604  70148    0    0 163456     0 187137 202702 16  5 33 45  2	
11  8      0 97457568  11612  70148    0    0 163296    24 189176 203825 12  4 33 49  2	
 7 10      0 97457568  11612  70148    0    0 163344     0 191054 206171 14  4 33 47  2	
 8  9      0 97457568  11612  70148    0    0 163312     4 189562 203656 13  5 33 47  2	
10  7      0 97457568  11612  70148    0    0 163328     0 189091 202830 13  4 34 48  2	
 7 10      0 97457568  11612  70148    0    0 163376     0 190820 204727 14  4 33 48  2	
14  5      0 97457568  11620  70140    0    0 163232    12 190471 206212 14  5 34 46  2	
11  8      0 97457568  11620  70148    0    0 163408     0 190109 205064 14  5 33 47  2	
10  6      0 97457568  11620  70148    0    0 163264     0 189476 204506 13  4 33 48  2	
 5 12      0 97457568  11620  70148    0    0 163456     0 191443 206137 13  4 33 47  2	
12  6      0 97457568  11620  70148    0    0 163264     0 189467 202733 13  4 33 48  2	
11  5      0 97457568  11620  70148    0    0 163312     0 189196 203442 14  4 33 47  2	
10  7      0 97457568  11628  70148    0    0 163392    12 189262 204319 14  4 33 48  2	
procs -----------memory---------- ---swap-- -----io---- --system-- -----cpu-----
 r  b   swpd   free   buff  cache   si   so    bi    bo   in   cs us sy id wa st
10  9      0 97457568  11628  70148    0    0 163344     0 190142 205660 14  5 33 47  2	
11  7      0 97457568  11628  70148    0    0 163296     0 187979 201928 14  4 32 47  2	
 9  8      0 97457568  11628  70148    0    0 163360     0 188454 202493 13  4 33 48  2	
 5 10      0 97457568  11628  70148    0    0 163360     0 189827 204018 14  4 32 47  2	
 9  7      0 97457568  11636  70140    0    0 163264    12 190191 204487 13  4 33 48  2	
11  7      0 97457568  11636  70148    0    0 163360     0 189295 204699 14  5 33 46  2	
14  3      0 97457568  11636  70148    0    0 163328     0 188619 202462 12  5 33 49  2	
 6 12      0 97457568  11636  70148    0    0 163392     0 189395 204092 14  5 33 47  2	
 8  8      0 97457568  11636  70148    0    0 163248     0 189396 202574 13  4 33 47  2	
14  7      0 97457568  11636  70148    0    0 163264     0 191164 205705 14  4 33 48  2	
10  6      0 97457568  11644  70148    0    0 163408    32 190245 204494 12  5 33 48  2	
 3 13      0 97457568  11644  70148    0    0 163456     0 186830 202046 16  5 34 44  2	
10  8      0 97457568  11644  70152    0    0 163248     0 188995 204421 13  4 33 48  2	
 6 10      0 97457568  11644  70152    0    0 163392     0 189364 204094 14  4 33 47  2	
 8 10      0 97457568  11644  70152    0    0 163344     0 190473 205154 13  5 34 47  2	
13  7      0 97457568  11652  70144    0    0 163280    12 187369 201474 12  5 33 48  2	
 6 10      0 97457568  11652  70152    0    0 163456     0 189343 205825 14  5 33 47  2	
 5 11      0 97457568  11652  70152    0    0 163280     0 190543 205235 13  4 33 47  2	
 6 11      0 97457568  11652  70152    0    0 163312     0 188496 202512 13  5 33 48  2	
 9  8      0 97457568  11652  70152    0    0 163296     0 189968 203705 13  4 33 48  2	
 7 11      0 97457568  11652  70152    0    0 163408     4 191908 206340 13  4 33 47  2	
procs -----------memory---------- ---swap-- -----io---- --system-- -----cpu-----
 r  b   swpd   free   buff  cache   si   so    bi    bo   in   cs us sy id wa st
10  7      0 97457568  11660  70152    0    0 163296    12 189092 204986 14  5 32 47  2	
 8  8      0 97457568  11660  70152    0    0 163328     0 189716 203613 13  4 33 48  2	
 9  9      0 97457568  11660  70152    0    0 163312     0 188776 206137 15  5 33 45  2	
12  6      0 97457568  11660  70152    0    0 163328     0 189828 205117 14  5 32 48  2	
 6 11      0 97457568  11660  70152    0    0 163408     0 188557 204261 13  4 33 48  2	
 9  7      0 97457568  11668  70148    0    0 163376    12 190569 206138 15  4 33 46  2	
 5 12      0 97457568  11668  70156    0    0 163360     0 191654 207219 14  5 33 46  2	
 9  9      0 97457568  11668  70156    0    0 163216     0 189520 204497 13  4 33 48  2	
 9  8      0 97457568  11668  70156    0    0 163376     0 189690 205060 14  4 33 46  2	
 9  8      0 97457568  11668  70156    0    0 163392     0 190327 205510 14  4 33 47  2	
 8  8      0 97457568  11668  70156    0    0 162736     0 186525 199601 14  4 33 48  2	
 6 10      0 97457568  11676  70156    0    0 162272    12 186142 202053 14  5 33 47  2	
 6 11      0 97457568  11676  70156    0    0 165024     0 189836 205448 15  4 32 46  2	
 8  9      0 97457568  11676  70156    0    0 163264     0 188828 203865 14  4 33 48  2	
 5 10      0 97457568  11676  70156    0    0 163392     0 189843 206942 14  5 33 47  2	
10  8      0 97457568  11676  70156    0    0 163280     0 188148 204255 14  4 34 47  2	
 8  9      0 97457568  11684  70148    0    0 163376    12 189635 203439 12  5 33 48  2	
 2 14      0 97457568  11684  70156    0    0 163360     0 189647 204532 14  4 33 47  2	
12  7      0 97456592  11684  70156    0    0 163264     0 190611 206150 15  5 32 46  2	
12  7      0 97456352  11684  70156    0    0 163408     0 191062 206256 14  4 32 47  2	
 9  9      0 97456352  11684  70156    0    0 163312     0 187470 204688 16  5 33 45  2	
procs -----------memory---------- ---swap-- -----io---- --system-- -----cpu-----
 r  b   swpd   free   buff  cache   si   so    bi    bo   in   cs us sy id wa st
 7 11      0 97456352  11684  70156    0    0 163376    12 189732 205116 12  5 33 48  2	
 8 10      0 97456352  11692  70156    0    0 163344     4 188561 203167 13  4 33 48  2	
11  7      0 97456792  11692  70156    0    0 163280     0 191360 205258 15  4 34 46  2	
 9  7      0 97457000  11692  70160    0    0 163328     0 188897 204153 15  4 32 47  2	
 7 10      0 97457000  11692  70160    0    0 163424    12 191074 205675 14  4 33 47  2	
11  8      0 97457000  11692  70160    0    0 163280     0 188893 204382 13  5 32 48  2	
10  8      0 97457000  11700  70160    0    0 163328    32 189995 204344 14  4 33 47  2	
 8  9      0 97457000  11700  70160    0    0 163392     0 190060 204811 14  4 34 47  2	
 8  8      0 97457000  11700  70160    0    0 163264     0 190262 204938 13  4 34 47  2	
 5 11      0 97457000  11700  70160    0    0 163392     8 188530 202983 14  3 33 47  2	
 6 11      0 97457000  11700  70160    0    0 163312     0 189273 203627 13  4 33 48  2	
 5 12      0 97457000  11708  70152    0    0 163360    24 189105 205672 15  5 33 46  2	
 3 13      0 97457000  11708  70160    0    0 163280     0 190936 206317 14  5 34 46  2	
10  7      0 97457000  11708  70160    0    0 163280     0 190783 206770 14  5 33 47  2	
 7 11      0 97457000  11708  70160    0    0 163376     0 188998 204870 14  5 32 47  2	
 6 11      0 97457000  11708  70160    0    0 163312     0 188923 202541 12  4 33 49  2	
11  8      0 97457000  11708  70160    0    0 163264     0 189552 204493 15  4 32 47  2	
 8  9      0 97457000  11716  70160    0    0 163344    12 189960 204708 13  4 33 47  2	
14  7      0 97457000  11716  70160    0    0 163344     0 188735 202972 13  4 33 48  2	
 8  8      0 97457000  11716  70160    0    0 163424     0 186046 200268 15  4 33 47  2	
13  6      0 97457000  11716  70160    0    0 163216     0 190996 206427 13  4 33 48  2	
procs -----------memory---------- ---swap-- -----io---- --system-- -----cpu-----
 r  b   swpd   free   buff  cache   si   so    bi    bo   in   cs us sy id wa st
 5 11      0 97457000  11716  70160    0    0 163520     0 188771 203108 13  4 33 47  2	
 5 11      0 97457000  11724  70152    0    0 163392    12 189342 204109 13  5 33 47  2	
 8  8      0 97457000  11724  70160    0    0 163296     0 188830 202321 12  4 33 48  2	
 7  9      0 97457000  11724  70160    0    0 163312     0 190659 206180 13  5 34 47  2	
 6 10      0 97457000  11724  70160    0    0 163376     0 189272 202960 14  4 33 48  2	
 8  9      0 97457000  11724  70160    0    0 163344     0 190386 204474 13  4 33 48  2	
 6 11      0 97456880  11724  70164    0    0 163344     0 189977 205440 13  4 34 47  2	
 6 10      0 97456880  11732  70164    0    0 163328    16 190866 206137 14  4 33 47  2	
10  7      0 97456880  11732  70164    0    0 163312     0 189530 205304 14  5 32 47  2	
 5 11      0 97456880  11732  70164    0    0 163360     4 188985 203799 14  5 32 47  2	
 7 11      0 97456880  11732  70164    0    0 163360     0 188819 203257 13  4 33 47  2	
 4 12      0 97456880  11732  70164    0    0 163344     0 191495 206491 14  5 33 47  2	
11  7      0 97456880  11740  70156    0    0 163216    12 186733 202025 15  4 32 47  2	
 8  8      0 97456880  11740  70164    0    0 163344     0 189602 203694 14  5 33 47  2	
13  4      0 97456880  11740  70164    0    0 163280     8 188364 202897 16  4 32 46  2	
 9  9      0 97456880  11740  70164    0    0 163392     0 188604 202666 13  4 33 48  2	
 8  8      0 97456880  11740  70168    0    0 163328     0 190437 205699 13  4 33 47  2	
10  7      0 97456880  11740  70168    0    0 163312     0 188440 203170 13  5 34 47  2	
 6 10      0 97456880  11748  70168    0    0 163408    12 188625 206305 15  5 33 46  2	
10  8      0 97456880  11748  70168    0    0 163280    32 188505 202595 12  4 33 49  2	
11  7      0 97456880  11748  70168    0    0 163360     0 188915 204231 14  4 34 47  2	
procs -----------memory---------- ---swap-- -----io---- --system-- -----cpu-----
 r  b   swpd   free   buff  cache   si   so    bi    bo   in   cs us sy id wa st
14  4      0 97456880  11748  70168    0    0 163312     0 188089 203104 13  4 33 48  2	
 8 10      0 97456880  11748  70168    0    0 163456     0 189253 202679 13  4 34 48  2	
11  6      0 97456880  11756  70160    0    0 163264    24 189781 205003 14  4 33 47  2	
14  5      0 97456880  11756  70168    0    0 163312     0 187234 202965 14  5 33 46  2	
11  8      0 97456880  11756  70168    0    0 163392     0 188484 202427 13  5 32 48  2	
 9  9      0 97456880  11756  70168    0    0 163264     0 190808 207050 14  5 33 46  2	
 3 13      0 97456880  11756  70168    0    0 163456     0 189046 203924 13  4 33 47  2	
10  8      0 97456880  11756  70168    0    0 163248     0 184933 199878 14  4 32 48  2	
10  9      0 97456880  11764  70168    0    0 163360    12 189048 204364 15  4 33 46  2	
 6 11      0 97456880  11764  70168    0    0 163376     0 190333 206675 14  4 33 47  2	
14  2      0 97456880  11764  70168    0    0 163200     0 190344 205389 14  5 33 46  2	
 6 11      0 97456880  11764  70168    0    0 163456     0 189252 203257 13  4 33 48  2	
 4 12      0 97456880  11764  70168    0    0 163264     0 189170 203875 14  4 32 48  2	
11  8      0 97456880  11772  70160    0    0 163360    16 190129 205543 13  5 33 47  2	
 7  9      0 97456880  11772  70168    0    0 163344     0 189928 204368 13  4 33 48  2	
 8  9      0 97456880  11772  70168    0    0 163328     0 189722 206125 14  5 33 47  2	
10  6      0 97456880  11772  70168    0    0 163312     0 190192 205212 15  4 32 47  2	
 3 13      0 97456880  11772  70168    0    0 163424     0 187349 202581 15  5 33 45  2	
 8 10      0 97456504  11772  70168    0    0 163264     0 188364 202610 14  4 33 48  2	
 9  8      0 97456504  11780  70168    0    0 163328    20 188638 203129 13  4 33 48  2	
 3 13      0 97456504  11780  70168    0    0 163408     0 189635 202740 12  6 33 48  2	
procs -----------memory---------- ---swap-- -----io---- --system-- -----cpu-----
 r  b   swpd   free   buff  cache   si   so    bi    bo   in   cs us sy id wa st
 5 11      0 97456504  11780  70168    0    0 163296     0 189279 203753 14  4 33 47  2	
11  6      0 97456504  11780  70168    0    0 163264     0 189473 204002 12  5 33 48  2	
 5 11      0 97456504  11780  70168    0    0 163360     8 187154 201709 13  4 33 48  2	
 2 14      0 97456504  11788  70164    0    0 163392    24 189968 204136 13  5 33 47  2	
12  7      0 97456504  11788  70168    0    0 163216     0 189760 203886 11  4 34 48  2	
 8  8      0 97456504  11788  70168    0    0 163360     0 189462 203816 14  4 33 48  2	
10  8      0 97456504  11788  70172    0    0 163328     0 190933 206877 14  5 32 47  2	
 8 10      0 97456504  11788  70172    0    0 163376     8 191135 206632 14  5 33 47  2	
 5 12      0 97456504  11788  70176    0    0 163392     0 189663 204761 13  4 33 48  2	
 8  9      0 97456504  11796  70176    0    0 163312    24 188033 202149 14  4 32 47  2	
 7 10      0 97456504  11796  70176    0    0 163312     0 189856 207047 14  5 33 47  2	
 6 10      0 97456504  11796  70176    0    0 163312     0 191203 206677 14  4 34 47  2	
 9  7      0 97456504  11796  70176    0    0 163232     0 189789 204777 13  5 33 48  2	
10  9      0 97456504  11796  70176    0    0 163392    24 190029 205355 14  5 33 47  2	
10  7      0 97456504  11804  70168    0    0 163344    12 190972 205572 14  4 32 48  2	
 8 10      0 97456504  11804  70176    0    0 163280     0 189940 205485 14  5 32 48  2	
13  6      0 97456504  11804  70176    0    0 163328     0 186517 200643 14  5 33 46  2	
10  7      0 97456504  11804  70176    0    0 163392     0 188369 203501 13  4 34 47  2	
 8  8      0 97456504  11804  70176    0    0 163344     0 189643 204306 14  4 33 48  2	
11  7      0 97456504  11804  70176    0    0 163344     0 189348 203456 13  4 33 48  2	
 6 10      0 97456504  11812  70176    0    0 163328    12 189560 204419 13  4 33 48  2	
procs -----------memory---------- ---swap-- -----io---- --system-- -----cpu-----
 r  b   swpd   free   buff  cache   si   so    bi    bo   in   cs us sy id wa st
 9  8      0 97456504  11812  70176    0    0 163328     0 190818 206948 14  5 33 46  2	
12  7      0 97456504  11812  70176    0    0 163312     0 190136 204815 13  5 33 48  2	
10  9      0 97456504  11812  70176    0    0 163360     0 189608 203235 13  5 33 48  2	
 5 11      0 97456504  11812  70176    0    0 163360     0 189749 203984 15  4 33 47  2	
 8 10      0 97456504  11820  70168    0    0 163312    12 189074 203829 14  5 33 47  2	
11  7      0 97456504  11820  70176    0    0 163264     0 189116 203719 14  4 33 48  2	
 7 10      0 97456504  11820  70176    0    0 163376     0 189201 203873 13  4 33 48  2	
 5 11      0 97456504  11820  70176    0    0 163376     8 188800 204678 14  5 33 47  2	
 7  9      0 97456504  11820  70176    0    0 163296     0 190045 204114 14  5 32 47  2	
 9  9      0 97456504  11820  70176    0    0 163296     0 190803 206898 13  6 34 46  2	
 9  7      0 97456504  11828  70176    0    0 163312    12 190615 205594 13  4 33 48  2	
 7  9      0 97456504  11828  70176    0    0 163392     0 190943 207695 14  4 33 46  2	
 8  9      0 97456504  11828  70176    0    0 163312     8 188351 202550 12  4 34 48  2	
 7  9      0 97456504  11828  70176    0    0 163360     0 190293 205549 13  4 33 47  2	
 7 10      0 97456504  11828  70176    0    0 163328     0 189621 202444 13  4 32 49  2	
 7 10      0 97456504  11836  70168    0    0 163296    24 187082 203475 15  4 33 45  2	
 7  9      0 97456504  11836  70176    0    0 163344     0 189516 204033 13  4 33 48  2	
 9  8      0 97456504  11836  70176    0    0 163344     4 189198 203192 14  4 33 47  2	
 7  9      0 97456504  11836  70176    0    0 163392     0 188742 202781 13  4 33 49  2	
 6 10      0 97456504  11836  70176    0    0 163280     0 190020 203740 13  4 34 47  2	
 8 10      0 97456504  11836  70176    0    0 163328     0 188586 203351 14  5 33 46  2	
procs -----------memory---------- ---swap-- -----io---- --system-- -----cpu-----
 r  b   swpd   free   buff  cache   si   so    bi    bo   in   cs us sy id wa st
12  6      0 97456504  11844  70180    0    0 163296    12 190008 205416 13  4 33 48  2	
 7  9      0 97456504  11844  70180    0    0 163360     0 189027 204505 14  5 33 47  2	
 5 13      0 97456504  11844  70180    0    0 163392     0 188359 202296 13  5 33 48  2	
 5 11      0 97456504  11844  70180    0    0 163328     0 190015 204683 14  4 33 47  2	
 8  8      0 97456504  11844  70180    0    0 163296     0 187748 202033 14  5 33 47  2	
 4 13      0 97456504  11852  70172    0    0 163440    12 189654 204262 13  5 34 46  2	
 9 11      0 97456504  11852  70184    0    0 163264    12 185264 201217 16  4 32 46  2	
 4 13      0 97456504  11852  70184    0    0 163408     0 190165 204667 14  4 33 48  2	
 9  9      0 97456504  11852  70184    0    0 163296     0 189530 205119 14  5 33 47  2	
13  5      0 97456504  11852  70184    0    0 163264     0 189620 204362 14  5 33 46  2	
 6 11      0 97456504  11852  70184    0    0 163424     0 189600 203897 14  4 33 47  2	
10  9      0 97456504  11860  70184    0    0 163280    12 190362 205010 14  5 33 46  2	
 6 12      0 97456504  11860  70184    0    0 163376     0 189117 203328 14  4 33 47  2	
10  6      0 97456504  11860  70184    0    0 163296     0 188392 202555 12  4 34 48  2	
 9  8      0 97456504  11860  70184    0    0 163344     0 191045 206587 16  4 33 45  2	
 5 11      0 97456504  11860  70184    0    0 163392     0 189271 203411 13  5 33 47  2	
 9  8      0 97456504  11868  70176    0    0 163264    12 187298 201225 14  4 33 47  2	
12  7      0 97456504  11868  70184    0    0 163328     0 190036 204271 14  4 33 48  2	
 6 10      0 97456504  11868  70184    0    0 163424     0 190144 205155 13  5 33 47  2	
 7  9      0 97456504  11868  70184    0    0 163264     0 189448 203957 12  4 34 48  2	
 8  9      0 97456504  11868  70184    0    0 163344     0 190689 206753 15  4 32 46  2	
procs -----------memory---------- ---swap-- -----io---- --system-- -----cpu-----
 r  b   swpd   free   buff  cache   si   so    bi    bo   in   cs us sy id wa st
 5 13      0 97456504  11868  70184    0    0 163392     8 190116 205380 14  5 33 46  2	
11  7      0 97456504  11876  70184    0    0 163280     4 191185 204639 14  4 33 47  2	
 9  8      0 97456504  11876  70184    0    0 163344     0 190573 205524 13  5 33 47  2	
11  5      0 97456504  11876  70184    0    0 163360     0 186032 201345 15  4 33 46  2	
 6 11      0 97456504  11876  70184    0    0 163440     0 188890 202394 13  4 33 49  2	
12  5      0 97456504  11876  70184    0    0 163296     0 188355 202618 13  5 34 46  2	
 6 11      0 97456504  11884  70184    0    0 163392    28 190144 204178 13  4 33 48  2	
 4 12      0 97456504  11884  70184    0    0 163328     0 190649 206840 14  5 33 46  2	
 2 14      0 97456504  11884  70184    0    0 163360     0 188943 202527 12  4 33 49  2	
 9  8      0 97456504  11884  70184    0    0 163216     0 188356 204156 14  5 33 46  2	
 6 10      0 97456504  11884  70184    0    0 163360     0 190747 205626 13  4 34 47  2	
 7 10      0 97456504  11892  70176    0    0 163312    28 190146 204816 14  5 33 47  2	
 8  8      0 97456504  11892  70188    0    0 163312     0 188130 202135 13  4 33 48  2	
 7  9      0 97456504  11892  70188    0    0 163360     0 189878 205705 14  4 33 46  2	
 9  8      0 97456504  11892  70188    0    0 163360     0 189432 202909 12  4 34 48  2	
 9  8      0 97456504  11892  70188    0    0 163296     0 187067 204190 15  5 33 46  2	
11  8      0 97456504  11892  70188    0    0 163328     0 189602 203413 13  5 33 48  2	
 7 10      0 97456504  11900  70188    0    0 163376    20 190660 205988 13  4 33 48  2	
 9  8      0 97456504  11900  70188    0    0 163296     0 189303 203219 13  6 33 47  2	
 8 10      0 97456504  11900  70188    0    0 163328     0 188876 203318 13  5 33 47  2	
 4 12      0 97456504  11900  70188    0    0 163392     0 188610 201172 13  4 33 49  2	
procs -----------memory---------- ---swap-- -----io---- --system-- -----cpu-----
 r  b   swpd   free   buff  cache   si   so    bi    bo   in   cs us sy id wa st
10  8      0 97456504  11900  70192    0    0 163232    16 189366 203656 13  4 33 48  2	
 4 13      0 97456504  11908  70192    0    0 163472    24 188113 202459 13  4 34 48  2	
11  7      0 97456504  11908  70192    0    0 163248     0 188291 201924 13  5 33 47  2	
 8 10      0 97456504  11908  70192    0    0 163392     0 191070 206281 14  5 33 46  2	
 7 11      0 97456504  11908  70192    0    0 163360     0 190094 205133 14  4 33 47  2	
 7 11      0 97456504  11908  70192    0    0 163296     0 190529 205906 14  5 33 46  2	
11  8      0 97456504  11908  70192    0    0 163296     0 190063 204740 14  4 33 47  2	
10  7      0 97456504  11916  70200    0    0 163280    20 189449 204561 13  4 34 48  2	
 6 11      0 97456504  11916  70200    0    0 163408     0 190028 207698 15  5 33 46  2	
 8  7      0 97456504  11916  70200    0    0 163296     0 189737 204473 13  5 33 48  2	
 5 11      0 97456504  11916  70200    0    0 163360     0 191059 205008 13  5 33 48  2	
 9 10      0 97456504  11916  70200    0    0 163344     0 190778 206028 13  5 33 47  2	
 7 10      0 97456504  11924  70192    0    0 163360    20 188951 202677 14  5 32 47  2	
 7 11      0 97456504  11924  70200    0    0 163296     0 190495 205789 13  6 32 47  2	
 9  9      0 97456504  11924  70200    0    0 163312     0 186338 202093 16  4 33 46  2	
10  6      0 97456504  11924  70200    0    0 163328     0 187441 199801 12  4 33 49  2	
 8  9      0 97456504  11924  70200    0    0 163392    16 189414 203559 13  5 33 48  2	
13  7      0 97456504  11924  70200    0    0 163344     0 190173 204741 14  5 32 47  2	
