procs -----------memory---------- ---swap-- -----io---- --system-- -----cpu-----
 r  b   swpd   free   buff  cache   si   so    bi    bo   in   cs us sy id wa st
 1  1      0 97517744   5800  63796    0    0  2056  1949   61   78 27  6 59  7  0	
 1  1      0 97516016   5800  63800    0    0 44032     0 23664 24597  1  0 90  9  0	
 0  2      0 97515552   5816  63792    0    0 46104    48 22640 23775  0  0 90 10  0	
 0  2      0 97515552   5816  63804    0    0 45216     0 22679 23494  0  0 90 10  0	
 0  2      0 97515552   5816  63804    0    0 45312     0 24560 23720  0  0 90  9  0	
 1  2      0 97515552   5816  63804    0    0 41808     0 23454 23533  0  0 90  9  0	
 0  2      0 97515552   5816  63804    0    0 43440     0 22937 23208  0  0 91  9  0	
 0  2      0 97515552   5824  63800    0    0 41648    20 22106 22037  0  0 91  9  0	
 1  1      0 97515552   5824  63800    0    0 41456     0 21762 21874  1  0 90  9  0	
 1  1      0 97515552   5824  63800    0    0 42640     0 22008 22078  0  0 91  9  0	
 0  2      0 97515552   5824  63800    0    0 42672     0 22619 22731  0  0 90  9  0	
 0  2      0 97515552   5824  63804    0    0 44128     0 23623 23556  0  0 90  9  0	
 0  2      0 97515552   5824  63804    0    0 41104    20 22220 22427  0  0 90  9  0	
 0  2      0 97515552   5832  63796    0    0 43376    36 23680 23482  1  0 90  9  0	
 1  1      0 97515552   5832  63796    0    0 43008     0 22571 22671  0  0 90  9  0	
 1  1      0 97515552   5832  63796    0    0 42720     0 23618 23667  0  0 90  9  0	
 1  1      0 97515552   5832  63796    0    0 43328     0 22912 23313  0  0 90  9  0	
 1  1      0 97515552   5832  63796    0    0 43488     0 24195 24012  0  0 91  9  0	
 0  2      0 97515552   5840  63788    0    0 43424    12 24128 24113  1  0 90  9  0	
 0  2      0 97515552   5840  63804    0    0 43952     0 23272 23389  0  0 90  9  0	
 0  2      0 97515552   5840  63804    0    0 43056     0 23184 23384  0  0 90  9  0	
procs -----------memory---------- ---swap-- -----io---- --system-- -----cpu-----
 r  b   swpd   free   buff  cache   si   so    bi    bo   in   cs us sy id wa st
 0  2      0 97515552   5840  63804    0    0 42096     0 22402 22886  0  0 90  9  0	
 1  2      0 97515552   5840  63804    0    0 42752    56 23162 23226  0  0 90  9  0	
 1  1      0 97515552   5840  63804    0    0 44048     0 22290 22682  0  0 91  9  0	
 2  1      0 97515552   5848  63804    0    0 43856    12 23300 23954  0  0 91  9  0	
 0  2      0 97515552   5848  63804    0    0 43344     0 22422 22341  0  0 90  9  0	
 1  2      0 97515552   5848  63804    0    0 43280     0 22860 22873  0  0 91  9  0	
 0  2      0 97515552   5848  63804    0    0 42400     0 22634 22843  1  0 90  9  0	
 0  2      0 97515552   5848  63804    0    0 41264     0 23005 23380  0  0 90  9  0	
 1  1      0 97515552   5856  63796    0    0 40880    12 22164 22514  1  0 90  9  0	
 1  1      0 97515552   5856  63796    0    0 43200     0 23865 23980  0  0 91  9  0	
 0  2      0 97515552   5856  63796    0    0 41760     0 22046 22017  0  0 90  9  0	
 2  1      0 97515552   5860  63792    0    0 43444    16 22976 23390  0  0 90  9  0	
 1  2      0 97515552   5860  63792    0    0 42288     0 22663 23123  0  0 91  9  0	
 1  2      0 97515552   5860  63792    0    0 42368     0 23135 22880  0  0 90  9  0	
 2  1      0 97515432   5868  63816    0    0 41904    24 22030 22574  1  0 90  9  0	
 1  2      0 97515432   5868  63816    0    0 42608     0 23186 23052  0  0 90  9  0	
 1  1      0 97515432   5868  63816    0    0 42880     0 22277 22295  0  0 90  9  0	
 0  2      0 97515432   5868  63816    0    0 42144     0 22580 22720  0  0 90  9  0	
 0  2      0 97515432   5876  63812    0    0 42160    12 22211 22776  0  0 90  9  0	
 0  2      0 97515432   5876  63812    0    0 42592     0 22669 22929  0  0 90  9  0	
 1  1      0 97515432   5876  63812    0    0 40784     0 21756 22148  0  0 90  9  0	
procs -----------memory---------- ---swap-- -----io---- --system-- -----cpu-----
 r  b   swpd   free   buff  cache   si   so    bi    bo   in   cs us sy id wa st
 1  1      0 97515432   5876  63812    0    0 40320     0 21993 22328  0  0 90  9  0	
 1  1      0 97515432   5876  63820    0    0 41440     0 22451 22507  1  0 90  9  0	
 1  1      0 97515432   5884  63816    0    0 41472    16 21297 21688  1  0 90  9  0	
 0  2      0 97515432   5884  63816    0    0 42944     0 22858 23283  0  0 90  9  0	
 1  1      0 97515432   5884  63816    0    0 43200     0 22469 22803  0  0 90  9  0	
 0  1      0 97515432   5884  63816    0    0 43536     0 22593 22814  0  0 90  9  0	
 1  1      0 97515432   5884  63816    0    0 43088     0 23359 23244  1  0 90  9  0	
 2  1      0 97515432   5884  63816    0    0 41744     0 22633 22464  0  0 90  9  0	
 2  1      0 97515432   5892  63808    0    0 42576    12 22491 22457  0  0 90  9  0	
 1  1      0 97515432   5892  63820    0    0 41584     0 22400 22750  0  0 91  9  0	
 0  2      0 97515432   5892  63820    0    0 42208     0 23190 23136  0  0 90  9  0	
 2  1      0 97515432   5892  63820    0    0 42128     0 22614 22562  0  0 90  9  0	
 0  2      0 97515432   5892  63820    0    0 41552     0 22655 22666  0  0 90  9  0	
 1  1      0 97515432   5900  63812    0    0 41792    12 22363 22406  0  0 90 10  0	
 0  2      0 97515432   5900  63820    0    0 41568     0 22019 21913  1  0 90  9  0	
 1  1      0 97515432   5900  63820    0    0 41424     0 22019 22707  0  0 90  9  0	
 0  2      0 97515432   5900  63820    0    0 39680    16 22325 22378  0  0 90  9  0	
 0  1      0 97515432   5900  63820    0    0 41136     0 21881 22081  0  0 90  9  0	
 1  1      0 97515432   5900  63820    0    0 40720     0 22039 22340  0  0 90  9  0	
 0  2      0 97515432   5908  63820    0    0 40720    12 21921 21619  0  0 90  9  0	
 1  1      0 97515432   5908  63820    0    0 42320     0 23012 23002  1  0 90  9  0	
procs -----------memory---------- ---swap-- -----io---- --system-- -----cpu-----
 r  b   swpd   free   buff  cache   si   so    bi    bo   in   cs us sy id wa st
 0  2      0 97515432   5908  63820    0    0 42288    16 23350 23309  0  0 90  9  0	
 0  2      0 97515432   5908  63820    0    0 41008     0 21925 22290  0  0 90  9  0	
 1  1      0 97515432   5908  63820    0    0 40688     0 22458 22910  1  0 90  9  0	
 1  1      0 97515432   5916  63812    0    0 40928    20 22951 22957  0  0 90  9  0	
 0  2      0 97515432   5916  63820    0    0 40560     0 21601 21827  0  0 90  9  0	
 0  2      0 97515432   5916  63820    0    0 40176     0 21853 21864  0  0 90  9  0	
 1  2      0 97515432   5916  63820    0    0 39520     0 21765 21756  0  0 90  9  0	
 0  2      0 97514904   5916  63824    0    0 40768     0 22168 22731  0  0 90  9  0	
 0  2      0 97514904   5916  63828    0    0 41264     0 21859 21960  0  0 90  9  0	
 0  2      0 97514904   5924  63828    0    0 40208    16 22846 22832  1  0 90  9  0	
 0  2      0 97514904   5924  63828    0    0 39680     0 23236 21030  0  0 90 10  0	
 1  1      0 97514904   5924  63828    0    0 39712     0 22339 22027  0  0 90  9  0	
 0  2      0 97516176   5924  63828    0    0 41120     0 21708 21937  0  0 90  9  0	
 0  2      0 97516176   5924  63828    0    0 40464     0 22529 22295  1  0 90  9  0	
 0  2      0 97516176   5932  63820    0    0 42528    20 22569 22710  0  0 90  9  0	
 0  2      0 97516176   5932  63828    0    0 41008     4 22621 22966  0  0 91  9  0	
 1  1      0 97516176   5932  63828    0    0 41024     0 21872 22170  0  0 91  9  0	
 1  1      0 97516176   5932  63828    0    0 40000     0 21526 21703  0  0 90  9  0	
 0  2      0 97516176   5932  63828    0    0 40512     0 22737 22827  0  0 90  9  0	
 0  1      0 97516176   5932  63828    0    0 41184     0 22214 22516  1  0 90  9  0	
 1  1      0 97516176   5940  63828    0    0 40864    12 23642 23394  0  0 90  9  0	
procs -----------memory---------- ---swap-- -----io---- --system-- -----cpu-----
 r  b   swpd   free   buff  cache   si   so    bi    bo   in   cs us sy id wa st
 1  2      0 97516176   5940  63828    0    0 41856     0 22011 22388  0  0 90  9  0	
 0  2      0 97516176   5940  63828    0    0 40288     0 22421 22568  0  0 91  9  0	
 0  2      0 97516176   5940  63832    0    0 40608     0 21784 21796  0  0 91  9  0	
 1  1      0 97516176   5940  63832    0    0 37968     0 21982 21979  0  0 90  9  0	
 0  2      0 97516176   5948  63832    0    0 39504    12 20703 20903  1  0 90  9  0	
 0  2      0 97516176   5948  63832    0    0 40624     0 22719 22958  0  0 90  9  0	
 2  1      0 97516176   5948  63832    0    0 40368     0 22001 22253  1  0 90  9  0	
 0  2      0 97516176   5948  63832    0    0 40320     0 22364 22359  0  0 91  9  0	
 1  1      0 97516176   5948  63832    0    0 41456     0 23516 23141  1  0 90  9  0	
 1  1      0 97516176   5948  63832    0    0 39312     0 23765 21514  0  0 90 10  0	
 1  1      0 97516176   5956  63824    0    0 39616    48 25058 22787  0  0 90 10  0	
 1  1      0 97516176   5956  63832    0    0 40016     0 23821 21552  0  0 90 10  0	
 0  2      0 97516176   5956  63832    0    0 38720     0 22765 21975  1  0 89 10  0	
 2  1      0 97516176   5956  63832    0    0 39824     0 21124 21994  0  0 90 10  0	
 1  1      0 97516176   5956  63832    0    0 37424     0 21217 22046  0  0 90 10  0	
 2  1      0 97516176   5964  63828    0    0 39232    24 21245 21917  0  0 90 10  0	
 0  2      0 97516176   5964  63828    0    0 40432     0 21404 22298  0  0 90 10  0	
 1  1      0 97516176   5964  63828    0    0 39328     0 19917 21149  0  0 90 10  0	
 1  1      0 97516176   5964  63828    0    0 38480     0 20076 21344  0  0 90 10  0	
 0  2      0 97516176   5964  63828    0    0 37840     0 20171 20706  0  0 90 10  0	
 2  1      0 97516176   5964  63828    0    0 37936     8 20504 20670  0  0 90  9  0	
procs -----------memory---------- ---swap-- -----io---- --system-- -----cpu-----
 r  b   swpd   free   buff  cache   si   so    bi    bo   in   cs us sy id wa st
 2  1      0 97516176   5972  63820    0    0 37712    28 20239 20551  0  0 90  9  0	
 0  2      0 97516176   5972  63820    0    0 37232     0 20447 20589  0  0 90  9  0	
 0  2      0 97516176   5972  63836    0    0 38128     0 21147 21230  0  0 90  9  0	
 1  1      0 97516176   5972  63836    0    0 39584     0 20496 20850  0  0 91  9  0	
 0  2      0 97516176   5972  63836    0    0 39136     4 21716 21629  0  0 91  9  0	
 0  2      0 97516176   5980  63832    0    0 40352    12 21757 21904  1  0 90  9  0	
 1  1      0 97516176   5980  63832    0    0 41056     0 21483 21437  0  0 90  9  0	
 1  1      0 97516176   5980  63832    0    0 39856     0 22831 22647  1  0 90  9  0	
 1  1      0 97516176   5980  63836    0    0 40272     0 22641 22771  0  0 90  9  0	
 1  1      0 97516176   5980  63836    0    0 40128     0 21985 21899  0  0 90  9  0	
 0  2      0 97516176   5980  63836    0    0 40160     0 22094 22248  0  0 90  9  0	
 1  1      0 97516176   5988  63836    0    0 39728    12 21398 21716  0  0 90  9  0	
 0  2      0 97516176   5988  63836    0    0 39824     0 22207 22221  1  0 90  9  0	
 0  2      0 97516176   5988  63836    0    0 40464     0 21426 21178  0  0 90  9  0	
 1  1      0 97516176   5988  63836    0    0 40016     0 21516 22016  0  0 90  9  0	
 1  1      0 97516176   5988  63836    0    0 38896     0 21063 21483  0  0 90  9  0	
 2  1      0 97516176   5996  63828    0    0 40576    12 21935 22024  0  0 90  9  0	
 0  2      0 97516176   5996  63836    0    0 41184     0 22011 22166  0  0 90  9  0	
 1  1      0 97516176   5996  63836    0    0 41664     0 22941 23353  0  0 90  9  0	
 0  2      0 97516176   5996  63836    0    0 40800     8 22493 22674  0  0 90  9  0	
 0  2      0 97516176   5996  63836    0    0 40912     0 21283 21350  0  0 90  9  0	
procs -----------memory---------- ---swap-- -----io---- --system-- -----cpu-----
 r  b   swpd   free   buff  cache   si   so    bi    bo   in   cs us sy id wa st
 1  2      0 97516176   5996  63836    0    0 40672    16 22258 22119  0  0 90  9  0	
 0  2      0 97516176   6004  63828    0    0 41712     4 22242 22513  0  0 90  9  0	
 0  2      0 97516176   6004  63836    0    0 41760     0 21728 21907  0  0 91  9  0	
 0  2      0 97516176   6004  63836    0    0 39792     0 22285 22316  0  0 90  9  0	
 0  2      0 97516176   6004  63840    0    0 40960    24 22268 22347  0  0 90  9  0	
 1  1      0 97516176   6004  63840    0    0 39744     0 20670 20720  0  0 90  9  0	
 0  2      0 97516176   6012  63836    0    0 38464    20 22066 22212  0  0 90  9  0	
 1  2      0 97516176   6012  63836    0    0 38144     0 21081 21212  0  0 90  9  0	
 1  1      0 97516176   6012  63836    0    0 39600     0 21386 21616  0  0 90  9  0	
 0  2      0 97516176   6012  63836    0    0 39472     0 21669 21799  1  0 90  9  0	
 0  2      0 97516176   6012  63836    0    0 40656     0 22353 22702  1  0 90  9  0	
 0  2      0 97516176   6020  63828    0    0 40208    12 21337 21148  0  0 90  9  0	
 1  1      0 97516176   6020  63828    0    0 38912     0 21165 21241  0  0 90  9  0	
 2  1      0 97516176   6020  63840    0    0 38192     0 21757 21950  0  0 90  9  0	
 0  2      0 97516176   6020  63840    0    0 39264     0 21622 21825  0  0 90  9  0	
 2  1      0 97516176   6020  63840    0    0 39728     0 20945 21027  1  0 90  9  0	
 0  2      0 97515600   6028  63844    0    0 39936    20 21661 21654  0  0 90  9  0	
 2  1      0 97515600   6028  63844    0    0 40160     0 21448 21892  0  0 90  9  0	
 1  1      0 97516624   6028  63848    0    0 40240     0 22380 22365  0  0 90  9  0	
 0  2      0 97516624   6028  63848    0    0 38912     0 20360 20793  0  0 90 10  0	
 1  1      0 97516624   6028  63848    0    0 40992     0 21625 21891  1  0 90  9  0	
procs -----------memory---------- ---swap-- -----io---- --system-- -----cpu-----
 r  b   swpd   free   buff  cache   si   so    bi    bo   in   cs us sy id wa st
 1  1      0 97516624   6036  63840    0    0 39520    20 21899 21996  0  0 90  9  0	
 1  1      0 97516624   6036  63840    0    0 38400     0 19822 20111  0  0 90  9  0	
 0  2      0 97516624   6036  63848    0    0 38112     0 20372 20867  0  0 90  9  0	
 0  2      0 97516624   6036  63848    0    0 39440     0 20909 21090  0  0 90 10  0	
 1  1      0 97516624   6036  63848    0    0 36256     0 20355 20663  0  0 91  9  0	
 1  1      0 97516624   6036  63848    0    0 39936     0 21707 21796  0  0 91  9  0	
 1  1      0 97516624   6044  63840    0    0 40368    12 22060 22304  0  0 90  9  0	
 1  1      0 97516624   6044  63848    0    0 39264     0 21530 21600  0  0 90  9  0	
 1  1      0 97515256   6088  63868    0    0 39500     0 21969 22010  0  0 90  9  0	
 0  2      0 97515256   6088  63868    0    0 39104     0 22835 22939  1  0 90  9  0	
 0  2      0 97514880   6088  64556    0    0 38736     0 21263 21569  0  0 90  9  0	
 0  2      0 97514880   6096  64548    0    0 37408    20 20738 20654  0  0 90  9  0	
 0  2      0 97514880   6096  64548    0    0 39712     0 21048 21164  0  0 90  9  0	
 0  2      0 97514880   6096  64548    0    0 39408     8 21537 21574  0  0 90  9  0	
 0  2      0 97514880   6096  64548    0    0 41360     0 21787 22380  0  0 90  9  0	
 0  2      0 97514880   6096  64556    0    0 37952     0 21091 21298  0  0 90  9  0	
 0  2      0 97514880   6096  64556    0    0 39744     0 21406 21514  0  0 90  9  0	
 0  2      0 97514880   6104  64552    0    0 38048    20 20966 21506  0  0 90  9  0	
 1  1      0 97514880   6104  64552    0    0 38640    24 21432 21574  0  0 90  9  0	
 1  1      0 97514880   6104  64552    0    0 37664     0 21069 20742  0  0 90  9  0	
 0  2      0 97514880   6104  64552    0    0 40912     0 21430 21595  0  0 90  9  0	
procs -----------memory---------- ---swap-- -----io---- --system-- -----cpu-----
 r  b   swpd   free   buff  cache   si   so    bi    bo   in   cs us sy id wa st
 2  1      0 97514880   6104  64552    0    0 39664     0 21001 21168  0  0 90  9  0	
 0  2      0 97514880   6112  64544    0    0 40640    12 21865 22100  0  0 90  9  0	
 2  1      0 97514880   6112  64556    0    0 39856     0 21617 21831  0  0 90  9  0	
 1  1      0 97514880   6112  64556    0    0 39488     0 21005 21148  0  0 90  9  0	
 2  1      0 97514880   6112  64556    0    0 39104     0 20773 20789  1  0 90  9  0	
 0  2      0 97514880   6112  64556    0    0 40512     0 21438 21978  1  0 90  9  0	
 0  2      0 97514880   6112  64560    0    0 40688     0 22758 22834  0  0 90  9  0	
 0  2      0 97514880   6120  64552    0    0 41856    16 22302 22451  0  0 90  9  0	
 1  1      0 97514880   6120  64552    0    0 39888    12 21935 21685  0  0 90  9  0	
 0  2      0 97514880   6120  64564    0    0 41632     0 21622 22134  1  0 90  9  0	
 1  1      0 97514880   6120  64564    0    0 42480     0 22406 22412  0  0 90  9  0	
 1  1      0 97514880   6120  64564    0    0 40608     0 21026 21264  1  0 90  9  0	
 2  1      0 97514880   6128  64556    0    0 42064    28 22866 22947  0  0 90  9  0	
 0  2      0 97514880   6128  64556    0    0 41344     0 23055 22682  0  0 90  9  0	
 0  2      0 97514880   6128  64564    0    0 41648     0 22956 22971  0  0 91  9  0	
 0  2      0 97514880   6128  64564    0    0 42464     0 22492 22502  0  0 90  9  0	
 1  1      0 97514880   6128  64564    0    0 42816     0 22357 22973  1  0 90  9  0	
 0  2      0 97514880   6128  64564    0    0 41600     0 21650 21734  0  0 90  9  0	
 1  1      0 97514880   6136  64564    0    0 42592    16 22038 22325  0  0 90  9  0	
 2  1      0 97514880   6136  64564    0    0 40672     0 22252 22182  0  0 90  9  0	
 1  1      0 97514880   6136  64564    0    0 42320     0 22981 22910  0  0 90  9  0	
procs -----------memory---------- ---swap-- -----io---- --system-- -----cpu-----
 r  b   swpd   free   buff  cache   si   so    bi    bo   in   cs us sy id wa st
 0  2      0 97514880   6136  64564    0    0 41104     0 23253 23569  0  0 90  9  0	
 1  1      0 97514880   6136  64564    0    0 42784     0 22640 22822  0  0 90  9  0	
 0  1      0 97514880   6144  64556    0    0 40592    28 22483 22432  0  0 91  9  0	
 0  1      0 97514880   6144  64556    0    0 14976     0 18771 18910  0  0 96  4  0	
 1  0      0 97514880   6144  64556    0    0 14800     0 17856 18937  0  0 96  4  0	
 0  1      0 97514880   6144  64564    0    0 15072     0 17614 18639  0  0 96  4  0	
 1  0      0 97514880   6144  64564    0    0 14928     0 19022 19659  0  0 96  3  0	
 1  0      0 97514880   6156  64552    0    0 14880    36 19711 18932  0  0 96  4  0	
 0  1      0 97514880   6164  64564    0    0 15168    16 18614 19450  0  0 96  4  0	
 0  1      0 97514880   6164  64564    0    0 15200     0 17369 18438  0  0 96  4  0	
 1  0      0 97514880   6164  64564    0    0 15424     0 17366 18407  1  0 96  4  0	
 1  0      0 97514880   6164  64564    0    0 15120     0 17738 18804  0  0 96  3  0	
 1  0      0 97514880   6164  64564    0    0 14752    32 17746 18806  0  0 96  4  0	
 1  0      0 97514880   6172  64564    0    0 15408    16 17850 18908  0  0 96  4  0	
 0  1      0 97514880   6172  64564    0    0 14816     0 18848 19853  1  0 96  3  0	
 0  1      0 97514880   6172  64564    0    0 15200     0 17954 19002  0  0 96  3  0	
 0  1      0 97514880   6172  64564    0    0 14576     0 18844 19862  0  0 96  3  0	
 0  1      0 97514880   6172  64564    0    0 14336     4 17936 18914  0  0 96  4  0	
 0  1      0 97514880   6180  64556    0    0 14864    12 16878 17892  1  0 96  4  0	
 0  1      0 97514880   6180  64556    0    0 14432     0 17007 17986  1  0 96  4  0	
 1  0      0 97514880   6180  64556    0    0 14368     0 17641 18659  0  0 96  4  0	
procs -----------memory---------- ---swap-- -----io---- --system-- -----cpu-----
 r  b   swpd   free   buff  cache   si   so    bi    bo   in   cs us sy id wa st
 2  0      0 97514880   6180  64568    0    0 14928     0 17985 19029  0  0 96  4  0	
 0  1      0 97514880   6180  64568    0    0 14864     0 18143 19160  0  0 96  4  0	
 0  1      0 97514880   6180  64568    0    0 14448     0 18093 19086  0  0 96  4  0	
 1  0      0 97514880   6188  64564    0    0 15088    12 17374 18463  0  0 96  4  0	
 0  1      0 97514880   6188  64564    0    0 14432     0 17248 18247  0  0 96  4  0	
 0  1      0 97514880   6188  64564    0    0 14528     0 19183 20212  0  0 96  3  0	
 0  1      0 97514880   6188  64564    0    0 14544     0 19020 20056  0  0 96  3  0	
 1  0      0 97514880   6188  64564    0    0 14448     0 17703 18749  0  0 96  4  0	
 1  0      0 97514880   6196  64572    0    0 14560    12 17591 18602  0  0 96  4  0	
 1  0      0 97514880   6196  64572    0    0 14624     0 16345 17391  0  0 96  4  0	
 0  1      0 97514880   6196  64572    0    0 14752     0 16803 17828  0  0 96  4  0	
 0  0      0 97514880   6196  64572    0    0 14608     0 18597 19616  0  0 96  3  0	
 1  0      0 97514880   6200  64568    0    0 15248     8 18079 19155  0  0 96  4  0	
 1  0      0 97514880   6200  64572    0    0 14464     0 18686 19681  0  0 96  3  0	
 1  0      0 97514880   6208  64568    0    0 14816    28 17994 19034  1  0 96  3  0	
 1  0      0 97514880   6208  64568    0    0 14512     0 17963 19006  0  0 96  3  0	
 0  1      0 97514880   6208  64572    0    0 14944     0 17196 18222  0  0 96  4  0	
 1  0      0 97514880   6208  64572    0    0 14480     8 18183 19204  0  0 96  4  0	
 0  1      0 97514880   6208  64572    0    0 14560     0 17166 18175  0  0 96  4  0	
 0  1      0 97514880   6216  64572    0    0 14288    24 16719 17720  0  0 96  4  0	
 0  1      0 97514880   6216  64572    0    0 14160     0 17829 18806  0  0 96  4  0	
procs -----------memory---------- ---swap-- -----io---- --system-- -----cpu-----
 r  b   swpd   free   buff  cache   si   so    bi    bo   in   cs us sy id wa st
 1  0      0 97514880   6216  64572    0    0 14432     0 17853 18908  0  0 96  4  0	
 0  1      0 97514880   6216  64572    0    0 13840    20 17763 18717  1  0 96  3  0	
 0  1      0 97514880   6216  64572    0    0 15024     0 17003 18058  0  0 96  4  0	
 0  1      0 97514880   6216  64572    0    0 14512     0 16919 17938  0  0 96  4  0	
 1  0      0 97514880   6224  64564    0    0 14640    12 16828 17853  0  0 96  4  0	
 1  1      0 97514880   6224  64564    0    0 14592     0 17170 18195  0  0 96  4  0	
 0  1      0 97514880   6224  64564    0    0 14528     0 16964 17993  0  0 96  4  0	
 1  0      0 97514880   6224  64564    0    0 14528     0 17567 18597  0  0 96  4  0	
 0  1      0 97514880   6224  64564    0    0 14416     0 18242 19261  0  0 96  3  0	
 0  1      0 97514880   6232  64564    0    0 14000    12 17745 18730  0  0 96  4  0	
 1  0      0 97514880   6232  64564    0    0 14528     0 18230 19295  1  0 96  3  0	
 1  0      0 97514880   6232  64572    0    0 14784     0 17669 18685  1  0 96  4  0	
 0  1      0 97514880   6232  64572    0    0 14800     0 18301 19358  0  0 96  4  0	
 2  0      0 97514880   6232  64572    0    0 15056     0 18476 19549  0  0 96  3  0	
 0  1      0 97514880   6232  64572    0    0 15136     0 17427 18462  0  0 96  4  0	
 0  1      0 97514880   6240  64564    0    0 14880    12 18160 19190  0  0 96  3  0	
 1  0      0 97514880   6240  64564    0    0 15104     0 18510 19545  1  0 96  4  0	
 0  1      0 97514880   6240  64564    0    0 14496     0 18067 19071  0  0 96  4  0	
 0  1      0 97514880   6240  64576    0    0 13600     0 17734 18745  0  0 96  3  0	
 1  0      0 97514880   6240  64576    0    0 14848     0 17749 18796  0  0 96  4  0	
 0  1      0 97514880   6248  64576    0    0 15184    12 17777 18844  0  0 96  4  0	
procs -----------memory---------- ---swap-- -----io---- --system-- -----cpu-----
 r  b   swpd   free   buff  cache   si   so    bi    bo   in   cs us sy id wa st
 0  1      0 97514880   6248  64576    0    0 14560     8 18607 19628  0  0 96  3  0	
 0  1      0 97514880   6248  64576    0    0 14720     0 17636 18667  0  0 96  4  0	
 0  1      0 97514880   6248  64576    0    0 14608     0 18361 19418  0  0 96  3  0	
 0  1      0 97514880   6248  64576    0    0 14352     0 18182 19249  0  0 96  3  0	
 0  1      0 97514880   6248  64576    0    0 14992     0 18319 19404  0  0 96  3  0	
 1  0      0 97514880   6256  64568    0    0 14400    24 18823 19853  0  0 96  3  0	
 1  0      0 97514880   6256  64576    0    0 14864     4 17326 18359  0  0 96  4  0	
 0  1      0 97514880   6256  64576    0    0 14736     0 16733 17747  0  0 96  4  0	
 0  1      0 97514880   6256  64576    0    0 14240     0 17664 18666  0  0 96  4  0	
 0  1      0 97514880   6256  64576    0    0 14800     0 17572 18604  0  0 96  4  0	
 0  1      0 97514880   6264  64572    0    0 14848    12 18021 19040  0  0 96  4  0	
 0  1      0 97514880   6264  64572    0    0 14320     0 17264 18288  0  0 96  4  0	
 1  0      0 97514880   6264  64572    0    0 14176     0 17101 18091  0  0 96  4  0	
 0  1      0 97514880   6264  64572    0    0 14256     0 18023 19045  0  0 96  3  0	
 0  1      0 97514880   6264  64580    0    0 14912     0 17143 18201  0  0 96  4  0	
 0  1      0 97514880   6264  64580    0    0 14464     0 18846 19840  0  0 96  3  0	
 1  0      0 97514880   6272  64576    0    0 14480    28 17785 18823  0  0 96  4  0	
 3  0      0 97514512   6352  65336    0    0 15564     4 17315 18294  1  0 95  4  0	
 1  0      0 97514512   6352  65336    0    0 14752     0 18650 19692  0  0 96  3  0	
 0  1      0 97514512   6352  65336    0    0 14512     0 18298 19308  1  0 96  4  0	
 0  1      0 97514512   6352  65336    0    0 15136     0 18879 19947  1  0 96  3  0	
procs -----------memory---------- ---swap-- -----io---- --system-- -----cpu-----
 r  b   swpd   free   buff  cache   si   so    bi    bo   in   cs us sy id wa st
 2  0      0 97514512   6360  65336    0    0 14928    52 18722 19803  0  0 96  3  0	
 0  1      0 97514264   6360  65372    0    0 14784     0 17990 19019  0  0 96  4  0	
 0  1      0 97514264   6360  65372    0    0 13904     0 17414 18410  1  0 96  4  0	
 0  1      0 97514264   6360  65372    0    0 15664     0 17946 19054  0  0 96  4  0	
 0  1      0 97514264   6360  65372    0    0 14688     0 17857 18904  0  0 96  4  0	
 0  1      0 97514264   6360  65372    0    0 14320     0 16721 17727  0  0 96  4  0	
 0  1      0 97514264   6368  65364    0    0 14432    12 17303 18322  0  0 96  4  0	
 1  0      0 97514264   6368  65364    0    0 14160     0 17482 18491  0  0 96  4  0	
 1  0      0 97514264   6368  65364    0    0 14208     0 17250 18272  0  0 96  4  0	
 0  1      0 97514264   6368  65376    0    0 14480     0 18051 19033  1  0 96  4  0	
 0  1      0 97514264   6368  65376    0    0 14288     0 17190 18170  0  0 96  4  0	
 0  1      0 97514264   6376  65376    0    0 14464    24 18339 19376  0  0 96  3  0	
 0  1      0 97514512   6376  65376    0    0 14992     0 17580 18611  0  0 96  4  0	
 0  1      0 97514512   6376  65376    0    0 14368     0 17911 18924  0  0 96  4  0	
 1  0      0 97514512   6376  65376    0    0 14288     0 16760 17766  0  0 96  4  0	
 1  0      0 97514512   6376  65376    0    0 14480     8 17673 18696  0  0 96  4  0	
 0  1      0 97514512   6376  65376    0    0 14768     0 17966 19043  0  0 96  3  0	
 0  1      0 97514144   6384  65376    0    0 14352    32 17356 18336  0  0 96  4  0	
 2  0      0 97514144   6384  65376    0    0 14624     0 17619 18667  0  0 96  4  0	
 0  1      0 97514144   6384  65376    0    0 14640     0 17314 18325  0  0 96  4  0	
 0  1      0 97514144   6384  65376    0    0 15072     8 18383 19469  0  0 96  3  0	
procs -----------memory---------- ---swap-- -----io---- --system-- -----cpu-----
 r  b   swpd   free   buff  cache   si   so    bi    bo   in   cs us sy id wa st
 1  0      0 97514144   6384  65376    0    0 14560     0 17758 18787  0  0 96  4  0	
 0  1      0 97514144   6392  65368    0    0 14720    24 16846 17870  0  0 96  4  0	
 2  0      0 97514144   6392  65368    0    0 14464     0 17030 18019  1  0 96  4  0	
 1  0      0 97514144   6392  65368    0    0 14784     0 17550 18598  0  0 96  4  0	
 1  0      0 97514144   6392  65376    0    0 14432     4 16801 17831  0  0 96  4  0	
 1  0      0 97514144   6392  65376    0    0 13888     0 16584 17545  0  0 96  4  0	
 1  0      0 97514144   6392  65376    0    0 14896     0 17518 18558  0  0 96  4  0	
 1  0      0 97514144   6400  65376    0    0 14768    12 17663 18726  0  0 96  4  0	
 0  1      0 97514144   6400  65376    0    0 14512     0 18242 19235  1  0 96  3  0	
 0  1      0 97514144   6400  65376    0    0 14208     0 17428 18418  0  0 96  4  0	
 0  1      0 97514144   6400  65376    0    0 13888    60 17321 18288  0  0 96  4  0	
 0  1      0 97514144   6400  65376    0    0 14176     0 16964 17996  0  0 96  4  0	
 1  0      0 97514144   6408  65380    0    0 14352    12 17843 18867  1  0 96  4  0	
 0  1      0 97514144   6408  65380    0    0 14272     0 16839 17847  0  0 96  4  0	
 1  0      0 97514144   6408  65380    0    0 14352     0 17403 18406  1  0 96  4  0	
 0  1      0 97514144   6408  65380    0    0 14496     0 17340 18381  0  0 96  4  0	
 1  0      0 97514144   6408  65380    0    0 14352     0 18312 19311  0  0 96  3  0	
 1  0      0 97514144   6408  65380    0    0 14560     0 16911 17921  0  0 96  4  0	
 0  1      0 97514144   6416  65372    0    0 15120    12 17918 18983  0  0 96  4  0	
 1  0      0 97514144   6416  65372    0    0 13984     0 17790 18787  0  0 96  4  0	
 0  1      0 97514144   6416  65384    0    0 14736     8 17608 18639  0  0 96  3  0	
procs -----------memory---------- ---swap-- -----io---- --system-- -----cpu-----
 r  b   swpd   free   buff  cache   si   so    bi    bo   in   cs us sy id wa st
 0  1      0 97514144   6416  65384    0    0 14960     0 17983 19064  0  0 96  4  0	
 1  0      0 97514144   6416  65384    0    0 14816     0 17365 18417  0  0 96  4  0	
 1  0      0 97514144   6424  65376    0    0 13952    12 17747 18730  0  0 96  4  0	
 1  0      0 97514264   6424  65384    0    0 14912     0 17436 18495  0  0 96  4  0	
 2  0      0 97514264   6424  65384    0    0 14576     8 17965 18995  0  0 96  4  0	
 0  1      0 97514264   6424  65384    0    0 14960     0 17131 18177  1  0 96  4  0	
 1  0      0 97514264   6424  65384    0    0 15488     0 17734 18837  0  0 96  4  0	
 1  0      0 97514264   6424  65384    0    0 14448     0 17659 18672  0  0 96  4  0	
 2  0      0 97514264   6432  65376    0    0 14848    24 17654 18704  0  0 96  4  0	
 0  1      0 97514264   6432  65376    0    0 14288     8 17639 18644  0  0 96  3  0	
 0  1      0 97514264   6432  65376    0    0 13936     0 17199 18214  0  0 96  4  0	
 1  0      0 97514264   6432  65376    0    0 14720     0 17760 18811  0  0 96  4  0	
 0  1      0 97514264   6432  65384    0    0 14880     0 17120 18147  0  0 96  4  0	
 0  1      0 97514264   6440  65384    0    0 14656    24 18195 19214  0  0 96  3  0	
 0  1      0 97514264   6440  65384    0    0 14880     0 18402 19475  1  0 96  4  0	
 0  1      0 97514264   6440  65384    0    0 15296     0 18312 19385  0  0 96  4  0	
 0  1      0 97514264   6440  65384    0    0 14912     0 18538 19576  0  0 96  4  0	
 2  0      0 97514264   6440  65384    0    0 14608     0 17596 18657  0  0 96  4  0	
 1  0      0 97514264   6440  65384    0    0 14704     0 17448 18484  0  0 96  4  0	
 0  1      0 97514264   6448  65380    0    0 14576    12 17528 18547  0  0 96  4  0	
 1  0      0 97514264   6448  65384    0    0 14288     0 17674 18692  0  0 96  4  0	
procs -----------memory---------- ---swap-- -----io---- --system-- -----cpu-----
 r  b   swpd   free   buff  cache   si   so    bi    bo   in   cs us sy id wa st
 0  1      0 97514264   6448  65384    0    0 14416     0 18373 19396  0  0 96  4  0	
 1  0      0 97514264   6448  65384    0    0 15056     0 18675 19795  0  0 96  3  0	
 0  1      0 97514264   6448  65384    0    0 14656     0 17704 18718  0  0 96  4  0	
 1  0      0 97514264   6456  65376    0    0 14528    32 17986 19018  0  0 96  3  0	
 0  1      0 97514264   6456  65376    0    0 14256     0 18118 19127  0  0 96  3  0	
 0  1      0 97514264   6456  65376    0    0 14224     0 17585 18580  0  0 96  4  0	
 2  0      0 97514264   6456  65376    0    0 14304     0 18401 19417  0  0 96  4  0	
 0  1      0 97514264   6456  65376    0    0 14608     0 17574 18563  1  0 96  4  0	
 0  1      0 97514264   6456  65376    0    0 14256     0 17804 18818  0  0 96  4  0	
 0  1      0 97514264   6464  65368    0    0 14736    12 17393 18448  0  0 96  4  0	
 1  0      0 97514264   6464  65384    0    0 14400     0 17579 18585  0  0 96  4  0	
 1  0      0 97514264   6464  65384    0    0 14400     0 17785 18828  0  0 96  3  0	
 0  1      0 97514264   6464  65384    0    0 14544     0 17485 18515  1  0 96  4  0	
 0  1      0 97514264   6464  65384    0    0 14912     0 17740 18784  0  0 96  4  0	
 0  1      0 97514264   6472  65376    0    0 14496    32 18282 19285  0  0 96  3  0	
 0  1      0 97514264   6472  65376    0    0 14976     0 18565 19635  0  0 96  4  0	
 0  1      0 97514264   6472  65392    0    0 14896     0 18451 19488  0  0 96  3  0	
 0  1      0 97514264   6472  65392    0    0 15504     0 17795 18918  0  0 96  4  0	
 0  1      0 97514264   6472  65392    0    0 14512     0 18121 19132  0  0 96  4  0	
 0  1      0 97514264   6472  65392    0    0 14928     8 18241 19270  1  0 96  4  0	
 0  1      0 97514264   6480  65384    0    0 14752    24 16838 17874  0  0 96  4  0	
procs -----------memory---------- ---swap-- -----io---- --system-- -----cpu-----
 r  b   swpd   free   buff  cache   si   so    bi    bo   in   cs us sy id wa st
 1  0      0 97514264   6480  65384    0    0 15200     0 17796 18871  0  0 96  4  0	
 1  1      0 97514264   6480  65384    0    0 14752     0 17835 18857  0  0 96  4  0	
 2  0      0 97514264   6480  65384    0    0 13760     0 17731 18705  0  0 96  4  0	
 0  1      0 97514264   6480  65384    0    0 15280     0 17985 19041  0  0 96  4  0	
 1  0      0 97514264   6488  65392    0    0 15072    12 18238 19307  0  0 96  4  0	
 0  1      0 97514264   6488  65392    0    0 14976     0 17486 18507  1  0 96  4  0	
 1  0      0 97514264   6488  65392    0    0 14352     0 17742 18743  0  0 96  4  0	
 0  1      0 97514264   6488  65392    0    0 14624     0 18847 19877  0  0 96  3  0	
 1  0      0 97514264   6488  65392    0    0 14400     0 17585 18660  0  0 96  3  0	
 1  0      0 97514264   6488  65392    0    0 14928     0 18108 19148  1  0 96  3  0	
 0  1      0 97514264   6496  65384    0    0 14512    12 17889 18895  0  0 96  4  0	
 0  1      0 97514264   6496  65384    0    0 14432     0 17446 18450  0  0 96  4  0	
 0  1      0 97514264   6496  65384    0    0 14512     0 16697 17733  0  0 96  4  0	
 0  1      0 97514264   6496  65392    0    0 14352     0 16749 17738  1  0 96  4  0	
 1  0      0 97514264   6496  65392    0    0 14912     0 17668 18714  0  0 96  4  0	
 0  1      0 97514264   6504  65384    0    0 14624    12 18576 19611  0  0 96  4  0	
 0  1      0 97514264   6504  65384    0    0 14704     0 18404 19432  0  0 96  3  0	
 1  0      0 97514264   6504  65384    0    0 14752     0 17428 18453  0  0 96  4  0	
 1  0      0 97514264   6504  65392    0    0 14224    16 17696 18701  0  0 96  4  0	
 1  0      0 97514264   6504  65392    0    0 14784     0 18262 19278  0  0 96  4  0	
 1  0      0 97514264   6504  65392    0    0 15024     0 18355 19434  0  0 96  4  0	
procs -----------memory---------- ---swap-- -----io---- --system-- -----cpu-----
 r  b   swpd   free   buff  cache   si   so    bi    bo   in   cs us sy id wa st
 1  0      0 97514264   6512  65392    0    0 14864    12 18731 19761  0  0 96  3  0	
 1  0      0 97514264   6512  65392    0    0 14304     0 18328 19345  0  0 96  4  0	
 1  0      0 97514264   6512  65392    0    0 14688     4 18156 19202  0  0 96  4  0	
 0  1      0 97514264   6512  65392    0    0 15232     0 17810 18859  0  0 96  4  0	
 0  1      0 97514264   6512  65392    0    0 14880     0 18633 19674  0  0 96  4  0	
 0  1      0 97514264   6520  65392    0    0 14736    12 17603 18622  0  0 96  4  0	
 1  0      0 97514264   6520  65396    0    0 14400     0 17551 18594  0  0 96  4  0	
 0  1      0 97514264   6520  65396    0    0 14560     0 18273 19369  0  0 96  3  0	
 1  0      0 97514264   6520  65396    0    0 14496     0 17826 18861  0  0 96  3  0	
 1  0      0 97514264   6520  65396    0    0 14496     0 18469 19486  0  0 96  3  0	
 0  1      0 97514264   6520  65396    0    0 15184     0 17583 18627  0  0 96  4  0	
 1  0      0 97514264   6528  65388    0    0 14512    12 18064 19115  0  0 96  3  0	
 0  1      0 97514264   6528  65388    0    0 14928     0 18404 19425  0  0 96  3  0	
 0  1      0 97514264   6528  65388    0    0 14768     4 17441 18466  0  0 96  4  0	
 0  1      0 97514264   6528  65388    0    0 14624     0 18890 19904  0  0 96  3  0	
 0  1      0 97514264   6528  65388    0    0 14240     0 19216 20241  0  0 96  3  0	
 1  0      0 97514264   6536  65400    0    0 14832    12 17582 18648  0  0 96  4  0	
 0  1      0 97514384   6536  65400    0    0 13504     0 16814 17776  1  0 96  4  0	
 0  1      0 97514384   6536  65400    0    0 14624     0 18454 19499  0  0 96  3  0	
 0  1      0 97514384   6536  65400    0    0 14944     0 17096 18137  0  0 96  4  0	
 0  1      0 97514384   6536  65400    0    0 14224     0 16819 17814  0  0 96  4  0	
procs -----------memory---------- ---swap-- -----io---- --system-- -----cpu-----
 r  b   swpd   free   buff  cache   si   so    bi    bo   in   cs us sy id wa st
 0  2      0 97514384   6536  65400    0    0 13936    12 17582 18570  0  0 96  4  0	
 1  0      0 97514384   6544  65392    0    0 14304     4 17185 18203  0  0 96  4  0	
 0  1      0 97514384   6544  65392    0    0 14640     0 17245 18287  0  0 96  4  0	
 0  1      0 97514384   6544  65404    0    0 13904     0 17555 18542  0  0 96  4  0	
 0  1      0 97514384   6544  65404    0    0 15216     0 17415 18490  0  0 96  4  0	
 0  0      0 97514384   6544  65404    0    0 14512     0 16715 17740  0  0 96  4  0	
 2  0      0 97514384   6552  65400    0    0 14880    12 17076 18151  1  0 96  4  0	
 1  0      0 97514384   6552  65400    0    0 14400     0 16857 17880  0  0 96  4  0	
 0  1      0 97514384   6552  65400    0    0 13536     0 17435 18377  0  0 96  4  0	
 0  1      0 97514384   6552  65400    0    0 14592     0 18799 19816  0  0 96  3  0	
 1  0      0 97514384   6552  65400    0    0 15120     0 17207 18299  0  0 96  4  0	
 1  0      0 97514384   6560  65404    0    0 14896    12 17647 18682  0  0 96  4  0	
 0  1      0 97514384   6560  65404    0    0 15072     4 18273 19307  0  0 96  4  0	
 1  0      0 97514384   6560  65404    0    0 14960     0 18092 19133  0  0 96  3  0	
 1  1      0 97514384   6560  65404    0    0 15072     0 18435 19479  0  0 96  4  0	
 1  0      0 97514384   6560  65404    0    0 15104     0 18292 19362  0  0 96  4  0	
 1  0      0 97514384   6560  65404    0    0 14256     0 18278 19261  0  0 96  4  0	
 0  1      0 97514384   6568  65396    0    0 14624    20 18229 19261  0  0 96  4  0	
 1  0      0 97514384   6568  65396    0    0 14608     0 17377 18437  0  0 96  4  0	
 0  1      0 97514384   6568  65404    0    0 15216     0 17864 18921  0  0 96  4  0	
 1  0      0 97514384   6568  65408    0    0 14864     0 17839 18881  0  0 96  4  0	
procs -----------memory---------- ---swap-- -----io---- --system-- -----cpu-----
 r  b   swpd   free   buff  cache   si   so    bi    bo   in   cs us sy id wa st
 0  1      0 97514384   6568  65408    0    0 14816     0 18547 19559  0  0 96  3  0	
 0  1      0 97514384   6576  65400    0    0 14656    24 17928 18968  0  0 96  4  0	
 0  1      0 97514384   6576  65400    0    0 14480     0 17539 18573  0  0 96  4  0	
 0  1      0 97514384   6576  65400    0    0 14720     0 17861 18888  0  0 96  4  0	
 2  0      0 97514384   6576  65400    0    0 14896     0 17883 18941  0  0 96  3  0	
 1  0      0 97514384   6576  65400    0    0 14496     0 18123 19162  0  0 96  3  0	
 1  0      0 97514384   6584  65408    0    0 14640    28 17075 18094  0  0 96  4  0	
 0  1      0 97514384   6584  65408    0    0 14416     0 18556 19567  0  0 96  3  0	
 0  1      0 97514384   6584  65408    0    0 14880     0 17968 19019  0  0 96  3  0	
 0  1      0 97514384   6584  65408    0    0 15024     0 17901 18928  1  0 96  4  0	
 0  1      0 97514384   6584  65408    0    0 14592     0 17151 18158  1  0 96  4  0	
 1  0      0 97514384   6584  65408    0    0 14912     0 19077 20134  0  0 96  3  0	
 0  1      0 97514384   6592  65400    0    0 15056    32 18176 19213  1  0 96  4  0	
 2  0      0 97514384   6592  65400    0    0 14912     0 17843 18911  0  0 96  3  0	
 0  1      0 97514384   6592  65408    0    0 14592     0 17234 18269  0  0 96  4  0	
 0  1      0 97514384   6592  65408    0    0 14816     0 18466 19494  1  0 96  3  0	
 1  1      0 97514384   6592  65408    0    0 15040     0 18066 19150  0  0 96  3  0	
 1  0      0 97514384   6600  65400    0    0 14656    12 18511 19543  0  0 96  3  0	
 0  1      0 97514384   6600  65412    0    0 14672     0 17583 18591  1  0 96  4  0	
 1  0      0 97514384   6600  65412    0    0 14544     0 17908 18907  0  0 96  4  0	
 0  1      0 97514384   6600  65412    0    0 14720     0 17784 18807  0  0 96  3  0	
procs -----------memory---------- ---swap-- -----io---- --system-- -----cpu-----
 r  b   swpd   free   buff  cache   si   so    bi    bo   in   cs us sy id wa st
 0  1      0 97514384   6600  65412    0    0 14576     0 19001 20050  0  0 96  3  0	
 1  0      0 97514384   6600  65412    0    0 15152     0 18767 19846  0  0 96  3  0	
 1  0      0 97514384   6608  65404    0    0 15360    12 18670 19752  0  0 96  4  0	
 1  0      0 97514384   6608  65404    0    0 15136     0 18251 19298  0  0 96  3  0	
 1  0      0 97514384   6608  65404    0    0 14624     0 18180 19226  0  0 96  3  0	
 0  1      0 97514384   6608  65404    0    0 14784     0 18082 19127  0  0 96  4  0	
 0  1      0 97514384   6608  65404    0    0 14752    32 18449 19463  0  0 96  3  0	
 0  1      0 97514384   6616  65396    0    0 14464    24 18282 19288  0  0 96  3  0	
 0  1      0 97514384   6616  65396    0    0 14960     0 18417 19464  1  0 96  3  0	
 0  1      0 97514384   6616  65412    0    0 15040     0 18321 19388  0  0 96  3  0	
 1  1      0 97514384   6616  65412    0    0 15344     0 18775 19864  0  0 96  3  0	
 0  1      0 97514384   6616  65412    0    0 14768     0 17932 18980  0  0 96  4  0	
 1  0      0 97514384   6616  65412    0    0 14736     0 18917 19968  0  0 96  3  0	
 0  1      0 97514384   6624  65404    0    0 14976    12 17965 19023  0  0 96  4  0	
 1  0      0 97514384   6624  65416    0    0 14896     0 18030 19101  0  0 96  3  0	
 1  0      0 97514384   6624  65416    0    0 14720     0 17181 18203  0  0 96  4  0	
 0  1      0 97514384   6624  65416    0    0 14864     8 17723 18792  0  0 96  4  0	
 0  1      0 97514384   6624  65416    0    0 14816     0 17484 18531  0  0 96  4  0	
 1  0      0 97514384   6632  65412    0    0 14304    24 18103 19121  0  0 96  3  0	
 0  1      0 97514384   6632  65412    0    0 14752     0 18141 19181  0  0 96  3  0	
 0  1      0 97514384   6632  65412    0    0 14720     0 18003 19028  0  0 96  4  0	
procs -----------memory---------- ---swap-- -----io---- --system-- -----cpu-----
 r  b   swpd   free   buff  cache   si   so    bi    bo   in   cs us sy id wa st
 0  1      0 97514384   6632  65412    0    0 14928     0 18709 19762  1  0 96  3  0	
 1  0      0 97514384   6632  65412    0    0 14672     0 17488 18511  0  0 96  4  0	
 0  1      0 97514384   6632  65412    0    0 14832     0 18248 19275  0  0 96  3  0	
 0  1      0 97514384   6640  65404    0    0 15232    12 17277 18388  0  0 96  4  0	
 0  1      0 97514384   6640  65416    0    0 14912     0 18636 19684  0  0 96  3  0	
 0  1      0 97514384   6640  65416    0    0 14880     0 17573 18642  0  0 96  4  0	
 0  1      0 97514384   6640  65416    0    0 14832     0 18723 19763  0  0 96  3  0	
 1  0      0 97514384   6640  65416    0    0 14624     0 18760 19790  0  0 96  3  0	
 0  1      0 97514384   6648  65408    0    0 14880    12 18078 19129  0  0 96  4  0	
 0  1      0 97514384   6648  65408    0    0 14640     0 17771 18782  0  0 96  4  0	
 2  0      0 97514384   6648  65416    0    0 14144     0 16991 17977  0  0 96  4  0	
 0  1      0 97514384   6648  65416    0    0 14688     0 18489 19551  0  0 96  3  0	
 1  1      0 97514384   6648  65416    0    0 14496     0 17383 18398  0  0 96  4  0	
 0  1      0 97513888   6648  65416    0    0 14224     0 18007 18994  0  0 96  3  0	
 0  1      0 97513888   6656  65412    0    0 14624    16 17071 18128  0  0 96  4  0	
 0  1      0 97512992   6656  65420    0    0 15024     0 17922 18968  0  0 96  4  0	
 1  0      0 97512992   6656  65420    0    0 14608     8 17879 18923  0  0 96  4  0	
 0  1      0 97513648   6656  65420    0    0 14592     0 18088 19069  0  0 96  3  0	
 1  0      0 97513648   6656  65420    0    0 14240     0 17948 19000  0  0 96  3  0	
 1  1      0 97513648   6664  65420    0    0 14864    32 17766 18841  0  0 96  4  0	
 0  1      0 97513648   6664  65424    0    0 14352     0 18226 19216  1  0 96  3  0	
procs -----------memory---------- ---swap-- -----io---- --system-- -----cpu-----
 r  b   swpd   free   buff  cache   si   so    bi    bo   in   cs us sy id wa st
 2  0      0 97513648   6664  65424    0    0 14544    24 17713 18752  0  0 96  4  0	
 0  1      0 97513648   6664  65424    0    0 15024     0 17423 18480  0  0 96  4  0	
 2  0      0 97513648   6664  65424    0    0 14208     0 16961 17959  1  0 96  4  0	
 1  0      0 97513648   6664  65424    0    0 13808     0 18153 19124  0  0 96  3  0	
 0  1      0 97513648   6672  65416    0    0 14592    12 17389 18397  1  0 96  4  0	
 1  0      0 97513648   6672  65416    0    0 14560     8 18237 19251  1  0 96  3  0	
 0  1      0 97513648   6672  65424    0    0 14416     0 18281 19317  0  0 96  3  0	
 1  0      0 97513648   6672  65428    0    0 14336     0 17896 18904  1  0 96  4  0	
 0  1      0 97513648   6672  65428    0    0 15040     0 17500 18530  1  0 96  4  0	
 0  1      0 97513648   6680  65424    0    0 14688    24 18294 19330  1  0 96  3  0	
 0  1      0 97513648   6680  65424    0    0 15008     0 18802 19869  0  0 96  3  0	
 1  0      0 97513648   6680  65424    0    0 14592     0 18263 19295  0  0 96  4  0	
 1  0      0 97513648   6680  65424    0    0 14912     0 17155 18223  0  0 96  4  0	
 0  1      0 97513648   6680  65424    0    0 14480     0 18389 19414  0  0 96  3  0	
 0  1      0 97513648   6680  65424    0    0 14784     0 17344 18406  0  0 96  4  0	
 1  0      0 97513648   6688  65428    0    0 14496    12 17792 18813  0  0 96  4  0	
 0  1      0 97513648   6688  65428    0    0 14384     0 19230 20231  0  0 96  3  0	
 1  0      0 97513648   6688  65428    0    0 14576     0 17095 18149  0  0 96  4  0	
 0  1      0 97513648   6688  65428    0    0 14368     0 17791 18800  1  0 96  4  0	
 1  0      0 97513648   6688  65428    0    0 14480     0 17784 18819  0  0 96  4  0	
 0  1      0 97513648   6696  65420    0    0 14496    12 18981 19987  0  0 96  3  0	
procs -----------memory---------- ---swap-- -----io---- --system-- -----cpu-----
 r  b   swpd   free   buff  cache   si   so    bi    bo   in   cs us sy id wa st
 2  0      0 97513648   6696  65420    0    0 15104     0 17683 18753  0  0 96  4  0	
 0  1      0 97513648   6696  65420    0    0 15104     0 18165 19227  0  0 96  3  0	
 0  1      0 97513648   6696  65428    0    0 14384     0 16462 17478  1  0 95  4  0	
 0  1      0 97513648   6696  65428    0    0 14864     0 17653 18678  0  0 96  4  0	
 0  1      0 97513648   6696  65428    0    0 14704    16 17985 19034  0  0 96  4  0	
 0  1      0 97513648   6704  65420    0    0 14080    36 18362 19338  0  0 96  3  0	
 1  0      0 97513648   6704  65420    0    0 15136     0 17454 18523  0  0 96  4  0	
 0  1      0 97513648   6704  65420    0    0 14832     0 18587 19618  0  0 96  4  0	
 1  0      0 97513648   6704  65420    0    0 14832     0 18705 19733  0  0 96  4  0	
 1  0      0 97513648   6704  65420    0    0 14720     4 18222 19296  0  0 96  3  0	
 0  1      0 97513648   6712  65428    0    0 14384    16 17478 18484  1  0 96  4  0	
 1  0      0 97513648   6712  65428    0    0 15024     0 18101 19169  1  0 96  4  0	
 0  1      0 97513648   6712  65428    0    0 14768     0 18288 19345  1  0 96  3  0	
 1  0      0 97513648   6712  65428    0    0 14144     0 18582 19587  0  0 96  3  0	
 0  1      0 97513648   6712  65428    0    0 14080    36 17412 18383  1  0 96  4  0	
 1  0      0 97513648   6712  65428    0    0 14480     0 17772 18817  0  0 96  4  0	
 0  1      0 97513648   6720  65420    0    0 15504    12 17778 18843  0  0 96  4  0	
 2  0      0 97513648   6720  65420    0    0 14976     0 17457 18509  0  0 96  4  0	
 1  0      0 97513648   6720  65428    0    0 14048     0 18002 18975  0  0 96  4  0	
 1  0      0 97513648   6720  65428    0    0 14848     0 17998 19046  0  0 96  4  0	
 0  1      0 97513648   6720  65428    0    0 14544     0 17897 18910  0  0 96  4  0	
procs -----------memory---------- ---swap-- -----io---- --system-- -----cpu-----
 r  b   swpd   free   buff  cache   si   so    bi    bo   in   cs us sy id wa st
 0  1      0 97513648   6728  65420    0    0 15264    12 18236 19318  0  0 96  4  0	
 2  0      0 97513648   6728  65420    0    0 14800     0 17530 18567  0  0 96  4  0	
 0  1      0 97513648   6728  65420    0    0 14400     0 17597 18600  0  0 96  4  0	
 0  1      0 97513648   6728  65420    0    0 14464     0 18382 19400  0  0 96  4  0	
 0  1      0 97513648   6728  65420    0    0 14752     0 17088 18166  0  0 96  4  0	
 0  1      0 97513648   6728  65436    0    0 14784     0 17336 18374  0  0 96  4  0	
 1  0      0 97513648   6736  65428    0    0 14848    12 18219 19299  0  0 96  4  0	
 2  0      0 97513648   6736  65428    0    0 14896     0 18654 19702  0  0 96  3  0	
 2  0      0 97513648   6736  65428    0    0 15104     0 18535 19613  0  0 96  3  0	
 0  1      0 97513648   6736  65428    0    0 14320     0 18799 19796  0  0 96  3  0	
 0  1      0 97513648   6736  65428    0    0 14768     0 18051 19090  0  0 96  3  0	
 0  1      0 97513648   6744  65420    0    0 14672    12 18008 19054  0  0 96  4  0	
 1  0      0 97513648   6744  65420    0    0 14688     0 17780 18871  0  0 96  4  0	
 0  1      0 97513520   6744  65436    0    0 14992     0 18615 19653  0  0 96  3  0	
 1  0      0 97513520   6744  65436    0    0 14512     0 18482 19511  0  0 96  3  0	
 1  0      0 97513520   6744  65436    0    0 15344     0 18229 19306  0  0 96  3  0	
 2  0      0 97513520   6744  65436    0    0 14784     0 17987 19014  0  0 96  4  0	
 0  1      0 97513520   6752  65432    0    0 15312    12 18598 19662  0  0 96  3  0	
 2  0      0 97513520   6752  65432    0    0 14528     0 17322 18350  0  0 96  4  0	
 0  1      0 97513520   6752  65432    0    0 14560    12 18134 19144  1  0 96  3  0	
 0  1      0 97513520   6752  65432    0    0 13904     0 17971 18970  1  0 96  4  0	
procs -----------memory---------- ---swap-- -----io---- --system-- -----cpu-----
 r  b   swpd   free   buff  cache   si   so    bi    bo   in   cs us sy id wa st
 0  1      0 97513520   6752  65436    0    0 13936     0 17226 18250  0  0 96  4  0	
 0  1      0 97513520   6760  65436    0    0 14544    24 17581 18594  0  0 96  4  0	
 2  0      0 97513520   6760  65436    0    0 14816     0 18130 19176  0  0 96  3  0	
 1  1      0 97513520   6760  65436    0    0 13904     8 16088 17049  0  0 96  4  0	
 0  1      0 97513520   6760  65436    0    0 14448     0 17462 18470  0  0 96  4  0	
 0  1      0 97513520   6760  65436    0    0 14720     0 17369 18394  0  0 96  4  0	
 0  1      0 97513520   6760  65436    0    0 14640     0 17899 18924  0  0 96  4  0	
 0  1      0 97513520   6768  65428    0    0 14704    24 17193 18278  0  0 96  4  0	
 0  1      0 97513520   6768  65436    0    0 14416    16 18191 19231  0  0 96  3  0	
 0  1      0 97513520   6768  65436    0    0 13520     0 18740 19686  0  0 96  3  0	
 0  1      0 97513520   6768  65436    0    0 14768     0 17614 18654  0  0 96  4  0	
 1  1      0 97513520   6768  65436    0    0 15184     0 18361 19428  0  0 96  4  0	
 0  1      0 97513520   6776  65428    0    0 14832    12 18726 19761  0  0 96  3  0	
 0  1      0 97513520   6776  65428    0    0 14816     0 17969 19002  1  0 96  4  0	
 1  0      0 97513520   6776  65428    0    0 14208     0 17769 18775  1  0 96  4  0	
 0  1      0 97513520   6776  65428    0    0 14544     0 16925 17946  0  0 96  4  0	
 1  0      0 97513520   6776  65440    0    0 14592     0 17062 18071  0  0 96  4  0	
 1  0      0 97513520   6776  65440    0    0 14448     0 17844 18864  0  0 96  4  0	
 1  0      0 97513520   6784  65436    0    0 14208    12 17508 18551  0  0 96  4  0	
 0  1      0 97513520   6784  65436    0    0 13952     0 18012 18980  0  0 96  3  0	
 0  1      0 97513520   6784  65436    0    0 14448     0 17893 18932  0  0 96  4  0	
procs -----------memory---------- ---swap-- -----io---- --system-- -----cpu-----
 r  b   swpd   free   buff  cache   si   so    bi    bo   in   cs us sy id wa st
 1  0      0 97513520   6784  65436    0    0 14688     0 17414 18454  0  0 96  4  0	
 1  0      0 97513520   6784  65436    0    0 14064     0 18036 19045  0  0 96  3  0	
 1  0      0 97513520   6792  65428    0    0 14512    12 18110 19166  0  0 96  3  0	
 0  1      0 97513520   6792  65444    0    0 15040     0 17454 18509  0  0 96  4  0	
 0  1      0 97513520   6792  65444    0    0 14880     0 17342 18370  0  0 96  4  0	
 2  0      0 97513520   6792  65444    0    0 15056     0 18936 19979  0  0 96  3  0	
 2  0      0 97513520   6792  65444    0    0 13808     0 17544 18524  0  0 96  4  0	
 1  0      0 97513520   6792  65444    0    0 14336     0 17073 18084  0  0 96  4  0	
 0  1      0 97513520   6800  65436    0    0 14704    20 18396 19441  0  0 96  4  0	
 0  1      0 97513520   6800  65436    0    0 15328     0 18400 19472  0  0 96  4  0	
 0  1      0 97513520   6800  65436    0    0 14256     0 18304 19352  0  0 96  4  0	
 0  1      0 97513520   6800  65452    0    0 14496     0 17672 18710  1  0 96  3  0	
 1  0      0 97513520   6800  65452    0    0 14624     0 17955 18998  0  0 96  3  0	
 0  1      0 97513520   6808  65452    0    0 14144    40 17327 18320  0  0 96  4  0	
 1  0      0 97513520   6808  65452    0    0 15104     0 17081 18131  0  0 96  4  0	
 0  1      0 97513520   6808  65452    0    0 14784     0 17319 18332  0  0 96  4  0	
 1  0      0 97513520   6808  65452    0    0 14688     0 17424 18457  0  0 96  4  0	
 0  1      0 97513520   6808  65452    0    0 14048     0 18064 19045  0  0 96  3  0	
 1  0      0 97513520   6816  65444    0    0 14640    20 17736 18776  0  0 96  4  0	
 1  0      0 97513392   6816  65452    0    0 15056     0 17342 18398  0  0 96  4  0	
 2  0      0 97513392   6816  65452    0    0 14256     0 16893 17892  0  0 96  4  0	
procs -----------memory---------- ---swap-- -----io---- --system-- -----cpu-----
 r  b   swpd   free   buff  cache   si   so    bi    bo   in   cs us sy id wa st
 1  0      0 97513392   6816  65452    0    0 14144     0 18707 19680  1  0 96  3  0	
 0  1      0 97513392   6816  65452    0    0 14704     0 18295 19313  0  0 96  3  0	
 0  1      0 97513392   6816  65452    0    0 14528    28 19090 20108  1  0 96  3  0	
 1  0      0 97513392   6824  65444    0    0 14352    12 17495 18521  0  0 96  4  0	
 0  1      0 97513392   6824  65444    0    0 14592     0 16662 17665  0  0 96  4  0	
 0  1      0 97513392   6824  65444    0    0 14416     0 17934 18940  0  0 96  3  0	
 0  1      0 97513392   6824  65452    0    0 14432     0 18224 19243  0  0 96  3  0	
 2  0      0 97513392   6824  65452    0    0 14720     0 17813 18854  1  0 96  4  0	
 0  1      0 97513392   6832  65444    0    0 14768    12 17625 18653  0  0 96  4  0	
 0  1      0 97513392   6832  65444    0    0 14240     0 17418 18454  0  0 96  4  0	
 1  0      0 97513392   6832  65444    0    0 14768     0 16868 17883  1  0 96  4  0	
 1  0      0 97513392   6832  65444    0    0 14576     0 17290 18334  0  0 96  4  0	
 0  1      0 97513392   6832  65444    0    0 14944     0 18227 19268  0  0 96  4  0	
 0  1      0 97513392   6832  65456    0    0 14720     0 18193 19252  1  0 96  4  0	
 1  0      0 97513392   6840  65456    0    0 14736    12 17955 19011  0  0 96  4  0	
 0  1      0 97513392   6840  65456    0    0 14576     0 18176 19185  0  0 96  3  0	
 1  0      0 97513392   6840  65456    0    0 14256     0 17790 18805  0  0 96  4  0	
 1  0      0 97513392   6840  65456    0    0 14384     8 17279 18288  0  0 96  4  0	
 1  0      0 97513392   6840  65456    0    0 14832     0 17900 18955  0  0 96  4  0	
 0  1      0 97513392   6848  65448    0    0 14128    24 17151 18144  0  0 96  4  0	
 1  0      0 97513392   6848  65448    0    0 14352     0 17721 18739  1  0 96  4  0	
procs -----------memory---------- ---swap-- -----io---- --system-- -----cpu-----
 r  b   swpd   free   buff  cache   si   so    bi    bo   in   cs us sy id wa st
 0  1      0 97513392   6848  65448    0    0 14320     0 17419 18429  0  0 96  4  0	
 0  1      0 97513392   6848  65456    0    0 14992     0 17790 18832  0  0 96  4  0	
 0  1      0 97513392   6848  65460    0    0 14800     8 17453 18488  0  0 96  4  0	
 1  0      0 97513392   6848  65460    0    0 14960     0 18344 19379  0  0 96  4  0	
 1  0      0 97513392   6856  65456    0    0 14736    24 17492 18517  0  0 96  4  0	
 0  1      0 97513392   6856  65456    0    0 14720     0 17803 18839  0  0 96  3  0	
 0  1      0 97513392   6856  65456    0    0 14208     0 18075 19114  0  0 96  3  0	
 1  0      0 97513392   6856  65456    0    0 14352     8 18961 19979  0  0 96  3  0	
 2  0      0 97513392   6856  65456    0    0 14848     0 18101 19168  1  0 96  3  0	
 1  0      0 97513392   6864  65460    0    0 14528    12 18328 19344  0  0 96  4  0	
 1  0      0 97513392   6864  65460    0    0 14240     0 18100 19090  0  0 96  3  0	
 0  1      0 97513392   6864  65460    0    0 14624     0 18335 19361  0  0 96  3  0	
 0  1      0 97513392   6864  65460    0    0 14480    20 17701 18726  0  0 96  4  0	
 0  1      0 97513392   6864  65460    0    0 14848     0 18523 19583  0  0 96  4  0	
 0  1      0 97513392   6864  65460    0    0 14928     0 19237 20288  0  0 96  3  0	
 0  1      0 97513392   6872  65452    0    0 15072    16 17846 18920  0  0 96  4  0	
 0  1      0 97513392   6872  65452    0    0 14832     0 18366 19428  0  0 96  4  0	
 0  1      0 97513392   6872  65460    0    0 14560     0 17981 19008  0  0 96  4  0	
 0  1      0 97513392   6872  65460    0    0 14176     0 18626 19617  0  0 96  3  0	
 2  0      0 97513392   6872  65460    0    0 14352     0 17943 18948  0  0 96  4  0	
 0  1      0 97513392   6880  65452    0    0 14352    12 17670 18675  0  0 96  4  0	
procs -----------memory---------- ---swap-- -----io---- --system-- -----cpu-----
 r  b   swpd   free   buff  cache   si   so    bi    bo   in   cs us sy id wa st
 1  0      0 97513392   6880  65452    0    0 13936     0 18465 19467  0  0 96  4  0	
 0  1      0 97513392   6880  65452    0    0 14384     0 17606 18601  0  0 96  4  0	
 0  1      0 97513392   6880  65452    0    0 14752     0 18027 19040  0  0 96  4  0	
 0  1      0 97513392   6880  65452    0    0 14896     0 18060 19132  0  0 96  4  0	
 1  0      0 97513392   6880  65464    0    0 14400     0 16634 17703  0  0 96  4  0	
 0  1      0 97513392   6888  65460    0    0 14672    12 18449 19453  0  0 96  3  0	
 0  1      0 97513392   6888  65460    0    0 14624     8 17553 18568  0  0 96  4  0	
 0  1      0 97513392   6888  65460    0    0 14480     0 18330 19334  0  0 96  3  0	
 1  0      0 97513392   6888  65460    0    0 14688     0 18838 19861  0  0 96  3  0	
 0  1      0 97513392   6888  65460    0    0 14496     0 17815 18819  0  0 96  4  0	
 0  1      0 97513392   6896  65452    0    0 14480    24 18846 19844  1  0 96  4  0	
 0  1      0 97513392   6896  65452    0    0 15120     0 18075 19180  0  0 96  4  0	
 1  0      0 97513392   6896  65464    0    0 13888     0 16921 17891  0  0 96  4  0	
 0  1      0 97513392   6896  65464    0    0 14512     0 18009 19027  0  0 96  3  0	
 1  0      0 97513392   6896  65464    0    0 14688     0 17914 18931  1  0 96  3  0	
 0  1      0 97513392   6896  65464    0    0 14896     0 18353 19395  0  0 96  3  0	
 1  0      0 97513392   6904  65456    0    0 14752    16 18684 19733  0  0 96  3  0	
 0  1      0 97513392   6904  65456    0    0 14352     0 17039 18044  0  0 96  4  0	
 1  0      0 97513392   6904  65456    0    0 14352     0 18351 19360  0  0 96  3  0	
 1  0      0 97513392   6904  65456    0    0 14480     0 17906 18942  0  0 96  4  0	
 0  1      0 97513392   6904  65464    0    0 14208     0 18691 19703  0  0 96  3  0	
procs -----------memory---------- ---swap-- -----io---- --system-- -----cpu-----
 r  b   swpd   free   buff  cache   si   so    bi    bo   in   cs us sy id wa st
 0  1      0 97513392   6912  65456    0    0 14224    12 18234 19242  0  0 96  4  0	
 1  0      0 97513392   6912  65456    0    0 14320     0 18342 19354  1  0 96  4  0	
 0  1      0 97513392   6912  65456    0    0 14400     0 17985 18987  0  0 96  4  0	
 1  0      0 97513392   6912  65456    0    0 14464     0 18613 19627  0  0 96  3  0	
 1  0      0 97513392   6912  65456    0    0 14592     0 17935 18976  0  0 96  3  0	
 0  1      0 97513392   6912  65456    0    0 14272     0 17614 18617  0  0 96  4  0	
 1  1      0 97513392   6920  65448    0    0 14592    36 17599 18645  0  0 96  4  0	
 0  1      0 97513392   6920  65468    0    0 14768     0 18330 19356  0  0 96  4  0	
 0  1      0 97513392   6920  65468    0    0 15280     0 17955 19014  0  0 96  3  0	
 2  0      0 97513392   6920  65468    0    0 14944     0 18280 19347  1  0 96  4  0	
 0  1      0 97513392   6920  65468    0    0 14864     0 17990 19025  0  0 96  3  0	
 1  0      0 97513392   6928  65460    0    0 14560    12 18227 19245  0  0 96  4  0	
 1  0      0 97513392   6928  65460    0    0 14864     0 18456 19468  0  0 96  4  0	
 1  0      0 97513392   6928  65460    0    0 14976     0 18020 19082  0  0 96  3  0	
 0  1      0 97513392   6928  65460    0    0 14720     0 17415 18475  0  0 96  4  0	
 1  0      0 97513392   6928  65472    0    0 14784     0 17330 18388  0  0 96  4  0	
 0  1      0 97513392   6936  65472    0    0 14512    12 17404 18482  0  0 96  4  0	
 0  1      0 97513392   6936  65472    0    0 15136     0 17522 18576  0  0 96  4  0	
 0  1      0 97513392   6936  65472    0    0 14080     0 17777 18768  0  0 96  4  0	
 0  1      0 97513392   6936  65472    0    0 14272     0 17889 18886  0  0 96  4  0	
 1  0      0 97513392   6936  65472    0    0 15024     0 18196 19243  0  0 96  3  0	
procs -----------memory---------- ---swap-- -----io---- --system-- -----cpu-----
 r  b   swpd   free   buff  cache   si   so    bi    bo   in   cs us sy id wa st
 0  2      0 97508880   7488  68588    0    0 19552    36 20403 19679  1  0 95  4  0	
 0  1      0 97508880   7496  68588    0    0 15104     4 19105 18995  0  0 96  4  0	
 0  1      0 97508928   7496  69400    0    0 14512     0 18573 19590  1  0 96  3  0	
 1  0      0 97508928   7496  69400    0    0 14432     0 17992 19049  0  0 96  4  0	
 2  0      0 97508928   7496  69400    0    0 14272     0 17902 18927  0  0 96  3  0	
 0  1      0 97508928   7496  69400    0    0 14576     8 17456 18459  1  0 96  4  0	
 0  1      0 97508928   7504  69392    0    0 14192    24 17247 18298  0  0 96  4  0	
 0  1      0 97508928   7504  69400    0    0 14128     0 17723 18763  0  0 96  4  0	
 1  0      0 97508928   7504  69400    0    0 14768     0 17684 18723  0  0 96  4  0	
 0  1      0 97508928   7504  69400    0    0 14736     0 18751 19801  0  0 96  3  0	
 0  1      0 97508928   7504  69400    0    0 14432     0 18083 19108  0  0 96  4  0	
 1  0      0 97508928   7512  69392    0    0 14400    12 17937 18951  0  0 96  4  0	
 1  0      0 97508928   7512  69392    0    0 14528     0 17569 18584  0  0 96  4  0	
 0  1      0 97508928   7512  69392    0    0 13984     0 18031 18998  0  0 96  4  0	
 0  1      0 97508928   7512  69392    0    0 14448     0 17061 18032  0  0 96  4  0	
 0  1      0 97508928   7512  69392    0    0 14544     0 18391 19398  0  0 96  3  0	
 0  1      0 97508928   7512  69392    0    0 14944     0 17469 18550  1  0 96  4  0	
 1  0      0 97508928   7520  69384    0    0 14768    12 17791 18901  0  0 96  4  0	
 0  1      0 97508928   7520  69400    0    0 14688     0 18485 19501  0  0 96  3  0	
 1  0      0 97508928   7520  69400    0    0 15072     0 18063 19121  0  0 96  4  0	
 1  0      0 97508928   7520  69400    0    0 15072    28 18612 19670  0  0 96  3  0	
procs -----------memory---------- ---swap-- -----io---- --system-- -----cpu-----
 r  b   swpd   free   buff  cache   si   so    bi    bo   in   cs us sy id wa st
 1  0      0 97508928   7520  69400    0    0 14560     0 18123 19157  0  0 96  4  0	
 0  1      0 97508928   7528  69392    0    0 14496    12 17627 18643  0  0 96  4  0	
 1  0      0 97508928   7528  69392    0    0 14496     0 18683 19711  0  0 96  4  0	
 0  1      0 97508928   7528  69400    0    0 14288     0 18466 19491  0  0 96  3  0	
 2  0      0 97508928   7528  69400    0    0 14336     0 18695 19719  1  0 96  3  0	
 1  0      0 97508928   7528  69400    0    0 14496     0 18478 18844  1  0 96  4  0	
 0  1      0 97508928   7528  69400    0    0 14352     0 18904 19333  0  0 96  4  0	
 1  0      0 97508928   7536  69392    0    0 14848    12 18267 18160  0  0 96  4  0	
 0  1      0 97508928   7536  69392    0    0 14704     0 18244 19257  0  0 96  3  0	
 1  0      0 97508928   7536  69392    0    0 14512     0 17759 18142  1  0 96  4  0	
 1  0      0 97508928   7536  69392    0    0 14800    16 18465 19101  0  0 96  4  0	
 0  1      0 97508928   7536  69392    0    0 14672     0 18081 19130  0  0 96  3  0	
 0  1      0 97508928   7544  69408    0    0 14800    24 17262 18358  0  0 96  4  0	
 1  0      0 97508928   7544  69408    0    0 14704     0 18319 19383  0  0 96  3  0	
 0  1      0 97508928   7544  69408    0    0 14608     0 17787 18797  0  0 96  4  0	
 0  1      0 97508928   7544  69408    0    0 14320     8 17073 18089  0  0 96  4  0	
 1  0      0 97508928   7544  69408    0    0 14336     0 17205 18206  1  0 96  4  0	
 0  1      0 97508928   7544  69408    0    0 14256     0 18531 19532  0  0 96  3  0	
 0  1      0 97508928   7552  69400    0    0 14704    24 17449 18470  0  0 96  4  0	
 0  1      0 97508928   7552  69400    0    0 14192     0 18065 19072  0  0 96  4  0	
 1  0      0 97508928   7552  69400    0    0 14512     0 16896 17938  1  0 96  4  0	
procs -----------memory---------- ---swap-- -----io---- --system-- -----cpu-----
 r  b   swpd   free   buff  cache   si   so    bi    bo   in   cs us sy id wa st
 1  0      0 97508928   7552  69408    0    0 14400     0 17707 18704  0  0 96  4  0	
 0  1      0 97508928   7552  69408    0    0 14416     0 16554 17567  1  0 96  4  0	
 1  1      0 97508928   7560  69408    0    0 14640    12 16563 17593  0  0 96  4  0	
 0  1      0 97508928   7560  69408    0    0 14528     0 17172 18183  0  0 96  4  0	
 0  1      0 97508928   7560  69408    0    0 14400     0 17847 18844  0  0 96  4  0	
 2  0      0 97508928   7560  69408    0    0 14080     0 18317 19321  1  0 96  3  0	
 1  0      0 97508928   7560  69408    0    0 13936     0 17810 18792  0  0 96  4  0	
 2  0      0 97508928   7560  69408    0    0 14416     0 16771 17819  0  0 96  4  0	
 0  1      0 97508928   7568  69408    0    0 14480    12 17875 18864  0  0 96  4  0	
 1  0      0 97508928   7568  69408    0    0 14320     0 17830 18833  0  0 96  4  0	
 1  0      0 97508928   7568  69408    0    0 14160     0 16652 17699  0  0 96  4  0	
 0  1      0 97508160   7568  69408    0    0 13824     0 17992 18929  1  0 96  4  0	
 1  0      0 97508160   7568  69408    0    0 14480     0 18364 19389  0  0 96  3  0	
 0  1      0 97508600   7576  69400    0    0 14400    16 18278 19275  0  0 96  4  0	
 0  1      0 97508600   7576  69400    0    0 14304    16 16794 17792  0  0 96  4  0	
 0  1      0 97508600   7576  69400    0    0 14704     0 17855 18929  0  0 96  3  0	
 0  1      0 97509056   7576  69412    0    0 14032     0 16889 17876  0  0 96  4  0	
 1  0      0 97509056   7576  69412    0    0 14944     0 18327 19393  0  0 96  4  0	
 1  0      0 97509056   7576  69412    0    0 14880     0 17401 18434  0  0 96  4  0	
 1  0      0 97509056   7584  69408    0    0 14480    24 18213 19254  0  0 96  3  0	
 1  0      0 97509056   7584  69408    0    0 14288     0 18977 20000  0  0 96  3  0	
procs -----------memory---------- ---swap-- -----io---- --system-- -----cpu-----
 r  b   swpd   free   buff  cache   si   so    bi    bo   in   cs us sy id wa st
 1  0      0 97509056   7584  69408    0    0 14384     0 18026 19082  0  0 96  3  0	
 0  1      0 97509056   7584  69408    0    0 14912     0 17451 18511  0  0 96  4  0	
 0  1      0 97509056   7584  69408    0    0 14416     0 17477 18509  0  0 96  4  0	
 0  1      0 97509056   7592  69416    0    0 13776    12 17961 18948  0  0 96  4  0	
 0  1      0 97509056   7592  69416    0    0 14304     4 17444 18431  0  0 96  4  0	
 0  1      0 97509056   7592  69416    0    0 14512     0 17105 18114  0  0 96  4  0	
 0  1      0 97509056   7592  69416    0    0 13888     0 17993 18969  0  0 96  4  0	
 1  0      0 97509056   7592  69420    0    0 14960     0 17712 18747  0  0 96  4  0	
 2  0      0 97509056   7592  69420    0    0 14368     0 17795 18826  0  0 96  4  0	
 1  0      0 97509056   7600  69412    0    0 14192    12 17032 18077  0  0 96  4  0	
 1  0      0 97509056   7600  69412    0    0 14528     0 17736 18786  0  0 96  4  0	
 1  0      0 97509056   7600  69420    0    0 14512     0 16964 17966  0  0 96  4  0	
 0  1      0 97509056   7600  69420    0    0 15040     0 18235 19291  0  0 96  3  0	
 1  0      0 97509056   7600  69420    0    0 14256     0 17261 18282  0  0 96  4  0	
 0  1      0 97509056   7608  69420    0    0 14720    12 18498 19509  0  0 96  4  0	
 1  0      0 97509056   7608  69420    0    0 14560     0 18568 19587  0  0 96  3  0	
 0  1      0 97509056   7608  69420    0    0 15168     0 17537 18585  0  0 96  4  0	
 2  0      0 97509056   7608  69420    0    0 14592     0 18163 19173  0  0 96  4  0	
 0  1      0 97509056   7608  69420    0    0 14704     0 17725 18769  0  0 96  4  0	
 1  0      0 97509056   7608  69420    0    0 14944     0 18228 19295  0  0 96  4  0	
 0  1      0 97509056   7616  69412    0    0 14576    16 17669 18665  0  0 96  4  0	
procs -----------memory---------- ---swap-- -----io---- --system-- -----cpu-----
 r  b   swpd   free   buff  cache   si   so    bi    bo   in   cs us sy id wa st
 0  1      0 97509056   7616  69412    0    0 14704     0 18527 19546  0  0 96  4  0	
 1  0      0 97509056   7616  69412    0    0 15488     0 18518 19577  0  0 96  4  0	
 0  1      0 97509056   7616  69412    0    0 15072     0 17779 18820  0  0 96  4  0	
 1  0      0 97509056   7616  69412    0    0 14752    12 19566 20627  0  0 96  3  0	
 1  0      0 97509056   7624  69404    0    0 14784    28 17988 19031  0  0 96  4  0	
 0  1      0 97509056   7624  69404    0    0 14656     0 18045 19067  0  0 96  4  0	
 1  0      0 97509056   7624  69420    0    0 14528     0 18205 19241  0  0 96  4  0	
 1  0      0 97509056   7624  69420    0    0 14384     0 17898 18902  0  0 96  4  0	
 0  1      0 97509056   7624  69420    0    0 14544    28 17395 18436  0  0 96  4  0	
 1  0      0 97509056   7624  69420    0    0 14736     0 18014 19053  0  0 96  4  0	
 2  0      0 97509056   7632  69412    0    0 14400    24 17367 18373  0  0 96  4  0	
 2  0      0 97509056   7632  69412    0    0 14112     0 18225 19229  0  0 96  3  0	
 0  1      0 97509056   7632  69412    0    0 14256     0 17819 18804  0  0 96  4  0	
 0  1      0 97509056   7632  69412    0    0 14384     0 17448 18466  0  0 96  4  0	
 1  0      0 97509056   7632  69424    0    0 14288     0 17924 18941  0  0 96  4  0	
 2  0      0 97509056   7640  69416    0    0 14208    12 17496 18502  0  0 96  4  0	
 0  1      0 97509056   7640  69416    0    0 14032     0 17599 18573  0  0 96  4  0	
 0  1      0 97509056   7640  69424    0    0 14128     0 17157 18178  0  0 96  4  0	
 0  1      0 97509056   7640  69424    0    0 13792     8 17374 18387  0  0 96  4  0	
 0  1      0 97509056   7640  69424    0    0 13872     0 16571 17544  0  0 96  4  0	
 1  0      0 97509056   7640  69424    0    0 13824     0 16617 17593  1  0 96  4  0	
procs -----------memory---------- ---swap-- -----io---- --system-- -----cpu-----
 r  b   swpd   free   buff  cache   si   so    bi    bo   in   cs us sy id wa st
 0  1      0 97509056   7648  69416    0    0 13712    24 17086 18049  1  0 96  4  0	
 0  1      0 97509056   7648  69424    0    0 14080     0 17808 18800  0  0 96  4  0	
 1  0      0 97509056   7648  69424    0    0 13968     0 17753 18752  0  0 96  4  0	
 0  1      0 97509056   7648  69424    0    0 14272     0 17133 18124  1  0 96  4  0	
 1  0      0 97509056   7648  69424    0    0 14416     0 18557 19596  0  0 96  4  0	
 1  0      0 97509056   7656  69416    0    0 14352    12 16751 17750  0  0 96  4  0	
 1  0      0 97509056   7656  69416    0    0 13984     0 17122 18088  0  0 96  4  0	
 0  1      0 97509056   7656  69416    0    0 14512     0 17534 18575  0  0 96  4  0	
 0  1      0 97509056   7656  69416    0    0 14864     4 17932 18964  0  0 96  3  0	
 0  1      0 97509056   7656  69428    0    0 14416     0 18404 19427  0  0 96  3  0	
 0  1      0 97509056   7656  69428    0    0 14736     0 17949 18988  0  0 96  4  0	
 1  0      0 97509056   7664  69420    0    0 14240    12 17966 18980  1  0 96  3  0	
 0  1      0 97509056   7664  69420    0    0 14304     0 17724 18722  0  0 96  4  0	
 1  0      0 97509056   7664  69420    0    0 14224     0 17602 18637  0  0 96  4  0	
 1  1      0 97509056   7664  69428    0    0 14288     0 17344 18342  0  0 96  4  0	
 0  1      0 97509056   7664  69428    0    0 14112     0 17154 18137  0  0 96  4  0	
 1  0      0 97509056   7672  69420    0    0 14720    12 17381 18401  0  0 96  4  0	
 0  1      0 97509056   7672  69428    0    0 14544     0 18059 19115  0  0 96  3  0	
 1  1      0 97509056   7672  69428    0    0 14016     0 17532 18522  1  0 96  4  0	
 0  1      0 97509056   7672  69428    0    0 13808     0 17600 18556  0  0 96  4  0	
 0  1      0 97509056   7672  69428    0    0 14816     0 17840 18882  0  0 96  4  0	
procs -----------memory---------- ---swap-- -----io---- --system-- -----cpu-----
 r  b   swpd   free   buff  cache   si   so    bi    bo   in   cs us sy id wa st
 1  1      0 97509056   7672  69428    0    0 13904     8 17488 18455  1  0 96  4  0	
 0  1      0 97509056   7680  69420    0    0 14128     4 17584 18593  0  0 96  4  0	
 1  0      0 97509056   7680  69428    0    0 14224    12 18291 19323  0  0 96  3  0	
 0  1      0 97509056   7680  69428    0    0 14752     0 17228 18263  0  0 96  4  0	
 1  0      0 97509056   7680  69428    0    0 13984     0 17868 18883  0  0 96  4  0	
 0  1      0 97509056   7680  69428    0    0 13600     0 17992 18933  0  0 96  4  0	
 0  1      0 97509056   7688  69420    0    0 14384    24 18142 19240  0  0 96  3  0	
 0  1      0 97509056   7688  69420    0    0 14912     8 17959 19046  0  0 96  4  0	
 1  0      0 97509056   7688  69420    0    0 14528     0 18129 19134  1  0 96  3  0	
 0  1      0 97509056   7688  69420    0    0 14368     0 17915 18913  0  0 96  4  0	
 1  0      0 97509056   7688  69420    0    0 13744     0 17834 18351  0  0 96  4  0	
 0  1      0 97509056   7696  69412    0    0 13984    24 20328 19640  1  0 96  3  0	
 1  0      0 97509056   7696  69432    0    0 13760     0 19738 19037  1  0 96  4  0	
 0  1      0 97509056   7696  69432    0    0 14896     0 18214 19070  0  0 96  4  0	
 1  0      0 97509056   7696  69432    0    0 14880     0 17475 18529  0  0 96  4  0	
 0  1      0 97509056   7696  69432    0    0 14592     0 19436 19359  0  0 96  4  0	
 0  1      0 97509056   7696  69432    0    0 14048     0 19531 18818  0  0 96  4  0	
 1  0      0 97509056   7704  69424    0    0 14688    12 18210 18553  0  0 96  4  0	
 1  0      0 97509056   7704  69424    0    0 14272     0 17808 18826  1  0 96  3  0	
 0  1      0 97509056   7704  69432    0    0 14032     0 18530 19505  1  0 96  3  0	
 1  0      0 97509056   7704  69432    0    0 14208     0 16757 17745  1  0 96  4  0	
procs -----------memory---------- ---swap-- -----io---- --system-- -----cpu-----
 r  b   swpd   free   buff  cache   si   so    bi    bo   in   cs us sy id wa st
 0  1      0 97509056   7704  69432    0    0 14528     0 17679 18694  0  0 96  4  0	
 0  1      0 97509056   7712  69432    0    0 14064    12 17663 18652  0  0 96  4  0	
 0  1      0 97509056   7712  69432    0    0 14800     0 17478 18514  0  0 96  4  0	
 1  0      0 97509056   7712  69432    0    0 13552     0 16955 17915  0  0 96  4  0	
 0  1      0 97509056   7712  69432    0    0 14720     0 17828 18837  0  0 96  4  0	
 1  0      0 97509056   7712  69432    0    0 13904     0 17598 18619  0  0 96  4  0	
 1  0      0 97509056   7712  69432    0    0 14240     0 17662 18709  0  0 96  4  0	
 0  1      0 97509056   7720  69432    0    0 13872    12 17732 18700  0  0 96  4  0	
 1  0      0 97509056   7720  69432    0    0 13920     0 17372 18365  0  0 96  4  0	
 2  0      0 97509056   7720  69432    0    0 14192     0 17343 18334  0  0 96  4  0	
 0  1      0 97509056   7720  69432    0    0 14416     0 18795 19791  1  0 96  3  0	
 2  0      0 97509056   7720  69436    0    0 14320     0 18183 19212  0  0 96  3  0	
 2  0      0 97509056   7728  69428    0    0 14496    32 17141 18178  0  0 96  4  0	
 0  1      0 97509056   7728  69428    0    0 14256     0 17767 18779  0  0 96  4  0	
 0  1      0 97509056   7728  69428    0    0 14176     0 18778 19806  0  0 96  3  0	
 1  0      0 97509056   7728  69436    0    0 14144     0 18258 19277  0  0 96  3  0	
 0  1      0 97509056   7728  69436    0    0 15088     0 17929 18971  0  0 96  4  0	
 0  1      0 97509056   7728  69436    0    0 14704    24 18742 19791  0  0 96  3  0	
 1  0      0 97509056   7736  69432    0    0 14480    24 17247 18277  0  0 96  4  0	
 1  0      0 97509056   7736  69432    0    0 14176     0 17342 18350  0  0 96  4  0	
 0  1      0 97509056   7736  69432    0    0 14384     0 17155 18159  0  0 96  4  0	
procs -----------memory---------- ---swap-- -----io---- --system-- -----cpu-----
 r  b   swpd   free   buff  cache   si   so    bi    bo   in   cs us sy id wa st
 1  0      0 97509056   7736  69432    0    0 14624     0 16587 17613  0  0 96  4  0	
 0  1      0 97509056   7736  69432    0    0 14256     0 16568 17601  1  0 96  4  0	
 0  1      0 97509056   7744  69440    0    0 14400    12 17848 18854  0  0 96  4  0	
 1  0      0 97509056   7744  69440    0    0 14480     0 17166 18165  0  0 96  4  0	
 0  1      0 97509056   7744  69440    0    0 14496     0 18277 19281  0  0 96  3  0	
 1  0      0 97509056   7744  69440    0    0 14512     0 19007 20028  0  0 96  3  0	
 2  0      0 97509056   7744  69440    0    0 13536     0 17738 18730  1  0 96  3  0	
 1  0      0 97509056   7744  69440    0    0 14832     0 17846 18882  0  0 96  4  0	
 0  1      0 97509056   7752  69432    0    0 14624    12 17650 18663  0  0 96  4  0	
 0  1      0 97509056   7752  69432    0    0 14848     0 18130 19172  0  0 96  3  0	
 1  0      0 97509056   7752  69440    0    0 14288     0 17150 18147  0  0 96  4  0	
 0  1      0 97509056   7752  69440    0    0 14768     0 17456 18502  0  0 96  4  0	
 0  1      0 97509056   7752  69440    0    0 14384     0 17995 18992  0  0 96  4  0	
 1  0      0 97509056   7760  69432    0    0 14352    12 18141 19175  0  0 96  4  0	
 0  1      0 97509056   7760  69432    0    0 14128     0 17398 18408  0  0 96  4  0	
 0  1      0 97509056   7760  69432    0    0 14112     0 18156 19145  0  0 96  4  0	
 0  1      0 97509056   7760  69432    0    0 14560     0 18143 19166  1  0 96  4  0	
 1  0      0 97509056   7760  69432    0    0 14640     0 17137 18185  0  0 96  4  0	
 0  1      0 97509056   7760  69440    0    0 14432     0 17758 18760  0  0 96  4  0	
 0  1      0 97509056   7768  69436    0    0 14320    12 17775 18772  0  0 96  4  0	
 0  1      0 97509056   7768  69436    0    0 13808     0 16741 17762  0  0 96  4  0	
procs -----------memory---------- ---swap-- -----io---- --system-- -----cpu-----
 r  b   swpd   free   buff  cache   si   so    bi    bo   in   cs us sy id wa st
 0  1      0 97509056   7768  69436    0    0 14288     8 18619 19635  0  0 96  3  0	
 0  1      0 97509056   7768  69436    0    0 12432     0 14516 15406  0  0 95  4  0	
 1  0      0 97509056   7768  69436    0    0 13312     0 16500 17449  0  0 96  4  0	
 0  1      0 97509056   7776  69428    0    0 13840    24 16758 17755  0  0 96  4  0	
 2  0      0 97509056   7776  69428    0    0 13568     0 16968 17979  0  0 96  4  0	
 0  1      0 97509056   7776  69440    0    0 13600     0 17108 18071  0  0 96  4  0	
 0  1      0 97509056   7776  69440    0    0 13808     0 16416 17402  1  0 96  4  0	
 0  1      0 97509056   7776  69440    0    0 14736     0 17279 18308  1  0 96  4  0	
 1  0      0 97509056   7776  69440    0    0 14032     0 18358 19341  0  0 96  3  0	
 0  1      0 97509056   7784  69436    0    0 14816    12 18332 19353  1  0 96  4  0	
 0  1      0 97509056   7784  69436    0    0 14304     0 17899 18950  0  0 96  4  0	
 0  1      0 97509056   7784  69436    0    0 14176    20 17961 18940  0  0 96  4  0	
 0  1      0 97509056   7784  69436    0    0 14688     0 18311 19340  0  0 96  3  0	
 0  1      0 97509056   7784  69448    0    0 14976     0 17737 18803  0  0 96  4  0	
 0  1      0 97509056   7792  69444    0    0 14336    12 17624 18626  0  0 96  4  0	
 0  1      0 97509056   7792  69444    0    0 14192     0 16937 17910  0  0 96  4  0	
 0  1      0 97509056   7792  69444    0    0 14192     0 18132 19125  0  0 96  3  0	
 1  0      0 97509056   7792  69444    0    0 14416     0 17429 18475  1  0 96  4  0	
 0  1      0 97509056   7792  69444    0    0 14528     0 17753 18779  1  0 96  4  0	
 0  1      0 97509056   7792  69444    0    0 14480     0 17995 19016  0  0 96  4  0	
 1  0      0 97509056   7800  69436    0    0 14224    12 17637 18681  0  0 96  4  0	
procs -----------memory---------- ---swap-- -----io---- --system-- -----cpu-----
 r  b   swpd   free   buff  cache   si   so    bi    bo   in   cs us sy id wa st
 0  1      0 97509056   7800  69448    0    0 14624     0 17866 18875  0  0 96  4  0	
 0  1      0 97509056   7800  69448    0    0 14032     0 17856 18860  0  0 96  3  0	
 2  0      0 97509304   7800  69448    0    0 14896     0 17499 18262  0  0 96  4  0	
 1  0      0 97509304   7800  69448    0    0 14240     0 18341 17636  0  0 96  4  0	
 0  1      0 97509304   7808  69440    0    0 14160    24 19760 19073  0  0 96  4  0	
 0  1      0 97509304   7808  69440    0    0 14576     0 18846 18092  0  0 96  4  0	
 0  1      0 97509304   7808  69440    0    0 13520     0 16815 17554  0  0 96  3  0	
 0  1      0 97509304   7808  69440    0    0 13504     0 16220 17126  0  0 96  3  0	
 0  1      0 97509056   7808  69456    0    0 13456     0 16225 17141  0  0 96  3  0	
 0  1      0 97509056   7808  69456    0    0 13456     0 17171 18086  0  0 96  3  0	
 0  1      0 97509056   7816  69452    0    0 13776    28 16751 17697  0  0 96  3  0	
 0  1      0 97509056   7816  69452    0    0 14080     0 16283 17258  0  0 96  4  0	
 0  1      0 97509056   7816  69452    0    0 14352     0 17877 18902  1  0 96  3  0	
 0  1      0 97509056   7816  69452    0    0 14160     0 16978 17953  0  0 96  4  0	
 1  0      0 97509056   7816  69452    0    0 14080     0 17691 18692  0  0 96  4  0	
 0  1      0 97509056   7824  69444    0    0 14208    24 17797 18787  0  0 96  4  0	
 1  0      0 97509056   7824  69456    0    0 13984     0 17327 18307  1  0 96  4  0	
 1  0      0 97509056   7824  69456    0    0 13712     0 17032 17974  0  0 96  4  0	
