procs -----------memory---------- ---swap-- -----io---- --system-- -----cpu-----
 r  b   swpd   free   buff  cache   si   so    bi    bo   in   cs us sy id wa st
 1  0      0 42701256  14904 115896    0    0   392  3618   90   95 13  2 80  6  0	
 2  0      0 42697412  14904 115916    0    0    48     0 78631 78779  2  1 97  0  0	
 4  0      0 42697288  14904 115916    0    0    16    24 80439 80886  2  0 97  0  1	
 2  0      0 42697288  14904 115916    0    0    64     0 80156 80370  2  1 97  0  0	
 2  0      0 42697164  14904 115916    0    0    96     0 80107 80350  1  1 97  0  0	
 4  0      0 42697164  14904 115916    0    0    96     0 79030 79270  2  1 97  0  0	
 3  0      0 42697164  14912 115908    0    0    32    36 79630 79940  2  1 97  0  0	
 2  0      0 42697164  14912 115908    0    0    64     0 79626 80185  2  1 97  0  0	
 3  0      0 42697164  14912 115908    0    0    80     0 79122 79676  2  1 97  0  0	
 3  0      0 42697040  14912 115916    0    0    80     0 79560 80421  2  1 97  0  0	
 2  0      0 42697040  14912 115916    0    0   160     0 79057 79748  2  1 97  0  0	
 2  0      0 42697040  14920 115916    0    0    96    12 79287 80040  1  0 98  0  0	
 3  0      0 42696792  14920 115916    0    0    32     0 79270 79878  1  1 97  0  0	
 4  0      0 42696792  14920 115916    0    0    80     0 78789 79702  1  1 97  0  0	
 2  0      0 42696792  14920 115916    0    0   128     0 79241 79859  1  1 97  0  1	
 2  0      0 42696792  14920 115916    0    0   112     0 78452 78921  1  1 97  0  0	
 2  0      0 42696792  14920 115916    0    0   112     0 79261 79737  1  1 97  0  0	
 2  0      0 42696420  14928 115916    0    0   128    12 79236 79755  1  1 97  0  0	
 3  0      0 42696420  14928 115916    0    0    96     0 79116 80272  2  1 97  0  0	
 2  0      0 42696420  14928 115916    0    0   112     0 79239 80746  1  1 97  0  0	
 2  0      0 42696420  14928 115916    0    0    96     0 79065 80624  2  1 97  0  0	
procs -----------memory---------- ---swap-- -----io---- --system-- -----cpu-----
 r  b   swpd   free   buff  cache   si   so    bi    bo   in   cs us sy id wa st
 2  0      0 42696420  14928 115916    0    0    48     0 79166 80742  1  1 97  0  0	
 2  0      0 42696420  14936 115908    0    0   144    12 79223 80652  1  0 98  0  0	
 2  0      0 42696420  14936 115908    0    0   144     0 78825 80223  1  1 98  0  0	
 2  0      0 42696420  14936 115908    0    0   112     0 79177 80616  1  1 97  0  0	
 2  0      0 42695552  14936 115916    0    0   112     0 78133 79631  2  1 97  0  0	
 4  0      0 42695428  14936 115916    0    0   112     0 76897 78767  1  1 97  0  0	
 4  0      0 42695428  14936 115916    0    0   112     0 79122 80587  1  1 97  0  0	
 2  0      0 42695428  14944 115908    0    0   160    12 79012 80642  1  1 97  0  0	
 2  0      0 42695428  14944 115908    0    0    48     0 79397 80820  1  1 98  0  1	
 3  0      0 42695428  14944 115908    0    0   112     0 79196 80547  1  1 97  0  0	
 2  0      0 42695428  14944 115908    0    0    48     0 78430 79860  1  1 97  0  0	
 2  0      0 42695428  14944 115908    0    0    48     0 79083 80692  1  1 97  0  0	
 3  0      0 42694808  14952 115920    0    0   112    32 78294 80044  2  1 97  0  1	
 3  0      0 42694808  14952 115920    0    0   112     0 78350 80326  1  1 97  0  0	
 3  0      0 42694808  14952 115920    0    0    80     0 78475 79751  1  1 97  0  1	
 2  0      0 42694808  14952 115920    0    0   128     0 79015 80409  1  1 97  0  0	
 2  0      0 42694808  14952 115920    0    0    96     0 79163 80578  1  1 97  0  0	
 2  0      0 42694808  14952 115920    0    0    64    20 78962 80497  1  1 97  0  1	
 2  0      0 42694808  14960 115912    0    0    32    24 79247 80767  1  1 97  0  0	
 2  0      0 42694808  14960 115912    0    0    48     0 79189 80681  2  1 97  0  0	
 3  0      0 42694064  14960 115920    0    0   192     0 78706 80467  1  1 98  0  0	
procs -----------memory---------- ---swap-- -----io---- --system-- -----cpu-----
 r  b   swpd   free   buff  cache   si   so    bi    bo   in   cs us sy id wa st
 2  0      0 42693940  14960 115920    0    0   112     0 78669 80753  1  1 97  0  1	
 2  0      0 42693940  14960 115924    0    0    64     0 78921 80421  2  1 97  0  0	
 3  0      0 42693940  14968 115916    0    0   112    12 78978 80260  2  1 97  0  0	
 2  0      0 42693940  14968 115916    0    0    64     0 78703 79953  1  1 97  0  1	
 2  0      0 42693940  14968 115916    0    0   128     0 78965 80073  2  1 97  0  0	
 3  0      0 42693940  14968 115916    0    0    48     0 79243 80368  2  1 97  0  0	
 2  0      0 42693940  14968 115916    0    0    96     0 79374 80512  1  1 97  0  0	
 2  0      0 42693320  14968 115924    0    0    48     0 78879 80186  2  1 97  0  0	
 2  0      0 42693320  14976 115924    0    0    16    16 79088 80488  1  1 97  0  0	
 2  0      0 42693320  14976 115924    0    0    32     0 79171 80398  2  1 97  0  0	
 2  0      0 42693320  14976 115924    0    0    64     0 79077 80160  1  1 97  0  0	
 2  0      0 42693320  14976 115924    0    0   176     0 79889 80222  2  0 97  0  1	
 4  0      0 42693320  14976 115924    0    0    80     0 80674 80905  2  1 97  0  0	
 3  0      0 42693320  14984 115916    0    0   128    12 79283 79577  2  1 97  0  0	
 4  0      0 42693320  14984 115916    0    0    80     0 80985 81301  2  1 97  0  0	
 3  0      0 42692948  14984 115928    0    0    80     0 80836 81183  2  1 97  0  1	
 3  0      0 42692824  14984 115928    0    0    48     0 80639 81208  1  0 98  0  0	
 2  0      0 42692824  14984 115928    0    0   128     0 80409 80772  2  0 97  0  0	
 2  0      0 42692824  14992 115920    0    0   144    20 81034 81306  2  0 97  0  0	
 3  0      0 42692824  14992 115920    0    0   112     0 80304 80542  2  1 97  0  0	
 3  0      0 42692824  14992 115920    0    0    96     0 80136 80436  2  1 97  0  0	
procs -----------memory---------- ---swap-- -----io---- --system-- -----cpu-----
 r  b   swpd   free   buff  cache   si   so    bi    bo   in   cs us sy id wa st
 2  0      0 42692824  14992 115920    0    0   112     0 80441 80578  2  1 97  0  0	
 2  0      0 42692824  14992 115920    0    0   112    12 80987 81340  2  1 97  0  0	
 3  0      0 42692328  15000 115928    0    0    96    28 79847 80080  2  1 97  0  0	
 2  0      0 42692204  15000 115928    0    0   112     0 80561 80845  1  1 97  0  0	
 2  0      0 42692204  15000 115928    0    0    80     0 79718 79873  2  0 97  0  0	
 3  0      0 42692204  15000 115928    0    0    96     0 80581 81059  1  1 98  0  0	
 2  0      0 42692204  15000 115928    0    0    48    16 79561 80236  2  1 97  0  0	
 2  0      0 42692204  15000 115928    0    0    64     0 79343 80346  1  0 98  0  0	
 3  0      0 42692204  15008 115920    0    0    48    20 79715 81280  2  1 97  0  0	
 2  0      0 42692204  15008 115920    0    0    80     0 79586 81729  2  1 97  0  1	
 2  0      0 42691956  15008 115936    0    0    96     0 79326 81357  2  1 97  0  0	
 3  0      0 42691956  15008 115936    0    0    80     0 79153 80985  1  1 97  0  0	
 3  0      0 42691956  15008 115936    0    0   112     0 78515 80302  2  1 97  0  1	
 2  0      0 42691956  15016 115936    0    0    64    20 79851 81547  2  0 97  0  0	
 3  0      0 42691956  15016 115936    0    0    48     0 80014 81496  1  1 97  0  0	
 3  0      0 42691708  15016 115936    0    0    64     0 79409 80892  2  1 97  0  0	
 4  0      0 42691708  15016 115936    0    0    32     4 78260 79707  2  0 97  0  0	
 3  0      0 42691708  15016 115936    0    0    80     0 78839 79371  1  1 98  0  0	
 2  0      0 42691460  15024 115936    0    0    48    20 80682 81215  2  1 97  0  1	
 4  0      0 42691460  15024 115936    0    0   144     0 81711 82219  2  1 97  0  0	
 2  0      0 42691460  15024 115936    0    0    64     0 81142 81496  2  1 97  0  1	
procs -----------memory---------- ---swap-- -----io---- --system-- -----cpu-----
 r  b   swpd   free   buff  cache   si   so    bi    bo   in   cs us sy id wa st
 3  0      0 42691460  15024 115936    0    0    80     0 81679 82130  2  0 97  0  1	
 2  0      0 42691212  15024 115936    0    0    64     0 79485 80060  2  1 97  0  0	
 2  0      0 42691212  15024 115936    0    0    16     0 81722 82304  2  0 97  0  0	
 2  0      0 42691212  15032 115928    0    0   128    12 81560 81972  2  1 97  0  0	
 3  0      0 42691212  15032 115928    0    0   128     0 81830 82606  2  0 97  0  0	
 2  0      0 42690964  15032 115940    0    0    96    16 82083 83081  2  1 97  0  0	
 2  0      0 42690964  15032 115940    0    0    48     0 82085 83243  2  1 97  0  0	
 2  0      0 42690964  15032 115940    0    0    48     0 81872 82656  2  0 97  0  0	
 2  0      0 42690964  15040 115932    0    0    80    40 73675 75906  2  1 97  0  0	
 2  0      0 42690964  15040 115932    0    0   112     0 69842 72986  2  1 97  0  0	
 2  0      0 42690964  15040 115932    0    0    48     8 82131 82966  2  1 97  0  1	
 2  0      0 42690964  15040 115932    0    0    48     0 81700 82468  2  1 97  0  0	
 3  0      0 42690964  15040 115932    0    0    96     0 82122 83110  2  0 97  0  1	
 3  0      0 42690716  15040 115940    0    0   112     0 82188 83008  2  1 97  0  0	
 2  0      0 42690716  15048 115940    0    0    64    20 82494 83143  2  1 97  0  0	
 3  0      0 42690716  15048 115940    0    0    80     0 82137 82927  2  1 97  0  1	
 3  0      0 42690592  15048 115940    0    0    80     8 81399 82769  2  0 97  0  0	
 2  0      0 42690592  15048 115940    0    0    96     0 81747 82885  2  0 97  0  0	
 3  0      0 42690592  15048 115940    0    0    64     0 81842 82869  2  1 97  0  0	
 3  0      0 42690592  15056 115932    0    0    48    20 81916 82744  2  0 97  0  0	
 2  0      0 42690592  15056 115932    0    0    80     0 81832 82741  2  0 97  0  0	
procs -----------memory---------- ---swap-- -----io---- --system-- -----cpu-----
 r  b   swpd   free   buff  cache   si   so    bi    bo   in   cs us sy id wa st
 4  0      0 42690344  15056 115944    0    0    64    32 81184 82035  2  0 97  0  1	
 2  0      0 42690344  15056 115944    0    0   144     0 81563 82652  2  1 97  0  0	
 2  0      0 42690344  15056 115944    0    0    96     0 81981 82865  2  1 97  0  0	
 2  0      0 42690344  15056 115944    0    0    32     0 82048 82976  2  1 97  0  0	
 2  0      0 42690344  15064 115936    0    0   112    12 80734 81470  2  1 97  0  1	
 3  0      0 42690344  15064 115936    0    0    80     0 81470 82338  1  1 97  0  0	
 2  0      0 42690344  15064 115936    0    0    80     0 81772 82574  2  0 97  0  1	
 2  0      0 42690344  15064 115936    0    0    32     0 82064 82993  1  0 98  0  1	
 2  0      0 42689848  15064 115944    0    0    80     0 82098 82693  2  1 97  0  0	
 2  0      0 42689724  15072 115936    0    0    96    12 80740 81591  1  1 97  0  0	
 2  0      0 42689724  15072 115936    0    0    16     0 78025 78505  1  1 97  0  0	
 2  0      0 42689724  15072 115936    0    0    96     0 80511 80889  1  0 98  0  0	
 3  0      0 42689476  15072 115944    0    0    96     0 81068 82184  2  1 97  0  1	
 3  0      0 42689352  15072 115944    0    0   128     0 81081 82195  2  0 97  0  0	
 2  0      0 42689352  15072 115944    0    0    32     0 81095 81916  2  1 97  0  0	
 2  0      0 42689352  15080 115936    0    0    48    12 81044 81888  2  1 97  0  0	
 2  0      0 42689228  15080 115944    0    0    16     0 81332 82064  2  1 97  0  1	
 2  0      0 42689228  15080 115944    0    0   128     0 81702 82530  2  1 97  0  1	
 3  0      0 42689228  15080 115944    0    0    80     0 81743 82458  2  1 97  0  0	
 2  0      0 42689228  15080 115944    0    0    64     0 80294 81455  1  1 98  0  0	
 2  0      0 42689228  15088 115936    0    0    80    28 78475 80199  1  1 97  0  1	
procs -----------memory---------- ---swap-- -----io---- --system-- -----cpu-----
 r  b   swpd   free   buff  cache   si   so    bi    bo   in   cs us sy id wa st
 2  0      0 42689228  15088 115936    0    0    64     0 79879 81662  2  1 97  0  0	
 2  0      0 42689228  15088 115936    0    0    96     0 79700 81508  2  1 97  0  1	
 2  0      0 42689228  15088 115936    0    0    48     0 79712 81520  2  1 97  0  0	
 2  0      0 42688360  15088 115944    0    0    96     0 79147 81431  2  1 97  0  0	
 2  0      0 42688360  15088 115948    0    0    48     0 78748 81714  2  0 97  0  0	
 2  0      0 42688360  15096 115940    0    0   112    12 79407 81494  2  1 97  0  0	
 2  0      0 42688360  15096 115940    0    0   128     0 79625 81334  2  1 97  0  1	
 2  0      0 42688360  15096 115940    0    0    64     0 79459 81348  1  1 97  0  0	
 2  0      0 42688360  15096 115940    0    0    32     0 79700 81566  2  1 97  0  0	
 3  0      0 42688360  15096 115940    0    0    96     8 78621 80424  2  1 97  0  1	
 2  0      0 42688360  15104 115932    0    0    96    20 79385 81504  2  1 97  0  1	
 2  0      0 42687740  15104 115952    0    0   160     0 80298 81714  1  1 98  0  1	
 2  0      0 42687740  15104 115952    0    0   112     0 79598 81727  1  1 97  0  0	
 2  0      0 42687740  15104 115952    0    0    64     0 79732 81660  2  0 97  0  1	
 3  0      0 42687740  15104 115952    0    0    80     0 79866 81658  2  1 97  0  1	
 3  0      0 42687740  15104 115952    0    0    96     8 79592 81130  1  1 97  0  0	
 2  0      0 42687740  15112 115944    0    0    80    12 79629 81556  2  1 97  0  0	
 2  0      0 42687740  15112 115944    0    0    96     0 79509 81154  1  1 97  0  0	
 3  0      0 42687740  15112 115944    0    0    48     0 79701 81602  2  1 97  0  0	
 3  0      0 42687120  15112 115952    0    0    96     0 77707 79447  2  1 97  0  1	
 2  0      0 42687120  15112 115952    0    0    32     0 79461 81698  2  1 97  0  0	
procs -----------memory---------- ---swap-- -----io---- --system-- -----cpu-----
 r  b   swpd   free   buff  cache   si   so    bi    bo   in   cs us sy id wa st
 2  0      0 42687120  15120 115944    0    0    32    12 79787 81580  2  1 97  0  0	
 3  0      0 42687120  15120 115944    0    0   112     0 79920 81586  2  1 97  0  0	
 2  0      0 42687120  15120 115944    0    0    32     0 80871 82364  2  1 97  0  1	
 2  0      0 42687120  15120 115944    0    0    64     0 82659 83634  2  0 97  0  0	
 3  0      0 42687120  15120 115944    0    0    16     0 82495 83524  2  1 97  0  0	
 2  0      0 42687120  15120 115944    0    0    48     0 82136 82778  2  0 97  0  0	
 2  0      0 42686624  15128 115952    0    0    64    12 81774 82396  1  0 98  0  0	
 2  0      0 42686624  15128 115952    0    0    96     0 82104 83027  2  0 97  0  1	
 2  0      0 42686624  15128 115952    0    0    96     0 81698 82713  1  1 97  0  0	
 2  0      0 42686624  15128 115952    0    0   112     8 82372 83432  1  0 97  0  0	
 2  0      0 42686376  15128 115952    0    0    64     0 82243 83467  2  0 97  0  0	
 3  0      0 42686252  15136 115952    0    0   144    20 81873 83175  2  1 97  0  0	
 3  0      0 42686252  15136 115952    0    0    48     0 82158 83320  2  0 97  0  1	
 3  0      0 42686128  15136 115952    0    0    80     0 81503 83307  1  1 97  0  0	
 3  0      0 42686128  15136 115952    0    0    48     0 81978 83352  2  0 97  0  1	
 2  0      0 42686128  15136 115952    0    0    48     0 81824 83416  2  1 97  0  0	
 2  0      0 42686128  15136 115952    0    0    64     0 81224 82617  2  0 97  0  1	
 2  0      0 42685880  15144 115952    0    0    96    16 81681 83091  2  0 97  0  0	
 2  0      0 42685880  15144 115952    0    0   128     0 80922 82257  2  1 97  0  1	
 2  0      0 42685508  15144 115952    0    0    96     4 82147 83308  2  0 97  0  0	
 3  0      0 42685508  15144 115952    0    0    48     0 83045 83986  2  0 98  0  0	
procs -----------memory---------- ---swap-- -----io---- --system-- -----cpu-----
 r  b   swpd   free   buff  cache   si   so    bi    bo   in   cs us sy id wa st
 2  0      0 42685260  15144 115956    0    0   144     0 81644 83170  2  1 97  0  1	
 2  0      0 42685136  15152 115948    0    0   160    12 81359 83146  2  0 97  0  0	
 4  0      0 42685136  15152 115948    0    0   128     0 81831 83165  2  1 97  0  0	
 3  0      0 42684888  15152 115956    0    0    64     0 81875 83418  2  0 97  0  1	
 2  0      0 42684888  15152 115956    0    0   112     0 81844 83259  2  0 97  0  0	
 3  0      0 42684640  15152 115956    0    0   128     0 81657 82868  1  1 97  0  0	
 2  0      0 42684640  15152 115956    0    0    96     0 81455 83292  2  0 97  0  1	
 3  0      0 42684516  15160 115948    0    0   112    12 80082 81290  2  1 97  0  0	
 3  0      0 42684392  15160 115960    0    0    48    12 81542 83346  2  0 97  0  1	
 2  0      0 42684392  15160 115960    0    0    64     0 81647 83254  2  1 97  0  0	
 2  0      0 42684268  15160 115960    0    0    48     0 81926 83418  2  0 97  0  0	
 2  0      0 42684144  15160 115960    0    0    96     0 81673 83290  2  0 97  0  0	
 2  0      0 42684144  15168 115952    0    0    96    12 81735 83319  1  1 98  0  0	
 3  0      0 42684144  15168 115960    0    0    48     0 81188 82511  2  1 97  0  1	
 2  0      0 42684020  15168 115960    0    0    80     0 80078 81712  1  1 97  0  0	
 2  0      0 42683896  15168 115960    0    0   112     0 79716 81618  1  1 97  0  0	
 3  0      0 42683772  15168 115960    0    0    96     0 79634 81850  2  1 97  0  1	
 2  0      0 42683772  15168 115960    0    0    16     0 78873 80645  2  1 97  0  1	
 2  0      0 42683772  15176 115960    0    0    48    12 80504 82298  2  1 97  0  0	
 3  0      0 42683648  15180 115960    0    0   112     8 79500 81092  1  1 98  0  0	
 2  0      0 42683516  15180 115960    0    0    64     0 79619 80622  1  1 97  0  1	
procs -----------memory---------- ---swap-- -----io---- --system-- -----cpu-----
 r  b   swpd   free   buff  cache   si   so    bi    bo   in   cs us sy id wa st
 2  0      0 42683516  15180 115960    0    0    64     0 79745 80918  2  0 97  0  0	
 2  0      0 42683516  15180 115960    0    0   112     0 79737 80216  2  0 97  0  0	
 4  0      0 42683268  15188 115952    0    0    80    28 74979 76423  2  1 97  0  0	
 2  0      0 42683144  15188 115960    0    0    64     4 78532 78983  1  1 97  0  0	
 2  0      0 42683144  15188 115960    0    0    64     0 79543 80050  2  1 97  0  0	
 3  0      0 42683020  15188 115960    0    0    96     0 79798 80254  2  1 97  0  1	
 2  0      0 42682896  15188 115960    0    0    80     0 78936 79511  2  1 97  0  0	
 2  0      0 42682896  15188 115960    0    0    96     0 79675 80240  2  1 97  0  0	
 3  0      0 42682772  15200 115960    0    0    64    20 79890 80465  1  1 97  0  1	
 2  0      0 42682648  15200 115960    0    0    80     0 79917 80427  2  1 97  0  0	
 3  0      0 42682524  15200 115960    0    0    96     0 79858 80337  2  1 97  0  0	
 2  0      0 42682524  15200 115960    0    0    64     0 79767 80382  2  1 97  0  1	
 3  0      0 42682524  15200 115960    0    0    80     0 79738 80183  2  1 97  0  0	
 3  0      0 42682400  15208 115960    0    0    64    28 79761 80204  2  1 97  0  0	
 3  0      0 42682276  15208 115964    0    0    32     0 79233 79716  2  1 97  0  0	
 2  0      0 42682276  15208 115964    0    0    64     0 79884 80328  2  1 97  0  0	
 3  0      0 42682152  15208 115964    0    0    80     0 78358 78902  2  1 97  0  0	
 2  0      0 42682152  15208 115964    0    0    48     0 79916 80431  2  1 97  0  0	
 3  0      0 42682152  15216 115956    0    0    48    12 79867 80378  2  1 97  0  0	
 2  0      0 42681904  15216 115964    0    0    96     0 79718 80348  2  1 97  0  0	
 3  0      0 42681904  15216 115964    0    0    96     0 78925 79312  2  1 97  0  0	
procs -----------memory---------- ---swap-- -----io---- --system-- -----cpu-----
 r  b   swpd   free   buff  cache   si   so    bi    bo   in   cs us sy id wa st
 2  0      0 42681904  15216 115964    0    0    48     0 78823 78910  1  1 97  0  1	
 2  0      0 42681780  15216 115964    0    0    48     0 78664 78812  1  1 97  0  0	
 2  0      0 42681656  15216 115964    0    0    80    20 78675 78763  1  1 97  0  1	
 3  0      0 42681656  15224 115964    0    0    80    12 78365 78444  1  1 97  0  0	
 3  0      0 42681532  15224 115964    0    0    64     0 78711 78782  2  1 97  0  0	
 2  0      0 42681532  15224 115964    0    0    32     0 77851 77929  1  1 97  0  0	
 2  0      0 42681408  15224 115964    0    0    48     0 78560 78672  1  1 97  0  1	
 2  0      0 42681408  15224 115964    0    0    48     0 78696 78808  1  1 97  0  0	
 3  0      0 42681408  15232 115968    0    0    80    12 78672 78800  2  0 97  0  0	
 2  0      0 42681284  15232 115968    0    0   128     0 78671 78745  2  1 97  0  0	
 2  0      0 42681160  15232 115968    0    0    80     0 78680 78782  1  1 97  0  1	
 3  0      0 42681036  15232 115968    0    0    80     0 78715 78800  1  1 97  0  0	
 2  0      0 42681036  15232 115968    0    0    32     8 79361 79457  1  1 97  0  0	
 3  0      0 42681036  15232 115968    0    0    48     0 78886 78957  2  1 97  0  0	
 2  0      0 42681036  15240 115968    0    0    48    24 78630 78760  2  1 97  0  1	
 2  0      0 42680912  15240 115968    0    0   128     0 77768 77862  1  1 97  0  0	
 3  0      0 42680788  15240 115968    0    0    48     0 78680 78819  1  1 97  0  0	
 2  0      0 42680788  15240 115968    0    0    96     0 80192 80238  1  0 98  0  1	
 3  0      0 42680416  15240 115968    0    0    96     8 80324 80465  2  0 97  0  0	
 2  0      0 42680416  15248 115964    0    0    48    24 81156 81219  2  1 97  0  0	
 3  0      0 42680292  15248 115968    0    0    48     0 81489 81915  2  0 97  0  0	
procs -----------memory---------- ---swap-- -----io---- --system-- -----cpu-----
 r  b   swpd   free   buff  cache   si   so    bi    bo   in   cs us sy id wa st
 2  0      0 42680292  15248 115968    0    0    64     0 80832 81544  2  1 97  0  0	
 2  0      0 42680292  15248 115968    0    0    96     0 81251 81750  2  0 97  0  0	
 2  0      0 42680044  15248 115968    0    0    64     0 79795 80366  1  1 97  0  0	
 2  0      0 42680044  15248 115968    0    0    96     0 79645 80227  2  0 97  0  0	
 2  0      0 42680044  15256 115960    0    0   112    12 77816 78271  2  1 97  0  0	
 2  0      0 42680044  15256 115960    0    0    48     0 79256 79708  1  1 98  0  0	
 3  0      0 42680044  15256 115960    0    0    16     0 79287 79845  1  1 97  0  0	
 2  0      0 42680044  15256 115960    0    0    64     0 79126 79566  2  0 98  0  0	
 2  0      0 42680044  15256 115960    0    0    16     0 78993 79469  2  1 97  0  0	
 2  0      0 42680044  15264 115952    0    0    96    12 79124 79627  2  1 97  0  0	
 2  0      0 42679548  15264 115972    0    0    16     0 79034 79707  2  1 97  0  0	
 3  0      0 42679548  15264 115972    0    0    48     0 78958 79753  1  1 97  0  0	
 2  0      0 42679548  15264 115972    0    0    96    16 78625 79548  1  1 97  0  1	
 3  0      0 42679548  15264 115972    0    0    64     0 79001 80028  2  1 97  0  1	
 2  0      0 42679548  15264 115972    0    0    48     0 78735 79649  2  1 97  0  0	
 2  0      0 42679300  15272 115972    0    0    16    12 81284 81963  2  1 97  0  0	
 2  0      0 42679300  15272 115972    0    0    64     0 80805 80833  1  1 98  0  0	
 4  0      0 42679300  15272 115972    0    0    32     0 80637 80748  1  0 98  0  0	
 3  0      0 42679300  15272 115972    0    0    16     0 80848 80930  1  0 98  0  1	
 3  0      0 42679176  15272 115972    0    0    96     0 80386 80498  1  0 98  0  0	
 2  0      0 42679176  15280 115972    0    0    64    12 80391 80456  2  0 97  0  0	
procs -----------memory---------- ---swap-- -----io---- --system-- -----cpu-----
 r  b   swpd   free   buff  cache   si   so    bi    bo   in   cs us sy id wa st
 2  0      0 42679176  15280 115972    0    0    32     0 80670 80794  1  0 98  0  0	
 2  0      0 42679176  15280 115972    0    0    48     8 80313 80392  1  0 97  0  1	
 2  0      0 42679176  15280 115972    0    0    64     0 80536 80587  1  1 98  0  0	
 2  0      0 42679176  15280 115972    0    0   112     0 79499 79579  2  1 97  0  0	
 2  0      0 42679176  15280 115972    0    0   176     0 80236 80316  1  0 98  0  1	
 2  0      0 42678928  15288 115972    0    0    96    24 80303 80421  2  0 97  0  0	
 2  0      0 42678804  15288 115972    0    0   144     0 80325 80412  2  1 97  0  0	
 3  0      0 42678804  15288 115972    0    0    32     0 79649 79719  1  1 97  0  0	
 2  0      0 42678680  15288 115972    0    0   112     0 80384 80480  2  1 97  0  1	
 3  0      0 42678680  15288 115972    0    0    48     0 80180 80245  2  1 97  0  0	
 2  0      0 42678556  15296 115968    0    0    64    12 80488 80553  2  0 97  0  0	
 2  0      0 42678556  15296 115968    0    0    32     8 80927 80974  2  0 97  0  1	
 3  0      0 42678432  15296 115976    0    0    80     0 80487 80623  1  0 98  0  0	
 2  0      0 42678308  15296 115976    0    0    64     0 79326 79423  2  1 97  0  0	
 2  0      0 42678308  15296 115976    0    0    96     0 80572 80647  2  0 97  0  1	
 2  0      0 42678184  15296 115976    0    0    64     0 80510 80589  2  0 97  0  0	
 2  0      0 42678184  15304 115976    0    0   112    24 80528 80612  2  1 97  0  0	
 3  0      0 42677936  15304 115976    0    0   112     0 80465 80543  1  0 98  0  1	
 3  0      0 42677936  15304 115976    0    0    80     0 80665 80706  1  0 98  0  0	
 2  0      0 42677812  15304 115980    0    0   128     0 80184 80282  1  1 97  0  1	
 3  0      0 42677812  15304 115980    0    0    16     0 80408 80518  2  0 97  0  0	
procs -----------memory---------- ---swap-- -----io---- --system-- -----cpu-----
 r  b   swpd   free   buff  cache   si   so    bi    bo   in   cs us sy id wa st
 3  0      0 42677812  15312 115972    0    0    32    16 80230 80338  1  1 98  0  0	
 2  0      0 42677812  15312 115972    0    0    64     0 80450 80508  2  0 97  0  1	
 2  0      0 42677564  15312 115980    0    0    32     0 79137 79232  2  1 97  0  0	
 2  0      0 42677564  15312 115980    0    0    16     0 79800 79887  1  0 98  0  1	
 2  0      0 42677440  15312 115980    0    0    48     0 80543 80612  2  0 97  0  0	
 3  0      0 42677440  15312 115980    0    0    96     0 80026 80096  1  0 98  0  1	
 3  0      0 42677192  15320 115980    0    0   128    36 80287 80301  2  0 97  0  0	
 3  0      0 42677068  15320 115980    0    0   128     0 80281 80387  1  0 98  0  0	
 2  0      0 42677068  15320 115980    0    0    96     0 80490 80547  2  0 97  0  0	
 2  0      0 42677068  15320 115980    0    0    32     0 80234 80284  2  1 97  0  0	
 2  0      0 42677068  15320 115980    0    0    48     0 79287 79296  1  0 97  0  1	
 2  0      0 42676820  15328 115980    0    0    64    32 79376 79426  2  0 97  0  0	
 2  0      0 42676820  15328 115980    0    0    16     0 79321 79330  2  1 97  0  0	
 3  0      0 42676820  15328 115980    0    0    80     0 80501 80532  2  0 98  0  1	
 3  0      0 42676820  15328 115980    0    0   144     0 80779 80874  2  0 97  0  0	
 2  0      0 42676820  15328 115980    0    0    32     0 80830 80924  1  0 98  0  1	
 3  0      0 42676696  15328 115980    0    0    32     0 80982 81073  1  1 98  0  0	
 3  0      0 42676696  15336 115972    0    0    80    12 80989 81048  2  0 97  0  1	
 2  0      0 42676696  15336 115972    0    0    64     0 80611 80708  2  0 97  0  0	
 3  0      0 42676696  15336 115972    0    0    32     0 80748 80810  2  1 97  0  1	
 2  0      0 42676696  15336 115972    0    0    64     0 80157 80232  1  1 98  0  0	
procs -----------memory---------- ---swap-- -----io---- --system-- -----cpu-----
 r  b   swpd   free   buff  cache   si   so    bi    bo   in   cs us sy id wa st
 2  0      0 42676696  15336 115972    0    0    16     4 80529 80641  2  0 98  0  0	
 2  0      0 42676696  15344 115964    0    0    96    12 79431 79469  2  1 97  0  0	
 2  0      0 42676696  15344 115964    0    0    96     0 80528 80575  1  0 98  0  1	
 2  0      0 42675952  15344 115980    0    0    96     0 80375 80447  2  0 98  0  0	
 2  0      0 42675952  15344 115980    0    0    32     0 80737 80790  1  0 98  0  0	
 3  0      0 42675952  15344 115980    0    0   112     0 80333 80442  1  0 98  0  0	
 2  0      0 42675952  15344 115980    0    0    48     0 80643 80705  2  0 98  0  1	
 2  0      0 42675952  15352 115980    0    0    80    12 79915 79957  2  1 97  0  0	
 2  0      0 42675952  15352 115980    0    0    80     0 80420 80499  1  1 97  0  0	
 3  0      0 42675952  15352 115980    0    0   128     0 80358 80441  2  0 97  0  1	
 4  0      0 42675952  15352 115980    0    0    32     4 80600 80663  2  1 97  0  0	
 3  0      0 42675332  15352 115984    0    0    48     0 79298 79365  2  1 97  0  1	
 2  0      0 42675332  15360 115988    0    0    80    12 80712 80960  2  0 97  0  1	
 3  0      0 42675332  15360 115988    0    0    96     0 81069 81553  1  0 98  0  0	
 2  0      0 42675332  15360 115988    0    0    80     0 81870 82658  2  0 97  0  0	
 3  0      0 42675332  15360 115988    0    0   128     0 81829 82629  2  1 97  0  1	
 2  0      0 42675332  15360 115988    0    0    16     0 82028 82668  2  0 97  0  0	
 2  0      0 42675332  15360 115988    0    0    48     0 82005 82752  2  1 97  0  1	
 2  0      0 42675332  15368 115980    0    0    32    12 82056 82794  2  0 97  0  0	
 3  0      0 42674836  15368 115988    0    0    48     0 81681 82540  2  1 97  0  0	
 2  0      0 42674836  15368 115988    0    0    48     0 81815 82637  2  1 97  0  0	
procs -----------memory---------- ---swap-- -----io---- --system-- -----cpu-----
 r  b   swpd   free   buff  cache   si   so    bi    bo   in   cs us sy id wa st
 2  0      0 42674836  15368 115988    0    0    96     8 80493 81090  2  1 97  0  0	
 4  0      0 42674836  15368 115988    0    0    48     0 81723 82533  2  1 97  0  1	
 2  0      0 42674836  15376 115980    0    0    16    24 82146 82868  2  0 97  0  0	
 2  0      0 42674836  15376 115980    0    0    32     0 82040 82792  2  1 97  0  0	
 2  0      0 42674836  15376 115980    0    0    64     0 81976 82688  2  1 97  0  0	
 2  0      0 42674836  15376 115980    0    0    64     0 81999 82754  2  0 97  0  0	
 2  0      0 42674340  15376 115988    0    0    96     0 81373 81833  2  1 97  0  0	
 2  0      0 42674340  15376 115988    0    0    96     0 79657 79907  2  0 97  0  0	
 3  0      0 42674216  15384 115988    0    0    64    12 78740 78886  1  1 97  0  0	
 3  0      0 42674216  15384 115988    0    0    64     0 79413 79646  1  1 98  0  0	
 2  0      0 42674216  15384 115988    0    0    16     8 78964 79153  1  1 97  0  1	
 3  0      0 42674216  15384 115988    0    0    64     0 79607 79780  1  1 97  0  0	
 2  0      0 42674216  15384 115988    0    0    64     0 79527 79678  2  1 97  0  1	
 2  0      0 42674216  15392 115980    0    0    48    24 79588 79774  2  1 97  0  0	
 2  0      0 42673968  15392 115988    0    0    64     0 79479 80269  1  0 97  0  0	
 2  0      0 42673844  15392 115988    0    0    64     0 79748 80761  2  1 97  0  0	
 2  0      0 42673844  15392 115988    0    0    48     0 79056 79630  2  1 97  0  0	
 2  0      0 42673844  15392 115988    0    0    16     0 79030 79658  2  1 97  0  1	
 2  0      0 42673844  15392 115988    0    0    48     0 78619 79154  2  0 97  0  0	
 2  0      0 42673844  15400 115980    0    0    48    12 79239 79770  2  0 97  0  0	
 2  0      0 42673844  15400 115980    0    0    48     0 78512 79064  1  0 98  0  0	
procs -----------memory---------- ---swap-- -----io---- --system-- -----cpu-----
 r  b   swpd   free   buff  cache   si   so    bi    bo   in   cs us sy id wa st
 3  0      0 42673844  15400 115980    0    0    32     0 79415 79890  3  1 96  0  0	
 2  0      0 42673596  15400 115988    0    0    32     0 79266 79986  1  1 97  0  0	
 2  0      0 42673596  15400 115988    0    0    48     0 80856 81453  2  0 97  0  0	
 2  0      0 42673596  15408 115988    0    0    32    12 82103 82698  2  1 97  0  0	
 2  0      0 42673596  15408 115988    0    0   160     0 80820 81716  2  0 98  0  0	
 2  0      0 42673596  15408 115988    0    0    32     0 81100 81880  2  0 97  0  0	
 2  0      0 42673596  15408 115988    0    0    48     0 81325 82266  1  1 97  0  1	
 2  0      0 42673596  15408 115988    0    0    64     0 81006 81799  2  0 97  0  0	
 2  0      0 42673596  15408 115988    0    0    96     0 81162 82093  2  1 97  0  0	
 3  0      0 42673100  15416 115992    0    0    96    12 80843 81837  1  1 97  0  0	
 3  0      0 42673100  15416 115992    0    0    48     0 81351 82245  2  1 97  0  0	
 3  0      0 42673100  15416 115992    0    0    32     0 81318 82224  2  1 97  0  0	
 2  0      0 42673100  15416 115992    0    0     0     0 81402 82290  1  0 98  0  0	
 3  0      0 42673100  15416 115992    0    0    64     0 80966 81800  2  0 97  0  1	
 3  0      0 42673100  15424 115984    0    0    32    40 81363 82275  2  0 97  0  0	
 4  0      0 42673100  15424 115984    0    0    64     0 81239 82160  1  0 98  0  1	
 2  0      0 42673100  15424 115984    0    0    64     0 81011 81923  2  0 97  0  0	
 2  0      0 42672728  15424 115996    0    0    64     0 79632 80536  2  1 97  0  1	
 2  0      0 42672728  15424 115996    0    0    64     0 81179 82217  2  0 97  0  0	
 2  0      0 42672728  15432 115988    0    0    16    20 80530 81924  1  1 98  0  0	
 3  0      0 42672728  15432 115988    0    0    64     0 81198 82061  2  0 97  0  1	
procs -----------memory---------- ---swap-- -----io---- --system-- -----cpu-----
 r  b   swpd   free   buff  cache   si   so    bi    bo   in   cs us sy id wa st
 2  0      0 42672728  15432 115988    0    0   160     0 81097 81917  1  1 97  0  0	
 2  0      0 42672728  15432 115988    0    0    48     0 81388 82203  1  0 98  0  0	
 2  0      0 42672728  15432 115988    0    0    96     0 81275 82154  2  0 97  0  0	
 3  0      0 42672728  15432 115988    0    0    48     0 80887 81900  1  0 98  0  0	
 3  0      0 42671860  15440 116000    0    0    32    28 80690 81423  1  1 97  0  0	
 3  0      0 42671860  15440 116000    0    0    64     0 79777 81312  1  1 98  0  0	
 2  0      0 42671860  15440 116000    0    0    48     0 79283 80902  1  1 97  0  0	
 2  0      0 42671736  15440 116000    0    0    32     0 78875 80777  1  1 98  0  0	
 2  0      0 42671736  15440 116000    0    0    32     0 76782 78507  1  1 97  0  1	
 2  0      0 42671736  15448 115992    0    0    64    24 79311 81067  2  1 97  0  1	
 2  0      0 42671612  15448 115992    0    0    48     0 81159 81624  2  1 97  0  0	
 2  0      0 42671612  15448 115992    0    0    32     0 81694 82085  2  1 97  0  1	
 2  0      0 42671488  15448 116000    0    0    80     0 80925 81396  2  1 97  0  0	
 2  0      0 42671488  15448 116000    0    0    64     0 79674 80241  2  1 97  0  0	
 2  0      0 42671488  15456 116000    0    0    48    20 78771 79507  1  1 97  0  0	
 2  0      0 42671488  15456 116000    0    0    48     0 78926 79535  2  1 97  0  0	
 2  0      0 42671488  15456 116000    0    0    48     0 78716 79340  2  1 97  0  0	
 2  0      0 42671488  15456 116000    0    0   128     0 78903 79489  1  1 98  0  0	
 2  0      0 42671488  15456 116000    0    0    96     0 77956 78584  1  1 97  0  1	
 2  0      0 42671488  15456 116000    0    0    64     0 80276 80712  2  1 97  0  0	
 2  0      0 42670992  15464 116004    0    0    48    12 80949 81397  2  1 97  0  1	
procs -----------memory---------- ---swap-- -----io---- --system-- -----cpu-----
 r  b   swpd   free   buff  cache   si   so    bi    bo   in   cs us sy id wa st
 3  0      0 42670992  15464 116004    0    0    64     0 80800 81229  2  1 97  0  0	
 2  0      0 42670992  15464 116004    0    0    80     0 80757 81204  2  0 97  0  0	
 2  0      0 42670992  15464 116004    0    0    32     0 80875 81248  1  1 97  0  0	
 2  0      0 42670992  15464 116004    0    0    48    24 80833 81206  1  1 98  0  0	
 2  0      0 42670992  15472 115996    0    0    48    24 80712 81064  2  1 97  0  0	
 3  0      0 42670992  15472 115996    0    0    64     0 80486 80857  2  0 97  0  1	
 2  0      0 42670992  15472 115996    0    0    64     0 80618 80976  2  0 97  0  1	
 3  0      0 42670372  15472 116004    0    0    32     0 80183 80626  2  1 97  0  0	
 3  0      0 42670372  15472 116004    0    0    64    12 80769 81254  2  0 97  0  0	
 3  0      0 42670372  15472 116004    0    0    32     0 80881 81295  2  0 97  0  1	
 3  0      0 42670372  15480 116004    0    0    32    28 80830 81220  2  1 97  0  0	
 2  0      0 42670372  15480 116004    0    0    32     0 80730 81146  2  0 97  0  0	
 2  0      0 42670372  15480 116004    0    0    48     0 80832 81216  2  0 97  0  1	
 3  0      0 42670372  15480 116004    0    0    16     0 80684 81091  2  1 97  0  1	
 2  0      0 42670372  15480 116004    0    0    16     0 80773 81206  2  0 97  0  0	
 3  0      0 42670124  15488 116000    0    0    48    16 80486 81093  2  1 97  0  0	
 2  0      0 42670124  15488 116000    0    0    64     0 81103 81730  2  0 97  0  0	
 3  0      0 42670124  15488 116000    0    0    32     0 79605 80083  2  1 97  0  0	
 2  0      0 42670124  15488 116000    0    0    16     8 80994 81565  1  1 98  0  0	
 3  0      0 42670124  15488 116000    0    0    32     0 81222 81566  2  0 97  0  0	
 2  0      0 42670124  15488 116000    0    0    64     0 81526 82069  1  0 98  0  0	
procs -----------memory---------- ---swap-- -----io---- --system-- -----cpu-----
 r  b   swpd   free   buff  cache   si   so    bi    bo   in   cs us sy id wa st
 2  0      0 42670124  15496 115992    0    0    16    24 81885 82570  2  0 97  0  1	
 3  0      0 42670124  15496 115992    0    0    48     0 81807 82686  2  0 98  0  0	
 2  0      0 42669876  15496 116008    0    0    16     0 81373 82429  2  0 97  0  0	
 2  0      0 42669752  15496 116008    0    0    64     0 80025 80303  1  0 97  0  1	
 2  0      0 42669752  15496 116008    0    0    16     0 80414 80528  3  0 97  0  0	
 2  0      0 42669752  15504 116008    0    0    48    12 81173 81370  1  0 98  0  1	
 3  0      0 42669752  15504 116008    0    0    48     0 80501 80624  2  0 97  0  0	
 3  0      0 42669752  15504 116008    0    0    96     0 81341 81439  2  1 97  0  1	
 2  0      0 42669752  15504 116008    0    0    96     0 81146 81301  1  0 98  0  1	
 2  0      0 42669752  15504 116008    0    0    96     0 80973 81097  2  1 97  0  0	
 3  0      0 42669256  15504 116012    0    0   144     0 80825 80952  2  1 97  0  0	
 3  0      0 42669132  15512 116004    0    0    48    12 81409 81509  3  0 96  0  0	
 2  0      0 42669132  15512 116004    0    0    48     0 80779 80921  2  0 97  0  1	
 2  0      0 42669132  15512 116004    0    0    64     8 81206 81399  1  0 98  0  0	
 3  0      0 42669132  15512 116004    0    0    48     0 80860 80994  2  1 97  0  0	
 3  0      0 42669132  15512 116004    0    0    96     0 81220 81361  2  1 97  0  0	
 3  0      0 42669132  15520 115996    0    0   112    24 80295 80460  2  1 97  0  1	
 3  0      0 42669132  15520 115996    0    0    64     0 81017 81226  1  0 99  0  0	
 2  0      0 42668760  15520 116012    0    0    32    32 81369 81560  1  1 98  0  1	
 2  0      0 42668760  15520 116012    0    0    64     0 81264 81375  2  1 97  0  0	
 3  0      0 42668760  15520 116012    0    0    80     0 81414 81476  3  0 96  0  1	
procs -----------memory---------- ---swap-- -----io---- --system-- -----cpu-----
 r  b   swpd   free   buff  cache   si   so    bi    bo   in   cs us sy id wa st
 2  1      0 42668760  15524 116008    0    0    64     8 81031 81210  1  0 98  0  1	
 2  0      0 42668760  15528 116004    0    0    96     4 81108 81246  2  0 97  0  0	
 3  0      0 42668760  15528 116004    0    0    64     0 81205 81378  2  1 97  0  1	
 3  0      0 42668760  15528 116004    0    0    64     0 81290 81415  2  1 97  0  0	
 3  0      0 42668760  15528 116004    0    0    64     0 81317 81498  2  0 98  0  0	
 2  0      0 42668140  15528 116012    0    0    48     0 79349 79499  2  1 97  0  1	
 2  0      0 42668140  15536 116012    0    0    16    12 81381 81574  2  1 97  0  0	
 3  0      0 42668140  15536 116012    0    0    32     8 81169 81302  1  1 97  0  1	
 3  0      0 42668140  15536 116012    0    0    16     0 81080 81265  1  1 97  0  1	
 2  0      0 42668140  15536 116012    0    0    48     0 81267 81433  1  0 98  0  0	
 2  0      0 42668140  15536 116012    0    0    32     0 81139 81281  2  0 97  0  0	
 2  0      0 42668140  15544 116004    0    0    80    12 81123 81276  2  1 97  0  0	
 2  0      0 42668140  15544 116004    0    0    48     0 81333 81464  2  1 97  0  1	
 2  0      0 42667768  15544 116012    0    0    32     0 81184 81290  2  0 97  0  0	
 3  0      0 42667768  15544 116012    0    0    32     0 81389 81535  2  0 97  0  1	
 4  0      0 42667768  15544 116012    0    0    16     0 79769 79878  2  1 97  0  1	
 2  0      0 42667768  15544 116012    0    0   128     0 80353 80522  1  0 98  0  1	
 2  0      0 42667768  15552 116004    0    0    48    12 81306 81423  2  0 97  0  0	
 2  0      0 42667768  15552 116004    0    0   112     0 81209 81330  2  0 97  0  0	
 2  0      0 42667768  15552 116004    0    0     0     0 81683 81813  2  0 97  0  0	
 2  0      0 42667768  15552 116004    0    0    80     0 81352 81517  2  0 97  0  0	
procs -----------memory---------- ---swap-- -----io---- --system-- -----cpu-----
 r  b   swpd   free   buff  cache   si   so    bi    bo   in   cs us sy id wa st
 2  0      0 42667396  15552 116020    0    0    80     0 81126 81316  1  1 97  0  1	
 2  0      0 42667272  15560 116020    0    0    96    20 81050 81208  1  1 98  0  0	
 3  0      0 42667272  15560 116020    0    0    32     0 80134 80244  1  1 98  0  0	
 2  0      0 42667148  15560 116020    0    0    16     0 80451 80545  2  0 97  0  0	
 2  0      0 42667148  15560 116020    0    0    64     0 79784 79938  1  1 98  0  0	
 2  0      0 42667148  15560 116020    0    0    96     0 81046 81165  2  0 97  0  0	
 3  0      0 42667148  15560 116020    0    0    32     0 81135 81307  2  1 97  0  1	
 2  0      0 42667148  15568 116012    0    0    80    24 81096 81202  3  1 96  0  0	
 2  0      0 42666900  15568 116020    0    0    48     0 81376 81532  2  0 97  0  0	
 2  0      0 42666900  15568 116020    0    0    48     0 81232 81390  1  1 97  0  1	
 4  0      0 42666900  15568 116020    0    0    48     0 80956 81116  2  0 97  0  0	
 2  0      0 42666900  15568 116020    0    0    32     0 81299 81475  1  0 98  0  0	
 2  0      0 42666776  15576 116012    0    0    32    12 80956 81143  1  0 98  0  0	
 2  0      0 42666652  15576 116012    0    0    32     0 81428 81566  2  0 97  0  1	
 3  0      0 42666652  15576 116012    0    0    64     0 79839 79986  2  1 97  0  0	
 3  0      0 42666652  15576 116012    0    0    80     0 81276 81386  2  0 97  0  0	
 4  0      0 42666528  15576 116020    0    0    48     0 81392 81497  2  0 97  0  0	
 3  0      0 42666404  15576 116020    0    0    80    20 81504 82021  2  1 97  0  0	
 2  0      0 42666404  15584 116020    0    0    64    24 81095 81645  2  1 97  0  1	
 3  0      0 42666404  15584 116020    0    0    16     0 79781 80969  1  1 97  0  0	
 2  0      0 42666404  15584 116020    0    0    32     0 81010 81730  2  0 97  0  0	
procs -----------memory---------- ---swap-- -----io---- --system-- -----cpu-----
 r  b   swpd   free   buff  cache   si   so    bi    bo   in   cs us sy id wa st
 3  0      0 42666404  15584 116020    0    0     0     0 81494 82235  1  0 98  0  0	
 2  0      0 42666404  15584 116020    0    0    48     0 81856 82682  2  1 97  0  0	
 3  0      0 42666404  15592 116012    0    0     0    12 82430 83395  2  0 97  0  0	
 2  0      0 42666156  15592 116020    0    0    16     0 81253 82101  2  1 97  0  0	
 2  0      0 42666156  15592 116020    0    0    48     0 82359 83317  2  1 97  0  1	
 2  0      0 42666156  15592 116020    0    0    64     0 82301 83236  2  0 97  0  0	
 3  0      0 42666156  15592 116020    0    0    64     0 82282 83269  2  1 97  0  0	
 2  0      0 42666156  15592 116020    0    0    64     0 82204 83219  2  1 97  0  0	
 3  0      0 42666156  15600 116012    0    0    80    12 82388 83268  2  0 97  0  0	
 4  0      0 42666156  15600 116012    0    0    16     0 81606 82900  2  0 97  0  0	
 2  0      0 42666156  15600 116012    0    0    64     0 82255 83288  2  1 97  0  0	
 2  0      0 42665784  15600 116024    0    0    48     0 81804 83009  1  0 98  0  1	
 2  0      0 42665784  15600 116024    0    0    32     0 82157 83439  2  0 97  0  0	
 2  0      0 42665784  15608 116024    0    0    64    12 81632 82590  2  0 97  0  1	
 3  0      0 42665784  15608 116024    0    0    16     0 82272 83295  2  1 97  0  0	
 2  0      0 42665784  15608 116024    0    0    32     0 82402 83384  2  0 97  0  0	
 2  0      0 42665784  15608 116024    0    0    48     8 82470 83332  2  1 97  0  0	
 3  0      0 42665784  15608 116024    0    0     0     0 82087 83112  2  1 97  0  0	
 3  0      0 42665784  15608 116024    0    0     0     0 82554 83492  2  0 97  0  0	
 2  0      0 42665660  15616 116028    0    0    32    24 80413 81912  2  1 97  0  0	
 3  0      0 42665660  15616 116028    0    0    48     0 79980 81508  1  1 97  0  1	
procs -----------memory---------- ---swap-- -----io---- --system-- -----cpu-----
 r  b   swpd   free   buff  cache   si   so    bi    bo   in   cs us sy id wa st
 3  0      0 42665660  15616 116028    0    0   112     0 79612 81371  2  1 97  0  0	
 2  0      0 42665660  15616 116028    0    0    48     0 79530 81465  2  1 97  0  0	
 2  0      0 42665660  15616 116028    0    0   112     0 78006 79723  2  1 97  0  1	
 2  0      0 42665660  15624 116020    0    0    16    12 79696 81552  2  1 97  0  0	
 3  0      0 42665660  15624 116020    0    0     0     0 79741 81390  1  1 97  0  0	
 2  0      0 42665660  15624 116020    0    0    64     0 78574 79144  1  1 97  0  0	
 2  0      0 42665164  15624 116028    0    0    48     0 79013 79841  2  1 97  0  0	
 2  0      0 42665164  15624 116028    0    0    16     0 80426 81141  1  1 97  0  1	
 2  0      0 42665164  15624 116028    0    0    64     0 81447 81782  2  1 97  0  0	
 2  0      0 42665040  15632 116028    0    0    48    12 81266 81592  2  0 97  0  0	
 2  0      0 42665040  15632 116028    0    0    32     0 80877 81184  2  1 97  0  0	
 2  0      0 42665040  15632 116028    0    0    16    12 81321 81610  2  1 97  0  0	
 2  0      0 42665040  15632 116028    0    0    48     0 79927 80261  2  1 97  0  1	
 3  0      0 42665040  15632 116028    0    0    16     0 81241 81572  2  1 97  0  0	
 2  0      0 42664668  15640 116028    0    0    48    24 81123 81598  2  0 97  0  0	
 2  0      0 42664668  15640 116028    0    0    80     0 81174 81518  2  1 97  0  0	
 2  0      0 42664668  15640 116028    0    0    16     0 81219 81533  1  0 98  0  0	
 2  0      0 42664668  15640 116028    0    0    64     0 81084 81394  2  1 97  0  1	
 2  0      0 42664668  15640 116028    0    0    80     0 80897 81333  2  0 97  0  0	
 3  0      0 42664668  15640 116028    0    0    80     0 81127 81413  2  1 97  0  0	
 2  0      0 42664668  15648 116020    0    0    32    12 80927 81331  1  0 98  0  0	
procs -----------memory---------- ---swap-- -----io---- --system-- -----cpu-----
 r  b   swpd   free   buff  cache   si   so    bi    bo   in   cs us sy id wa st
 3  0      0 42664668  15648 116020    0    0   112     0 80883 81222  2  1 97  0  1	
 3  0      0 42664172  15648 116028    0    0    32     0 80365 80751  2  1 97  0  0	
 3  0      0 42664172  15648 116028    0    0    48     0 81081 81459  2  0 97  0  0	
 2  0      0 42664172  15648 116028    0    0    48     0 81152 81520  2  1 97  0  0	
 2  0      0 42664172  15656 116028    0    0     0    16 81211 81531  2  1 97  0  1	
 2  0      0 42664172  15656 116028    0    0    16     8 81257 81651  2  0 98  0  0	
 2  0      0 42664172  15656 116028    0    0    64     0 81208 81565  2  1 97  0  0	
 2  0      0 42664172  15656 116028    0    0    16     0 81069 81469  2  0 98  0  0	
 2  0      0 42664172  15656 116028    0    0     0     0 81086 81429  2  1 97  0  0	
 2  0      0 42664048  15656 116032    0    0    16     0 75223 75370  2  1 97  0  1	
 2  0      0 42664048  15664 116032    0    0    48    24 76771 76914  1  1 97  0  0	
 2  0      0 42664048  15664 116032    0    0   128     0 79657 79914  2  0 97  0  1	
 2  0      0 42664048  15664 116032    0    0    48     0 81123 81454  2  0 97  0  0	
 2  0      0 42664048  15664 116032    0    0    48     0 81151 81481  2  0 97  0  0	
 2  0      0 42664048  15664 116032    0    0     0     0 81305 81609  2  1 97  0  0	
 3  0      0 42664048  15672 116024    0    0     0    12 81145 81528  2  0 97  0  0	
 3  0      0 42664048  15672 116024    0    0    48     0 81117 81436  2  0 97  0  1	
 2  0      0 42663676  15672 116032    0    0    64     0 80998 81470  2  1 97  0  0	
 2  0      0 42663676  15672 116032    0    0    32     0 81028 81432  2  1 97  0  0	
 2  0      0 42663676  15672 116032    0    0    16     0 80662 80952  2  1 97  0  1	
 2  0      0 42663552  15672 116032    0    0    32     0 81033 81349  2  1 97  0  0	
procs -----------memory---------- ---swap-- -----io---- --system-- -----cpu-----
 r  b   swpd   free   buff  cache   si   so    bi    bo   in   cs us sy id wa st
 2  0      0 42663552  15680 116024    0    0    64    12 80857 81171  1  1 97  0  0	
 2  0      0 42663552  15680 116024    0    0    32     0 81155 81825  2  1 97  0  0	
 2  0      0 42663428  15680 116036    0    0    64     0 81314 82096  2  0 97  0  0	
 2  0      0 42663304  15680 116036    0    0    64     0 80899 81904  2  1 97  0  0	
 2  0      0 42663304  15680 116036    0    0    80    20 80960 81878  2  1 97  0  0	
 3  0      0 42663304  15688 116036    0    0    80    24 80955 81719  1  1 97  0  0	
 4  0      0 42663304  15688 116036    0    0    80     0 81109 81832  2  0 97  0  1	
 3  0      0 42662932  15688 116036    0    0    96     0 81238 81935  2  1 97  0  0	
 3  0      0 42662932  15688 116036    0    0    64     0 81003 81509  2  1 97  0  1	
 2  0      0 42662932  15688 116036    0    0    32     0 80729 80924  1  1 98  0  0	
 2  0      0 42662932  15688 116036    0    0    48     0 80204 80340  1  1 97  0  0	
 3  0      0 42662932  15696 116028    0    0    32    12 80717 80961  2  1 97  0  0	
 2  0      0 42662808  15696 116036    0    0    32     0 81472 82295  2  1 97  0  0	
 2  0      0 42662808  15696 116036    0    0    48     0 81471 82358  2  1 97  0  0	
 2  0      0 42662808  15696 116036    0    0    64     0 81595 82375  2  0 97  0  0	
 2  0      0 42662808  15696 116036    0    0    80     8 81475 82342  2  1 97  0  0	
 2  0      0 42662808  15704 116028    0    0    48    12 81876 82531  2  0 97  0  0	
 2  0      0 42662436  15704 116040    0    0    96     0 81610 82405  2  1 97  0  0	
 3  0      0 42662312  15704 116040    0    0    96     0 81023 81987  2  0 97  0  0	
 3  0      0 42662312  15704 116040    0    0    48     0 81493 82314  3  0 96  0  1	
 2  0      0 42662312  15704 116040    0    0    48     0 80093 80876  2  1 97  0  0	
procs -----------memory---------- ---swap-- -----io---- --system-- -----cpu-----
 r  b   swpd   free   buff  cache   si   so    bi    bo   in   cs us sy id wa st
 2  1      0 42662312  15704 116040    0    0    80     8 81524 82380  2  0 98  0  0	
 2  0      0 42662188  15712 116040    0    0    16     4 81634 82427  2  0 97  0  0	
 2  0      0 42662188  15712 116040    0    0    16     0 81440 82414  2  0 97  0  0	
 2  0      0 42662188  15712 116040    0    0    16     0 81438 82284  2  0 97  0  0	
 2  0      0 42662188  15712 116040    0    0    32     0 81660 82384  2  0 97  0  1	
 2  0      0 42662188  15712 116040    0    0    32     0 81596 82334  2  1 97  0  0	
 2  0      0 42662064  15720 116040    0    0    16    12 81623 82482  2  1 97  0  0	
 2  0      0 42662064  15720 116040    0    0    16     0 80959 82010  1  1 98  0  0	
 2  0      0 42662064  15720 116040    0    0    48     0 81575 82470  2  0 97  0  0	
 3  0      0 42662064  15720 116040    0    0    48     0 80986 81680  2  0 97  0  0	
 2  0      0 42662064  15720 116040    0    0    64     0 81494 82265  2  1 97  0  0	
 3  0      0 42661816  15728 116040    0    0    80    12 81155 81932  2  1 97  0  0	
 2  0      0 42661816  15728 116040    0    0    64     0 79583 80320  2  1 97  0  0	
 2  0      0 42661816  15728 116040    0    0    80     0 78511 79155  2  1 97  0  0	
 2  0      0 42661816  15728 116040    0    0    48     4 79045 79688  2  1 97  0  0	
 2  0      0 42661568  15728 116040    0    0    64     0 78144 79927  2  1 97  0  0	
 3  0      0 42661568  15728 116040    0    0    32     0 77642 77781  1  1 97  0  0	
 3  0      0 42661568  15736 116040    0    0   112    12 77310 77417  2  1 97  0  0	
 2  0      0 42661568  15736 116040    0    0    48     0 77639 77693  2  1 97  0  0	
 2  0      0 42661568  15736 116040    0    0    16    12 77285 77330  1  1 97  0  0	
 2  0      0 42661568  15736 116040    0    0    64     0 77606 77654  2  1 97  0  0	
procs -----------memory---------- ---swap-- -----io---- --system-- -----cpu-----
 r  b   swpd   free   buff  cache   si   so    bi    bo   in   cs us sy id wa st
 2  0      0 42661320  15736 116040    0    0    32     0 77358 77444  1  1 97  0  0	
 2  0      0 42661320  15744 116036    0    0    16    12 77470 77602  2  1 97  0  0	
 2  0      0 42661196  15744 116044    0    0    48     0 77552 77652  2  1 97  0  0	
 3  0      0 42661196  15744 116044    0    0    16     8 77528 77621  1  1 97  0  0	
 3  0      0 42661196  15744 116044    0    0    48     0 77207 77280  2  1 97  0  0	
 2  0      0 42661072  15744 116044    0    0    64     0 77444 77569  2  1 97  0  0	
 2  0      0 42661072  15744 116044    0    0    32     0 77327 77454  2  1 97  0  0	
 3  0      0 42661072  15752 116036    0    0    64    24 78696 79483  1  1 97  0  0	
 2  0      0 42661072  15752 116044    0    0     0     0 77333 78565  1  1 97  0  1	
 2  0      0 42660948  15752 116044    0    0    48     0 78225 80622  1  1 97  0  0	
 2  0      0 42660948  15752 116048    0    0    16     0 79061 80616  1  1 97  0  0	
 2  0      0 42660948  15752 116048    0    0    32     0 78954 80573  1  1 97  0  0	
 2  0      0 42660948  15760 116048    0    0   144    12 78656 80337  2  1 97  0  0	
 2  0      0 42660948  15760 116048    0    0    64     0 78863 80545  2  0 97  0  0	
 2  0      0 42660948  15760 116048    0    0    16     0 78987 80427  1  1 97  0  0	
 2  0      0 42660948  15760 116048    0    0    32     0 79028 80448  1  1 97  0  0	
 2  0      0 42660948  15760 116048    0    0    48     0 78815 80312  1  1 97  0  0	
 2  0      0 42660948  15760 116048    0    0    80     0 78213 79748  2  1 97  0  0	
 2  0      0 42660576  15768 116048    0    0    48    12 77498 79384  1  1 97  0  1	
 2  0      0 42660452  15768 116048    0    0    80     0 77968 80584  2  1 97  0  0	
 2  0      0 42660452  15768 116048    0    0    48     0 78678 80434  1  1 98  0  0	
procs -----------memory---------- ---swap-- -----io---- --system-- -----cpu-----
 r  b   swpd   free   buff  cache   si   so    bi    bo   in   cs us sy id wa st
 2  0      0 42660452  15768 116048    0    0    48     0 79038 80591  1  1 97  0  1	
 3  0      0 42660452  15768 116048    0    0    48     0 78652 80243  1  1 97  0  0	
 2  0      0 42660452  15776 116040    0    0    96    12 78836 80302  1  1 98  0  0	
 3  0      0 42660452  15776 116040    0    0    32     8 78646 80132  1  1 97  0  0	
 3  0      0 42660452  15776 116040    0    0    96     0 78791 80352  1  1 98  0  0	
 2  0      0 42659956  15776 116048    0    0    32     0 78030 80297  2  1 97  0  1	
 2  0      0 42659956  15776 116048    0    0    64     0 78089 80572  2  1 97  0  0	
 2  0      0 42659956  15776 116048    0    0    64     0 77272 77920  2  1 97  0  1	
 2  0      0 42659956  15784 116048    0    0    64    24 78849 79716  1  1 97  0  0	
 2  0      0 42659584  15784 116048    0    0    32     0 78902 79660  2  1 97  0  0	
 3  0      0 42659584  15784 116048    0    0    16     0 79075 79732  2  1 97  0  0	
 3  0      0 42659584  15784 116048    0    0    48     0 78917 79377  2  1 97  0  0	
 2  0      0 42659584  15784 116048    0    0    32     0 78935 79281  1  1 97  0  0	
 3  0      0 42659584  15792 116040    0    0    32    32 78475 79095  1  1 97  0  0	
 2  0      0 42659584  15792 116040    0    0    32     0 79452 80403  2  1 97  0  0	
 2  0      0 42659584  15792 116040    0    0     0     0 79392 81360  2  1 97  0  0	
 3  0      0 42659584  15792 116040    0    0     0     0 79796 81555  2  1 97  0  1	
 4  0      0 42659584  15792 116040    0    0    16     0 78583 80174  2  1 97  0  1	
 2  0      0 42659584  15792 116040    0    0    48     8 79393 80854  1  1 97  0  1	
 2  0      0 42659584  15800 116032    0    0    48    24 80077 80604  2  0 97  0  0	
 2  0      0 42659584  15800 116032    0    0    64     0 82417 82826  2  1 97  0  0	
procs -----------memory---------- ---swap-- -----io---- --system-- -----cpu-----
 r  b   swpd   free   buff  cache   si   so    bi    bo   in   cs us sy id wa st
 2  0      0 42659336  15800 116052    0    0    96     0 81996 82559  2  1 97  0  0	
 2  0      0 42659336  15800 116052    0    0    16     0 82083 82506  2  0 97  0  1	
 2  0      0 42659336  15800 116052    0    0     0     0 80821 81388  2  1 97  0  0	
 3  0      0 42659336  15808 116056    0    0    32    12 80323 81083  2  1 97  0  1	
 2  0      0 42659212  15808 116056    0    0    32     0 79577 80931  2  1 97  0  1	
 2  0      0 42659088  15808 116056    0    0    16     0 79998 81238  2  1 97  0  0	
 2  0      0 42659088  15808 116056    0    0    80     0 79008 80035  2  1 97  0  1	
 2  0      0 42659088  15808 116056    0    0    48     0 80086 81124  2  1 97  0  1	
 3  0      0 42659088  15808 116056    0    0     0     0 80232 81358  2  1 97  0  0	
 2  0      0 42659088  15816 116056    0    0    32    12 80123 81123  2  1 97  0  0	
 2  0      0 42659088  15816 116056    0    0    16     0 79811 81355  2  1 97  0  0	
 2  0      0 42659088  15816 116056    0    0     0     0 80066 81195  1  1 97  0  0	
 2  0      0 42658964  15816 116056    0    0    64     0 79787 80870  1  1 97  0  1	
 2  0      0 42658840  15816 116056    0    0    48     8 79995 81202  2  0 97  0  0	
 2  0      0 42658840  15824 116056    0    0     0    28 79647 80847  2  1 97  0  0	
 2  0      0 42658840  15824 116056    0    0    48     0 80079 81106  2  1 97  0  1	
 2  0      0 42658716  15824 116056    0    0    80     0 78414 79739  2  1 97  0  1	
 3  0      0 42658716  15824 116056    0    0    64     0 80127 81203  2  1 97  0  0	
 2  0      0 42658716  15824 116056    0    0    32     0 79796 81146  2  1 97  0  1	
 3  0      0 42658716  15824 116056    0    0    48     0 80166 81238  2  1 97  0  0	
 2  0      0 42658468  15832 116056    0    0    80    12 79453 81300  2  1 97  0  0	
procs -----------memory---------- ---swap-- -----io---- --system-- -----cpu-----
 r  b   swpd   free   buff  cache   si   so    bi    bo   in   cs us sy id wa st
 2  0      0 42658468  15832 116056    0    0    32     0 80176 81298  2  1 97  0  1	
 3  0      0 42658468  15832 116056    0    0    64     0 79951 80434  2  1 97  0  0	
 2  0      0 42658344  15832 116056    0    0    48    24 79558 79730  2  1 97  0  1	
 2  0      0 42658220  15832 116056    0    0    80     0 79268 79520  1  0 98  0  0	
 2  0      0 42658220  15840 116056    0    0    32    12 79623 79798  2  1 97  0  0	
 3  0      0 42658220  15840 116056    0    0    16     0 78792 79366  1  1 97  0  0	
 2  0      0 42658096  15840 116056    0    0    48     0 78734 80760  1  1 97  0  1	
 2  0      0 42658096  15840 116056    0    0    64     8 79365 80757  2  1 97  0  0	
 2  0      0 42658096  15840 116056    0    0     0     0 78854 80776  2  1 97  0  0	
 3  0      0 42658096  15840 116056    0    0    16     0 79335 80865  2  1 97  0  0	
 2  0      0 42657972  15848 116056    0    0    32    28 78341 79474  1  1 97  0  0	
 2  0      0 42657972  15848 116056    0    0    48     0 79931 80926  2  1 97  0  1	
 2  0      0 42657972  15848 116056    0    0    32     0 79089 80424  2  1 97  0  0	
 3  0      0 42657972  15848 116056    0    0    96     0 78323 79543  2  1 97  0  0	
 3  0      0 42657972  15848 116056    0    0    16     0 78930 80336  2  0 97  0  1	
 4  0      0 42657972  15856 116048    0    0    32    12 80206 81073  1  1 97  0  0	
 2  0      0 42657972  15856 116048    0    0    32     0 82496 83182  2  0 97  0  1	
 3  0      0 42657972  15856 116048    0    0    48     0 82213 82948  2  0 97  0  0	
 2  0      0 42657972  15856 116048    0    0     0     0 82357 83138  2  1 97  0  0	
 3  0      0 42657600  15856 116060    0    0    32     0 81148 81973  2  1 97  0  0	
 2  0      0 42657476  15856 116060    0    0    32     0 66994 70388  2  1 96  0  0	
procs -----------memory---------- ---swap-- -----io---- --system-- -----cpu-----
 r  b   swpd   free   buff  cache   si   so    bi    bo   in   cs us sy id wa st
 3  0      0 42657476  15864 116060    0    0    64    12 78904 79658  2  1 97  0  0	
 3  0      0 42657476  15864 116060    0    0    16     4 81193 81556  2  0 97  0  0	
 2  0      0 42657476  15864 116060    0    0     0     0 80743 81332  1  0 98  0  0	
 2  0      0 42657476  15864 116060    0    0    48     0 81221 81594  1  0 98  0  0	
 2  0      0 42657476  15864 116060    0    0    80     0 79849 80160  2  0 97  0  0	
 2  0      0 42657476  15872 116052    0    0    64    20 81062 81414  2  0 98  0  0	
 3  0      0 42656608  15872 116064    0    0    32     8 81075 81588  2  1 97  0  0	
 2  0      0 42656484  15872 116064    0    0    48     0 81105 81563  2  0 98  0  0	
 3  0      0 42656484  15872 116064    0    0    16     0 81108 81568  2  0 97  0  0	
 3  0      0 42656484  15872 116064    0    0    32     0 81184 81585  2  1 97  0  0	
 3  0      0 42656484  15872 116064    0    0    80     0 81113 81450  2  0 97  0  0	
 3  0      0 42656484  15880 116056    0    0    32    24 81166 81561  1  1 97  0  0	
 2  0      0 42656484  15880 116056    0    0    48     0 81052 81463  2  0 97  0  0	
 3  0      0 42656484  15880 116056    0    0    64     0 81023 81440  2  0 97  0  0	
 3  0      0 42656112  15880 116064    0    0    64     0 80003 80389  2  1 97  0  0	
 3  0      0 42656112  15880 116064    0    0    32     0 81175 81595  2  0 97  0  1	
 2  0      0 42656112  15888 116060    0    0    96    12 80934 81393  2  0 97  0  0	
 2  0      0 42656112  15888 116060    0    0     0    36 81379 81922  2  0 97  0  0	
 2  0      0 42656112  15888 116060    0    0    64     0 81664 82094  2  0 97  0  0	
 2  0      0 42656112  15888 116060    0    0    64     0 81588 81922  2  0 97  0  0	
 2  0      0 42656112  15888 116060    0    0    32     0 81196 81468  2  0 97  0  0	
procs -----------memory---------- ---swap-- -----io---- --system-- -----cpu-----
 r  b   swpd   free   buff  cache   si   so    bi    bo   in   cs us sy id wa st
 3  1      0 42656112  15888 116060    0    0    16    20 81279 81558  2  1 97  0  0	
 2  0      0 42655740  15896 116064    0    0    16     8 80965 81371  2  1 97  0  0	
 3  0      0 42655740  15896 116064    0    0    32     0 81221 81491  1  0 98  0  1	
 3  0      0 42655740  15896 116064    0    0    32     0 79223 79455  1  1 97  0  1	
 2  0      0 42655740  15896 116068    0    0    32     0 81272 81479  2  1 97  0  0	
 3  0      0 42655740  15896 116068    0    0    80     0 81189 81434  2  0 97  0  0	
 2  0      0 42655740  15904 116060    0    0    16    12 81400 81653  2  1 97  0  0	
 2  0      0 42655740  15904 116060    0    0    16     0 81225 81483  2  0 97  0  1	
 3  0      0 42655740  15904 116060    0    0    80     0 81127 81342  2  0 97  0  0	
 2  0      0 42655368  15904 116068    0    0    48     0 81083 81531  2  0 97  0  0	
 2  0      0 42655368  15904 116068    0    0    64     0 81112 81359  2  1 97  0  0	
 3  0      0 42655244  15912 116068    0    0    96    12 80852 81106  2  1 97  0  0	
 2  0      0 42655244  15912 116068    0    0    64     0 80579 80819  1  0 98  0  0	
 3  0      0 42655244  15912 116068    0    0    32     0 79042 79134  2  1 97  0  0	
 2  0      0 42655244  15912 116068    0    0    32     0 80648 80699  2  1 97  0  0	
 3  0      0 42655244  15912 116068    0    0    32     0 80618 80695  2  1 97  0  1	
 2  0      0 42655244  15912 116068    0    0    48     8 80590 80754  1  1 97  0  0	
 2  0      0 42655120  15920 116068    0    0    64    12 80346 80572  1  0 98  0  0	
 2  0      0 42654996  15920 116068    0    0    64     0 80447 80578  1  0 98  0  0	
 2  0      0 42654996  15920 116068    0    0    48     0 80477 80612  2  0 97  0  0	
 3  0      0 42654996  15920 116068    0    0    64     0 80540 80646  1  1 97  0  1	
procs -----------memory---------- ---swap-- -----io---- --system-- -----cpu-----
 r  b   swpd   free   buff  cache   si   so    bi    bo   in   cs us sy id wa st
 2  0      0 42654996  15920 116068    0    0     0     0 80369 80494  2  0 97  0  0	
 2  0      0 42654996  15928 116060    0    0    64    12 80595 80698  2  1 97  0  0	
 2  0      0 42654996  15928 116060    0    0    32     0 79978 80038  1  1 98  0  1	
 3  0      0 42654996  15928 116060    0    0    64     0 80568 80650  2  0 97  0  0	
 2  0      0 42654624  15928 116068    0    0    32     0 80459 80695  2  1 97  0  0	
 2  0      0 42654624  15928 116068    0    0    48     8 80476 80599  2  0 97  0  0	
 2  0      0 42654624  15928 116068    0    0    16     0 80526 80732  1  1 98  0  0	
 2  0      0 42654624  15936 116060    0    0    32    24 80608 80652  2  1 97  0  0	
 3  0      0 42654624  15936 116060    0    0    48     0 80433 80520  2  1 97  0  0	
 2  0      0 42654624  15936 116060    0    0    80     0 80446 80518  2  1 97  0  0	
 2  0      0 42654624  15936 116060    0    0    32    12 80265 80324  2  1 97  0  0	
 3  0      0 42654624  15936 116060    0    0    16     0 80479 80577  1  1 97  0  1	
 2  0      0 42654376  15944 116068    0    0    32    12 79523 79761  1  1 98  0  0	
 2  0      0 42654252  15944 116068    0    0    48     0 80365 80508  1  0 98  0  0	
 2  0      0 42654252  15944 116068    0    0    48     0 80486 80611  2  0 97  0  0	
 3  0      0 42654252  15944 116068    0    0    16     0 80460 80558  1  0 98  0  0	
 2  0      0 42654252  15944 116068    0    0    48     0 80193 80283  2  0 98  0  0	
 2  0      0 42654252  15944 116072    0    0    32     0 80503 80610  1  1 97  0  0	
 3  0      0 42654252  15952 116064    0    0     0    12 80467 80592  1  1 97  0  0	
 2  0      0 42654252  15952 116064    0    0     0     0 80615 80690  2  0 97  0  0	
 3  0      0 42654128  15952 116076    0    0    64     0 79901 80128  2  0 97  0  0	
procs -----------memory---------- ---swap-- -----io---- --system-- -----cpu-----
 r  b   swpd   free   buff  cache   si   so    bi    bo   in   cs us sy id wa st
 4  0      0 42654004  15952 116076    0    0    64     0 80322 80509  1  0 98  0  0	
 3  0      0 42654004  15952 116076    0    0    32     0 79208 79310  2  1 97  0  0	
 3  0      0 42654004  15960 116068    0    0    32    12 80514 80635  2  1 97  0  0	
 2  0      0 42654004  15960 116068    0    0    32     0 80543 80657  1  1 97  0  1	
 3  0      0 42654004  15960 116068    0    0    48     0 80588 80689  1  0 98  0  0	
 2  0      0 42654004  15960 116068    0    0    16     8 80577 80708  2  0 97  0  0	
 2  0      0 42654004  15960 116068    0    0    32     0 80592 80664  1  0 98  0  1	
 2  0      0 42653880  15960 116084    0    0    64     0 80231 80426  1  0 97  0  0	
 2  0      0 42653756  15968 116084    0    0    32    24 80437 80586  1  0 98  0  0	
 2  0      0 42653756  15968 116084    0    0    16     0 80467 80601  2  0 97  0  0	
 2  0      0 42653756  15968 116084    0    0    80     0 80353 80490  2  0 97  0  0	
 2  0      0 42653756  15968 116084    0    0    32     0 79437 79531  2  0 97  0  0	
 2  0      0 42653756  15968 116084    0    0    32     0 80425 80514  2  0 97  0  0	
 2  0      0 42653756  15976 116076    0    0    64    12 80466 80550  2  0 98  0  0	
 3  0      0 42653756  15976 116076    0    0    64     0 80648 80955  1  1 97  0  0	
 2  0      0 42653508  15976 116084    0    0    32     0 80252 80539  1  0 98  0  1	
 2  0      0 42653508  15976 116084    0    0    16     0 80791 80948  1  0 98  0  0	
 3  0      0 42653508  15976 116084    0    0    48     0 80292 80430  1  0 98  0  0	
 3  0      0 42653508  15976 116084    0    0     0     0 80659 80833  2  1 97  0  1	
 2  0      0 42653508  15984 116076    0    0     0    12 79879 80035  2  1 97  0  0	
 4  0      0 42653508  15984 116076    0    0    80     8 80432 80759  2  1 97  0  0	
procs -----------memory---------- ---swap-- -----io---- --system-- -----cpu-----
 r  b   swpd   free   buff  cache   si   so    bi    bo   in   cs us sy id wa st
 2  0      0 42653508  15984 116076    0    0    48     0 79496 79711  1  1 97  0  0	
 2  0      0 42653508  15984 116076    0    0    48     0 80674 80895  2  1 96  0  1	
 2  0      0 42653260  15984 116084    0    0    16     0 79619 80757  2  1 97  0  0	
 2  0      0 42653260  15992 116084    0    0    48    24 79758 80842  2  1 97  0  0	
 2  0      0 42653260  15992 116084    0    0    48    16 79604 80755  2  0 97  0  0	
 2  0      0 42653260  15992 116084    0    0    32     0 79928 81027  2  1 97  0  0	
 2  0      0 42653260  15992 116084    0    0    48     0 80451 81512  2  1 97  0  1	
 2  0      0 42653260  15992 116084    0    0    32     0 81856 82686  2  0 97  0  0	
 2  0      0 42653260  15992 116084    0    0     0     0 81644 82538  2  1 97  0  1	
 2  0      0 42653260  16000 116076    0    0    32    12 81909 82847  2  0 97  0  0	
 2  0      0 42653012  16000 116092    0    0    48     0 80930 82159  2  1 97  0  0	
 2  0      0 42653012  16000 116092    0    0    16     0 80790 81885  1  1 98  0  0	
 3  0      0 42653012  16000 116092    0    0     0     0 79430 80546  2  1 97  0  0	
 3  0      0 42653012  16000 116092    0    0    48     0 80007 81416  2  1 97  0  0	
 2  0      0 42653012  16008 116084    0    0    48    16 80016 81362  2  1 97  0  0	
 2  0      0 42653012  16008 116084    0    0    80     0 79974 81306  2  1 97  0  1	
 3  0      0 42653012  16008 116084    0    0    48     0 79943 81424  2  1 97  0  0	
 2  0      0 42653012  16008 116084    0    0    32     0 79973 81428  2  1 97  0  0	
 2  0      0 42652764  16008 116092    0    0    48     0 78461 79954  1  1 98  0  1	
 2  0      0 42652640  16008 116092    0    0    32     0 79932 81445  2  1 97  0  0	
 3  0      0 42652640  16016 116092    0    0    64    20 79243 80519  2  1 97  0  1	
procs -----------memory---------- ---swap-- -----io---- --system-- -----cpu-----
 r  b   swpd   free   buff  cache   si   so    bi    bo   in   cs us sy id wa st
 2  0      0 42652640  16016 116092    0    0    80     0 79968 81280  2  1 97  0  0	
 3  0      0 42652640  16016 116092    0    0    16     0 80048 81455  2  1 97  0  0	
 2  0      0 42652640  16016 116092    0    0    32     0 80147 81554  1  1 97  0  0	
 2  0      0 42652640  16016 116092    0    0    32     0 80146 81505  2  1 97  0  0	
 3  0      0 42652640  16024 116084    0    0    64    24 80076 81482  1  1 97  0  1	
 3  0      0 42652268  16024 116092    0    0    16     0 79661 81390  2  1 97  0  0	
 3  0      0 42652268  16024 116092    0    0    32     0 80017 81475  1  1 98  0  0	
 2  0      0 42652268  16024 116092    0    0    48     0 79566 80829  2  1 97  0  1	
 3  0      0 42652268  16024 116092    0    0    48     0 79939 81380  2  1 97  0  0	
 2  0      0 42652268  16024 116092    0    0    48     8 79040 80302  1  1 97  0  1	
 2  0      0 42652268  16032 116084    0    0    32    24 79858 81280  1  1 97  0  0	
 2  0      0 42652268  16032 116084    0    0    16     0 80008 81426  2  1 97  0  1	
 4  0      0 42652268  16032 116084    0    0    48     0 80072 81462  1  1 97  0  0	
 2  0      0 42652020  16032 116092    0    0    48     0 79762 81584  2  1 97  0  0	
 2  0      0 42652020  16032 116092    0    0     0     0 79711 81363  2  1 97  0  0	
 2  0      0 42652020  16040 116092    0    0    48    12 79700 81202  1  1 97  0  0	
 3  0      0 42652020  16040 116092    0    0    32     0 79949 81382  2  1 97  0  0	
 2  0      0 42652020  16040 116092    0    0     0     0 79949 81253  2  1 97  0  1	
 2  0      0 42652020  16040 116092    0    0    32     0 80022 81480  1  1 97  0  0	
 3  0      0 42652020  16040 116092    0    0    32    20 78252 79482  1  1 97  0  1	
 2  0      0 42652020  16040 116092    0    0    48     0 79975 81338  2  0 97  0  0	
procs -----------memory---------- ---swap-- -----io---- --system-- -----cpu-----
 r  b   swpd   free   buff  cache   si   so    bi    bo   in   cs us sy id wa st
 2  0      0 42651772  16048 116092    0    0    48    12 79339 81002  2  1 97  0  0	
 3  0      0 42651764  16048 116092    0    0    16     0 79678 80719  2  0 97  0  0	
 3  0      0 42651764  16048 116092    0    0    16     0 79694 80724  2  1 97  0  1	
 3  0      0 42651764  16048 116092    0    0    96     4 79489 80556  2  1 97  0  0	
 3  0      0 42651764  16048 116092    0    0    48     0 79348 80496  1  1 97  0  0	
 3  0      0 42651764  16056 116084    0    0    16    12 79393 80396  1  1 97  0  0	
 2  0      0 42651764  16056 116084    0    0    32     0 79240 80342  1  1 97  0  0	
 2  0      0 42651764  16056 116084    0    0    64     0 79641 80732  2  0 97  0  0	
 2  0      0 42651516  16056 116096    0    0    64     0 78308 79666  2  1 97  0  1	
 2  0      0 42651516  16056 116096    0    0     0     0 79678 80719  2  1 97  0  0	
 2  0      0 42651516  16056 116096    0    0    48     0 79551 80606  2  1 97  0  0	
 2  0      0 42651516  16064 116096    0    0    32    12 79702 80694  2  1 97  0  0	
 3  0      0 42651516  16064 116096    0    0    16     0 79653 80704  2  1 97  0  0	
 3  0      0 42651516  16064 116096    0    0    48     8 79575 80646  1  1 98  0  0	
 2  0      0 42651516  16064 116096    0    0    16     0 79301 80448  1  1 97  0  0	
 3  0      0 42651516  16064 116096    0    0    32     0 79577 80720  1  1 97  0  0	
 2  0      0 42651144  16072 116092    0    0    32    24 79141 80526  2  1 97  0  0	
 3  0      0 42651144  16072 116092    0    0    16     0 79523 80733  1  1 97  0  1	
 2  0      0 42651144  16072 116092    0    0    48     8 78434 79500  2  1 97  0  0	
 2  0      0 42651144  16072 116092    0    0     0     0 79733 80696  2  1 97  0  0	
 3  0      0 42651144  16072 116092    0    0    16     0 79721 80724  2  1 97  0  0	
procs -----------memory---------- ---swap-- -----io---- --system-- -----cpu-----
 r  b   swpd   free   buff  cache   si   so    bi    bo   in   cs us sy id wa st
 3  1      0 42651144  16072 116092    0    0    16    20 79659 80762  2  0 97  0  0	
 2  0      0 42651144  16080 116084    0    0    16     4 79649 80722  2  1 97  0  0	
 2  0      0 42651144  16080 116084    0    0    48     0 79628 80684  2  1 97  0  0	
 3  0      0 42651020  16080 116100    0    0     0     0 79117 80497  2  1 97  0  0	
 2  0      0 42651020  16080 116100    0    0    16     0 79534 80597  1  1 98  0  0	
 3  0      0 42651020  16080 116100    0    0    48     0 79179 80300  2  1 97  0  0	
 3  0      0 42651020  16088 116100    0    0    16    12 79550 80668  2  1 97  0  0	
 3  0      0 42651020  16088 116100    0    0     0     0 78399 79388  2  1 97  0  0	
 2  0      0 42651020  16088 116100    0    0    64     0 79519 80566  2  1 97  0  1	
 2  0      0 42651020  16088 116100    0    0    80     0 79532 80650  2  1 97  0  0	
 2  0      0 42651020  16088 116100    0    0    80     0 79556 80567  2  0 98  0  0	
 2  0      0 42650772  16096 116092    0    0    48    12 79363 80656  1  1 97  0  0	
 4  0      0 42650772  16096 116092    0    0    16     0 79649 80677  2  1 97  0  0	
 3  0      0 42650772  16096 116092    0    0    32    16 79448 80568  2  1 97  0  0	
 2  0      0 42650772  16096 116092    0    0    64     0 79593 80572  2  0 97  0  0	
 2  0      0 42650772  16096 116092    0    0    32     0 79298 80268  2  1 97  0  0	
 2  0      0 42650772  16096 116092    0    0    32     0 79568 80616  2  1 97  0  0	
 2  0      0 42650772  16104 116084    0    0    64    12 78812 79852  1  1 97  0  0	
 3  0      0 42650772  16104 116084    0    0    16     0 79588 80674  2  0 97  0  0	
 2  0      0 42650400  16104 116104    0    0    32     0 79275 80747  2  1 97  0  0	
 2  0      0 42650400  16104 116104    0    0    16     0 79706 80724  1  1 97  0  0	
procs -----------memory---------- ---swap-- -----io---- --system-- -----cpu-----
 r  b   swpd   free   buff  cache   si   so    bi    bo   in   cs us sy id wa st
 2  0      0 42650400  16104 116104    0    0    96     0 79525 80595  2  0 97  0  0	
 4  0      0 42650400  16112 116104    0    0    16    12 79700 80682  2  0 97  0  0	
 3  0      0 42650400  16112 116104    0    0    64     4 79516 80539  2  1 97  0  0	
 3  0      0 42650400  16112 116104    0    0    32     0 79586 80586  1  1 97  0  0	
 3  0      0 42650400  16112 116104    0    0    16     0 79207 80210  2  1 97  0  0	
 3  0      0 42650400  16112 116104    0    0    64     0 79554 80552  2  1 97  0  0	
 2  0      0 42650152  16112 116104    0    0    16     0 78472 79766  2  1 97  0  0	
 2  0      0 42650152  16120 116096    0    0     0    20 79573 80578  2  1 97  0  0	
 2  0      0 42650152  16120 116096    0    0    32     0 79592 80712  1  0 98  0  0	
 3  0      0 42650152  16120 116096    0    0    96     0 79591 80544  2  1 97  0  0	
 2  0      0 42650152  16120 116096    0    0    32     0 79639 80677  2  1 97  0  0	
 3  0      0 42650152  16120 116096    0    0    32     0 79630 80642  1  1 97  0  0	
 2  0      0 42650152  16128 116088    0    0    48    24 79454 80568  2  0 97  0  0	
 2  0      0 42650152  16128 116088    0    0    16     0 79607 80668  1  1 97  0  1	
 2  0      0 42649904  16128 116108    0    0     0     0 78999 80318  2  1 97  0  0	
 2  0      0 42649904  16128 116108    0    0    32     0 79537 80638  1  1 97  0  0	
 2  0      0 42649780  16128 116108    0    0    48     0 77149 78167  2  1 97  0  0	
 2  0      0 42649656  16128 116108    0    0    48     0 79277 80646  2  1 97  0  0	
 2  0      0 42649656  16136 116100    0    0    16    12 79611 80745  2  1 97  0  0	
 2  0      0 42649656  16136 116100    0    0    32     0 79667 80673  2  0 97  0  0	
 2  0      0 42649656  16136 116100    0    0    16     0 79587 80840  2  1 97  0  0	
procs -----------memory---------- ---swap-- -----io---- --system-- -----cpu-----
 r  b   swpd   free   buff  cache   si   so    bi    bo   in   cs us sy id wa st
 2  0      0 42649656  16136 116100    0    0    32     0 79499 80516  1  1 97  0  0	
 3  0      0 42649532  16136 116108    0    0    64     0 79021 80342  1  1 97  0  1	
 2  0      0 42649532  16144 116108    0    0    48    12 79364 80561  2  1 97  0  0	
 3  0      0 42649532  16144 116108    0    0    48     0 79148 80256  2  1 97  0  0	
 3  0      0 42649532  16144 116108    0    0    48     0 79499 80644  1  1 97  0  0	
 3  0      0 42649408  16144 116112    0    0     0     0 79124 80075  2  1 97  0  1	
 2  0      0 42649408  16144 116112    0    0    32     0 79678 80745  2  1 97  0  0	
 2  0      0 42649408  16144 116112    0    0     0    12 79508 80543  2  1 97  0  1	
 2  0      0 42649408  16152 116108    0    0    16    12 79367 80056  1  1 98  0  0	
 3  0      0 42649284  16152 116112    0    0    48     0 78801 78969  2  1 97  0  0	
 2  0      0 42649284  16152 116112    0    0    16     0 78896 79078  1  1 97  0  0	
 2  0      0 42649284  16152 116112    0    0     0     0 79520 81106  2  1 97  0  0	
 2  0      0 42649284  16152 116112    0    0    16     8 79878 81744  2  1 97  0  0	
 3  0      0 42649284  16160 116104    0    0    16    24 78687 80212  1  1 98  0  0	
 2  0      0 42649284  16160 116104    0    0     0     0 79138 80882  1  1 97  0  0	
 3  0      0 42649284  16160 116104    0    0    32     0 78537 80155  2  1 97  0  1	
 4  0      0 42649284  16160 116104    0    0    32     0 79033 80699  1  1 97  0  1	
 2  0      0 42649036  16160 116112    0    0    16     0 78523 80949  1  1 98  0  0	
 3  0      0 42649036  16160 116112    0    0    64     0 79057 80654  2  1 97  0  0	
 2  0      0 42648912  16168 116112    0    0    64    12 79391 81002  2  1 97  0  0	
 3  0      0 42648912  16168 116112    0    0    16     0 79832 81442  2  1 97  0  0	
procs -----------memory---------- ---swap-- -----io---- --system-- -----cpu-----
 r  b   swpd   free   buff  cache   si   so    bi    bo   in   cs us sy id wa st
 2  0      0 42648912  16168 116112    0    0    48     0 79197 80815  2  1 97  0  0	
 2  0      0 42648912  16168 116112    0    0    48     8 79748 80787  2  1 97  0  0	
 2  0      0 42648912  16168 116112    0    0     0     0 79890 80562  2  1 97  0  0	
 2  0      0 42648912  16176 116104    0    0    32    28 79998 81367  2  1 97  0  1	
 2  0      0 42648664  16176 116112    0    0    16     0 78213 79979  2  1 97  0  0	
 2  0      0 42648664  16176 116112    0    0    32     0 80132 81412  2  0 97  0  0	
 2  0      0 42648664  16176 116112    0    0    16     0 80089 81427  2  1 97  0  1	
 2  0      0 42648664  16176 116112    0    0    48     0 79444 81183  2  1 97  0  0	
 2  0      0 42648540  16176 116112    0    0    32     0 79407 81100  2  0 97  0  0	
 4  0      0 42648540  16184 116112    0    0    16    12 79744 80914  2  1 97  0  0	
 3  0      0 42648540  16184 116112    0    0    32     0 79580 80768  2  1 97  0  0	
 3  0      0 42648540  16184 116112    0    0    48     0 79966 81425  1  0 98  0  0	
 2  0      0 42648416  16184 116112    0    0    32     0 79540 81554  1  1 97  0  0	
 2  0      0 42648416  16184 116112    0    0    48     0 79932 81457  1  1 97  0  1	
 3  0      0 42648416  16192 116104    0    0    32    12 78514 79857  1  1 97  0  1	
 2  0      0 42648416  16192 116104    0    0    16     0 79961 81614  2  1 97  0  0	
 2  0      0 42648416  16192 116104    0    0    32     0 79939 81513  2  1 97  0  0	
 2  0      0 42648416  16192 116104    0    0     0     0 80139 81666  1  1 97  0  0	
 3  0      0 42648416  16192 116104    0    0    16     0 79997 81558  2  1 97  0  0	
 2  0      0 42648416  16192 116104    0    0    32     0 79999 81475  1  1 97  0  1	
 3  0      0 42648168  16200 116120    0    0    32    12 80558 82002  2  1 97  0  0	
procs -----------memory---------- ---swap-- -----io---- --system-- -----cpu-----
 r  b   swpd   free   buff  cache   si   so    bi    bo   in   cs us sy id wa st
 2  0      0 42648168  16200 116120    0    0     0    20 82850 83428  2  1 97  0  1	
 2  0      0 42648168  16200 116120    0    0    16     0 82169 82843  2  1 97  0  0	
 2  0      0 42648168  16200 116120    0    0    16     0 82370 83022  2  1 97  0  0	
 3  0      0 42648168  16200 116120    0    0    64     0 81561 82112  2  1 97  0  1	
 2  0      0 42648168  16208 116112    0    0    32    12 82360 82938  2  1 97  0  0	
 2  0      0 42648168  16208 116112    0    0    64     0 82257 82904  2  0 97  0  1	
 2  0      0 42648168  16208 116112    0    0    32     8 82340 82904  2  0 97  0  0	
 2  0      0 42647920  16208 116120    0    0    48     0 81625 82476  2  1 97  0  1	
 3  0      0 42647920  16208 116120    0    0    32     0 78633 81174  2  1 97  0  0	
 2  0      0 42647920  16208 116120    0    0    16     0 78983 80866  1  1 97  0  1	
 2  0      0 42647920  16216 116112    0    0    16    24 82574 82988  2  1 97  0  1	
 2  0      0 42647796  16216 116120    0    0     0    12 80802 81268  2  1 97  0  0	
 2  0      0 42647796  16216 116120    0    0    16     0 81504 82108  2  1 97  0  1	
 3  0      0 42647796  16216 116120    0    0    48     0 81358 81837  2  1 97  0  0	
 3  0      0 42647796  16216 116120    0    0     0     0 81904 82513  2  0 97  0  0	
 2  0      0 42647796  16224 116112    0    0    32    24 81970 82555  2  1 97  0  1	
 4  0      0 42647796  16224 116120    0    0    16     0 82037 82498  2  0 97  0  0	
 3  0      0 42647796  16224 116120    0    0    32     0 82017 82479  2  1 97  0  1	
