procs -----------memory---------- ---swap-- -----io---- --system-- -----cpu-----
 r  b   swpd   free   buff  cache   si   so    bi    bo   in   cs us sy id wa st
 1  0      0 69387000   9228  72888    0    0  1546     2   89   51 36 12 49  4  0	
 5  3      0 69376192   9228  72908    0    0 46400     0 180747 184364 10  4 69 16  2	
 9  0      0 69375456   9228  72908    0    0 47216     0 178672 183676 10  4 69 17  2	
 9  2      0 69375456   9228  72908    0    0 49168     0 182062 188165 10  3 69 16  2	
 7  2      0 69375456   9228  72908    0    0 49440     0 180076 184638 10  3 69 17  2	
 8  0      0 69375456   9236  72908    0    0 48608    36 177775 181648 10  2 70 16  2	
 7  3      0 69375456   9236  72908    0    0 48816     0 181006 185867 10  3 68 16  2	
 5  3      0 69375456   9236  72908    0    0 49696     0 181007 185116  8  3 70 17  2	
 8  0      0 69375456   9236  72908    0    0 48048     0 180996 186155  9  3 69 16  2	
 6  3      0 69375456   9236  72908    0    0 49408     0 179037 184188 10  3 69 17  2	
 6  4      0 69375456   9244  72908    0    0 49216    12 180884 185506 10  3 69 17  2	
 9  1      0 69375456   9244  72908    0    0 49248     0 181445 186112 10  3 69 16  2	
 7  3      0 69375456   9244  72908    0    0 49584     0 177294 182077 10  3 68 17  2	
 8  1      0 69375456   9244  72908    0    0 48608     0 181075 185684  9  4 69 16  2	
 5  3      0 69375456   9244  72908    0    0 49600     0 179408 182755  9  3 69 17  2	
 7  1      0 69375456   9244  72908    0    0 49168     0 176583 182364 10  3 68 17  2	
 7  3      0 69375456   9252  72908    0    0 49680    12 181392 185986 10  3 69 16  2	
 8  0      0 69375456   9252  72908    0    0 48848     0 180139 185633 10  3 68 17  2	
 8  1      0 69375456   9252  72908    0    0 51920     0 178489 183612 10  3 68 17  2	
 9  2      0 69375456   9252  72908    0    0 48320     0 180662 186398 10  3 69 16  2	
 8  2      0 69375456   9252  72908    0    0 49984     0 180515 185981 10  3 69 16  2	
procs -----------memory---------- ---swap-- -----io---- --system-- -----cpu-----
 r  b   swpd   free   buff  cache   si   so    bi    bo   in   cs us sy id wa st
 8  1      0 69375328   9260  72908    0    0 48912    12 181608 187677 10  3 69 16  2	
 7  1      0 69375328   9260  72908    0    0 49056     0 182346 187592 10  3 69 16  2	
 6  3      0 69375328   9260  72908    0    0 48992     0 182413 187498 10  3 69 16  2	
 8  1      0 69375328   9260  72908    0    0 50384     0 181250 186769 10  4 69 16  2	
 5  3      0 69375328   9260  72908    0    0 49200     0 179641 185004 10  3 68 16  2	
 9  1      0 69375328   9260  72908    0    0 49632     0 180600 186702 10  3 69 16  2	
 8  1      0 69375328   9268  72908    0    0 49408    12 183299 188059 10  3 69 16  2	
 8  0      0 69375328   9268  72908    0    0 50752     0 182299 187368 10  3 69 16  2	
 6  3      0 69375328   9268  72908    0    0 48912     0 183182 188326 10  3 69 16  2	
 9  0      0 69375328   9268  72908    0    0 50480     0 179535 184281 10  3 69 17  2	
 7  1      0 69375328   9268  72908    0    0 48800    16 182447 187459 10  4 69 16  2	
 5  3      0 69375328   9276  72908    0    0 49312    24 180104 185207 11  3 69 16  2	
 7  1      0 69375328   9276  72912    0    0 50032     0 179710 183884  9  3 69 17  2	
 8  1      0 69375328   9276  72912    0    0 48864     0 178301 184518 10  3 68 17  2	
 7  2      0 69375328   9276  72912    0    0 49120     0 178639 182403  9  3 69 17  2	
10  1      0 69375328   9276  72912    0    0 50240    32 176237 182007  9  3 68 18  2	
 7  1      0 69375328   9276  72912    0    0 48768     0 178897 185287  9  4 69 17  2	
 6  3      0 69375328   9284  72912    0    0 48768    12 181636 186576 11  3 68 16  2	
 5  3      0 69375328   9284  72912    0    0 48896     0 178184 183453  9  3 69 17  2	
 5  3      0 69375328   9284  72912    0    0 49808     0 180734 185353 10  3 69 17  2	
 8  1      0 69375328   9284  72912    0    0 50368     0 182117 186488 10  3 69 16  2	
procs -----------memory---------- ---swap-- -----io---- --system-- -----cpu-----
 r  b   swpd   free   buff  cache   si   so    bi    bo   in   cs us sy id wa st
 8  1      0 69375328   9284  72912    0    0 50096     0 179954 185185 10  4 68 16  2	
 7  2      0 69375328   9292  72916    0    0 50272    12 182490 186845 10  3 68 16  2	
 8  2      0 69375328   9292  72916    0    0 48864     0 181822 187808 11  3 69 16  2	
 8  2      0 69375328   9292  72916    0    0 49072     0 179815 184934 11  3 68 16  2	
 6  2      0 69375328   9292  72916    0    0 49936     0 180668 185999 11  3 68 16  2	
 5  4      0 69375328   9292  72916    0    0 50800     0 178160 183697 10  3 69 16  2	
 8  3      0 69375328   9292  72916    0    0 49120     0 180011 186749 11  3 68 16  2	
 6  3      0 69375328   9300  72916    0    0 49552    12 181403 186782 10  4 69 16  2	
 6  3      0 69375328   9300  72916    0    0 48832     0 182504 187317 11  3 69 16  2	
 8  2      0 69375328   9300  72916    0    0 48848     0 181613 187473  9  3 70 16  2	
10  1      0 69375328   9300  72916    0    0 47248     0 174041 180001  9  3 69 17  2	
 8  2      0 69375328   9300  72916    0    0 49648     0 179712 184723  9  3 69 17  2	
 5  3      0 69375328   9308  72916    0    0 48960    12 181687 186964 10  3 69 17  2	
 6  3      0 69375328   9308  72916    0    0 49584     0 182714 186624  9  4 69 16  2	
 3  5      0 69375328   9308  72916    0    0 49104     0 179489 186144 11  4 68 16  2	
 4  5      0 69375328   9308  72916    0    0 49712     0 180951 186773  9  3 70 16  2	
 7  1      0 69375328   9308  72916    0    0 50384     0 181464 186878 10  4 68 16  2	
 4  4      0 69375328   9308  72916    0    0 49376     0 181708 187243 10  3 69 16  2	
 6  2      0 69375328   9316  72916    0    0 49328    12 182168 188213 11  3 69 16  2	
 8  2      0 69375328   9316  72916    0    0 51472     0 181572 186476  9  3 69 17  2	
 7  1      0 69375328   9316  72916    0    0 48128    16 181733 187114 10  4 69 16  2	
procs -----------memory---------- ---swap-- -----io---- --system-- -----cpu-----
 r  b   swpd   free   buff  cache   si   so    bi    bo   in   cs us sy id wa st
 7  1      0 69375328   9316  72916    0    0 48912     0 181641 186962 10  3 69 16  2	
10  0      0 69375328   9316  72916    0    0 48288     0 184733 189235 11  3 69 15  2	
 9  1      0 69375328   9324  72916    0    0 48640    20 180205 185438 10  4 69 16  2	
 9  0      0 69375328   9324  72916    0    0 51456     0 181336 185031 10  3 68 17  2	
10  0      0 69375328   9324  72916    0    0 47968     0 179803 185820 10  4 68 17  2	
 6  2      0 69375328   9324  72920    0    0 49856     0 181802 186540 10  3 69 16  2	
 8  2      0 69375328   9324  72920    0    0 50224     0 181388 186882 11  3 69 16  2	
 6  3      0 69375328   9324  72920    0    0 49264     0 181341 185973  9  3 70 16  2	
 8  2      0 69375328   9332  72920    0    0 47552    12 181210 187397 10  4 69 16  2	
 8  1      0 69375328   9332  72920    0    0 49440     8 180331 185793 11  3 69 16  2	
 8  2      0 69375336   9332  72920    0    0 50752     0 180138 184632 10  3 68 17  2	
 8  2      0 69375312   9332  72920    0    0 49488     0 178864 184728 10  3 69 17  2	
 9  0      0 69375312   9340  72912    0    0 48192    20 180078 185702 10  4 69 16  2	
 7  1      0 69375312   9340  72920    0    0 49248     0 182293 186883 11  3 68 16  2	
 7  3      0 69375312   9340  72920    0    0 49424     0 182574 187684 10  3 69 16  2	
 7  1      0 69375312   9340  72920    0    0 49568     0 178684 184465 11  3 68 17  2	
 5  4      0 69375312   9340  72920    0    0 49616     0 179827 185247 11  3 68 17  1	
 6  3      0 69375312   9340  72920    0    0 48192     0 179793 185014 10  3 69 16  2	
 9  1      0 69375312   9348  72920    0    0 49536    12 181388 185401 10  3 69 17  2	
 5  3      0 69375312   9348  72920    0    0 48368     0 177059 183558  9  3 69 17  2	
 8  1      0 69375312   9348  72920    0    0 49120     0 177595 184777 10  3 68 17  2	
procs -----------memory---------- ---swap-- -----io---- --system-- -----cpu-----
 r  b   swpd   free   buff  cache   si   so    bi    bo   in   cs us sy id wa st
 7  1      0 69375312   9348  72920    0    0 48688     0 176990 182690  9  3 69 17  2	
10  1      0 69375312   9348  72920    0    0 50000     0 178808 183407  9  3 69 17  2	
 8  1      0 69375312   9356  72916    0    0 48384    12 179241 184040 10  3 68 17  2	
 7  1      0 69375312   9356  72924    0    0 49888     0 178946 184652 10  4 68 17  2	
 7  2      0 69375312   9356  72924    0    0 49104     0 178114 184317  9  3 69 17  2	
 6  3      0 69375312   9356  72924    0    0 49280     0 178662 184834 10  3 69 17  2	
 5  4      0 69375312   9356  72924    0    0 48832     0 176281 181184 10  3 68 18  1	
 8  2      0 69375312   9356  72924    0    0 48880     0 175350 181666  9  3 69 18  2	
 9  0      0 69375312   9364  72924    0    0 49776    16 180401 185277  9  3 69 17  2	
 7  1      0 69375312   9364  72924    0    0 49856    16 180379 184788  9  3 69 17  2	
 7  1      0 69375312   9364  72924    0    0 49392     0 178544 184074 10  3 68 17  2	
 8  1      0 69375312   9364  72924    0    0 48928     0 177372 180658 10  3 69 17  2	
 6  3      0 69375312   9364  72924    0    0 49248     0 181524 186437  9  3 70 17  2	
 4  5      0 69375312   9372  72916    0    0 50944    20 180234 184254  9  3 69 17  2	
 7  2      0 69375312   9372  72924    0    0 48992     0 180624 186143  9  3 69 17  2	
 7  1      0 69375312   9372  72924    0    0 49680     0 178829 185240 11  3 68 17  2	
 6  4      0 69375312   9372  72924    0    0 48704     0 178389 183703 10  3 69 17  2	
 9  1      0 69375312   9372  72924    0    0 49280     0 181125 187036  9  3 69 16  2	
 7  2      0 69375312   9372  72928    0    0 48496     0 181757 186887 11  3 68 16  2	
 9  1      0 69375312   9380  72928    0    0 50144    12 181523 186162 10  3 68 16  2	
 7  2      0 69375312   9380  72928    0    0 49872     0 178674 183587 10  3 69 17  2	
procs -----------memory---------- ---swap-- -----io---- --system-- -----cpu-----
 r  b   swpd   free   buff  cache   si   so    bi    bo   in   cs us sy id wa st
 6  2      0 69375312   9380  72928    0    0 48640     0 179580 184739 10  3 69 17  2	
 9  1      0 69375312   9380  72928    0    0 48080     0 178323 184612 10  3 68 17  2	
 6  2      0 69375312   9380  72928    0    0 50336     0 178535 183720 10  3 68 17  2	
 6  2      0 69375312   9388  72920    0    0 48960    40 179871 184706 10  3 68 17  2	
 8  2      0 69375312   9388  72928    0    0 49056     0 177622 183260 10  3 68 17  2	
 8  1      0 69375312   9388  72928    0    0 50672     0 180599 185336 10  3 69 17  2	
 8  2      0 69375312   9388  72928    0    0 49424     0 182092 187194  9  3 70 16  2	
 7  2      0 69375312   9388  72928    0    0 49312     0 180285 185311 10  3 69 16  2	
 7  2      0 69375312   9388  72928    0    0 48912     0 180677 185273 10  3 69 17  2	
 4  4      0 69375312   9396  72928    0    0 51040    12 181217 186651 10  3 69 16  2	
 8  2      0 69375312   9396  72928    0    0 49200     0 178634 184029  9  3 69 17  2	
 3  5      0 69375312   9396  72928    0    0 50656     0 179492 185527 10  3 68 17  2	
 8  1      0 69375312   9396  72928    0    0 50064     0 180592 186092 10  3 69 16  2	
 5  3      0 69375312   9396  72928    0    0 47104     4 175479 181348  9  4 68 17  1	
 8  1      0 69375312   9404  72920    0    0 47008    12 175127 179975  7  3 70 18  2	
 4  4      0 69375312   9404  72928    0    0 48656     0 181150 185612 10  3 69 16  2	
 7  2      0 69375312   9404  72928    0    0 49408     0 179532 184001  8  3 69 17  2	
 7  2      0 69375312   9404  72928    0    0 49584     0 179748 185681 10  4 68 17  2	
 7  2      0 69375312   9404  72928    0    0 50160     0 183426 188733 10  3 69 16  2	
10  0      0 69375312   9404  72928    0    0 50208     0 184480 189322 10  3 69 15  2	
 8  1      0 69375312   9412  72928    0    0 48112    12 178709 184154 10  4 68 16  2	
procs -----------memory---------- ---swap-- -----io---- --system-- -----cpu-----
 r  b   swpd   free   buff  cache   si   so    bi    bo   in   cs us sy id wa st
 6  3      0 69375312   9412  72928    0    0 50320     0 182736 187627 10  3 69 16  2	
 9  0      0 69375312   9412  72932    0    0 48688     0 182590 189075 11  4 69 15  2	
10  1      0 69375312   9412  72932    0    0 50048     0 182173 187210 10  3 69 16  2	
 5  3      0 69375312   9412  72932    0    0 49760    16 181560 188077 10  4 69 16  2	
 5  3      0 69375312   9420  72924    0    0 48272    20 181096 187205  9  3 70 16  2	
 8  2      0 69375312   9420  72932    0    0 48800     0 181424 187454 10  3 69 16  2	
 9  2      0 69375312   9420  72932    0    0 49456     0 180132 185979 10  3 69 16  2	
 5  4      0 69375312   9420  72932    0    0 50528     0 183038 187519 11  3 69 16  2	
 7  1      0 69375312   9420  72932    0    0 49776     0 180741 185684 10  3 68 16  2	
 8  1      0 69375312   9420  72932    0    0 48592     0 180963 185286 11  3 69 16  2	
 8  1      0 69375312   9428  72936    0    0 49024    12 181277 186521 10  3 69 16  2	
 7  2      0 69375184   9428  72936    0    0 50288     0 183410 188771 11  4 68 16  2	
 5  2      0 69375184   9428  72936    0    0 49968     0 181525 188495 10  3 69 16  2	
 9  0      0 69375184   9428  72936    0    0 49264     8 182170 188303 10  3 69 16  2	
 6  2      0 69375184   9428  72936    0    0 50080     0 185191 189309 10  3 70 16  2	
 8  2      0 69375184   9436  72928    0    0 49136    12 176872 182050 10  3 68 17  2	
 7  1      0 69375184   9436  72936    0    0 48640     0 182522 188535 10  3 70 16  2	
 6  4      0 69375184   9436  72936    0    0 49168     0 180486 185428 10  3 69 17  2	
 9  1      0 69375184   9436  72936    0    0 48464     0 180296 185001  9  3 70 17  2	
 5  4      0 69375184   9436  72936    0    0 50912     0 181279 186267 10  4 68 16  2	
 7  1      0 69375184   9436  72936    0    0 49024     0 183843 189476 10  3 70 16  2	
procs -----------memory---------- ---swap-- -----io---- --system-- -----cpu-----
 r  b   swpd   free   buff  cache   si   so    bi    bo   in   cs us sy id wa st
 6  2      0 69375184   9444  72936    0    0 49856    12 183581 189105 10  4 69 15  2	
 6  3      0 69375184   9444  72936    0    0 50128     0 182480 188122  9  3 70 16  2	
 6  2      0 69375184   9444  72936    0    0 49648     0 180986 187041  9  3 69 16  2	
 6  3      0 69375184   9444  72936    0    0 48864     0 183337 189885 10  3 70 15  2	
 7  2      0 69375184   9444  72936    0    0 50000     0 179854 185174 11  2 69 16  2	
 7  1      0 69375184   9452  72928    0    0 48224    12 179987 184950 10  4 69 16  2	
10  1      0 69375184   9452  72936    0    0 51760     0 182604 186353  9  3 69 16  2	
 7  1      0 69375184   9452  72936    0    0 50432     0 181324 186156 10  3 68 16  2	
 8  1      0 69375184   9452  72936    0    0 49936     0 181190 186317 10  4 69 16  2	
 6  3      0 69375184   9452  72936    0    0 48064     0 182135 188239 11  3 69 16  2	
 7  2      0 69375184   9452  72936    0    0 50576     0 183370 188241 10  4 69 15  2	
 7  3      0 69375056   9460  72936    0    0 49056    12 182096 188228 11  3 69 16  2	
 7  2      0 69375056   9460  72936    0    0 50304     0 182601 188001 10  3 69 16  2	
 9  1      0 69375056   9460  72936    0    0 50992     0 178855 183842  9  3 70 17  2	
 7  1      0 69375056   9460  72936    0    0 47904     0 181665 187212 10  3 69 16  2	
 9  2      0 69375056   9460  72936    0    0 49664     0 180016 185183 10  3 69 16  2	
 5  3      0 69375056   9468  72928    0    0 49632    12 181653 187405 10  4 69 16  2	
 9  2      0 69375056   9472  72932    0    0 48224    12 179522 185157  9  3 69 17  2	
 5  3      0 69375056   9472  72936    0    0 49424     0 180452 186637 10  3 69 16  2	
 9  0      0 69375056   9472  72936    0    0 51152     0 180514 185685 10  3 69 17  2	
 8  2      0 69375056   9472  72936    0    0 49936     0 179666 186390  9  3 69 17  2	
procs -----------memory---------- ---swap-- -----io---- --system-- -----cpu-----
 r  b   swpd   free   buff  cache   si   so    bi    bo   in   cs us sy id wa st
 9  2      0 69375056   9476  72932    0    0 49648    24 180930 186011  9  3 69 17  2	
 7  2      0 69375056   9480  72940    0    0 48240     4 180994 186835 10  4 68 16  2	
10  1      0 69375056   9480  72944    0    0 48208     0 182632 186981 10  3 69 16  2	
 6  2      0 69375056   9480  72944    0    0 48272     0 181462 186758 10  3 69 16  2	
 7  2      0 69375056   9480  72944    0    0 48816     0 180818 186437 11  3 68 16  2	
 5  4      0 69375056   9480  72944    0    0 49520     0 179548 185565 10  3 69 16  2	
 6  2      0 69375056   9488  72944    0    0 51472    12 180139 185707  9  4 69 17  2	
 6  3      0 69375056   9488  72944    0    0 50000    16 179609 185077 10  3 69 15  2	
 9  1      0 69375056   9488  72944    0    0 49360     0 181069 187583 10  3 69 16  2	
 6  3      0 69375056   9488  72944    0    0 49152     0 180931 187095 10  3 69 16  2	
 3  5      0 69375056   9488  72944    0    0 50544     0 180223 185403  9  3 69 17  2	
 7  3      0 69375056   9496  72936    0    0 50096    12 181259 186819 10  3 69 16  2	
 7  2      0 69375056   9496  72944    0    0 50592     0 181960 186496 10  3 69 16  2	
 5  3      0 69375056   9496  72944    0    0 49168     0 180754 185089  9  4 69 17  2	
 9  1      0 69375056   9496  72944    0    0 49936     0 182171 187920 10  3 69 16  2	
 5  3      0 69375056   9496  72944    0    0 50480     0 181859 186345  9  3 69 16  2	
 6  3      0 69375056   9496  72944    0    0 50160     0 180060 185752 10  3 69 16  2	
 8  2      0 69375056   9504  72944    0    0 50176    12 183934 189275 10  3 69 15  2	
 8  2      0 69375056   9504  72944    0    0 49424     0 181202 187522  9  4 70 16  2	
 8  1      0 69375056   9504  72944    0    0 50672     0 181321 186772 10  4 69 16  2	
 9  1      0 69375056   9504  72944    0    0 50464     0 182796 187680  9  3 70 16  2	
procs -----------memory---------- ---swap-- -----io---- --system-- -----cpu-----
 r  b   swpd   free   buff  cache   si   so    bi    bo   in   cs us sy id wa st
 8  2      0 69375056   9504  72944    0    0 49712     0 182722 188023 10  3 69 16  2	
 5  3      0 69375056   9512  72936    0    0 50032    12 181179 187134 10  3 69 16  2	
 7  1      0 69375056   9512  72944    0    0 50176     0 182466 187596 11  3 69 16  2	
 8  1      0 69375056   9512  72944    0    0 49664     0 182273 187405 10  4 69 16  2	
11  1      0 69375056   9512  72944    0    0 50928     0 176663 181553  9  3 69 18  2	
 5  3      0 69375056   9512  72944    0    0 49264     0 178020 183166  9  3 69 17  2	
 7  2      0 69375056   9516  72940    0    0 48528    16 180563 184881 10  4 68 17  2	
 4  4      0 69374936   9524  72944    0    0 50480    32 181501 186959 10  3 68 16  2	
 7  2      0 69374936   9524  72944    0    0 50304     0 180881 187149 10  3 69 16  2	
 6  2      0 69374936   9524  72944    0    0 49888     0 182011 187234 10  4 68 16  2	
 9  1      0 69374936   9524  72944    0    0 49632     0 179015 185576 10  3 69 17  2	
 9  1      0 69374936   9524  72944    0    0 48992     0 180562 186261 10  4 69 16  2	
 9  1      0 69374936   9532  72936    0    0 50720    12 182870 188187 10  3 69 16  2	
 6  2      0 69374936   9532  72944    0    0 50272     0 180231 185349 10  3 69 17  2	
 5  3      0 69374936   9532  72948    0    0 48592     0 179135 184343 11  3 68 17  2	
 5  4      0 69374936   9532  72948    0    0 48928     0 175843 181570  9  4 68 17  2	
 7  2      0 69374936   9532  72948    0    0 50192     0 181621 186515 10  4 68 16  2	
 4  4      0 69374936   9532  72948    0    0 49840     0 177966 184250 10  3 68 17  2	
 6  3      0 69374936   9540  72948    0    0 51024    12 181858 186627 10  4 69 16  2	
 8  2      0 69374936   9540  72948    0    0 49152     0 179172 184796 10  3 69 17  2	
 7  2      0 69374936   9540  72948    0    0 49616     0 179669 184510  9  3 69 17  2	
procs -----------memory---------- ---swap-- -----io---- --system-- -----cpu-----
 r  b   swpd   free   buff  cache   si   so    bi    bo   in   cs us sy id wa st
 8  1      0 69374936   9540  72948    0    0 49008    20 181109 186917 10  3 69 16  2	
 8  3      0 69374936   9540  72948    0    0 51136     0 181016 186421 10  3 69 16  2	
 6  3      0 69374936   9548  72940    0    0 50480    12 179282 185432  9  3 69 17  1	
 8  3      0 69374936   9548  72952    0    0 49440     0 181159 186797 10  3 69 16  2	
10  2      0 69374936   9548  72952    0    0 51536     0 182076 186760 10  4 68 16  2	
 9  1      0 69374936   9548  72952    0    0 48928     0 182107 188064 11  3 69 16  2	
 7  2      0 69374936   9548  72952    0    0 49456     0 182839 188097 10  3 70 16  2	
 7  3      0 69374936   9548  72952    0    0 49072     0 184610 189260  9  4 69 16  2	
 6  2      0 69374936   9556  72952    0    0 49344    16 180882 186151 10  3 69 16  2	
 4  4      0 69374936   9556  72952    0    0 50400     0 181902 186748  9  4 69 16  2	
 4  4      0 69374936   9556  72952    0    0 49408     0 184112 188299 10  3 69 16  2	
 8  1      0 69374936   9556  72952    0    0 49856     0 181097 186740 10  3 69 16  2	
 8  1      0 69374936   9556  72952    0    0 49952     0 182900 188223 11  3 69 16  2	
 7  2      0 69374936   9564  72944    0    0 50128    12 181088 185710 10  3 68 17  2	
 5  4      0 69374816   9564  72952    0    0 49088     0 176140 181971  9  3 69 17  2	
 7  2      0 69374816   9564  72952    0    0 48288     0 177158 182047 10  3 69 17  2	
 8  1      0 69374816   9564  72952    0    0 48496    16 181738 187312 10  3 69 16  2	
 9  3      0 69374816   9564  72952    0    0 48864     0 182104 186925 10  3 69 16  2	
 9  1      0 69374816   9564  72952    0    0 48896     0 177621 184318  9  3 70 17  2	
 8  1      0 69374816   9572  72952    0    0 49584    32 178155 183091 10  3 68 17  2	
 6  3      0 69374816   9572  72952    0    0 51632     0 179321 185722 10  3 69 17  2	
procs -----------memory---------- ---swap-- -----io---- --system-- -----cpu-----
 r  b   swpd   free   buff  cache   si   so    bi    bo   in   cs us sy id wa st
 5  4      0 69374816   9572  72952    0    0 49712     0 176547 182255 11  2 68 17  2	
 8  3      0 69374816   9572  72952    0    0 49664     0 182417 188103 11  4 68 16  2	
 5  3      0 69374816   9572  72952    0    0 49760     0 182163 187574 10  3 69 16  2	
 7  1      0 69374816   9580  72944    0    0 49136    12 179403 186592 11  2 69 16  2	
 9  1      0 69374816   9580  72944    0    0 48336     0 180626 185609 10  3 68 16  2	
 9  1      0 69374816   9580  72952    0    0 49216     0 182150 187020 11  3 68 16  2	
 5  3      0 69374816   9580  72956    0    0 50224     0 180283 184985 10  3 68 17  2	
 8  0      0 69374816   9580  72956    0    0 49312     0 178912 183635  9  3 69 17  2	
 8  1      0 69374816   9580  72956    0    0 50144     0 182351 186646 10  3 69 16  2	
 6  4      0 69374816   9588  72956    0    0 49088    12 182801 187509 10  3 69 16  2	
 6  3      0 69374816   9588  72956    0    0 48864     0 181459 186482 10  4 68 16  2	
 5  3      0 69374816   9588  72956    0    0 49600     0 184226 189018 11  3 69 16  2	
 7  2      0 69374816   9588  72956    0    0 48736     0 180510 186249  9  3 69 16  2	
 7  2      0 69374816   9588  72956    0    0 49488     0 181804 186315 10  3 70 16  2	
 6  3      0 69374816   9596  72948    0    0 49168    12 182774 187905 10  3 69 16  2	
12  0      0 69374816   9596  72956    0    0 50416    28 181345 186790 10  3 69 16  2	
 6  2      0 69374816   9596  72956    0    0 49872     0 182935 188098 10  4 68 16  2	
 7  2      0 69374816   9596  72956    0    0 50304     0 182201 187897  9  3 70 16  2	
 8  0      0 69374816   9596  72956    0    0 51040     0 181641 187181  9  3 70 16  2	
 7  2      0 69374816   9596  72956    0    0 48448     0 183332 188262 10  3 70 15  2	
 6  2      0 69374816   9604  72956    0    0 51344    12 179726 186969 10  3 69 16  2	
procs -----------memory---------- ---swap-- -----io---- --system-- -----cpu-----
 r  b   swpd   free   buff  cache   si   so    bi    bo   in   cs us sy id wa st
 5  3      0 69374816   9604  72956    0    0 49120     0 183058 187783 11  3 69 16  2	
 8  2      0 69374816   9604  72956    0    0 49488     0 180979 185550 10  4 69 16  2	
 4  4      0 69374816   9604  72956    0    0 49200     0 180024 185212 10  4 69 16  2	
 5  4      0 69374816   9604  72956    0    0 49328     0 180123 186709 10  3 69 16  2	
 6  4      0 69374816   9612  72948    0    0 50000    20 183143 188913 10  3 69 16  2	
 7  2      0 69374816   9612  72960    0    0 49328     0 183016 188570 10  4 69 15  2	
 7  2      0 69374816   9612  72960    0    0 48832     0 182055 187875  9  3 70 16  2	
 7  2      0 69374816   9612  72960    0    0 50432     0 181296 187131  9  4 69 16  2	
 6  2      0 69374816   9612  72960    0    0 49872     0 178922 184766 10  3 69 16  2	
 8  2      0 69374816   9612  72960    0    0 47984     0 182709 186970 10  3 69 16  2	
 9  1      0 69374816   9620  72960    0    0 49440    36 182451 187625 10  4 69 16  2	
 9  1      0 69374816   9620  72960    0    0 49200     0 184066 189429 11  3 69 15  2	
 5  4      0 69374816   9620  72960    0    0 48752     0 182737 188005 10  3 69 16  2	
 6  2      0 69374816   9620  72960    0    0 49744     0 183381 187269 10  3 69 16  2	
 8  1      0 69374816   9620  72960    0    0 49808     0 182373 188411 11  3 69 16  2	
 6  2      0 69374816   9628  72960    0    0 48528    24 182950 189076 11  3 69 16  2	
 6  2      0 69374816   9628  72960    0    0 48912     0 180405 186329 10  3 70 16  2	
 6  2      0 69374816   9628  72960    0    0 50432     0 179710 184319 10  3 68 17  2	
 8  1      0 69374816   9628  72960    0    0 49808     0 182895 187914 10  3 69 16  2	
 9  2      0 69374816   9628  72960    0    0 48960     0 179811 186174 10  3 69 16  2	
 6  4      0 69374816   9636  72956    0    0 50992    12 182030 187391 11  4 68 16  2	
procs -----------memory---------- ---swap-- -----io---- --system-- -----cpu-----
 r  b   swpd   free   buff  cache   si   so    bi    bo   in   cs us sy id wa st
 7  2      0 69374816   9636  72964    0    0 49472     0 177842 183275  8  4 69 17  2	
 8  1      0 69374816   9636  72964    0    0 50672     0 176940 181522  9  3 69 18  2	
 7  3      0 69374816   9636  72964    0    0 48928     0 176767 180603 10  3 68 17  2	
 7  1      0 69374816   9636  72964    0    0 49072     0 179249 184804  9  4 69 17  2	
 8  1      0 69374816   9636  72964    0    0 50368     0 176833 182457 10  3 68 17  1	
 8  1      0 69374816   9644  72964    0    0 49504    12 180812 185939 10  3 69 17  2	
 9  2      0 69374816   9644  72964    0    0 50880     0 182675 187346  9  4 70 16  2	
10  1      0 69374816   9644  72964    0    0 49600     0 183732 188112 10  4 69 16  2	
 5  5      0 69374816   9644  72964    0    0 49056     0 181668 186898 11  4 68 16  2	
 7  2      0 69374816   9644  72964    0    0 49312    16 180408 186713 11  3 69 16  2	
 8  1      0 69374816   9652  72956    0    0 50480    12 180190 185352 10  3 68 16  2	
 7  1      0 69374816   9652  72964    0    0 49888     0 179850 184538 10  4 68 16  2	
 4  4      0 69374816   9652  72964    0    0 49024     0 179686 185246 10  3 69 16  2	
 7  3      0 69374816   9652  72964    0    0 49152     0 182395 187371 10  3 69 16  2	
 6  2      0 69374816   9652  72964    0    0 49632     0 177825 183575 10  3 69 17  2	
 5  4      0 69374816   9652  72964    0    0 49664     0 181764 187112  9  3 70 16  2	
 7  2      0 69374816   9660  72964    0    0 50912    12 183884 188113 11  3 69 16  2	
 8  1      0 69374816   9660  72964    0    0 49840     0 180385 185953  9  4 69 16  2	
 6  2      0 69374816   9660  72964    0    0 50512     0 179441 185400 10  4 68 17  2	
 6  2      0 69374816   9660  72964    0    0 49584     8 179812 184947 10  3 69 17  2	
 6  2      0 69374816   9660  72964    0    0 48928     0 181860 187706 10  3 69 16  2	
procs -----------memory---------- ---swap-- -----io---- --system-- -----cpu-----
 r  b   swpd   free   buff  cache   si   so    bi    bo   in   cs us sy id wa st
 9  2      0 69374816   9668  72956    0    0 49680    24 182237 187870 10  3 69 16  2	
 5  3      0 69374816   9668  72964    0    0 49728     0 182554 187525  9  3 70 16  2	
 8  1      0 69374816   9668  72964    0    0 50208     0 178457 184309 10  3 69 17  2	
 4  4      0 69374816   9668  72964    0    0 48816     4 177505 183444  9  3 69 17  2	
 7  3      0 69374816   9668  72964    0    0 49344     0 179837 184798  9  3 70 17  2	
 6  3      0 69374816   9668  72968    0    0 48240     0 180099 185248 10  3 69 17  2	
 6  3      0 69374816   9676  72968    0    0 50096    12 181532 186660 10  3 69 16  2	
 9  0      0 69374816   9676  72968    0    0 50624     0 178221 184199 10  3 69 17  2	
 5  3      0 69374816   9676  72968    0    0 49568     0 183420 187598 10  3 70 16  2	
 6  2      0 69374816   9676  72968    0    0 50736     0 182790 187719 11  3 68 16  2	
 5  3      0 69374816   9676  72968    0    0 49968     0 178353 183116 10  3 68 17  2	
 9  1      0 69374816   9684  72964    0    0 49552    12 181393 187401 10  4 69 16  2	
 7  2      0 69374816   9684  72972    0    0 50112     0 181779 186380 10  3 68 16  2	
 7  1      0 69374816   9684  72972    0    0 47952     0 183191 189125 11  4 68 15  2	
 9  1      0 69374816   9684  72972    0    0 48144     0 185530 190228 11  4 68 15  2	
 9  1      0 69374816   9684  72972    0    0 50768     0 182985 188658 11  4 68 16  2	
 8  0      0 69374816   9684  72972    0    0 49456     0 183035 187390 10  3 69 16  2	
 8  0      0 69374688   9692  72972    0    0 48640    12 180962 186808 10  4 68 16  2	
10  0      0 69374688   9692  72972    0    0 51120     0 179845 185687 11  3 68 16  2	
 4  4      0 69374688   9692  72972    0    0 49280     0 180137 185968 10  4 69 16  2	
 6  2      0 69374688   9692  72972    0    0 49952     0 180697 185912 10  3 69 16  2	
procs -----------memory---------- ---swap-- -----io---- --system-- -----cpu-----
 r  b   swpd   free   buff  cache   si   so    bi    bo   in   cs us sy id wa st
 5  3      0 69374688   9692  72972    0    0 48608     0 181494 185799 11  3 69 15  2	
 7  3      0 69374688   9700  72964    0    0 49696    12 182427 188192 11  3 69 16  2	
 7  2      0 69374688   9700  72972    0    0 50496     0 181442 187262 11  4 68 16  1	
 9  1      0 69374688   9700  72972    0    0 50624    12 181124 187500 11  3 68 16  2	
 6  3      0 69374688   9700  72972    0    0 50480     0 183017 187776 11  3 69 16  2	
 7  2      0 69374688   9700  72972    0    0 48144     0 183642 188676 12  4 68 15  2	
 6  3      0 69374688   9700  72972    0    0 49664     0 184324 190226 10  4 69 15  2	
 7  1      0 69374688   9708  72972    0    0 50640    12 184582 188908 11  4 69 15  2	
 4  4      0 69374688   9708  72972    0    0 49536     8 181561 186993 10  4 69 16  2	
 6  2      0 69374688   9708  72972    0    0 49824     0 183733 187455 11  4 69 16  2	
10  2      0 69374688   9708  72972    0    0 49920     0 181624 185841 10  3 69 16  2	
 7  2      0 69374688   9708  72972    0    0 47776     0 174309 180305 10  3 68 18  1	
 9  1      0 69374688   9716  72964    0    0 46320    24 172927 176710  9  3 68 19  1	
 8  0      0 69374688   9716  72972    0    0 49312     8 177271 182885 10  3 68 17  2	
10  0      0 69374688   9716  72972    0    0 49488     0 178821 183550 10  4 68 17  2	
10  1      0 69374688   9716  72972    0    0 49344     0 179517 184229 10  3 68 17  2	
 4  5      0 69374688   9716  72972    0    0 49040     0 180072 184444 10  4 68 17  1	
 5  3      0 69374688   9716  72972    0    0 50112     0 179951 185182 10  4 68 17  2	
 8  2      0 69374688   9724  72972    0    0 48592    24 182824 188606 11  4 68 16  2	
 9  2      0 69374688   9724  72972    0    0 48512     0 180517 185729 10  4 68 16  2	
 9  1      0 69374688   9724  72972    0    0 49296     0 182231 186935 11  3 68 16  1	
procs -----------memory---------- ---swap-- -----io---- --system-- -----cpu-----
 r  b   swpd   free   buff  cache   si   so    bi    bo   in   cs us sy id wa st
 8  1      0 69374688   9724  72972    0    0 49200     0 182054 187482 10  3 69 16  2	
 9  1      0 69374688   9724  72972    0    0 50384     0 182024 187794 10  3 69 16  2	
 6  4      0 69374688   9732  72964    0    0 49440    12 179655 186529 11  3 68 17  2	
 6  2      0 69374560   9732  72976    0    0 49456     0 180633 186079 10  3 68 17  2	
 7  3      0 69374560   9732  72976    0    0 49424     0 178779 184729 10  3 69 17  2	
 7  1      0 69374560   9732  72976    0    0 49216     0 179230 184945 10  4 68 16  2	
 9  1      0 69374560   9732  72980    0    0 50736     0 180859 186228  9  4 68 17  2	
 6  2      0 69374560   9732  72980    0    0 49120     0 179297 184652 10  4 68 17  1	
 8  1      0 69374560   9740  72980    0    0 48320    12 181899 187606 11  3 69 16  2	
 9  0      0 69374560   9740  72980    0    0 51088     0 182051 188191 10  3 70 16  2	
 8  1      0 69374560   9740  72980    0    0 49760     0 184583 189896 10  4 69 15  2	
 6  2      0 69374560   9740  72980    0    0 50592     0 184603 190043 11  4 68 15  2	
 7  2      0 69374560   9740  72980    0    0 50160     0 183689 188965  9  3 70 16  2	
 6  2      0 69374560   9748  72972    0    0 47776    16 182675 189590 10  3 69 15  2	
 8  1      0 69374560   9748  72980    0    0 49984     0 180651 186854 10  3 69 16  2	
 7  1      0 69374560   9748  72980    0    0 47696     0 178166 183798 10  3 68 17  2	
 7  1      0 69374560   9748  72980    0    0 49424     0 179383 184860  9  3 69 17  2	
 6  3      0 69374560   9748  72980    0    0 50096     0 181438 187512 11  3 69 16  2	
 8  1      0 69374560   9748  72980    0    0 49264    28 179078 185558 11  3 69 16  2	
 7  3      0 69374560   9756  72980    0    0 48048    24 178892 185396 10  3 69 16  2	
 9  0      0 69374560   9756  72980    0    0 49152     0 180551 186927  9  3 70 16  2	
procs -----------memory---------- ---swap-- -----io---- --system-- -----cpu-----
 r  b   swpd   free   buff  cache   si   so    bi    bo   in   cs us sy id wa st
 4  4      0 69374560   9756  72980    0    0 48368     0 181097 186481 10  3 69 16  2	
 8  2      0 69374560   9756  72980    0    0 49488     0 180078 185022 11  4 68 16  1	
 9  1      0 69374560   9756  72980    0    0 49264     8 181459 187346 10  3 68 16  2	
 7  3      0 69374560   9764  72972    0    0 50048    24 179019 184099 11  3 68 17  1	
 9  0      0 69374560   9764  72972    0    0 48992     0 181949 187178 10  4 69 16  2	
 7  2      0 69374560   9764  72980    0    0 50240     0 181007 186805 10  4 68 16  2	
 8  1      0 69374560   9764  72980    0    0 49472     0 181350 187668 11  3 68 16  2	
 8  1      0 69374560   9764  72980    0    0 49296     0 182366 186724 10  3 69 16  2	
 4  5      0 69374560   9764  72980    0    0 50336     0 182989 188300 10  3 69 16  2	
 8  1      0 69374560   9772  72980    0    0 46928    12 184005 190369 11  3 70 15  2	
 7  2      0 69374560   9772  72980    0    0 49632     0 180620 186814 11  3 68 16  2	
 8  1      0 69374560   9772  72980    0    0 49648     0 180094 185359 10  4 68 17  2	
 7  1      0 69374560   9772  72980    0    0 49632     0 180544 185811 10  4 68 17  2	
 7  1      0 69374560   9772  72980    0    0 49088     0 181599 187202 10  3 70 16  2	
 6  2      0 69374560   9780  72972    0    0 50208    12 184165 188970 11  4 68 16  2	
 6  3      0 69374560   9780  72980    0    0 50816     0 183398 188965 11  3 69 15  2	
 7  2      0 69374560   9780  72984    0    0 49680     0 180920 185528 10  3 68 17  2	
 6  4      0 69374296   9780  72984    0    0 48672     4 184009 188701 10  4 70 15  2	
 6  2      0 69374296   9780  72984    0    0 49920     0 183223 189313 10  3 70 16  2	
 5  4      0 69374296   9780  72984    0    0 51504     0 182211 187782 11  3 69 15  2	
 7  3      0 69374296   9788  72984    0    0 47952    20 182695 188010 11  3 69 16  2	
procs -----------memory---------- ---swap-- -----io---- --system-- -----cpu-----
 r  b   swpd   free   buff  cache   si   so    bi    bo   in   cs us sy id wa st
 5  3      0 69374296   9788  72984    0    0 51040     0 178889 184505 10  3 69 17  2	
 5  3      0 69374296   9788  72984    0    0 49968     0 180793 185939 10  2 69 17  2	
 5  4      0 69374296   9788  72984    0    0 49680     0 177975 183095 10  3 68 17  2	
 4  4      0 69374296   9788  72984    0    0 48912     0 179682 185853 10  3 69 16  2	
 8  2      0 69374296   9796  72976    0    0 50896    12 180171 186464 10  3 68 16  2	
 4  5      0 69374296   9796  72984    0    0 49840     0 179262 184798 11  3 68 17  2	
 8  2      0 69374296   9796  72988    0    0 48976     8 176761 182855 11  3 68 17  2	
 8  2      0 69374296   9796  72988    0    0 47664     0 174492 180407  9  3 68 18  1	
 6  3      0 69374296   9796  72988    0    0 46576     0 167022 171907  9  3 68 20  1	
 6  2      0 69374296   9796  72988    0    0 48384     0 181384 187720 10  4 68 16  2	
 7  2      0 69374296   9804  72988    0    0 48912    24 180763 187176 11  3 68 16  2	
 5  4      0 69374296   9804  72988    0    0 49088    28 179939 184861 11  3 68 16  2	
 5  4      0 69374296   9804  72988    0    0 49184     0 180936 186066 10  3 69 16  2	
 5  3      0 69374296   9804  72988    0    0 47968     0 179540 186579 11  3 69 15  2	
 6  3      0 69374296   9804  72988    0    0 48768     0 182269 188707 11  3 68 15  2	
 6  2      0 69374296   9812  72980    0    0 50960    12 180607 186459 11  3 68 16  2	
 5  4      0 69374296   9812  72988    0    0 50320     0 181683 187120 11  3 69 16  2	
 6  2      0 69374296   9812  72988    0    0 51488     8 181103 186724 11  3 69 16  2	
 7  1      0 69374296   9812  72988    0    0 49472     0 182572 187791 11  3 69 16  2	
 9  0      0 69374296   9812  72988    0    0 49584     0 182956 188913 11  3 69 16  2	
 8  3      0 69374296   9812  72988    0    0 51600     0 182563 187982 10  3 69 16  2	
procs -----------memory---------- ---swap-- -----io---- --system-- -----cpu-----
 r  b   swpd   free   buff  cache   si   so    bi    bo   in   cs us sy id wa st
 6  2      0 69374296   9820  72988    0    0 49472    24 182706 188857 10  4 69 16  2	
 6  3      0 69374296   9820  72988    0    0 49504     0 180126 185880 10  4 68 16  2	
 7  1      0 69374296   9820  72988    0    0 48928     0 178920 183997 10  3 68 16  2	
 5  4      0 69374296   9820  72988    0    0 49760     0 181021 186248 10  3 69 16  2	
 4  4      0 69374296   9820  72988    0    0 49664     0 180160 185065  8  3 70 17  2	
 8  1      0 69374296   9828  72980    0    0 51088    12 177622 182302 10  3 68 17  2	
 8  2      0 69374296   9828  72988    0    0 48512     8 182388 187549 10  4 69 15  2	
 7  1      0 69374296   9828  72992    0    0 50128     0 183435 189080 11  4 68 15  2	
 8  0      0 69374296   9828  72992    0    0 50528     0 183322 188265 11  3 69 16  2	
 8  1      0 69374296   9828  72992    0    0 50752     0 182810 188780 10  4 69 16  2	
 8  1      0 69374296   9828  72992    0    0 50128     0 184327 189950 10  3 69 15  2	
 5  3      0 69374296   9836  72992    0    0 51424    12 180072 186136  9  4 70 17  2	
 9  0      0 69374296   9836  72992    0    0 50288     0 179059 184516 10  3 69 16  2	
10  0      0 69374296   9836  72992    0    0 50704     0 181405 188028 11  3 68 16  2	
 8  1      0 69374296   9836  72992    0    0 49600     0 181967 186730  9  4 69 16  2	
 7  1      0 69374296   9836  72992    0    0 50432     0 180857 185121 10  3 70 16  2	
 6  3      0 69374296   9844  72984    0    0 49456    12 178755 185162 10  4 68 17  1	
 7  2      0 69374296   9844  72992    0    0 50128     0 180285 185703 11  3 68 16  2	
 8  1      0 69374296   9844  72992    0    0 49744     0 183837 189659 11  3 69 15  2	
 8  1      0 69374296   9844  72992    0    0 48816     0 182976 189075 10  3 69 16  2	
 8  3      0 69374296   9844  72992    0    0 49424     0 182308 187476 10  3 68 16  2	
procs -----------memory---------- ---swap-- -----io---- --system-- -----cpu-----
 r  b   swpd   free   buff  cache   si   so    bi    bo   in   cs us sy id wa st
 9  2      0 69374296   9848  72988    0    0 49376    28 181402 187074 10  3 69 16  2	
 6  4      0 69374296   9852  72992    0    0 48256     4 177221 182275  9  3 69 17  2	
 5  3      0 69374296   9852  72992    0    0 49552     0 176113 182143 10  3 68 18  2	
 5  4      0 69374296   9852  72992    0    0 50560     0 181030 186125 10  3 69 16  2	
 7  2      0 69374296   9852  72992    0    0 47984     0 177651 183298 11  3 69 16  2	
 6  2      0 69374296   9852  72992    0    0 50256    16 182214 187139 10  3 69 16  2	
 8  2      0 69374296   9860  72992    0    0 49696    12 182410 188497 10  3 69 16  2	
10  1      0 69374296   9860  72996    0    0 49872     0 182080 187703 10  3 69 16  2	
 8  1      0 69374296   9860  72996    0    0 49344     0 182358 187065 10  4 69 16  2	
 4  5      0 69374296   9860  72996    0    0 49312     0 182000 187191 10  3 69 16  2	
 6  3      0 69374296   9860  72996    0    0 50320     8 183068 188799 11  3 69 16  2	
 8  3      0 69374296   9868  72988    0    0 50320    24 178963 184176 10  4 68 16  2	
 8  1      0 69374296   9868  72996    0    0 49536     0 182855 188925 11  4 69 15  2	
 9  1      0 69374296   9868  72996    0    0 48496     0 176003 181308  9  3 68 18  2	
 4  4      0 69374296   9868  72996    0    0 49056     0 179272 185093 10  3 69 16  2	
 6  2      0 69374296   9868  72996    0    0 48640     0 182783 188202  9  4 69 16  2	
 5  4      0 69374296   9868  72996    0    0 48496     0 180099 187195 10  3 70 16  2	
 7  3      0 69374296   9876  72996    0    0 51712    12 182488 188444 10  4 69 16  2	
 6  3      0 69374296   9876  72996    0    0 49056     0 180054 185383 11  3 68 16  2	
 8  0      0 69374296   9876  72996    0    0 49680     0 179288 185835 10  3 69 16  1	
 9  0      0 69374296   9876  73000    0    0 50576     0 181504 187766 10  3 69 16  2	
procs -----------memory---------- ---swap-- -----io---- --system-- -----cpu-----
 r  b   swpd   free   buff  cache   si   so    bi    bo   in   cs us sy id wa st
 6  2      0 69374296   9876  73000    0    0 49632     0 182394 187705 11  4 68 15  2	
 5  3      0 69374296   9884  72992    0    0 48320    12 181781 187101 10  4 69 16  2	
 8  1      0 69374296   9884  73000    0    0 49312     0 182347 189052  9  3 70 16  2	
 9  1      0 69374296   9884  73000    0    0 49280     0 179024 184013 10  3 68 16  2	
 6  2      0 69374296   9884  73000    0    0 48752     0 180322 185405 11  3 69 15  2	
 9  0      0 69374296   9884  73000    0    0 47952     0 180602 186273 10  4 68 16  2	
 8  1      0 69374296   9884  73000    0    0 49568     0 181078 186499 10  3 69 16  2	
 6  2      0 69374296   9892  72992    0    0 49200    12 181558 186794 11  3 68 16  2	
11  1      0 69374296   9892  73000    0    0 49536     0 180846 186872 10  3 69 16  2	
 8  0      0 69374296   9892  73000    0    0 49408     0 181337 186476 10  3 69 16  2	
 6  2      0 69374296   9892  73000    0    0 50624     8 182524 188308  9  3 70 16  2	
 9  1      0 69374296   9892  73000    0    0 50080     0 181760 187594 10  3 69 16  2	
 6  2      0 69374296   9900  72992    0    0 51184    24 180588 185561  9  3 69 17  2	
 6  2      0 69374296   9900  73000    0    0 48208     0 177387 181355 10  3 69 17  2	
 4  6      0 69374296   9900  73000    0    0 50528     0 183359 187699 10  4 69 16  2	
 9  0      0 69374296   9900  73000    0    0 49840    16 183746 189654 10  3 69 15  2	
 8  0      0 69374296   9900  73000    0    0 49664     0 181837 187792 10  3 69 16  2	
 7  1      0 69374296   9900  73000    0    0 49424     0 179512 185376  9  3 69 16  2	
 6  2      0 69374296   9908  73000    0    0 50768    16 182429 188513 10  3 69 16  2	
 7  2      0 69374296   9908  73000    0    0 50272     0 182695 188177 10  3 69 16  2	
 5  3      0 69374296   9908  73000    0    0 49552     4 180762 186030 10  3 69 16  2	
procs -----------memory---------- ---swap-- -----io---- --system-- -----cpu-----
 r  b   swpd   free   buff  cache   si   so    bi    bo   in   cs us sy id wa st
 6  2      0 69374296   9908  73000    0    0 48800     0 181859 188026 10  4 69 16  2	
 6  3      0 69374296   9908  73000    0    0 50384     0 183440 188712  9  4 69 16  2	
 5  4      0 69374296   9916  72992    0    0 48784    12 181875 186813  9  4 70 16  2	
 8  1      0 69374296   9916  72992    0    0 49440     0 182439 188722 10  3 69 16  2	
 9  0      0 69374296   9916  73000    0    0 50896     0 181333 187058 10  3 69 16  2	
 7  2      0 69374296   9916  73000    0    0 49504     0 179718 185170 10  3 69 16  2	
 9  1      0 69374296   9916  73000    0    0 49200     0 179040 184476 10  3 69 17  2	
 9  1      0 69374296   9916  73000    0    0 51296     0 181596 187386 10  3 69 16  2	
 6  2      0 69374296   9924  73004    0    0 48032    12 182119 188413 11  3 69 15  2	
 6  2      0 69374296   9924  73004    0    0 49248     0 184511 189701 11  3 69 15  2	
 5  3      0 69374296   9924  73004    0    0 50192     0 182240 187712 10  3 69 16  2	
 9  0      0 69374296   9924  73004    0    0 49696     0 180487 185122 10  3 68 17  2	
10  1      0 69374296   9924  73008    0    0 48400     0 177891 183180 10  3 68 16  2	
 9  1      0 69374176   9932  73008    0    0 49200    12 181898 188544 10  4 69 16  2	
 7  2      0 69374176   9932  73008    0    0 48160     0 179824 186384 10  3 69 16  2	
 4  4      0 69374176   9932  73008    0    0 48864     0 179509 184733 11  3 68 17  2	
 8  2      0 69374176   9932  73012    0    0 50144     0 179182 184899  9  4 69 17  1	
 7  2      0 69374176   9932  73012    0    0 50528     0 180363 185762  9  3 69 17  2	
 8  1      0 69374176   9940  73004    0    0 49168    20 179827 185627 10  3 69 16  2	
 7  2      0 69374176   9940  73012    0    0 50576     0 180994 187108 10  3 69 16  2	
 6  2      0 69374176   9940  73012    0    0 50128     8 178637 185106 10  4 68 16  2	
procs -----------memory---------- ---swap-- -----io---- --system-- -----cpu-----
 r  b   swpd   free   buff  cache   si   so    bi    bo   in   cs us sy id wa st
 8  1      0 69374176   9940  73016    0    0 49456     0 178957 186446 10  3 69 16  2	
 6  3      0 69374176   9940  73016    0    0 47888     0 179706 185839 11  4 68 16  2	
 5  3      0 69374176   9940  73016    0    0 49856     0 182455 187063  9  3 70 16  2	
 7  1      0 69374048   9948  73016    0    0 49552    32 182542 187341 11  3 69 16  2	
 7  1      0 69374048   9948  73016    0    0 49344     4 181659 187560 11  3 69 16  2	
 5  3      0 69374048   9948  73016    0    0 51360     0 181169 186007 11  3 68 16  2	
 6  2      0 69374048   9948  73016    0    0 47824     0 181501 186710 10  4 69 16  2	
 8  1      0 69374048   9948  73016    0    0 48352     0 179584 185377 10  3 69 16  2	
11  1      0 69374048   9956  73008    0    0 50864    20 179032 184648 10  3 68 17  2	
 7  1      0 69374048   9956  73016    0    0 48176    32 179542 183912 11  3 68 16  2	
 8  1      0 69374048   9956  73016    0    0 50240     0 176992 183256 10  4 68 17  2	
10  0      0 69374048   9956  73016    0    0 50224     0 179147 184378 10  3 69 17  2	
 7  2      0 69374048   9956  73016    0    0 49376     0 180743 186542 10  3 69 16  2	
 6  2      0 69374048   9956  73016    0    0 49760     0 178898 183822 10  3 69 17  2	
 4  4      0 69374048   9964  73016    0    0 49952    32 178786 183956  9  3 69 17  2	
 5  4      0 69374048   9964  73016    0    0 50400     0 179348 185179 11  3 67 16  2	
 7  2      0 69374048   9964  73016    0    0 48976     0 176402 181665 10  3 68 18  2	
 9  0      0 69374048   9964  73016    0    0 48496     0 180126 184578  9  3 69 17  2	
 9  2      0 69374048   9964  73016    0    0 48768     0 176849 182734 10  3 69 17  2	
 9  0      0 69374048   9972  73008    0    0 50400    20 182193 187121 10  3 69 16  2	
 5  3      0 69374048   9972  73016    0    0 48896     0 181368 188006 10  4 69 16  2	
procs -----------memory---------- ---swap-- -----io---- --system-- -----cpu-----
 r  b   swpd   free   buff  cache   si   so    bi    bo   in   cs us sy id wa st
 7  3      0 69374048   9972  73016    0    0 49792     0 179740 185126 10  3 69 16  2	
 6  2      0 69374048   9972  73016    0    0 48096     0 182119 187742 10  4 69 16  2	
 9  0      0 69374048   9972  73016    0    0 50448     0 180502 186274 11  3 68 16  2	
 8  0      0 69374048   9972  73016    0    0 49632    16 184805 189928 10  4 69 15  2	
 8  1      0 69374048   9980  73020    0    0 50016    36 179601 186707 10  3 68 16  2	
 9  1      0 69374048   9980  73020    0    0 50592     0 182428 188420 10  3 69 16  2	
 5  3      0 69374048   9980  73020    0    0 49872     0 177776 184307 10  3 68 17  2	
 8  1      0 69374048   9980  73020    0    0 48672     0 180442 187479 10  4 68 16  2	
 9  2      0 69374048   9980  73020    0    0 49920     8 182134 187008 10  4 69 16  2	
 7  2      0 69374048   9988  73024    0    0 50064    24 182369 189167 10  4 70 15  2	
 7  2      0 69374048   9988  73024    0    0 50576     0 180018 185266 10  3 69 16  2	
 9  2      0 69374048   9988  73024    0    0 49152     0 183947 188246 10  4 69 16  2	
 8  0      0 69374048   9988  73024    0    0 46992     0 175991 180833 10  3 68 18  2	
 7  2      0 69374048   9988  73024    0    0 51408     0 179563 184175  9  3 69 17  2	
 7  2      0 69374048   9988  73024    0    0 48992     0 181682 187473 11  3 69 16  2	
 6  3      0 69374048   9996  73024    0    0 48512    12 180752 186358 10  3 69 16  2	
 8  1      0 69374048   9996  73024    0    0 50016     0 178977 183792 10  4 68 17  2	
 7  1      0 69374048   9996  73024    0    0 49680     0 181289 186014 10  3 69 16  2	
 4  5      0 69374048   9996  73024    0    0 52544     8 178331 183496  9  3 69 17  2	
 6  2      0 69374048   9996  73024    0    0 50112     0 182368 187760 11  3 69 16  2	
 5  5      0 69374048  10004  73016    0    0 50240    24 179477 184622 11  3 69 16  2	
procs -----------memory---------- ---swap-- -----io---- --system-- -----cpu-----
 r  b   swpd   free   buff  cache   si   so    bi    bo   in   cs us sy id wa st
 6  3      0 69374048  10004  73024    0    0 50464     0 181131 186820 10  4 69 15  2	
 6  3      0 69374048  10004  73024    0    0 48448     0 179606 186932 10  4 69 16  2	
 9  1      0 69374048  10004  73024    0    0 50624     0 182034 187006  9  4 69 16  2	
 8  0      0 69374048  10004  73024    0    0 48672    36 182566 187268 10  3 69 16  2	
 7  1      0 69374048  10004  73024    0    0 50976     0 181957 187855 10  4 68 16  2	
 6  3      0 69374048  10012  73024    0    0 50512    12 179095 184906 10  3 69 17  2	
 5  3      0 69374048  10012  73024    0    0 49392     0 180284 186752 11  3 68 16  2	
 0  8      0 69374048  10012  73024    0    0 49568     0 181242 186726 10  3 69 16  2	
10  0      0 69374048  10012  73024    0    0 50576     0 178933 184758  9  4 69 17  2	
 7  1      0 69374048  10012  73024    0    0 48880     0 179848 185705 10  3 69 16  2	
 5  3      0 69374048  10020  73016    0    0 49760    12 179825 184183 10  3 69 16  2	
 6  3      0 69374048  10020  73024    0    0 50896     0 182737 188001 10  3 69 16  2	
 9  1      0 69374048  10020  73024    0    0 49840     0 183292 188460 10  3 69 16  2	
 8  3      0 69374048  10020  73024    0    0 48672     0 177479 183047  9  3 69 17  2	
 8  1      0 69374048  10020  73024    0    0 49056     0 179717 185566 11  3 68 16  2	
 6  2      0 69374048  10020  73024    0    0 49008     0 179252 185739  9  4 69 16  2	
 8  0      0 69374048  10028  73024    0    0 48128    12 180763 186233  9  4 69 16  2	
 8  1      0 69374048  10028  73028    0    0 49744     0 181369 185703 10  4 68 16  2	
10  0      0 69374048  10028  73028    0    0 50384     0 180907 186399 10  4 68 16  2	
 6  3      0 69374048  10028  73028    0    0 48720     0 179014 182867  9  3 69 17  2	
 7  1      0 69374048  10028  73028    0    0 50208     0 182672 187556 10  3 69 16  2	
procs -----------memory---------- ---swap-- -----io---- --system-- -----cpu-----
 r  b   swpd   free   buff  cache   si   so    bi    bo   in   cs us sy id wa st
 5  4      0 69374048  10036  73020    0    0 49360    12 182158 187637  9  3 69 16  2	
 8  1      0 69374048  10036  73028    0    0 49344     0 180379 185920 10  3 69 17  2	
 6  2      0 69374048  10036  73028    0    0 48896     8 180210 185085  9  3 69 17  2	
 7  2      0 69374048  10036  73028    0    0 48544     0 180861 185397 10  3 69 16  2	
 8  2      0 69374048  10036  73028    0    0 50208     0 182274 187363 10  3 68 16  2	
 5  4      0 69374048  10036  73028    0    0 51184     0 182212 186558 10  4 68 16  2	
 8  2      0 69374048  10044  73028    0    0 48640    24 175542 180096 10  4 67 17  2	
 6  2      0 69374048  10044  73028    0    0 49808     4 180039 185134 10  3 68 17  2	
 7  1      0 69374048  10044  73028    0    0 48736     0 177965 182533  8  3 69 17  2	
 7  2      0 69374048  10044  73028    0    0 49664     0 182061 187309 10  4 69 16  2	
 7  4      0 69374048  10044  73032    0    0 48816     0 182001 188621 10  3 69 16  2	
 8  0      0 69374048  10052  73024    0    0 50432    20 182153 187339 10  3 69 16  2	
 4  4      0 69374048  10052  73032    0    0 50944     0 181975 188256 10  3 69 16  2	
 5  3      0 69374048  10052  73032    0    0 49104     0 179647 185585 10  3 69 16  2	
 8  1      0 69374048  10052  73032    0    0 49024     0 179517 186169 10  3 69 16  2	
 5  4      0 69374048  10052  73032    0    0 50096     0 180879 185604  9  4 69 17  2	
 9  1      0 69374048  10052  73032    0    0 48176     0 177602 183897 10  3 68 17  2	
 8  1      0 69374048  10060  73032    0    0 49216    32 179328 184527 10  3 68 17  2	
 8  0      0 69374048  10060  73032    0    0 48976     0 177298 182619 10  4 68 17  1	
 4  4      0 69374048  10060  73032    0    0 49696     0 182748 187714 10  3 69 16  2	
 3  5      0 69374048  10060  73032    0    0 50080     0 183077 188671 10  4 69 16  2	
procs -----------memory---------- ---swap-- -----io---- --system-- -----cpu-----
 r  b   swpd   free   buff  cache   si   so    bi    bo   in   cs us sy id wa st
 8  1      0 69374048  10060  73032    0    0 48688     0 176599 182083 10  3 68 17  1	
 5  3      0 69374048  10068  73024    0    0 48944    12 177150 182860 10  3 68 17  2	
10  1      0 69374048  10068  73032    0    0 50656     0 181531 186567 11  3 68 16  2	
 6  3      0 69374048  10068  73032    0    0 50352     0 183789 188600 11  3 69 16  2	
 9  1      0 69374048  10068  73032    0    0 49200     0 181749 186846 10  3 69 16  2	
 5  4      0 69374048  10068  73032    0    0 50000     0 183304 188189  9  3 70 16  2	
 8  2      0 69374048  10068  73032    0    0 50048     0 180900 186523 11  3 69 16  2	
 7  1      0 69374048  10076  73032    0    0 48016    12 178043 184218 10  3 69 16  2	
 7  3      0 69374048  10076  73032    0    0 50256     0 181069 186747 11  3 68 16  2	
 7  1      0 69374048  10076  73036    0    0 50992     0 177808 183902 10  3 69 16  2	
 7  2      0 69374048  10076  73036    0    0 50048     0 180667 185747 10  3 69 16  2	
 5  4      0 69374048  10076  73036    0    0 50368     0 182804 187823 10  4 69 16  2	
11  0      0 69374048  10084  73028    0    0 49504    32 181059 187373 10  4 69 16  2	
 5  3      0 69374048  10084  73036    0    0 49200     0 178733 185229 11  4 68 16  2	
 8  0      0 69374048  10084  73036    0    0 49584     0 180456 186564  9  3 70 16  2	
 8  1      0 69374048  10084  73036    0    0 49424     0 180973 186879  9  4 69 16  2	
 8  0      0 69374048  10084  73036    0    0 48640     0 180261 186393  9  3 70 16  2	
 7  2      0 69374048  10084  73036    0    0 49920    16 177922 183737 10  4 69 16  2	
 8  1      0 69373920  10092  73036    0    0 48496    28 181040 186958 11  3 69 15  2	
 8  2      0 69373920  10092  73036    0    0 49392     0 178560 184561  9  3 69 17  2	
 8  1      0 69373920  10092  73036    0    0 50288     0 179199 185550 10  3 69 17  2	
procs -----------memory---------- ---swap-- -----io---- --system-- -----cpu-----
 r  b   swpd   free   buff  cache   si   so    bi    bo   in   cs us sy id wa st
 7  2      0 69373920  10092  73036    0    0 49632     0 181924 187573 10  4 68 16  2	
 7  1      0 69373920  10092  73036    0    0 50272     0 179819 185917  9  4 69 16  2	
 5  3      0 69373920  10100  73028    0    0 49600    12 180416 186368 10  4 69 16  2	
 8  2      0 69373920  10100  73036    0    0 50512     0 181061 185730 10  3 69 17  2	
 6  3      0 69373920  10100  73036    0    0 49712     0 179102 184596  9  3 70 17  2	
 5  3      0 69373920  10100  73036    0    0 49296     0 182514 188514 10  3 69 16  2	
 7  2      0 69373920  10100  73036    0    0 48080     0 177651 184124 10  3 69 16  2	
 8  1      0 69373920  10100  73036    0    0 49888     0 181365 187167 10  3 69 16  2	
 6  3      0 69373920  10108  73036    0    0 49504    12 180423 184378 10  3 69 17  2	
12  1      0 69373920  10108  73036    0    0 51328     0 178619 184452  9  3 69 17  2	
 3  5      0 69373920  10108  73036    0    0 48208     0 178190 183026 10  3 68 17  2	
11  0      0 69373920  10108  73040    0    0 42352    24 157222 162573  8  3 66 22  1	
 6  2      0 69373920  10108  73040    0    0 47152     0 178155 182692 10  3 69 17  2	
 4  4      0 69373920  10116  73032    0    0 50832    12 179248 183662  9  3 69 17  2	
 3  6      0 69373920  10116  73040    0    0 49536     0 180961 187380 10  3 69 16  2	
 8  2      0 69373920  10116  73040    0    0 49168     0 179556 185948 10  3 69 16  2	
 9  1      0 69373920  10116  73040    0    0 48176     0 176072 180083 10  3 69 17  2	
 7  1      0 69373920  10116  73040    0    0 51088     0 181705 186954  9  3 69 16  2	
 6  2      0 69373920  10116  73040    0    0 48592     0 178727 183904 10  4 68 16  2	
 6  2      0 69373920  10124  73040    0    0 49984    12 176685 182225  9  3 69 17  2	
 7  1      0 69373920  10124  73040    0    0 49808     0 183670 188376 10  4 69 16  2	
procs -----------memory---------- ---swap-- -----io---- --system-- -----cpu-----
 r  b   swpd   free   buff  cache   si   so    bi    bo   in   cs us sy id wa st
10  1      0 69373920  10124  73040    0    0 47760     8 176566 183573 11  3 68 17  1	
 6  3      0 69373920  10124  73044    0    0 49184     0 176576 182147 10  3 69 17  2	
 8  1      0 69373920  10124  73044    0    0 50576     0 181884 186787 10  3 69 16  2	
 7  2      0 69373920  10132  73036    0    0 50384    24 180632 186193 10  3 69 16  2	
 9  1      0 69373920  10132  73044    0    0 49104     0 180311 186568 10  3 69 16  2	
 9  0      0 69373920  10132  73044    0    0 49104     0 176250 182082  9  3 69 17  2	
 5  3      0 69373920  10132  73044    0    0 50512    12 179391 185615 10  3 69 16  2	
 9  1      0 69373920  10132  73044    0    0 48288     0 177500 183590 10  3 69 17  2	
 9  2      0 69373920  10132  73044    0    0 51344     0 178498 184096 10  3 68 17  2	
 8  2      0 69373920  10140  73044    0    0 49712    24 181160 186764  9  3 69 16  2	
 9  1      0 69373920  10140  73044    0    0 49360     0 181715 186545 10  4 69 16  2	
 7  2      0 69373920  10140  73044    0    0 49296     0 182249 187211 10  4 69 16  2	
 4  4      0 69373920  10140  73044    0    0 50384     0 182059 186827 10  3 69 16  2	
 5  3      0 69373920  10140  73044    0    0 48736     0 181652 186750 11  3 68 16  2	
 5  3      0 69373920  10148  73036    0    0 48768    12 183219 188581  9  3 70 16  2	
 7  1      0 69373920  10148  73044    0    0 49296     0 176237 182157  9  3 70 17  2	
 8  1      0 69373920  10148  73044    0    0 46832     0 173713 178447  9  3 69 17  2	
 7  3      0 69373920  10148  73044    0    0 49440     0 179045 184871 10  3 69 17  2	
 7  2      0 69373920  10148  73044    0    0 49536     0 180149 185786 10  3 69 16  2	
 7  2      0 69373920  10148  73044    0    0 48352     0 178405 184773  9  3 69 17  2	
 7  2      0 69373920  10156  73044    0    0 49456    12 179890 185770 10  3 69 17  2	
procs -----------memory---------- ---swap-- -----io---- --system-- -----cpu-----
 r  b   swpd   free   buff  cache   si   so    bi    bo   in   cs us sy id wa st
 7  3      0 69373920  10156  73044    0    0 49200     0 181240 186165  9  3 69 16  2	
 7  1      0 69373920  10156  73044    0    0 49584     0 178689 184036 10  3 69 17  2	
 5  3      0 69373920  10156  73044    0    0 48816     0 181904 186739 10  3 69 16  2	
 7  2      0 69373920  10156  73044    0    0 49552     0 181191 186191 10  4 68 16  2	
 9  1      0 69373920  10164  73036    0    0 48368    12 179283 185343 10  3 69 16  2	
 7  2      0 69373920  10164  73044    0    0 50192    20 182224 187752 11  3 69 16  2	
10  0      0 69373920  10164  73044    0    0 49040     0 181394 186948  9  4 69 16  2	
 6  3      0 69373920  10164  73044    0    0 48960     0 180725 187308 11  4 68 16  2	
 5  4      0 69373920  10164  73044    0    0 48544     0 178871 183933 10  4 68 17  2	
 7  1      0 69373920  10164  73044    0    0 49648     0 181902 187549  9  3 70 16  2	
 7  2      0 69373920  10172  73044    0    0 49408    16 181510 188159 10  3 69 16  2	
 9  1      0 69373920  10172  73044    0    0 49552     0 184903 189847 11  3 70 15  2	
11  0      0 69373920  10172  73052    0    0 50288     0 183427 188985 10  3 69 16  2	
 8  2      0 69373920  10172  73052    0    0 49040     0 181373 187792 10  3 69 16  2	
 6  3      0 69373920  10172  73052    0    0 47616     0 179634 185855 11  3 69 15  2	
 4  5      0 69373920  10180  73044    0    0 48944    12 177362 183292 12  3 67 17  2	
 5  3      0 69373920  10180  73052    0    0 48912     0 177841 183884 10  3 68 17  2	
 8  1      0 69373920  10180  73052    0    0 49504     0 181496 186688 10  3 69 16  2	
 7  2      0 69373920  10180  73052    0    0 48128     0 182246 188240 10  4 69 16  2	
 6  3      0 69373920  10180  73052    0    0 48752     0 180264 186248 10  4 68 16  2	
 7  2      0 69373920  10180  73052    0    0 48512     8 181696 186267  9  3 69 16  2	
procs -----------memory---------- ---swap-- -----io---- --system-- -----cpu-----
 r  b   swpd   free   buff  cache   si   so    bi    bo   in   cs us sy id wa st
 7  1      0 69373920  10188  73052    0    0 49328    24 179499 186879 10  3 69 16  2	
 6  2      0 69373920  10188  73052    0    0 50224     0 177215 183573 10  3 68 17  2	
 6  2      0 69373920  10188  73052    0    0 49824     0 180142 186049 10  3 69 16  2	
 5  3      0 69373920  10188  73052    0    0 50224     0 177678 183175 11  2 69 16  2	
 7  1      0 69373920  10188  73052    0    0 49440     0 176562 182798 10  3 69 17  2	
 5  3      0 69373920  10196  73044    0    0 48496    12 179813 186101 10  4 69 16  2	
 6  2      0 69373920  10196  73052    0    0 48832     0 182453 187836 10  4 69 16  2	
10  1      0 69373920  10196  73052    0    0 49952     0 179749 185038  8  3 70 17  2	
 7  2      0 69373920  10196  73052    0    0 49216     0 180630 186089  9  3 70 16  2	
 4  4      0 69373920  10196  73052    0    0 49792     0 180864 186198  9  3 69 17  2	
 5  4      0 69373920  10196  73052    0    0 49168     0 179630 185245 10  3 68 17  1	
 9  1      0 69373920  10204  73052    0    0 48704    12 181387 186897 10  3 69 16  2	
 9  1      0 69373920  10204  73052    0    0 49376     0 183911 189633 10  3 70 15  2	
 7  2      0 69373920  10204  73052    0    0 49456     0 182261 187115 10  3 70 15  2	
 7  2      0 69373920  10204  73052    0    0 50320     0 180278 184829 10  3 69 16  2	
 4  4      0 69373920  10204  73052    0    0 49632     0 182165 188294 10  4 69 16  2	
 8  1      0 69373920  10212  73044    0    0 49936    12 181202 187377  9  3 69 16  2	
 7  1      0 69373920  10212  73052    0    0 51184     0 182384 187485 10  3 70 16  2	
 5  3      0 69373920  10212  73052    0    0 51456     0 182748 187730 11  3 69 16  2	
 9  0      0 69373920  10212  73052    0    0 50096     0 182518 188814 11  3 69 15  2	
 7  2      0 69373920  10212  73052    0    0 49536    12 182391 187967 10  3 69 16  2	
procs -----------memory---------- ---swap-- -----io---- --system-- -----cpu-----
 r  b   swpd   free   buff  cache   si   so    bi    bo   in   cs us sy id wa st
10  1      0 69373920  10212  73052    0    0 48256     8 178706 185619 10  4 69 16  2	
 5  3      0 69373920  10220  73052    0    0 48944     4 181772 188564 12  3 68 16  2	
 6  3      0 69373304  10220  73060    0    0 49792     0 180094 185361  9  3 69 16  2	
 5  3      0 69373304  10220  73060    0    0 49488     0 181295 186582 10  3 69 16  2	
 9  1      0 69373304  10220  73060    0    0 50016     8 179924 184780  9  4 69 16  2	
 7  2      0 69373304  10220  73064    0    0 48864     0 181261 186856 10  3 69 16  2	
 7  3      0 69373304  10228  73064    0    0 49152    32 182522 187867 11  3 69 16  2	
 6  2      0 69373304  10228  73064    0    0 49248     0 181816 187491 10  3 69 16  2	
 7  2      0 69373304  10228  73064    0    0 50320     0 181746 186536 10  4 68 16  2	
 7  2      0 69373304  10228  73064    0    0 49856     4 181938 188048 10  3 69 16  2	
 9  1      0 69373304  10228  73064    0    0 51920     0 180182 184938 10  3 69 16  2	
 7  1      0 69373304  10236  73056    0    0 49264    12 183563 188928 10  4 69 16  2	
 8  2      0 69373304  10236  73064    0    0 49536     0 178978 184314  9  3 69 16  2	
 7  2      0 69373304  10236  73068    0    0 48800     0 183455 188728 10  4 70 16  2	
11  0      0 69373304  10236  73068    0    0 49056     0 179610 185665 10  3 69 17  2	
 9  2      0 69373304  10236  73068    0    0 48880     0 181412 186799 10  4 69 16  2	
 8  1      0 69373304  10236  73068    0    0 48048     0 181205 186165  9  3 69 17  2	
 8  0      0 69373304  10244  73068    0    0 49312    12 184112 189533 10  4 69 15  2	
 9  1      0 69373304  10244  73068    0    0 50992     0 181440 186763  9  4 69 16  2	
 5  2      0 69373304  10244  73068    0    0 49536     0 180640 186723 10  4 69 16  2	
10  0      0 69373304  10244  73068    0    0 50224     0 181102 185616 10  3 69 16  2	
procs -----------memory---------- ---swap-- -----io---- --system-- -----cpu-----
 r  b   swpd   free   buff  cache   si   so    bi    bo   in   cs us sy id wa st
 6  3      0 69373304  10244  73068    0    0 49264     0 182561 188174 10  3 69 16  2	
 6  2      0 69373304  10252  73060    0    0 49232    12 181774 186125 10  3 69 15  2	
 4  5      0 69373184  10252  73068    0    0 49904     0 182477 187944 10  4 69 15  2	
 9  1      0 69373184  10252  73068    0    0 49968     0 180816 186213 10  3 69 16  2	
 5  3      0 69373184  10252  73068    0    0 50464     0 181821 186667 10  3 69 16  2	
 8  2      0 69373184  10252  73068    0    0 51840     0 181925 187193 10  3 69 16  2	
 9  1      0 69373184  10252  73068    0    0 50384     0 182395 187731 11  3 69 16  2	
 8  1      0 69373184  10260  73068    0    0 49360    16 183724 189800 10  4 69 15  2	
 7  1      0 69373184  10260  73068    0    0 50944     0 182438 187222 10  3 69 16  2	
 9  0      0 69373184  10260  73068    0    0 51376     0 181996 187334  9  4 69 16  2	
 4  4      0 69373184  10260  73068    0    0 50016     0 177107 183604 10  4 68 17  2	
 8  0      0 69373184  10260  73068    0    0 51280     0 178575 184236 10  3 69 16  2	
 9  0      0 69373184  10268  73060    0    0 49280    12 178313 184007 10  3 69 16  2	
 6  3      0 69373184  10268  73068    0    0 49984     0 183513 187786  9  4 70 16  2	
 5  3      0 69373184  10268  73068    0    0 50880    24 183235 188350 10  3 69 16  2	
 6  1      0 69373184  10268  73068    0    0 52288     0 182935 188213 10  4 69 16  2	
 7  1      0 69373184  10268  73068    0    0 49552     0 183492 190040 10  3 69 15  2	
 8  0      0 69373184  10268  73068    0    0 50864     0 182772 188001  9  3 70 16  2	
 7  2      0 69373184  10276  73072    0    0 48704    40 178882 185051  9  4 68 17  2	
 6  3      0 69373184  10276  73072    0    0 49584    40 183311 189061 10  3 69 15  2	
 7  2      0 69373184  10276  73072    0    0 49632     0 182125 187958  9  3 70 16  2	
procs -----------memory---------- ---swap-- -----io---- --system-- -----cpu-----
 r  b   swpd   free   buff  cache   si   so    bi    bo   in   cs us sy id wa st
 6  3      0 69373184  10276  73072    0    0 50672     0 179012 184821 10  3 69 16  2	
 5  3      0 69373184  10276  73072    0    0 49808     0 181773 187559 10  3 70 16  2	
10  0      0 69373184  10284  73064    0    0 50752    24 181053 187927 11  3 69 16  2	
 3  6      0 69373184  10284  73072    0    0 51440     0 180829 186707 10  3 69 16  2	
 7  2      0 69373184  10284  73072    0    0 47968     0 173677 179996  9  3 68 18  1	
 9  0      0 69373184  10284  73072    0    0 49792     0 178091 184600 10  3 69 17  2	
 6  3      0 69373184  10284  73072    0    0 48304     0 177501 183658 10  3 69 17  2	
 7  2      0 69373184  10284  73072    0    0 48752     0 178679 184165 10  3 68 17  2	
 4  4      0 69373056  10292  73072    0    0 49792    12 178231 183770 11  3 68 17  1	
 6  2      0 69373056  10292  73072    0    0 49856     0 181444 186797 10  4 69 16  2	
 6  3      0 69373056  10292  73072    0    0 49712     0 179598 184228 10  3 70 16  2	
 7  1      0 69373056  10292  73072    0    0 49584     0 181373 186826 10  4 69 16  2	
 5  3      0 69373056  10292  73072    0    0 49184     0 181126 187368 11  4 68 16  2	
 6  2      0 69373056  10300  73068    0    0 50960    16 182097 186869 11  3 69 16  2	
 6  3      0 69373056  10300  73076    0    0 51056     0 181529 186484 10  3 69 16  2	
 6  2      0 69373056  10300  73076    0    0 49072     0 179821 185159 10  3 68 17  2	
 5  3      0 69373056  10300  73076    0    0 49552     0 182277 188752 10  3 69 16  2	
 5  3      0 69373056  10300  73076    0    0 49824     0 179441 185651 10  4 68 16  2	
 6  1      0 69373056  10300  73076    0    0 50128     0 181046 187328 10  3 69 16  2	
 8  1      0 69373056  10308  73076    0    0 49280    12 182428 188998  9  4 70 16  2	
 4  4      0 69373056  10308  73076    0    0 48384     0 175932 181155  9  3 68 17  2	
procs -----------memory---------- ---swap-- -----io---- --system-- -----cpu-----
 r  b   swpd   free   buff  cache   si   so    bi    bo   in   cs us sy id wa st
 6  3      0 69373056  10308  73076    0    0 47552     0 172614 178579  9  3 68 18  1	
 8  1      0 69373056  10308  73076    0    0 49088     0 183027 189385 10  4 69 15  2	
 5  3      0 69373056  10308  73076    0    0 47504     8 184352 190886 11  3 69 15  2	
 9  1      0 69373056  10316  73068    0    0 49600    24 183867 189046 10  4 69 15  2	
 8  0      0 69373056  10316  73076    0    0 50128     0 182597 188103  9  4 70 16  2	
 4  4      0 69373056  10316  73076    0    0 50304     0 183107 188966 11  3 69 16  2	
 5  3      0 69373056  10316  73076    0    0 49760     0 183814 189039 11  3 69 15  2	
 7  1      0 69373056  10316  73076    0    0 49152     8 183863 188699 10  3 69 16  2	
 7  1      0 69373024  10316  73076    0    0 47792     0 180328 185324 10  3 69 16  2	
 6  2      0 69373008  10324  73076    0    0 49120    24 176898 182402 10  4 68 16  2	
 7  2      0 69373008  10324  73080    0    0 49440     0 179330 186003 11  3 69 16  2	
 8  2      0 69373008  10324  73080    0    0 50096     0 183293 189492 10  4 69 15  2	
 8  2      0 69373008  10324  73080    0    0 50544     0 183706 189617 10  3 69 15  2	
11  0      0 69373008  10324  73080    0    0 51088    16 183560 189924 10  4 69 15  2	
 8  3      0 69373008  10332  73072    0    0 51456    12 181339 187365 10  4 69 16  2	
 7  3      0 69373008  10332  73080    0    0 51168     0 183830 188396  9  4 70 16  2	
 5  4      0 69373008  10332  73080    0    0 49584     0 184232 189791 10  4 70 15  2	
12  1      0 69373008  10332  73080    0    0 50128     0 183139 188463 11  3 68 16  2	
 7  1      0 69373008  10332  73080    0    0 49856     0 180022 185828 10  4 68 16  2	
10  0      0 69373008  10332  73080    0    0 49168     0 179734 184682 10  3 69 16  2	
 4  4      0 69373008  10340  73080    0    0 48800    12 182056 187166 10  3 69 16  2	
procs -----------memory---------- ---swap-- -----io---- --system-- -----cpu-----
 r  b   swpd   free   buff  cache   si   so    bi    bo   in   cs us sy id wa st
10  1      0 69373008  10340  73080    0    0 49392     0 179854 186779 11  3 69 16  2	
 4  4      0 69373008  10340  73080    0    0 50048     0 183589 188679 10  4 69 15  2	
 3  6      0 69373008  10340  73080    0    0 48144     0 183441 188742 10  4 69 16  2	
 9  1      0 69373008  10340  73080    0    0 49568     0 184085 189415 10  3 70 15  2	
 9  0      0 69373008  10348  73072    0    0 50880    12 182038 188725 10  3 69 16  2	
 9  0      0 69373008  10348  73080    0    0 50832     0 180874 186243  9  4 69 16  2	
 6  2      0 69373008  10348  73080    0    0 51152     0 182246 187018 10  3 69 16  2	
 9  0      0 69373008  10348  73080    0    0 51392     0 182536 187942 10  4 69 16  2	
 7  2      0 69373008  10348  73080    0    0 48656     0 178752 183822 10  3 69 16  2	
 7  2      0 69373008  10348  73080    0    0 48064     0 178092 183861  9  4 69 17  2	
 7  1      0 69373008  10356  73080    0    0 50640    12 183039 188131  9  4 69 16  2	
 8  1      0 69373008  10356  73080    0    0 51392     0 183688 188949 11  3 69 15  2	
10  1      0 69373008  10356  73080    0    0 50464     8 183071 188954 10  4 69 15  2	
 8  0      0 69373008  10356  73080    0    0 49472     0 184468 189703 10  4 69 15  2	
11  0      0 69373008  10356  73084    0    0 49168     0 182708 188896 10  3 70 16  2	
 6  2      0 69373008  10364  73076    0    0 49280    24 184177 189562 10  3 70 15  2	
 5  4      0 69373008  10364  73084    0    0 49312     0 182988 188440 11  4 69 15  2	
 7  1      0 69373008  10364  73084    0    0 49648     8 183141 187778 10  3 70 16  2	
 5  3      0 69373008  10364  73084    0    0 48416     0 177276 182374  9  3 69 17  2	
 7  1      0 69373008  10364  73084    0    0 50672     0 181076 187224  9  4 69 16  2	
 5  4      0 69373008  10364  73084    0    0 49984     0 183753 189348 10  4 69 15  2	
procs -----------memory---------- ---swap-- -----io---- --system-- -----cpu-----
 r  b   swpd   free   buff  cache   si   so    bi    bo   in   cs us sy id wa st
 9  1      0 69373008  10372  73084    0    0 48112    24 184381 190324 11  4 69 15  2	
 8  2      0 69373008  10372  73084    0    0 50464     0 182817 187786 10  3 69 16  2	
 9  1      0 69373008  10372  73088    0    0 49296     0 182482 187802 10  3 69 16  2	
 9  2      0 69373008  10372  73088    0    0 49856     0 183756 190167 10  4 70 15  2	
 6  2      0 69373008  10372  73088    0    0 51632     0 181704 187765 11  3 68 16  2	
 7  3      0 69373008  10380  73080    0    0 49728    12 181003 186273 10  3 69 16  2	
 9  0      0 69373008  10380  73088    0    0 50176    16 183737 189268 10  3 69 16  2	
 5  3      0 69373008  10380  73088    0    0 49648     0 179779 185793 10  4 69 16  2	
 4  4      0 69373008  10380  73088    0    0 49456     0 180980 187232 10  3 69 15  2	
 8  0      0 69373008  10380  73088    0    0 50960     0 180696 187484 10  3 69 16  2	
 8  1      0 69373008  10380  73088    0    0 50304     0 181973 187933 10  4 69 16  2	
 9  0      0 69373008  10388  73088    0    0 48960    12 183840 189902 10  3 70 15  2	
12  0      0 69373008  10388  73088    0    0 50240     0 181552 186665  9  3 70 16  2	
 6  2      0 69373008  10388  73088    0    0 49232     0 181277 186446  9  4 69 16  2	
 8  1      0 69373008  10388  73088    0    0 50064     0 182223 187997 10  3 69 16  2	
 9  1      0 69373008  10388  73088    0    0 49424     0 182684 188504 10  3 69 16  2	
 5  3      0 69373008  10396  73080    0    0 50208    12 180379 187441 10  3 69 16  2	
 8  1      0 69373008  10396  73088    0    0 48224     0 178603 184100 10  3 69 16  2	
 9  0      0 69373008  10396  73088    0    0 49200     0 182556 188222  9  3 70 16  2	
 5  3      0 69373008  10396  73088    0    0 51424     0 182616 187419  9  4 69 16  2	
 8  1      0 69373008  10396  73088    0    0 51264     0 180024 186133  9  4 69 17  2	
procs -----------memory---------- ---swap-- -----io---- --system-- -----cpu-----
 r  b   swpd   free   buff  cache   si   so    bi    bo   in   cs us sy id wa st
 8  3      0 69373008  10396  73088    0    0 50464     8 179750 186422 10  3 69 16  2	
 4  4      0 69373008  10404  73088    0    0 48544     4 180817 186833 10  3 69 16  2	
 7  2      0 69373008  10404  73088    0    0 49760     0 179956 185479 10  3 69 17  2	
 9  0      0 69373008  10404  73088    0    0 49408     0 183807 189457 11  4 69 15  2	
 8  2      0 69373008  10404  73088    0    0 50608     0 183470 188122 11  3 68 16  2	
 4  4      0 69373008  10404  73088    0    0 48912     0 180124 185418 10  3 69 17  2	
 6  2      0 69373008  10412  73088    0    0 48160    24 179980 185630 11  3 69 15  2	
 4  4      0 69372880  10412  73088    0    0 48304     0 183392 188756 10  3 69 16  2	
 9  0      0 69372880  10412  73088    0    0 48976     0 182603 188925 11  2 70 15  2	
 8  1      0 69372880  10412  73088    0    0 50016     0 181664 187793 10  4 69 16  2	
 7  1      0 69372760  10412  73088    0    0 50288     0 182480 188299 10  3 69 16  2	
 8  1      0 69372760  10420  73080    0    0 49424    24 182506 188234 10  3 69 16  2	
 7  1      0 69372760  10420  73088    0    0 48864     0 183031 188448 10  3 69 15  2	
 5  4      0 69372760  10420  73088    0    0 50480     0 179821 184669 10  3 69 17  2	
 6  2      0 69372760  10420  73088    0    0 50048     0 182484 188146 10  3 69 16  2	
 9  0      0 69372760  10420  73096    0    0 51712     0 179540 185480  9  3 69 17  2	
 8  1      0 69372760  10420  73096    0    0 49088     0 178235 183173 10  3 68 17  2	
 4  5      0 69372760  10428  73096    0    0 47760    12 180877 186630  9  3 70 16  2	
 6  3      0 69372760  10428  73096    0    0 48992     0 181798 187226 10  3 69 16  2	
 8  1      0 69372760  10428  73096    0    0 50208     0 181362 188006 10  3 69 16  2	
 8  0      0 69372760  10428  73096    0    0 49248     0 181734 188010 10  3 69 16  2	
procs -----------memory---------- ---swap-- -----io---- --system-- -----cpu-----
 r  b   swpd   free   buff  cache   si   so    bi    bo   in   cs us sy id wa st
 8  1      0 69372760  10428  73096    0    0 49440    12 181941 187455 10  3 70 16  2	
 6  3      0 69372760  10436  73088    0    0 49264    12 180803 186879 10  3 68 16  2	
 2  7      0 69372760  10436  73096    0    0 49664     0 180889 186219  9  3 69 16  2	
 9  2      0 69372760  10436  73096    0    0 48784     0 180331 186926 10  3 69 16  2	
 6  2      0 69372760  10436  73096    0    0 50800     0 182680 187384 10  3 69 16  2	
 7  1      0 69372760  10436  73096    0    0 49984     0 179552 184169 10  3 69 16  2	
10  0      0 69372760  10436  73096    0    0 49664     0 177461 184759 10  3 68 17  2	
 7  2      0 69372760  10444  73096    0    0 49440    16 179056 185018  9  3 70 16  2	
 7  1      0 69372760  10444  73096    0    0 51328     0 181317 185996 10  4 68 16  2	
 8  1      0 69372760  10444  73096    0    0 49168     0 178489 184870 10  3 69 17  2	
 8  1      0 69372760  10444  73096    0    0 50176     0 180239 185807  9  3 70 16  2	
 6  3      0 69372760  10444  73096    0    0 48976     0 182460 188001 10  4 69 16  2	
 7  3      0 69372760  10452  73088    0    0 51008    12 180823 186188 10  3 69 16  2	
 7  1      0 69372760  10452  73096    0    0 49984     0 180497 185827 10  3 68 16  2	
 5  4      0 69372760  10452  73096    0    0 51392     0 180633 185758  9  3 69 17  2	
12  0      0 69372760  10452  73096    0    0 50672     0 178924 183784 10  3 69 16  2	
 6  2      0 69372760  10452  73096    0    0 49984    16 180968 187166 10  4 69 16  2	
 6  3      0 69372760  10452  73096    0    0 49072     0 182073 187920 11  3 69 16  2	
 7  2      0 69372760  10460  73096    0    0 50368    28 180610 186168 10  4 68 16  2	
 6  3      0 69372760  10460  73096    0    0 48176     0 181785 186616 10  3 69 16  2	
 8  1      0 69372760  10460  73096    0    0 51408     0 180312 186573 10  3 69 16  2	
procs -----------memory---------- ---swap-- -----io---- --system-- -----cpu-----
 r  b   swpd   free   buff  cache   si   so    bi    bo   in   cs us sy id wa st
 8  2      0 69372760  10460  73096    0    0 49760     0 179855 187366 11  3 69 16  2	
 6  3      0 69372760  10460  73096    0    0 48848     0 184598 190183 10  3 69 15  2	
 8  2      0 69372760  10468  73088    0    0 49552    12 182432 188618 11  3 69 15  2	
10  0      0 69372760  10468  73096    0    0 47040     0 174276 179297  9  3 68 18  1	
 7  3      0 69372760  10468  73096    0    0 48896     0 176438 181064 10  3 69 17  2	
 6  2      0 69372760  10468  73096    0    0 49776     0 181901 186625 10  3 69 17  2	
 9  0      0 69372760  10468  73100    0    0 50144     0 182250 186643 10  3 69 16  2	
 9  0      0 69372760  10468  73100    0    0 48928     0 182427 187783 10  3 69 16  2	
 8  2      0 69372760  10476  73100    0    0 49296    12 182457 187453 10  4 69 16  2	
 7  3      0 69372760  10476  73100    0    0 48752     0 180374 186228 10  3 69 16  2	
 9  3      0 69372760  10476  73100    0    0 49328     0 181584 186300  8  3 70 17  2	
 5  4      0 69372760  10476  73100    0    0 49232     0 180571 185304  9  4 69 17  2	
 9  1      0 69372760  10476  73100    0    0 49120     0 180934 185947  9  3 70 16  2	
 3  6      0 69372760  10484  73092    0    0 50576    12 181731 186918  9  4 69 16  2	
 8  1      0 69372760  10484  73100    0    0 49536     0 179069 184583 10  3 69 16  2	
 6  2      0 69372760  10484  73100    0    0 50048    24 180756 186267 10  3 69 16  2	
12  0      0 69372760  10484  73104    0    0 50688     0 180627 186296 10  3 69 16  2	
10  0      0 69372760  10484  73104    0    0 50176     0 181685 187690  9  4 70 16  2	
 9  2      0 69372760  10484  73104    0    0 47936     0 181725 186938 10  3 69 16  2	
 8  3      0 69372760  10492  73104    0    0 50576    12 181517 186849 10  3 69 17  2	
11  0      0 69372760  10492  73104    0    0 49792     0 177496 182866  9  3 69 17  2	
procs -----------memory---------- ---swap-- -----io---- --system-- -----cpu-----
 r  b   swpd   free   buff  cache   si   so    bi    bo   in   cs us sy id wa st
 8  2      0 69372760  10492  73104    0    0 50464     0 180592 186374 10  3 69 17  2	
 8  1      0 69372760  10492  73104    0    0 48160     0 179681 186841 10  3 69 16  2	
 9  1      0 69372760  10492  73104    0    0 50224     0 183432 188549 11  3 69 16  2	
 6  2      0 69371848  10504  73092    0    0 50392    12 179583 184725 11  3 68 16  2	
 8  1      0 69371728  10504  73188    0    0 50048     8 180903 186820 10  3 70 16  2	
 5  3      0 69371728  10504  73188    0    0 50416     0 179251 185398 10  4 68 17  2	
10  1      0 69371728  10504  73188    0    0 48688     0 179537 184608  9  3 69 17  1	
 8  1      0 69371728  10504  73188    0    0 49424     0 182264 187321  9  4 69 16  2	
 7  2      0 69371728  10504  73188    0    0 50096     0 181738 187507 10  3 69 16  2	
 8  2      0 69371728  10512  73184    0    0 50032    32 181202 188060 11  3 69 16  2	
 7  2      0 69371104  10920  73192    0    0 50236     0 182751 188044 10  3 69 16  2	
 8  2      0 69371104  10920  73192    0    0 48928     0 180694 186184 11  3 69 16  2	
 6  3      0 69371104  10920  73192    0    0 48400     0 180319 185799 10  3 69 16  2	
 6  2      0 69371104  10920  73192    0    0 49216     0 178528 183923 11  4 68 16  2	
 6  2      0 69371104  10928  73184    0    0 48416    24 182846 188033 10  4 69 16  2	
 7  1      0 69370976  10928  73192    0    0 50496     0 181134 187024 11  3 69 16  2	
 9  2      0 69370976  10932  73188    0    0 50580     0 179936 186626 10  3 69 16  2	
 6  5      0 69370848  10936  73188    0    0 50852     0 179515 186003 10  3 68 17  2	
 7  2      0 69370608  10936  73192    0    0 49840     0 179635 185445 10  3 69 17  2	
 5  3      0 69370608  10940  73188    0    0 48964     0 180253 187396 11  3 69 16  2	
 6  2      0 69365776  11080  77696    0    0 53384    12 182627 187936 11  3 69 16  2	
procs -----------memory---------- ---swap-- -----io---- --system-- -----cpu-----
 r  b   swpd   free   buff  cache   si   so    bi    bo   in   cs us sy id wa st
 6  2      0 69365776  11080  77696    0    0 49280     0 182834 188126 10  4 69 16  2	
 7  1      0 69365776  11080  77696    0    0 49104     0 180640 188227 11  3 68 16  2	
11  0      0 69365776  11080  77696    0    0 48800     0 179886 184733 10  4 69 16  2	
10  2      0 69365776  11080  77696    0    0 49472     0 179587 184921 10  4 68 17  2	
 7  1      0 69365776  11088  77688    0    0 49488    12 181902 186891 10  4 69 16  1	
 6  2      0 69365776  11088  77696    0    0 49376     0 179596 186446  9  3 70 16  2	
 9  1      0 69365776  11088  77696    0    0 49088     0 178922 184716  9  3 69 17  2	
 6  2      0 69365776  11088  77696    0    0 49232     0 180892 186597 10  3 69 16  2	
 8  1      0 69365776  11088  77696    0    0 49312     0 181933 187222 10  3 70 16  2	
 8  1      0 69365776  11088  77696    0    0 51200    16 179761 186042  9  3 70 16  2	
 7  2      0 69365776  11096  77696    0    0 49184    12 180596 186587 10  3 70 16  2	
 7  1      0 69365776  11096  77696    0    0 48752     0 184761 190382 10  3 69 15  2	
 7  2      0 69365776  11096  77696    0    0 49712     0 179492 184462 10  4 68 16  2	
 5  3      0 69365776  11096  77696    0    0 49088     0 180174 186398 10  3 69 16  2	
 5  4      0 69365776  11096  77696    0    0 48880     8 181956 187578 10  3 69 16  2	
 3  5      0 69365776  11104  77696    0    0 48848    24 180203 186880 10  3 69 16  2	
 5  3      0 69365776  11104  77696    0    0 49600     0 178026 184950 10  4 68 17  2	
 8  2      0 69365776  11104  77696    0    0 49936     0 181338 186260  9  3 69 16  2	
