procs -----------memory---------- ---swap-- -----io---- --system-- -----cpu-----
 r  b   swpd   free   buff  cache   si   so    bi    bo   in   cs us sy id wa st
 1  0      0 69390712   7780  71984    0    0  1607     2   42  331 39 13 44  4  0	
 2  0      0 69386640   7780  72008    0    0 14816     0 55778 55741  1  1 94  3  0	
 2  0      0 69386144   7780  72008    0    0 15280    16 56262 56461  1  0 95  4  0	
 1  1      0 69386144   7780  72008    0    0 14560     0 56749 56900  1  1 94  4  0	
 2  0      0 69386144   7780  72008    0    0 14704     0 54783 54967  1  0 94  4  0	
 0  2      0 69386144   7780  72008    0    0 14608     0 56142 56233  1  0 95  4  0	
 2  0      0 69386144   7788  72000    0    0 14784    36 56259 56420  1  1 94  4  0	
 0  2      0 69386144   7788  72008    0    0 14672     0 56694 56835  1  1 94  4  0	
 1  1      0 69386144   7788  72008    0    0 15376     0 56723 56931  1  0 94  4  0	
 2  0      0 69386144   7788  72008    0    0 15120     0 54646 54850  1  1 94  4  0	
 0  2      0 69386144   7788  72008    0    0 15200     0 54776 54931  1  0 94  4  0	
 1  1      0 69386144   7796  72008    0    0 15136    12 55783 55961  1  1 94  4  0	
 1  1      0 69386144   7796  72008    0    0 14176     0 57141 57316  1  1 94  4  0	
 2  0      0 69386144   7796  72008    0    0 14976     0 56410 56621  1  1 94  4  0	
 2  0      0 69386144   7796  72008    0    0 14640     0 55652 55813  1  0 94  4  0	
 1  1      0 69386144   7796  72008    0    0 14416     0 55781 55929  1  0 95  4  0	
 2  0      0 69386144   7796  72008    0    0 15184     0 55705 55869  1  1 94  4  0	
 4  0      0 69386144   7804  72008    0    0 15136    12 55784 55941  1  1 94  4  0	
 3  0      0 69386144   7804  72008    0    0 14384     0 53456 53613  1  0 94  4  0	
 0  2      0 69386144   7804  72008    0    0 14336     0 56272 56402  1  1 94  4  0	
 2  0      0 69386144   7804  72008    0    0 14960     0 55420 55660  1  1 94  4  0	
procs -----------memory---------- ---swap-- -----io---- --system-- -----cpu-----
 r  b   swpd   free   buff  cache   si   so    bi    bo   in   cs us sy id wa st
 1  1      0 69386144   7804  72008    0    0 14256     0 57168 57306  1  0 95  4  0	
 2  0      0 69386144   7812  72000    0    0 15536    12 55789 55998  1  1 94  4  0	
 1  1      0 69386144   7812  72000    0    0 15232     0 57281 57433  1  0 94  4  0	
 2  0      0 69386144   7812  72000    0    0 15664     0 55786 56019  1  1 94  4  0	
 2  0      0 69386144   7812  72008    0    0 14656     0 54773 54942  1  1 94  4  0	
 3  1      0 69386144   7812  72008    0    0 14688     0 57176 57363  1  1 94  4  0	
 2  0      0 69386144   7812  72008    0    0 14512     0 57262 57386  1  0 94  4  0	
 2  0      0 69386144   7820  72000    0    0 15104    12 57559 57729  1  0 95  4  0	
 0  2      0 69386144   7820  72000    0    0 14528     0 55429 55598  1  0 94  4  0	
 2  0      0 69386144   7820  72000    0    0 15456     0 56193 56339  1  1 94  4  0	
 2  1      0 69386144   7820  72000    0    0 16000     0 55472 55647  1  1 94  4  0	
 1  1      0 69386144   7820  72000    0    0 15088     0 56099 56301  1  1 94  4  0	
 2  1      0 69386144   7828  72008    0    0 15376    28 56286 56416  1  1 94  4  0	
 2  0      0 69386144   7828  72008    0    0 15264     0 56863 57089  1  0 94  4  0	
 1  1      0 69386144   7828  72008    0    0 15040     0 56393 56608  1  1 95  4  0	
 1  1      0 69386144   7828  72008    0    0 15296     0 57549 57778  1  0 95  4  0	
 2  0      0 69386144   7828  72012    0    0 14656     0 57803 58088  1  1 94  4  0	
 2  1      0 69386144   7828  72012    0    0 14464    16 58082 58252  1  1 94  4  0	
 2  0      0 69386144   7836  72004    0    0 15264    28 57429 57731  1  0 94  4  0	
 3  0      0 69386144   7836  72004    0    0 14832     0 57994 58266  1  0 95  4  0	
 1  1      0 69386144   7836  72012    0    0 15104     0 56107 56330  1  1 94  4  0	
procs -----------memory---------- ---swap-- -----io---- --system-- -----cpu-----
 r  b   swpd   free   buff  cache   si   so    bi    bo   in   cs us sy id wa st
 2  0      0 69386144   7836  72012    0    0 15792     0 57350 57607  1  0 94  4  0	
 3  0      0 69386144   7836  72016    0    0 14832     0 57050 57328  1  1 94  4  0	
 4  0      0 69386144   7844  72016    0    0 15168    12 56823 57081  1  0 95  4  0	
 2  0      0 69386144   7844  72016    0    0 14928     0 55576 55850  1  1 94  4  0	
 1  1      0 69386144   7844  72016    0    0 14880     0 57849 58090  1  1 94  4  0	
 1  1      0 69386144   7844  72016    0    0 14928     0 57684 57925  1  1 94  4  0	
 3  0      0 69386144   7844  72016    0    0 14096     0 57975 58267  1  1 94  4  0	
 1  1      0 69386144   7844  72016    0    0 14560     0 57411 57700  1  1 94  4  0	
 3  0      0 69386144   7852  72008    0    0 15024    12 56831 57095  1  0 94  4  0	
 3  0      0 69386144   7852  72008    0    0 15056     0 56557 56830  1  0 95  4  0	
 4  0      0 69386144   7852  72008    0    0 15216     0 56833 57116  1  0 94  4  0	
 0  2      0 69386144   7852  72008    0    0 14656     0 57362 57611  1  0 95  4  0	
 2  0      0 69386144   7852  72008    0    0 15856     0 56317 56593  1  1 94  4  0	
 2  1      0 69386144   7860  72000    0    0 14736    12 55990 56254  1  1 94  4  0	
 3  0      0 69386144   7860  72000    0    0 14576     0 58510 58781  1  1 94  4  0	
 2  1      0 69386144   7860  72016    0    0 15376     0 56648 56973  1  0 95  4  0	
 3  0      0 69386144   7860  72016    0    0 15488     0 57774 58016  1  1 94  4  0	
 0  2      0 69386144   7860  72016    0    0 14976     0 57762 58017  1  0 95  4  0	
 2  1      0 69386144   7864  72016    0    0 14656    16 58241 58534  1  1 94  4  0	
 1  1      0 69386144   7868  72016    0    0 14528     0 56723 57034  1  0 94  4  0	
 1  1      0 69386144   7868  72016    0    0 14752     0 56184 56478  1  1 94  4  0	
procs -----------memory---------- ---swap-- -----io---- --system-- -----cpu-----
 r  b   swpd   free   buff  cache   si   so    bi    bo   in   cs us sy id wa st
 0  2      0 69386144   7868  72016    0    0 14848     0 57637 57892  1  0 94  4  0	
 2  0      0 69386144   7868  72016    0    0 15712    16 57269 57578  1  0 95  4  0	
 2  0      0 69386144   7876  72008    0    0 14544    20 57571 57802  1  1 94  4  0	
 2  0      0 69386144   7876  72008    0    0 15024     0 56705 56944  1  0 94  4  0	
 1  1      0 69386144   7876  72020    0    0 14960     0 57573 57822  1  1 95  4  0	
 2  1      0 69386144   7876  72020    0    0 15040     0 56800 57046  1  0 94  4  0	
 2  1      0 69386144   7876  72020    0    0 15760    24 57082 57328  1  0 94  4  0	
 1  1      0 69386144   7876  72020    0    0 15440     0 57051 57328  1  1 94  4  0	
 0  2      0 69386144   7884  72020    0    0 15600    12 56914 57134  1  0 94  4  0	
 3  0      0 69386144   7884  72020    0    0 14816     0 56292 56583  1  1 94  4  0	
 2  1      0 69386144   7884  72020    0    0 14976     0 57652 57930  1  1 94  4  0	
 3  0      0 69386144   7884  72020    0    0 14960     0 57777 58092  1  1 94  4  0	
 1  1      0 69386144   7884  72020    0    0 15168     0 57020 57243  1  0 94  4  0	
 0  2      0 69386144   7892  72012    0    0 14928    12 57290 57567  1  1 95  4  0	
 1  1      0 69386144   7892  72020    0    0 15136     0 56947 57294  1  1 95  4  0	
 2  0      0 69386144   7892  72020    0    0 15408     0 57827 58026  1  1 94  4  0	
 0  2      0 69386144   7892  72020    0    0 15248     0 57004 57241  1  0 95  4  0	
 2  0      0 69386144   7892  72020    0    0 15952     0 57018 57288  1  1 94  4  0	
 2  0      0 69386144   7892  72020    0    0 15264     0 57051 57300  1  1 94  4  0	
 2  0      0 69386144   7900  72012    0    0 15232    12 56106 56492  1  1 94  4  0	
 1  1      0 69386144   7900  72012    0    0 15104     0 56718 56944  1  0 94  4  0	
procs -----------memory---------- ---swap-- -----io---- --system-- -----cpu-----
 r  b   swpd   free   buff  cache   si   so    bi    bo   in   cs us sy id wa st
 2  0      0 69386144   7900  72012    0    0 15280     0 57059 57335  1  1 94  4  0	
 2  0      0 69386144   7900  72012    0    0 15120     0 56738 56997  1  1 94  4  0	
 0  2      0 69386144   7900  72012    0    0 14752     0 58208 58480  1  0 95  4  0	
 1  1      0 69386144   7908  72024    0    0 15152    12 56901 57181  1  0 94  4  0	
 3  0      0 69386144   7908  72024    0    0 15312     0 56412 56695  1  0 94  4  0	
 3  0      0 69386144   7908  72024    0    0 15312     4 57652 57896  1  0 95  4  0	
 1  1      0 69386144   7908  72024    0    0 15344     0 57171 57466  1  0 94  4  0	
 2  0      0 69386144   7908  72024    0    0 14160     0 57250 57525  1  1 94  4  0	
 4  0      0 69386144   7908  72024    0    0 15440     0 56814 57100  1  0 94  4  0	
 3  0      0 69386144   7916  72016    0    0 16192    12 57068 57412  1  1 94  4  0	
 2  0      0 69386144   7916  72016    0    0 15376    16 55454 55744  1  0 94  4  0	
 2  1      0 69386144   7916  72016    0    0 15088     0 57643 57852  1  1 94  4  0	
 2  1      0 69386144   7916  72016    0    0 16016     0 56146 56444  1  1 94  4  0	
 2  0      0 69386144   7916  72024    0    0 15136     0 57427 57713  1  0 94  4  0	
 2  0      0 69386144   7924  72024    0    0 14832    20 58368 58627  1  0 95  4  0	
 3  0      0 69386144   7924  72024    0    0 14944     0 58420 58690  1  0 95  4  0	
 1  1      0 69386144   7924  72024    0    0 15184     0 56992 57285  1  1 94  4  0	
 1  1      0 69386144   7924  72024    0    0 14944     0 56990 57250  1  0 94  4  0	
 0  2      0 69386144   7924  72028    0    0 15152     0 56749 56991  1  1 94  4  0	
 1  1      0 69385904   7924  72032    0    0 14192     0 57630 57737  1  0 95  4  0	
 2  1      0 69385904   7932  72036    0    0 15296    20 57018 57248  1  0 94  4  0	
procs -----------memory---------- ---swap-- -----io---- --system-- -----cpu-----
 r  b   swpd   free   buff  cache   si   so    bi    bo   in   cs us sy id wa st
 2  0      0 69385904   7932  72036    0    0 15504     8 56226 56397  1  0 95  4  0	
 2  0      0 69385904   7932  72036    0    0 15024     0 57136 57297  1  1 94  4  0	
 1  1      0 69385904   7932  72036    0    0 15008     0 57475 57603  1  0 95  4  0	
 2  0      0 69385904   7932  72036    0    0 15392     0 57246 57419  1  1 95  4  0	
 0  2      0 69385904   7940  72036    0    0 15920    20 56542 56744  1  1 94  4  0	
 1  1      0 69385904   7940  72036    0    0 14688     0 57560 57744  1  0 95  4  0	
 2  0      0 69385904   7940  72036    0    0 14928     0 57242 57423  1  0 95  4  0	
 2  0      0 69385904   7940  72036    0    0 14816     0 55284 55433  1  1 94  4  0	
 1  1      0 69385904   7940  72036    0    0 14944     0 56863 56952  1  0 95  4  0	
 3  0      0 69385904   7948  72028    0    0 15424    12 55437 55608  1  1 94  4  0	
 2  0      0 69385904   7948  72028    0    0 15904     0 55554 55692  1  0 94  4  0	
 2  1      0 69385904   7948  72028    0    0 15296     0 56214 56347  1  1 94  4  0	
 2  0      0 69385904   7948  72036    0    0 15360     0 56313 56555  1  0 95  4  0	
 1  1      0 69385904   7948  72036    0    0 14320     0 58299 58421  1  1 95  3  0	
 1  1      0 69385904   7948  72036    0    0 14544     0 57967 58126  1  0 95  4  0	
 2  1      0 69385904   7956  72036    0    0 14928    12 55854 56012  1  1 94  4  0	
 2  0      0 69385904   7956  72036    0    0 14608     0 57534 57705  1  0 94  4  0	
 2  1      0 69385904   7956  72036    0    0 15952     0 55932 56058  1  1 94  4  0	
 1  1      0 69385904   7956  72036    0    0 14928     0 56204 56375  1  1 94  4  0	
 1  1      0 69385904   7956  72036    0    0 14640     0 57067 57242  1  1 94  4  0	
 0  1      0 69385904   7964  72028    0    0 14896    16 56207 56381  1  0 94  4  0	
procs -----------memory---------- ---swap-- -----io---- --system-- -----cpu-----
 r  b   swpd   free   buff  cache   si   so    bi    bo   in   cs us sy id wa st
 4  0      0 69385904   7964  72028    0    0 15632     0 56104 56295  1  0 94  4  0	
 2  0      0 69385904   7964  72036    0    0 15392     0 56885 57042  1  0 95  4  0	
 0  2      0 69385904   7964  72036    0    0 15904     0 56182 56339  1  0 94  4  0	
 2  0      0 69385904   7964  72036    0    0 15136     0 56773 56958  1  0 94  4  0	
 1  1      0 69385904   7964  72040    0    0 14608     8 57596 57761  1  1 94  3  0	
 1  1      0 69385904   7972  72036    0    0 14656    20 56574 56707  1  1 94  4  0	
 1  1      0 69385904   7972  72036    0    0 15232     0 55953 56078  1  0 94  4  0	
 2  1      0 69385904   7972  72036    0    0 15232     0 56966 57214  1  0 95  4  0	
 1  1      0 69385904   7972  72036    0    0 14480     0 57768 57914  1  1 94  4  0	
 0  2      0 69385904   7972  72036    0    0 15120    16 55603 55767  1  1 94  4  0	
 2  0      0 69385904   7980  72028    0    0 14992    36 57851 58064  1  0 95  3  0	
 2  1      0 69385904   7980  72044    0    0 15168     0 57436 57610  1  1 94  4  0	
 2  0      0 69385904   7980  72044    0    0 15200     0 57094 57280  1  1 94  4  0	
 2  0      0 69385904   7980  72044    0    0 14432     0 57285 57450  1  1 94  4  0	
 3  0      0 69385904   7980  72044    0    0 14928     0 57724 57910  1  1 95  3  0	
 2  0      0 69385904   7980  72044    0    0 14896    28 55540 55674  1  0 94  4  0	
 2  0      0 69385904   7988  72040    0    0 14704    12 56712 56889  1  0 94  4  0	
 4  0      0 69385904   7988  72040    0    0 16432     0 56075 56219  1  0 94  4  0	
 2  0      0 69385904   7988  72040    0    0 15552     0 56658 56888  1  1 94  4  0	
 2  0      0 69385904   7988  72044    0    0 14864     0 56496 56684  1  1 95  4  0	
 3  0      0 69385904   7988  72044    0    0 14976     0 57680 57899  1  0 95  4  0	
procs -----------memory---------- ---swap-- -----io---- --system-- -----cpu-----
 r  b   swpd   free   buff  cache   si   so    bi    bo   in   cs us sy id wa st
 1  1      0 69385904   7996  72040    0    0 14672    12 56083 56301  1  0 94  4  0	
 2  0      0 69385904   7996  72040    0    0 15392     0 56857 57065  1  0 94  4  0	
 1  1      0 69385904   7996  72040    0    0 14992     0 57509 57723  1  1 94  4  0	
 1  1      0 69385904   7996  72040    0    0 14480     0 56930 57118  1  0 95  4  0	
 0  2      0 69385904   7996  72040    0    0 15520     0 55718 55929  1  0 94  4  0	
 2  1      0 69385904   7996  72040    0    0 15072     0 55898 56102  1  1 94  4  0	
 1  1      0 69385904   8004  72044    0    0 15632    12 56205 56338  1  1 94  4  0	
 3  0      0 69385904   8004  72044    0    0 15392     0 55825 56006  1  1 94  4  0	
 3  0      0 69385904   8004  72044    0    0 14784     0 55606 55797  1  1 94  4  0	
 4  0      0 69385904   8004  72044    0    0 15312     8 56502 56659  1  1 94  4  0	
 3  0      0 69385904   8004  72044    0    0 15280     0 53456 54856  1  1 94  4  0	
 5  0      0 69385904   8012  72044    0    0 15312    20 56825 57014  1  0 95  4  0	
 4  0      0 69385904   8012  72044    0    0 15488     0 56992 57128  1  1 94  4  0	
 2  1      0 69385904   8012  72044    0    0 15136     0 57504 57659  1  1 94  4  0	
 3  0      0 69385904   8012  72044    0    0 15552     8 56883 57049  1  1 94  4  0	
 4  0      0 69385904   8012  72044    0    0 14992     0 57472 57648  1  1 94  3  0	
 4  0      0 69385904   8012  72044    0    0 15216     0 57095 57255  1  1 94  4  0	
 1  1      0 69385904   8020  72036    0    0 15568    20 55581 55803  1  1 94  4  0	
 2  0      0 69385904   8020  72036    0    0 15152     0 57176 57437  1  0 95  4  0	
 1  1      0 69385904   8020  72036    0    0 15328     0 56993 57146  1  0 94  4  0	
 2  0      0 69385904   8020  72044    0    0 14624     0 57533 57727  1  0 94  4  0	
procs -----------memory---------- ---swap-- -----io---- --system-- -----cpu-----
 r  b   swpd   free   buff  cache   si   so    bi    bo   in   cs us sy id wa st
 1  1      0 69385904   8020  72044    0    0 15568     0 56097 56270  1  1 94  4  0	
 2  1      0 69385904   8028  72036    0    0 14800    12 57877 58056  1  0 95  4  0	
 3  0      0 69385904   8028  72040    0    0 15280     0 57132 57316  1  1 94  4  0	
 2  0      0 69385904   8028  72040    0    0 15424     0 57821 58009  1  1 94  4  0	
 3  0      0 69385904   8028  72040    0    0 15600     0 55829 56006  1  0 94  4  0	
 2  0      0 69385904   8028  72040    0    0 14368     0 56211 56391  1  1 94  4  0	
 3  0      0 69385904   8028  72040    0    0 14496     0 56078 56274  1  1 95  4  0	
 0  2      0 69385904   8036  72032    0    0 15040    16 57266 57441  1  1 94  4  0	
 2  0      0 69385904   8036  72032    0    0 15616    12 56346 56536  1  1 94  4  0	
 1  1      0 69385904   8036  72052    0    0 14368     0 58638 58818  1  0 95  3  0	
 2  0      0 69385904   8036  72052    0    0 15952     0 55901 56107  1  1 94  4  0	
 2  0      0 69385904   8036  72052    0    0 14752     0 57478 57615  1  0 95  4  0	
 2  1      0 69385904   8044  72052    0    0 14928    12 57040 57241  1  0 94  4  0	
 2  0      0 69385904   8044  72052    0    0 15424     0 54582 54980  1  1 94  4  0	
 1  1      0 69385904   8044  72052    0    0 14208     0 56252 56639  1  1 95  3  0	
 3  0      0 69385904   8044  72052    0    0 14000     0 57970 58147  1  1 95  3  0	
 2  0      0 69385904   8044  72052    0    0 13888     0 57071 57326  1  1 95  3  0	
 1  1      0 69385904   8044  72052    0    0 15648     0 54839 55029  1  1 95  4  0	
 1  1      0 69385904   8052  72044    0    0 15184    12 57253 57360  1  1 94  4  0	
 0  2      0 69385904   8056  72052    0    0 15632     8 56842 57023  1  1 95  4  0	
 2  0      0 69385904   8056  72052    0    0 15328     0 57441 57655  1  1 95  4  0	
procs -----------memory---------- ---swap-- -----io---- --system-- -----cpu-----
 r  b   swpd   free   buff  cache   si   so    bi    bo   in   cs us sy id wa st
 2  0      0 69385904   8056  72052    0    0 14976     0 55929 56217  1  0 94  4  0	
 1  1      0 69385904   8056  72052    0    0 15056     0 55681 56027  1  0 94  4  0	
 0  2      0 69385904   8064  72044    0    0 14560    28 58707 58953  1  0 95  3  0	
 2  1      0 69385904   8068  72040    0    0 15040     8 57085 57317  1  1 94  4  0	
 0  2      0 69385904   8068  72052    0    0 15328     0 57521 57755  1  1 94  4  0	
 1  1      0 69385904   8068  72052    0    0 15264     0 54513 55214  1  0 95  4  0	
 1  1      0 69385904   8068  72052    0    0 15264     0 57221 57381  1  1 95  4  0	
 1  1      0 69385904   8068  72052    0    0 14384     0 58187 58474  1  0 94  4  0	
 1  2      0 69385904   8076  72052    0    0 14848    28 57999 58252  1  1 95  4  0	
 2  0      0 69385904   8076  72052    0    0 15568     0 56498 56687  1  0 94  4  0	
 2  0      0 69385904   8076  72052    0    0 14064     0 58250 58511  1  0 95  3  0	
 1  1      0 69385904   8076  72052    0    0 14800     0 56648 56908  1  0 94  4  0	
 2  0      0 69385904   8076  72052    0    0 15584     0 56403 56665  1  0 94  4  0	
 1  1      0 69385904   8084  72044    0    0 15248    12 57362 57569  1  1 95  4  0	
 2  0      0 69385904   8084  72044    0    0 14832     0 56047 56306  1  1 94  4  0	
 1  1      0 69385904   8084  72044    0    0 15088     0 54824 54966  1  1 94  4  0	
 2  0      0 69385904   8084  72044    0    0 15248     0 55456 55680  1  0 94  4  0	
 2  0      0 69385904   8084  72044    0    0 14768     0 56483 56699  1  1 94  4  0	
 2  0      0 69385904   8084  72056    0    0 14512     4 55737 55946  1  0 94  4  0	
 1  1      0 69385904   8092  72056    0    0 15504    12 57141 57307  1  0 95  4  0	
 2  0      0 69385904   8092  72056    0    0 14960     0 56324 56547  1  1 94  4  0	
procs -----------memory---------- ---swap-- -----io---- --system-- -----cpu-----
 r  b   swpd   free   buff  cache   si   so    bi    bo   in   cs us sy id wa st
 2  0      0 69385904   8092  72056    0    0 14464     0 53934 54541  1  1 94  4  0	
 2  0      0 69385904   8092  72056    0    0 15744     0 56152 56392  1  1 94  4  0	
 2  0      0 69385904   8092  72056    0    0 14752    20 57784 58152  1  0 94  4  0	
 1  1      0 69385904   8100  72048    0    0 15504    12 54868 55220  1  0 94  4  0	
 2  0      0 69385904   8100  72048    0    0 14992     0 56568 56791  1  1 95  4  0	
 1  1      0 69385904   8100  72048    0    0 14960     0 56828 57006  1  0 94  4  0	
 2  0      0 69385904   8100  72048    0    0 14864     0 57019 57293  1  0 94  4  0	
 1  1      0 69385904   8100  72056    0    0 15184     0 55528 55993  1  1 94  4  0	
 1  1      0 69385904   8100  72056    0    0 15536     0 56917 57094  1  0 94  4  0	
 2  0      0 69385904   8108  72060    0    0 15104    12 53432 54006  1  0 94  4  0	
 1  1      0 69385904   8108  72060    0    0 15264     0 56818 57077  1  1 94  4  0	
 3  0      0 69385904   8108  72060    0    0 14880     0 56886 57175  1  1 94  4  0	
 1  1      0 69385904   8108  72060    0    0 13856    16 52882 54333  1  1 95  3  0	
 1  1      0 69385904   8108  72060    0    0 14448     0 58900 59130  1  0 94  3  0	
 2  0      0 69385904   8116  72052    0    0 14928    28 58755 58242  1  1 94  4  0	
 1  1      0 69385904   8116  72060    0    0 14544     0 57470 57711  1  1 94  4  0	
 2  0      0 69385904   8116  72060    0    0 15104     0 56712 56976  1  1 95  4  0	
 4  0      0 69385904   8116  72060    0    0 16112     0 56430 56688  1  1 94  4  0	
 2  1      0 69385904   8116  72060    0    0 15488     0 57802 58090  1  1 94  4  0	
 0  2      0 69385904   8116  72060    0    0 15440     0 57640 57909  1  0 95  4  0	
 1  1      0 69385904   8124  72052    0    0 15600    12 55942 56267  1  1 94  4  0	
procs -----------memory---------- ---swap-- -----io---- --system-- -----cpu-----
 r  b   swpd   free   buff  cache   si   so    bi    bo   in   cs us sy id wa st
 2  1      0 69385904   8124  72052    0    0 15072     0 57444 57706  1  1 94  4  0	
 1  1      0 69385904   8124  72052    0    0 14224     0 57332 57643  1  1 94  4  0	
 3  0      0 69385904   8124  72060    0    0 15120     0 56430 56722  1  1 94  4  0	
 1  1      0 69385904   8124  72060    0    0 15328     0 57585 57857  1  1 94  4  0	
 3  0      0 69385904   8132  72052    0    0 15760    12 54849 55097  1  0 94  4  0	
 1  1      0 69385904   8132  72052    0    0 15120     0 58045 58303  1  0 94  4  0	
 1  1      0 69385904   8132  72060    0    0 15136     0 58231 58545  1  1 94  4  0	
 2  0      0 69385904   8132  72060    0    0 15008     0 57318 57629  1  1 94  4  0	
 1  1      0 69385904   8132  72060    0    0 15184     0 57609 57928  1  1 95  4  0	
 0  2      0 69385904   8132  72060    0    0 14848     0 58265 58499  1  1 94  4  0	
 3  0      0 69385904   8140  72064    0    0 15248    12 57024 57288  1  1 94  4  0	
 4  0      0 69385904   8140  72064    0    0 15504     0 55200 55474  2  0 94  4  0	
 2  0      0 69385904   8140  72064    0    0 15360     0 57214 57368  2  1 94  4  0	
 2  0      0 69385904   8140  72064    0    0 15296     0 57571 57778  1  1 94  4  0	
 1  1      0 69385904   8140  72064    0    0 14944     0 55579 55744  1  1 94  4  0	
 2  1      0 69385904   8148  72056    0    0 14672    12 56686 56888  1  1 94  4  0	
 1  1      0 69385904   8148  72064    0    0 14512     0 57773 57934  1  0 95  4  0	
 3  0      0 69385904   8148  72064    0    0 16064    16 55146 55315  1  1 94  4  0	
 1  2      0 69385904   8148  72064    0    0 15184     0 57777 57942  1  1 95  4  0	
 2  0      0 69385904   8148  72064    0    0 15536     0 55615 55822  1  0 95  4  0	
 3  0      0 69385904   8148  72064    0    0 15168     0 56010 56239  1  0 95  4  0	
procs -----------memory---------- ---swap-- -----io---- --system-- -----cpu-----
 r  b   swpd   free   buff  cache   si   so    bi    bo   in   cs us sy id wa st
 2  0      0 69385904   8156  72056    0    0 15088    12 57415 57698  1  0 94  4  0	
 3  0      0 69385904   8156  72056    0    0 16048     4 56515 56861  1  1 94  4  0	
 1  1      0 69385904   8156  72056    0    0 15136     0 57830 58165  1  1 94  4  0	
 1  1      0 69385904   8156  72056    0    0 15200     0 57083 57365  1  1 94  4  0	
 0  2      0 69385904   8156  72056    0    0 13680     0 58136 58340  1  1 94  4  0	
 2  0      0 69385776   8164  72064    0    0 14880    16 58038 58335  1  1 94  4  0	
 2  1      0 69385776   8164  72064    0    0 15568     8 56789 56990  1  0 94  4  0	
 2  0      0 69385776   8164  72064    0    0 14832     0 52860 53518  1  1 94  4  0	
 2  1      0 69385776   8164  72064    0    0 14944     0 56169 56320  1  0 94  4  0	
 3  0      0 69385776   8164  72064    0    0 15008     0 57790 57976  1  1 94  4  0	
 2  0      0 69385776   8164  72064    0    0 14832     0 55724 55884  1  1 94  4  0	
 1  1      0 69385776   8172  72068    0    0 15616    24 56385 56522  1  0 94  4  0	
 2  0      0 69385776   8172  72068    0    0 14944     0 56893 57132  1  1 94  4  0	
 2  0      0 69385776   8172  72068    0    0 15248     0 56499 56659  1  1 94  4  0	
 2  0      0 69385776   8172  72068    0    0 14848     0 58260 58431  1  1 95  3  0	
 2  0      0 69385776   8172  72068    0    0 15280     0 57717 57904  1  0 94  4  0	
 3  1      0 69385776   8180  72060    0    0 15024    12 57753 57886  1  0 95  4  0	
 2  1      0 69385776   8180  72060    0    0 16032     0 55965 56226  1  1 94  4  0	
 2  0      0 69385776   8180  72068    0    0 14592     0 56939 57135  1  0 94  4  0	
 1  1      0 69385776   8180  72068    0    0 15136     0 57336 57613  1  1 94  4  0	
 1  1      0 69385776   8180  72068    0    0 14768     0 57630 57774  2  0 94  3  0	
procs -----------memory---------- ---swap-- -----io---- --system-- -----cpu-----
 r  b   swpd   free   buff  cache   si   so    bi    bo   in   cs us sy id wa st
 1  2      0 69385776   8180  72072    0    0 14784     8 57526 57676  1  1 94  4  0	
 2  0      0 69385776   8188  72064    0    0 15312     4 55905 56179  1  1 94  4  0	
 2  0      0 69385776   8188  72064    0    0 14240     0 56185 56388  1  1 94  4  0	
 1  1      0 69385776   8188  72064    0    0 14896     0 57312 57430  1  1 94  4  0	
 2  0      0 69385776   8188  72072    0    0 15216     0 54790 55158  1  1 94  4  0	
 1  1      0 69385776   8188  72072    0    0 14096     0 55925 56066  1  1 94  4  0	
 3  0      0 69385776   8196  72064    0    0 15184    12 56530 56711  1  1 94  4  0	
 2  0      0 69385776   8196  72072    0    0 14576     0 55113 55428  1  1 94  4  0	
 2  0      0 69385776   8196  72072    0    0 14192     0 58130 58268  2  1 94  3  0	
 3  0      0 69385776   8196  72072    0    0 14864     0 57174 57376  1  0 95  4  0	
 1  1      0 69385776   8196  72072    0    0 14544     0 57523 57733  2  1 94  4  0	
 1  1      0 69385776   8204  72064    0    0 15024    52 56908 57173  1  0 94  4  0	
 2  0      0 69385776   8204  72064    0    0 14848     0 57531 57866  1  1 94  4  0	
 1  1      0 69385776   8204  72064    0    0 15776     0 56146 56491  1  0 94  4  0	
 1  1      0 69385776   8204  72064    0    0 15520     0 56818 57144  1  1 94  4  0	
 3  0      0 69385776   8204  72064    0    0 15872     0 56855 57263  1  1 94  4  0	
 2  1      0 69385776   8204  72072    0    0 15488    12 56792 57211  1  1 94  4  0	
 1  1      0 69385776   8212  72064    0    0 14912    24 56571 56820  1  0 95  4  0	
 1  1      0 69385776   8212  72064    0    0 15664     0 55867 56043  1  0 94  4  0	
 2  1      0 69385776   8212  72064    0    0 15040     0 57123 57285  1  0 94  4  0	
 2  0      0 69385776   8212  72064    0    0 15696     0 54402 54663  1  0 94  4  0	
procs -----------memory---------- ---swap-- -----io---- --system-- -----cpu-----
 r  b   swpd   free   buff  cache   si   so    bi    bo   in   cs us sy id wa st
 2  0      0 69385776   8212  72064    0    0 15344     0 57328 57583  1  1 94  4  0	
 1  1      0 69385776   8220  72056    0    0 15472    12 56288 56455  1  0 94  4  0	
 2  0      0 69385776   8220  72056    0    0 15936     0 56270 56531  1  1 94  4  0	
 3  0      0 69385776   8220  72072    0    0 15136     0 55362 55765  1  0 94  4  0	
 0  2      0 69385776   8220  72072    0    0 15664     0 56834 57030  1  1 95  4  0	
 3  0      0 69385776   8220  72072    0    0 14752     0 55879 56266  1  1 94  4  0	
 0  2      0 69385776   8220  72072    0    0 14768     0 56851 57011  1  1 94  4  0	
 2  0      0 69385776   8228  72064    0    0 14704    16 56791 57064  1  1 94  4  0	
 1  1      0 69385776   8228  72064    0    0 15680     0 55879 56075  1  1 94  4  0	
 3  0      0 69385776   8228  72064    0    0 14320     0 56246 56404  1  0 94  4  0	
 2  1      0 69385776   8228  72064    0    0 15184     0 56879 57110  1  1 95  4  0	
 2  0      0 69385776   8228  72072    0    0 14288     0 57057 57301  1  1 94  4  0	
 2  0      0 69385776   8236  72068    0    0 15040    12 56431 56684  1  1 94  4  0	
 3  0      0 69385776   8236  72068    0    0 15120     0 56181 56366  1  1 94  4  0	
 2  0      0 69385776   8236  72068    0    0 15648     0 56479 56614  1  0 94  4  0	
 0  2      0 69385776   8236  72068    0    0 15472     0 56729 56918  1  0 95  4  0	
 1  1      0 69385776   8236  72068    0    0 15168     0 57692 57887  1  1 94  4  0	
 2  1      0 69385776   8236  72080    0    0 14272     0 55887 56193  1  0 94  4  0	
 1  1      0 69385776   8244  72080    0    0 14704    12 57938 58156  1  1 94  4  0	
 2  0      0 69385776   8244  72080    0    0 15104     0 55992 56156  1  0 94  4  0	
 1  1      0 69385776   8244  72080    0    0 15424     0 56925 57113  1  1 95  4  0	
procs -----------memory---------- ---swap-- -----io---- --system-- -----cpu-----
 r  b   swpd   free   buff  cache   si   so    bi    bo   in   cs us sy id wa st
 2  0      0 69385776   8244  72080    0    0 14128    40 57269 57428  1  1 94  4  0	
 1  1      0 69385776   8244  72080    0    0 15360     0 56515 56696  1  1 94  4  0	
 2  0      0 69385776   8252  72076    0    0 14192    24 56316 56707  1  1 94  4  0	
 1  1      0 69385776   8252  72076    0    0 15040     0 57326 57541  1  1 94  4  0	
 1  1      0 69385776   8252  72076    0    0 15296     0 56485 56667  1  0 94  4  0	
 2  0      0 69385776   8252  72080    0    0 14688     8 56669 56844  1  1 94  4  0	
 2  0      0 69385776   8252  72080    0    0 14528     0 56759 56921  1  0 94  4  0	
 2  0      0 69385776   8252  72080    0    0 14816     0 57469 57654  1  1 94  4  0	
 2  0      0 69385776   8260  72080    0    0 14848    24 56015 56225  1  1 94  4  0	
 3  0      0 69385776   8260  72080    0    0 15200     0 55585 55798  1  1 94  4  0	
 0  2      0 69384760   8260  72080    0    0 14128     0 53746 54201  2  1 94  4  0	
 1  1      0 69384760   8260  72080    0    0 14960     0 57451 57611  1  1 94  4  0	
 1  1      0 69384752   8260  72080    0    0 14468     0 57825 57606  1  1 94  4  0	
 1  1      0 69384752   8268  72072    0    0 15552    20 56323 56492  1  0 94  4  0	
 2  0      0 69384400   8268  72128    0    0 14592     0 57629 57870  1  0 94  4  0	
 2  0      0 69384264   8268  72128    0    0 14928     4 57732 57910  1  0 94  4  0	
 2  0      0 69383784   8276  72132    0    0 15328    48 57026 57146  1  1 95  4  0	
 2  0      0 69383528   8276  72132    0    0 15424     0 56751 56914  1  1 94  4  0	
 2  0      0 69384000   8276  72136    0    0 14512     0 58108 58302  1  1 94  4  0	
 2  0      0 69383984   8276  72136    0    0 14896     0 57282 57551  1  0 94  4  0	
 2  0      0 69384536   8276  72140    0    0 14736     0 55967 56189  1  1 94  4  0	
procs -----------memory---------- ---swap-- -----io---- --system-- -----cpu-----
 r  b   swpd   free   buff  cache   si   so    bi    bo   in   cs us sy id wa st
 2  1      0 69383648   8284  72140    0    0 15104    20 57298 57464  1  0 94  4  0	
 2  0      0 69383696   8284  72144    0    0 14976     0 57083 57231  1  1 94  4  0	
 1  1      0 69384144   8284  72144    0    0 14944     0 54963 55448  1  0 94  4  0	
 1  1      0 69384144   8284  72144    0    0 14640     0 55803 56450  1  0 94  4  0	
 2  0      0 69383568   8292  72140    0    0 15184    48 56264 56500  1  0 94  4  0	
 2  0      0 69383568   8292  72140    0    0 15552     0 56717 56964  1  1 94  4  0	
 3  0      0 69383952   8292  72140    0    0 15520     0 56615 56729  1  1 94  4  0	
 1  1      0 69383952   8292  72140    0    0 15888     0 55634 55799  1  1 94  4  0	
 1  1      0 69383928   8292  72156    0    0 14832     0 57697 57827  1  1 94  4  0	
 1  1      0 69383928   8300  72156    0    0 15584    20 55810 56084  1  1 94  4  0	
 1  1      0 69384160   8300  72156    0    0 15728     0 56489 56683  1  0 94  4  0	
 2  1      0 69384160   8300  72156    0    0 15104     0 56960 57275  1  1 94  4  0	
 1  1      0 69385056   8308  72148    0    0 15728    52 57948 58228  1  1 94  4  0	
 0  2      0 69385056   8308  72148    0    0 14832     0 58801 59153  1  0 95  4  0	
 2  1      0 69384928   8308  72148    0    0 15456    28 57748 58017  1  1 94  4  0	
 2  0      0 69384064   8308  72172    0    0 15104     0 57704 57932  1  1 94  4  0	
 4  0      0 69384688   8308  72176    0    0 14800     0 56570 56702  1  0 95  4  0	
 0  2      0 69384048   8316  72168    0    0 15312    36 57578 57908  1  1 94  4  0	
 1  1      0 69384080   8316  72176    0    0 15072     0 56918 57139  1  1 94  4  0	
 1  1      0 69383888   8316  72180    0    0 15568    16 55834 56137  1  1 94  4  0	
 2  0      0 69383888   8316  72180    0    0 14928     0 57536 57391  1  1 94  4  0	
procs -----------memory---------- ---swap-- -----io---- --system-- -----cpu-----
 r  b   swpd   free   buff  cache   si   so    bi    bo   in   cs us sy id wa st
 2  0      0 69384784   8324  72172    0    0 15696    40 57264 57431  1  1 94  4  0	
 3  0      0 69384784   8324  72172    0    0 15152     0 57907 58106  1  1 95  4  0	
 2  1      0 69384656   8324  72172    0    0 14896     0 56571 56659  1  0 94  4  0	
 3  0      0 69384656   8324  72172    0    0 15136     0 56654 56800  1  1 94  4  0	
 3  0      0 69383472   8324  72192    0    0 14928     8 55336 55632  1  1 94  4  0	
 2  0      0 69383344   8332  72188    0    0 14704    32 57923 58078  1  1 94  4  0	
 0  2      0 69383472   8332  72192    0    0 14608     0 57501 57635  2  0 94  4  0	
 2  0      0 69383488   8332  72196    0    0 14384     0 57602 57760  1  0 94  4  0	
 1  1      0 69383872   8332  72196    0    0 16080     0 56333 56439  1  1 94  4  0	
 1  1      0 69383872   8340  72192    0    0 15472    48 57332 57736  1  0 95  4  0	
 3  0      0 69383760   8340  72192    0    0 15312     0 57321 57602  1  1 94  4  0	
 0  2      0 69383312   8340  72192    0    0 15904     0 56484 56932  1  0 94  4  0	
 2  0      0 69383888   8340  72208    0    0 15360     0 55449 56200  1  0 94  4  0	
 2  0      0 69383136   8340  72208    0    0 14864     0 56912 57687  1  0 95  4  0	
 2  0      0 69383576   8348  72208    0    0 15344    20 57171 57631  1  0 94  4  0	
 2  0      0 69383144   8348  72208    0    0 15440     0 57336 57674  1  1 94  4  0	
 2  0      0 69383312   8348  72208    0    0 15280     0 58425 58881  1  0 94  4  0	
 1  1      0 69383592   8356  72216    0    0 15056    48 57173 57622  1  1 94  4  0	
 2  0      0 69383216   8356  72220    0    0 14704     0 57202 57454  1  0 95  4  0	
 0  2      0 69383472   8356  72224    0    0 14960     0 52881 53399  2  1 94  4  0	
 1  1      0 69383344   8356  72224    0    0 15216     0 53758 53849  1  1 94  4  0	
procs -----------memory---------- ---swap-- -----io---- --system-- -----cpu-----
 r  b   swpd   free   buff  cache   si   so    bi    bo   in   cs us sy id wa st
 2  0      0 69383720   8356  72228    0    0 14656     0 57505 57633  1  1 94  4  0	
 3  0      0 69383744   8364  72224    0    0 15952    20 55990 56186  1  0 94  4  0	
 2  0      0 69383456   8364  72224    0    0 15264     0 56349 56542  1  1 94  4  0	
 3  0      0 69383456   8364  72224    0    0 16096     4 56213 55859  1  1 94  4  0	
 3  0      0 69383392   8364  72224    0    0 14640     0 53616 53657  1  1 94  4  0	
 3  0      0 69383392   8364  72224    0    0 14064     0 54520 55283  1  1 94  3  0	
 1  1      0 69382480   8372  72236    0    0 14400    52 52271 53255  1  1 94  4  0	
 3  0      0 69382480   8372  72236    0    0 14176     0 53108 53498  1  1 95  4  0	
 1  1      0 69382704   8372  72236    0    0 14688    24 52920 53949  1  1 94  4  0	
 1  1      0 69382704   8372  72236    0    0 14432     0 53006 54146  1  0 94  3  0	
 1  1      0 69383024   8372  72236    0    0 14336     0 53957 54848  1  0 95  3  0	
 0  2      0 69383032   8380  72228    0    0 14464    32 56043 56565  1  1 94  4  0	
 3  0      0 69383432   8380  72228    0    0 14992     0 57241 57465  1  1 94  4  0	
 2  0      0 69382904   8380  72228    0    0 15232    24 56186 56327  1  0 94  4  0	
 0  2      0 69383792   8388  72220    0    0 15216    44 57274 57510  1  1 94  4  0	
 3  0      0 69382656   8388  72256    0    0 14880     0 57301 57563  1  1 94  4  0	
 1  1      0 69383656   8388  72260    0    0 14768     0 56528 56800  1  1 94  4  0	
 2  0      0 69382784   8388  72260    0    0 15232     0 57734 57939  1  1 94  4  0	
 2  0      0 69383600   8388  72260    0    0 14912     0 56708 56822  1  1 94  4  0	
 2  0      0 69382480   8396  72260    0    0 14928    20 57111 57372  1  0 94  4  0	
 1  1      0 69382112   8396  72264    0    0 15760     0 56319 56563  1  0 94  4  0	
procs -----------memory---------- ---swap-- -----io---- --system-- -----cpu-----
 r  b   swpd   free   buff  cache   si   so    bi    bo   in   cs us sy id wa st
 1  1      0 69382480   8396  72268    0    0 15360     0 56577 56732  1  0 94  4  0	
 2  0      0 69382480   8396  72268    0    0 15184     0 56111 56268  1  1 94  4  0	
 2  0      0 69381808   8404  72272    0    0 15760    48 56250 56431  1  0 94  4  0	
 1  1      0 69381808   8404  72272    0    0 15200     0 56878 57022  1  1 94  4  0	
 2  0      0 69382160   8404  72276    0    0 15024     0 56480 56672  1  0 94  4  0	
 2  0      0 69382160   8404  72276    0    0 16016     0 54996 55179  1  1 94  4  0	
 2  0      0 69382320   8404  72276    0    0 15664     0 56960 57186  1  1 94  4  0	
 3  0      0 69382400   8412  72272    0    0 15088    28 57287 57518  1  0 94  4  0	
 2  0      0 69382640   8412  72284    0    0 15392     0 57566 58235  1  1 94  4  0	
 1  1      0 69382640   8412  72288    0    0 14096     0 57588 57658  1  1 94  4  0	
 1  1      0 69383256   8420  72280    0    0 15424    48 57789 57927  1  1 94  4  0	
 0  2      0 69382720   8420  72280    0    0 15584     0 57571 57797  1  0 95  4  0	
 1  1      0 69383088   8420  72296    0    0 15280     0 56881 57099  1  1 94  4  0	
 2  0      0 69382960   8420  72296    0    0 14992     8 55827 56191  1  1 94  4  0	
 2  0      0 69382384   8420  72300    0    0 15440     0 55979 56195  1  1 94  4  0	
 3  0      0 69382256   8428  72292    0    0 14464    32 56352 56454  1  0 94  4  0	
 1  1      0 69382976   8428  72292    0    0 15600     0 56731 56158  1  1 94  4  0	
 1  1      0 69382976   8428  72292    0    0 15184     0 56760 56738  1  1 94  4  0	
 2  0      0 69383712   8428  72308    0    0 14240     8 59234 58834  1  1 94  4  0	
 1  1      0 69383200   8436  72308    0    0 15072    60 57382 57635  1  0 94  4  0	
 2  0      0 69383968   8436  72312    0    0 14752     0 58662 58976  1  1 94  4  0	
procs -----------memory---------- ---swap-- -----io---- --system-- -----cpu-----
 r  b   swpd   free   buff  cache   si   so    bi    bo   in   cs us sy id wa st
 2  0      0 69383216   8436  72312    0    0 14912     0 56263 56517  1  1 94  4  0	
 1  1      0 69382944   8436  72312    0    0 14816     0 57121 57386  1  0 95  4  0	
 3  0      0 69383296   8436  72312    0    0 14944    40 56070 56205  1  0 94  4  0	
 4  0      0 69383048   8444  72316    0    0 15520    20 57403 57683  1  1 94  4  0	
 3  0      0 69382936   8444  72320    0    0 14656     0 57097 57335  1  0 94  4  0	
 2  0      0 69382936   8444  72320    0    0 14928     0 56042 56307  1  1 94  4  0	
 2  0      0 69383376   8452  72312    0    0 15696    52 56120 56231  1  0 94  4  0	
 3  0      0 69383376   8452  72312    0    0 15312    12 56293 56301  1  1 94  4  0	
 0  2      0 69383824   8452  72312    0    0 15008     0 56684 56955  1  1 94  4  0	
 1  1      0 69382488   8452  72328    0    0 15024     0 57138 57475  1  0 94  4  0	
 3  0      0 69382736   8452  72328    0    0 14672     0 56899 57119  1  0 94  4  0	
 1  1      0 69382488   8452  72328    0    0 15184     0 55490 55429  1  1 94  4  0	
 0  2      0 69382176   8460  72320    0    0 14336    32 56525 56920  1  1 94  4  0	
 1  1      0 69382240   8460  72332    0    0 15360     0 56638 56809  1  1 94  4  0	
 2  0      0 69382992   8460  72336    0    0 15040     0 56383 56295  1  1 94  4  0	
 0  2      0 69382496   8460  72336    0    0 15136     0 57692 57580  1  1 94  4  0	
 2  0      0 69383232   8468  72340    0    0 14912    48 57217 57360  1  1 94  4  0	
 1  1      0 69382720   8468  72340    0    0 14512     8 58266 58453  1  1 94  4  0	
 2  0      0 69383728   8468  72348    0    0 14144     0 57139 57265  1  1 94  3  0	
 1  1      0 69382704   8468  72348    0    0 15232     0 55921 56046  1  1 94  4  0	
 1  0      0 69383592   8468  72352    0    0 14752     0 55767 55891  1  0 94  4  0	
procs -----------memory---------- ---swap-- -----io---- --system-- -----cpu-----
 r  b   swpd   free   buff  cache   si   so    bi    bo   in   cs us sy id wa st
 1  1      0 69382464   8476  72352    0    0 14464    20 56033 56344  1  0 94  4  0	
 2  0      0 69383840   8476  72352    0    0 15104     0 55251 55644  1  0 95  4  0	
 2  1      0 69382944   8476  72356    0    0 15024     0 56977 57100  1  0 94  4  0	
 2  0      0 69382944   8476  72356    0    0 14704     0 54400 54508  1  1 94  4  0	
 2  0      0 69383184   8484  72364    0    0 15216    52 56086 56251  1  0 94  4  0	
 1  1      0 69383040   8484  72364    0    0 15024     0 56757 56983  1  0 94  4  0	
 2  0      0 69383056   8484  72364    0    0 15584     0 57108 57416  1  1 95  4  0	
 2  0      0 69383056   8484  72364    0    0 15232    20 57166 57452  1  1 94  4  0	
 3  0      0 69382800   8484  72376    0    0 14368     0 57658 57819  1  0 94  4  0	
 1  1      0 69382800   8492  72368    0    0 14960    36 55627 55844  1  1 94  4  0	
 0  2      0 69382952   8492  72376    0    0 15632     0 56620 56790  1  0 95  4  0	
 1  1      0 69382440   8492  72376    0    0 15296     0 56873 57009  1  1 94  4  0	
 1  1      0 69381672   8500  72368    0    0 15424    52 56627 56752  1  1 94  4  0	
 2  0      0 69381672   8500  72368    0    0 14928     0 54980 55221  1  1 94  4  0	
 2  0      0 69382640   8500  72384    0    0 14816     0 56710 57030  1  1 94  4  0	
 1  1      0 69382640   8500  72384    0    0 15024     0 56738 56970  1  0 95  4  0	
 0  2      0 69383024   8500  72384    0    0 15120     0 54728 54928  1  0 94  4  0	
 2  1      0 69382128   8508  72376    0    0 14304    84 53903 54431  1  0 94  3  0	
 1  1      0 69382992   8508  72376    0    0 13936     0 53833 54311  1  1 94  3  0	
 2  0      0 69382912   8508  72392    0    0 14064     0 52272 52721  1  1 94  4  0	
 2  0      0 69383376   8516  72396    0    0 14800    44 54123 54403  1  0 94  4  0	
procs -----------memory---------- ---swap-- -----io---- --system-- -----cpu-----
 r  b   swpd   free   buff  cache   si   so    bi    bo   in   cs us sy id wa st
 1  1      0 69382880   8516  72396    0    0 15648     0 57277 57423  1  1 94  4  0	
 1  1      0 69383320   8516  72396    0    0 14896     0 56918 57112  1  1 94  4  0	
 3  0      0 69382568   8516  72396    0    0 15152     0 57061 57305  1  0 95  4  0	
 3  0      0 69381920   8516  72400    0    0 15424     0 55088 55380  1  1 94  4  0	
 2  0      0 69382288   8516  72404    0    0 14784     0 55872 56049  1  1 94  4  0	
 3  0      0 69382288   8524  72396    0    0 15280    20 54955 55120  1  0 94  4  0	
 2  0      0 69382912   8524  72408    0    0 15184     0 55828 55987  1  1 94  4  0	
 3  0      0 69382912   8524  72408    0    0 14448     0 55768 56145  1  0 94  4  0	
 1  1      0 69383024   8532  72408    0    0 14080    48 53699 54189  1  1 94  3  0	
 1  1      0 69383024   8532  72408    0    0 14576     0 53268 53751  1  0 95  4  0	
 3  0      0 69382960   8532  72408    0    0 13824     0 55809 56047  1  1 94  3  0	
 1  1      0 69382896   8532  72412    0    0 14208     0 55046 55381  1  0 95  3  0	
 1  1      0 69383384   8532  72416    0    0 14592     0 55123 55247  1  0 94  4  0	
 3  0      0 69383024   8532  72416    0    0 15408     0 57002 57055  1  0 94  4  0	
 2  1      0 69383488   8540  72416    0    0 15408    20 55703 56112  1  1 94  4  0	
 4  0      0 69382856   8540  72424    0    0 13760     0 57270 57651  1  0 94  3  0	
 2  0      0 69383352   8540  72428    0    0 14304     8 53606 53895  1  1 94  4  0	
 3  0      0 69383352   8548  72428    0    0 14912    60 55955 56116  1  0 95  3  0	
 1  1      0 69383728   8548  72428    0    0 13968     0 51459 52061  1  1 94  4  0	
 0  2      0 69383136   8548  72436    0    0 14624     0 52593 53081  1  1 94  4  0	
 2  1      0 69383576   8548  72436    0    0 14448     0 56360 56781  1  0 94  4  0	
procs -----------memory---------- ---swap-- -----io---- --system-- -----cpu-----
 r  b   swpd   free   buff  cache   si   so    bi    bo   in   cs us sy id wa st
 2  0      0 69384016   8548  72440    0    0 14576     8 56171 56465  1  0 94  4  0	
 2  0      0 69384016   8556  72432    0    0 13664    40 53074 53624  1  1 94  3  0	
 0  2      0 69382896   8556  72444    0    0 14784     0 51455 52160  1  0 95  4  0	
 0  2      0 69382744   8556  72444    0    0 14608     0 55574 55929  1  0 94  4  0	
 2  0      0 69383392   8556  72444    0    0 13584     0 54367 54825  1  1 94  3  0	
 2  0      0 69382880   8556  72444    0    0 14320     0 53901 54309  1  1 94  4  0	
 1  1      0 69383008   8564  72452    0    0 14384    80 54676 54939  1  1 94  4  0	
 1  1      0 69383008   8564  72452    0    0 14192     0 51952 52419  1  1 94  4  0	
 2  0      0 69382896   8564  72452    0    0 14416     0 56780 56966  1  0 95  4  0	
 2  0      0 69382896   8564  72452    0    0 15408     0 57537 57798  1  1 94  4  0	
 3  0      0 69383008   8564  72452    0    0 14896     0 56680 56859  1  1 94  4  0	
 2  0      0 69383008   8572  72444    0    0 14832    48 57025 57234  1  0 95  4  0	
 3  0      0 69382944   8572  72444    0    0 15088     0 57283 57441  1  0 94  4  0	
 3  0      0 69382944   8572  72444    0    0 14976     0 56563 56690  1  0 94  4  0	
 2  0      0 69382920   8580  72472    0    0 15216    56 55835 56066  1  0 94  4  0	
 1  1      0 69382800   8580  72472    0    0 15040     0 55479 55692  1  1 94  4  0	
 3  0      0 69382848   8580  72480    0    0 15520     0 54809 55369  1  0 94  4  0	
 1  1      0 69382848   8580  72480    0    0 14992     0 57532 57777  1  1 94  4  0	
 2  0      0 69383128   8580  72484    0    0 15104     0 53440 53649  1  0 94  4  0	
 3  0      0 69383128   8588  72476    0    0 15088    28 55279 55367  1  0 94  4  0	
 1  1      0 69383568   8588  72476    0    0 13984     0 55725 55613  1  1 94  4  0	
procs -----------memory---------- ---swap-- -----io---- --system-- -----cpu-----
 r  b   swpd   free   buff  cache   si   so    bi    bo   in   cs us sy id wa st
 2  0      0 69383080   8588  72480    0    0 15424     0 54604 54724  2  1 94  4  0	
 1  2      0 69383664   8592  72488    0    0 14944    56 56255 56356  1  1 94  4  0	
 2  0      0 69383160   8596  72488    0    0 14592     4 55991 56433  1  1 94  4  0	
 2  0      0 69383160   8596  72488    0    0 14864     0 56044 56319  1  0 94  4  0	
 2  0      0 69383088   8596  72488    0    0 14880     0 56107 56211  1  1 94  4  0	
 0  2      0 69383088   8596  72488    0    0 14656     0 56121 56360  1  0 94  4  0	
 2  1      0 69382528   8596  72488    0    0 15360     0 55721 55827  1  1 94  4  0	
 2  0      0 69382528   8604  72480    0    0 14960    20 54996 55135  1  1 94  4  0	
 2  0      0 69383808   8604  72480    0    0 14624     0 55950 56023  1  0 94  4  0	
 2  0      0 69382696   8604  72504    0    0 14656     0 54978 55172  1  0 94  4  0	
 3  0      0 69383200   8612  72508    0    0 14064    80 54624 54759  1  0 94  4  0	
 2  0      0 69383200   8612  72508    0    0 14336     0 56454 56666  1  1 95  3  0	
 1  1      0 69382640   8612  72508    0    0 14928     0 55673 55700  1  1 94  4  0	
 2  0      0 69382640   8612  72508    0    0 15232     0 54654 54758  1  1 94  4  0	
 1  1      0 69383080   8612  72508    0    0 14928     0 56256 56363  1  0 94  4  0	
 1  1      0 69382568   8620  72500    0    0 14736    72 56442 56438  1  0 94  4  0	
 3  0      0 69382480   8620  72500    0    0 15136     0 57559 57771  1  0 94  4  0	
 1  1      0 69382616   8620  72520    0    0 14560     0 55492 55645  1  1 94  4  0	
 1  1      0 69383088   8620  72524    0    0 15328     0 53958 54038  1  0 94  4  0	
 1  1      0 69383088   8628  72520    0    0 14320    44 54574 54689  1  1 94  4  0	
 1  1      0 69383088   8628  72520    0    0 14688     0 52421 52505  1  1 94  4  0	
procs -----------memory---------- ---swap-- -----io---- --system-- -----cpu-----
 r  b   swpd   free   buff  cache   si   so    bi    bo   in   cs us sy id wa st
 1  1      0 69382944   8628  72520    0    0 14784     0 53762 53911  1  0 94  4  0	
 1  1      0 69382944   8628  72520    0    0 14800     0 56709 56186  1  1 94  4  0	
 1  1      0 69383248   8628  72536    0    0 15248     0 56849 57087  1  0 94  4  0	
 2  0      0 69383248   8636  72528    0    0 14736    20 56508 56723  1  1 94  4  0	
 2  1      0 69382864   8636  72540    0    0 15184     8 56973 57147  1  0 94  4  0	
 0  2      0 69382864   8636  72540    0    0 14752     0 57323 57567  1  0 95  4  0	
 2  0      0 69382360   8636  72540    0    0 14800     0 55634 55787  1  0 94  4  0	
 1  1      0 69382624   8644  72544    0    0 15184    52 54829 55080  1  1 94  4  0	
 2  0      0 69383744   8644  72548    0    0 15056     0 55397 55557  1  1 94  4  0	
 3  1      0 69383744   8644  72548    0    0 15056     0 55195 55343  1  1 94  4  0	
 0  2      0 69383080   8644  72552    0    0 14512     0 55879 56047  1  0 94  4  0	
 3  0      0 69383080   8644  72552    0    0 14800     0 56637 56744  1  1 94  4  0	
 0  2      0 69383200   8652  72556    0    0 15008    20 56737 56884  1  0 94  4  0	
 2  0      0 69382928   8652  72556    0    0 16160     0 54772 54949  1  0 94  4  0	
 0  2      0 69383248   8652  72560    0    0 14816     0 56238 56396  1  0 95  4  0	
 2  0      0 69383248   8652  72560    0    0 14096     0 57359 57504  1  1 94  4  0	
 2  1      0 69383520   8660  72564    0    0 14080    52 57148 57066  1  0 94  4  0	
 2  0      0 69383120   8660  72564    0    0 14496     0 55484 55610  1  0 94  4  0	
 2  0      0 69383880   8660  72564    0    0 14160     0 55935 56055  1  0 94  4  0	
 3  0      0 69383376   8660  72568    0    0 14960     0 55995 56171  1  1 95  4  0	
 1  1      0 69384216   8660  72568    0    0 16128    12 53917 54091  1  0 94  4  0	
procs -----------memory---------- ---swap-- -----io---- --system-- -----cpu-----
 r  b   swpd   free   buff  cache   si   so    bi    bo   in   cs us sy id wa st
 1  1      0 69383312   8668  72564    0    0 14368    32 56661 56777  1  0 94  4  0	
 2  0      0 69383312   8668  72564    0    0 14736     0 57173 57378  1  1 94  4  0	
 2  0      0 69383200   8668  72568    0    0 14464     0 55140 55277  1  0 94  4  0	
 1  1      0 69383200   8668  72568    0    0 15088     0 53973 54159  1  1 94  4  0	
 4  0      0 69383640   8676  72560    0    0 15136   108 55672 55807  1  1 94  4  0	
 0  2      0 69383640   8676  72560    0    0 14976     0 55691 55876  1  1 94  4  0	
 2  0      0 69384080   8676  72560    0    0 15040     0 56315 56304  1  0 94  4  0	
 2  0      0 69383248   8676  72584    0    0 15632     0 55720 56117  1  1 94  4  0	
 2  1      0 69383856   8676  72588    0    0 14928     0 56403 56743  1  1 94  4  0	
 2  0      0 69383856   8684  72580    0    0 15344    44 56806 57152  1  1 95  4  0	
 1  1      0 69384608   8684  72580    0    0 15280     0 55568 55727  1  1 94  4  0	
 1  1      0 69384608   8684  72580    0    0 15120     0 58086 58558  1  0 94  4  0	
 2  0      0 69384056   8692  72572    0    0 15104    44 57985 58210  1  1 94  4  0	
 2  1      0 69382928   8692  72596    0    0 14880     0 55875 56318  1  1 94  4  0	
 1  1      0 69383440   8692  72600    0    0 15424     0 55834 56312  1  0 94  4  0	
 3  0      0 69382448   8692  72600    0    0 14848     0 55103 55348  1  1 94  4  0	
 1  1      0 69382888   8692  72604    0    0 15104     0 57422 57494  1  1 94  4  0	
 2  0      0 69382888   8700  72596    0    0 14288    20 57443 57630  1  0 94  4  0	
 3  0      0 69383776   8700  72596    0    0 15200     0 56056 56220  1  0 95  4  0	
 1  1      0 69382104   8700  72608    0    0 15248     4 55239 55471  1  0 94  4  0	
 2  2      0 69382576   8704  72604    0    0 14704    44 57189 57458  1  0 95  4  0	
procs -----------memory---------- ---swap-- -----io---- --system-- -----cpu-----
 r  b   swpd   free   buff  cache   si   so    bi    bo   in   cs us sy id wa st
 3  0      0 69382576   8708  72600    0    0 15168     4 54766 54917  1  0 94  4  0	
 2  0      0 69382576   8708  72600    0    0 15424     0 55422 55678  1  0 94  4  0	
 2  0      0 69382104   8708  72624    0    0 14576     0 55754 56017  1  1 94  4  0	
 2  0      0 69381832   8708  72624    0    0 14000     0 55898 56048  1  1 94  4  0	
 2  1      0 69382096   8708  72624    0    0 15168     0 55692 55867  1  0 94  4  0	
 3  0      0 69382096   8716  72624    0    0 15056    20 55138 55352  1  0 94  4  0	
 1  1      0 69382304   8716  72624    0    0 15424     0 57038 57239  1  1 94  4  0	
 2  0      0 69382304   8716  72624    0    0 14272     0 57222 57520  1  1 94  4  0	
 1  1      0 69382848   8724  72616    0    0 15568    52 55424 55602  1  1 94  4  0	
 1  1      0 69382848   8724  72616    0    0 14528    20 56263 56444  1  0 94  4  0	
 2  0      0 69382048   8724  72636    0    0 14928     0 57381 57512  1  1 94  4  0	
 2  0      0 69381664   8724  72636    0    0 14832     0 56868 56998  1  1 94  4  0	
 3  0      0 69381296   8724  72636    0    0 14848     0 56597 56837  1  0 94  4  0	
 2  0      0 69381296   8724  72636    0    0 14832     0 55918 56022  1  0 94  4  0	
 1  1      0 69382160   8732  72648    0    0 14736    40 56525 56417  1  1 94  4  0	
 2  0      0 69380896   8732  72648    0    0 13872     0 54592 55026  1  1 94  4  0	
 2  0      0 69381664   8740  72652    0    0 14576    52 52722 53086  1  0 94  4  0	
 2  0      0 69381528   8740  72652    0    0 15088     0 53115 53462  1  0 95  4  0	
 3  0      0 69382080   8740  72652    0    0 14848     0 53998 54464  1  0 94  4  0	
 2  0      0 69382240   8740  72652    0    0 13776    24 52620 53172  1  1 95  4  0	
 2  0      0 69381648   8740  72660    0    0 14400     0 53837 54599  1  0 94  4  0	
procs -----------memory---------- ---swap-- -----io---- --system-- -----cpu-----
 r  b   swpd   free   buff  cache   si   so    bi    bo   in   cs us sy id wa st
 2  1      0 69381648   8740  72664    0    0 14928    16 56984 56893  1  0 94  4  0	
 3  0      0 69381648   8748  72664    0    0 15152     4 56211 56508  1  0 94  4  0	
 1  1      0 69382112   8748  72664    0    0 14560     0 55122 55258  1  0 94  4  0	
 1  1      0 69382112   8748  72664    0    0 14768    16 56351 56534  1  1 94  4  0	
 2  1      0 69382624   8756  72668    0    0 14880    40 56591 56738  1  0 94  4  0	
 1  1      0 69382624   8756  72668    0    0 15104     0 54982 55198  1  1 94  4  0	
 1  1      0 69382432   8756  72668    0    0 15712     0 56165 56280  1  1 94  4  0	
 0  2      0 69382304   8756  72668    0    0 14928     0 54724 54913  1  1 94  4  0	
 1  1      0 69382056   8756  72676    0    0 15088     0 56010 56444  1  1 94  4  0	
 2  1      0 69381904   8764  72668    0    0 14576    20 56386 56548  1  0 94  4  0	
 2  0      0 69382144   8764  72676    0    0 15504     0 56318 56503  1  1 94  4  0	
 0  2      0 69381608   8764  72676    0    0 15360     0 55251 55371  1  1 94  4  0	
 3  0      0 69382048   8772  72676    0    0 15264    48 54908 55080  1  0 94  4  0	
 3  0      0 69381680   8772  72684    0    0 14960     8 56623 56526  1  1 94  4  0	
 2  0      0 69382000   8772  72684    0    0 14960     0 56252 56414  1  0 94  4  0	
 1  1      0 69381872   8772  72684    0    0 15280     0 55368 55664  1  0 94  4  0	
 2  0      0 69382240   8772  72684    0    0 14512     0 56988 56918  1  1 94  4  0	
 2  0      0 69381736   8780  72684    0    0 14528    32 53954 54127  1  1 94  4  0	
 2  1      0 69381664   8780  72684    0    0 13824     8 55200 55497  1  1 94  4  0	
 0  2      0 69382672   8780  72696    0    0 14752     0 56993 57171  1  0 95  4  0	
 2  0      0 69382672   8780  72696    0    0 15760     0 56576 56766  1  1 94  4  0	
procs -----------memory---------- ---swap-- -----io---- --system-- -----cpu-----
 r  b   swpd   free   buff  cache   si   so    bi    bo   in   cs us sy id wa st
 1  1      0 69382672   8780  72696    0    0 14800     0 57858 58083  1  1 95  3  0	
 2  0      0 69382672   8780  72696    0    0 14416     0 58483 58696  1  1 94  3  0	
 1  1      0 69382672   8788  72688    0    0 15264    40 57608 57784  1  1 94  4  0	
 3  0      0 69382672   8788  72688    0    0 15072     0 56048 56251  1  0 94  4  0	
 1  1      0 69382672   8788  72688    0    0 14640     0 55865 56163  1  1 95  3  0	
 4  0      0 69382672   8788  72688    0    0 15008     0 57371 57579  1  1 94  4  0	
 1  1      0 69382672   8788  72688    0    0 15488     0 55253 55439  1  1 94  4  0	
 3  0      0 69382672   8796  72680    0    0 15264    24 57034 57196  1  1 95  4  0	
 2  0      0 69382672   8796  72704    0    0 15216     0 55462 55605  1  1 94  4  0	
 2  0      0 69382672   8796  72704    0    0 15744     0 56012 56224  1  0 94  4  0	
 2  1      0 69382672   8796  72704    0    0 15440     0 57451 57671  1  1 94  4  0	
 2  0      0 69382672   8796  72704    0    0 15264     0 55487 55617  1  1 94  4  0	
 1  1      0 69382672   8796  72704    0    0 14656     0 57119 57317  1  1 94  4  0	
 1  1      0 69382672   8804  72704    0    0 14528    52 56534 56728  1  0 94  4  0	
 2  1      0 69382672   8804  72704    0    0 15376     0 56224 56476  1  1 94  4  0	
 1  1      0 69382672   8804  72704    0    0 16128     0 56327 56346  1  0 94  4  0	
 2  0      0 69382672   8804  72704    0    0 14768     0 55576 55649  1  1 94  4  0	
 2  0      0 69382672   8804  72704    0    0 14432     0 56616 56839  1  1 94  4  0	
 3  0      0 69382672   8812  72696    0    0 14416    44 57215 57590  1  1 95  4  0	
 1  1      0 69382672   8812  72696    0    0 14672     0 56998 57293  1  1 94  4  0	
 3  0      0 69382672   8812  72696    0    0 14688     0 54435 54726  1  0 94  4  0	
procs -----------memory---------- ---swap-- -----io---- --system-- -----cpu-----
 r  b   swpd   free   buff  cache   si   so    bi    bo   in   cs us sy id wa st
 2  0      0 69382672   8812  72696    0    0 15344     0 55754 55958  1  1 94  4  0	
 2  1      0 69382672   8812  72696    0    0 14992     0 54606 54781  1  1 94  4  0	
 2  0      0 69382672   8812  72704    0    0 14528     0 56279 56527  1  1 95  4  0	
 2  0      0 69382672   8820  72704    0    0 14512    12 55780 55940  1  0 94  4  0	
 2  0      0 69382672   8820  72704    0    0 15200     0 55942 56079  1  0 95  4  0	
 2  0      0 69382672   8820  72704    0    0 15056     0 56592 56709  1  1 94  4  0	
 2  0      0 69382672   8820  72704    0    0 14960     0 56677 56895  1  0 94  4  0	
 0  2      0 69382672   8820  72704    0    0 15936     8 55714 55886  1  1 94  4  0	
 2  1      0 69382672   8828  72700    0    0 15264    28 55463 55728  1  1 94  4  0	
 3  0      0 69382672   8828  72700    0    0 15408     0 55592 55738  1  0 94  4  0	
 0  2      0 69382672   8828  72700    0    0 13968     0 56748 56889  1  1 95  4  0	
 2  0      0 69382672   8828  72704    0    0 15664     0 55155 55296  1  0 94  4  0	
 2  0      0 69382672   8828  72704    0    0 14896    12 56448 56554  1  1 95  4  0	
 2  0      0 69382672   8828  72704    0    0 14640     0 55613 55741  1  0 94  4  0	
 2  0      0 69382672   8836  72696    0    0 14608    24 55639 55824  1  1 94  4  0	
 2  0      0 69382672   8836  72696    0    0 15216     0 56291 56465  1  1 94  4  0	
 1  1      0 69382672   8836  72696    0    0 14912     0 57168 57311  1  1 94  4  0	
 0  2      0 69382672   8836  72696    0    0 14688     0 56985 57208  1  1 94  4  0	
 3  0      0 69382672   8836  72696    0    0 14768     0 56014 56239  1  1 94  4  0	
 1  1      0 69382672   8844  72704    0    0 15088    12 57562 57822  1  0 95  4  0	
 2  0      0 69382672   8844  72704    0    0 15136     0 56111 56332  1  0 94  4  0	
procs -----------memory---------- ---swap-- -----io---- --system-- -----cpu-----
 r  b   swpd   free   buff  cache   si   so    bi    bo   in   cs us sy id wa st
 1  1      0 69382672   8844  72704    0    0 15520     0 55697 55832  1  0 95  4  0	
 3  0      0 69382672   8844  72704    0    0 15584     0 55160 55353  1  1 94  4  0	
 3  0      0 69382672   8844  72704    0    0 14912     0 55703 55953  1  1 94  4  0	
 2  0      0 69382672   8844  72704    0    0 15008     0 56664 56887  1  1 95  4  0	
 1  1      0 69382672   8852  72696    0    0 15472    12 56353 56547  1  1 94  4  0	
 0  2      0 69382672   8852  72696    0    0 14368     0 54231 54456  1  0 95  4  0	
 2  0      0 69382552   8852  72712    0    0 15280    24 53631 53891  1  1 94  4  0	
 2  0      0 69382552   8852  72712    0    0 15712     0 56575 56858  1  0 94  4  0	
 1  1      0 69382552   8852  72712    0    0 15296     0 57438 57625  1  1 94  4  0	
 3  0      0 69382552   8860  72712    0    0 15088    16 56389 56604  1  0 94  4  0	
 3  0      0 69382552   8860  72712    0    0 15792     0 56241 56433  1  0 95  4  0	
 2  0      0 69382552   8860  72712    0    0 14416     0 55912 56101  1  0 94  4  0	
 1  1      0 69382552   8860  72712    0    0 14896     0 56594 56785  1  0 94  4  0	
 1  1      0 69382552   8860  72712    0    0 14640     0 57374 57527  1  1 94  3  0	
 3  0      0 69382552   8868  72704    0    0 15632    12 55754 55905  1  0 94  4  0	
 2  0      0 69382552   8868  72704    0    0 14384     0 56231 56408  1  1 94  4  0	
 1  1      0 69382552   8868  72712    0    0 14400     0 55919 56082  1  0 95  4  0	
 1  1      0 69382552   8868  72712    0    0 14720     0 54959 55098  1  1 94  4  0	
 2  0      0 69382552   8868  72712    0    0 14336     0 57198 57491  1  0 95  4  0	
 3  0      0 69382552   8868  72712    0    0 14432     0 57947 58091  1  1 94  3  0	
 2  1      0 69382552   8876  72712    0    0 15088    12 56544 56727  1  0 94  4  0	
procs -----------memory---------- ---swap-- -----io---- --system-- -----cpu-----
 r  b   swpd   free   buff  cache   si   so    bi    bo   in   cs us sy id wa st
 1  1      0 69382552   8876  72712    0    0 15216     0 54052 54221  1  0 94  4  0	
 2  1      0 69382552   8876  72712    0    0 15200    16 54653 54814  1  0 94  4  0	
 1  1      0 69382552   8876  72712    0    0 14416     0 53808 54319  1  0 94  4  0	
 0  2      0 69382552   8876  72712    0    0 15280     0 56637 56889  1  1 94  4  0	
 2  0      0 69382552   8884  72712    0    0 15232    32 56342 56557  1  1 94  4  0	
 2  0      0 69382552   8884  72712    0    0 15216     0 56422 56645  1  1 94  4  0	
 1  1      0 69382552   8884  72712    0    0 14224     0 55841 55920  1  0 94  4  0	
 2  0      0 69382552   8884  72712    0    0 15152     0 56155 56330  1  1 94  4  0	
 3  0      0 69382552   8884  72712    0    0 15744     0 56556 56778  1  0 94  4  0	
 1  1      0 69382552   8884  72712    0    0 15232     0 55423 55587  1  0 94  4  0	
 1  1      0 69382552   8892  72704    0    0 14192    12 56023 56223  1  0 94  4  0	
 2  0      0 69382552   8892  72716    0    0 14512     0 54918 55126  1  1 94  4  0	
 3  0      0 69382552   8892  72716    0    0 14320     0 55266 55014  1  0 94  4  0	
 1  1      0 69382552   8892  72716    0    0 14528     0 55874 56108  1  1 94  4  0	
 2  0      0 69382552   8892  72716    0    0 14688     0 56160 56344  1  0 94  4  0	
 2  0      0 69382552   8900  72708    0    0 15040    12 56604 56777  1  1 94  4  0	
 2  0      0 69382552   8900  72716    0    0 14432     4 56992 57098  1  1 94  4  0	
 1  1      0 69382552   8900  72716    0    0 14800     0 56472 56643  1  1 94  4  0	
 2  1      0 69382552   8900  72716    0    0 15040     0 55139 55390  1  1 94  4  0	
 1  1      0 69382552   8900  72716    0    0 13984     0 54915 55032  1  1 94  4  0	
 1  1      0 69382552   8900  72716    0    0 15120     0 56840 56996  1  1 94  4  0	
procs -----------memory---------- ---swap-- -----io---- --system-- -----cpu-----
 r  b   swpd   free   buff  cache   si   so    bi    bo   in   cs us sy id wa st
 2  0      0 69382552   8908  72708    0    0 15120    36 56904 57142  1  0 94  4  0	
 1  1      0 69382552   8908  72708    0    0 14512     0 55916 56102  1  0 95  4  0	
 1  1      0 69382552   8908  72716    0    0 14880     0 56499 56642  1  1 94  4  0	
 3  0      0 69382552   8908  72716    0    0 15344     0 55699 55962  1  0 94  4  0	
 2  0      0 69382552   8908  72716    0    0 14800     0 55721 55882  1  0 94  4  0	
 1  1      0 69382552   8916  72708    0    0 14816    12 56102 56038  1  1 94  4  0	
 1  1      0 69382552   8916  72708    0    0 15520     0 55680 55860  1  0 94  4  0	
 3  0      0 69382552   8916  72708    0    0 14768     0 55669 55889  1  0 94  4  0	
 3  0      0 69382552   8916  72708    0    0 15424     0 54670 54844  1  1 94  4  0	
 2  0      0 69382552   8916  72708    0    0 14368     0 56370 56503  1  1 94  4  0	
 2  0      0 69382552   8916  72708    0    0 14864     8 55102 55077  1  1 94  4  0	
 0  2      0 69382552   8924  72700    0    0 15232    36 53265 53408  1  1 94  4  0	
 1  1      0 69382536   8924  72720    0    0 13936     0 55191 55470  1  1 94  4  0	
 2  0      0 69382536   8924  72720    0    0 14752     0 56186 56417  1  0 94  4  0	
 0  2      0 69382536   8924  72720    0    0 14448     0 56042 56249  1  0 94  4  0	
 1  1      0 69382536   8924  72720    0    0 14272     0 54863 55058  1  0 94  4  0	
 2  0      0 69382536   8932  72712    0    0 14992    32 56162 56342  1  0 94  4  0	
 3  0      0 69382536   8932  72712    0    0 15008     0 56307 56506  1  1 94  4  0	
 1  1      0 69382536   8932  72712    0    0 14576     0 56418 56666  1  1 94  4  0	
 1  1      0 69382536   8932  72712    0    0 14256     0 53338 53674  1  1 94  4  0	
 3  0      0 69382536   8932  72720    0    0 14352     0 55117 55313  1  0 94  4  0	
procs -----------memory---------- ---swap-- -----io---- --system-- -----cpu-----
 r  b   swpd   free   buff  cache   si   so    bi    bo   in   cs us sy id wa st
 1  2      0 69382536   8936  72716    0    0 14432     8 56178 56366  1  1 94  4  0	
 2  1      0 69382536   8940  72712    0    0 15712     4 55273 55517  1  1 94  4  0	
 3  0      0 69382536   8940  72712    0    0 15104     0 56340 56572  1  0 94  4  0	
 1  1      0 69382536   8940  72712    0    0 14816     0 55001 55154  1  1 94  4  0	
 1  1      0 69382536   8940  72712    0    0 14672     0 55681 55877  1  0 94  4  0	
 1  2      0 69382536   8940  72712    0    0 15088     0 55667 55878  1  0 94  4  0	
 1  1      0 69382536   8948  72704    0    0 14448    12 56467 56795  1  0 94  4  0	
 0  2      0 69382536   8948  72724    0    0 15408     0 55468 55625  1  1 94  4  0	
 3  0      0 69382536   8948  72724    0    0 15072     0 55775 56045  1  0 95  4  0	
 1  1      0 69382536   8948  72724    0    0 14736     0 54931 55181  1  0 94  4  0	
 2  0      0 69382536   8948  72724    0    0 14480     0 55755 55950  1  1 94  4  0	
 1  1      0 69382536   8956  72720    0    0 13840    12 56883 57198  1  1 94  4  0	
 2  0      0 69382536   8956  72720    0    0 15104     0 56328 56604  1  0 94  4  0	
 0  2      0 69382536   8956  72720    0    0 14992     0 55617 55800  1  1 94  4  0	
 0  2      0 69382536   8956  72720    0    0 15264     0 56195 56361  1  0 94  4  0	
 1  1      0 69382536   8956  72724    0    0 15264    24 55190 55353  1  1 94  4  0	
 1  1      0 69382536   8956  72724    0    0 15392     0 55339 55524  1  0 94  4  0	
 2  0      0 69382536   8964  72716    0    0 15120    12 56195 56395  1  1 94  4  0	
 2  0      0 69382536   8964  72716    0    0 15296     0 55433 55596  1  1 94  4  0	
 3  0      0 69382536   8964  72716    0    0 14992     0 56075 56305  1  1 94  4  0	
 2  0      0 69382536   8964  72716    0    0 15216    16 55228 55443  1  1 94  4  0	
procs -----------memory---------- ---swap-- -----io---- --system-- -----cpu-----
 r  b   swpd   free   buff  cache   si   so    bi    bo   in   cs us sy id wa st
 1  1      0 69382536   8964  72716    0    0 14736     0 55374 55574  1  0 94  4  0	
 1  1      0 69382536   8972  72708    0    0 15136    24 52384 52549  1  0 94  4  0	
 3  0      0 69382536   8972  72724    0    0 14480     0 56893 57079  1  0 95  4  0	
 2  0      0 69382536   8972  72724    0    0 15424     0 54371 54460  1  1 94  4  0	
 1  1      0 69382536   8972  72724    0    0 14832     0 55913 56073  1  0 94  4  0	
 1  1      0 69382536   8972  72724    0    0 14688     0 53735 53566  1  1 94  4  0	
 3  0      0 69382536   8972  72724    0    0 14832     0 54331 54533  1  1 94  4  0	
 2  0      0 69382536   8980  72724    0    0 15920    12 54490 54640  1  0 94  4  0	
 2  0      0 69382536   8980  72724    0    0 14496     0 55285 55442  1  1 94  4  0	
 1  1      0 69382536   8980  72724    0    0 14816     8 54202 54303  1  1 94  4  0	
 0  2      0 69382536   8980  72728    0    0 14192     0 53967 54110  1  1 94  4  0	
 2  0      0 69382536   8980  72728    0    0 14880     0 53852 54010  1  1 94  4  0	
 3  0      0 69382536   8988  72720    0    0 14672    24 54605 54737  1  0 94  4  0	
 1  1      0 69382536   8988  72720    0    0 14096     0 56996 57102  1  0 94  4  0	
 1  1      0 69382536   8988  72720    0    0 15104     0 56020 56262  1  1 94  4  0	
 2  0      0 69382536   8988  72720    0    0 14912     0 55523 55747  1  0 94  4  0	
 1  1      0 69382536   8988  72720    0    0 14480     0 55095 55277  1  0 94  4  0	
 3  0      0 69382536   8988  72720    0    0 14864     0 53047 53235  1  0 94  4  0	
 2  0      0 69382416   8996  72732    0    0 15280    12 54596 54733  1  0 94  4  0	
 2  0      0 69382416   8996  72732    0    0 14976     0 55069 55244  1  1 94  4  0	
 1  1      0 69382416   8996  72732    0    0 15152     0 53579 53687  1  0 94  4  0	
procs -----------memory---------- ---swap-- -----io---- --system-- -----cpu-----
 r  b   swpd   free   buff  cache   si   so    bi    bo   in   cs us sy id wa st
 2  0      0 69382416   8996  72732    0    0 14544     0 54586 54811  1  0 94  4  0	
 1  1      0 69382416   8996  72732    0    0 14288     0 54894 55087  1  1 94  4  0	
 1  1      0 69382416   9004  72724    0    0 15296    12 56408 56566  1  1 94  4  0	
 3  0      0 69382416   9004  72724    0    0 14464     0 56377 56562  1  1 94  4  0	
 2  0      0 69382416   9004  72724    0    0 14848     0 54791 55011  1  1 94  4  0	
 1  1      0 69382416   9004  72732    0    0 14496     0 54970 55118  1  1 94  4  0	
 2  0      0 69382416   9004  72732    0    0 14512     0 56692 56831  1  1 95  4  0	
 2  0      0 69382416   9004  72732    0    0 14688     0 56199 56444  1  0 94  4  0	
 1  1      0 69382416   9012  72724    0    0 14832    12 54842 54975  1  1 94  4  0	
 1  1      0 69382416   9012  72724    0    0 15568    16 55480 55698  1  0 94  4  0	
 4  0      0 69382416   9012  72724    0    0 15008     0 55397 55584  1  0 94  4  0	
 2  0      0 69382416   9012  72724    0    0 14976     0 56604 56762  1  1 94  4  0	
 1  1      0 69382416   9012  72724    0    0 14960     0 56521 56703  1  1 94  4  0	
 2  0      0 69382416   9020  72732    0    0 15200    12 56226 56415  1  1 94  4  0	
 2  0      0 69382416   9020  72732    0    0 14720     8 56495 56673  1  1 94  4  0	
 1  1      0 69382416   9020  72732    0    0 14608     0 56545 56504  1  1 94  4  0	
 1  1      0 69382416   9020  72732    0    0 14880     0 55756 55756  1  0 95  4  0	
 1  1      0 69382416   9020  72732    0    0 14864     0 55246 55486  1  0 94  4  0	
 0  2      0 69382416   9020  72732    0    0 14512     0 53355 53491  1  1 94  4  0	
 1  1      0 69382416   9028  72724    0    0 14640    32 56141 56293  1  0 94  4  0	
 1  1      0 69382416   9028  72724    0    0 15056     0 55432 55640  1  0 95  4  0	
procs -----------memory---------- ---swap-- -----io---- --system-- -----cpu-----
 r  b   swpd   free   buff  cache   si   so    bi    bo   in   cs us sy id wa st
 2  0      0 69382416   9028  72732    0    0 14240     0 55986 56269  1  1 94  4  0	
 2  0      0 69382416   9028  72732    0    0 14752     0 55177 55285  1  0 94  4  0	
 2  1      0 69382416   9028  72732    0    0 14896     0 54754 54950  1  1 94  4  0	
 2  0      0 69382416   9036  72724    0    0 14496    12 56510 56764  1  1 94  4  0	
 1  1      0 69382416   9036  72724    0    0 14960     0 55643 55939  1  0 94  4  0	
 1  1      0 69382416   9036  72724    0    0 14384     0 54962 55252  1  0 94  4  0	
 1  1      0 69382416   9036  72732    0    0 15056     0 55501 55780  1  1 94  4  0	
 1  1      0 69382416   9036  72736    0    0 15168     0 55293 55597  1  1 94  4  0	
 3  0      0 69382416   9036  72736    0    0 14512     0 55364 55695  1  1 94  4  0	
 1  1      0 69382416   9044  72728    0    0 14224    12 55520 55714  1  1 94  4  0	
 1  1      0 69382416   9044  72728    0    0 13840     0 55632 55818  1  1 94  4  0	
 2  0      0 69382416   9044  72728    0    0 14352     0 55051 55243  1  0 95  4  0	
 1  1      0 69382416   9044  72728    0    0 15472     0 53611 53795  1  0 94  4  0	
 3  0      0 69382416   9044  72728    0    0 14576     0 52875 53061  1  0 94  4  0	
 1  1      0 69382416   9052  72720    0    0 14928    12 55256 55383  1  0 95  4  0	
 1  1      0 69382416   9052  72720    0    0 14352     0 55089 55234  1  0 94  4  0	
 0  2      0 69382416   9052  72740    0    0 15136     0 54318 54474  1  1 94  4  0	
 4  0      0 69382416   9052  72740    0    0 14528     0 54367 54581  1  0 94  4  0	
 1  1      0 69382416   9052  72740    0    0 14096     0 53365 53580  1  1 94  4  0	
 3  0      0 69382416   9060  72732    0    0 14352    12 55863 56073  1  0 95  4  0	
 1  1      0 69382416   9060  72732    0    0 14608     0 54401 54506  1  0 94  4  0	
procs -----------memory---------- ---swap-- -----io---- --system-- -----cpu-----
 r  b   swpd   free   buff  cache   si   so    bi    bo   in   cs us sy id wa st
 1  1      0 69382416   9060  72732    0    0 14688     0 53275 53402  1  0 94  4  0	
 2  0      0 69382416   9060  72732    0    0 14816     0 55719 55921  1  0 95  4  0	
 1  1      0 69382416   9060  72732    0    0 14512     0 53049 53163  1  1 94  4  0	
 1  1      0 69382416   9060  72740    0    0 14912    24 53334 53518  1  1 94  4  0	
 3  0      0 69382416   9068  72732    0    0 14416    24 56205 56388  1  1 94  4  0	
 0  2      0 69382416   9068  72732    0    0 14384     0 54774 54866  1  0 94  4  0	
 3  0      0 69382416   9068  72732    0    0 14672     0 55188 55352  1  0 94  4  0	
 2  1      0 69382416   9068  72732    0    0 14512     0 55039 55177  1  0 94  4  0	
 2  0      0 69382416   9068  72732    0    0 14048    12 54707 54855  1  1 94  4  0	
 2  0      0 69382416   9076  72724    0    0 14144    24 54738 54742  1  1 94  4  0	
 1  1      0 69382416   9076  72724    0    0 14592     0 53457 53591  1  0 94  4  0	
 1  1      0 69382416   9076  72740    0    0 14304     0 55805 55921  1  0 94  4  0	
 2  0      0 69382416   9076  72740    0    0 13680     0 53900 54021  1  1 94  4  0	
 1  1      0 69382416   9076  72740    0    0 13664     0 53057 53185  1  0 94  4  0	
 3  0      0 69382416   9076  72740    0    0 13840     0 54063 54054  1  1 94  4  0	
 4  0      0 69382416   9084  72740    0    0 13920    12 54624 54804  1  0 94  4  0	
 1  1      0 69382416   9084  72740    0    0 13936     0 53425 53659  1  1 94  4  0	
 1  1      0 69382416   9084  72740    0    0 13744     0 50104 50860  1  0 94  4  0	
 1  1      0 69382416   9084  72740    0    0 13568     0 52682 53476  1  1 94  4  0	
 2  0      0 69382416   9084  72740    0    0 13536     0 52300 53039  1  1 94  4  0	
 1  1      0 69382416   9092  72732    0    0 14512    12 52766 53205  1  0 94  4  0	
procs -----------memory---------- ---swap-- -----io---- --system-- -----cpu-----
 r  b   swpd   free   buff  cache   si   so    bi    bo   in   cs us sy id wa st
 2  1      0 69382416   9092  72732    0    0 13440     0 52978 53381  1  0 95  4  0	
 2  1      0 69382416   9092  72732    0    0 13888     0 52411 52976  1  1 94  4  0	
 2  0      0 69382416   9092  72732    0    0 14192     0 51615 52283  1  1 94  4  0	
 2  0      0 69382416   9092  72732    0    0 13472     0 51096 52170  1  1 94  4  0	
 2  0      0 69382416   9100  72724    0    0 13488    12 52299 53152  1  1 94  4  0	
 2  1      0 69382416   9100  72724    0    0 13328     0 51601 52609  1  0 95  4  0	
 1  1      0 69382416   9100  72744    0    0 14288     0 52607 52978  1  0 94  4  0	
 1  1      0 69382416   9100  72744    0    0 14368     0 52868 53429  1  1 95  4  0	
 1  1      0 69382416   9100  72744    0    0 13920     0 53359 53701  1  1 94  4  0	
 2  0      0 69382416   9100  72744    0    0 14448     0 54819 54562  1  0 94  4  0	
 0  2      0 69382416   9108  72736    0    0 14432    12 51476 52671  1  1 94  4  0	
 1  1      0 69382416   9108  72736    0    0 13488     0 52263 53703  1  1 94  4  0	
 2  0      0 69382416   9108  72736    0    0 13392     8 52037 52655  1  1 94  4  0	
 1  1      0 69382416   9108  72736    0    0 13040     0 51441 52107  1  1 94  4  0	
 3  0      0 69382416   9108  72748    0    0 14112     0 51301 52499  1  0 95  4  0	
 3  0      0 69382416   9116  72744    0    0 14032    24 51553 52762  1  1 94  4  0	
 2  0      0 69382416   9116  72744    0    0 14224     0 51796 52306  1  0 94  4  0	
 2  0      0 69382416   9116  72744    0    0 14416    16 52959 53188  1  0 95  4  0	
 2  0      0 69382416   9116  72744    0    0 13056     0 53229 54495  1  1 94  4  0	
 2  0      0 69382416   9116  72744    0    0 13968     0 51312 52848  1  1 94  4  0	
 4  0      0 69382416   9116  72744    0    0 14272     0 51360 52332  1  1 94  4  0	
procs -----------memory---------- ---swap-- -----io---- --system-- -----cpu-----
 r  b   swpd   free   buff  cache   si   so    bi    bo   in   cs us sy id wa st
 2  1      0 69382416   9124  72748    0    0 13936    12 51537 52663  1  0 94  4  0	
 1  1      0 69382416   9124  72748    0    0 13808     0 50092 51247  1  1 94  4  0	
 0  2      0 69382416   9124  72748    0    0 14224     8 51729 53101  1  0 94  4  0	
 3  0      0 69382416   9124  72748    0    0 14032     0 52453 53476  1  0 95  4  0	
 1  1      0 69382416   9124  72748    0    0 14560     0 49367 50396  1  1 94  4  0	
 0  2      0 69382416   9132  72740    0    0 13792    24 50134 51877  1  0 94  4  0	
 2  1      0 69382416   9132  72740    0    0 13776     0 50894 52979  1  1 94  4  0	
 2  1      0 69382416   9132  72740    0    0 13776     0 51020 52967  1  1 94  4  0	
 3  0      0 69382416   9132  72748    0    0 13744     0 51590 53054  1  0 94  4  0	
 0  2      0 69382416   9132  72748    0    0 13680     0 51184 52667  1  0 94  4  0	
 1  1      0 69382416   9132  72748    0    0 13696     0 51348 52733  1  1 94  4  0	
 1  1      0 69382416   9140  72748    0    0 12992    12 54448 55697  1  1 94  3  0	
 2  0      0 69382416   9140  72748    0    0 13584     0 52733 54690  1  1 95  3  0	
 1  1      0 69382416   9140  72748    0    0 14528     0 51786 53272  1  0 94  4  0	
 2  0      0 69382416   9140  72748    0    0 14160     0 50865 52026  1  1 94  4  0	
 2  0      0 69382416   9140  72748    0    0 14000     0 51068 53012  1  0 94  4  0	
 1  1      0 69380944   9148  72752    0    0 14032    12 54226 54318  1  1 94  4  0	
 2  1      0 69380944   9148  72752    0    0 14704     0 55000 55220  1  0 94  4  0	
 2  0      0 69380944   9148  72752    0    0 13536     0 55440 55699  1  0 95  4  0	
 1  1      0 69381080   9148  72880    0    0 14096     0 54848 54983  1  0 94  4  0	
 2  0      0 69381080   9148  72880    0    0 14512     0 56407 56610  1  1 94  4  0	
procs -----------memory---------- ---swap-- -----io---- --system-- -----cpu-----
 r  b   swpd   free   buff  cache   si   so    bi    bo   in   cs us sy id wa st
 3  1      0 69381080   9148  72880    0    0 14528    24 55815 56002  1  0 94  4  0	
 4  0      0 69381080   9156  72872    0    0 14768    12 55398 55638  1  0 94  4  0	
 2  1      0 69381080   9156  72872    0    0 14864     0 54312 54643  1  1 94  4  0	
 2  1      0 69381080   9156  72884    0    0 14480     0 55131 55455  1  1 94  4  0	
 3  0      0 69381080   9156  72884    0    0 15536     0 53238 53539  1  0 94  4  0	
 2  0      0 69381080   9156  72884    0    0 15120     0 54311 54651  1  1 94  4  0	
 1  1      0 69381080   9164  72876    0    0 14768    24 56431 56756  1  1 94  4  0	
 4  0      0 69381080   9164  72876    0    0 14256     0 55800 56155  1  0 94  4  0	
 2  0      0 69381080   9164  72876    0    0 15024     0 54813 55191  1  1 94  4  0	
 2  0      0 69381080   9164  72876    0    0 14752     0 55706 55910  1  0 94  4  0	
 2  0      0 69381080   9164  72876    0    0 15216     0 56084 56357  1  0 94  4  0	
 1  1      0 69381080   9172  72884    0    0 14848    48 55128 55448  1  0 94  4  0	
 2  0      0 69381080   9172  72884    0    0 14736     0 56401 56673  1  0 94  4  0	
 3  0      0 69381080   9172  72884    0    0 14400     0 55953 56190  1  1 94  4  0	
 0  2      0 69381080   9172  72884    0    0 14976     0 56207 56462  1  1 94  4  0	
 2  0      0 69381080   9172  72884    0    0 15776     0 55383 55660  1  0 94  4  0	
 1  1      0 69381080   9172  72884    0    0 14144     8 56699 56962  1  0 94  4  0	
 1  1      0 69381080   9180  72888    0    0 15344    24 56044 56216  1  1 94  4  0	
 1  1      0 69381080   9180  72888    0    0 15488     0 55999 56261  1  1 94  4  0	
 2  0      0 69381080   9180  72888    0    0 14880     0 55926 56146  1  1 94  4  0	
 2  0      0 69381080   9180  72888    0    0 14736     0 56507 56786  1  1 95  4  0	
procs -----------memory---------- ---swap-- -----io---- --system-- -----cpu-----
 r  b   swpd   free   buff  cache   si   so    bi    bo   in   cs us sy id wa st
 0  2      0 69381080   9180  72888    0    0 15504     0 55354 55564  1  1 94  4  0	
 1  1      0 69381080   9188  72880    0    0 14288    12 55296 55599  1  0 94  4  0	
 3  0      0 69381080   9188  72888    0    0 14704     0 55081 55379  1  0 94  4  0	
 2  0      0 69381080   9188  72888    0    0 15200     0 53385 53568  1  1 94  4  0	
 2  0      0 69381080   9188  72888    0    0 14080     0 55206 55398  1  1 94  4  0	
 2  1      0 69381080   9188  72892    0    0 14480     0 56167 56461  1  1 94  4  0	
 3  0      0 69381080   9188  72892    0    0 15472     8 54536 54806  1  1 94  4  0	
 3  0      0 69381080   9196  72892    0    0 14464    16 57047 57307  1  1 94  4  0	
 2  0      0 69381080   9196  72892    0    0 15056     0 55471 55740  1  0 94  4  0	
 1  1      0 69381080   9196  72892    0    0 14800     0 54206 54824  1  1 94  4  0	
 4  0      0 69381080   9196  72892    0    0 15232     0 54989 55179  1  0 94  4  0	
 3  0      0 69381080   9196  72892    0    0 15184    12 55478 55785  1  1 94  4  0	
 1  1      0 69381080   9204  72888    0    0 14128    28 52925 53645  1  1 94  4  0	
 4  0      0 69381080   9204  72888    0    0 14672     0 53577 53828  1  0 94  4  0	
 1  2      0 69381080   9204  72892    0    0 14928     0 55523 55738  1  0 94  4  0	
 1  1      0 69381080   9204  72892    0    0 15056     0 56377 56588  1  0 94  4  0	
 2  0      0 69381080   9204  72892    0    0 14832     8 55500 55785  1  0 94  4  0	
 2  1      0 69381080   9204  72892    0    0 14848     0 56518 56724  1  1 95  4  0	
