procs -----------memory---------- ---swap-- -----io---- --system-- -----cpu-----
 r  b   swpd   free   buff  cache   si   so    bi    bo   in   cs us sy id wa st
 1  0      0 97525048   7840  69288    0    0  3389     2   90   13 36 12 44  8  0	
 4  0      0 97521576   7840  69288    0    0 28064     0 36955 37036  1  0 92  7  0	
 1  1      0 97520072   7840  69312    0    0 29104     0 38609 38886  1  0 92  6  0	
 0  2      0 97520072   7840  69312    0    0 29264     0 36448 36676  1  0 92  7  0	
 2  0      0 97520072   7840  69312    0    0 29424     0 37281 37540  1  0 92  7  0	
 2  0      0 97520072   7848  69304    0    0 28640    36 37660 37989  1  0 92  7  0	
 3  0      0 97520072   7848  69312    0    0 28608     0 34826 35141  0  0 92  7  0	
 1  1      0 97520072   7848  69312    0    0 28928     0 37131 37395  0  0 92  7  0	
 0  2      0 97520072   7848  69312    0    0 29008     0 36951 37223  1  0 92  7  0	
 0  2      0 97520072   7848  69312    0    0 29760    24 37409 37923  1  0 92  7  0	
 1  1      0 97520072   7856  69312    0    0 28208    12 34519 34942  1  0 92  7  0	
 2  0      0 97520072   7856  69312    0    0 26816     0 34582 35099  1  0 92  7  0	
 2  1      0 97520072   7856  69312    0    0 27728     0 35309 35551  1  0 92  7  0	
 2  0      0 97520072   7856  69312    0    0 28160     0 37467 37741  0  0 92  7  0	
 1  1      0 97520072   7856  69312    0    0 28400     0 36522 36817  1  0 92  7  0	
 1  1      0 97520072   7856  69312    0    0 28048     0 35330 35616  1  0 92  7  0	
 0  2      0 97520072   7864  69304    0    0 28704    12 36180 36468  1  0 92  7  0	
 1  1      0 97520072   7864  69304    0    0 28288     0 35947 36343  1  0 92  7  0	
 1  1      0 97520072   7864  69304    0    0 28032     0 37563 37915  1  0 92  7  0	
 1  1      0 97520072   7864  69304    0    0 28880     0 36620 37184  0  0 92  7  0	
 3  0      0 97520072   7864  69304    0    0 28992     0 38284 38593  1  0 92  7  0	
procs -----------memory---------- ---swap-- -----io---- --system-- -----cpu-----
 r  b   swpd   free   buff  cache   si   so    bi    bo   in   cs us sy id wa st
 1  1      0 97520072   7872  69296    0    0 28224    12 36472 36791  1  0 92  7  0	
 0  2      0 97520072   7872  69312    0    0 29152     0 36461 36787  1  0 92  7  0	
 1  1      0 97520072   7872  69312    0    0 29120     0 37606 38049  1  0 92  7  0	
 2  0      0 97520072   7872  69312    0    0 28736     0 36548 36901  1  0 92  7  0	
 0  2      0 97520072   7872  69312    0    0 29200     0 36524 36892  1  0 92  7  0	
 0  2      0 97520072   7872  69312    0    0 28816     0 35940 36282  1  0 92  7  0	
 1  1      0 97520072   7880  69312    0    0 28256    12 37492 37782  1  0 92  7  0	
 2  1      0 97520072   7880  69312    0    0 29152     0 38200 38525  1  0 93  6  0	
 1  1      0 97520072   7880  69312    0    0 28080     0 36787 37166  1  0 92  7  0	
 0  2      0 97520072   7880  69312    0    0 28032     0 35803 36171  1  0 92  7  0	
 0  2      0 97520072   7880  69312    0    0 28048     0 35117 35413  1  0 92  7  0	
 0  2      0 97520072   7888  69304    0    0 28160    12 36232 36560  1  0 92  7  0	
 1  1      0 97520072   7888  69304    0    0 29136     0 35803 36238  1  0 92  7  0	
 1  1      0 97520072   7888  69316    0    0 27376     0 35889 36110  1  0 92  7  0	
 1  1      0 97520072   7888  69316    0    0 28672    20 37494 37848  1  0 92  7  0	
 0  2      0 97520072   7888  69316    0    0 28096     0 35823 36263  1  0 92  7  0	
 1  1      0 97520072   7888  69316    0    0 28848     0 36432 36860  1  0 92  7  0	
 0  2      0 97520072   7896  69316    0    0 29184    28 36086 36515  1  0 92  7  0	
 1  1      0 97520072   7896  69316    0    0 28496     0 37793 38244  1  0 92  7  0	
 1  1      0 97520072   7896  69316    0    0 30416    16 36348 36860  0  0 92  7  0	
 1  1      0 97520072   7896  69316    0    0 28512     0 38118 37953  1  0 92  7  0	
procs -----------memory---------- ---swap-- -----io---- --system-- -----cpu-----
 r  b   swpd   free   buff  cache   si   so    bi    bo   in   cs us sy id wa st
 1  1      0 97520072   7896  69316    0    0 28752     0 36072 36466  1  0 92  7  0	
 2  0      0 97520072   7904  69308    0    0 28736    12 38950 37505  0  0 92  7  0	
 1  1      0 97520072   7904  69320    0    0 28800     0 38285 37679  0  0 92  7  0	
 1  1      0 97520072   7904  69320    0    0 29664     0 38050 38610  1  0 92  6  0	
 3  0      0 97520072   7904  69320    0    0 29408     0 38087 38455  1  0 92  7  0	
 1  1      0 97520072   7904  69320    0    0 28288     0 37509 37789  1  0 92  7  0	
 0  2      0 97520072   7904  69320    0    0 28272     0 36517 36898  1  0 92  7  0	
 3  0      0 97520072   7912  69312    0    0 28256    12 36271 36690  1  0 92  7  0	
 1  1      0 97520072   7912  69312    0    0 28912     0 37728 38057  1  0 92  7  0	
 2  0      0 97520072   7912  69320    0    0 29376     0 37629 38010  1  0 92  7  0	
 2  0      0 97520072   7912  69320    0    0 28400     0 36404 36853  1  0 92  7  0	
 2  0      0 97520072   7912  69320    0    0 27872     0 36496 36950  1  1 92  7  0	
 2  0      0 97520072   7920  69320    0    0 28688    12 36364 36830  1  0 92  7  0	
 2  1      0 97520072   7920  69320    0    0 29152     0 35340 35760  1  0 92  7  0	
 2  1      0 97520072   7920  69320    0    0 28032     0 36522 36842  1  0 92  7  0	
 2  1      0 97520072   7920  69320    0    0 29392     0 37884 38356  1  0 92  7  0	
 1  2      0 97520072   7920  69320    0    0 29248     0 37796 38181  1  0 92  7  0	
 1  2      0 97520072   7924  69320    0    0 28624    12 36832 37372  1  0 92  7  0	
 0  2      0 97520072   7928  69320    0    0 28352     4 37031 37511  1  0 92  7  0	
 3  0      0 97520072   7928  69320    0    0 30272     0 37125 37672  0  0 92  7  0	
 0  2      0 97520072   7928  69320    0    0 28688     0 36216 36682  1  0 92  7  0	
procs -----------memory---------- ---swap-- -----io---- --system-- -----cpu-----
 r  b   swpd   free   buff  cache   si   so    bi    bo   in   cs us sy id wa st
 1  1      0 97520072   7928  69320    0    0 29456     0 37151 37719  1  0 92  7  0	
 2  0      0 97520072   7936  69312    0    0 28192    12 36289 36832  1  0 92  7  0	
 0  2      0 97520072   7936  69312    0    0 28976     0 37436 38024  1  0 92  7  0	
 0  2      0 97520072   7936  69312    0    0 28272     0 36952 37258  1  0 92  7  0	
 2  0      0 97520072   7936  69312    0    0 29920     0 37313 37603  1  0 92  7  0	
 1  1      0 97520072   7936  69312    0    0 29136     0 37250 37616  1  0 92  7  0	
 1  1      0 97520072   7936  69312    0    0 28864     0 38008 38412  1  0 92  7  0	
 1  1      0 97520072   7944  69324    0    0 29600    12 37667 38050  1  0 92  7  0	
 1  1      0 97520072   7944  69324    0    0 27984    16 35922 36247  1  0 92  7  0	
 1  1      0 97520072   7944  69324    0    0 27376     0 34356 34643  1  0 92  7  0	
 0  2      0 97520072   7944  69324    0    0 28032     0 36585 36950  1  0 92  7  0	
 2  0      0 97520072   7944  69324    0    0 29120     0 37508 37854  1  0 92  7  0	
 1  1      0 97520072   7952  69324    0    0 29440    20 36378 36827  1  0 92  7  0	
 1  1      0 97520072   7952  69324    0    0 28112    12 38231 38556  1  0 92  6  0	
 0  2      0 97520072   7952  69324    0    0 28592     0 37944 38263  1  0 92  7  0	
 1  2      0 97520072   7952  69324    0    0 28160     0 36549 36937  1  0 92  7  0	
 1  1      0 97520072   7952  69324    0    0 28720     0 37502 37797  1  0 92  7  0	
 2  1      0 97520072   7952  69324    0    0 29328     0 36911 37300  1  0 92  7  0	
 1  1      0 97520072   7960  69320    0    0 28544    12 37517 37943  1  0 92  7  0	
 0  2      0 97520072   7960  69320    0    0 29008     0 37577 37883  1  0 92  7  0	
 1  1      0 97520072   7960  69320    0    0 28752     0 37027 37439  1  0 92  7  0	
procs -----------memory---------- ---swap-- -----io---- --system-- -----cpu-----
 r  b   swpd   free   buff  cache   si   so    bi    bo   in   cs us sy id wa st
 0  2      0 97520072   7960  69324    0    0 28304     0 36141 36540  1  0 92  7  0	
 3  0      0 97520072   7960  69324    0    0 28080     0 37575 37895  1  0 92  7  0	
 1  1      0 97520072   7968  69328    0    0 28112    16 35226 35728  1  0 92  7  0	
 2  1      0 97520072   7968  69328    0    0 27888     0 36846 37228  1  0 92  7  0	
 0  2      0 97520072   7968  69328    0    0 27152     0 36051 36337  1  0 92  7  0	
 0  2      0 97520072   7968  69328    0    0 29296     0 37394 37832  1  0 92  7  0	
 2  0      0 97520072   7968  69328    0    0 28336     0 36284 36701  1  0 92  7  0	
 1  1      0 97520072   7968  69328    0    0 29440     4 37681 38060  1  0 92  7  0	
 1  1      0 97520072   7976  69324    0    0 29584    12 37394 37838  1  0 92  7  0	
 0  2      0 97520072   7976  69324    0    0 29520     0 36553 36831  0  0 92  7  0	
 2  0      0 97520072   7976  69328    0    0 29040     0 36626 36924  1  0 92  7  0	
 2  0      0 97520072   7976  69328    0    0 28864     0 36326 36715  1  0 92  7  0	
 2  0      0 97520072   7976  69328    0    0 27568     0 36728 36564  1  0 92  7  0	
 1  1      0 97520072   7984  69320    0    0 28960    12 36509 36907  0  0 92  7  0	
 1  1      0 97520072   7984  69320    0    0 27728     0 37181 37474  1  0 92  7  0	
 1  1      0 97520072   7984  69320    0    0 29296     0 36666 36936  1  0 92  7  0	
 1  1      0 97520072   7984  69320    0    0 28768     0 37683 37918  1  0 92  7  0	
 0  2      0 97520072   7984  69320    0    0 28496     0 36565 36928  1  0 92  7  0	
 2  1      0 97520072   7984  69328    0    0 26944     0 36088 36390  1  0 92  7  0	
 1  1      0 97520072   7992  69324    0    0 28448    12 37715 38056  1  0 92  7  0	
 2  1      0 97520072   7992  69324    0    0 28256     0 35872 36197  1  0 92  7  0	
procs -----------memory---------- ---swap-- -----io---- --system-- -----cpu-----
 r  b   swpd   free   buff  cache   si   so    bi    bo   in   cs us sy id wa st
 1  1      0 97520072   7992  69324    0    0 28144     0 35603 35907  1  0 92  7  0	
 0  2      0 97520072   7992  69324    0    0 28352    16 35743 36102  1  1 92  7  0	
 3  0      0 97520072   7992  69324    0    0 28192     0 37344 37671  1  0 92  7  0	
 1  1      0 97520072   8000  69316    0    0 28960    20 37403 37757  1  0 92  7  0	
 0  2      0 97520072   8000  69316    0    0 28608     0 36078 36416  1  0 92  7  0	
 1  1      0 97520072   8000  69332    0    0 28464     0 35393 35687  1  0 92  7  0	
 2  0      0 97520072   8000  69332    0    0 27952    12 36656 37151  1  0 92  7  0	
 1  1      0 97520072   8000  69332    0    0 27568     0 36659 36998  0  0 92  7  0	
 1  1      0 97520072   8000  69332    0    0 28576     0 36317 36680  1  0 92  7  0	
 1  1      0 97520072   8008  69328    0    0 28176    12 36375 36664  1  0 92  7  0	
 0  2      0 97520072   8008  69328    0    0 28352     0 36831 37116  1  0 92  7  0	
 2  1      0 97520072   8008  69332    0    0 27104     0 35609 35891  1  0 92  7  0	
 1  1      0 97520072   8008  69332    0    0 27584     4 36349 36730  1  0 92  7  0	
 1  1      0 97520072   8008  69332    0    0 26912     0 34748 35036  1  0 92  7  0	
 0  2      0 97520072   8016  69324    0    0 29056    12 37193 37666  1  0 92  7  0	
 3  0      0 97520072   8016  69324    0    0 27536     0 36940 37310  1  0 92  7  0	
 0  2      0 97520072   8016  69324    0    0 27200     0 36392 36686  1  0 92  7  0	
 1  1      0 97520072   8016  69324    0    0 28800     0 36329 36718  1  0 92  7  0	
 0  2      0 97520072   8016  69332    0    0 28080     0 35318 35751  1  0 92  7  0	
 2  0      0 97520072   8016  69332    0    0 28288     0 36686 37067  1  0 92  7  0	
 2  0      0 97520072   8024  69328    0    0 28128    12 35377 35748  1  0 92  7  0	
procs -----------memory---------- ---swap-- -----io---- --system-- -----cpu-----
 r  b   swpd   free   buff  cache   si   so    bi    bo   in   cs us sy id wa st
 0  2      0 97520072   8024  69332    0    0 28928     0 36396 36741  1  0 92  7  0	
 0  2      0 97520072   8024  69332    0    0 26992     0 34882 35651  1  0 92  7  0	
 2  1      0 97520072   8024  69332    0    0 27664     0 35445 35893  1  0 92  7  0	
 2  0      0 97520072   8024  69332    0    0 27824     0 35666 36098  1  0 92  7  0	
 2  0      0 97520072   8032  69324    0    0 27568    12 35846 35542  1  0 92  7  0	
 0  2      0 97520072   8032  69324    0    0 26576     0 34178 34815  1  0 92  7  0	
 3  0      0 97520072   8032  69336    0    0 26864     0 34484 35156  1  0 92  7  0	
 0  2      0 97520072   8032  69336    0    0 27472     0 35092 35791  1  0 92  7  0	
 0  2      0 97520072   8032  69336    0    0 27024     0 36416 37060  1  0 93  6  0	
 3  0      0 97520072   8032  69336    0    0 27840     0 34181 34854  1  0 92  7  0	
 0  2      0 97520072   8040  69336    0    0 27648    12 34729 35414  1  0 92  7  0	
 2  0      0 97520072   8040  69336    0    0 27200    12 34477 35001  1  0 92  7  0	
 1  1      0 97520072   8040  69340    0    0 27296     0 34416 35209  1  0 92  7  0	
 3  0      0 97520072   8040  69340    0    0 27760     0 35895 36451  1  0 92  7  0	
 1  1      0 97520072   8040  69340    0    0 27856     0 35609 36481  1  0 92  6  0	
 1  1      0 97520072   8048  69332    0    0 28144    20 35011 35598  1  0 92  7  0	
 1  1      0 97520072   8048  69332    0    0 28224     0 36445 36859  1  0 92  7  0	
 0  2      0 97520072   8048  69332    0    0 27536     0 36566 37360  1  0 92  7  0	
 2  1      0 97520072   8048  69340    0    0 27744     0 34663 35201  1  0 92  7  0	
 1  1      0 97520072   8048  69340    0    0 27264     0 36150 36796  1  0 93  6  0	
 0  2      0 97520072   8048  69340    0    0 27120     0 34823 35507  0  0 92  7  0	
procs -----------memory---------- ---swap-- -----io---- --system-- -----cpu-----
 r  b   swpd   free   buff  cache   si   so    bi    bo   in   cs us sy id wa st
 1  1      0 97520072   8056  69332    0    0 27472    24 35225 35897  1  0 92  7  0	
 1  1      0 97519952   8056  69340    0    0 27456     0 34972 35663  1  0 92  7  0	
 3  0      0 97519952   8056  69340    0    0 27376     0 34173 34887  1  0 92  7  0	
 2  0      0 97519952   8056  69340    0    0 26608     0 34583 35390  1  0 92  7  0	
 2  0      0 97519952   8056  69340    0    0 26864     0 34011 34532  1  0 92  7  0	
 1  1      0 97519952   8064  69332    0    0 28192    12 35996 36706  1  0 92  6  0	
 0  2      0 97519952   8064  69332    0    0 27696     0 36890 37703  1  0 92  6  0	
 1  1      0 97519952   8064  69340    0    0 27216     0 34643 35337  1  0 92  7  0	
 1  1      0 97519952   8064  69340    0    0 27392     0 35197 36010  1  0 92  7  0	
 3  1      0 97519952   8064  69340    0    0 26448     0 34459 35099  1  0 92  7  0	
 3  0      0 97519952   8064  69340    0    0 27856     0 36337 36895  1  0 92  7  0	
 1  1      0 97519952   8072  69340    0    0 27696    12 35984 36465  1  0 92  7  0	
 1  1      0 97519952   8072  69340    0    0 28256     0 36934 37164  1  0 92  7  0	
 0  2      0 97519952   8072  69340    0    0 27696     0 36381 36651  1  0 92  7  0	
 0  2      0 97519952   8072  69340    0    0 27872     0 35397 35732  1  0 92  7  0	
 3  0      0 97519952   8072  69340    0    0 27040     0 35012 35406  1  0 92  7  0	
 2  1      0 97519952   8080  69332    0    0 27168    12 36075 36560  1  0 92  6  0	
 0  2      0 97519952   8080  69332    0    0 27648     0 35526 36233  1  0 92  6  0	
 1  1      0 97519952   8080  69340    0    0 28192     0 35331 36000  1  0 92  7  0	
 2  0      0 97519952   8080  69340    0    0 26976     0 34981 35784  1  1 92  6  0	
 1  1      0 97519952   8080  69340    0    0 27888     0 36196 36885  1  0 92  6  0	
procs -----------memory---------- ---swap-- -----io---- --system-- -----cpu-----
 r  b   swpd   free   buff  cache   si   so    bi    bo   in   cs us sy id wa st
 1  2      0 97519952   8080  69340    0    0 27984    28 35007 35906  1  0 92  7  0	
 2  0      0 97519952   8088  69332    0    0 27808     4 35453 36202  1  0 92  7  0	
 1  1      0 97519952   8088  69340    0    0 28256     0 36394 37366  1  0 92  7  0	
 0  2      0 97519952   8088  69340    0    0 27312     0 35878 36315  0  0 92  7  0	
 1  1      0 97519952   8088  69340    0    0 27488     0 35946 36751  1  0 92  7  0	
 2  1      0 97519952   8088  69340    0    0 28480     0 34323 35012  1  0 92  7  0	
 1  1      0 97519952   8096  69348    0    0 28064    12 36743 37393  1  0 92  6  0	
 1  1      0 97519952   8096  69348    0    0 27904     0 36251 37056  1  0 93  6  0	
 2  0      0 97519952   8096  69348    0    0 28224     0 34846 35677  1  0 92  7  0	
 3  0      0 97519952   8096  69348    0    0 28480     0 36987 37554  1  0 93  6  0	
 2  1      0 97519952   8096  69348    0    0 27728     0 35986 36486  1  0 92  7  0	
 1  1      0 97519952   8104  69340    0    0 27984    12 34636 35090  1  0 92  7  0	
 1  2      0 97519952   8104  69340    0    0 28208     0 36390 36905  1  0 92  7  0	
 1  1      0 97519824   8104  69348    0    0 28800     0 36987 37379  1  0 92  7  0	
 1  1      0 97519824   8104  69348    0    0 28864     0 35754 36090  1  0 92  7  0	
 0  2      0 97519824   8104  69348    0    0 28192     8 37057 37480  1  0 92  7  0	
 2  0      0 97519824   8104  69348    0    0 28256     0 36883 37234  1  0 92  7  0	
 1  1      0 97519824   8112  69344    0    0 27568    12 36519 36954  1  0 92  7  0	
 0  2      0 97519824   8112  69348    0    0 27552     0 36952 37383  1  0 92  7  0	
 1  1      0 97519824   8112  69348    0    0 29264     0 37212 37591  1  0 92  7  0	
 0  2      0 97519824   8112  69348    0    0 29376     0 38068 38420  1  0 92  7  0	
procs -----------memory---------- ---swap-- -----io---- --system-- -----cpu-----
 r  b   swpd   free   buff  cache   si   so    bi    bo   in   cs us sy id wa st
 0  2      0 97519824   8112  69348    0    0 28416     0 36699 37051  1  0 92  7  0	
 1  1      0 97519824   8120  69340    0    0 28672    12 36553 36927  1  0 92  7  0	
 3  0      0 97519824   8120  69340    0    0 28272     0 37035 37401  1  0 92  7  0	
 0  2      0 97519824   8120  69340    0    0 27904     0 36806 37242  1  0 92  7  0	
 3  0      0 97519824   8120  69348    0    0 27712     0 36401 36712  1  0 92  7  0	
 2  0      0 97519824   8120  69348    0    0 28512     0 37651 38119  1  0 92  7  0	
 2  0      0 97519824   8120  69348    0    0 28736     0 36399 36804  1  0 92  7  0	
 1  1      0 97519824   8128  69344    0    0 29040    12 36674 37037  1  0 92  7  0	
 2  0      0 97519824   8128  69348    0    0 28336     0 36501 36978  1  0 92  7  0	
 0  2      0 97519824   8128  69348    0    0 28608     8 37239 37648  1  0 92  7  0	
 0  2      0 97519824   8128  69348    0    0 29200     0 38121 38508  0  0 93  7  0	
 2  0      0 97519824   8128  69348    0    0 29392     0 36876 37264  1  0 92  7  0	
 0  2      0 97519824   8136  69348    0    0 28448    20 39197 39594  1  0 92  6  0	
 2  1      0 97519824   8136  69348    0    0 27824     0 37532 37971  1  0 92  7  0	
 2  1      0 97519824   8136  69348    0    0 28944     0 36730 37161  1  0 92  7  0	
 1  1      0 97519824   8136  69348    0    0 29760     8 38805 39209  1  0 92  7  0	
 0  2      0 97520072   8136  69352    0    0 29328     0 37280 37703  1  0 92  7  0	
 2  1      0 97520072   8136  69352    0    0 28272     0 37351 37707  1  0 92  7  0	
 2  0      0 97520072   8144  69348    0    0 28160    32 37415 37844  1  0 92  7  0	
 1  1      0 97520072   8144  69348    0    0 27920     0 36586 36968  1  0 92  7  0	
 2  1      0 97520072   8144  69356    0    0 28464     0 36382 36834  1  0 92  7  0	
procs -----------memory---------- ---swap-- -----io---- --system-- -----cpu-----
 r  b   swpd   free   buff  cache   si   so    bi    bo   in   cs us sy id wa st
 1  1      0 97520072   8144  69356    0    0 28112     0 37526 37896  1  0 92  7  0	
 1  1      0 97520072   8144  69356    0    0 28800     0 37737 38069  1  0 92  7  0	
 3  0      0 97520072   8152  69348    0    0 29376    12 37536 37862  1  0 92  7  0	
 1  1      0 97520072   8152  69348    0    0 28368     0 36192 36641  1  0 92  7  0	
 2  1      0 97520072   8152  69356    0    0 28368     0 38326 38724  1  0 92  7  0	
 1  1      0 97520072   8152  69356    0    0 28480     0 37515 37893  1  0 92  7  0	
 3  0      0 97520072   8152  69356    0    0 28864     0 37317 37767  1  1 92  7  0	
 1  1      0 97520072   8152  69356    0    0 27840     0 36889 37270  1  0 92  7  0	
 3  1      0 97520072   8160  69356    0    0 29104    12 38107 38569  1  0 92  7  0	
 2  1      0 97520072   8160  69356    0    0 28896    20 37617 38104  1  0 92  7  0	
 0  2      0 97520072   8160  69356    0    0 28896     0 36250 36715  1  0 92  7  0	
 0  2      0 97520072   8160  69356    0    0 29280     0 36210 36602  1  0 92  7  0	
 0  2      0 97520072   8160  69360    0    0 29696     0 37448 37822  1  0 92  7  0	
 1  1      0 97520072   8168  69360    0    0 28752    12 37304 37748  1  0 92  7  0	
 2  0      0 97520072   8168  69360    0    0 28544     0 37269 37695  1  0 92  7  0	
 1  1      0 97520072   8168  69360    0    0 28144     0 36588 36999  1  0 92  7  0	
 0  2      0 97520072   8168  69360    0    0 28048     0 35673 36037  1  0 92  7  0	
 2  1      0 97520072   8168  69360    0    0 28656     0 36917 37385  1  0 92  7  0	
 1  1      0 97520072   8168  69360    0    0 29216     0 36400 36832  1  0 92  7  0	
 2  0      0 97520072   8176  69360    0    0 29200    12 37396 37761  1  0 92  7  0	
 1  1      0 97520072   8176  69360    0    0 29344     0 38216 38612  1  0 92  7  0	
procs -----------memory---------- ---swap-- -----io---- --system-- -----cpu-----
 r  b   swpd   free   buff  cache   si   so    bi    bo   in   cs us sy id wa st
 2  1      0 97520072   8176  69360    0    0 29216     0 38367 38830  1  0 92  7  0	
 1  1      0 97520072   8176  69360    0    0 28080     0 38080 38568  1  0 92  7  0	
 0  2      0 97520072   8176  69360    0    0 28560     0 37839 38268  1  0 92  7  0	
 2  1      0 97520072   8188  69348    0    0 29616    36 38721 39188  1  0 92  6  0	
 1  1      0 97520072   8188  69348    0    0 29344     0 38080 38490  1  0 92  7  0	
 0  2      0 97520072   8188  69348    0    0 29472     0 38083 38550  0  0 92  7  0	
 0  2      0 97520072   8188  69348    0    0 29936     0 36830 37305  1  0 92  7  0	
 2  0      0 97520072   8188  69360    0    0 28848     0 39076 39513  1  0 92  7  0	
 2  1      0 97520072   8192  69356    0    0 28272    24 38089 38542  1  0 92  6  0	
 2  1      0 97520072   8200  69352    0    0 29360    40 37017 37444  1  0 92  7  0	
 0  2      0 97520072   8200  69352    0    0 30256     0 37450 37974  1  0 92  7  0	
 1  1      0 97520072   8200  69352    0    0 29840     0 37878 38247  1  0 92  7  0	
 1  1      0 97520072   8200  69352    0    0 29424     0 37300 37723  1  0 92  7  0	
 0  2      0 97520072   8200  69352    0    0 29664     0 37782 38191  1  0 92  7  0	
 1  1      0 97520072   8208  69360    0    0 29408    12 38492 38904  1  0 92  7  0	
 0  2      0 97520072   8208  69360    0    0 29312     0 37702 38044  0  0 92  7  0	
 0  2      0 97520072   8208  69360    0    0 29296     0 37144 37546  1  0 92  7  0	
 1  1      0 97520072   8208  69364    0    0 29216     0 37758 38259  1  0 92  7  0	
 1  1      0 97520072   8208  69364    0    0 29744     0 37521 37946  1  1 92  7  0	
 1  1      0 97520072   8208  69364    0    0 28944     0 38899 37481  0  0 92  7  0	
 1  1      0 97520072   8216  69356    0    0 28272    12 38531 37434  1  0 92  7  0	
procs -----------memory---------- ---swap-- -----io---- --system-- -----cpu-----
 r  b   swpd   free   buff  cache   si   so    bi    bo   in   cs us sy id wa st
 0  2      0 97520072   8216  69356    0    0 30064     0 36556 36852  1  0 92  7  0	
 0  2      0 97520072   8216  69356    0    0 28224     0 37581 37891  1  0 92  7  0	
 0  2      0 97520072   8216  69364    0    0 27680     0 36774 37066  1  0 92  7  0	
 1  2      0 97520072   8216  69364    0    0 28016    32 36668 37019  1  0 92  7  0	
 0  2      0 97520072   8224  69356    0    0 28384    12 37264 37626  1  0 92  6  0	
 1  1      0 97520072   8224  69364    0    0 29392     0 38150 38467  1  0 92  7  0	
 0  2      0 97520072   8224  69364    0    0 28960     0 37645 37928  1  0 92  7  0	
 1  1      0 97520072   8224  69364    0    0 28976     0 36318 36739  1  0 92  7  0	
 0  2      0 97520072   8224  69364    0    0 28288     0 36330 36658  0  0 92  7  0	
 1  1      0 97520072   8224  69364    0    0 29072     0 37124 37451  0  0 92  7  0	
 1  1      0 97519952   8232  69368    0    0 29920    12 37557 37879  1  0 92  7  0	
 0  2      0 97519952   8232  69368    0    0 29840     0 37635 37928  1  0 92  7  0	
 1  1      0 97519952   8232  69368    0    0 27744     0 37513 37807  1  0 92  6  0	
 1  1      0 97519952   8232  69368    0    0 28704     8 37753 38043  1  0 92  7  0	
 1  1      0 97519952   8232  69368    0    0 28576     0 37810 38116  1  0 92  6  0	
 1  1      0 97519952   8240  69360    0    0 28688    24 37688 38030  1  0 92  7  0	
 1  1      0 97519952   8240  69360    0    0 29312     0 38041 38336  1  0 92  7  0	
 0  2      0 97519952   8240  69360    0    0 29632     0 38398 38727  1  0 92  7  0	
 1  1      0 97519952   8240  69368    0    0 29728     8 38326 38605  1  0 92  7  0	
 1  1      0 97519952   8240  69368    0    0 28320     0 38949 39279  1  0 92  7  0	
 0  2      0 97519952   8240  69368    0    0 29888     0 36981 37426  1  0 92  7  0	
procs -----------memory---------- ---swap-- -----io---- --system-- -----cpu-----
 r  b   swpd   free   buff  cache   si   so    bi    bo   in   cs us sy id wa st
 0  2      0 97518944   8260  69348    0    0 29840    24 36673 37046  1  0 91  7  0	
 1  1      0 97519488   8264  69500    0    0 28968     0 38251 38299  1  0 92  7  0	
 0  2      0 97519488   8264  69500    0    0 29088     0 36884 36652  1  0 92  7  0	
 1  1      0 97519488   8264  69500    0    0 27872     0 37577 37929  1  1 92  7  0	
 0  2      0 97519488   8264  69500    0    0 29328     0 39028 39483  1  1 92  6  0	
 1  1      0 97519488   8272  69508    0    0 28944    20 38119 38495  1  0 92  7  0	
 0  2      0 97519488   8272  69508    0    0 28832     0 36257 36661  1  0 92  7  0	
 2  0      0 97519488   8272  69508    0    0 29040     0 37332 37769  1  0 92  7  0	
 0  2      0 97519488   8272  69508    0    0 28528     0 36931 37349  1  0 92  7  0	
 1  1      0 97519488   8272  69508    0    0 28704     0 37528 37949  1  0 92  7  0	
 1  1      0 97519488   8280  69500    0    0 28064    12 37515 38051  1  0 92  7  0	
 0  2      0 97519488   8280  69500    0    0 28592     0 35736 36113  1  0 92  7  0	
 2  0      0 97519488   8280  69500    0    0 27776     0 36657 37089  1  0 92  7  0	
 1  1      0 97519488   8280  69512    0    0 27168     0 36867 37252  1  0 92  7  0	
 0  2      0 97519488   8280  69512    0    0 29328     0 37642 38109  1  0 92  6  0	
 1  1      0 97519488   8280  69512    0    0 28880     0 37126 37596  1  0 92  7  0	
 1  1      0 97519488   8288  69508    0    0 29088    12 37564 37987  1  0 92  7  0	
 1  1      0 97519488   8288  69508    0    0 27504     0 38782 39214  1  0 92  7  0	
 0  2      0 97519488   8288  69508    0    0 28320    24 37641 38087  1  0 92  7  0	
 0  2      0 97519488   8288  69508    0    0 29408     0 37064 37470  1  0 92  7  0	
 0  2      0 97519488   8288  69508    0    0 28720     0 36670 37145  1  0 92  7  0	
procs -----------memory---------- ---swap-- -----io---- --system-- -----cpu-----
 r  b   swpd   free   buff  cache   si   so    bi    bo   in   cs us sy id wa st
 1  1      0 97519488   8296  69508    0    0 28816    12 38405 38857  1  0 92  7  0	
 0  2      0 97519488   8296  69508    0    0 28992     0 38738 39133  1  0 92  7  0	
 0  2      0 97519488   8296  69508    0    0 28672     8 37829 38215  1  0 92  7  0	
 1  1      0 97519488   8296  69508    0    0 30448     0 38028 38531  1  0 92  7  0	
 1  1      0 97519488   8296  69508    0    0 29360     0 38162 38609  1  0 92  7  0	
 1  1      0 97519488   8296  69508    0    0 28864     0 37484 37975  1  0 92  7  0	
 1  1      0 97519488   8304  69508    0    0 29040    24 37146 37546  1  0 92  7  0	
 2  1      0 97519488   8304  69508    0    0 28496     4 38686 39089  1  0 92  7  0	
 2  1      0 97519488   8304  69512    0    0 29376     0 37726 38111  1  0 92  7  0	
 1  1      0 97519488   8304  69512    0    0 28640     0 38723 39146  1  0 92  7  0	
 1  1      0 97519488   8304  69512    0    0 28624     0 38048 38429  1  0 92  7  0	
 0  2      0 97519488   8312  69504    0    0 28848    12 37769 38068  1  0 92  7  0	
 3  0      0 97519488   8312  69504    0    0 28384    12 35119 35525  1  0 92  7  0	
 1  1      0 97519488   8312  69504    0    0 28080     0 37631 38021  1  0 92  7  0	
 2  0      0 97519488   8312  69504    0    0 28416     0 36866 37243  1  0 92  7  0	
 1  1      0 97519488   8312  69504    0    0 28192     0 35550 35944  0  0 92  7  0	
 0  2      0 97519488   8312  69516    0    0 27760     0 36530 36983  0  0 92  7  0	
 1  1      0 97519488   8320  69516    0    0 28464    28 36409 36812  1  0 92  7  0	
 1  1      0 97519488   8320  69516    0    0 27600     0 36113 36460  1  0 91  7  0	
 0  2      0 97519488   8320  69516    0    0 28368     0 36489 36874  1  0 92  7  0	
 4  0      0 97519488   8320  69516    0    0 29120     0 36797 37274  1  0 92  7  0	
procs -----------memory---------- ---swap-- -----io---- --system-- -----cpu-----
 r  b   swpd   free   buff  cache   si   so    bi    bo   in   cs us sy id wa st
 2  1      0 97519488   8320  69520    0    0 27888     0 37379 37790  1  0 92  7  0	
 0  2      0 97519488   8328  69512    0    0 27888    16 37278 36634  1  0 92  7  0	
 1  1      0 97519488   8328  69512    0    0 28192     0 38348 37641  1  0 92  7  0	
 1  1      0 97519488   8328  69520    0    0 28832     0 37967 38304  1  0 92  7  0	
 0  2      0 97519488   8328  69520    0    0 29024     0 38469 38816  1  0 92  7  0	
 2  1      0 97519488   8328  69520    0    0 27984     0 37597 38043  1  0 92  7  0	
 2  0      0 97519488   8328  69520    0    0 28240     0 37434 37849  1  0 92  7  0	
 1  1      0 97519488   8336  69512    0    0 28144    12 36939 37361  1  0 92  7  0	
 1  1      0 97519488   8336  69520    0    0 29120     0 37312 37727  0  0 92  7  0	
 1  1      0 97519488   8336  69520    0    0 28320     0 37337 37775  0  0 92  7  0	
 2  1      0 97519488   8336  69520    0    0 29696     0 37211 37589  1  0 92  7  0	
 0  2      0 97519488   8336  69520    0    0 28816    36 36364 36771  1  0 92  7  0	
 0  2      0 97519488   8344  69512    0    0 27968    24 36008 36398  1  0 92  7  0	
 0  2      0 97519488   8344  69520    0    0 28608     0 36683 37035  1  0 92  7  0	
 1  1      0 97519488   8344  69520    0    0 28512     0 37659 37999  1  0 92  7  0	
 1  1      0 97519488   8344  69520    0    0 27936     0 37291 37702  1  0 92  7  0	
 0  2      0 97519488   8344  69520    0    0 27696     0 37153 37479  1  0 92  7  0	
 0  2      0 97519488   8344  69520    0    0 27376     8 37323 37749  1  0 92  7  0	
 2  0      0 97519488   8352  69520    0    0 28048    24 38695 39095  1  0 92  7  0	
 0  2      0 97519488   8352  69520    0    0 27936     0 37879 38243  1  0 92  7  0	
 1  1      0 97519488   8352  69520    0    0 29232     0 37750 38167  0  0 92  7  0	
procs -----------memory---------- ---swap-- -----io---- --system-- -----cpu-----
 r  b   swpd   free   buff  cache   si   so    bi    bo   in   cs us sy id wa st
 2  1      0 97519488   8352  69520    0    0 28256     0 36746 37130  1  0 92  7  0	
 2  0      0 97519488   8352  69520    0    0 28368     0 35897 36318  1  0 92  7  0	
 1  1      0 97519488   8360  69512    0    0 27344    12 35856 36161  1  0 92  7  0	
 1  1      0 97519488   8360  69512    0    0 28016     0 36057 36406  1  0 92  7  0	
 2  0      0 97519488   8360  69520    0    0 28432     0 36837 37198  1  0 92  7  0	
 1  1      0 97519488   8360  69520    0    0 27168     0 37065 37385  1  0 92  7  0	
 1  1      0 97519488   8360  69520    0    0 28032     0 36188 36533  0  0 92  7  0	
 0  2      0 97519488   8360  69520    0    0 28064     0 37812 38261  1  0 92  7  0	
 1  1      0 97519488   8368  69520    0    0 28112    12 37031 37408  1  0 92  7  0	
 0  2      0 97519488   8368  69520    0    0 27744     0 36592 37043  1  0 92  7  0	
 0  2      0 97519488   8368  69520    0    0 27200     0 35157 35631  1  0 92  7  0	
 0  2      0 97519488   8368  69520    0    0 27968     4 36508 36959  1  0 92  7  0	
 1  1      0 97519488   8368  69520    0    0 29232     0 37732 38145  1  0 92  7  0	
 1  1      0 97519488   8376  69524    0    0 28576    12 36489 36842  1  0 92  7  0	
 0  2      0 97519488   8376  69528    0    0 27968     0 36919 37252  1  0 92  7  0	
 1  1      0 97519488   8376  69528    0    0 27312     0 34601 35031  1  0 92  7  0	
 1  1      0 97519488   8376  69528    0    0 28640     0 37415 37841  1  0 92  7  0	
 0  2      0 97519488   8376  69528    0    0 28288     0 36291 36628  1  0 92  7  0	
 2  1      0 97519488   8376  69528    0    0 28112     0 36996 37453  1  0 92  7  0	
 2  1      0 97519488   8384  69528    0    0 28960    12 37259 37703  1  0 92  7  0	
 0  2      0 97519488   8384  69528    0    0 28992     0 38160 38529  0  0 92  7  0	
procs -----------memory---------- ---swap-- -----io---- --system-- -----cpu-----
 r  b   swpd   free   buff  cache   si   so    bi    bo   in   cs us sy id wa st
 1  1      0 97519488   8384  69528    0    0 28000     0 36153 36528  0  0 92  7  0	
 0  2      0 97519488   8384  69528    0    0 27776     0 37501 37953  1  0 92  7  0	
 0  2      0 97519488   8384  69528    0    0 27728     0 37882 38342  1  0 92  7  0	
 2  1      0 97519488   8392  69520    0    0 27984    12 37886 38268  1  0 92  7  0	
 1  1      0 97519488   8392  69520    0    0 28400     0 36546 36920  1  0 92  7  0	
 2  0      0 97519488   8392  69528    0    0 28336    16 37022 37345  1  0 92  7  0	
 0  2      0 97519488   8392  69528    0    0 29312     0 37045 37387  1  0 92  7  0	
 0  2      0 97519488   8392  69528    0    0 28816     0 38557 38857  1  0 92  7  0	
 0  2      0 97519488   8392  69528    0    0 29392     0 37227 37718  1  0 92  7  0	
 0  2      0 97519488   8400  69528    0    0 27232    24 35330 35815  1  0 92  7  0	
 2  0      0 97519488   8400  69528    0    0 28640     8 36706 37173  1  0 92  7  0	
 2  0      0 97519488   8400  69528    0    0 28592     0 36585 37031  1  0 92  7  0	
 0  2      0 97519488   8400  69528    0    0 28784     0 37445 37856  1  0 92  7  0	
 1  1      0 97519488   8400  69528    0    0 29296     0 38034 38530  1  0 92  7  0	
 2  1      0 97519488   8408  69520    0    0 29024    24 38688 39103  1  0 92  7  0	
 2  0      0 97519488   8408  69520    0    0 28784     0 38351 38762  1  0 92  7  0	
 0  2      0 97519488   8408  69520    0    0 29712     0 37143 37608  1  0 92  7  0	
 1  1      0 97519488   8408  69528    0    0 28912     0 38897 39215  1  0 92  7  0	
 1  1      0 97519488   8408  69528    0    0 28832     0 36747 37185  0  0 92  7  0	
 2  0      0 97519488   8408  69528    0    0 27920     0 37323 37729  1  0 92  7  0	
 1  1      0 97519488   8416  69524    0    0 27456    20 36975 37403  1  0 92  7  0	
procs -----------memory---------- ---swap-- -----io---- --system-- -----cpu-----
 r  b   swpd   free   buff  cache   si   so    bi    bo   in   cs us sy id wa st
 0  2      0 97519488   8416  69524    0    0 28080     0 36539 36981  1  0 92  7  0	
 0  2      0 97519488   8416  69524    0    0 27424     0 35401 35800  1  0 92  7  0	
 1  1      0 97519488   8416  69524    0    0 27072     0 37277 37680  1  0 92  7  0	
 0  2      0 97519488   8416  69524    0    0 28256     0 37051 37490  1  0 92  7  0	
 0  2      0 97519488   8424  69528    0    0 28864    12 35273 35670  1  0 92  7  0	
 0  2      0 97519488   8424  69528    0    0 27808     0 35959 36355  1  0 92  7  0	
 2  0      0 97519488   8424  69532    0    0 28752     0 37879 38173  1  0 92  7  0	
 0  2      0 97519488   8424  69532    0    0 28704     0 37807 38202  1  0 92  7  0	
 2  0      0 97519488   8424  69532    0    0 27680     0 37470 37825  1  0 92  7  0	
 0  2      0 97519488   8424  69532    0    0 27968     0 37056 37362  1  0 92  7  0	
 1  1      0 97519488   8432  69524    0    0 29088    12 36855 37319  0  0 92  7  0	
 0  2      0 97519488   8432  69524    0    0 29760     0 37459 37810  1  0 92  7  0	
 1  1      0 97519488   8432  69532    0    0 28928     0 38455 38921  1  0 92  6  0	
 2  0      0 97519488   8432  69532    0    0 29328     0 38186 38515  1  0 92  7  0	
 2  0      0 97519488   8432  69532    0    0 29424     0 38290 38729  1  0 92  7  0	
 1  1      0 97519488   8440  69524    0    0 29104    32 38224 38696  1  0 92  7  0	
 1  1      0 97519488   8440  69524    0    0 28000     0 36788 37233  1  0 92  7  0	
 3  0      0 97519488   8440  69524    0    0 28928     0 37687 38122  1  0 92  7  0	
 1  1      0 97519488   8440  69536    0    0 28800     0 38317 38772  1  0 92  6  0	
 2  0      0 97519488   8440  69536    0    0 28784     0 38291 38709  1  0 92  7  0	
 2  0      0 97519488   8440  69536    0    0 29024    36 39217 39635  1  0 92  6  0	
procs -----------memory---------- ---swap-- -----io---- --system-- -----cpu-----
 r  b   swpd   free   buff  cache   si   so    bi    bo   in   cs us sy id wa st
 1  1      0 97519488   8448  69528    0    0 29392    24 37729 38077  0  0 92  7  0	
 2  0      0 97519488   8448  69528    0    0 28368     0 36858 37343  1  0 92  7  0	
 1  1      0 97519488   8448  69528    0    0 28288     0 36136 36524  1  0 92  7  0	
 1  1      0 97519488   8448  69528    0    0 27936     0 36042 36519  1  1 92  7  0	
 2  0      0 97519488   8448  69528    0    0 29376     0 38047 38453  1  0 92  7  0	
 1  1      0 97519488   8456  69520    0    0 28416    12 36544 36938  1  0 92  7  0	
 2  1      0 97519488   8456  69520    0    0 26704     0 35970 36429  1  0 92  7  0	
 1  1      0 97519488   8456  69536    0    0 27984     0 35735 36151  1  0 92  7  0	
 2  0      0 97519488   8456  69536    0    0 28624     0 36667 37085  1  0 92  7  0	
 2  0      0 97519488   8456  69536    0    0 28768     8 37797 38214  1  0 92  7  0	
 0  2      0 97519488   8456  69536    0    0 28128     0 38309 38774  1  0 92  7  0	
 1  1      0 97519488   8464  69532    0    0 29232    12 38158 38589  1  0 92  7  0	
 0  2      0 97519488   8464  69532    0    0 27696     0 38255 38663  1  0 92  7  0	
 2  1      0 97519488   8464  69532    0    0 27296     0 37084 37558  1  0 92  7  0	
 4  0      0 97519488   8464  69532    0    0 28160     0 35762 36103  1  0 92  7  0	
 1  1      0 97519360   8464  69536    0    0 28880     0 35779 36170  1  0 92  7  0	
 0  2      0 97519360   8472  69528    0    0 28864    12 37567 38086  1  0 92  7  0	
 0  2      0 97519360   8472  69528    0    0 28144     0 37675 38093  0  0 92  7  0	
 1  1      0 97519360   8472  69528    0    0 29120     0 37951 38336  1  0 92  7  0	
 0  2      0 97519360   8472  69528    0    0 28176     0 37172 37549  1  0 92  7  0	
 4  0      0 97519360   8472  69528    0    0 28496     0 38249 38676  1  0 92  7  0	
procs -----------memory---------- ---swap-- -----io---- --system-- -----cpu-----
 r  b   swpd   free   buff  cache   si   so    bi    bo   in   cs us sy id wa st
 0  3      0 97519360   8472  69528    0    0 28688     8 37635 38094  1  0 92  7  0	
 0  2      0 97519360   8480  69520    0    0 29136     4 37762 38145  1  0 92  7  0	
 0  2      0 97519360   8480  69540    0    0 28560     0 37601 37950  1  1 92  7  0	
 1  1      0 97519360   8480  69540    0    0 28992     0 37183 37603  1  0 92  7  0	
 1  1      0 97519360   8480  69540    0    0 28576     8 35728 36198  0  0 92  7  0	
 1  1      0 97519360   8480  69540    0    0 27968     0 37289 37728  1  0 92  7  0	
 1  2      0 97519360   8488  69532    0    0 27632    24 37699 38083  1  0 92  6  0	
 2  0      0 97519360   8488  69532    0    0 29472     0 36942 37336  1  0 92  7  0	
 1  1      0 97519360   8488  69532    0    0 28352     0 36708 37098  1  0 92  7  0	
 0  2      0 97519360   8488  69532    0    0 28768    20 37621 38036  1  0 92  7  0	
 0  2      0 97519360   8488  69540    0    0 27664     0 36721 37088  1  0 92  7  0	
 0  2      0 97519360   8496  69540    0    0 28064    16 37429 37890  1  0 92  7  0	
 1  1      0 97519360   8496  69540    0    0 29248     0 38188 38591  0  0 92  7  0	
 3  0      0 97519360   8496  69540    0    0 29904     0 38588 39054  1  0 92  7  0	
 1  2      0 97519360   8496  69540    0    0 29488     0 36492 36943  1  0 92  7  0	
 1  1      0 97519360   8496  69540    0    0 28096     0 37313 37727  1  0 92  7  0	
 2  0      0 97519360   8496  69540    0    0 28672     0 36869 37361  1  0 92  7  0	
 1  1      0 97519360   8504  69532    0    0 28080    12 37225 37572  1  0 92  7  0	
 1  1      0 97519360   8504  69544    0    0 28880     0 37021 37417  1  0 92  7  0	
 2  1      0 97519360   8504  69544    0    0 28544     0 37823 38174  1  0 92  7  0	
 1  1      0 97519360   8504  69544    0    0 27696     0 36984 37389  1  0 92  7  0	
procs -----------memory---------- ---swap-- -----io---- --system-- -----cpu-----
 r  b   swpd   free   buff  cache   si   so    bi    bo   in   cs us sy id wa st
 2  0      0 97519360   8504  69544    0    0 28224     0 36882 37222  1  0 92  7  0	
 1  1      0 97519360   8512  69536    0    0 27488    12 37170 37539  1  0 92  7  0	
 1  1      0 97519360   8512  69544    0    0 28048     0 36401 36791  1  0 92  7  0	
 0  2      0 97519360   8512  69544    0    0 26960     0 36178 36129  0  0 92  7  0	
 0  2      0 97519360   8512  69544    0    0 26896     0 36988 36053  1  0 92  7  0	
 2  0      0 97519360   8512  69544    0    0 27232     0 34970 35322  1  0 92  7  0	
 1  1      0 97519360   8512  69544    0    0 28096     0 36470 36848  1  0 92  7  0	
 0  2      0 97519360   8520  69536    0    0 27088    20 37008 37335  1  0 91  7  0	
 2  0      0 97519360   8520  69544    0    0 28384     0 38547 38937  1  0 92  7  0	
 0  2      0 97519360   8520  69544    0    0 28336     0 37816 38207  1  0 92  7  0	
 1  1      0 97519360   8520  69552    0    0 28400     0 36952 37365  1  0 92  7  0	
 0  2      0 97519360   8520  69552    0    0 29040     0 39034 39463  1  0 92  7  0	
 1  1      0 97519360   8528  69548    0    0 28288    20 36757 37173  1  0 92  7  0	
 1  1      0 97519360   8528  69552    0    0 27008     8 35284 35615  1  0 92  7  0	
 2  1      0 97519360   8528  69552    0    0 28176     0 35948 36274  1  0 92  7  0	
 0  2      0 97519360   8528  69552    0    0 27696     0 37234 37583  1  0 92  7  0	
 1  1      0 97519360   8528  69552    0    0 27696     0 37540 37901  1  0 92  7  0	
 1  1      0 97519360   8528  69552    0    0 27584     0 36139 36595  1  0 92  7  0	
 1  1      0 97519360   8536  69556    0    0 27936    36 36761 37120  1  0 92  7  0	
 1  1      0 97519360   8536  69556    0    0 27184     0 35466 35820  1  0 92  7  0	
 0  2      0 97519360   8536  69556    0    0 28048     0 36268 36596  1  0 92  7  0	
procs -----------memory---------- ---swap-- -----io---- --system-- -----cpu-----
 r  b   swpd   free   buff  cache   si   so    bi    bo   in   cs us sy id wa st
 2  0      0 97519360   8536  69556    0    0 27824     0 35247 35630  1  0 91  7  0	
 1  1      0 97519360   8536  69556    0    0 29568     0 38016 38401  1  0 92  7  0	
 2  0      0 97519360   8544  69556    0    0 28848    20 38301 38668  1  0 92  7  0	
 3  0      0 97519360   8544  69556    0    0 28176    28 37364 37756  1  0 92  7  0	
 4  0      0 97519360   8544  69556    0    0 28224     0 36930 37261  1  0 92  7  0	
 0  2      0 97519360   8544  69556    0    0 28272     0 36272 36580  1  0 92  7  0	
 0  2      0 97519360   8544  69556    0    0 28192     0 36225 36564  1  0 92  7  0	
 0  2      0 97519360   8544  69556    0    0 28768     0 36292 36742  0  0 92  7  0	
 2  0      0 97519360   8552  69556    0    0 26752    32 36303 36707  1  0 92  7  0	
 0  2      0 97519360   8552  69556    0    0 28000     0 36164 36530  1  0 92  7  0	
 0  2      0 97519360   8552  69556    0    0 28064     0 36657 37044  1  0 92  7  0	
 2  0      0 97519360   8552  69556    0    0 27888     0 37038 37405  1  0 92  7  0	
 1  2      0 97519360   8552  69556    0    0 28224     0 37954 38341  1  0 92  6  0	
 1  1      0 97519360   8560  69548    0    0 28512    52 37616 38051  1  0 92  7  0	
 0  2      0 97519360   8560  69548    0    0 29088     0 37940 38336  1  0 92  7  0	
 0  2      0 97519360   8560  69548    0    0 29712     0 38440 38868  1  0 92  7  0	
 0  2      0 97519360   8560  69556    0    0 28320     0 37717 38132  1  0 92  7  0	
 0  2      0 97519360   8560  69556    0    0 28080     0 36595 36992  1  0 92  7  0	
 2  0      0 97519360   8560  69556    0    0 28960     0 37343 37803  1  0 92  7  0	
 0  2      0 97519360   8568  69548    0    0 28640    12 37421 37926  1  0 92  7  0	
 0  2      0 97519360   8568  69548    0    0 28032     0 36094 36497  1  0 92  7  0	
procs -----------memory---------- ---swap-- -----io---- --system-- -----cpu-----
 r  b   swpd   free   buff  cache   si   so    bi    bo   in   cs us sy id wa st
 0  2      0 97519360   8568  69548    0    0 28096     0 36315 36670  1  0 92  7  0	
 1  1      0 97519360   8568  69548    0    0 27712     0 36469 36889  0  0 92  7  0	
 0  2      0 97519360   8568  69548    0    0 26624     0 37142 37483  1  0 92  7  0	
 1  1      0 97519360   8576  69560    0    0 28624    12 37622 38020  1  0 92  7  0	
 2  1      0 97519360   8576  69560    0    0 29312     0 37200 37621  1  0 92  7  0	
 0  2      0 97519360   8576  69560    0    0 28224     0 35744 36113  1  0 92  7  0	
 0  2      0 97519360   8576  69560    0    0 28000     0 37885 38346  1  0 92  7  0	
 1  1      0 97519360   8576  69560    0    0 28336     8 36438 36764  1  0 92  7  0	
 1  1      0 97519360   8576  69560    0    0 27920     0 36829 37322  1  0 92  7  0	
 1  1      0 97519360   8584  69556    0    0 28224    24 38079 38460  1  0 92  7  0	
 1  1      0 97519360   8584  69564    0    0 29024     0 38390 38750  1  0 92  7  0	
 2  1      0 97519360   8584  69564    0    0 28608     0 37512 37861  1  0 92  7  0	
 1  1      0 97519360   8584  69564    0    0 28768     0 36003 36440  1  0 92  7  0	
 0  2      0 97519360   8584  69564    0    0 28544     0 36543 37008  1  0 92  7  0	
 1  1      0 97519360   8592  69556    0    0 29232    12 38531 38867  1  0 92  7  0	
 1  1      0 97519360   8592  69556    0    0 29024     0 38158 38603  1  0 92  7  0	
 3  0      0 97519360   8592  69556    0    0 28720     0 37959 38389  1  0 92  7  0	
 1  1      0 97519360   8592  69556    0    0 28144    32 36673 37001  1  0 92  7  0	
 2  1      0 97519360   8592  69556    0    0 29008     0 38125 38478  1  0 92  7  0	
 3  0      0 97519360   8592  69564    0    0 29952     0 38123 38580  1  0 92  7  0	
 1  1      0 97519360   8600  69560    0    0 29472    24 37551 37953  1  0 92  7  0	
procs -----------memory---------- ---swap-- -----io---- --system-- -----cpu-----
 r  b   swpd   free   buff  cache   si   so    bi    bo   in   cs us sy id wa st
 2  0      0 97519104   8600  69564    0    0 28608     0 38326 38727  1  0 92  7  0	
 2  1      0 97519112   8600  69564    0    0 28656     0 37286 37789  1  0 92  7  0	
 1  1      0 97519112   8600  69564    0    0 28736     0 38568 38965  1  0 92  6  0	
 2  0      0 97519112   8600  69564    0    0 28944     0 37517 37921  1  0 92  7  0	
 1  1      0 97519112   8608  69556    0    0 27408    20 37523 37886  1  0 92  7  0	
 1  1      0 97519112   8608  69556    0    0 28944     0 38751 39158  1  0 92  7  0	
 1  1      0 97519112   8608  69564    0    0 29008     0 37664 38003  1  0 92  7  0	
 3  0      0 97519112   8608  69564    0    0 29328     0 38000 38336  1  0 92  7  0	
 2  0      0 97519112   8608  69564    0    0 28480     0 38623 39003  1  0 92  7  0	
 0  2      0 97519112   8608  69564    0    0 30464     0 37209 37618  1  0 92  7  0	
 1  1      0 97519112   8616  69556    0    0 29552    12 37205 37569  1  0 92  7  0	
 0  2      0 97519112   8616  69556    0    0 28688     0 36874 37323  1  0 92  7  0	
 1  1      0 97519112   8616  69556    0    0 29328     0 38376 38833  1  0 92  7  0	
 2  1      0 97519112   8616  69556    0    0 29072     0 37441 37835  1  0 92  7  0	
 0  2      0 97519112   8616  69564    0    0 29152     0 37797 38222  1  0 92  7  0	
 1  1      0 97519112   8624  69564    0    0 28480    12 38529 38895  1  0 92  7  0	
 1  1      0 97519112   8624  69564    0    0 28480     0 37903 38216  1  0 92  7  0	
 0  2      0 97519112   8624  69564    0    0 27760     8 37650 38072  1  0 92  7  0	
 1  1      0 97519112   8624  69564    0    0 28368     0 36965 37431  1  0 92  7  0	
 1  1      0 97519112   8624  69564    0    0 28544     0 38459 38856  1  0 92  7  0	
 1  1      0 97519112   8624  69564    0    0 27952     0 37158 37555  1  0 92  7  0	
procs -----------memory---------- ---swap-- -----io---- --system-- -----cpu-----
 r  b   swpd   free   buff  cache   si   so    bi    bo   in   cs us sy id wa st
 2  0      0 97519112   8632  69556    0    0 28736    24 37959 38369  1  0 92  7  0	
 2  0      0 97519112   8632  69572    0    0 29408     0 38682 39039  1  0 92  6  0	
 1  1      0 97519112   8632  69572    0    0 29392     0 37864 38225  0  0 92  7  0	
 1  1      0 97519112   8632  69572    0    0 28480     0 38229 38613  1  0 92  7  0	
 0  2      0 97519112   8632  69572    0    0 29184     0 38224 38673  1  1 92  7  0	
 1  1      0 97519112   8640  69564    0    0 29536    12 37798 38191  1  0 92  7  0	
 1  1      0 97519112   8640  69564    0    0 29312     8 38805 39254  1  0 92  7  0	
 0  2      0 97519112   8640  69564    0    0 29760     0 38377 38792  1  0 92  6  0	
 2  0      0 97519112   8640  69564    0    0 29024     0 38242 38646  1  0 92  7  0	
 1  1      0 97519112   8640  69572    0    0 29648     0 38377 38821  1  0 92  7  0	
 0  2      0 97519112   8640  69572    0    0 29520     0 37698 38087  1  0 92  7  0	
 0  2      0 97519112   8648  69568    0    0 29040    60 36884 37154  1  0 92  7  0	
 1  1      0 97519112   8648  69568    0    0 28336     0 37148 37523  1  0 92  7  0	
 1  2      0 97519112   8648  69568    0    0 27760     0 37142 37587  0  0 92  7  0	
 1  1      0 97519112   8648  69568    0    0 28960     0 36745 37108  1  0 92  7  0	
 2  1      0 97519112   8648  69568    0    0 28416     0 37399 37818  1  0 92  7  0	
 1  1      0 97519112   8656  69560    0    0 28832    12 37260 37664  0  0 92  7  0	
 1  1      0 97519112   8656  69572    0    0 28688     0 36643 37001  1  0 92  7  0	
 2  1      0 97519112   8656  69572    0    0 27424     0 37341 37748  1  0 92  7  0	
 2  1      0 97519112   8656  69572    0    0 27936     0 37023 37508  1  0 92  6  0	
 2  1      0 97519112   8656  69572    0    0 28592     0 38430 38789  1  0 92  7  0	
procs -----------memory---------- ---swap-- -----io---- --system-- -----cpu-----
 r  b   swpd   free   buff  cache   si   so    bi    bo   in   cs us sy id wa st
 0  3      0 97519112   8656  69572    0    0 28528     8 37641 37988  1  0 92  7  0	
 2  0      0 97519112   8664  69572    0    0 27968     4 36410 36743  1  0 92  7  0	
 0  2      0 97519112   8664  69572    0    0 28880     0 37269 37704  1  0 92  7  0	
 2  0      0 97519112   8664  69572    0    0 29520     0 37485 37906  0  0 92  7  0	
 1  1      0 97519112   8664  69572    0    0 27440     0 36107 36503  1  0 92  7  0	
 1  1      0 97519112   8664  69572    0    0 28192     0 37031 37388  1  0 92  7  0	
 1  1      0 97519112   8672  69564    0    0 27632    16 37563 37963  1  0 92  7  0	
 0  2      0 97519112   8672  69564    0    0 29504     0 37575 37938  1  0 92  7  0	
 2  1      0 97519112   8672  69564    0    0 28256     0 36108 36548  1  0 92  7  0	
 1  1      0 97519112   8672  69564    0    0 28384     0 37999 38353  1  0 92  7  0	
 3  0      0 97519112   8672  69564    0    0 27984     0 37333 37679  1  0 92  7  0	
 2  0      0 97519112   8680  69556    0    0 28016    16 40187 40516  1  0 92  6  0	
 1  1      0 97519112   8680  69576    0    0 27344     0 37583 37978  1  0 92  7  0	
 1  1      0 97519112   8680  69576    0    0 28704     0 37061 37519  1  0 92  7  0	
 1  1      0 97519112   8680  69576    0    0 27840     0 36494 36834  1  0 92  7  0	
 1  1      0 97519112   8680  69576    0    0 27888     0 36447 36856  0  0 92  7  0	
 0  2      0 97519112   8688  69568    0    0 27952    16 37627 38073  1  0 92  7  0	
 0  2      0 97519112   8688  69568    0    0 28432     0 37236 37650  1  0 92  7  0	
 1  1      0 97519112   8688  69568    0    0 28256     0 37643 38132  1  0 92  7  0	
 1  0      0 97519112   8688  69568    0    0 28832     0 37125 37603  0  0 92  7  0	
 4  0      0 97519112   8688  69576    0    0 27648     0 37569 37665  1  0 92  7  0	
procs -----------memory---------- ---swap-- -----io---- --system-- -----cpu-----
 r  b   swpd   free   buff  cache   si   so    bi    bo   in   cs us sy id wa st
 0  3      0 97519112   8692  69572    0    0 27920     8 38230 37718  1  0 92  7  0	
 1  1      0 97519112   8696  69576    0    0 28832     4 38147 38535  1  0 92  7  0	
 1  1      0 97519112   8696  69576    0    0 29056     0 37589 37901  1  0 92  7  0	
 1  1      0 97519112   8696  69576    0    0 28560     0 37398 37794  0  0 92  7  0	
 0  2      0 97519112   8696  69576    0    0 28368     0 37391 37772  1  0 92  7  0	
 0  2      0 97519112   8696  69576    0    0 29008     4 36960 37371  1  0 92  7  0	
 0  2      0 97519112   8704  69568    0    0 28736    12 37238 37606  1  0 92  7  0	
 1  1      0 97519112   8704  69580    0    0 28320     0 37751 38124  1  0 92  7  0	
 1  1      0 97519112   8704  69580    0    0 28672     0 37261 37690  0  0 92  7  0	
 1  1      0 97519112   8704  69580    0    0 28304     0 37375 37722  1  0 92  7  0	
 1  1      0 97519112   8704  69580    0    0 29184     0 37155 37530  1  0 92  7  0	
 0  2      0 97519112   8712  69572    0    0 28752    12 38234 38572  1  0 92  7  0	
 0  2      0 97519112   8712  69572    0    0 28784     0 37858 38293  1  0 92  7  0	
 1  1      0 97519112   8712  69580    0    0 27728     0 36033 36432  1  0 92  7  0	
 2  1      0 97519112   8712  69580    0    0 27632     0 36483 36888  1  0 92  7  0	
 0  2      0 97519112   8712  69580    0    0 28352     8 38016 38441  1  0 92  7  0	
 0  2      0 97519112   8712  69580    0    0 28416     0 37572 37933  1  0 92  7  0	
 1  2      0 97519112   8720  69572    0    0 28432    24 37956 38300  1  0 92  7  0	
 0  2      0 97519112   8720  69572    0    0 27936     0 37686 38136  1  0 92  7  0	
 2  0      0 97519112   8720  69572    0    0 27680     0 37384 37801  1  0 92  7  0	
 1  1      0 97519112   8720  69572    0    0 28560     4 37625 38102  1  0 92  7  0	
procs -----------memory---------- ---swap-- -----io---- --system-- -----cpu-----
 r  b   swpd   free   buff  cache   si   so    bi    bo   in   cs us sy id wa st
 1  1      0 97519112   8720  69572    0    0 28416     0 37454 37866  1  0 92  7  0	
 0  2      0 97519112   8728  69564    0    0 28016    12 37804 38201  1  0 92  7  0	
 1  1      0 97519112   8728  69592    0    0 28128     0 37095 37501  1  0 92  7  0	
 0  2      0 97519112   8728  69592    0    0 27376     0 36694 37468  1  0 92  7  0	
 1  1      0 97519112   8728  69592    0    0 28464     8 35978 36678  1  0 92  6  0	
 1  1      0 97519112   8728  69592    0    0 27648     0 35459 36140  1  0 93  6  0	
 1  1      0 97519112   8728  69592    0    0 27792     0 36575 37336  1  1 92  6  0	
 0  2      0 97519112   8736  69584    0    0 27584    24 35390 35660  1  0 92  7  0	
 0  2      0 97519112   8736  69584    0    0 27360     0 34398 34988  1  0 92  7  0	
 1  1      0 97519112   8736  69584    0    0 26784     0 33746 34523  1  0 92  7  0	
 1  1      0 97519112   8736  69592    0    0 28800     0 35911 36828  1  1 92  6  0	
 1  1      0 97519112   8736  69592    0    0 27968     0 35305 36160  1  0 93  6  0	
 2  0      0 97519112   8744  69584    0    0 27616    12 35991 36538  1  0 92  6  0	
 1  1      0 97519112   8744  69584    0    0 27632     0 35633 36175  1  0 92  6  0	
 0  2      0 97519112   8744  69592    0    0 26880     0 35023 35614  1  0 92  7  0	
 1  1      0 97519112   8744  69592    0    0 27440    20 35741 36431  1  0 92  6  0	
 0  2      0 97519112   8744  69592    0    0 26928     0 35903 36376  1  0 92  7  0	
 0  2      0 97519112   8744  69592    0    0 27520     0 35243 35720  1  0 92  7  0	
 1  2      0 97519112   8752  69592    0    0 27376    12 35689 36107  1  0 92  7  0	
 1  1      0 97519112   8752  69592    0    0 26768     0 37561 38156  1  0 92  6  0	
 1  1      0 97519112   8752  69592    0    0 26576     0 35760 36465  1  0 92  7  0	
procs -----------memory---------- ---swap-- -----io---- --system-- -----cpu-----
 r  b   swpd   free   buff  cache   si   so    bi    bo   in   cs us sy id wa st
 2  1      0 97519112   8752  69592    0    0 26352     0 35713 36187  0  0 93  6  0	
 0  2      0 97519112   8752  69592    0    0 27616     0 35085 35682  1  0 92  7  0	
 1  1      0 97519112   8760  69584    0    0 27424    12 36258 37027  1  0 92  6  0	
 2  0      0 97519112   8760  69584    0    0 28160     0 37445 37603  1  0 92  7  0	
 1  1      0 97519112   8760  69584    0    0 28304     0 37626 38051  1  0 92  7  0	
 1  1      0 97519112   8760  69596    0    0 28192     0 39265 39625  1  0 92  6  0	
 1  2      0 97519112   8760  69596    0    0 27568     0 38742 39019  0  0 92  7  0	
 1  1      0 97519112   8760  69596    0    0 27952     0 37531 37937  1  0 92  6  0	
 1  1      0 97519112   8768  69588    0    0 28832    12 37898 38314  1  0 92  7  0	
 1  1      0 97519112   8768  69588    0    0 28240     8 38468 38800  1  0 92  7  0	
 2  0      0 97519112   8768  69588    0    0 27872     0 37052 37439  0  0 92  7  0	
 2  1      0 97519112   8768  69588    0    0 28992     0 38507 38869  1  0 92  7  0	
 1  1      0 97519112   8768  69588    0    0 28656     0 37638 38048  1  0 92  7  0	
 2  1      0 97519112   8776  69596    0    0 28176    24 37605 37961  1  0 92  7  0	
 2  0      0 97519112   8776  69596    0    0 27552     8 37218 37653  1  0 92  7  0	
 1  1      0 97519112   8776  69596    0    0 28192     0 36731 37005  1  0 92  7  0	
 0  2      0 97519112   8776  69600    0    0 27408     0 37264 37519  1  0 92  7  0	
 2  0      0 97519112   8776  69600    0    0 27408     0 35150 35491  1  0 92  7  0	
 2  0      0 97519112   8776  69600    0    0 27856     0 37510 37881  1  0 92  7  0	
 1  1      0 97519112   8784  69600    0    0 27856    24 36770 37065  0  0 92  7  0	
 1  2      0 97519112   8784  69600    0    0 27616     0 37597 37995  1  0 92  7  0	
procs -----------memory---------- ---swap-- -----io---- --system-- -----cpu-----
 r  b   swpd   free   buff  cache   si   so    bi    bo   in   cs us sy id wa st
 0  2      0 97519112   8784  69600    0    0 28224     0 36471 36888  1  0 92  7  0	
 1  1      0 97519112   8784  69600    0    0 29040     0 37128 37466  1  0 92  7  0	
 3  0      0 97519112   8784  69600    0    0 28160     0 35853 36192  1  0 92  7  0	
 2  0      0 97519112   8792  69592    0    0 28720    12 37228 37604  1  0 92  7  0	
 0  2      0 97519112   8792  69600    0    0 27632     0 36838 37186  1  0 92  7  0	
 0  2      0 97519112   8792  69600    0    0 27168     0 37513 37858  1  0 92  7  0	
 0  2      0 97519112   8792  69600    0    0 28480     0 37462 37742  1  0 92  7  0	
 1  1      0 97519112   8792  69600    0    0 28208     0 37723 38183  0  0 93  7  0	
 2  0      0 97519112   8792  69600    0    0 27072     0 38305 38628  1  0 92  7  0	
 1  1      0 97519112   8800  69596    0    0 28656    36 37489 37872  1  0 92  7  0	
 2  0      0 97519112   8800  69596    0    0 27872     0 37444 37810  1  0 92  7  0	
 1  1      0 97519112   8800  69596    0    0 28448     0 37518 37921  1  0 92  7  0	
 1  1      0 97519112   8800  69596    0    0 28368     0 37092 37470  1  0 92  7  0	
 1  1      0 97519112   8800  69596    0    0 28304     0 36819 37224  1  0 92  7  0	
 1  1      0 97519112   8808  69588    0    0 28624    12 37421 37874  0  0 93  7  0	
 0  2      0 97519112   8808  69588    0    0 28064     0 38068 38441  1  0 92  7  0	
 2  0      0 97519112   8808  69600    0    0 28048     0 36989 37342  1  0 92  7  0	
 0  2      0 97519112   8808  69600    0    0 27728     0 37522 37821  1  0 92  7  0	
 1  1      0 97519112   8808  69600    0    0 28256     0 37476 37871  1  0 92  7  0	
 2  1      0 97519112   8808  69600    0    0 28400     8 37147 37615  1  0 92  7  0	
 1  1      0 97518992   8816  69600    0    0 28304    24 37503 37911  1  0 92  7  0	
procs -----------memory---------- ---swap-- -----io---- --system-- -----cpu-----
 r  b   swpd   free   buff  cache   si   so    bi    bo   in   cs us sy id wa st
 1  2      0 97518992   8816  69600    0    0 28512     0 37395 37849  1  0 92  7  0	
 0  2      0 97518992   8816  69600    0    0 28144     0 36558 36960  0  0 92  7  0	
 2  0      0 97518992   8816  69600    0    0 27424     0 36597 37038  1  0 92  7  0	
 1  1      0 97518992   8816  69600    0    0 27664     4 37098 37481  1  0 92  7  0	
 1  1      0 97518992   8824  69592    0    0 27664    12 38970 39385  1  0 92  7  0	
 1  1      0 97518992   8824  69592    0    0 28672     0 37969 38356  1  0 92  7  0	
 0  2      0 97518992   8824  69592    0    0 28048     0 36627 37041  0  0 92  7  0	
 1  1      0 97518992   8824  69592    0    0 28240     0 38114 38483  1  0 92  7  0	
 2  1      0 97518992   8824  69596    0    0 27680     0 37482 37881  0  0 92  7  0	
 2  1      0 97518992   8824  69596    0    0 28112     0 38104 38522  1  0 92  7  0	
 2  1      0 97518992   8832  69588    0    0 27680    12 37325 37737  1  0 92  7  0	
 0  2      0 97518992   8832  69608    0    0 28224     0 38699 39124  1  0 92  7  0	
 1  1      0 97518992   8832  69608    0    0 27824     0 36807 37214  0  0 92  7  0	
 0  2      0 97518992   8832  69608    0    0 28832     0 37961 38383  1  0 92  7  0	
 0  2      0 97518992   8832  69608    0    0 29232     0 37459 37826  0  0 92  7  0	
 2  1      0 97518992   8840  69604    0    0 27600    12 36628 37029  1  0 92  7  0	
 1  1      0 97518992   8840  69604    0    0 29264     0 37071 37486  1  0 92  7  0	
 3  0      0 97518992   8840  69604    0    0 29120     0 37029 37399  1  1 92  7  0	
 0  2      0 97518992   8840  69604    0    0 28224     0 36411 36806  1  0 92  7  0	
 2  1      0 97518992   8840  69608    0    0 28528     0 37267 37632  1  0 92  7  0	
 1  1      0 97518992   8840  69608    0    0 29424     0 37825 38236  1  1 92  7  0	
procs -----------memory---------- ---swap-- -----io---- --system-- -----cpu-----
 r  b   swpd   free   buff  cache   si   so    bi    bo   in   cs us sy id wa st
 0  2      0 97518992   8848  69600    0    0 27936    12 37634 38027  1  0 92  7  0	
 0  2      0 97518992   8848  69600    0    0 27792     0 36712 37174  1  0 92  7  0	
 0  2      0 97518992   8848  69600    0    0 27728    12 36237 36606  0  0 92  7  0	
 1  1      0 97518992   8848  69600    0    0 27840     0 36942 37312  1  0 92  7  0	
 2  0      0 97518992   8848  69600    0    0 28064     0 36197 36650  1  0 92  7  0	
 0  2      0 97518992   8856  69592    0    0 28224    16 37251 37604  1  1 92  7  0	
 1  1      0 97518992   8856  69608    0    0 27856     0 36977 37321  1  0 92  7  0	
 1  1      0 97518992   8856  69608    0    0 27712     8 35997 36283  1  0 92  7  0	
 0  2      0 97518992   8856  69608    0    0 28560     0 37694 38063  1  0 92  7  0	
 1  1      0 97518992   8856  69608    0    0 28544     0 36705 37090  1  0 92  7  0	
 1  1      0 97518992   8856  69608    0    0 28336     0 37853 38294  1  0 92  7  0	
 0  2      0 97518992   8864  69604    0    0 28800    24 37573 37879  1  0 92  7  0	
 2  0      0 97518992   8864  69608    0    0 27552     0 37267 37694  1  0 92  7  0	
 0  2      0 97518992   8864  69608    0    0 27600     8 35806 36154  0  0 92  7  0	
 2  0      0 97518992   8864  69608    0    0 27696     0 36614 36942  1  0 92  7  0	
 1  1      0 97518992   8864  69608    0    0 28544     0 36871 37201  1  0 92  7  0	
 1  1      0 97518992   8872  69600    0    0 27680    24 35988 36373  1  0 92  7  0	
 1  1      0 97518992   8872  69600    0    0 27776     0 38092 37538  1  0 92  7  0	
 3  0      0 97518992   8872  69600    0    0 28432     0 36046 36373  1  0 92  7  0	
 1  1      0 97518992   8872  69600    0    0 28112     0 36960 37308  1  0 92  7  0	
 0  1      0 97518992   8872  69600    0    0 28976     0 37086 37371  1  0 92  7  0	
procs -----------memory---------- ---swap-- -----io---- --system-- -----cpu-----
 r  b   swpd   free   buff  cache   si   so    bi    bo   in   cs us sy id wa st
 1  3      0 97518992   8872  69608    0    0 27152     8 37711 38020  1  0 92  7  0	
 1  1      0 97518992   8880  69608    0    0 28112     4 37211 37523  1  0 92  7  0	
 2  0      0 97518992   8880  69608    0    0 27472     0 37654 37938  1  0 92  7  0	
 0  2      0 97518992   8880  69608    0    0 27968     0 36128 36427  1  0 92  7  0	
 0  2      0 97518992   8880  69608    0    0 29184     0 38413 38790  1  0 92  7  0	
 2  0      0 97518992   8880  69608    0    0 27808     0 37707 38048  1  0 92  7  0	
 3  0      0 97518992   8888  69600    0    0 28032    12 36428 36746  1  0 92  7  0	
 3  0      0 97518992   8888  69600    0    0 27312     0 36208 36579  1  0 92  7  0	
 1  0      0 97518992   8888  69600    0    0 28176     0 38334 38667  1  0 92  7  0	
 1  1      0 97518992   8888  69616    0    0 28304     0 38229 38563  1  0 92  7  0	
 2  0      0 97518992   8888  69616    0    0 26960     0 36017 36388  1  0 92  7  0	
 2  0      0 97518992   8896  69612    0    0 27504    12 37227 37657  1  0 92  7  0	
 0  2      0 97518992   8896  69612    0    0 28048     4 36820 37200  1  0 92  7  0	
 2  1      0 97518992   8896  69612    0    0 27040     0 35255 35715  0  0 92  7  0	
 1  1      0 97518992   8896  69612    0    0 28064     0 38160 38467  1  0 92  7  0	
 1  1      0 97518992   8896  69616    0    0 27744     0 36970 37308  1  0 92  7  0	
 0  2      0 97518992   8896  69616    0    0 27440     0 36687 37017  1  0 92  7  0	
 1  1      0 97518992   8904  69616    0    0 27040    44 38099 38472  1  0 92  7  0	
 1  1      0 97518992   8904  69616    0    0 28608     0 38272 38660  1  0 92  7  0	
 0  2      0 97518992   8904  69616    0    0 29104     0 37689 38090  1  0 92  7  0	
 0  2      0 97518992   8904  69616    0    0 29024     0 38434 38823  1  0 92  7  0	
procs -----------memory---------- ---swap-- -----io---- --system-- -----cpu-----
 r  b   swpd   free   buff  cache   si   so    bi    bo   in   cs us sy id wa st
 1  1      0 97518992   8904  69616    0    0 28784     0 38326 38687  1  1 92  7  0	
 0  2      0 97518992   8912  69608    0    0 28832    24 37578 38014  1  0 92  7  0	
 1  1      0 97518992   8912  69608    0    0 29056     0 38664 39167  1  0 92  6  0	
 1  1      0 97518992   8912  69608    0    0 28368     0 36960 37588  1  0 92  7  0	
 2  0      0 97518992   8912  69616    0    0 28560     0 38161 38659  1  0 92  7  0	
 1  1      0 97518992   8912  69616    0    0 28608     0 37122 37537  1  0 92  7  0	
 0  2      0 97518992   8912  69616    0    0 28160     8 37431 37878  1  0 92  7  0	
 2  0      0 97518992   8920  69612    0    0 29040    24 38850 39339  1  0 92  7  0	
 0  2      0 97518992   8920  69612    0    0 28064     0 36935 37320  1  0 92  7  0	
 1  1      0 97518992   8920  69612    0    0 28656     0 36920 37299  0  0 92  7  0	
 2  1      0 97518992   8920  69612    0    0 28128     0 37759 38133  1  0 92  7  0	
 2  1      0 97518992   8920  69612    0    0 27408     0 37394 37689  1  0 92  7  0	
 1  1      0 97518992   8928  69608    0    0 27856    12 36402 36774  1  0 92  7  0	
 0  2      0 97518992   8928  69608    0    0 29024     0 37532 37884  1  0 92  7  0	
 2  1      0 97518992   8928  69608    0    0 28368     0 37577 37985  1  0 92  7  0	
 0  2      0 97518992   8928  69608    0    0 28080     0 36582 36885  0  0 92  7  0	
 1  1      0 97518992   8928  69608    0    0 27728     0 37600 37919  1  0 92  7  0	
 0  2      0 97518992   8928  69608    0    0 28768     0 38147 38516  1  0 92  7  0	
 0  2      0 97518992   8936  69600    0    0 28496    12 37331 37669  1  0 92  7  0	
 2  0      0 97518992   8936  69620    0    0 28544     0 38427 38338  1  0 92  7  0	
 1  1      0 97518992   8936  69620    0    0 26848     0 35486 34931  0  0 92  7  0	
procs -----------memory---------- ---swap-- -----io---- --system-- -----cpu-----
 r  b   swpd   free   buff  cache   si   so    bi    bo   in   cs us sy id wa st
 1  1      0 97518992   8936  69620    0    0 26816     0 35582 36314  1  0 92  7  0	
 2  0      0 97518992   8936  69620    0    0 27872     0 37157 37110  1  0 92  6  0	
 1  1      0 97518992   8944  69620    0    0 26576    12 35210 35859  1  0 92  7  0	
 1  1      0 97518992   8944  69620    0    0 28416     0 37876 38353  1  0 92  6  0	
 0  2      0 97518992   8944  69620    0    0 27760     0 37590 37924  0  0 92  7  0	
 1  1      0 97518992   8944  69620    0    0 27824     0 36882 37148  1  0 92  7  0	
 0  2      0 97518992   8944  69620    0    0 27728     0 38068 38356  1  0 92  7  0	
 1  1      0 97518992   8944  69624    0    0 28208     0 37966 38328  1  0 92  7  0	
 1  1      0 97518992   8952  69616    0    0 28112    12 38644 39032  1  0 92  7  0	
 2  1      0 97518992   8952  69616    0    0 29072     0 37523 37864  1  0 92  7  0	
 0  2      0 97518992   8952  69616    0    0 28112     0 38791 39164  1  0 92  6  0	
 1  1      0 97518992   8952  69616    0    0 28320    12 37014 37302  1  0 92  7  0	
 2  1      0 97518992   8952  69616    0    0 28944     0 38041 38416  1  0 92  7  0	
 0  2      0 97518992   8960  69608    0    0 28656    24 37970 38275  1  0 92  7  0	
 2  1      0 97518992   8960  69608    0    0 28416     0 37799 38132  1  0 92  7  0	
 2  1      0 97518992   8960  69624    0    0 29120     0 38469 38816  1  0 92  7  0	
 1  1      0 97518992   8960  69624    0    0 29216     8 36436 36842  1  0 92  7  0	
 3  0      0 97518992   8960  69624    0    0 27568     0 36883 37325  1  0 92  7  0	
 1  1      0 97518992   8960  69624    0    0 27488     0 37024 37470  1  0 92  6  0	
 2  1      0 97518992   8968  69616    0    0 28144    24 35708 36420  1  0 92  6  0	
 0  2      0 97518992   8968  69616    0    0 27568     0 35619 36445  1  0 92  7  0	
procs -----------memory---------- ---swap-- -----io---- --system-- -----cpu-----
 r  b   swpd   free   buff  cache   si   so    bi    bo   in   cs us sy id wa st
 2  1      0 97518992   8968  69616    0    0 26176     0 36195 36843  1  0 92  6  0	
 2  0      0 97518992   8968  69616    0    0 27360     0 35572 36113  0  0 92  7  0	
 1  1      0 97518992   8968  69624    0    0 27776     0 36746 37282  1  0 93  6  0	
 1  1      0 97518992   8976  69620    0    0 28224    12 38644 38980  1  0 92  7  0	
 1  1      0 97518992   8976  69624    0    0 29024     0 38218 38467  1  0 92  7  0	
 0  2      0 97518992   8976  69624    0    0 27712     0 36828 37142  1  0 92  7  0	
 1  1      0 97518992   8976  69624    0    0 27648     0 37068 37432  1  0 92  7  0	
 0  2      0 97518992   8976  69624    0    0 28112     0 35970 36548  1  0 92  7  0	
 0  2      0 97518992   8976  69624    0    0 28928     0 37015 37431  1  0 92  7  0	
 0  2      0 97518992   8984  69628    0    0 28304    12 37621 38170  1  0 92  7  0	
 2  1      0 97518992   8984  69628    0    0 27632     0 37168 37517  1  0 92  7  0	
 1  1      0 97518992   8984  69628    0    0 29264     0 38142 38680  1  0 92  7  0	
 1  1      0 97518992   8984  69628    0    0 29712     0 38769 39241  1  0 92  7  0	
 2  1      0 97518992   8984  69628    0    0 29904     0 39336 39832  1  0 92  7  0	
 2  0      0 97518992   8992  69620    0    0 28672    12 37695 38087  0  0 92  7  0	
 1  1      0 97518992   8992  69628    0    0 27472     0 35697 36120  1  0 92  7  0	
 1  1      0 97518992   8992  69628    0    0 29200     0 38009 38263  1  0 92  7  0	
 1  1      0 97518992   8992  69628    0    0 29040     0 37303 37696  1  0 92  7  0	
 1  1      0 97518992   8992  69628    0    0 28336     0 38002 38353  1  0 92  7  0	
 0  2      0 97518992   8992  69628    0    0 26976     0 35337 35671  1  0 92  7  0	
 1  1      0 97518992   9000  69628    0    0 26880    12 37243 37594  1  0 92  7  0	
procs -----------memory---------- ---swap-- -----io---- --system-- -----cpu-----
 r  b   swpd   free   buff  cache   si   so    bi    bo   in   cs us sy id wa st
 2  0      0 97518992   9000  69628    0    0 28144     8 36373 36757  1  0 92  7  0	
 2  1      0 97518992   9000  69628    0    0 28880     0 37951 38274  1  0 92  7  0	
 0  2      0 97518992   9000  69628    0    0 29360     0 37828 38251  1  0 92  7  0	
 1  1      0 97518992   9000  69628    0    0 28416     0 37689 38011  1  0 92  6  0	
 1  1      0 97518992   9008  69620    0    0 28784    24 37256 37632  1  0 92  7  0	
 1  1      0 97518992   9008  69628    0    0 27488    20 36989 37319  1  0 92  7  0	
 1  1      0 97518992   9008  69628    0    0 28688     0 37497 37825  1  0 92  7  0	
 3  0      0 97518992   9008  69628    0    0 28384     0 37414 37673  1  0 92  7  0	
 1  1      0 97518992   9008  69628    0    0 28880     0 38465 38765  1  0 92  7  0	
 2  1      0 97518992   9008  69632    0    0 28576     0 36848 37110  1  0 92  7  0	
 2  1      0 97518992   9016  69632    0    0 28832    12 38109 38428  1  0 92  7  0	
 1  1      0 97518992   9016  69632    0    0 27840     0 36270 36582  1  0 91  7  0	
 1  1      0 97516752   9016  69632    0    0 28560     0 37490 37788  1  0 92  7  0	
 1  1      0 97516752   9016  69632    0    0 28736     0 39185 38140  1  0 92  7  0	
 0  2      0 97516752   9016  69632    0    0 28000     0 40426 38946  1  0 92  7  0	
 1  1      0 97516752   9024  69624    0    0 28720    20 38547 38405  0  0 92  7  0	
 0  2      0 97516752   9024  69632    0    0 27568     0 36596 36992  1  0 92  7  0	
 1  1      0 97516752   9024  69632    0    0 28688     0 37885 38332  1  0 92  7  0	
 1  1      0 97516752   9024  69632    0    0 28736     0 37557 37938  1  0 92  7  0	
 1  1      0 97516752   9024  69632    0    0 27872     0 38377 38656  1  0 92  7  0	
 2  1      0 97516752   9024  69632    0    0 28896     0 38682 39056  1  0 92  7  0	
procs -----------memory---------- ---swap-- -----io---- --system-- -----cpu-----
 r  b   swpd   free   buff  cache   si   so    bi    bo   in   cs us sy id wa st
 2  0      0 97516752   9032  69636    0    0 29104    12 38118 38418  1  0 92  7  0	
 2  0      0 97516752   9032  69636    0    0 29280     0 39629 39975  1  0 92  6  0	
 1  1      0 97516752   9032  69636    0    0 29728     0 37858 38257  0  0 92  7  0	
 1  1      0 97516752   9032  69636    0    0 29248     0 38366 38728  1  0 92  7  0	
 0  2      0 97516752   9032  69636    0    0 28240     0 37385 37652  1  0 92  7  0	
 2  0      0 97516752   9040  69628    0    0 28384    16 37319 37645  1  0 92  7  0	
 0  2      0 97516496   9040  69636    0    0 27552     0 36485 36921  1  0 92  7  0	
 1  1      0 97516872   9040  69636    0    0 28176     0 36580 37097  1  0 92  7  0	
 0  2      0 97516872   9040  69636    0    0 28896     0 36095 36397  1  0 92  7  0	
 1  1      0 97516872   9040  69636    0    0 27296     8 36105 36518  1  0 92  7  0	
 1  2      0 97516872   9040  69636    0    0 28336     0 37455 37945  1  0 92  7  0	
 0  2      0 97516752   9048  69636    0    0 27888    32 37643 37962  1  0 92  7  0	
 1  1      0 97516752   9048  69636    0    0 28160     0 37742 38138  1  0 92  7  0	
 1  1      0 97516752   9048  69636    0    0 27824     0 36081 36461  0  0 92  7  0	
 1  1      0 97516752   9048  69636    0    0 28176     0 35835 36232  1  0 92  7  0	
 1  1      0 97516752   9048  69636    0    0 28608     8 35508 35968  1  0 92  7  0	
 0  2      0 97516752   9056  69632    0    0 28592    24 37269 37583  1  0 92  7  0	
 0  2      0 97516752   9056  69636    0    0 28784     0 37066 37525  1  0 92  7  0	
 1  1      0 97516752   9056  69636    0    0 28496     0 36727 37106  1  0 92  7  0	
 1  1      0 97516752   9056  69636    0    0 27792     0 38417 38777  1  0 92  7  0	
 3  0      0 97516752   9056  69636    0    0 28352    32 36721 37028  1  0 92  7  0	
procs -----------memory---------- ---swap-- -----io---- --system-- -----cpu-----
 r  b   swpd   free   buff  cache   si   so    bi    bo   in   cs us sy id wa st
 1  3      0 97516752   9056  69636    0    0 27264     8 38239 38569  1  0 92  7  0	
 2  0      0 97516752   9064  69636    0    0 27456     4 38223 38538  1  0 92  7  0	
 1  1      0 97516752   9064  69636    0    0 28400     0 37091 37442  1  0 92  7  0	
 0  2      0 97516752   9064  69636    0    0 28272     0 38468 38801  1  0 92  6  0	
 2  1      0 97516752   9064  69636    0    0 27520     8 38261 38639  1  0 92  7  0	
 2  0      0 97516752   9064  69636    0    0 29552     0 36973 37361  1  0 92  7  0	
 2  0      0 97516752   9072  69636    0    0 27616    12 36895 37267  1  0 92  7  0	
 1  1      0 97516752   9072  69636    0    0 28336     0 36925 37321  1  0 92  7  0	
 3  0      0 97516752   9072  69636    0    0 28768     0 37036 37495  1  0 92  7  0	
 0  2      0 97516752   9072  69636    0    0 29008     0 38711 39016  1  0 92  7  0	
 0  2      0 97516752   9072  69636    0    0 27488     0 36268 36604  1  0 92  7  0	
 0  2      0 97516752   9080  69640    0    0 29024    12 38864 39200  1  0 92  7  0	
 0  2      0 97516752   9080  69640    0    0 28848     0 36708 37133  1  0 92  7  0	
 3  0      0 97516752   9080  69640    0    0 29104     0 38051 38481  1  0 92  7  0	
 0  2      0 97516752   9080  69640    0    0 28528     0 38500 38878  0  0 92  7  0	
 1  1      0 97516752   9080  69644    0    0 28544     0 37618 38026  1  0 92  7  0	
 1  1      0 97516752   9080  69644    0    0 28944     0 38046 38342  1  0 92  7  0	
 2  0      0 97516752   9088  69640    0    0 28576    12 36907 37295  1  0 92  7  0	
 0  2      0 97516752   9088  69644    0    0 27936     0 38469 38895  1  0 92  7  0	
 0  2      0 97516752   9088  69644    0    0 27600    16 37483 37820  1  0 92  7  0	
 0  2      0 97516752   9088  69644    0    0 28720     0 38132 38576  1  0 92  7  0	
procs -----------memory---------- ---swap-- -----io---- --system-- -----cpu-----
 r  b   swpd   free   buff  cache   si   so    bi    bo   in   cs us sy id wa st
 1  1      0 97516752   9088  69644    0    0 29312     0 38283 38605  1  0 92  7  0	
 1  1      0 97516752   9096  69644    0    0 28448    24 37919 38330  1  0 92  7  0	
 2  1      0 97516752   9096  69644    0    0 29072     0 38421 38785  1  0 92  7  0	
 2  0      0 97516752   9096  69644    0    0 28608     0 37154 37611  1  0 92  7  0	
 2  1      0 97516752   9096  69644    0    0 29040     0 38022 38349  1  0 92  7  0	
 1  1      0 97516752   9096  69644    0    0 28928     0 38907 39251  1  0 92  7  0	
 2  0      0 97516752   9096  69644    0    0 29456     0 38898 39349  1  0 92  6  0	
 3  0      0 97516752   9104  69636    0    0 28448    12 37261 37688  1  0 92  7  0	
 0  2      0 97516752   9104  69644    0    0 28752     8 38234 38556  1  0 92  7  0	
 2  0      0 97516752   9104  69644    0    0 28704     0 38210 38554  1  0 92  7  0	
 0  2      0 97516752   9104  69644    0    0 29504     0 39154 39485  0  0 92  7  0	
 0  2      0 97516752   9104  69644    0    0 28240     0 37944 38246  1  0 92  7  0	
 1  1      0 97516752   9112  69636    0    0 28016    24 37753 38087  1  0 92  7  0	
 1  1      0 97516752   9112  69644    0    0 28352     0 38978 39364  1  0 92  7  0	
 3  0      0 97516752   9112  69644    0    0 28512     0 37612 37997  1  0 92  7  0	
 2  0      0 97516752   9112  69644    0    0 28560     0 38443 38777  1  0 92  7  0	
 1  1      0 97516752   9112  69644    0    0 29824     0 38068 38583  1  0 92  6  0	
 1  1      0 97516752   9112  69644    0    0 29392     0 37864 38259  1  0 92  7  0	
 0  2      0 97516752   9120  69636    0    0 29360    12 39314 39664  1  0 92  7  0	
 1  1      0 97516752   9120  69644    0    0 28336    16 37630 38041  1  1 92  7  0	
 0  2      0 97516752   9120  69644    0    0 28832     0 37809 38189  0  0 92  7  0	
procs -----------memory---------- ---swap-- -----io---- --system-- -----cpu-----
 r  b   swpd   free   buff  cache   si   so    bi    bo   in   cs us sy id wa st
 1  1      0 97516752   9120  69644    0    0 27776     0 37426 37902  1  0 92  7  0	
 0  2      0 97516752   9120  69644    0    0 29232     0 38613 38907  1  0 92  7  0	
 0  2      0 97516752   9128  69636    0    0 29296    12 38346 38880  1  0 92  7  0	
 2  1      0 97516752   9128  69636    0    0 28000     0 36390 36785  1  0 92  7  0	
 2  0      0 97516752   9128  69636    0    0 28048     0 36976 37417  0  0 92  7  0	
 2  1      0 97516752   9128  69636    0    0 29712     0 38101 38453  1  0 92  7  0	
 1  1      0 97516752   9128  69636    0    0 28864     0 38337 38694  1  0 92  7  0	
 2  0      0 97516752   9128  69636    0    0 27712     0 37519 38080  1  1 92  7  0	
 3  0      0 97516752   9136  69628    0    0 29168    12 38238 38732  1  0 92  6  0	
 0  2      0 97516752   9136  69648    0    0 29520     0 38109 38530  0  0 92  7  0	
 1  1      0 97516752   9136  69648    0    0 28976     0 36789 37182  1  0 92  7  0	
 0  2      0 97516752   9136  69648    0    0 28880     0 39163 39482  1  0 92  7  0	
 0  2      0 97516752   9136  69648    0    0 28128     0 38008 38266  1  0 92  7  0	
 2  0      0 97516752   9144  69640    0    0 28608    32 38103 38462  1  0 92  7  0	
 0  2      0 97516752   9144  69640    0    0 27600     0 36801 37129  1  0 92  7  0	
 2  0      0 97516752   9144  69640    0    0 28032     0 38471 38748  1  0 92  6  0	
 1  1      0 97516632   9144  69652    0    0 28544     0 37734 38036  1  0 92  7  0	
 0  2      0 97516632   9144  69652    0    0 27760     0 37477 37807  0  0 93  7  0	
 3  0      0 97516632   9144  69652    0    0 28560     8 37371 37692  1  0 92  7  0	
 1  1      0 97516632   9152  69644    0    0 28704    24 37694 38003  1  0 92  7  0	
 0  2      0 97516632   9152  69652    0    0 27888     0 36797 37240  1  0 92  7  0	
procs -----------memory---------- ---swap-- -----io---- --system-- -----cpu-----
 r  b   swpd   free   buff  cache   si   so    bi    bo   in   cs us sy id wa st
 0  2      0 97516632   9152  69652    0    0 28848     0 37834 38228  1  0 92  7  0	
 3  0      0 97516632   9152  69652    0    0 29248     0 37100 37524  1  0 92  7  0	
 0  2      0 97516632   9152  69652    0    0 28064     0 38244 38610  0  0 92  7  0	
 2  0      0 97516632   9160  69652    0    0 28592    12 36983 37502  1  0 92  7  0	
 1  1      0 97516632   9160  69652    0    0 28912     0 37873 38233  1  0 92  6  0	
 1  1      0 97516632   9160  69652    0    0 27808     0 37961 38338  1  0 92  7  0	
 0  2      0 97516632   9160  69652    0    0 28816     0 36610 36966  1  0 92  7  0	
 0  2      0 97516632   9160  69652    0    0 28352     0 38166 38571  1  0 92  7  0	
 2  0      0 97516632   9160  69652    0    0 29408     0 39173 39626  1  0 92  6  0	
 1  1      0 97516632   9168  69644    0    0 28576    12 38568 39002  0  0 92  7  0	
 2  1      0 97516632   9168  69644    0    0 27152     0 36440 36729  1  0 92  7  0	
 2  0      0 97516632   9168  69652    0    0 25968     0 35462 35866  1  0 92  7  0	
 2  0      0 97516632   9168  69652    0    0 28880    16 37124 37475  1  0 92  7  0	
 2  1      0 97516632   9168  69652    0    0 29872     0 38483 38860  1  0 92  6  0	
 1  1      0 97516632   9176  69644    0    0 28960    12 39700 40077  1  0 93  6  0	
 1  1      0 97516632   9176  69644    0    0 29248     0 38302 38668  1  0 92  7  0	
 0  2      0 97516632   9176  69644    0    0 29264     0 39631 40017  1  1 92  6  0	
 0  2      0 97516632   9176  69644    0    0 28832     0 38602 38956  1  0 92  7  0	
