procs -----------memory---------- ---swap-- -----io---- --system-- -----cpu-----
 r  b   swpd   free   buff  cache   si   so    bi    bo   in   cs us sy id wa st
 1  0      0 97521336   9196  69652    0    0  3291     2   43  160 34 11 47  8  0	
 1  7      0 97510184   9196  69672    0    0 99664     8 145476 141696  6  2 64 27  1	
 5  3      0 97509688   9196  69672    0    0 104624     0 143068 141183  4  2 64 29  1	
 4  5      0 97509688   9196  69672    0    0 107376     0 144773 143294  4  2 64 28  1	
 2  6      0 97509688   9204  69664    0    0 104384    40 141590 140699  6  2 63 28  1	
 5  4      0 97509688   9204  69672    0    0 102512     0 139507 138446  5  2 63 29  1	
 3  5      0 97509688   9204  69672    0    0 101984     0 137166 135708  5  2 63 29  1	
 6  3      0 97509688   9204  69672    0    0 106480     0 139887 138803  5  2 63 29  1	
 2  6      0 97509688   9204  69672    0    0 105600     0 140591 139569  5  2 63 29  1	
 5  3      0 97509688   9212  69672    0    0 105248    12 141758 140256  5  2 63 29  1	
 5  3      0 97509688   9212  69672    0    0 103392     0 138997 137764  5  2 63 29  1	
 5  3      0 97509688   9212  69672    0    0 102448     0 138103 135964  5  2 62 30  1	
10  2      0 97509688   9212  69672    0    0 103424     0 139013 137473  5  2 63 30  1	
 6  3      0 97509688   9212  69672    0    0 104928     0 142198 140266  4  3 63 29  1	
 5  4      0 97509688   9212  69672    0    0 102752     0 137313 136207  5  2 63 29  1	
 4  4      0 97509688   9220  69672    0    0 101040    12 135048 134041  5  2 63 30  1	
 8  1      0 97509688   9220  69672    0    0 102176     0 136921 135616  5  2 62 30  1	
 3  4      0 97509688   9220  69672    0    0 101088     0 138724 137420  4  2 63 30  1	
 4  5      0 97509688   9220  69672    0    0 105120     0 139600 138219  5  2 63 29  1	
 2  7      0 97509688   9220  69672    0    0 101152     0 135286 133699  5  2 63 30  1	
 6  4      0 97509688   9228  69672    0    0 103056    12 139876 139020  5  2 63 29  1	
procs -----------memory---------- ---swap-- -----io---- --system-- -----cpu-----
 r  b   swpd   free   buff  cache   si   so    bi    bo   in   cs us sy id wa st
 2  6      0 97509688   9228  69672    0    0 102944     0 136753 135807  5  2 63 30  1	
 2  6      0 97509688   9228  69672    0    0 90400     0 119854 118218  5  1 61 32  1	
 5  3      0 97509688   9228  69672    0    0 99776     0 133406 131999  5  1 62 31  1	
 6  3      0 97509688   9228  69672    0    0 102672     0 137657 136093  4  2 63 30  1	
 6  4      0 97509688   9228  69672    0    0 105008     0 140707 138808  4  2 63 29  1	
 4  4      0 97509688   9236  69672    0    0 100784    12 136179 134177  5  2 62 30  1	
 7  1      0 97509688   9236  69672    0    0 101360     0 138840 137347  5  1 63 29  1	
 7  3      0 97509688   9236  69672    0    0 101952     0 137332 135310  5  2 62 30  1	
 3  5      0 97509688   9236  69672    0    0 103072     0 139035 137987  5  2 63 29  1	
 4  4      0 97509688   9236  69672    0    0 102224     0 136431 135392  5  2 62 30  1	
 3  5      0 97509688   9244  69672    0    0 103488    36 137950 136434  5  2 63 29  1	
 2  6      0 97509688   9244  69672    0    0 101504     0 139463 138009  5  2 62 29  1	
 5  4      0 97509688   9244  69672    0    0 103840     0 138892 137770  5  2 63 29  1	
 6  3      0 97509688   9244  69676    0    0 103632     0 139382 137737  5  2 63 29  1	
 6  3      0 97509688   9244  69676    0    0 100496     0 136849 135676  5  2 62 30  1	
 3  6      0 97509688   9244  69676    0    0 102336     0 135759 133646  5  2 62 30  1	
 6  3      0 97509688   9252  69676    0    0 101424    68 138464 136080  5  2 62 29  1	
 4  6      0 97509688   9252  69676    0    0 101968     0 136603 134865  5  2 63 29  1	
 8  2      0 97509688   9252  69676    0    0 101760     0 139248 137383  5  2 63 30  1	
 8  2      0 97509688   9252  69676    0    0 100848     0 137363 135605  4  2 62 30  1	
 6  2      0 97509688   9252  69676    0    0 103408     0 139147 138094  5  2 63 29  1	
procs -----------memory---------- ---swap-- -----io---- --system-- -----cpu-----
 r  b   swpd   free   buff  cache   si   so    bi    bo   in   cs us sy id wa st
 2  6      0 97509688   9260  69676    0    0 101440    12 138876 137324  5  2 62 29  1	
 9  1      0 97509688   9260  69680    0    0 102928     0 137755 136757  5  2 63 30  1	
 5  4      0 97509688   9260  69680    0    0 103616     0 139617 138398  5  2 63 29  1	
 7  2      0 97509688   9260  69688    0    0 103920     0 138201 136931  5  2 63 30  1	
 6  3      0 97509688   9260  69688    0    0 102672     0 139268 138062  6  2 63 28  1	
 5  4      0 97509688   9260  69688    0    0 100880     0 140301 138070  4  2 63 30  1	
 6  2      0 97509688   9268  69688    0    0 104592    20 139812 137930  5  2 63 29  1	
 4  4      0 97509688   9268  69688    0    0 103088     0 139885 138215  5  2 62 29  1	
 4  4      0 97509688   9268  69688    0    0 103296     0 138862 136942  5  2 63 29  1	
 8  2      0 97509688   9268  69688    0    0 103264     0 138957 137895  5  2 63 29  1	
 7  4      0 97509688   9268  69688    0    0 102032     0 139378 137594  5  2 62 30  1	
 6  2      0 97509688   9276  69688    0    0 100560    12 136688 136341  6  2 62 29  1	
 4  4      0 97509688   9276  69688    0    0 99040     0 133562 132105  4  2 62 30  1	
 7  2      0 97509688   9276  69688    0    0 99712     0 135075 133810  4  2 63 30  1	
 3  5      0 97509688   9276  69688    0    0 101888     0 133432 132167  5  2 63 30  1	
 5  6      0 97509688   9276  69688    0    0 98880     0 135730 133891  4  2 63 30  1	
 4  4      0 97509688   9276  69688    0    0 100368     0 135725 134835  4  2 63 30  1	
 2  7      0 97509688   9284  69680    0    0 101664    12 139344 137899  5  2 63 29  1	
 5  4      0 97509688   9284  69688    0    0 102240     0 138547 136981  4  2 63 30  1	
 5  3      0 97509688   9284  69688    0    0 102864     0 137529 136264  4  2 63 30  1	
 6  3      0 97509688   9284  69688    0    0 105152    24 140231 138421  5  2 63 30  1	
procs -----------memory---------- ---swap-- -----io---- --system-- -----cpu-----
 r  b   swpd   free   buff  cache   si   so    bi    bo   in   cs us sy id wa st
 7  2      0 97509688   9284  69688    0    0 102288     0 137557 136564  5  2 63 30  1	
 3  5      0 97509568   9292  69688    0    0 101104    32 140124 139101  6  2 63 29  1	
 3  5      0 97509568   9292  69688    0    0 102752     0 135076 134464  5  1 63 30  1	
 7  3      0 97509568   9292  69688    0    0 99440     0 136129 134282  6  2 62 29  1	
 5  3      0 97509568   9292  69688    0    0 104752     0 134949 133929  5  2 63 30  1	
 4  4      0 97509568   9292  69692    0    0 104144     0 140190 138563  5  2 63 29  1	
 6  3      0 97509568   9292  69692    0    0 104640     0 142568 140865  5  2 64 29  1	
 4  5      0 97509568   9300  69692    0    0 101120    12 141703 140708  6  2 63 28  1	
 3  5      0 97509568   9300  69692    0    0 104480     0 141207 139850  5  2 63 29  1	
 4  4      0 97509568   9300  69692    0    0 104016    24 139189 138047  5  2 63 30  1	
 1  7      0 97509568   9300  69692    0    0 105424     0 142070 141258  5  2 64 29  1	
 4  4      0 97509568   9300  69692    0    0 105280     0 142842 140777  5  2 64 28  1	
 4  4      0 97509568   9308  69684    0    0 105616    12 142905 140829  5  2 63 29  1	
 2  6      0 97509568   9308  69692    0    0 100720     0 138717 136417  5  2 62 29  1	
 3  5      0 97509568   9308  69692    0    0 101552     8 136758 134921  6  2 62 28  1	
 4  4      0 97509568   9308  69692    0    0 102368     0 140481 138952  6  2 62 28  1	
 3  6      0 97509568   9308  69692    0    0 104688     0 140223 138535  5  2 63 29  1	
 6  4      0 97509568   9308  69692    0    0 103456     0 140329 139075  5  2 63 29  1	
 4  6      0 97509440   9316  69692    0    0 103680    28 136563 135144  5  2 62 30  1	
 6  4      0 97509440   9316  69692    0    0 105488     0 141193 139163  5  2 63 29  1	
 7  3      0 97509440   9316  69692    0    0 103184     0 141373 139762  5  2 63 29  1	
procs -----------memory---------- ---swap-- -----io---- --system-- -----cpu-----
 r  b   swpd   free   buff  cache   si   so    bi    bo   in   cs us sy id wa st
 5  4      0 97509440   9316  69692    0    0 105520     0 141454 139724  4  2 64 29  1	
 5  4      0 97509440   9324  69688    0    0 105696    12 142717 141275  5  2 63 29  1	
 6  2      0 97509440   9324  69696    0    0 103888     0 140010 138693  6  2 63 29  1	
 6  3      0 97509440   9324  69696    0    0 103776     0 139388 136873  6  2 63 29  1	
 2  6      0 97509440   9324  69696    0    0 101904     0 139938 138448  6  2 63 28  1	
 5  3      0 97509440   9324  69696    0    0 104672     0 142987 140893  6  2 63 28  1	
 5  4      0 97509440   9324  69696    0    0 105776     0 141535 140023  5  2 63 29  1	
 5  4      0 97509440   9332  69696    0    0 103552    12 143033 142344  5  2 63 28  1	
 7  2      0 97509440   9332  69696    0    0 102816     0 140896 139550  5  2 63 29  1	
 4  4      0 97509440   9332  69696    0    0 102736    16 142224 141016  5  3 63 29  1	
 3  5      0 97509440   9332  69696    0    0 103360     0 140646 139642  5  2 63 29  1	
 6  3      0 97509440   9332  69696    0    0 105280     0 142858 141563  6  2 63 28  1	
 5  4      0 97509440   9340  69688    0    0 102672    20 139163 137970  6  2 63 29  1	
 3  6      0 97509440   9340  69688    0    0 102688     0 138053 135774  6  2 63 28  1	
 5  5      0 97509312   9340  69696    0    0 102528     0 141160 139799  5  2 63 28  1	
 7  1      0 97509312   9340  69696    0    0 99248     0 134850 132950  5  2 62 30  1	
 7  2      0 97509312   9340  69696    0    0 104336     0 138720 137668  5  2 62 29  1	
 7  3      0 97509312   9340  69696    0    0 105808     0 142797 141084  5  2 63 29  1	
 4  4      0 97509192   9348  69700    0    0 104976    12 142869 141058  5  2 64 28  1	
 5  3      0 97509192   9348  69700    0    0 106976     0 141848 140249  5  2 62 29  1	
 4  6      0 97509192   9348  69700    0    0 104880     0 140791 139740  5  2 63 29  1	
procs -----------memory---------- ---swap-- -----io---- --system-- -----cpu-----
 r  b   swpd   free   buff  cache   si   so    bi    bo   in   cs us sy id wa st
 5  3      0 97509192   9348  69700    0    0 105728     0 141203 140436  5  2 63 29  1	
 6  3      0 97509192   9348  69700    0    0 104512     0 141302 140123  5  2 63 29  1	
 6  3      0 97509192   9356  69692    0    0 103472    16 140604 139437  5  2 63 29  1	
 6  2      0 97509192   9356  69700    0    0 104576    24 143766 142449  5  2 63 28  1	
 3  6      0 97509192   9356  69700    0    0 104448     0 141083 139805  5  2 63 29  1	
 4  5      0 97509192   9356  69700    0    0 105680     0 143895 143027  5  2 63 28  1	
 8  1      0 97509192   9356  69700    0    0 105600     0 143394 141743  5  2 65 28  1	
 4  5      0 97509192   9356  69700    0    0 103248     0 139762 138249  5  1 63 29  1	
 5  3      0 97509192   9364  69700    0    0 103712    12 141151 139075  6  2 63 28  1	
 6  4      0 97509192   9364  69700    0    0 102208     0 137566 136155  6  2 63 28  1	
 4  4      0 97509192   9364  69700    0    0 103280     0 139152 137288  6  2 63 29  1	
 5  3      0 97509192   9364  69700    0    0 104640     0 138596 136819  5  2 63 28  1	
 7  2      0 97509192   9364  69700    0    0 103664     0 138316 136289  5  2 63 29  1	
 3  5      0 97509192   9372  69692    0    0 101408    12 140642 138796  5  2 63 28  1	
 5  3      0 97509192   9372  69700    0    0 102144     0 139978 138107  6  2 63 28  1	
 4  5      0 97509192   9372  69700    0    0 104496     0 142933 140921  6  2 63 28  1	
 6  5      0 97509192   9372  69700    0    0 105120     0 142395 140599  6  1 63 28  1	
 4  4      0 97509192   9372  69700    0    0 106544     0 143678 141686  5  2 63 28  1	
 5  3      0 97509192   9380  69692    0    0 104016    32 139928 138429  4  2 63 29  1	
 6  4      0 97509192   9380  69700    0    0 102736     0 139592 137946  5  2 63 29  1	
 7  2      0 97509192   9380  69700    0    0 102064     0 138013 137508  5  2 63 29  1	
procs -----------memory---------- ---swap-- -----io---- --system-- -----cpu-----
 r  b   swpd   free   buff  cache   si   so    bi    bo   in   cs us sy id wa st
 6  2      0 97509192   9380  69700    0    0 100464     0 137799 135720  5  2 63 29  1	
 7  2      0 97509192   9380  69704    0    0 103568     0 135911 134555  6  2 62 29  1	
 1  7      0 97509192   9380  69704    0    0 102992     0 140105 138227  5  1 63 29  1	
 2  6      0 97509192   9388  69704    0    0 100432    12 138576 137054  5  2 62 29  1	
 3  5      0 97509192   9388  69704    0    0 102944     0 138221 136801  6  2 62 29  1	
 4  4      0 97509192   9388  69704    0    0 104400     0 139306 138106  6  2 62 29  1	
 5  4      0 97509192   9388  69704    0    0 104128     0 139981 137878  5  2 63 30  1	
 5  3      0 97509192   9388  69704    0    0 103872     0 139703 137900  5  2 62 29  1	
 9  3      0 97509192   9396  69696    0    0 104768    12 140870 140007  5  2 63 29  1	
 4  6      0 97509192   9396  69704    0    0 106000     0 142795 141314  5  2 63 29  1	
 6  3      0 97509192   9396  69708    0    0 103760     0 140740 138651  5  2 63 28  1	
 5  3      0 97509192   9396  69708    0    0 105488     0 139417 137705  4  2 63 29  1	
 3  6      0 97509192   9396  69708    0    0 105904     0 141826 140879  5  2 62 29  1	
 4  4      0 97509192   9396  69708    0    0 103456     4 141349 140246  5  2 64 29  1	
 4  4      0 97509192   9404  69708    0    0 106496    12 141947 140159  5  2 62 29  1	
 3  5      0 97509192   9404  69708    0    0 106896     0 142216 141507  5  2 63 29  1	
 2  6      0 97509192   9404  69708    0    0 103488     0 141161 139566  5  2 63 29  1	
 1  7      0 97509192   9404  69708    0    0 105376     0 142794 140874  6  2 63 28  1	
 6  2      0 97509192   9404  69708    0    0 105008     8 143003 141182  5  2 63 28  1	
 5  4      0 97509192   9412  69700    0    0 103184    12 141384 140142  5  2 63 28  1	
 6  2      0 97509192   9412  69700    0    0 102912     0 139956 138637  5  2 63 28  1	
procs -----------memory---------- ---swap-- -----io---- --system-- -----cpu-----
 r  b   swpd   free   buff  cache   si   so    bi    bo   in   cs us sy id wa st
 7  2      0 97509072   9412  69708    0    0 105168     0 142002 140391  5  2 63 29  1	
 3  6      0 97509072   9412  69708    0    0 106080     0 142975 141385  5  2 63 29  1	
 5  4      0 97509072   9412  69708    0    0 104976     0 143986 142865  5  2 63 28  1	
 5  4      0 97509072   9412  69708    0    0 101200     0 137523 136673  5  2 62 30  1	
 5  4      0 97509072   9420  69708    0    0 103424    12 139290 137977  5  1 63 29  1	
 6  3      0 97509072   9420  69708    0    0 104064     0 139304 137902  5  2 63 29  1	
 4  6      0 97509072   9420  69708    0    0 104256     0 141542 140195  4  2 64 29  1	
 3  5      0 97509072   9420  69708    0    0 100864     8 139589 138208  5  2 63 29  1	
 2  6      0 97509072   9420  69708    0    0 103104     0 137967 136183  5  2 62 29  1	
 7  2      0 97509072   9428  69700    0    0 102320    20 138732 137206  5  2 63 29  1	
 4  4      0 97509072   9428  69708    0    0 102656     0 141017 139454  5  2 63 29  1	
 7  2      0 97509072   9428  69708    0    0 105536     0 137833 136381  5  2 63 30  1	
10  1      0 97509072   9432  69708    0    0 102144     8 137819 136700  5  2 63 29  1	
 5  4      0 97509072   9432  69708    0    0 105056     0 141633 140027  5  2 63 29  1	
 5  4      0 97509072   9432  69708    0    0 106496     0 141228 139553  5  2 62 29  1	
 7  3      0 97509072   9440  69708    0    0 105376    28 140550 139131  4  2 63 29  1	
 6  2      0 97509072   9440  69708    0    0 104784     0 141858 140421  5  1 63 29  1	
 5  4      0 97509072   9440  69708    0    0 103680     0 141673 140418  5  2 63 28  1	
 6  2      0 97509072   9440  69708    0    0 106144     0 141925 140232  5  2 63 29  1	
 4  4      0 97509072   9440  69708    0    0 102736     0 138934 136969  5  2 63 29  1	
 5  3      0 97509072   9448  69700    0    0 105904    12 143644 142050  6  2 63 28  1	
procs -----------memory---------- ---swap-- -----io---- --system-- -----cpu-----
 r  b   swpd   free   buff  cache   si   so    bi    bo   in   cs us sy id wa st
 5  3      0 97509072   9448  69712    0    0 106752     0 144214 143233  6  2 63 28  1	
 2  6      0 97509072   9448  69712    0    0 106512     0 142643 141357  5  2 64 28  1	
 8  2      0 97509072   9448  69716    0    0 102976     0 140662 139654  5  2 63 29  1	
 5  3      0 97509072   9448  69716    0    0 103456     0 138861 137745  5  2 63 30  1	
 3  5      0 97509072   9448  69716    0    0 102928     0 140489 139434  5  2 63 29  1	
 6  5      0 97509072   9456  69716    0    0 101664    12 136819 135417  5  2 62 30  1	
 5  4      0 97508576   9456  69716    0    0 102272     0 140514 139293  5  2 63 29  1	
 4  4      0 97508576   9456  69716    0    0 105424     0 143005 141397  5  2 63 29  1	
 6  3      0 97508576   9456  69716    0    0 104112     0 140316 138343  5  2 63 29  1	
 3  5      0 97508576   9456  69716    0    0 105024     0 140980 139579  5  2 63 29  1	
 5  4      0 97508576   9464  69716    0    0 104528    20 142588 140729  5  2 63 29  1	
 5  3      0 97508576   9464  69716    0    0 106416     0 141525 140269  5  2 64 29  1	
 4  4      0 97508576   9464  69716    0    0 106432    24 139212 137783  5  2 63 30  1	
 3  5      0 97508576   9464  69716    0    0 104656     0 138545 137459  5  2 63 30  1	
 5  4      0 97508576   9464  69716    0    0 101680     0 138625 137104  5  2 62 29  1	
 4  4      0 97508576   9464  69716    0    0 105456     0 141288 140057  5  2 63 28  1	
 6  4      0 97508576   9472  69716    0    0 105744    12 142868 141777  5  2 63 28  1	
 3  5      0 97508576   9476  69712    0    0 103888     8 138650 137676  5  2 63 29  1	
 6  3      0 97508576   9476  69716    0    0 102352     0 138672 136835  5  2 63 29  1	
 5  4      0 97508576   9476  69716    0    0 106992     0 140744 139491  6  2 62 29  1	
 6  3      0 97508576   9476  69716    0    0 103680     0 139737 138165  5  2 63 29  1	
procs -----------memory---------- ---swap-- -----io---- --system-- -----cpu-----
 r  b   swpd   free   buff  cache   si   so    bi    bo   in   cs us sy id wa st
 4  4      0 97508576   9484  69708    0    0 106832    28 143216 141857  5  2 64 29  1	
 7  3      0 97508576   9484  69716    0    0 104624     8 143085 141514  5  2 64 28  1	
 0  8      0 97508576   9484  69716    0    0 105344     0 144649 142736  6  2 63 28  1	
 8  2      0 97508576   9484  69716    0    0 107696     0 143123 141726  5  2 63 29  1	
 7  2      0 97508576   9484  69716    0    0 107088     0 143160 141721  6  2 63 28  1	
 4  4      0 97508576   9484  69716    0    0 97440     0 133790 132229  5  2 62 30  1	
 5  4      0 97508576   9492  69708    0    0 105280    24 138712 137186  5  2 63 29  1	
 5  3      0 97508576   9492  69716    0    0 103936     0 138972 137349  5  2 63 28  1	
 5  3      0 97508576   9492  69716    0    0 106064     0 143820 142773  5  2 64 28  1	
 5  4      0 97508576   9492  69716    0    0 104992     0 141311 140292  5  2 64 28  1	
 3  5      0 97508576   9492  69716    0    0 107664     0 145824 144137  5  2 64 28  1	
 5  3      0 97508576   9500  69708    0    0 106848    12 142439 141047  5  2 63 29  1	
 4  4      0 97508576   9500  69716    0    0 104608     0 143368 141701  5  2 63 29  1	
 2  6      0 97508576   9500  69716    0    0 104048     0 141074 140061  5  2 63 29  1	
 5  3      0 97508576   9500  69720    0    0 107248     0 142300 140260  5  2 63 29  1	
 6  2      0 97508576   9500  69720    0    0 109040     0 143243 142339  6  2 63 28  1	
 6  4      0 97508576   9500  69720    0    0 107632     8 143846 142701  5  2 63 29  1	
 8  2      0 97508576   9508  69720    0    0 102864    12 143578 141698  5  2 63 29  1	
 5  4      0 97508576   9508  69720    0    0 106944     0 140944 139091  5  2 62 29  1	
 5  5      0 97508576   9508  69720    0    0 105136     0 145428 144294  5  2 63 28  1	
 8  2      0 97508576   9508  69720    0    0 108352     0 144139 142706  5  2 63 28  1	
procs -----------memory---------- ---swap-- -----io---- --system-- -----cpu-----
 r  b   swpd   free   buff  cache   si   so    bi    bo   in   cs us sy id wa st
 5  4      0 97508576   9508  69720    0    0 105808     0 143302 141964  4  2 64 29  1	
 2  6      0 97508576   9516  69716    0    0 105008    12 140659 139296  5  2 64 29  1	
 5  4      0 97508576   9516  69724    0    0 104160     0 140543 139710  6  2 63 28  1	
 6  2      0 97508576   9516  69724    0    0 105168     0 142415 141318  5  2 63 29  1	
 6  3      0 97508576   9516  69724    0    0 106384     0 144054 142656  5  2 64 28  1	
 6  4      0 97508576   9516  69724    0    0 106464     0 143741 143115  6  2 63 28  1	
 4  5      0 97508576   9516  69724    0    0 103392    28 143097 141672  5  2 64 28  1	
 4  5      0 97508576   9524  69724    0    0 105664    28 142190 140627  5  2 63 28  1	
 5  4      0 97508576   9524  69724    0    0 103232     0 142756 141146  6  2 64 28  1	
 4  4      0 97508576   9524  69724    0    0 104016     0 135939 135581  5  1 63 30  1	
 7  1      0 97508576   9524  69724    0    0 106256     0 142223 141063  6  2 63 29  1	
 4  4      0 97508576   9524  69724    0    0 102160     8 140707 139475  5  2 63 28  1	
 5  3      0 97508576   9532  69720    0    0 105584    24 142695 140996  4  2 64 28  1	
 7  2      0 97508576   9532  69724    0    0 104592     0 141238 139782  6  2 63 29  1	
 6  2      0 97508576   9532  69724    0    0 107072     0 142536 140739  5  2 63 29  1	
 8  3      0 97508576   9532  69724    0    0 106720     0 143726 141430  5  2 63 29  1	
 6  2      0 97508576   9532  69724    0    0 105648     0 141911 140421  6  2 63 28  1	
 5  5      0 97508576   9532  69724    0    0 106064     0 143973 142846  5  2 63 29  1	
 6  4      0 97508576   9540  69724    0    0 106576    12 142282 141344  6  2 62 28  1	
 7  2      0 97508576   9540  69724    0    0 108624     0 143147 142043  5  2 63 29  1	
 4  4      0 97508576   9540  69724    0    0 105648     0 145409 143929  6  2 63 28  1	
procs -----------memory---------- ---swap-- -----io---- --system-- -----cpu-----
 r  b   swpd   free   buff  cache   si   so    bi    bo   in   cs us sy id wa st
 2  6      0 97508576   9540  69724    0    0 103936     0 142413 140913  5  2 63 29  1	
 8  1      0 97508576   9540  69724    0    0 105456     0 143055 141625  5  2 63 29  1	
 6  2      0 97508576   9548  69716    0    0 106784    12 143340 141546  5  2 63 29  1	
 2  6      0 97508576   9548  69716    0    0 103248     0 142274 141165  5  2 63 28  1	
 4  4      0 97508576   9548  69724    0    0 105872     0 142208 141183  5  2 63 29  1	
 6  4      0 97508576   9548  69724    0    0 104496     0 142931 141088  5  2 63 29  1	
 7  2      0 97508576   9548  69724    0    0 107568     0 140994 139237  5  2 62 29  1	
 4  4      0 97508576   9548  69728    0    0 105360     0 143564 142115  5  2 63 29  1	
 2  6      0 97508576   9556  69728    0    0 105904    12 141950 140386  5  2 63 29  1	
 4  4      0 97508576   9556  69728    0    0 106912     0 140707 139324  5  1 63 29  1	
 6  3      0 97508576   9556  69728    0    0 107840     0 143993 141890  6  2 63 28  1	
 7  3      0 97508576   9556  69728    0    0 107056     0 141936 140699  4  2 64 29  1	
 4  4      0 97508576   9556  69728    0    0 102816     0 141385 140082  5  2 63 28  1	
 1  7      0 97508576   9564  69720    0    0 103856    12 140171 138270  4  2 63 29  1	
 2  6      0 97508576   9564  69728    0    0 107408     0 143194 141563  5  2 63 29  1	
 6  2      0 97508576   9564  69728    0    0 105632     4 139440 138297  5  2 63 29  1	
 4  4      0 97508576   9564  69728    0    0 105424     0 143071 142111  5  2 64 28  1	
 5  4      0 97508576   9564  69728    0    0 102640     0 136906 135879  5  2 63 30  1	
 6  2      0 97508576   9564  69728    0    0 104784     0 141927 140308  5  2 63 29  1	
 8  2      0 97508576   9572  69728    0    0 103408    12 142299 140328  5  2 63 28  1	
 6  2      0 97508576   9572  69728    0    0 107440    32 142071 141423  5  1 64 29  1	
procs -----------memory---------- ---swap-- -----io---- --system-- -----cpu-----
 r  b   swpd   free   buff  cache   si   so    bi    bo   in   cs us sy id wa st
 3  5      0 97508576   9572  69728    0    0 105888     0 144124 142309  5  2 63 28  1	
 8  1      0 97508576   9572  69732    0    0 107680     0 142991 141709  5  2 64 29  1	
 7  1      0 97508576   9572  69732    0    0 107136     0 143154 141331  5  1 63 29  1	
 6  3      0 97508576   9580  69732    0    0 107520    24 143244 141936  5  2 64 28  1	
 5  4      0 97508576   9580  69732    0    0 103680     0 139995 138877  6  2 63 28  1	
 5  3      0 97508576   9580  69732    0    0 104768     0 143696 142836  5  2 64 28  1	
 7  3      0 97508576   9580  69732    0    0 107488     0 144123 142396  6  2 63 28  1	
 8  1      0 97508576   9580  69732    0    0 104432     0 144942 143037  5  2 63 28  1	
 6  3      0 97508576   9580  69732    0    0 107856     0 146771 145307  5  2 64 28  1	
 6  2      0 97508576   9588  69732    0    0 110064    12 144414 143447  5  2 63 28  1	
 8  3      0 97508576   9588  69732    0    0 105120     0 144491 142884  5  2 63 28  1	
 3  5      0 97508576   9588  69732    0    0 107616     0 144619 143569  5  2 64 28  1	
 4  5      0 97508576   9588  69732    0    0 106400     0 142114 140416  5  2 63 29  1	
 5  3      0 97508576   9588  69732    0    0 108608     0 144331 142375  5  2 63 28  1	
 6  2      0 97508576   9596  69724    0    0 104688    12 141961 140321  5  2 63 29  1	
 6  5      0 97508448   9596  69732    0    0 105488     0 140560 139474  5  2 63 29  1	
 2  6      0 97508448   9596  69732    0    0 103744     0 143604 142204  5  2 63 29  1	
 5  3      0 97508448   9596  69732    0    0 106720     0 143223 142089  5  2 64 28  1	
 3  5      0 97508448   9596  69732    0    0 105968     0 142127 141045  4  2 64 29  1	
 5  3      0 97508448   9596  69736    0    0 104624     0 140403 139067  5  2 62 29  1	
 7  4      0 97508448   9604  69728    0    0 105856    12 140178 138554  4  2 64 29  1	
procs -----------memory---------- ---swap-- -----io---- --system-- -----cpu-----
 r  b   swpd   free   buff  cache   si   so    bi    bo   in   cs us sy id wa st
 6  3      0 97508448   9604  69736    0    0 104656     0 138488 137510  4  2 64 29  1	
 4  5      0 97508448   9604  69736    0    0 103296     0 141528 139725  5  2 63 29  1	
 4  4      0 97508448   9604  69736    0    0 102208     0 138902 137403  5  2 63 30  1	
 5  4      0 97508448   9604  69736    0    0 104480     0 142959 141466  5  2 63 29  1	
 5  4      0 97508448   9612  69728    0    0 106480    12 142991 141376  4  2 64 29  1	
 3  5      0 97508448   9612  69736    0    0 105536     0 141782 140496  5  2 63 29  1	
 6  2      0 97508448   9612  69736    0    0 104432     0 139524 138754  6  2 62 29  1	
 5  4      0 97508448   9612  69736    0    0 107440     0 142465 141410  5  2 63 29  1	
 5  4      0 97508448   9612  69736    0    0 105968     0 143202 141987  6  2 63 29  1	
 5  4      0 97508448   9612  69736    0    0 107408     8 142388 141158  5  2 63 29  1	
 6  4      0 97508448   9620  69736    0    0 105264    24 142342 141099  5  2 63 29  1	
 6  3      0 97508448   9620  69736    0    0 106576     0 142884 141011  5  2 63 29  1	
 3  5      0 97508448   9620  69736    0    0 107744     0 143641 141763  5  2 63 29  1	
 2  6      0 97508448   9620  69736    0    0 106656     0 141620 140481  5  2 63 29  1	
 5  5      0 97508448   9620  69736    0    0 106048    12 141621 140424  5  2 63 29  1	
 4  5      0 97508448   9628  69728    0    0 103040    24 135645 134511  4  2 63 30  1	
 3  6      0 97508448   9628  69736    0    0 107344     0 143355 142506  5  2 63 28  1	
 5  4      0 97508448   9628  69736    0    0 105440     0 139901 138452  5  2 63 29  1	
 7  4      0 97508448   9628  69736    0    0 105568     0 143160 142199  5  2 63 28  1	
 5  3      0 97508448   9628  69736    0    0 102160     0 139148 137546  5  1 63 30  1	
 2  6      0 97508448   9628  69736    0    0 97424     0 129809 128238  4  2 62 31  1	
procs -----------memory---------- ---swap-- -----io---- --system-- -----cpu-----
 r  b   swpd   free   buff  cache   si   so    bi    bo   in   cs us sy id wa st
 5  3      0 97508448   9636  69736    0    0 98064    12 136050 134680  6  2 62 29  1	
 7  3      0 97508448   9636  69736    0    0 102512     0 137527 136447  5  2 63 30  1	
 7  2      0 97508448   9636  69740    0    0 103808     0 138239 136361  4  2 63 30  1	
 3  5      0 97508448   9636  69740    0    0 102064     0 141073 139842  5  2 62 29  1	
 4  4      0 97508448   9636  69740    0    0 101472     0 137888 136411  5  2 62 30  1	
 5  3      0 97508448   9644  69732    0    0 105088    12 141027 139418  5  2 63 29  1	
 4  4      0 97508448   9644  69732    0    0 104528     0 139596 137901  4  2 64 30  1	
 5  6      0 97508448   9644  69740    0    0 103120     0 141598 140051  6  2 62 29  1	
 6  4      0 97508448   9644  69740    0    0 106976     0 141733 140166  6  1 63 29  1	
 6  4      0 97508448   9644  69740    0    0 105392     0 139448 137811  5  2 62 30  1	
 8  1      0 97508448   9644  69740    0    0 101952     0 136993 135770  5  1 63 29  1	
 4  4      0 97508448   9652  69744    0    0 102192    12 138684 137185  5  2 63 29  1	
 2  6      0 97508448   9652  69744    0    0 104480     0 139402 137804  5  2 63 29  1	
 6  4      0 97508448   9652  69744    0    0 106768     0 141197 140173  5  2 64 28  1	
 4  4      0 97508448   9652  69744    0    0 102000     0 140766 140099  5  2 63 29  1	
 4  4      0 97508448   9652  69744    0    0 105872     0 142348 140697  5  2 63 29  1	
 3  5      0 97508448   9660  69736    0    0 104368    12 140554 138818  5  2 63 28  1	
 6  3      0 97508448   9660  69744    0    0 103440     0 138193 137332  6  2 62 29  1	
 2  6      0 97508448   9660  69744    0    0 106640     0 143244 141185  5  2 63 29  1	
 5  3      0 97508448   9660  69744    0    0 103824     8 139996 139199  5  1 63 29  1	
 4  4      0 97508448   9660  69744    0    0 106112     0 141893 140498  5  2 63 29  1	
procs -----------memory---------- ---swap-- -----io---- --system-- -----cpu-----
 r  b   swpd   free   buff  cache   si   so    bi    bo   in   cs us sy id wa st
 3  6      0 97508448   9660  69744    0    0 105824    20 138829 137461  5  2 63 30  1	
 5  4      0 97508448   9668  69736    0    0 103696     4 138403 136461  6  2 62 29  1	
10  0      0 97508448   9668  69744    0    0 106496     0 143348 141658  6  2 62 28  1	
 5  3      0 97508448   9668  69744    0    0 104672     8 140822 140170  5  2 63 29  1	
 3  5      0 97508448   9668  69744    0    0 104400     0 138325 136996  5  1 63 30  1	
 8  3      0 97508448   9668  69744    0    0 102800     0 138557 137423  5  2 63 30  1	
 4  4      0 97508448   9676  69744    0    0 103424    24 139980 138319  6  2 63 28  1	
 4  4      0 97508448   9676  69744    0    0 104976     0 138829 137316  5  2 63 30  1	
 5  3      0 97508448   9676  69744    0    0 103936    16 140627 138665  5  2 63 29  1	
 5  5      0 97508448   9676  69744    0    0 102448     0 140857 139705  5  2 63 29  1	
 5  5      0 97508448   9676  69744    0    0 107024     0 139471 138147  5  2 63 29  1	
 3  5      0 97508448   9684  69736    0    0 102640    12 137867 135567  5  2 62 29  1	
 7  2      0 97508448   9684  69744    0    0 103376     0 138678 137296  5  2 62 30  1	
 2  6      0 97508448   9684  69744    0    0 105808     0 141752 140100  5  2 63 29  1	
 4  4      0 97508448   9684  69744    0    0 103392     0 140361 139245  5  2 63 30  1	
 9  1      0 97508448   9684  69744    0    0 105072     0 141224 140428  5  2 63 29  1	
 7  2      0 97508448   9684  69744    0    0 104224     0 141137 139700  5  2 63 29  1	
 7  2      0 97508448   9692  69736    0    0 105280    16 141888 140780  5  2 63 29  1	
 3  6      0 97508448   9692  69744    0    0 106528     0 142335 140843  5  2 63 28  1	
 6  2      0 97508448   9692  69744    0    0 105200     0 142388 141135  5  1 64 29  1	
 2  7      0 97508448   9692  69744    0    0 103216     0 142158 141113  5  2 64 29  1	
procs -----------memory---------- ---swap-- -----io---- --system-- -----cpu-----
 r  b   swpd   free   buff  cache   si   so    bi    bo   in   cs us sy id wa st
 7  2      0 97508448   9692  69744    0    0 101472     0 137854 136743  5  2 63 29  1	
 5  5      0 97508448   9700  69736    0    0 104512    12 141778 140864  5  2 63 29  1	
 4  4      0 97508320   9700  69748    0    0 105104     0 139421 138372  5  2 63 30  1	
 7  2      0 97508320   9700  69752    0    0 102784     0 138370 137423  5  2 63 30  1	
 6  3      0 97508320   9700  69752    0    0 104336     0 141749 140335  5  2 63 29  1	
 5  3      0 97508320   9700  69752    0    0 104016     0 141925 140659  5  2 62 29  1	
 3  5      0 97508320   9700  69752    0    0 107072     0 142078 140736  5  2 63 29  1	
 3  5      0 97508320   9708  69752    0    0 107408    12 142011 140367  5  2 63 29  1	
 6  3      0 97508320   9708  69752    0    0 106160     8 141460 139717  5  2 63 29  1	
 5  4      0 97508320   9708  69752    0    0 107776     0 145874 144051  5  2 63 28  1	
 5  3      0 97508320   9708  69752    0    0 107440     0 144052 141995  6  2 63 28  1	
 6  3      0 97508320   9708  69752    0    0 106640     0 144298 142896  6  2 63 28  1	
 8  2      0 97508320   9716  69744    0    0 104128    24 140095 138657  5  2 63 29  1	
 3  5      0 97508320   9716  69752    0    0 107744     8 141985 140385  5  2 63 28  1	
 4  5      0 97508320   9716  69752    0    0 102368     0 136894 135825  5  2 63 29  1	
 4  5      0 97508320   9716  69752    0    0 102752     0 140305 139442  5  2 64 28  1	
 6  3      0 97508320   9716  69752    0    0 104944     0 141787 140731  5  2 64 29  1	
 5  3      0 97508320   9716  69752    0    0 107632     0 144832 143073  6  2 63 28  1	
 4  5      0 97508320   9724  69752    0    0 105888    24 144672 143117  6  2 63 28  1	
 7  3      0 97508320   9724  69752    0    0 105104     0 141086 140115  6  2 63 29  1	
 3  5      0 97508320   9724  69752    0    0 106176     0 143300 141621  6  2 63 28  1	
procs -----------memory---------- ---swap-- -----io---- --system-- -----cpu-----
 r  b   swpd   free   buff  cache   si   so    bi    bo   in   cs us sy id wa st
 5  4      0 97508320   9724  69752    0    0 107088     0 143593 142067  5  2 63 28  1	
 3  5      0 97508320   9724  69752    0    0 104032     0 138869 137732  5  2 63 29  1	
 6  2      0 97508320   9732  69744    0    0 105216    36 142410 140665  5  2 63 29  1	
 5  4      0 97508320   9732  69752    0    0 104224     0 142494 141547  5  2 63 28  1	
 5  3      0 97508320   9732  69752    0    0 104224     0 142996 141044  5  1 63 29  1	
 6  3      0 97508320   9732  69752    0    0 107552     0 141405 139524  5  2 63 29  1	
 3  5      0 97508320   9732  69752    0    0 105536     0 141192 140081  4  2 63 29  1	
 2  6      0 97508320   9732  69752    0    0 102128     0 141523 140625  5  2 63 29  1	
 6  2      0 97508320   9740  69752    0    0 102768    12 139058 137467  4  2 63 30  1	
 3  5      0 97508320   9740  69752    0    0 101728     0 138862 137633  5  2 63 29  1	
 4  4      0 97508320   9740  69752    0    0 100432     0 136116 134433  5  2 62 30  1	
 7  4      0 97508320   9740  69752    0    0 106352     0 140762 139555  5  2 62 29  1	
 6  2      0 97508320   9740  69752    0    0 105648     0 143532 141755  5  1 64 29  1	
 7  2      0 97508320   9748  69752    0    0 104240    12 141068 139619  5  2 63 29  1	
 4  4      0 97508320   9748  69752    0    0 104256     0 141640 139830  5  2 63 29  1	
 5  4      0 97508320   9748  69756    0    0 104352     0 139866 138756  5  2 63 29  1	
 4  4      0 97508320   9748  69756    0    0 106224     0 142134 140653  5  2 63 29  1	
 2  6      0 97508320   9748  69756    0    0 102000     0 140232 138560  5  2 63 29  1	
 4  5      0 97508320   9748  69756    0    0 102736     0 137608 136070  5  2 63 30  1	
 7  2      0 97508320   9756  69756    0    0 102928    12 137408 135371  5  2 63 29  1	
 4  4      0 97508320   9756  69756    0    0 105856     0 142359 140311  5  2 63 29  1	
procs -----------memory---------- ---swap-- -----io---- --system-- -----cpu-----
 r  b   swpd   free   buff  cache   si   so    bi    bo   in   cs us sy id wa st
 4  4      0 97508320   9756  69756    0    0 104288     0 140858 139345  5  2 62 29  1	
 5  4      0 97508320   9756  69756    0    0 103456    12 141521 139950  5  2 63 29  1	
 6  2      0 97508320   9756  69756    0    0 103024     0 138239 136903  5  2 63 29  1	
 4  4      0 97508320   9764  69752    0    0 101824    24 136843 135619  6  2 62 30  1	
 4  4      0 97508320   9764  69760    0    0 104576     0 142989 141297  5  2 63 29  1	
 7  2      0 97508320   9764  69760    0    0 106032     0 143388 142176  5  2 63 28  1	
 5  3      0 97508320   9764  69760    0    0 104480     0 141872 140895  6  2 63 29  1	
 7  1      0 97508320   9764  69760    0    0 103248     0 138160 136228  5  2 62 30  1	
 5  3      0 97508320   9764  69760    0    0 104048     0 140530 138940  6  2 63 28  1	
 5  4      0 97508320   9772  69760    0    0 104992    12 140515 138748  5  2 63 29  1	
 6  3      0 97508320   9772  69760    0    0 106656     0 143938 143046  5  2 63 29  1	
 6  2      0 97508320   9772  69760    0    0 106160     0 142864 141436  6  2 63 29  1	
 3  5      0 97508320   9772  69760    0    0 105872    12 141733 140051  5  2 62 29  1	
 6  3      0 97508320   9772  69760    0    0 110240     0 141380 139969  6  2 62 29  1	
 4  4      0 97508320   9780  69760    0    0 107824    12 141598 140081  5  2 63 29  1	
 4  5      0 97508320   9780  69760    0    0 106192     0 141255 140449  5  2 62 29  1	
 6  3      0 97508320   9780  69760    0    0 106992     0 143930 142533  5  2 64 28  1	
 5  4      0 97508320   9780  69760    0    0 105936     0 142252 141440  5  2 63 29  1	
 3  5      0 97508320   9780  69760    0    0 103264     0 140000 138219  5  2 63 29  1	
 5  3      0 97508320   9780  69760    0    0 105408     0 140581 138762  5  2 63 30  1	
 2  6      0 97508320   9788  69760    0    0 105760    12 138916 137781  5  2 63 29  1	
procs -----------memory---------- ---swap-- -----io---- --system-- -----cpu-----
 r  b   swpd   free   buff  cache   si   so    bi    bo   in   cs us sy id wa st
 6  3      0 97508320   9788  69760    0    0 104144     0 140522 139553  6  2 63 28  1	
 4  4      0 97508320   9788  69760    0    0 102464     0 137950 136599  4  2 63 30  1	
 4  5      0 97508320   9788  69760    0    0 103072     0 140826 139751  5  2 63 29  1	
 4  4      0 97508320   9788  69760    0    0 102128     0 135764 133951  5  2 62 30  1	
 7  3      0 97508320   9796  69752    0    0 105024    12 141379 139616  5  2 63 29  1	
 6  4      0 97508320   9796  69760    0    0 102720     0 137747 136177  5  2 62 30  1	
 5  3      0 97508320   9796  69760    0    0 101312     0 140225 138940  5  2 62 29  1	
 1  7      0 97508320   9796  69764    0    0 102896     0 137563 135762  5  2 63 29  1	
 5  4      0 97508320   9796  69764    0    0 106656     0 140425 138590  5  2 63 29  1	
 8  1      0 97508320   9796  69764    0    0 104592     0 141322 140170  6  2 62 29  1	
 4  4      0 97508320   9804  69764    0    0 105152    12 142307 140867  6  2 62 29  1	
 5  4      0 97508320   9804  69764    0    0 104320     8 138367 137156  5  2 63 29  1	
 2  6      0 97508320   9804  69764    0    0 103392     0 138056 136239  5  2 63 30  1	
 4  4      0 97508320   9804  69764    0    0 103312     0 139026 137234  5  2 62 29  1	
 4  4      0 97508320   9804  69764    0    0 103280     0 138505 137228  5  2 62 30  1	
 5  4      0 97508320   9812  69756    0    0 99776    24 136897 135174  5  2 62 30  1	
 8  1      0 97508320   9812  69764    0    0 101456     8 136605 135624  5  2 63 29  1	
 3  5      0 97508320   9812  69764    0    0 102304     0 138036 137146  5  2 63 29  1	
 5  3      0 97508320   9812  69764    0    0 106608     0 141107 139597  6  2 63 29  1	
 8  2      0 97508320   9812  69764    0    0 104704     0 143311 141256  6  2 63 29  1	
 6  2      0 97508320   9812  69764    0    0 107264     0 143500 141615  5  2 63 29  1	
procs -----------memory---------- ---swap-- -----io---- --system-- -----cpu-----
 r  b   swpd   free   buff  cache   si   so    bi    bo   in   cs us sy id wa st
 2  6      0 97508320   9820  69764    0    0 106480    24 141737 140642  5  2 63 29  1	
 6  3      0 97508320   9820  69764    0    0 105584     0 140961 139847  5  2 63 29  1	
 4  6      0 97508320   9820  69764    0    0 105392     0 140064 138405  4  2 63 29  1	
 3  5      0 97508320   9820  69764    0    0 104336     0 142733 141569  5  2 63 28  1	
 5  3      0 97508320   9820  69768    0    0 106032     0 143502 141848  6  2 63 28  1	
 6  2      0 97508320   9828  69760    0    0 105088    32 141996 140999  5  2 63 29  1	
 5  4      0 97508320   9828  69768    0    0 104320     0 141832 140339  5  2 63 28  1	
 4  4      0 97508320   9828  69768    0    0 106672     0 143256 141336  5  2 64 29  1	
 3  4      0 97508320   9828  69768    0    0 108672     0 141831 140258  6  2 63 29  1	
 5  3      0 97508320   9828  69768    0    0 104512     0 141068 139995  5  2 63 29  1	
 8  2      0 97508320   9828  69768    0    0 107376     0 142491 141559  5  2 63 29  1	
 4  4      0 97508320   9836  69768    0    0 105008    12 140355 138807  5  2 63 29  1	
 4  5      0 97508320   9836  69768    0    0 106720     0 142242 140801  5  2 63 28  1	
 4  5      0 97508320   9836  69768    0    0 105648     0 141377 139436  5  2 63 29  1	
 6  3      0 97508320   9836  69768    0    0 104912     0 140149 138657  5  2 64 29  1	
 4  4      0 97508320   9836  69768    0    0 107696     0 144550 143018  5  2 64 28  1	
 8  2      0 97508320   9844  69768    0    0 104208    20 139384 137748  6  2 63 28  1	
 7  5      0 97508320   9844  69768    0    0 104256     0 141897 141155  6  2 63 29  1	
 7  2      0 97508320   9844  69768    0    0 106400     0 140997 140200  5  2 63 29  1	
 3  5      0 97508320   9844  69772    0    0 104432     0 138270 136598  5  2 63 29  1	
 4  4      0 97508320   9844  69772    0    0 106272     0 140375 139190  6  2 62 29  1	
procs -----------memory---------- ---swap-- -----io---- --system-- -----cpu-----
 r  b   swpd   free   buff  cache   si   so    bi    bo   in   cs us sy id wa st
 8  3      0 97508320   9844  69772    0    0 104464    40 139652 138827  5  2 62 29  1	
 7  3      0 97508320   9852  69764    0    0 104128     4 139590 137684  5  2 63 30  1	
 5  3      0 97508320   9852  69772    0    0 107120     0 142012 140356  5  2 63 29  1	
 4  4      0 97508320   9852  69772    0    0 104672     0 141678 140348  5  2 63 28  1	
 6  2      0 97508320   9852  69772    0    0 106656     0 142978 141465  6  2 63 28  1	
 3  5      0 97508320   9852  69772    0    0 104496     8 140231 138624  5  2 63 29  1	
 6  3      0 97508320   9860  69772    0    0 105152    32 139391 137945  5  2 62 30  1	
 4  4      0 97508320   9860  69772    0    0 106256     0 141257 139132  5  2 62 29  1	
 6  3      0 97508320   9860  69772    0    0 106928     0 142266 140862  5  2 63 29  1	
 4  5      0 97508320   9860  69772    0    0 106128     0 141462 140065  5  2 63 29  1	
 4  4      0 97508320   9860  69776    0    0 106272     0 142345 140009  4  2 64 29  1	
 4  6      0 97508320   9868  69768    0    0 106544    20 142148 140728  6  2 63 28  1	
 5  4      0 97508320   9868  69776    0    0 105664     0 141338 139565  5  2 63 29  1	
 4  4      0 97508320   9868  69776    0    0 106096     0 140547 139382  5  1 63 29  1	
 8  1      0 97508320   9868  69776    0    0 102592     0 137982 136392  4  2 63 30  1	
 1  7      0 97508320   9868  69776    0    0 103968     0 140338 138838  5  2 63 29  1	
 7  1      0 97508320   9876  69768    0    0 103136    20 138785 138261  5  2 63 29  1	
 3  5      0 97508200   9876  69780    0    0 102224     0 138479 137157  5  2 62 29  1	
 6  3      0 97508200   9876  69780    0    0 98800     0 134705 133294  5  2 63 30  1	
 7  3      0 97508200   9876  69780    0    0 101808     0 138464 137594  5  2 63 29  1	
 7  2      0 97508200   9876  69780    0    0 106624    24 141153 139996  5  2 64 28  1	
procs -----------memory---------- ---swap-- -----io---- --system-- -----cpu-----
 r  b   swpd   free   buff  cache   si   so    bi    bo   in   cs us sy id wa st
 3  6      0 97508200   9876  69780    0    0 102976    16 142028 140607  5  1 63 29  1	
 4  4      0 97508200   9884  69780    0    0 105152     4 142335 140770  5  2 63 29  1	
 5  3      0 97508200   9884  69780    0    0 108128     0 141190 139760  5  2 63 29  1	
 5  3      0 97508200   9884  69784    0    0 105824     0 141042 139933  6  2 62 29  1	
 8  2      0 97508200   9884  69784    0    0 105840    16 144056 142706  6  3 63 28  1	
 5  4      0 97508200   9884  69784    0    0 104880     0 139309 137658  5  2 62 29  1	
 6  3      0 97508080   9892  69784    0    0 107440    36 142801 141369  6  2 62 29  1	
 7  2      0 97508080   9892  69784    0    0 102720     0 139290 137967  5  2 63 29  1	
 7  2      0 97508080   9892  69784    0    0 102848     0 139428 137575  5  2 63 30  1	
 7  2      0 97508080   9892  69784    0    0 104752     4 143013 141207  5  2 63 29  1	
 5  3      0 97508080   9892  69784    0    0 101472     0 138959 137456  5  2 63 29  1	
 5  3      0 97508080   9900  69784    0    0 106464    12 145456 143760  5  2 63 28  1	
 6  4      0 97507904   9900  69788    0    0 106320     0 144525 142656  5  2 63 28  1	
 6  3      0 97507904   9900  69788    0    0 107600     0 141490 140390  5  2 63 29  1	
 5  3      0 97507904   9900  69788    0    0 105312     0 142605 140929  5  2 64 28  1	
 3  4      0 97507904   9900  69788    0    0 107376    16 144650 143327  6  2 63 28  1	
 4  5      0 97507904   9900  69788    0    0 104944     0 144059 142342  5  2 64 28  1	
 3  6      0 97507904   9908  69788    0    0 105088    36 141719 140442  5  2 63 28  1	
 7  2      0 97507904   9908  69788    0    0 104768     0 141641 140470  5  2 63 29  1	
 2  6      0 97507904   9908  69788    0    0 106624     0 141501 140385  5  2 63 29  1	
 5  4      0 97507904   9908  69788    0    0 106608     0 142314 140732  5  2 64 28  1	
procs -----------memory---------- ---swap-- -----io---- --system-- -----cpu-----
 r  b   swpd   free   buff  cache   si   so    bi    bo   in   cs us sy id wa st
 5  3      0 97507904   9908  69788    0    0 105552     0 142056 140278  5  1 64 29  1	
 7  2      0 97507904   9916  69780    0    0 104784    12 140323 138655  5  2 63 29  1	
 4  5      0 97507904   9916  69788    0    0 102464     0 138025 136386  5  2 63 29  1	
 4  5      0 97507904   9916  69788    0    0 107456     0 141785 139996  5  2 63 29  1	
 7  2      0 97507904   9916  69788    0    0 105552     0 145701 144091  6  2 63 28  1	
 2  6      0 97507904   9916  69788    0    0 107168     0 141915 140736  6  2 64 28  1	
 1  7      0 97507904   9916  69788    0    0 106288     0 140972 139110  6  2 62 29  1	
 3  5      0 97507904   9924  69788    0    0 107328    12 139554 138128  5  2 63 29  1	
 0  8      0 97507904   9924  69788    0    0 104080     0 139558 138015  5  2 63 29  1	
 6  3      0 97507904   9924  69788    0    0 104368     0 139662 138305  5  2 63 29  1	
 5  4      0 97507904   9924  69788    0    0 101872     0 138064 136713  5  2 63 29  1	
 3  5      0 97507904   9924  69788    0    0 103552     0 138194 137287  5  2 62 29  1	
 3  5      0 97507904   9932  69780    0    0 104944    12 137097 135750  5  2 63 29  1	
 3  5      0 97507904   9932  69788    0    0 102672     0 140479 139090  5  2 63 28  1	
 9  2      0 97507904   9932  69788    0    0 106736    36 140919 139659  5  2 63 29  1	
 2  6      0 97507904   9932  69788    0    0 105536     0 140328 138909  5  2 63 29  1	
 6  3      0 97507904   9932  69788    0    0 105072     0 141008 140256  5  2 63 29  1	
 9  1      0 97507904   9932  69788    0    0 103520     0 140346 139131  5  2 63 28  1	
 8  3      0 97507904   9940  69780    0    0 106016    12 142826 141647  6  2 63 28  1	
 6  3      0 97507784   9940  69788    0    0 104656     0 141756 140149  5  2 63 29  1	
 3  5      0 97507784   9940  69788    0    0 104416     0 140380 139357  5  2 62 30  1	
procs -----------memory---------- ---swap-- -----io---- --system-- -----cpu-----
 r  b   swpd   free   buff  cache   si   so    bi    bo   in   cs us sy id wa st
 6  4      0 97507784   9940  69788    0    0 105872     0 143441 141995  6  2 63 29  1	
 4  4      0 97507784   9940  69788    0    0 104560     0 141260 139574  5  2 62 29  1	
 3  5      0 97507784   9948  69780    0    0 102672    12 141227 139641  6  2 62 29  1	
 4  4      0 97507784   9948  69792    0    0 106304    16 141869 140134  5  2 63 29  1	
 5  4      0 97507784   9948  69796    0    0 106848     0 143376 141579  5  2 63 29  1	
 6  4      0 97507784   9948  69796    0    0 106016     0 143085 141296  5  2 63 29  1	
 6  3      0 97507784   9948  69796    0    0 108336     0 142746 140989  6  2 63 28  1	
 8  2      0 97507784   9948  69796    0    0 104704     0 139973 138137  5  2 63 29  1	
 8  2      0 97507664   9960  69792    0    0 104116    32 141146 139664  5  2 63 29  1	
 4  4      0 97507664   9960  69796    0    0 105984     0 143219 141706  5  2 64 28  1	
 4  4      0 97507664   9960  69796    0    0 105760     0 144522 143150  5  2 64 28  1	
 6  3      0 97507664   9960  69796    0    0 105648     0 142761 141268  5  2 64 29  1	
 8  2      0 97507664   9960  69796    0    0 103552     0 139863 138311  5  2 63 29  1	
 6  2      0 97507664   9968  69788    0    0 106016    24 141911 140361  5  2 64 29  1	
 7  3      0 97507664   9968  69796    0    0 106480     0 140544 139265  5  2 63 29  1	
 3  5      0 97507664   9968  69796    0    0 104512     0 139543 137946  5  2 63 29  1	
 3  5      0 97507664   9968  69796    0    0 105120     0 141560 139827  6  2 62 29  1	
 4  5      0 97507664   9968  69796    0    0 105232     0 142351 141314  5  2 64 29  1	
 8  2      0 97507664   9968  69796    0    0 105344     0 143285 141705  6  2 63 28  1	
 6  4      0 97507664   9976  69796    0    0 104384    12 141991 140776  5  2 64 28  1	
 6  3      0 97507664   9976  69796    0    0 106912     0 142187 140894  5  2 63 28  1	
procs -----------memory---------- ---swap-- -----io---- --system-- -----cpu-----
 r  b   swpd   free   buff  cache   si   so    bi    bo   in   cs us sy id wa st
 5  3      0 97507664   9976  69796    0    0 104016     0 141014 139247  6  2 63 28  1	
 1  7      0 97507664   9976  69796    0    0 101568     0 136979 135042  6  1 63 29  1	
 7  2      0 97507664   9976  69796    0    0 104480     0 138854 137789  5  2 63 29  1	
 3  5      0 97507664   9984  69788    0    0 104016    12 139545 138189  5  2 62 29  1	
 6  3      0 97507536   9984  69796    0    0 104448     0 141127 139660  5  2 63 29  1	
 6  3      0 97507536   9984  69796    0    0 106032     0 141829 140160  4  2 64 29  1	
 2  6      0 97507536   9984  69796    0    0 105680     0 139550 137312  5  2 62 29  1	
 3  6      0 97507536   9984  69796    0    0 102128     0 135034 133704  5  2 62 30  1	
 6  2      0 97507536   9984  69796    0    0 102448    20 137040 135879  5  1 63 30  1	
 5  3      0 97507536   9992  69788    0    0 102672    12 135147 134054  4  2 63 30  1	
 4  5      0 97507536   9992  69796    0    0 103344     0 138881 137120  5  2 63 29  1	
 4  5      0 97507536   9992  69796    0    0 104992     0 140119 139276  5  2 63 29  1	
 4  4      0 97507536   9992  69796    0    0 103936     0 141568 139652  5  2 64 29  1	
 9  2      0 97507536   9992  69796    0    0 109024     0 143244 141985  5  2 63 28  1	
 5  3      0 97507536  10000  69788    0    0 106224    12 141413 140108  5  2 63 29  1	
 3  5      0 97507536  10000  69796    0    0 107040     0 143820 142145  5  2 64 28  1	
 5  3      0 97507536  10000  69796    0    0 107152     0 143117 141594  6  2 64 28  1	
 7  2      0 97507536  10000  69800    0    0 104784     0 142212 140918  4  2 64 28  1	
 6  3      0 97507536  10000  69800    0    0 104352    12 143401 142278  5  2 64 28  1	
 6  4      0 97507536  10000  69800    0    0 103344     0 139991 138956  5  2 63 29  1	
 7  3      0 97507536  10008  69800    0    0 103616    24 139585 137444  5  2 63 29  1	
procs -----------memory---------- ---swap-- -----io---- --system-- -----cpu-----
 r  b   swpd   free   buff  cache   si   so    bi    bo   in   cs us sy id wa st
 4  5      0 97507536  10008  69800    0    0 106320     0 141480 139375  5  2 63 29  1	
 5  3      0 97507536  10008  69800    0    0 106416     0 143226 142051  5  1 64 28  1	
 3  6      0 97507536  10008  69800    0    0 106608     0 140213 139348  5  2 63 28  1	
 5  4      0 97507536  10008  69800    0    0 106496     0 143192 141456  5  2 63 29  1	
 6  3      0 97507536  10016  69796    0    0 106880    12 143840 142453  5  2 64 28  1	
 5  3      0 97507536  10016  69804    0    0 107888     0 144890 143354  5  2 64 28  1	
 5  4      0 97507536  10016  69804    0    0 107248     0 139906 138772  4  2 63 29  1	
 3  5      0 97507536  10016  69804    0    0 107248     0 142364 140762  4  2 64 29  1	
 4  4      0 97507536  10016  69804    0    0 107072     0 142726 140758  5  2 63 29  1	
 1  7      0 97507536  10016  69804    0    0 105008     0 139879 138638  5  2 63 29  1	
 8  2      0 97507536  10024  69796    0    0 103760    12 140729 139460  6  2 63 28  1	
 6  2      0 97507536  10024  69804    0    0 108400     0 144039 142098  5  2 63 29  1	
 4  4      0 97507536  10024  69804    0    0 104192     0 138982 137716  6  2 62 29  1	
 4  4      0 97507536  10024  69804    0    0 106176     0 141983 141104  6  2 63 28  1	
 4  4      0 97507536  10024  69804    0    0 107424     0 141167 139493  5  2 63 29  1	
 3  5      0 97507536  10032  69796    0    0 107216    16 144410 142454  5  2 64 28  1	
 4  4      0 97507536  10032  69804    0    0 105840     0 143059 141879  5  2 64 28  1	
 4  5      0 97507536  10032  69804    0    0 105968     0 139898 138283  5  2 63 29  1	
 5  3      0 97507536  10032  69804    0    0 105120    16 143153 141945  5  2 63 28  1	
 6  2      0 97507536  10032  69804    0    0 106768     0 144510 142595  6  2 63 28  1	
 6  3      0 97507536  10032  69804    0    0 107744     0 143569 142640  6  2 63 28  1	
procs -----------memory---------- ---swap-- -----io---- --system-- -----cpu-----
 r  b   swpd   free   buff  cache   si   so    bi    bo   in   cs us sy id wa st
 5  4      0 97507536  10040  69804    0    0 105152    12 144243 142811  5  2 64 29  1	
 4  5      0 97507536  10040  69804    0    0 107872     0 143690 141814  5  2 63 29  1	
 3  5      0 97507536  10040  69804    0    0 105696     0 145250 143579  5  2 63 28  1	
 6  3      0 97507536  10040  69804    0    0 105840     0 144473 143038  5  2 64 28  1	
 7  3      0 97507536  10040  69804    0    0 108080     0 144138 142697  5  2 64 28  1	
 5  4      0 97507536  10048  69796    0    0 106992    12 141477 140398  5  2 63 29  1	
 7  2      0 97507536  10048  69804    0    0 105280     0 141294 140134  6  2 63 28  1	
 4  4      0 97507536  10048  69804    0    0 106112    12 141962 139544  5  2 63 29  1	
 5  3      0 97507536  10048  69804    0    0 102480     0 138811 136846  5  2 63 30  1	
 3  6      0 97507536  10048  69808    0    0 105376     0 138608 136646  5  2 62 30  1	
 5  3      0 97507536  10048  69808    0    0 101184     0 135321 134302  5  2 62 30  1	
 8  1      0 97507536  10056  69808    0    0 104544    24 143081 141806  5  2 63 29  1	
 6  4      0 97507536  10056  69808    0    0 104960     0 141994 140405  5  2 63 29  1	
 4  6      0 97507536  10056  69808    0    0 105520     0 143069 141670  6  2 63 28  1	
 3  5      0 97507536  10056  69808    0    0 103936     0 142834 141178  5  2 63 28  1	
 3  5      0 97507536  10056  69808    0    0 106656     0 141295 139670  6  2 62 29  1	
 6  3      0 97507536  10064  69800    0    0 103872    12 137388 135995  5  2 62 29  1	
 5  3      0 97507536  10064  69808    0    0 104992     0 140010 138454  5  2 63 29  1	
 7  1      0 97507536  10064  69808    0    0 104752     0 137951 136537  5  2 63 29  1	
 6  5      0 97507536  10064  69808    0    0 103328     0 139001 136776  5  2 63 29  1	
 3  6      0 97507536  10064  69808    0    0 105472     0 141399 140043  5  2 63 29  1	
procs -----------memory---------- ---swap-- -----io---- --system-- -----cpu-----
 r  b   swpd   free   buff  cache   si   so    bi    bo   in   cs us sy id wa st
 4  5      0 97507536  10064  69808    0    0 102560     8 138021 136409  3  2 64 30  1	
 6  3      0 97507536  10072  69808    0    0 104128     8 142741 140828  5  2 63 29  1	
 5  5      0 97507536  10072  69808    0    0 104192     0 140625 138819  5  2 62 29  1	
 3  5      0 97507536  10072  69808    0    0 102112     0 137062 135326  5  2 63 30  1	
 2  6      0 97507536  10072  69812    0    0 103216     0 143201 141987  5  2 63 29  1	
 1  7      0 97507536  10072  69812    0    0 101408     0 137638 136116  5  2 62 30  1	
 3  5      0 97507536  10080  69812    0    0 102592    12 138575 137530  5  2 63 29  1	
 6  4      0 97507536  10080  69812    0    0 104832     0 141491 139115  4  2 63 29  1	
 6  4      0 97507536  10080  69812    0    0 100208     0 135194 133827  5  2 62 30  1	
 4  4      0 97507536  10080  69812    0    0 105376     0 139546 137884  5  2 63 30  1	
 4  5      0 97507536  10080  69812    0    0 103856     0 137066 135937  5  2 63 29  1	
 4  4      0 97507536  10088  69804    0    0 103200    28 138221 136816  5  2 63 29  1	
 7  2      0 97507536  10088  69812    0    0 102096     0 134368 133063  5  2 63 30  1	
 9  3      0 97507536  10088  69812    0    0 100512     0 134558 132972  4  2 63 30  1	
 6  3      0 97507536  10088  69812    0    0 99840     0 136368 135537  4  2 63 29  1	
 3  5      0 97507536  10088  69812    0    0 103104     0 138154 136621  5  2 63 29  1	
 7  2      0 97507536  10088  69812    0    0 103744     8 136974 135542  6  2 63 29  1	
 4  4      0 97507536  10096  69812    0    0 104832    24 140435 138521  5  2 63 29  1	
 5  4      0 97507536  10096  69812    0    0 101856     0 133733 132435  5  2 63 30  1	
 5  5      0 97507536  10096  69812    0    0 103600     0 140659 139137  5  2 63 29  1	
 3  5      0 97507536  10096  69812    0    0 104512     0 136475 135968  5  2 62 30  1	
procs -----------memory---------- ---swap-- -----io---- --system-- -----cpu-----
 r  b   swpd   free   buff  cache   si   so    bi    bo   in   cs us sy id wa st
 5  5      0 97507536  10096  69812    0    0 101792     0 136553 134962  4  1 63 30  1	
 7  3      0 97507536  10104  69816    0    0 105184    32 138455 136404  5  2 62 30  1	
 6  3      0 97507536  10104  69816    0    0 103456     0 139924 138723  5  2 63 29  1	
 8  3      0 97507536  10104  69816    0    0 104832     0 141114 139858  5  2 64 29  1	
 2  6      0 97507536  10104  69816    0    0 101280     0 137708 136213  5  2 63 30  1	
 6  5      0 97507536  10104  69816    0    0 103776     0 138693 137115  5  2 63 29  1	
 3  5      0 97507536  10104  69816    0    0 98448     0 134959 133951  5  2 62 30  1	
 4  4      0 97507536  10112  69816    0    0 102208    12 134787 133664  4  2 63 30  1	
 4  4      0 97507536  10112  69816    0    0 105264     0 141097 139311  5  2 63 29  1	
 3  6      0 97507536  10112  69816    0    0 103024     0 140287 139099  5  2 63 29  1	
 2  6      0 97507536  10112  69816    0    0 105904     0 141726 139693  5  2 63 29  1	
 6  3      0 97507536  10112  69816    0    0 105920     0 140741 138486  5  2 63 29  1	
 2  6      0 97507536  10120  69808    0    0 101760    12 137310 135614  5  2 63 29  1	
 4  5      0 97507536  10120  69816    0    0 106112     0 140838 139132  5  2 63 29  1	
 2  6      0 97507536  10120  69816    0    0 105808     0 139590 138157  5  2 63 29  1	
 7  2      0 97507536  10120  69816    0    0 106352     0 141895 140301  5  2 63 29  1	
 7  3      0 97507536  10120  69816    0    0 106240     0 140636 139483  5  2 63 29  1	
 7  4      0 97507536  10120  69816    0    0 103072     0 137104 135781  4  2 63 30  1	
 5  4      0 97507408  10128  69816    0    0 102832    12 139574 137390  4  2 63 30  1	
 4  4      0 97507408  10128  69816    0    0 103568     0 137570 136549  5  1 63 30  1	
 4  5      0 97507408  10128  69816    0    0 103168     0 137170 135951  4  2 63 30  1	
procs -----------memory---------- ---swap-- -----io---- --system-- -----cpu-----
 r  b   swpd   free   buff  cache   si   so    bi    bo   in   cs us sy id wa st
 3  5      0 97507408  10128  69816    0    0 101408     0 136926 135721  5  2 62 30  1	
 3  6      0 97507408  10128  69816    0    0 101744     0 136661 135480  4  2 63 30  1	
 6  4      0 97507408  10136  69808    0    0 100992    12 139899 137977  4  2 63 30  1	
 3  5      0 97507408  10136  69816    0    0 101984     0 134258 133734  5  2 62 30  1	
 3  5      0 97507408  10136  69816    0    0 103072     0 138355 136816  4  2 63 30  1	
 3  6      0 97507408  10136  69820    0    0 103488    28 138347 136914  5  2 62 30  1	
 8  2      0 97507408  10136  69820    0    0 101264     0 137457 135624  5  2 63 30  1	
 5  3      0 97507408  10136  69820    0    0 102768     0 138064 136834  5  2 63 30  1	
 2  6      0 97507408  10144  69820    0    0 102400    24 136630 135059  5  2 62 30  1	
 2  6      0 97507408  10144  69820    0    0 101616     0 137510 136048  4  2 63 30  1	
 4  4      0 97507408  10144  69820    0    0 102368     0 139199 137454  5  2 63 29  1	
 5  4      0 97507408  10144  69820    0    0 102880     0 138644 137542  5  2 63 29  1	
 5  4      0 97507408  10144  69820    0    0 104640     0 139087 137730  6  2 62 29  1	
 5  4      0 97507408  10152  69816    0    0 103040    20 138463 137510  5  2 62 29  1	
 4  5      0 97507408  10152  69824    0    0 101120     0 136269 135087  4  1 63 30  1	
 6  2      0 97507408  10152  69824    0    0 101424     8 136507 135322  5  2 62 30  1	
 5  3      0 97507408  10152  69824    0    0 100304     0 138004 136202  5  2 63 29  1	
 7  2      0 97507408  10152  69824    0    0 100320     0 135643 133916  5  2 62 30  1	
 3  5      0 97507408  10152  69824    0    0 101952     0 135360 134515  5  2 63 30  1	
 3  5      0 97507408  10160  69816    0    0 100720    24 136427 135204  5  2 62 30  1	
 1  7      0 97507288  10160  69824    0    0 102800     0 137573 136300  5  2 63 29  1	
procs -----------memory---------- ---swap-- -----io---- --system-- -----cpu-----
 r  b   swpd   free   buff  cache   si   so    bi    bo   in   cs us sy id wa st
 7  2      0 97507288  10160  69824    0    0 101872     0 136985 135495  5  2 63 30  1	
 9  2      0 97507288  10160  69824    0    0 102752     0 138667 137210  5  2 63 29  1	
 4  5      0 97507288  10160  69824    0    0 106752     0 141817 140081  5  2 64 28  1	
 6  2      0 97507288  10168  69816    0    0 102080    12 136787 135230  5  2 63 30  1	
 6  3      0 97507288  10168  69824    0    0 100592     0 135633 134345  5  2 63 30  1	
 3  6      0 97507288  10168  69824    0    0 102256     0 137806 136531  5  2 63 29  1	
 5  4      0 97507288  10168  69824    0    0 100368     0 134645 133512  4  2 63 30  1	
 6  3      0 97507288  10168  69824    0    0 101792     0 139825 138287  6  2 62 30  1	
 6  3      0 97507288  10168  69824    0    0 101744     0 136928 135112  4  2 63 31  1	
 9  3      0 97507288  10176  69824    0    0 100448    12 133481 132518  4  2 63 30  1	
 2  6      0 97507288  10176  69824    0    0 102736     0 136990 135786  4  2 63 30  1	
 3  5      0 97507288  10176  69824    0    0 99296     0 133085 131491  4  2 63 31  1	
 4  4      0 97507288  10176  69824    0    0 103248     0 136861 135243  5  2 63 30  1	
 4  4      0 97507288  10176  69824    0    0 99664     0 133731 132811  5  2 62 30  1	
 8  3      0 97507288  10184  69816    0    0 99424    12 137845 135892  5  2 63 29  1	
 6  3      0 97507288  10184  69824    0    0 102224     0 134862 133051  5  2 62 30  1	
 5  3      0 97507288  10184  69824    0    0 105984     0 141171 139873  5  2 63 29  1	
 6  2      0 97507288  10184  69824    0    0 103632     0 140446 139377  5  2 63 29  1	
 3  5      0 97507288  10184  69824    0    0 103856     0 139819 138505  4  2 63 29  1	
 4  5      0 97507288  10184  69824    0    0 103424     0 141472 140035  5  2 63 29  1	
 7  2      0 97507288  10192  69824    0    0 103840    44 141644 139616  5  2 63 29  1	
procs -----------memory---------- ---swap-- -----io---- --system-- -----cpu-----
 r  b   swpd   free   buff  cache   si   so    bi    bo   in   cs us sy id wa st
 3  5      0 97507288  10192  69824    0    0 104288     0 137882 137178  5  2 63 29  1	
 3  5      0 97507288  10192  69824    0    0 103280     0 139990 138393  5  2 63 29  1	
 4  4      0 97507288  10192  69824    0    0 102800     0 138874 136845  5  2 62 29  1	
 7  3      0 97507288  10192  69824    0    0 103968     0 136964 135417  4  2 63 30  1	
 8  2      0 97507288  10200  69816    0    0 103344    28 139292 137813  5  2 63 29  1	
 6  3      0 97507288  10200  69832    0    0 103792     0 136845 134877  5  2 62 30  1	
 5  5      0 97507288  10200  69832    0    0 101360     0 135593 133565  4  2 63 30  1	
 2  6      0 97507288  10200  69832    0    0 103376     0 136096 134256  5  2 63 30  1	
 5  3      0 97507288  10200  69832    0    0 104384     0 137501 135854  5  1 62 30  1	
 5  3      0 97507288  10208  69824    0    0 102528    16 138456 137296  5  2 62 29  1	
 6  4      0 97507288  10208  69832    0    0 106768     0 140051 138872  4  2 63 29  1	
 5  3      0 97507288  10208  69832    0    0 104368     0 142842 140973  5  2 63 29  1	
 5  4      0 97507288  10208  69832    0    0 103104     0 139057 137591  4  2 63 30  1	
 8  3      0 97507288  10208  69832    0    0 106896     0 143311 141466  5  2 63 29  1	
 5  4      0 97507288  10208  69832    0    0 103424     0 141324 139870  5  2 63 29  1	
 6  4      0 97507288  10216  69832    0    0 104688    12 137568 136250  5  2 63 30  1	
 7  2      0 97507288  10216  69832    0    0 106416     0 141490 139366  4  2 64 30  1	
 5  3      0 97507288  10216  69832    0    0 106576     0 142343 140868  5  2 63 29  1	
 8  2      0 97507288  10216  69832    0    0 106128     0 143376 141501  6  2 62 29  1	
 3  5      0 97507288  10216  69832    0    0 102912     0 140456 138856  5  2 63 29  1	
 2  6      0 97507288  10224  69824    0    0 104576    12 141628 139814  4  2 63 29  1	
procs -----------memory---------- ---swap-- -----io---- --system-- -----cpu-----
 r  b   swpd   free   buff  cache   si   so    bi    bo   in   cs us sy id wa st
 4  5      0 97507168  10224  69832    0    0 105744     0 140402 138871  5  2 63 29  1	
 4  5      0 97507168  10224  69832    0    0 102592     0 138470 137464  5  2 63 29  1	
 2  6      0 97507168  10224  69832    0    0 104944     0 137219 135410  4  2 63 30  1	
 4  4      0 97507168  10224  69832    0    0 102544     0 137439 136456  5  2 63 29  1	
 4  5      0 97507168  10224  69832    0    0 104416     0 140227 138368  4  2 63 29  1	
 5  4      0 97507168  10232  69832    0    0 98848    12 133655 132065  4  2 62 30  1	
10  3      0 97507168  10232  69832    0    0 101136     0 137495 135741  5  2 62 30  1	
 3  5      0 97507168  10232  69832    0    0 102928     0 137773 136314  4  2 63 30  1	
 5  4      0 97507168  10232  69832    0    0 103248     0 137810 136335  6  2 62 30  1	
 4  5      0 97507168  10232  69832    0    0 103504     8 138582 137776  5  2 63 29  1	
 8  2      0 97507168  10240  69824    0    0 101328    24 135140 133935  5  2 63 30  1	
 6  5      0 97507168  10240  69832    0    0 104096     0 141121 139613  5  2 62 29  1	
 5  4      0 97507168  10240  69832    0    0 104016     0 136121 135196  5  2 63 30  1	
 7  4      0 97507168  10240  69832    0    0 99968     0 133391 131898  5  1 62 31  1	
 5  3      0 97507168  10240  69832    0    0 101696    24 136423 134612  6  2 62 30  1	
 6  3      0 97507168  10240  69832    0    0 105088     0 139473 138242  4  1 63 30  1	
 3  5      0 97507168  10248  69832    0    0 101360    24 137825 136192  4  2 63 30  1	
 7  2      0 97507168  10248  69832    0    0 100336     0 134724 133241  5  1 62 30  1	
 4  5      0 97507168  10248  69836    0    0 102976     0 138645 136816  5  2 62 30  1	
 6  3      0 97507168  10248  69836    0    0 106192     4 141144 139785  5  2 62 29  1	
 4  5      0 97507168  10248  69836    0    0 104480     0 140804 139039  5  2 63 29  1	
procs -----------memory---------- ---swap-- -----io---- --system-- -----cpu-----
 r  b   swpd   free   buff  cache   si   so    bi    bo   in   cs us sy id wa st
 3  5      0 97507168  10256  69836    0    0 104784    12 139262 137740  5  2 63 30  1	
 1  7      0 97507168  10256  69836    0    0 102016     0 136634 134505  4  2 63 30  1	
 5  3      0 97507168  10256  69836    0    0 102336     0 139356 137668  4  2 63 30  1	
 5  3      0 97507168  10256  69836    0    0 105584     0 140451 139050  5  2 63 29  1	
 3  5      0 97507168  10256  69836    0    0 106544     0 143814 142510  6  2 62 28  1	
 6  3      0 97507168  10256  69840    0    0 107008     0 141722 140009  4  2 63 29  1	
 6  3      0 97507168  10264  69840    0    0 102016    12 139197 137317  5  1 63 29  1	
 6  3      0 97507168  10264  69840    0    0 104432     0 142036 141028  5  2 63 29  1	
 6  3      0 97507168  10264  69840    0    0 102992     0 138743 137790  5  2 63 29  1	
 5  4      0 97507168  10264  69840    0    0 102912     0 137099 135597  4  2 63 30  1	
 4  4      0 97507168  10264  69840    0    0 100832     0 137849 136563  4  2 63 30  1	
 6  3      0 97507168  10272  69832    0    0 100688    12 139440 137387  5  2 63 29  1	
 5  3      0 97507168  10272  69840    0    0 104560     0 138362 136937  5  2 63 30  1	
 2  6      0 97507168  10272  69840    0    0 102128     0 135783 134464  5  2 62 30  1	
 7  2      0 97507168  10272  69840    0    0 104688     0 138754 137267  4  2 63 30  1	
 4  4      0 97507168  10272  69840    0    0 101728     0 135763 133847  5  2 62 30  1	
 4  4      0 97507168  10272  69840    0    0 101152     0 134484 132923  5  2 62 30  1	
 5  3      0 97507168  10280  69840    0    0 102960    12 138315 136658  5  2 63 29  1	
 5  3      0 97507168  10280  69840    0    0 102400     8 137424 136101  5  2 62 30  1	
 6  3      0 97507168  10280  69840    0    0 104080     0 140650 139123  5  2 63 29  1	
 6  3      0 97507168  10280  69840    0    0 99872     0 137133 136006  4  2 63 29  1	
procs -----------memory---------- ---swap-- -----io---- --system-- -----cpu-----
 r  b   swpd   free   buff  cache   si   so    bi    bo   in   cs us sy id wa st
 5  3      0 97507168  10280  69840    0    0 100512     0 136059 133879  5  2 62 30  1	
 5  3      0 97507168  10288  69832    0    0 99120    24 133120 131631  4  2 62 30  1	
 4  4      0 97507168  10288  69840    0    0 103152     0 138237 136631  5  2 63 30  1	
 2  6      0 97507168  10288  69840    0    0 102976     8 137945 136119  5  2 63 30  1	
 4  4      0 97507168  10288  69840    0    0 104016     0 139355 138245  5  2 63 30  1	
 5  4      0 97507168  10288  69840    0    0 103936     0 138489 137551  5  2 62 30  1	
 5  3      0 97507168  10288  69840    0    0 103760     0 139579 138123  5  2 63 29  1	
 5  4      0 97507168  10296  69840    0    0 104416    24 139080 138559  5  2 63 29  1	
 6  3      0 97507168  10296  69840    0    0 103520    16 140141 138745  5  2 63 29  1	
 7  2      0 97507168  10296  69840    0    0 104256     0 141306 139524  5  2 64 29  1	
 6  3      0 97507168  10296  69844    0    0 102816     0 138765 137180  5  2 63 29  1	
 4  5      0 97507168  10296  69844    0    0 103264     0 138166 136716  5  1 63 29  1	
 6  3      0 97507168  10304  69836    0    0 105184    12 141462 139654  5  2 63 29  1	
 4  5      0 97507168  10304  69844    0    0 102736     0 138803 137002  6  2 62 29  1	
 3  5      0 97507168  10304  69844    0    0 104640     0 142013 140595  5  2 63 29  1	
 4  4      0 97507168  10304  69844    0    0 105248     0 141139 139311  5  2 63 29  1	
 4  4      0 97507168  10304  69844    0    0 104000     0 138119 136742  5  2 63 29  1	
 6  3      0 97507168  10304  69844    0    0 102656     0 138034 136538  5  2 63 29  1	
 4  4      0 97507168  10312  69844    0    0 101120    12 139274 138023  5  2 63 29  1	
 5  3      0 97507168  10312  69844    0    0 101680     0 135373 134107  5  2 63 30  1	
 2  6      0 97507168  10312  69844    0    0 102176     0 140519 138944  5  2 63 29  1	
procs -----------memory---------- ---swap-- -----io---- --system-- -----cpu-----
 r  b   swpd   free   buff  cache   si   so    bi    bo   in   cs us sy id wa st
 4  4      0 97507168  10312  69844    0    0 104768     0 136249 134769  4  2 63 30  1	
 2  7      0 97507168  10312  69844    0    0 101488     0 138151 136495  5  2 63 30  1	
 7  2      0 97507168  10320  69844    0    0 104624    12 139703 138637  5  2 63 29  1	
 4  4      0 97507168  10320  69844    0    0 101824     0 138439 137311  6  2 62 30  1	
 6  3      0 97507168  10320  69844    0    0 104480     0 141105 139590  4  2 63 30  1	
 6  3      0 97507168  10320  69844    0    0 105728     0 141098 139711  5  2 63 29  1	
 5  4      0 97507168  10320  69848    0    0 104064     0 142634 141156  5  2 63 28  1	
 6  4      0 97507168  10320  69848    0    0 103824     8 140872 139812  6  2 63 29  1	
 6  4      0 97507168  10328  69848    0    0 104272    24 139571 138565  6  2 63 29  1	
 7  2      0 97507168  10328  69848    0    0 102128     0 139004 137134  5  2 63 29  1	
 5  4      0 97507168  10328  69848    0    0 100480     0 137902 136219  5  2 62 29  1	
 5  3      0 97507168  10328  69848    0    0 104272     0 140213 139206  5  2 63 29  1	
 7  2      0 97507168  10328  69848    0    0 101584     0 137451 135663  6  2 62 29  1	
 2  6      0 97507168  10336  69840    0    0 102640    12 137259 135597  5  2 62 30  1	
 5  4      0 97507168  10336  69848    0    0 103296     0 137550 135881  5  2 63 30  1	
 5  4      0 97507168  10336  69848    0    0 101744     0 139696 138425  5  2 63 29  1	
 4  5      0 97507168  10336  69848    0    0 102496     0 139992 137971  5  2 63 29  1	
 5  3      0 97507168  10336  69848    0    0 102064     8 134937 132912  4  2 62 31  1	
 7  4      0 97507168  10336  69848    0    0 103712     0 141393 139899  6  2 62 29  1	
 3  5      0 97507040  10344  69848    0    0 104368    32 138326 137140  5  2 62 29  1	
 1  7      0 97507040  10344  69848    0    0 102320     0 137122 135406  5  2 62 30  1	
procs -----------memory---------- ---swap-- -----io---- --system-- -----cpu-----
 r  b   swpd   free   buff  cache   si   so    bi    bo   in   cs us sy id wa st
 7  1      0 97507040  10344  69848    0    0 102512     0 135997 134781  5  2 62 30  1	
 1  7      0 97507040  10344  69848    0    0 104896    24 138050 136456  5  2 63 29  1	
 2  7      0 97506912  10344  69852    0    0 103184     0 138993 137621  5  2 63 30  1	
 5  4      0 97506912  10352  69852    0    0 102928    12 137637 136673  5  2 63 29  1	
 5  3      0 97506912  10352  69852    0    0 103984     0 136910 134889  5  2 63 30  1	
 6  2      0 97506912  10352  69852    0    0 104880     0 138913 137763  5  2 63 29  1	
 4  5      0 97506912  10352  69852    0    0 105296     0 140934 139005  5  2 63 29  1	
 5  4      0 97506912  10352  69852    0    0 104560     0 141289 140068  5  2 63 29  1	
 6  3      0 97506912  10352  69852    0    0 101184     0 136883 135490  5  1 63 29  1	
 4  5      0 97506912  10360  69852    0    0 103120    12 137207 135775  5  2 63 30  1	
 6  2      0 97506912  10360  69852    0    0 102960     0 139711 138080  4  2 63 30  1	
 8  2      0 97506912  10360  69852    0    0 103280     0 137702 136557  5  2 63 30  1	
 5  4      0 97506912  10360  69852    0    0 100096     0 135832 134592  5  2 63 30  1	
 2  6      0 97506912  10360  69852    0    0 99104     0 133700 132307  4  2 63 30  1	
 6  3      0 97506912  10368  69844    0    0 102368    12 131594 129968  4  2 62 31  1	
 6  3      0 97506912  10368  69852    0    0 100768     0 137201 135826  5  2 63 29  1	
 3  5      0 97506912  10368  69852    0    0 100288     0 133316 131800  5  1 63 30  1	
 3  6      0 97506912  10368  69852    0    0 102640     0 136665 135289  5  2 62 30  1	
 3  5      0 97506912  10368  69852    0    0 105808     0 139478 138384  5  2 64 29  1	
 6  4      0 97506912  10368  69852    0    0 101792     0 138513 137202  5  2 63 29  1	
 5  4      0 97506912  10376  69852    0    0 105856    12 142774 141639  6  2 63 28  1	
procs -----------memory---------- ---swap-- -----io---- --system-- -----cpu-----
 r  b   swpd   free   buff  cache   si   so    bi    bo   in   cs us sy id wa st
 8  2      0 97506912  10376  69852    0    0 103200     0 139200 137505  5  2 63 29  1	
 4  4      0 97506912  10376  69852    0    0 100592     8 134865 133468  5  2 62 30  1	
 4  4      0 97506912  10376  69852    0    0 106304     0 141938 140575  4  2 63 29  1	
 9  2      0 97506912  10376  69852    0    0 103008     0 137915 135928  5  2 63 29  1	
 6  3      0 97506912  10384  69844    0    0 105552    24 142933 141259  6  2 63 28  1	
 3  6      0 97506912  10384  69852    0    0 106768     0 140721 138997  5  2 63 29  1	
 4  5      0 97506912  10384  69852    0    0 108272     8 144030 142844  5  2 63 28  1	
 6  4      0 97506912  10384  69856    0    0 104480     0 138800 137497  6  2 62 29  1	
 6  4      0 97506912  10384  69856    0    0 107120     0 143324 141351  4  2 64 29  1	
 5  4      0 97506912  10384  69856    0    0 105760     0 141308 139654  5  2 63 29  1	
 5  3      0 97506912  10392  69848    0    0 105184    24 140464 138987  5  2 63 29  1	
 6  3      0 97506912  10392  69856    0    0 105680     8 140942 139432  5  2 63 29  1	
 6  3      0 97506912  10392  69856    0    0 108048     0 145208 144075  5  2 64 28  1	
 7  2      0 97506912  10392  69856    0    0 105856     0 141336 139818  4  2 63 29  1	
 4  4      0 97506912  10392  69856    0    0 106256     0 143859 142110  5  2 63 29  1	
 6  3      0 97506912  10400  69860    0    0 105328    16 140496 138684  5  2 63 29  1	
 5  5      0 97506912  10400  69860    0    0 102704    20 139154 137804  5  2 63 29  1	
 6  3      0 97506912  10400  69860    0    0 105568     0 143780 142562  6  2 63 28  1	
 9  1      0 97506912  10400  69860    0    0 102176     0 138634 136931  4  2 63 30  1	
 4  4      0 97506912  10400  69860    0    0 104896     0 142336 140948  4  2 63 29  1	
 5  3      0 97506912  10408  69852    0    0 103856    12 141465 140237  5  2 63 29  1	
procs -----------memory---------- ---swap-- -----io---- --system-- -----cpu-----
 r  b   swpd   free   buff  cache   si   so    bi    bo   in   cs us sy id wa st
 7  3      0 97506912  10408  69860    0    0 104112     0 141500 139485  5  2 63 29  1	
 3  5      0 97506912  10408  69860    0    0 104336     0 141347 139830  5  2 63 29  1	
 4  4      0 97506912  10408  69860    0    0 103056     0 139731 137997  5  2 63 29  1	
 6  2      0 97506912  10408  69860    0    0 106272     0 141982 140947  6  2 63 28  1	
 1  7      0 97506912  10408  69860    0    0 103456     0 139873 138426  5  2 62 29  1	
 3  5      0 97506912  10416  69852    0    0 103520    12 138895 137586  5  2 63 30  1	
 6  4      0 97506912  10416  69860    0    0 103072     0 139845 138266  5  2 63 29  1	
 4  4      0 97506912  10416  69860    0    0 104592     0 138854 137357  5  2 62 30  1	
 7  3      0 97506912  10416  69860    0    0 103344     0 141110 139260  5  2 63 29  1	
 2  6      0 97506912  10416  69860    0    0 106432     0 142824 141755  5  2 63 28  1	
 2  6      0 97506912  10424  69860    0    0 105888    12 142429 141015  4  2 63 29  1	
 6  2      0 97506912  10424  69860    0    0 105024     8 142426 141676  5  2 64 28  1	
 2  6      0 97506912  10424  69860    0    0 105232     0 141422 139979  5  2 63 29  1	
 3  5      0 97506912  10424  69860    0    0 105808     0 142599 141198  6  2 63 29  1	
 5  4      0 97506912  10424  69860    0    0 105968     0 141392 139720  5  2 63 29  1	
 7  2      0 97506912  10424  69860    0    0 104736     0 140596 139663  5  2 63 29  1	
 6  3      0 97506912  10432  69860    0    0 106160    28 140470 138372  4  2 63 29  1	
 5  3      0 97506912  10432  69860    0    0 106928     0 139971 138336  5  1 63 29  1	
 7  4      0 97506912  10432  69860    0    0 105456     0 142563 141046  5  2 64 29  1	
 8  2      0 97506912  10432  69860    0    0 106992     0 142159 140284  5  2 63 29  1	
 2  7      0 97506912  10432  69860    0    0 105376     0 141546 140183  5  3 62 29  1	
procs -----------memory---------- ---swap-- -----io---- --system-- -----cpu-----
 r  b   swpd   free   buff  cache   si   so    bi    bo   in   cs us sy id wa st
 2  6      0 97506912  10440  69860    0    0 104928    16 140984 139943  5  2 63 29  1	
 6  4      0 97506912  10440  69860    0    0 103216     0 138063 136855  5  2 63 30  1	
 8  2      0 97506912  10440  69860    0    0 104880     0 140226 138339  5  2 63 29  1	
 6  3      0 97506912  10440  69860    0    0 106784     0 144401 142338  6  2 63 28  1	
 0  8      0 97506912  10440  69860    0    0 105600     0 140862 139832  5  2 63 29  1	
 4  4      0 97506912  10448  69852    0    0 103232    12 139540 138165  5  2 62 29  1	
 2  6      0 97506672  10448  69864    0    0 106352     0 143517 141514  5  2 63 29  1	
 4  4      0 97506672  10448  69868    0    0 103056     0 139539 138302  5  1 63 29  1	
 4  4      0 97506672  10448  69868    0    0 107216     0 143425 142249  5  2 64 29  1	
 7  2      0 97506672  10448  69868    0    0 104848     0 142209 140866  5  2 63 29  1	
 6  4      0 97506672  10448  69868    0    0 106608    12 142690 140965  5  2 63 29  1	
 4  4      0 97506672  10456  69868    0    0 102928    12 139066 137377  5  2 63 30  1	
 9  1      0 97506672  10456  69868    0    0 106336     0 140912 140237  5  2 63 29  1	
 7  3      0 97506672  10456  69868    0    0 106224     0 141995 140070  5  3 62 29  1	
 7  3      0 97506672  10456  69868    0    0 105872     0 141338 139649  5  2 63 30  1	
 5  4      0 97506672  10456  69868    0    0 103984     0 139681 138334  5  2 63 29  1	
 7  3      0 97506672  10464  69868    0    0 105568    12 139535 138369  5  2 63 29  1	
 3  5      0 97506672  10464  69868    0    0 106544     0 144621 143106  5  2 63 28  1	
 6  2      0 97506672  10464  69868    0    0 108288     0 144419 142270  6  2 63 29  1	
 9  3      0 97506672  10464  69868    0    0 108048     0 142664 140818  5  3 63 29  1	
 8  2      0 97506672  10464  69868    0    0 105088     8 140849 139278  5  2 63 29  1	
procs -----------memory---------- ---swap-- -----io---- --system-- -----cpu-----
 r  b   swpd   free   buff  cache   si   so    bi    bo   in   cs us sy id wa st
 7  3      0 97506672  10468  69864    0    0 106528    20 145056 143437  5  2 63 28  1	
 3  5      0 97506792  10472  69868    0    0 108208     4 144143 142436  5  2 63 29  1	
 6  3      0 97506792  10472  69868    0    0 106688     0 142165 141166  6  2 63 29  1	
 4  6      0 97506792  10472  69868    0    0 107200     0 143723 142463  5  2 63 28  1	
 3  5      0 97506792  10472  69868    0    0 106432     0 142058 140377  5  2 63 28  1	
 6  3      0 97506792  10472  69868    0    0 106800     0 142946 142260  5  2 64 28  1	
 5  4      0 97506792  10480  69868    0    0 105760    12 141586 140029  6  2 63 29  1	
 2  6      0 97506792  10480  69868    0    0 105248     0 140214 138732  5  2 63 29  1	
 3  6      0 97506792  10480  69868    0    0 106112     0 143634 141716  5  2 63 29  1	
 6  2      0 97506792  10480  69868    0    0 105600     0 141396 140310  5  2 63 29  1	
 4  5      0 97506792  10480  69868    0    0 104768     8 141876 140511  4  2 63 29  1	
 3  5      0 97506792  10488  69860    0    0 106416    24 144161 142894  5  2 63 28  1	
 4  4      0 97506792  10488  69868    0    0 107920     0 143704 141851  5  2 64 28  1	
 4  4      0 97506792  10488  69868    0    0 107120     0 145587 144490  5  2 64 28  1	
 6  3      0 97506792  10488  69868    0    0 105888     0 143147 141837  6  2 63 28  1	
 0  8      0 97506792  10488  69868    0    0 105216     0 142225 140738  5  1 64 29  1	
 7  3      0 97506792  10488  69868    0    0 105440     0 142070 141786  5  2 64 29  1	
 4  4      0 97506792  10496  69860    0    0 107344    12 142933 141279  5  2 63 29  1	
 1  7      0 97506792  10496  69868    0    0 107536     0 144255 142809  4  2 64 29  1	
 3  5      0 97506792  10496  69872    0    0 106112     0 143886 142688  5  2 63 28  1	
 6  2      0 97506792  10496  69872    0    0 110240    16 144057 142302  5  2 63 28  1	
procs -----------memory---------- ---swap-- -----io---- --system-- -----cpu-----
 r  b   swpd   free   buff  cache   si   so    bi    bo   in   cs us sy id wa st
 5  3      0 97506792  10496  69872    0    0 105888     0 144751 143077  5  2 64 28  1	
 5  5      0 97506792  10504  69864    0    0 108480    12 143319 142243  5  2 63 28  1	
 2  6      0 97506792  10504  69872    0    0 108624     0 144321 142844  5  2 64 28  1	
 6  2      0 97506792  10504  69872    0    0 106720     0 141845 140950  6  2 63 28  1	
 4  4      0 97506792  10504  69872    0    0 105536     0 141765 140798  6  2 63 28  1	
 6  3      0 97506792  10504  69872    0    0 106032     0 142324 140847  5  2 63 29  1	
 6  2      0 97506792  10504  69872    0    0 106848     0 143476 142360  6  2 63 28  1	
 4  5      0 97506792  10512  69876    0    0 110144    12 144611 143244  5  2 63 28  1	
 6  2      0 97506792  10512  69876    0    0 106784     0 144925 143242  5  2 64 29  1	
 6  3      0 97506792  10512  69876    0    0 107840     8 145111 143772  5  2 64 28  1	
 7  3      0 97506792  10512  69876    0    0 106416     0 141981 140519  5  2 63 29  1	
 4  4      0 97506792  10512  69876    0    0 105760     0 140461 139478  5  2 63 28  1	
 5  5      0 97506792  10520  69876    0    0 108608    24 142744 141173  4  2 64 29  1	
 3  5      0 97506792  10520  69876    0    0 106672     0 142121 140805  5  2 63 28  1	
 3  5      0 97506792  10520  69876    0    0 107264     0 143405 142003  5  2 63 29  1	
 6  3      0 97506792  10520  69876    0    0 104416     0 140171 139299  5  2 64 29  1	
 6  3      0 97506792  10520  69876    0    0 106064     0 141785 140497  5  2 64 29  1	
 5  4      0 97506792  10520  69876    0    0 105136     0 142591 141612  5  2 64 28  1	
