procs -----------memory---------- ---swap-- -----io---- --system-- -----cpu-----
 r  b   swpd   free   buff  cache   si   so    bi    bo   in   cs us sy id wa st
 1  0      0 69367056   7688  72536    0    0   753  2452   28  102 24  5 66  5  0	
 3  0      0 69363344   7688  72560    0    0 15760     0 57261 57527  2  1 94  4  0	
 2  1      0 69362848   7696  72560    0    0 15680    40 59189 59821  1  0 94  4  0	
 3  0      0 69362848   7696  72560    0    0 15984     0 57912 58462  1  1 94  4  0	
 3  0      0 69362848   7696  72560    0    0 15376     0 59278 59779  1  0 94  4  0	
 2  1      0 69362848   7696  72560    0    0 15984     0 57773 58296  1  1 94  4  0	
 3  0      0 69362848   7696  72560    0    0 15760     0 58455 59529  1  0 94  4  0	
 1  1      0 69362848   7704  72552    0    0 15904    12 58464 59727  1  1 94  4  0	
 1  1      0 69362848   7704  72552    0    0 15280     0 58852 59899  1  0 94  4  0	
 1  1      0 69362848   7704  72560    0    0 15472     0 58159 58932  1  0 94  4  0	
 3  0      0 69362848   7704  72560    0    0 15936     0 57367 58311  1  0 94  4  0	
 2  0      0 69362848   7704  72560    0    0 16224     0 57557 58568  1  0 94  4  0	
 1  1      0 69362848   7704  72560    0    0 15536     0 57076 58125  1  0 94  4  0	
 2  0      0 69362848   7712  72560    0    0 15568    20 57407 58506  1  0 94  4  0	
 0  2      0 69362848   7712  72560    0    0 15360     0 56894 57970  1  0 94  4  0	
 3  0      0 69362848   7712  72560    0    0 16128     0 55756 56740  1  0 94  4  0	
 1  1      0 69362848   7712  72560    0    0 15392     0 58342 59336  1  0 94  4  0	
 1  1      0 69362848   7712  72560    0    0 14944     0 59367 60513  1  0 94  4  0	
 3  0      0 69362848   7720  72552    0    0 16032    20 57123 57971  1  0 94  4  0	
 1  1      0 69362848   7720  72560    0    0 15344     0 56722 57176  1  0 94  4  0	
 1  1      0 69362848   7720  72560    0    0 15808     0 58032 58824  1  0 94  4  0	
procs -----------memory---------- ---swap-- -----io---- --system-- -----cpu-----
 r  b   swpd   free   buff  cache   si   so    bi    bo   in   cs us sy id wa st
 2  0      0 69362848   7720  72560    0    0 15024     0 58400 59127  1  0 94  4  0	
 1  1      0 69362848   7720  72560    0    0 15296     0 58463 59436  1  0 94  4  0	
 0  2      0 69362848   7720  72568    0    0 15776     0 57184 58291  1  0 94  4  0	
 3  0      0 69362848   7728  72560    0    0 14816    20 57120 58395  1  0 94  4  0	
 1  1      0 69362848   7728  72568    0    0 15488     0 58664 59584  1  1 94  4  0	
 0  2      0 69362848   7728  72568    0    0 15168     0 57998 59013  1  0 94  4  0	
 2  1      0 69362720   7728  72568    0    0 16064     0 58240 59363  1  0 95  4  0	
 2  0      0 69362720   7728  72568    0    0 15328     0 58529 59589  1  0 94  4  0	
 2  0      0 69362720   7736  72560    0    0 16064    24 57344 58339  1  0 94  4  0	
 0  2      0 69362720   7736  72560    0    0 15328     0 58186 59222  1  1 94  4  0	
 3  0      0 69362720   7736  72568    0    0 16240     0 56100 57129  1  0 94  4  0	
 1  1      0 69362720   7736  72568    0    0 15536     0 58560 59618  1  0 94  4  0	
 1  1      0 69362720   7736  72568    0    0 15344     0 57733 58558  1  0 94  4  0	
 1  1      0 69362720   7744  72564    0    0 15856    68 56264 57275  1  0 94  4  0	
 1  1      0 69362720   7744  72572    0    0 15136     0 57783 58897  1  0 94  4  0	
 2  0      0 69362720   7744  72572    0    0 15504     0 56730 57630  1  0 94  4  0	
 3  0      0 69362720   7744  72572    0    0 15568     0 57911 58957  1  0 95  4  0	
 1  1      0 69362720   7744  72572    0    0 15872     0 58633 59722  1  0 94  4  0	
 2  0      0 69362720   7752  72564    0    0 15888    28 58014 59118  1  0 94  4  0	
 2  0      0 69362720   7752  72564    0    0 16352     0 57751 58859  1  0 94  4  0	
 1  1      0 69362720   7752  72572    0    0 15760     0 59120 60200  1  0 94  4  0	
procs -----------memory---------- ---swap-- -----io---- --system-- -----cpu-----
 r  b   swpd   free   buff  cache   si   so    bi    bo   in   cs us sy id wa st
 2  1      0 69362720   7752  72572    0    0 15408     0 59385 60600  1  1 94  4  0	
 2  0      0 69362720   7752  72576    0    0 16112     0 58119 59211  1  0 94  4  0	
 1  1      0 69362720   7752  72576    0    0 15776    16 56742 57694  1  0 94  4  0	
 2  0      0 69362720   7760  72576    0    0 15120    36 58739 59747  1  0 95  4  0	
 3  0      0 69362720   7760  72576    0    0 15424     0 58737 59786  1  0 94  4  0	
 2  0      0 69362720   7760  72576    0    0 15504     0 57983 58448  1  0 94  4  0	
 3  0      0 69362720   7760  72576    0    0 16096     0 57425 57766  1  0 94  4  0	
 3  0      0 69362720   7760  72576    0    0 15760     0 57269 57720  1  0 94  4  0	
 3  0      0 69362720   7768  72572    0    0 16240    12 57255 57805  1  0 94  4  0	
 2  1      0 69362720   7768  72576    0    0 14896     0 58593 59125  1  1 94  4  0	
 3  0      0 69362720   7768  72576    0    0 14816     0 58587 59034  1  0 94  4  0	
 2  0      0 69362720   7768  72576    0    0 15296     0 57954 58813  1  0 94  4  0	
 2  0      0 69362720   7768  72576    0    0 15216     0 57721 58027  1  0 94  4  0	
 2  0      0 69362720   7776  72568    0    0 14880    12 58126 59221  1  0 94  4  0	
 1  0      0 69362720   7776  72568    0    0 15120     0 59425 60493  1  0 95  4  0	
 0  2      0 69362720   7776  72568    0    0 14944     0 58026 58904  1  0 94  4  0	
 2  0      0 69362720   7776  72568    0    0 15760     0 56868 57697  1  0 94  4  0	
 2  0      0 69362720   7776  72576    0    0 16336     0 56622 57509  1  0 94  4  0	
 1  1      0 69362720   7784  72572    0    0 16160    12 56037 56961  1  0 94  4  0	
 1  1      0 69362720   7784  72576    0    0 15984     0 56689 57595  1  1 94  4  0	
 1  1      0 69362720   7784  72576    0    0 14976     0 58781 59753  1  0 94  4  0	
procs -----------memory---------- ---swap-- -----io---- --system-- -----cpu-----
 r  b   swpd   free   buff  cache   si   so    bi    bo   in   cs us sy id wa st
 2  0      0 69362720   7784  72576    0    0 15568     0 57664 58582  1  0 94  4  0	
 1  1      0 69362720   7784  72576    0    0 15824     0 58429 59399  1  0 94  4  0	
 1  1      0 69362720   7784  72576    0    0 16048    12 57300 58067  1  0 94  4  0	
 2  0      0 69362720   7792  72576    0    0 15280    20 57944 58484  1  0 95  4  0	
 3  0      0 69362720   7792  72580    0    0 15840     0 58172 58633  1  0 94  4  0	
 2  0      0 69362720   7792  72580    0    0 15216     0 58309 58731  1  0 94  4  0	
 2  0      0 69362720   7792  72580    0    0 15536     0 57974 58846  1  1 94  4  0	
 4  0      0 69362720   7792  72580    0    0 14880    32 56914 57961  1  0 94  4  0	
 3  0      0 69362720   7800  72572    0    0 15408    12 57419 58151  1  0 94  4  0	
 2  0      0 69362720   7800  72572    0    0 15536     0 57497 57929  1  0 94  4  0	
 1  1      0 69362720   7800  72572    0    0 15136     0 57551 58011  1  0 95  4  0	
 2  1      0 69362720   7800  72572    0    0 15600     0 57343 57753  1  0 94  4  0	
 1  1      0 69362720   7800  72580    0    0 14704     0 56430 56860  1  0 94  4  0	
 0  2      0 69362720   7800  72580    0    0 15824     0 56765 57241  1  0 94  4  0	
 2  0      0 69362720   7808  72580    0    0 15248    12 57115 57486  1  0 94  4  0	
 2  1      0 69362720   7808  72580    0    0 16128     0 57272 57612  1  0 94  4  0	
 2  0      0 69362720   7808  72580    0    0 15504     0 58643 59089  1  0 94  4  0	
 1  1      0 69362720   7808  72580    0    0 15344     0 57289 57701  1  0 94  4  0	
 3  0      0 69362720   7808  72580    0    0 14592     0 57922 58233  2  0 94  4  0	
 1  1      0 69362720   7816  72576    0    0 15344    12 56560 57004  1  1 94  4  0	
 1  1      0 69362720   7816  72580    0    0 14992     0 58625 58943  1  0 94  4  0	
procs -----------memory---------- ---swap-- -----io---- --system-- -----cpu-----
 r  b   swpd   free   buff  cache   si   so    bi    bo   in   cs us sy id wa st
 1  1      0 69362720   7816  72580    0    0 15776     0 57484 57960  1  1 94  4  0	
 1  1      0 69362720   7816  72580    0    0 15072     0 58778 59165  1  0 94  4  0	
 2  0      0 69362720   7816  72580    0    0 15792     0 56413 56921  1  1 94  4  0	
 2  0      0 69362720   7816  72580    0    0 14672     0 57081 57610  1  0 94  4  0	
 1  0      0 69362720   7824  72572    0    0 15952    12 57786 58704  1  0 94  4  0	
 2  1      0 69362720   7824  72572    0    0 14944     0 58607 59349  1  0 95  4  0	
 2  1      0 69362720   7824  72584    0    0 15344     0 56263 57155  1  0 94  4  0	
 3  0      0 69362720   7824  72584    0    0 15200     0 55848 56629  1  0 94  4  0	
 0  2      0 69362720   7824  72584    0    0 15280     0 57520 58336  1  0 94  4  0	
 0  2      0 69362720   7832  72576    0    0 15568    12 56452 57274  1  0 94  4  0	
 2  0      0 69362720   7832  72576    0    0 15792     0 58383 59235  1  1 94  4  0	
 1  1      0 69362720   7832  72584    0    0 15776     0 56757 57543  1  0 94  4  0	
 1  1      0 69362720   7832  72584    0    0 16208    16 55687 56522  1  0 94  4  0	
 1  1      0 69362720   7832  72584    0    0 15872     0 57168 57958  1  0 94  4  0	
 2  0      0 69362720   7832  72584    0    0 16112     0 58490 59370  1  0 95  4  0	
 0  2      0 69362720   7840  72584    0    0 15792    20 57764 58511  1  0 94  4  0	
 3  0      0 69362720   7840  72584    0    0 15856     0 57337 58268  1  0 94  4  0	
 1  1      0 69362720   7840  72584    0    0 15552     0 56728 57551  1  0 94  4  0	
 0  2      0 69362720   7840  72584    0    0 15360     0 57309 58126  1  0 94  4  0	
 2  0      0 69362720   7840  72584    0    0 14720     0 55515 56138  1  0 94  4  0	
 2  0      0 69362720   7848  72576    0    0 15424    12 58081 58957  1  1 94  4  0	
procs -----------memory---------- ---swap-- -----io---- --system-- -----cpu-----
 r  b   swpd   free   buff  cache   si   so    bi    bo   in   cs us sy id wa st
 4  0      0 69362720   7848  72588    0    0 15712     0 57374 58109  2  0 94  4  0	
 2  0      0 69362720   7848  72588    0    0 15584     8 57607 58491  1  0 94  4  0	
 2  0      0 69362720   7848  72588    0    0 15904     0 57782 58638  1  0 95  4  0	
 2  0      0 69362720   7848  72588    0    0 15728     0 57547 58412  1  0 94  4  0	
 2  0      0 69362720   7848  72588    0    0 15728     0 57925 58778  1  0 94  4  0	
 2  0      0 69362720   7856  72580    0    0 15488    12 57489 58230  1  0 94  4  0	
 1  1      0 69362720   7856  72580    0    0 15664     0 57721 58501  1  1 94  4  0	
 1  1      0 69362720   7856  72580    0    0 14928     0 57280 58110  1  0 94  4  0	
 1  1      0 69362720   7856  72580    0    0 15216     0 57132 57760  1  1 94  4  0	
 1  1      0 69362720   7856  72580    0    0 15680     0 56996 57836  1  0 94  4  0	
 1  1      0 69362720   7864  72584    0    0 15424    12 56899 57685  1  1 94  4  0	
 2  0      0 69362720   7864  72584    0    0 16432     0 56879 57823  1  0 94  4  0	
 0  2      0 69362720   7864  72584    0    0 16352     0 56708 57548  1  0 94  4  0	
 1  1      0 69362720   7864  72584    0    0 15024     0 58286 59110  1  0 94  4  0	
 2  0      0 69362720   7864  72584    0    0 15952     0 57634 58405  1  0 94  4  0	
 1  1      0 69362720   7864  72584    0    0 15760     0 57816 58666  1  0 94  4  0	
 0  2      0 69362720   7872  72576    0    0 15888    16 56987 57779  1  0 94  4  0	
 3  0      0 69362720   7872  72576    0    0 15392     0 58451 59372  1  1 94  4  0	
 1  1      0 69362720   7872  72588    0    0 16096     0 57363 58156  1  0 94  4  0	
 2  0      0 69362720   7872  72588    0    0 15840     0 58384 59281  1  0 94  4  0	
 1  0      0 69362720   7872  72588    0    0 14944     0 59814 60367  1  0 95  4  0	
procs -----------memory---------- ---swap-- -----io---- --system-- -----cpu-----
 r  b   swpd   free   buff  cache   si   so    bi    bo   in   cs us sy id wa st
 1  1      0 69362720   7880  72580    0    0 15616    12 58754 59350  1  0 94  4  0	
 2  0      0 69362720   7880  72580    0    0 15520     0 56458 57165  1  0 94  4  0	
 2  0      0 69362720   7880  72580    0    0 15312     0 59322 59831  1  0 94  4  0	
 3  1      0 69362720   7880  72580    0    0 16592     0 57633 58180  1  0 94  4  0	
 0  2      0 69362720   7880  72580    0    0 15440     0 58726 59288  1  0 95  4  0	
 1  1      0 69362720   7880  72592    0    0 15568    16 57641 58179  1  0 94  4  0	
 3  0      0 69362720   7888  72592    0    0 15504    20 58326 58975  1  0 95  4  0	
 1  1      0 69362720   7888  72592    0    0 14960     0 58505 58959  1  1 94  4  0	
 1  1      0 69362720   7888  72592    0    0 15312     0 57095 57549  1  0 94  4  0	
 2  0      0 69362720   7888  72592    0    0 15984     0 58223 58715  1  1 94  4  0	
 3  0      0 69362720   7888  72596    0    0 15440     0 59540 60063  1  0 95  4  0	
 2  0      0 69362720   7896  72592    0    0 15872    12 56526 57036  1  0 94  4  0	
 1  1      0 69362720   7896  72592    0    0 15840     0 58103 58512  1  0 94  4  0	
 2  0      0 69362720   7896  72596    0    0 14800     0 56327 56911  1  0 94  4  0	
 1  1      0 69362720   7896  72596    0    0 15456     0 59188 59675  1  0 95  4  0	
 2  1      0 69362720   7896  72596    0    0 16304     0 56764 57306  1  1 94  4  0	
 3  0      0 69362720   7896  72596    0    0 14576    12 58343 59060  1  0 94  4  0	
 2  1      0 69362720   7904  72588    0    0 14864    12 59058 59524  1  0 95  4  0	
 2  0      0 69362720   7904  72588    0    0 15952     0 58216 58720  1  0 94  4  0	
 3  0      0 69362720   7904  72588    0    0 16320     0 58092 58712  1  0 94  4  0	
 1  1      0 69362720   7904  72588    0    0 15408     0 58793 59353  1  0 95  4  0	
procs -----------memory---------- ---swap-- -----io---- --system-- -----cpu-----
 r  b   swpd   free   buff  cache   si   so    bi    bo   in   cs us sy id wa st
 2  1      0 69362720   7904  72596    0    0 15552     0 58102 58722  1  1 94  4  0	
 1  1      0 69362720   7912  72588    0    0 15632    12 58012 58557  1  0 94  4  0	
 0  2      0 69362720   7912  72588    0    0 15296     0 59950 60381  1  1 94  4  0	
 1  1      0 69362720   7912  72596    0    0 14816     0 59421 59925  1  0 95  4  0	
 1  1      0 69362720   7912  72596    0    0 16144     0 57941 58461  1  0 94  4  0	
 3  0      0 69362720   7912  72596    0    0 15968     4 58274 58689  1  0 94  4  0	
 0  2      0 69362720   7912  72596    0    0 15408     0 58363 58864  1  0 94  4  0	
 3  1      0 69362848   7920  72596    0    0 14944    12 58024 58258  1  0 95  4  0	
 1  1      0 69362352   7920  72596    0    0 15056     0 58504 58776  1  0 94  4  0	
 3  0      0 69362352   7920  72596    0    0 14240     0 59574 59827  1  0 94  4  0	
 2  0      0 69362352   7920  72596    0    0 16176     0 57668 57961  1  0 94  4  0	
 2  0      0 69362352   7920  72596    0    0 16032     0 57738 57963  1  0 94  4  0	
 1  1      0 69362352   7928  72588    0    0 15984    20 58141 58387  1  0 95  4  0	
 1  1      0 69362352   7928  72588    0    0 15648     0 58474 58686  1  0 94  4  0	
 1  1      0 69362352   7928  72588    0    0 15536     0 58742 58972  1  0 94  4  0	
 1  1      0 69362352   7928  72596    0    0 15520    12 57949 58122  1  0 94  4  0	
 2  0      0 69362352   7928  72596    0    0 15296     0 57538 57816  1  0 94  4  0	
 1  1      0 69362352   7936  72588    0    0 15232    20 58437 58707  1  0 94  4  0	
 2  0      0 69362352   7936  72588    0    0 15952     0 57693 58000  1  0 94  4  0	
 2  0      0 69362352   7936  72588    0    0 15504     0 58099 58482  1  0 94  4  0	
 1  1      0 69362352   7936  72588    0    0 15888     0 58467 58893  1  0 95  4  0	
procs -----------memory---------- ---swap-- -----io---- --system-- -----cpu-----
 r  b   swpd   free   buff  cache   si   so    bi    bo   in   cs us sy id wa st
 2  0      0 69362352   7936  72588    0    0 15216     0 59270 59420  1  0 94  4  0	
 2  1      0 69362352   7936  72588    0    0 15568     0 58121 58528  1  1 94  4  0	
 0  2      0 69362352   7944  72580    0    0 16096    12 58332 58729  1  0 94  4  0	
 2  0      0 69362352   7944  72600    0    0 15312     0 57191 57618  1  0 94  4  0	
 1  1      0 69362352   7944  72600    0    0 16896     0 56905 57222  1  0 94  4  0	
 0  2      0 69362352   7944  72600    0    0 15584     0 57061 57316  1  0 94  4  0	
 3  0      0 69362352   7944  72604    0    0 14816     0 58194 58488  1  0 95  4  0	
 3  0      0 69362352   7952  72596    0    0 15824    12 58583 58900  1  0 94  4  0	
 2  1      0 69362352   7952  72596    0    0 15440     0 58985 59350  1  0 95  4  0	
 0  2      0 69362352   7952  72596    0    0 16320    16 57963 58395  1  0 94  4  0	
 2  0      0 69362352   7952  72604    0    0 15600     0 58026 58635  1  0 94  4  0	
 2  0      0 69362352   7952  72604    0    0 15968     0 58096 58658  1  0 94  4  0	
 1  1      0 69362352   7952  72604    0    0 15536     0 58814 59245  1  0 95  4  0	
 2  0      0 69362352   7960  72604    0    0 15968    12 56645 57024  1  0 94  4  0	
 1  1      0 69362352   7960  72604    0    0 14992     0 57313 57736  1  0 94  4  0	
 2  1      0 69362352   7960  72604    0    0 15488     0 56168 56609  1  0 94  4  0	
 2  0      0 69362352   7960  72604    0    0 15040     0 58776 59397  2  0 94  4  0	
 1  1      0 69362352   7960  72604    0    0 15312     0 56286 57020  1  0 94  4  0	
 2  0      0 69362352   7968  72596    0    0 15296    12 57773 58463  1  0 94  4  0	
 2  0      0 69362352   7968  72604    0    0 15472     0 57872 58422  1  0 94  4  0	
 1  1      0 69362352   7968  72604    0    0 15424     8 57372 57915  1  0 94  4  0	
procs -----------memory---------- ---swap-- -----io---- --system-- -----cpu-----
 r  b   swpd   free   buff  cache   si   so    bi    bo   in   cs us sy id wa st
 2  0      0 69362352   7968  72604    0    0 15312     0 58247 58790  1  0 94  4  0	
 2  0      0 69362352   7968  72604    0    0 15856     0 58215 58758  1  0 94  4  0	
 0  2      0 69362352   7968  72604    0    0 15760     0 58062 58634  1  0 94  4  0	
 1  1      0 69362352   7976  72596    0    0 15952    12 58435 59023  1  1 94  4  0	
 3  0      0 69362352   7984  72588    0    0 16160    16 57059 57521  1  1 94  4  0	
 2  0      0 69362352   7984  72588    0    0 14944     0 58680 59183  1  0 94  4  0	
 1  1      0 69362352   7984  72604    0    0 16016     0 58380 58964  1  0 94  4  0	
 1  1      0 69362352   7984  72604    0    0 15568     0 58204 58786  1  0 94  4  0	
 3  0      0 69362352   7992  72596    0    0 15712    32 58893 59523  1  0 94  4  0	
 1  1      0 69362352   7992  72604    0    0 15488     0 59097 59531  1  0 94  4  0	
 4  0      0 69362352   7992  72604    0    0 15632     0 58039 58537  1  0 94  4  0	
 3  0      0 69362352   7992  72604    0    0 15824     0 58065 58518  1  0 94  4  0	
 1  1      0 69362352   7992  72604    0    0 15376     0 59032 59505  1  0 94  4  0	
 1  1      0 69362352   7992  72604    0    0 15040     0 56230 57529  1  0 94  4  0	
 0  2      0 69362352   8000  72604    0    0 15536    12 56406 56989  1  0 94  4  0	
 1  1      0 69362352   8000  72604    0    0 15152     0 56270 56688  1  0 94  4  0	
 1  1      0 69362352   8000  72608    0    0 15280     0 58206 58606  1  0 94  4  0	
 1  1      0 69362352   8000  72608    0    0 15264     0 59525 60008  1  0 95  4  0	
 2  0      0 69362352   8000  72608    0    0 14944     0 56897 57843  1  1 95  4  0	
 1  1      0 69362352   8008  72600    0    0 15552    12 58633 59477  1  0 94  4  0	
 1  1      0 69362352   8008  72608    0    0 16096     0 57248 58132  1  0 94  4  0	
procs -----------memory---------- ---swap-- -----io---- --system-- -----cpu-----
 r  b   swpd   free   buff  cache   si   so    bi    bo   in   cs us sy id wa st
 3  0      0 69362352   8008  72608    0    0 15680     0 59517 60227  1  0 95  4  0	
 4  0      0 69362352   8008  72608    0    0 15360     0 59284 59851  1  0 94  4  0	
 2  0      0 69362352   8008  72608    0    0 16576     0 58052 58680  1  0 94  4  0	
 1  1      0 69362352   8008  72608    0    0 15328    20 58228 58786  1  1 94  4  0	
 3  0      0 69362352   8016  72600    0    0 15408    12 59385 60042  1  0 94  4  0	
 2  0      0 69362352   8016  72608    0    0 14640     0 59637 60442  1  1 94  4  0	
 2  0      0 69362352   8016  72608    0    0 15648     0 58454 59055  1  0 94  4  0	
 2  0      0 69362352   8016  72608    0    0 15904     0 57335 58037  1  0 94  4  0	
 2  0      0 69362352   8016  72608    0    0 15392     0 57801 58325  1  1 94  4  0	
 2  1      0 69362352   8024  72604    0    0 15216    12 59201 59815  1  0 95  4  0	
 2  0      0 69362352   8024  72604    0    0 14560     0 57428 58453  1  0 94  4  0	
 3  0      0 69362352   8024  72604    0    0 15136     0 58309 58927  1  0 94  4  0	
 2  1      0 69362352   8024  72604    0    0 15712     0 58052 58941  1  0 95  4  0	
 1  1      0 69362352   8024  72604    0    0 15792    16 56731 57327  1  0 94  4  0	
 1  1      0 69362352   8024  72604    0    0 15008     0 59646 60274  1  0 94  4  0	
 3  0      0 69362352   8032  72596    0    0 15392    28 58937 59615  1  0 94  4  0	
 1  1      0 69362352   8032  72596    0    0 14976     0 60322 61096  1  1 95  4  0	
 1  1      0 69362352   8032  72612    0    0 16400     0 57949 58614  1  0 94  4  0	
 1  1      0 69362352   8032  72612    0    0 14864     0 59161 59746  1  1 94  4  0	
 1  1      0 69362352   8032  72612    0    0 15760     0 57485 57956  1  1 94  4  0	
 2  0      0 69362352   8040  72612    0    0 15280    12 58682 59051  1  0 94  4  0	
procs -----------memory---------- ---swap-- -----io---- --system-- -----cpu-----
 r  b   swpd   free   buff  cache   si   so    bi    bo   in   cs us sy id wa st
 2  1      0 69362352   8040  72612    0    0 16064     0 57000 57563  1  0 94  4  0	
 1  1      0 69362352   8040  72612    0    0 15136     0 58100 58755  1  0 94  4  0	
 2  0      0 69362352   8040  72612    0    0 15184     0 56879 57697  1  1 94  4  0	
 0  2      0 69362352   8040  72612    0    0 15504     0 58341 58922  1  0 94  4  0	
 3  0      0 69362352   8040  72612    0    0 14816     0 57739 58304  1  0 94  4  0	
 0  2      0 69362352   8048  72612    0    0 15312    12 58568 59261  1  0 95  4  0	
 3  0      0 69362352   8048  72612    0    0 15824     0 58462 59084  1  0 94  4  0	
 2  0      0 69362352   8048  72612    0    0 16080     0 58113 58628  1  1 94  4  0	
 2  0      0 69362352   8048  72612    0    0 15328     0 58802 59432  1  0 95  4  0	
 3  0      0 69362352   8048  72616    0    0 15312     0 59548 60213  1  0 94  4  0	
 3  1      0 69362352   8056  72608    0    0 16000    12 57822 58402  1  1 94  4  0	
 3  0      0 69362352   8056  72608    0    0 15328     0 57981 58567  1  0 94  4  0	
 2  0      0 69362352   8056  72616    0    0 15248     0 57917 58295  1  1 94  4  0	
 1  1      0 69362352   8056  72616    0    0 15488    16 59072 59470  1  0 94  4  0	
 1  1      0 69362352   8056  72616    0    0 15008     0 58877 59312  1  1 94  4  0	
 1  1      0 69362352   8056  72616    0    0 14688     0 59072 59481  1  0 94  4  0	
 2  0      0 69362352   8064  72608    0    0 15888    12 57796 58151  1  0 94  4  0	
 3  0      0 69362352   8064  72616    0    0 15712     0 59032 59341  1  0 94  4  0	
 1  1      0 69362352   8064  72616    0    0 15408     0 59664 60171  1  0 94  4  0	
 2  0      0 69362352   8064  72616    0    0 14576     0 59310 59829  1  1 94  4  0	
 3  0      0 69362352   8064  72616    0    0 15840     0 57806 58256  1  0 94  4  0	
procs -----------memory---------- ---swap-- -----io---- --system-- -----cpu-----
 r  b   swpd   free   buff  cache   si   so    bi    bo   in   cs us sy id wa st
 3  0      0 69362352   8072  72612    0    0 15600    16 59159 59638  1  0 94  4  0	
 2  0      0 69362352   8072  72612    0    0 15792     0 58031 58406  1  1 94  4  0	
 2  0      0 69362352   8072  72612    0    0 15616     4 58862 59152  1  0 95  4  0	
 3  0      0 69362352   8072  72612    0    0 15360     0 58808 59223  1  0 95  4  0	
 2  0      0 69362352   8072  72616    0    0 15776     0 57260 57632  1  0 94  4  0	
 1  1      0 69362352   8080  72616    0    0 16640    12 56946 57345  1  1 94  4  0	
 1  1      0 69362352   8080  72616    0    0 15648     0 58546 58901  1  0 94  4  0	
 1  1      0 69362352   8080  72616    0    0 16240     8 57973 58380  1  0 94  4  0	
 2  0      0 69362352   8080  72616    0    0 15216     0 58841 59227  1  0 94  4  0	
 1  1      0 69362352   8080  72616    0    0 15600     0 58538 58941  1  0 95  4  0	
 2  0      0 69362352   8080  72620    0    0 15680     0 58651 59017  1  0 94  4  0	
 2  0      0 69362352   8088  72612    0    0 15008    24 56110 56433  1  0 94  4  0	
 2  0      0 69362352   8088  72620    0    0 14752     0 57857 58215  1  0 94  4  0	
 3  0      0 69362352   8088  72620    0    0 14656     0 58287 58750  1  0 94  4  0	
 2  0      0 69362352   8088  72620    0    0 15040     0 57623 58078  1  0 94  4  0	
 1  1      0 69362352   8088  72620    0    0 14880     0 59932 60353  1  0 95  4  0	
 1  1      0 69362352   8096  72612    0    0 15584    12 58479 58849  1  0 94  4  0	
 1  1      0 69362352   8096  72612    0    0 15312     0 56459 56748  1  0 94  4  0	
 1  1      0 69362352   8096  72612    0    0 16096     0 58338 58661  1  0 94  4  0	
 2  0      0 69362352   8096  72612    0    0 15216     0 58804 59204  1  0 94  4  0	
 2  0      0 69362352   8096  72612    0    0 15408     0 58746 59107  1  1 94  4  0	
procs -----------memory---------- ---swap-- -----io---- --system-- -----cpu-----
 r  b   swpd   free   buff  cache   si   so    bi    bo   in   cs us sy id wa st
 0  3      0 69362352   8096  72612    0    0 15056     8 57379 57733  1  1 94  4  0	
 1  1      0 69362352   8104  72604    0    0 15392     4 57683 58227  1  0 94  4  0	
 1  1      0 69362352   8104  72624    0    0 15776     0 57923 58496  1  0 94  4  0	
 1  1      0 69362352   8104  72624    0    0 14704     0 58680 59252  1  0 94  4  0	
 2  0      0 69362352   8104  72624    0    0 15824     0 58307 58879  1  0 94  4  0	
 1  1      0 69362352   8104  72624    0    0 16464     0 58282 58939  1  1 94  4  0	
 2  0      0 69362352   8112  72616    0    0 15552    12 58083 58701  1  0 94  4  0	
 2  0      0 69362352   8112  72616    0    0 15472    20 58115 58673  1  0 94  4  0	
 1  1      0 69362352   8112  72616    0    0 14608     0 58751 59322  1  0 94  4  0	
 0  2      0 69362352   8112  72616    0    0 15216     0 58800 59485  1  0 94  4  0	
 1  1      0 69362352   8112  72624    0    0 15056     0 58328 58926  1  0 94  4  0	
 2  1      0 69362352   8120  72616    0    0 15920    12 58050 58663  1  0 94  4  0	
 2  1      0 69362352   8120  72616    0    0 15664     8 57847 58367  1  0 94  4  0	
 3  0      0 69362352   8120  72616    0    0 15312     0 56599 57118  1  0 94  4  0	
 2  0      0 69362352   8120  72616    0    0 15120     0 56796 57328  1  0 94  4  0	
 3  0      0 69362352   8120  72616    0    0 16048     0 57211 57717  1  0 94  4  0	
 2  1      0 69362352   8120  72616    0    0 15968     0 58624 59178  1  0 94  4  0	
 2  0      0 69362352   8128  72608    0    0 15792    32 57299 57895  1  0 94  4  0	
 2  1      0 69362352   8128  72624    0    0 15632     0 58132 58766  1  0 95  4  0	
 2  1      0 69362352   8128  72624    0    0 14832     0 59306 59889  1  1 94  4  0	
 2  1      0 69362352   8128  72624    0    0 15440     0 57796 58292  1  1 94  4  0	
procs -----------memory---------- ---swap-- -----io---- --system-- -----cpu-----
 r  b   swpd   free   buff  cache   si   so    bi    bo   in   cs us sy id wa st
 2  0      0 69362352   8128  72624    0    0 15888     0 58600 59152  1  0 94  4  0	
 1  1      0 69362352   8136  72616    0    0 15664    24 57397 57839  1  0 94  4  0	
 3  0      0 69362352   8136  72616    0    0 15056     0 58374 58933  1  1 94  4  0	
 2  1      0 69362352   8136  72616    0    0 15408     0 58473 59071  1  1 94  4  0	
 3  0      0 69362352   8136  72616    0    0 15888     0 58086 58629  1  0 95  4  0	
 2  0      0 69362352   8136  72624    0    0 15744     0 57855 58529  1  0 94  4  0	
 1  1      0 69362352   8136  72624    0    0 15808     0 58629 59162  1  0 94  4  0	
 3  0      0 69362352   8144  72620    0    0 16000    12 57170 57741  1  0 94  4  0	
 2  0      0 69362352   8144  72620    0    0 15216     0 57112 57703  1  0 94  4  0	
 1  1      0 69362352   8144  72620    0    0 15072     0 58000 58458  1  0 94  4  0	
 3  0      0 69362352   8144  72620    0    0 15680     0 58515 59182  1  0 94  4  0	
 2  0      0 69362352   8144  72620    0    0 15792     0 58267 59206  1  1 94  4  0	
 3  0      0 69362352   8152  72612    0    0 16064    12 58370 59408  1  1 94  4  0	
 2  0      0 69362352   8152  72632    0    0 15264     0 59121 60054  1  0 94  4  0	
 2  0      0 69362352   8152  72632    0    0 16352     0 57412 58346  1  0 94  4  0	
 2  0      0 69362352   8152  72632    0    0 15104     0 58002 59027  1  0 94  4  0	
 1  1      0 69362352   8152  72632    0    0 15952     0 58139 59250  1  0 94  4  0	
 1  1      0 69362352   8152  72632    0    0 15584     0 59056 60054  1  1 94  4  0	
 1  1      0 69362352   8160  72624    0    0 15232    12 57637 58858  1  1 94  4  0	
 2  0      0 69362352   8160  72624    0    0 15328     0 57394 58321  1  1 94  4  0	
 2  0      0 69362352   8160  72624    0    0 14848     0 59440 60365  1  0 94  4  0	
procs -----------memory---------- ---swap-- -----io---- --system-- -----cpu-----
 r  b   swpd   free   buff  cache   si   so    bi    bo   in   cs us sy id wa st
 3  0      0 69362352   8160  72632    0    0 15840     0 58310 59408  1  0 95  4  0	
 1  1      0 69362352   8160  72632    0    0 16768    24 56692 57685  1  0 94  4  0	
 3  0      0 69362352   8168  72624    0    0 16336    24 56439 57429  1  0 94  4  0	
 1  1      0 69362352   8168  72624    0    0 14864     0 59127 60207  1  0 94  4  0	
 1  1      0 69362352   8168  72624    0    0 16032     0 59022 60082  1  1 94  4  0	
 1  1      0 69362352   8168  72624    0    0 15680     0 57968 59022  1  0 94  4  0	
 2  0      0 69362352   8168  72624    0    0 16144     8 57093 58016  1  0 94  4  0	
 1  1      0 69362352   8168  72624    0    0 15504     0 58810 59903  1  0 94  4  0	
 1  1      0 69362352   8176  72632    0    0 15040    24 58547 59525  1  0 94  4  0	
 2  0      0 69362352   8176  72632    0    0 15712     0 56591 57491  1  0 94  4  0	
 2  1      0 69362352   8176  72632    0    0 14976     0 59764 60797  1  0 94  4  0	
 2  1      0 69362352   8176  72632    0    0 15744     0 58707 59662  1  0 95  4  0	
 1  1      0 69362352   8176  72632    0    0 15888     0 58244 59272  1  0 95  4  0	
 1  1      0 69362352   8184  72624    0    0 15328    12 58591 59557  1  0 94  4  0	
 1  1      0 69362352   8184  72624    0    0 15600     0 58150 58870  1  0 94  4  0	
 0  2      0 69362352   8184  72624    0    0 15312     0 59241 60041  1  0 95  4  0	
 1  1      0 69362352   8184  72632    0    0 15248     0 59535 60035  1  1 94  4  0	
 2  0      0 69362352   8184  72632    0    0 15696     0 58479 59329  1  0 94  4  0	
 1  1      0 69362352   8184  72632    0    0 16048     0 56332 56876  1  0 94  4  0	
 1  1      0 69362352   8192  72624    0    0 15872    12 58532 59122  1  0 94  4  0	
 1  1      0 69362352   8192  72624    0    0 15872     0 58135 58683  1  1 94  4  0	
procs -----------memory---------- ---swap-- -----io---- --system-- -----cpu-----
 r  b   swpd   free   buff  cache   si   so    bi    bo   in   cs us sy id wa st
 1  1      0 69362352   8192  72624    0    0 15904     0 58575 59068  1  0 94  4  0	
 0  2      0 69362352   8192  72624    0    0 15152     0 59149 59613  1  0 95  4  0	
 2  0      0 69362352   8192  72624    0    0 15760     0 57719 58408  1  0 94  4  0	
 1  1      0 69362224   8200  72624    0    0 15296    12 56907 58535  1  0 94  4  0	
 2  0      0 69362224   8200  72624    0    0 15808     0 58804 59353  1  0 94  4  0	
 1  1      0 69362224   8200  72624    0    0 15328     0 59882 60443  1  0 95  4  0	
 1  1      0 69362224   8200  72624    0    0 15920     0 59157 59764  1  0 95  4  0	
 3  0      0 69362224   8200  72624    0    0 15776     0 57931 58407  1  1 94  4  0	
 1  1      0 69362224   8200  72624    0    0 16128     0 57769 58349  1  1 94  4  0	
 2  0      0 69362224   8208  72616    0    0 15872    12 58255 58827  1  0 94  4  0	
 0  2      0 69362224   8208  72616    0    0 15232     0 58989 59603  1  0 94  4  0	
 0  2      0 69362224   8208  72636    0    0 15824     0 57397 57840  1  0 94  4  0	
 1  1      0 69362224   8208  72636    0    0 15664     0 57135 57532  1  0 94  4  0	
 1  1      0 69362224   8208  72636    0    0 16240     0 57605 57950  1  0 94  4  0	
 1  1      0 69362224   8216  72628    0    0 15248    12 57902 58206  1  1 94  4  0	
 2  1      0 69362224   8216  72628    0    0 15984    20 57999 58338  1  0 94  4  0	
 1  1      0 69362224   8216  72628    0    0 16128     0 57331 57695  1  0 94  4  0	
 1  1      0 69362224   8216  72628    0    0 15200     0 58261 58572  1  0 94  4  0	
 2  0      0 69362224   8216  72628    0    0 15520     0 57915 58303  1  0 94  4  0	
 2  0      0 69362224   8216  72640    0    0 15568     0 56945 57286  1  0 94  4  0	
 3  0      0 69362224   8224  72640    0    0 15952    28 57532 57902  1  0 94  4  0	
procs -----------memory---------- ---swap-- -----io---- --system-- -----cpu-----
 r  b   swpd   free   buff  cache   si   so    bi    bo   in   cs us sy id wa st
 3  0      0 69362224   8224  72640    0    0 15328     0 56272 56498  1  0 94  4  0	
 1  1      0 69362224   8224  72640    0    0 15712     0 57219 57503  1  1 93  4  0	
 0  2      0 69362224   8224  72640    0    0 15072     0 57416 57725  1  0 94  4  0	
 3  0      0 69362224   8224  72640    0    0 15200     0 58097 58442  1  0 94  4  0	
 0  2      0 69362224   8232  72632    0    0 15568    12 58532 58896  1  0 94  4  0	
 0  2      0 69362224   8232  72632    0    0 15616     0 57956 58284  1  0 94  4  0	
 1  1      0 69362224   8232  72640    0    0 15088     0 57088 57383  1  0 94  4  0	
 2  0      0 69362224   8232  72640    0    0 15440     0 58291 58648  1  0 95  4  0	
 1  1      0 69362224   8232  72640    0    0 15552     0 56721 56960  1  0 94  4  0	
 3  0      0 69362224   8232  72640    0    0 15696     0 57987 58342  1  0 94  4  0	
 1  1      0 69362224   8240  72632    0    0 15648    12 57068 57320  1  0 94  4  0	
 0  2      0 69362224   8240  72632    0    0 15248     0 56400 56753  1  0 94  4  0	
 1  1      0 69362224   8240  72632    0    0 15584     0 57132 57519  1  0 94  4  0	
 2  0      0 69362224   8240  72632    0    0 15536     0 56662 57103  1  0 94  4  0	
 1  1      0 69362224   8240  72640    0    0 16032     0 58156 58435  1  0 94  4  0	
 1  1      0 69362224   8248  72632    0    0 15664    12 59235 59712  1  0 94  4  0	
 1  1      0 69362224   8248  72632    0    0 15616     0 57116 57660  1  0 94  4  0	
 3  0      0 69362224   8248  72632    0    0 15488     0 58343 58896  1  1 94  4  0	
 2  0      0 69362224   8248  72632    0    0 16064     0 57930 58540  1  0 94  4  0	
 1  1      0 69362224   8248  72632    0    0 14608     0 59350 59981  1  0 94  4  0	
 2  0      0 69362224   8248  72632    0    0 16080     0 58300 58907  1  0 94  4  0	
procs -----------memory---------- ---swap-- -----io---- --system-- -----cpu-----
 r  b   swpd   free   buff  cache   si   so    bi    bo   in   cs us sy id wa st
 1  1      0 69362224   8256  72624    0    0 15264    12 58440 58854  1  0 95  4  0	
 0  2      0 69362224   8256  72644    0    0 15552     0 57869 58270  1  0 94  4  0	
 0  2      0 69362224   8256  72644    0    0 15472     0 58157 58774  1  1 94  4  0	
 2  0      0 69362224   8256  72644    0    0 15712     0 57827 58496  1  0 94  4  0	
 2  0      0 69362224   8256  72644    0    0 15520     4 58600 59159  1  0 95  4  0	
 1  1      0 69362224   8264  72636    0    0 15488    16 57295 57849  1  0 94  4  0	
 2  0      0 69362224   8264  72636    0    0 15488     0 57094 57659  1  1 94  4  0	
 2  0      0 69362224   8264  72636    0    0 15760     0 57461 58118  1  0 94  4  0	
 2  0      0 69362224   8264  72636    0    0 15408     0 58356 59007  1  1 94  4  0	
 2  0      0 69362224   8264  72644    0    0 15952    16 58740 59304  1  1 94  4  0	
 1  1      0 69362224   8272  72644    0    0 16128    24 56894 57569  1  0 94  4  0	
 1  1      0 69362224   8272  72644    0    0 15552     0 57141 57720  1  1 94  4  0	
 1  1      0 69362224   8272  72644    0    0 16096     0 56649 57174  1  0 94  4  0	
 2  1      0 69362224   8272  72644    0    0 15680     0 58135 58740  1  0 94  4  0	
 2  0      0 69362224   8272  72644    0    0 15792     0 57628 58352  1  1 94  4  0	
 2  0      0 69362224   8272  72644    0    0 15984     0 57806 58415  1  1 94  4  0	
 0  2      0 69362224   8280  72636    0    0 15392    12 59000 59670  1  0 94  4  0	
 1  1      0 69362224   8280  72648    0    0 15472     0 58929 59474  1  0 95  4  0	
 1  1      0 69362224   8280  72648    0    0 15088     0 59448 60095  1  0 95  4  0	
 1  1      0 69362224   8280  72648    0    0 15296     0 58467 59007  1  0 94  4  0	
 1  1      0 69362224   8280  72648    0    0 15072     0 59066 59705  1  0 95  4  0	
procs -----------memory---------- ---swap-- -----io---- --system-- -----cpu-----
 r  b   swpd   free   buff  cache   si   so    bi    bo   in   cs us sy id wa st
 2  0      0 69362224   8288  72640    0    0 15184    12 58195 58817  1  1 94  4  0	
 0  2      0 69362224   8288  72640    0    0 16000     0 58552 59079  1  0 94  4  0	
 3  0      0 69362224   8288  72640    0    0 15248     0 58757 59368  1  0 94  4  0	
 1  1      0 69362224   8288  72640    0    0 15728     0 58621 59047  1  0 94  4  0	
 3  0      0 69362224   8288  72648    0    0 15744     0 57687 58285  1  0 94  4  0	
 2  1      0 69362224   8288  72648    0    0 15760     0 58505 59158  1  0 94  4  0	
 1  1      0 69362224   8296  72640    0    0 15744    12 57658 58222  1  0 95  4  0	
 3  0      0 69362224   8296  72640    0    0 15696     0 58433 59099  1  0 94  4  0	
 2  0      0 69362224   8296  72640    0    0 15344     0 58386 58910  1  0 94  4  0	
 0  2      0 69362224   8296  72640    0    0 15248     4 58526 59058  1  0 94  4  0	
 2  0      0 69362224   8296  72640    0    0 15776     0 58098 58644  1  0 94  4  0	
 0  2      0 69362224   8304  72632    0    0 14896    12 57758 58276  1  1 94  4  0	
 2  0      0 69362224   8304  72652    0    0 16032     0 58334 58926  1  0 94  4  0	
 1  1      0 69362224   8304  72652    0    0 15360     0 59861 60627  1  0 95  4  0	
 3  0      0 69362224   8304  72652    0    0 15344     8 58518 59176  1  1 94  4  0	
 1  1      0 69362224   8304  72652    0    0 16064     0 58315 58945  1  0 94  4  0	
 2  0      0 69362224   8304  72652    0    0 15392     0 57525 58159  1  0 94  4  0	
 1  1      0 69362224   8312  72644    0    0 15792    24 56957 57593  1  0 94  4  0	
 2  0      0 69362224   8312  72644    0    0 15776     0 58610 59134  1  0 94  4  0	
 1  1      0 69362224   8312  72644    0    0 15344     8 58044 58694  1  0 94  4  0	
 2  1      0 69362224   8312  72652    0    0 15936     0 56617 57230  1  0 94  4  0	
procs -----------memory---------- ---swap-- -----io---- --system-- -----cpu-----
 r  b   swpd   free   buff  cache   si   so    bi    bo   in   cs us sy id wa st
 2  0      0 69362224   8312  72652    0    0 15408     0 55897 56621  1  0 94  4  0	
 2  1      0 69362224   8320  72644    0    0 15712    24 58281 58818  1  0 94  4  0	
 2  1      0 69362224   8320  72644    0    0 16112     0 58002 58713  1  0 94  4  0	
 1  1      0 69362224   8320  72644    0    0 15088    16 59512 60152  1  0 95  4  0	
 1  1      0 69362224   8320  72644    0    0 15840     0 58772 59244  1  0 94  4  0	
 1  1      0 69362224   8320  72644    0    0 15248     0 59491 60171  1  1 94  4  0	
 2  0      0 69362224   8320  72644    0    0 16128     0 58885 59539  1  0 95  4  0	
 0  2      0 69362096   8328  72652    0    0 15392    12 57124 57692  1  0 94  4  0	
 2  0      0 69362096   8328  72652    0    0 15376     0 59145 59877  1  1 94  4  0	
 2  0      0 69362096   8328  72652    0    0 15616     0 57614 58150  1  0 95  4  0	
 2  0      0 69362096   8328  72652    0    0 15408     0 58412 58972  1  0 94  4  0	
 2  0      0 69362096   8328  72652    0    0 15360     0 58469 59092  1  0 94  4  0	
 2  1      0 69362096   8336  72644    0    0 15344    12 58730 59367  1  0 95  4  0	
 1  1      0 69362096   8336  72644    0    0 15296     0 58074 58701  1  1 94  4  0	
 1  1      0 69362096   8336  72644    0    0 15648     0 58788 59427  1  0 94  4  0	
 2  0      0 69362096   8336  72652    0    0 15648     0 59287 59940  1  1 94  4  0	
 0  2      0 69362096   8336  72652    0    0 15952     0 58008 58601  1  1 94  4  0	
 2  0      0 69362096   8336  72652    0    0 15264     0 59506 60135  1  0 95  4  0	
 1  1      0 69362096   8344  72644    0    0 16128    16 57435 58005  1  0 94  4  0	
 3  0      0 69362096   8344  72644    0    0 15936     0 58736 59295  1  0 94  4  0	
 3  0      0 69362096   8344  72644    0    0 15840     0 58550 59200  1  1 94  4  0	
procs -----------memory---------- ---swap-- -----io---- --system-- -----cpu-----
 r  b   swpd   free   buff  cache   si   so    bi    bo   in   cs us sy id wa st
 0  2      0 69362096   8344  72644    0    0 16256     0 57115 57740  1  0 94  4  0	
 1  1      0 69362096   8344  72644    0    0 15408     0 59411 59995  1  0 94  4  0	
 3  0      0 69362096   8352  72656    0    0 15040    12 57874 58504  1  1 94  4  0	
 1  1      0 69362096   8352  72656    0    0 15152     8 58043 58635  1  0 94  4  0	
 1  1      0 69362096   8352  72656    0    0 15344     0 60185 59928  1  0 94  4  0	
 1  1      0 69362096   8352  72656    0    0 16224     0 58781 59168  1  0 94  4  0	
 2  0      0 69362096   8352  72656    0    0 15440     0 58711 59225  1  1 94  4  0	
 1  1      0 69362096   8360  72648    0    0 15120    24 59240 59855  1  0 94  4  0	
 2  0      0 69362096   8360  72648    0    0 15552     8 57590 58175  1  0 94  4  0	
 1  1      0 69362096   8360  72648    0    0 15536     0 58658 59142  1  0 94  4  0	
 0  2      0 69362096   8360  72660    0    0 16384     0 58125 58416  1  0 95  4  0	
 2  0      0 69362096   8360  72660    0    0 15344     0 59392 59714  1  0 94  4  0	
 0  2      0 69362096   8360  72660    0    0 15264     0 58400 58617  1  0 94  4  0	
 2  0      0 69362096   8368  72652    0    0 15072    32 59977 60436  1  0 95  4  0	
 1  1      0 69362096   8368  72652    0    0 15760     0 59012 59541  1  1 94  4  0	
 0  2      0 69362096   8368  72652    0    0 15872     0 58355 58775  1  0 94  4  0	
 1  1      0 69362096   8368  72652    0    0 15552     0 59359 59739  1  0 94  4  0	
 3  0      0 69362096   8368  72652    0    0 16080     0 57692 58062  1  0 94  4  0	
 0  2      0 69362096   8376  72664    0    0 16048    36 58726 59073  1  0 94  4  0	
 2  0      0 69362096   8376  72664    0    0 16096     0 58245 58930  1  0 94  4  0	
 1  1      0 69362096   8376  72664    0    0 15888     0 58535 58847  1  0 94  4  0	
procs -----------memory---------- ---swap-- -----io---- --system-- -----cpu-----
 r  b   swpd   free   buff  cache   si   so    bi    bo   in   cs us sy id wa st
 2  0      0 69362096   8376  72664    0    0 15856     0 57298 57656  1  0 94  4  0	
 1  1      0 69362096   8376  72664    0    0 15568     0 57161 57404  1  0 94  4  0	
 1  1      0 69362096   8384  72656    0    0 15088    12 58984 59250  1  0 94  4  0	
 1  1      0 69362096   8384  72656    0    0 15728     0 55979 56488  1  0 94  4  0	
 1  1      0 69362096   8384  72656    0    0 15296     0 58217 58637  1  0 94  4  0	
 1  1      0 69362096   8384  72668    0    0 15792     0 58003 58386  1  0 94  4  0	
 3  0      0 69362096   8384  72668    0    0 15488     0 58106 58542  1  0 94  4  0	
 2  1      0 69362096   8384  72668    0    0 15712     8 56197 56634  1  0 94  4  0	
 2  0      0 69362096   8392  72660    0    0 15616    32 59216 59780  1  0 95  4  0	
 2  0      0 69362096   8392  72660    0    0 15248     0 58272 58832  1  0 95  4  0	
 1  1      0 69362096   8392  72660    0    0 15856     0 58616 59264  1  0 95  4  0	
 1  1      0 69362096   8392  72660    0    0 16336     0 57417 57946  1  0 94  4  0	
 2  0      0 69362096   8392  72660    0    0 14960     0 58852 59665  1  0 95  4  0	
 2  0      0 69362096   8400  72664    0    0 15520    12 56977 57506  1  0 94  4  0	
 1  1      0 69362096   8400  72664    0    0 15936     0 58001 58655  1  0 94  4  0	
 3  0      0 69362096   8400  72664    0    0 15696     0 59536 60272  1  1 94  4  0	
 2  0      0 69362096   8400  72664    0    0 15456     0 60036 60755  1  0 95  4  0	
 1  1      0 69362096   8400  72664    0    0 16032    12 58194 58883  1  0 94  4  0	
 2  0      0 69362096   8400  72664    0    0 16032     0 57038 57667  1  0 94  4  0	
 3  0      0 69362096   8408  72676    0    0 14256    24 52711 53324  1  0 94  5  0	
 3  0      0 69362096   8408  72676    0    0 15792     0 59101 59887  1  0 94  4  0	
procs -----------memory---------- ---swap-- -----io---- --system-- -----cpu-----
 r  b   swpd   free   buff  cache   si   so    bi    bo   in   cs us sy id wa st
 2  0      0 69362096   8408  72676    0    0 16080     0 57037 57651  1  1 94  4  0	
 1  1      0 69362096   8408  72676    0    0 15152     8 59757 60362  1  0 95  4  0	
 2  0      0 69362096   8408  72676    0    0 15680     0 59467 60219  1  0 94  4  0	
 3  0      0 69362096   8416  72672    0    0 15216    28 59391 60074  1  0 94  4  0	
 2  1      0 69362096   8416  72672    0    0 16080     0 58281 58816  1  0 94  4  0	
 1  1      0 69362096   8416  72672    0    0 15216     0 60572 61252  1  0 94  4  0	
 1  1      0 69362096   8416  72676    0    0 15552     0 57905 58656  1  1 94  4  0	
 1  1      0 69362096   8416  72676    0    0 16432    32 58245 58910  1  0 94  4  0	
 2  0      0 69362096   8416  72676    0    0 15616     0 59297 59919  1  0 94  4  0	
 2  0      0 69362096   8424  72672    0    0 15568    12 59577 60234  1  0 94  4  0	
 1  1      0 69362096   8424  72672    0    0 15456     0 57339 58021  1  0 94  4  0	
 0  2      0 69362096   8424  72672    0    0 15472     0 59689 60258  1  1 94  4  0	
 1  1      0 69362096   8424  72672    0    0 16320     0 58212 58830  1  0 94  4  0	
 1  1      0 69362096   8424  72672    0    0 16448     0 58110 58779  1  0 94  4  0	
 2  0      0 69362096   8432  72664    0    0 15728    12 57569 58486  1  0 94  4  0	
 1  1      0 69362096   8432  72664    0    0 16336     0 58000 58811  1  0 94  4  0	
 3  0      0 69362096   8432  72676    0    0 16048     0 59272 59478  1  0 94  4  0	
 2  1      0 69362096   8432  72676    0    0 15728     0 59571 60147  1  0 94  4  0	
 2  0      0 69362096   8432  72676    0    0 15712     0 59329 59878  1  1 94  4  0	
 1  1      0 69362096   8432  72676    0    0 16160     0 57215 57774  1  0 94  4  0	
 1  1      0 69362096   8440  72668    0    0 15456    16 58720 59198  1  0 95  4  0	
procs -----------memory---------- ---swap-- -----io---- --system-- -----cpu-----
 r  b   swpd   free   buff  cache   si   so    bi    bo   in   cs us sy id wa st
 2  0      0 69362096   8440  72668    0    0 15648     0 58615 59121  1  0 94  4  0	
 2  0      0 69362096   8440  72676    0    0 16064     0 58144 58764  1  0 94  4  0	
 1  1      0 69362096   8440  72676    0    0 16384     0 57223 57822  1  0 94  4  0	
 1  1      0 69362096   8440  72676    0    0 15520     0 59039 59412  1  0 94  4  0	
 2  0      0 69362096   8448  72668    0    0 15568    12 59016 59673  1  1 94  4  0	
 1  1      0 69362096   8448  72668    0    0 16000     0 57824 58238  1  0 94  4  0	
 2  0      0 69362096   8448  72668    0    0 15024     8 57630 58011  1  0 94  4  0	
 1  1      0 69362096   8448  72668    0    0 16480     0 57562 57932  1  0 95  4  0	
 1  1      0 69362096   8448  72668    0    0 15904     0 57831 58219  1  0 95  4  0	
 1  1      0 69362096   8448  72668    0    0 15344     0 56253 56618  1  0 94  4  0	
 3  0      0 69362096   8456  72660    0    0 16000    24 56345 56713  1  0 94  4  0	
 0  2      0 69361976   8456  72680    0    0 15184     8 57007 57560  1  0 94  4  0	
 2  0      0 69361976   8456  72680    0    0 15216     0 58979 59599  1  0 94  4  0	
 2  0      0 69361976   8456  72680    0    0 15296     0 59038 59682  1  0 94  4  0	
 2  0      0 69361976   8456  72680    0    0 15984     0 58305 58879  1  0 94  4  0	
 0  2      0 69361976   8464  72672    0    0 15296    24 57286 57790  1  0 94  4  0	
 2  0      0 69361976   8464  72672    0    0 15232     0 58761 59351  1  0 94  4  0	
 2  0      0 69361976   8464  72672    0    0 15824     0 57041 57525  1  0 94  4  0	
 2  0      0 69361976   8464  72672    0    0 16128     0 58302 58860  1  0 94  4  0	
 2  0      0 69361976   8464  72680    0    0 15344     0 57858 58340  1  1 94  4  0	
 0  2      0 69361976   8464  72680    0    0 15632     0 57558 58081  1  0 94  4  0	
procs -----------memory---------- ---swap-- -----io---- --system-- -----cpu-----
 r  b   swpd   free   buff  cache   si   so    bi    bo   in   cs us sy id wa st
 2  0      0 69361976   8472  72672    0    0 15472    32 58651 59196  1  0 94  4  0	
 1  1      0 69361976   8472  72672    0    0 15888     0 58204 58698  1  0 95  4  0	
 2  0      0 69361976   8472  72672    0    0 15744     0 58238 58842  1  0 94  4  0	
 0  2      0 69361976   8472  72672    0    0 15600     0 59277 59702  1  1 95  4  0	
 2  0      0 69361976   8472  72672    0    0 15184     0 58445 59007  1  0 94  4  0	
 2  0      0 69361976   8480  72664    0    0 15968    12 57767 58279  1  0 94  4  0	
 1  1      0 69361976   8480  72684    0    0 15904     0 58087 58512  1  0 94  4  0	
 0  2      0 69361976   8480  72684    0    0 16016     0 58373 59006  1  0 94  4  0	
 2  0      0 69361976   8480  72684    0    0 15408     0 57834 58309  1  1 94  4  0	
 0  2      0 69361976   8480  72684    0    0 15296     0 58183 58710  1  0 94  4  0	
 2  0      0 69361976   8480  72684    0    0 15808     0 57148 57724  1  0 94  4  0	
 2  0      0 69361976   8488  72676    0    0 15232    16 57527 58034  1  0 94  4  0	
 3  0      0 69361976   8488  72676    0    0 16208     0 58771 59257  1  1 94  4  0	
 3  0      0 69361976   8488  72676    0    0 15552     0 59505 60072  1  0 95  4  0	
 1  1      0 69361976   8488  72684    0    0 16000     0 58917 59397  1  0 94  4  0	
 1  1      0 69361976   8488  72684    0    0 16288     0 58589 59103  1  1 94  4  0	
 2  0      0 69361976   8496  72676    0    0 15184    32 60110 60637  1  0 94  4  0	
 1  1      0 69361976   8496  72676    0    0 15952     0 59102 59614  1  0 94  4  0	
 1  1      0 69361976   8496  72676    0    0 15152     0 57455 58041  1  0 95  4  0	
 2  0      0 69361976   8496  72676    0    0 15600     0 59345 59873  1  0 94  4  0	
 2  1      0 69361976   8496  72676    0    0 15536     0 59082 59639  1  1 94  4  0	
procs -----------memory---------- ---swap-- -----io---- --system-- -----cpu-----
 r  b   swpd   free   buff  cache   si   so    bi    bo   in   cs us sy id wa st
 3  0      0 69361976   8504  72668    0    0 16064    32 59142 59751  1  0 94  4  0	
 3  0      0 69361976   8504  72696    0    0 16016     0 58942 59435  1  0 95  4  0	
 0  2      0 69361976   8504  72696    0    0 16256     0 58289 58800  1  0 94  4  0	
 2  0      0 69361976   8504  72696    0    0 15312     0 59152 59672  1  0 94  4  0	
 2  0      0 69361976   8504  72696    0    0 15808     0 59450 59910  1  0 95  4  0	
 3  0      0 69361976   8504  72696    0    0 15264     0 58953 59444  1  0 95  4  0	
 1  1      0 69361976   8512  72696    0    0 15488    12 59117 59695  1  0 95  4  0	
 2  1      0 69361976   8512  72696    0    0 16320     0 57348 57863  1  0 94  4  0	
 2  0      0 69361976   8512  72696    0    0 15456     0 59462 60020  1  0 94  4  0	
 2  1      0 69361976   8512  72696    0    0 16032     0 58276 58803  1  1 94  4  0	
 2  0      0 69361976   8512  72696    0    0 15456     0 58713 59270  1  1 94  4  0	
 2  0      0 69361976   8520  72688    0    0 15456    12 58254 58695  2  0 94  4  0	
 2  1      0 69361976   8520  72688    0    0 14768     0 57536 58093  1  0 94  4  0	
 2  1      0 69361976   8520  72696    0    0 14800     0 59652 60034  1  0 95  4  0	
 1  1      0 69361976   8520  72696    0    0 16224     0 57010 57476  1  0 94  4  0	
 2  0      0 69361976   8520  72696    0    0 16016    20 57108 57610  1  0 94  4  0	
 1  1      0 69361976   8520  72696    0    0 15184     0 57472 57781  1  0 94  4  0	
 1  1      0 69361976   8528  72696    0    0 15504    12 55070 55486  1  0 94  4  0	
 1  1      0 69361976   8528  72696    0    0 15664     0 56018 56561  1  0 94  4  0	
 2  0      0 69361976   8528  72696    0    0 15936     0 57805 58325  1  0 94  4  0	
 2  0      0 69361976   8528  72696    0    0 16048     0 58184 59039  1  0 94  4  0	
procs -----------memory---------- ---swap-- -----io---- --system-- -----cpu-----
 r  b   swpd   free   buff  cache   si   so    bi    bo   in   cs us sy id wa st
 2  0      0 69361976   8528  72696    0    0 15936     0 58186 59130  1  0 94  4  0	
 2  0      0 69361976   8536  72688    0    0 15264    12 59644 60642  1  0 94  4  0	
 3  0      0 69361976   8536  72688    0    0 15392     0 57117 58154  1  0 94  4  0	
 2  0      0 69361976   8536  72688    0    0 16144     0 56457 57362  1  0 94  4  0	
 1  1      0 69361976   8536  72700    0    0 14880     0 59193 60213  1  0 94  4  0	
 1  1      0 69361976   8536  72700    0    0 15984     0 58604 59650  1  0 94  4  0	
 2  1      0 69361976   8536  72700    0    0 15520     0 58132 59103  1  0 94  4  0	
 3  0      0 69361976   8544  72692    0    0 15968    12 57914 58913  1  0 94  4  0	
 1  1      0 69361976   8544  72692    0    0 15856     0 58979 60029  1  0 95  4  0	
 0  2      0 69361976   8544  72692    0    0 16320     0 58254 59256  1  0 94  4  0	
 3  0      0 69361976   8544  72692    0    0 15936    12 57850 58879  1  0 94  4  0	
 1  1      0 69361976   8544  72692    0    0 16032     0 58386 59501  1  0 95  4  0	
 2  0      0 69361976   8552  72704    0    0 16416    24 58773 59872  1  0 94  4  0	
 2  1      0 69361976   8552  72704    0    0 15424     0 57835 58856  1  0 94  4  0	
 1  1      0 69361976   8552  72704    0    0 15408     0 58684 59765  1  0 94  4  0	
 2  0      0 69361976   8552  72704    0    0 15920     0 58818 59896  1  0 94  4  0	
 1  1      0 69361976   8552  72704    0    0 15312     0 58748 59744  1  0 95  4  0	
 2  0      0 69361976   8552  72704    0    0 16064     0 58847 59793  1  0 94  4  0	
 2  1      0 69361976   8560  72696    0    0 15664    12 58767 59657  1  0 94  4  0	
 2  0      0 69361976   8560  72696    0    0 16000     0 57650 58669  1  0 94  4  0	
 2  0      0 69361976   8560  72704    0    0 15584     0 58362 59368  1  0 94  4  0	
procs -----------memory---------- ---swap-- -----io---- --system-- -----cpu-----
 r  b   swpd   free   buff  cache   si   so    bi    bo   in   cs us sy id wa st
 3  0      0 69361976   8560  72704    0    0 15616     0 59482 60585  1  0 95  4  0	
 1  1      0 69361976   8560  72704    0    0 16384     0 58260 59252  1  0 94  4  0	
 2  0      0 69361976   8568  72696    0    0 15680    12 58475 59415  1  0 94  4  0	
 1  1      0 69361976   8568  72696    0    0 16224     0 57646 58559  1  0 94  4  0	
 0  2      0 69361976   8568  72696    0    0 15840     0 58498 59397  1  0 94  4  0	
 2  0      0 69361976   8568  72696    0    0 14816     0 57350 58152  1  0 94  4  0	
 0  2      0 69361976   8568  72696    0    0 15616     0 58302 59262  1  0 95  4  0	
 3  0      0 69361976   8568  72704    0    0 15680     0 59317 60321  1  0 94  4  0	
 2  0      0 69361856   8576  72704    0    0 15968    12 57715 58678  1  1 94  4  0	
 1  1      0 69361856   8576  72704    0    0 15648    12 58225 59131  1  0 95  4  0	
 1  1      0 69361856   8576  72704    0    0 15184     0 59119 60066  1  0 95  4  0	
 1  1      0 69361856   8576  72704    0    0 16240     0 58486 59542  1  0 94  4  0	
 1  1      0 69361856   8576  72704    0    0 16112     0 58677 59657  1  0 95  4  0	
 1  1      0 69361856   8584  72696    0    0 15584    12 57475 58325  1  1 94  4  0	
 2  0      0 69361856   8584  72696    0    0 15824     0 57826 58843  1  0 94  4  0	
 2  0      0 69361856   8584  72704    0    0 15680     0 57970 58791  1  0 95  4  0	
 2  0      0 69361856   8584  72704    0    0 15904     0 58816 59734  1  1 94  4  0	
 1  1      0 69361856   8584  72704    0    0 16144     0 58985 60109  1  0 94  4  0	
 1  1      0 69361856   8584  72704    0    0 15808     0 59846 60768  1  0 94  4  0	
 1  1      0 69361856   8592  72704    0    0 16064    20 58555 59503  1  0 94  4  0	
 2  0      0 69361856   8592  72704    0    0 15824     0 59152 60201  1  0 94  4  0	
procs -----------memory---------- ---swap-- -----io---- --system-- -----cpu-----
 r  b   swpd   free   buff  cache   si   so    bi    bo   in   cs us sy id wa st
 3  0      0 69361856   8592  72704    0    0 15696     0 57788 58757  1  1 94  4  0	
 1  1      0 69361856   8592  72704    0    0 15280     0 58924 59977  1  0 94  4  0	
 2  1      0 69361856   8592  72708    0    0 16080     0 58332 59539  1  0 94  4  0	
 0  2      0 69361856   8600  72700    0    0 16080    32 57851 58832  1  0 94  4  0	
 2  0      0 69361856   8600  72700    0    0 15696     0 57965 58956  1  0 95  4  0	
 0  2      0 69361856   8600  72700    0    0 14944     0 60175 61209  1  1 94  4  0	
 1  1      0 69361856   8600  72700    0    0 15744     0 58455 59475  1  0 94  4  0	
 1  1      0 69361856   8600  72700    0    0 16608     0 58466 59356  1  0 95  4  0	
 1  1      0 69361856   8600  72700    0    0 16368     0 58352 59332  1  0 94  4  0	
 2  1      0 69361856   8608  72692    0    0 16512    24 58599 59696  1  0 94  4  0	
 1  1      0 69361856   8608  72712    0    0 15280     0 59439 60418  1  0 94  4  0	
 1  1      0 69361856   8608  72712    0    0 16544     0 58222 59315  1  0 94  4  0	
 2  0      0 69361856   8608  72712    0    0 15568     0 59070 60001  1  1 94  4  0	
 2  0      0 69361856   8608  72712    0    0 15360     0 59715 60648  1  0 94  4  0	
 1  1      0 69361856   8616  72704    0    0 16128    12 57288 58140  1  0 94  4  0	
 1  1      0 69361856   8616  72704    0    0 16400     0 57757 58695  1  0 94  4  0	
 1  1      0 69361856   8616  72704    0    0 15680     0 57587 58382  1  1 94  4  0	
 0  2      0 69361856   8616  72704    0    0 15616     0 59318 59849  1  1 94  4  0	
 2  0      0 69361856   8616  72712    0    0 14624     0 58780 58338  1  0 94  4  0	
 1  1      0 69361856   8616  72712    0    0 16032     0 57487 57769  1  0 94  4  0	
 1  1      0 69361856   8624  72704    0    0 14864    16 58689 59212  1  0 94  4  0	
procs -----------memory---------- ---swap-- -----io---- --system-- -----cpu-----
 r  b   swpd   free   buff  cache   si   so    bi    bo   in   cs us sy id wa st
 1  1      0 69361856   8624  72704    0    0 15392     0 58809 59475  1  0 94  4  0	
 2  0      0 69361856   8624  72704    0    0 15248     0 59050 59542  1  0 94  4  0	
 2  0      0 69361856   8624  72704    0    0 16160     0 57942 58435  1  0 94  4  0	
 0  2      0 69361856   8624  72712    0    0 15472    24 57746 58221  1  0 95  4  0	
 2  0      0 69361856   8632  72712    0    0 15616    12 58430 58977  1  1 94  4  0	
 0  2      0 69361856   8632  72712    0    0 16400     0 58531 59268  1  0 94  4  0	
 1  1      0 69361856   8632  72712    0    0 15648     0 58770 59325  1  0 95  4  0	
 2  0      0 69361856   8632  72712    0    0 15856     0 58844 59398  1  0 94  4  0	
 1  1      0 69361856   8632  72712    0    0 16304     0 58479 58857  1  0 94  4  0	
 2  0      0 69361856   8632  72712    0    0 15152     0 59178 59673  1  0 94  4  0	
 0  2      0 69361856   8640  72704    0    0 15408    12 59417 59902  1  0 95  4  0	
 2  1      0 69361856   8640  72704    0    0 15872     0 57854 58363  1  0 94  4  0	
 2  0      0 69361856   8640  72704    0    0 15488     0 58700 59237  1  0 95  4  0	
 0  2      0 69361856   8640  72712    0    0 16112    12 57850 58318  1  0 95  4  0	
 2  0      0 69361856   8640  72712    0    0 16368     0 58156 58749  1  0 94  4  0	
 2  1      0 69361856   8648  72704    0    0 15328    24 58743 59217  1  0 94  4  0	
 0  2      0 69361856   8648  72712    0    0 15584     0 59393 59872  1  1 94  4  0	
 1  1      0 69361856   8648  72712    0    0 16080     0 58788 59260  1  0 94  4  0	
 1  1      0 69361856   8648  72712    0    0 15856     0 59075 59612  1  0 94  4  0	
 0  2      0 69361856   8648  72712    0    0 15600     0 58368 58823  1  0 94  4  0	
 2  0      0 69361856   8648  72716    0    0 15328     0 59009 59530  1  0 94  4  0	
procs -----------memory---------- ---swap-- -----io---- --system-- -----cpu-----
 r  b   swpd   free   buff  cache   si   so    bi    bo   in   cs us sy id wa st
 2  0      0 69361856   8656  72716    0    0 14912    12 58358 58823  1  0 95  4  0	
 1  1      0 69361856   8656  72716    0    0 15888     0 58184 58667  1  0 94  4  0	
 2  0      0 69361856   8656  72716    0    0 16112     0 56537 56983  1  0 94  4  0	
 2  0      0 69361856   8656  72716    0    0 16128     0 58016 58460  1  0 94  4  0	
 1  1      0 69361856   8656  72720    0    0 15872     0 58760 59276  1  0 94  4  0	
 1  1      0 69361856   8664  72720    0    0 16048    12 58879 59360  1  0 95  4  0	
 2  0      0 69361856   8664  72720    0    0 15472     0 59475 59963  1  0 95  4  0	
 1  1      0 69361856   8664  72720    0    0 15584     4 59849 60370  1  0 95  4  0	
 2  0      0 69361856   8664  72720    0    0 15424     0 59717 60268  1  0 95  4  0	
 1  1      0 69361856   8664  72720    0    0 15824     0 58404 58955  1  0 94  4  0	
 2  1      0 69361856   8664  72720    0    0 16048     0 57912 58335  1  0 94  4  0	
 1  1      0 69361856   8672  72720    0    0 16016    12 58246 58715  1  0 94  4  0	
 1  1      0 69361856   8672  72720    0    0 15136     0 59287 59789  1  0 95  4  0	
 1  1      0 69361856   8672  72720    0    0 16000     0 58586 59074  1  0 94  4  0	
 1  1      0 69361856   8672  72720    0    0 15488     0 59158 59567  1  0 94  4  0	
 2  0      0 69361856   8672  72720    0    0 15856     0 57237 57734  1  0 94  4  0	
 2  1      0 69361856   8680  72712    0    0 15200    12 58730 59224  1  0 94  4  0	
 2  0      0 69361856   8680  72712    0    0 15712     0 58982 59569  1  0 94  4  0	
 1  1      0 69361856   8680  72712    0    0 14704    12 59667 60193  1  0 95  4  0	
 3  0      0 69361856   8680  72712    0    0 16064     0 57830 58333  1  0 94  4  0	
 3  0      0 69361856   8680  72712    0    0 15584     0 57795 58238  1  0 94  4  0	
procs -----------memory---------- ---swap-- -----io---- --system-- -----cpu-----
 r  b   swpd   free   buff  cache   si   so    bi    bo   in   cs us sy id wa st
 1  2      0 69361856   8680  72720    0    0 15856     8 58128 58661  1  1 94  4  0	
 2  0      0 69361856   8688  72720    0    0 14640     4 58053 58431  1  1 94  4  0	
 2  0      0 69361856   8688  72720    0    0 15488    16 58435 58983  1  0 94  4  0	
 0  2      0 69361856   8688  72720    0    0 15264     0 58616 59278  1  0 94  4  0	
 1  1      0 69361856   8688  72720    0    0 15456     0 58514 59016  1  0 94  4  0	
 2  0      0 69361856   8688  72720    0    0 15712     0 58008 58313  1  0 94  4  0	
 2  0      0 69361856   8696  72720    0    0 15856    32 58224 58542  1  1 94  4  0	
 2  0      0 69361856   8696  72720    0    0 15248     0 57540 57897  1  0 94  4  0	
 1  1      0 69361856   8696  72720    0    0 15952     0 58628 58934  1  0 94  4  0	
 0  2      0 69361856   8696  72720    0    0 15632     0 58348 58729  1  0 94  4  0	
 3  0      0 69361856   8696  72724    0    0 15552     0 58232 58600  1  0 95  4  0	
 3  0      0 69361856   8704  72724    0    0 15008    12 58792 59182  1  0 94  4  0	
 0  2      0 69361856   8704  72724    0    0 15328     0 59215 59646  1  1 94  4  0	
 2  0      0 69361856   8704  72724    0    0 16016     0 58269 58652  1  0 95  4  0	
 0  2      0 69361856   8704  72724    0    0 15440     0 58772 59298  1  0 94  4  0	
 1  1      0 69361856   8704  72724    0    0 15744     0 58247 58876  1  1 94  4  0	
 3  0      0 69361856   8704  72724    0    0 15504     0 58414 59157  1  1 94  4  0	
 2  0      0 69361856   8712  72716    0    0 16416    12 58098 58759  1  0 94  4  0	
 0  2      0 69361856   8712  72724    0    0 16160     0 58852 59453  1  0 94  4  0	
 3  0      0 69361856   8712  72724    0    0 16032     0 57984 58696  1  0 94  4  0	
 2  1      0 69361856   8712  72724    0    0 15824     0 58768 59326  1  0 94  4  0	
procs -----------memory---------- ---swap-- -----io---- --system-- -----cpu-----
 r  b   swpd   free   buff  cache   si   so    bi    bo   in   cs us sy id wa st
 2  1      0 69361856   8712  72724    0    0 15824     0 57840 58363  1  1 94  4  0	
 3  0      0 69361856   8720  72724    0    0 16144    12 58671 59293  1  0 95  4  0	
 1  1      0 69361856   8720  72724    0    0 16000     0 58814 59433  1  0 94  4  0	
 2  0      0 69361856   8720  72724    0    0 15744     0 59244 59821  1  0 94  4  0	
 1  1      0 69361856   8720  72724    0    0 15824     0 59075 59681  1  0 94  4  0	
 2  0      0 69361856   8720  72724    0    0 16384     0 59045 59629  1  0 94  4  0	
 2  0      0 69361856   8720  72724    0    0 15696     0 58462 58946  1  0 95  4  0	
 2  0      0 69361856   8728  72728    0    0 15056    12 60130 60752  1  1 94  4  0	
 1  1      0 69361856   8728  72728    0    0 16080     0 57951 58583  1  0 95  4  0	
 1  1      0 69361856   8728  72728    0    0 15872     0 58666 59221  1  1 94  4  0	
 1  1      0 69361856   8728  72728    0    0 15680     0 57419 58004  1  0 94  4  0	
 0  2      0 69361856   8728  72728    0    0 16240     0 57980 58608  1  0 94  4  0	
 1  1      0 69361856   8736  72720    0    0 15104    44 58928 59431  1  1 94  4  0	
 2  0      0 69361856   8736  72728    0    0 15440     0 59311 59994  1  0 95  4  0	
 1  1      0 69361856   8736  72728    0    0 16224     0 58385 59056  1  0 94  4  0	
 1  1      0 69361856   8736  72728    0    0 15632     0 58626 59442  1  0 94  4  0	
 1  1      0 69361856   8736  72728    0    0 15696     0 58126 59066  1  0 94  4  0	
 0  2      0 69361856   8736  72728    0    0 16128    20 59257 60276  1  0 95  4  0	
 2  0      0 69361856   8744  72728    0    0 16336    12 57667 58540  1  0 94  4  0	
 2  1      0 69361856   8744  72728    0    0 15984     0 58677 59659  1  0 94  4  0	
 2  1      0 69361856   8744  72728    0    0 15856     0 56533 57417  1  1 94  4  0	
procs -----------memory---------- ---swap-- -----io---- --system-- -----cpu-----
 r  b   swpd   free   buff  cache   si   so    bi    bo   in   cs us sy id wa st
 2  1      0 69361856   8744  72728    0    0 15584     0 59988 61092  1  0 94  4  0	
 1  1      0 69361856   8744  72728    0    0 15664     0 58860 59849  1  1 94  4  0	
 2  0      0 69361856   8752  72732    0    0 16400    12 57980 58894  1  0 94  4  0	
 0  2      0 69361856   8752  72732    0    0 16192     0 58491 59444  1  0 94  4  0	
 2  0      0 69361856   8752  72732    0    0 15984     0 58058 58938  1  0 94  4  0	
 1  1      0 69361856   8752  72732    0    0 15664     0 58419 59314  1  0 94  4  0	
 1  1      0 69361856   8752  72732    0    0 15408     0 57399 58442  1  0 94  4  0	
 2  1      0 69361856   8752  72732    0    0 15312     0 58062 59102  1  0 94  4  0	
 2  0      0 69361856   8760  72732    0    0 15472    12 57120 58103  1  0 94  4  0	
 0  2      0 69361856   8760  72732    0    0 15872     0 55518 56328  1  0 94  4  0	
 1  1      0 69361856   8760  72732    0    0 15568     0 58168 59133  1  0 94  4  0	
 2  0      0 69361856   8760  72732    0    0 16224     0 58072 59028  1  0 94  4  0	
 1  1      0 69361856   8760  72732    0    0 15184     0 59275 60125  1  0 94  4  0	
 3  0      0 69361856   8768  72724    0    0 15744    12 58911 59850  1  0 94  4  0	
 1  1      0 69361856   8768  72732    0    0 15296     0 59058 59942  1  0 94  4  0	
 1  1      0 69361856   8768  72732    0    0 15440     0 58720 59612  1  0 94  4  0	
 1  1      0 69361856   8768  72732    0    0 16080     0 58532 59476  1  0 94  4  0	
 1  1      0 69361856   8768  72732    0    0 15824     0 58301 59140  1  0 94  4  0	
 1  1      0 69361856   8768  72732    0    0 16720     0 56955 57812  1  0 94  4  0	
 2  1      0 69361856   8776  72724    0    0 15488    12 58618 59444  1  0 94  4  0	
 3  0      0 69361856   8776  72732    0    0 15184     0 58793 59759  1  0 94  4  0	
procs -----------memory---------- ---swap-- -----io---- --system-- -----cpu-----
 r  b   swpd   free   buff  cache   si   so    bi    bo   in   cs us sy id wa st
 3  0      0 69361856   8776  72732    0    0 15728     8 57506 58358  1  0 94  4  0	
 2  0      0 69361856   8776  72732    0    0 15136     0 58686 59622  1  0 94  4  0	
 2  0      0 69361856   8776  72732    0    0 16000     0 56901 57876  1  0 94  4  0	
 3  0      0 69361856   8784  72732    0    0 15840    28 57543 58670  1  0 94  4  0	
 0  2      0 69361856   8784  72732    0    0 14544     0 59629 61432  1  0 95  4  0	
 2  0      0 69361856   8784  72732    0    0 14944     0 58334 59422  1  0 94  4  0	
 1  1      0 69361856   8784  72732    0    0 15696    20 58533 59570  1  0 94  4  0	
 1  1      0 69361856   8784  72736    0    0 15456     0 57853 58709  1  0 94  4  0	
 1  1      0 69361856   8784  72736    0    0 15344     0 57044 57806  1  0 94  4  0	
 2  1      0 69361856   8792  72736    0    0 15760    12 57906 58851  1  0 94  4  0	
 2  0      0 69361856   8792  72736    0    0 15616     0 58590 59343  1  0 94  4  0	
 2  1      0 69361856   8792  72736    0    0 14608     0 57593 58388  1  1 94  4  0	
 1  1      0 69361856   8792  72736    0    0 14912     0 54439 55036  1  0 94  4  0	
 2  0      0 69361856   8792  72736    0    0 14800     0 54737 55625  1  1 94  4  0	
 3  0      0 69361856   8800  72728    0    0 15040    12 57976 58216  1  1 95  4  0	
 2  0      0 69361856   8800  72740    0    0 15168     0 58283 58559  1  0 95  4  0	
 1  1      0 69361856   8800  72740    0    0 16064     0 56661 56822  1  0 94  4  0	
 2  0      0 69361856   8800  72740    0    0 15456     0 55268 55499  1  0 94  4  0	
 3  0      0 69361856   8800  72740    0    0 15280     0 57674 57943  1  1 94  4  0	
 2  0      0 69361976   8800  72740    0    0 15392     0 57462 57935  1  0 95  4  0	
 1  1      0 69361976   8808  72740    0    0 15824    20 58572 59059  1  0 94  4  0	
procs -----------memory---------- ---swap-- -----io---- --system-- -----cpu-----
 r  b   swpd   free   buff  cache   si   so    bi    bo   in   cs us sy id wa st
 2  0      0 69361976   8808  72740    0    0 15888     0 59047 59492  1  0 95  4  0	
 1  1      0 69361976   8808  72740    0    0 15376     0 58597 59059  1  0 95  4  0	
 3  0      0 69361976   8808  72740    0    0 15232     0 59162 59520  1  0 94  4  0	
 1  1      0 69361976   8808  72740    0    0 15888     0 58486 58838  1  0 94  4  0	
 0  2      0 69361976   8816  72740    0    0 15760    12 57568 57962  1  0 94  4  0	
 1  1      0 69361976   8816  72740    0    0 15072     0 55499 56095  1  0 94  4  0	
 2  0      0 69361976   8816  72740    0    0 15392     0 56623 57411  1  0 94  4  0	
 0  2      0 69361976   8816  72740    0    0 15360     0 55946 56759  1  1 94  4  0	
 2  0      0 69361976   8816  72740    0    0 16288     0 57564 58523  1  0 94  4  0	
 0  2      0 69361976   8816  72740    0    0 15472     0 57217 58218  1  0 94  4  0	
 1  1      0 69361976   8824  72740    0    0 14912    20 58374 59366  1  0 94  4  0	
 3  0      0 69361976   8824  72740    0    0 14608     0 57769 58689  1  0 94  4  0	
 1  0      0 69361976   8824  72740    0    0 15232     0 57620 58562  1  1 94  4  0	
 2  0      0 69361976   8824  72740    0    0 15744     0 58750 59634  1  0 94  4  0	
 1  1      0 69361976   8824  72740    0    0 15840     0 58814 59829  1  0 94  4  0	
 1  1      0 69361976   8832  72732    0    0 16176    28 57949 58924  1  1 94  4  0	
 0  2      0 69361976   8832  72740    0    0 15504     0 58450 59601  1  0 94  4  0	
 2  0      0 69361976   8832  72740    0    0 15584     0 58058 58986  1  1 94  4  0	
 2  0      0 69361976   8832  72740    0    0 15696     0 58336 59430  1  0 94  4  0	
 1  1      0 69361976   8832  72740    0    0 16272     0 58251 59382  1  0 94  4  0	
 1  1      0 69361976   8840  72740    0    0 15552    44 57751 58911  1  0 94  4  0	
procs -----------memory---------- ---swap-- -----io---- --system-- -----cpu-----
 r  b   swpd   free   buff  cache   si   so    bi    bo   in   cs us sy id wa st
 1  1      0 69361976   8840  72740    0    0 15024     0 57955 59362  1  0 94  4  0	
 2  0      0 69361976   8840  72740    0    0 15776     0 58394 59680  1  0 94  4  0	
 3  0      0 69361976   8840  72740    0    0 15584     0 58587 59608  1  0 94  4  0	
 1  1      0 69361976   8840  72740    0    0 15728     0 58177 59556  1  0 94  4  0	
 3  0      0 69361976   8840  72740    0    0 15888     0 57510 58432  1  0 94  4  0	
 1  1      0 69361976   8848  72740    0    0 15632    12 59047 60061  1  0 94  4  0	
 3  0      0 69361976   8848  72740    0    0 15776     0 57549 58366  1  0 94  4  0	
 1  1      0 69361976   8848  72744    0    0 15952     0 57872 58601  1  0 94  4  0	
 2  0      0 69361976   8848  72744    0    0 15952     0 56563 57414  1  0 94  4  0	
 2  0      0 69361976   8848  72748    0    0 15104     0 59869 60897  1  0 95  4  0	
 1  1      0 69361976   8856  72740    0    0 14816    20 60107 61166  1  0 95  4  0	
 3  0      0 69361976   8856  72748    0    0 15728     0 58912 60076  1  0 94  4  0	
 3  0      0 69361976   8856  72748    0    0 15232     0 58432 59499  1  0 94  4  0	
 2  0      0 69361976   8856  72748    0    0 15968     0 58652 59676  1  1 94  4  0	
 0  2      0 69361976   8856  72748    0    0 15264     0 59345 60327  1  0 95  4  0	
 2  0      0 69361976   8856  72748    0    0 15344     0 58729 59706  1  0 94  4  0	
 2  0      0 69361976   8864  72740    0    0 15280    12 57843 58750  1  1 94  4  0	
 1  1      0 69361976   8864  72748    0    0 15376     0 57824 58826  1  0 95  4  0	
 1  1      0 69361976   8864  72748    0    0 16400     0 56390 57294  1  0 94  4  0	
 2  0      0 69361976   8864  72748    0    0 15136     0 56944 57986  1  0 94  4  0	
 2  0      0 69361976   8864  72748    0    0 15408     0 56213 57209  1  0 94  4  0	
procs -----------memory---------- ---swap-- -----io---- --system-- -----cpu-----
 r  b   swpd   free   buff  cache   si   so    bi    bo   in   cs us sy id wa st
 2  0      0 69361976   8872  72748    0    0 16032    12 56368 57382  1  0 94  4  0	
 2  0      0 69361976   8872  72748    0    0 16032     0 57331 58266  1  0 94  4  0	
 1  1      0 69361976   8872  72748    0    0 15632     0 57894 58948  1  0 94  4  0	
 1  1      0 69361976   8872  72748    0    0 15648     0 57726 58780  1  0 94  4  0	
 2  0      0 69361976   8872  72748    0    0 15680     8 58275 59307  1  0 94  4  0	
 2  0      0 69361976   8872  72748    0    0 15248     0 57766 58645  1  1 94  4  0	
 0  2      0 69361976   8880  72748    0    0 15312    24 59002 60021  1  0 95  4  0	
 4  0      0 69361976   8880  72748    0    0 15648     0 57901 58923  1  1 94  4  0	
 3  0      0 69361976   8880  72748    0    0 16288     0 58111 59235  1  0 94  4  0	
 1  1      0 69361976   8880  72748    0    0 15360    24 58556 59553  1  0 94  4  0	
 2  0      0 69361976   8880  72748    0    0 15472     0 59234 60273  1  0 94  4  0	
 2  1      0 69361976   8888  72744    0    0 15872    24 59549 60604  1  0 95  4  0	
 1  1      0 69361976   8888  72748    0    0 16096     0 58065 59292  1  0 94  4  0	
 2  0      0 69361976   8888  72748    0    0 15712     0 58153 59205  1  0 94  4  0	
 2  0      0 69361976   8888  72748    0    0 15184     0 59902 61055  1  0 95  4  0	
 1  1      0 69361976   8888  72748    0    0 15392     0 57730 58580  1  0 94  4  0	
 1  1      0 69361976   8888  72748    0    0 16128     0 57034 58026  1  0 95  4  0	
 2  0      0 69361976   8896  72740    0    0 15728    12 58221 59127  1  1 94  4  0	
 1  1      0 69361976   8896  72748    0    0 15872     0 57566 58589  1  0 94  4  0	
 3  0      0 69361976   8896  72748    0    0 16304     0 57756 58849  1  0 94  4  0	
 2  0      0 69361976   8896  72752    0    0 15712     0 57893 58988  1  0 94  4  0	
procs -----------memory---------- ---swap-- -----io---- --system-- -----cpu-----
 r  b   swpd   free   buff  cache   si   so    bi    bo   in   cs us sy id wa st
 1  1      0 69361976   8896  72752    0    0 15040     0 59313 60231  1  1 94  4  0	
 2  0      0 69361976   8904  72752    0    0 15776    12 58114 59195  1  0 94  4  0	
 1  1      0 69361976   8904  72752    0    0 14896     0 57577 58543  1  1 94  4  0	
 2  0      0 69361976   8904  72752    0    0 15808     0 56879 57895  1  0 94  4  0	
 1  1      0 69361976   8904  72752    0    0 15088     0 56686 57468  1  0 94  4  0	
 3  0      0 69361976   8904  72752    0    0 15776     0 57849 58822  1  0 94  4  0	
 1  1      0 69361976   8904  72752    0    0 15808     0 55477 56413  1  0 94  4  0	
 2  0      0 69361976   8912  72752    0    0 15856    12 58047 59159  1  0 94  4  0	
 1  1      0 69361976   8912  72752    0    0 16016     0 56556 57609  1  0 94  4  0	
 4  0      0 69361976   8912  72752    0    0 15504     0 58279 59321  1  0 95  4  0	
 3  0      0 69361976   8912  72752    0    0 16416     0 56507 57400  1  0 94  4  0	
 2  0      0 69361976   8912  72756    0    0 16160     0 56798 57751  1  0 95  4  0	
 2  0      0 69361976   8920  72748    0    0 14944    12 59315 60475  1  0 94  4  0	
 2  0      0 69361976   8920  72756    0    0 16448     0 56906 57833  1  0 94  4  0	
 3  0      0 69361976   8920  72756    0    0 15040     8 56330 57143  1  0 94  4  0	
 2  0      0 69361976   8920  72756    0    0 15728     0 57502 58578  1  0 94  4  0	
 1  1      0 69361976   8920  72756    0    0 15968     0 56356 57291  1  0 94  4  0	
 2  0      0 69361976   8920  72756    0    0 16224     0 55846 56853  1  0 94  4  0	
 1  1      0 69361976   8928  72748    0    0 15344    24 59578 60543  1  0 95  4  0	
 2  1      0 69361976   8928  72756    0    0 15376     8 57607 58563  1  0 94  4  0	
 1  1      0 69361976   8928  72756    0    0 16016     0 56865 58020  1  0 94  4  0	
procs -----------memory---------- ---swap-- -----io---- --system-- -----cpu-----
 r  b   swpd   free   buff  cache   si   so    bi    bo   in   cs us sy id wa st
 1  1      0 69361976   8928  72756    0    0 16736     0 56535 57722  1  0 94  4  0	
 0  2      0 69361976   8928  72756    0    0 15440     0 58766 59864  1  0 95  4  0	
 2  0      0 69361976   8936  72756    0    0 15472    24 59168 60275  1  0 95  4  0	
 2  1      0 69361976   8936  72756    0    0 15360    16 57042 57993  1  0 94  4  0	
 3  0      0 69361976   8936  72756    0    0 14656     0 57931 58966  1  0 94  4  0	
 2  1      0 69361976   8936  72756    0    0 15024     0 57791 58673  1  0 94  4  0	
 2  0      0 69361976   8936  72756    0    0 16176     0 56327 57245  1  0 94  4  0	
 1  1      0 69361976   8936  72756    0    0 16096     0 57707 58653  1  0 94  4  0	
 1  1      0 69361976   8944  72756    0    0 15408    12 58426 59424  1  0 94  4  0	
 2  0      0 69361976   8944  72756    0    0 15680     0 58638 59643  1  0 94  4  0	
 2  0      0 69361976   8944  72756    0    0 15792     0 57997 59193  1  0 94  4  0	
 3  0      0 69361976   8944  72756    0    0 15200     0 58387 59327  1  0 95  4  0	
 2  0      0 69361976   8944  72756    0    0 15488     0 58561 59629  1  0 94  4  0	
 1  1      0 69361976   8952  72748    0    0 15792    12 57030 57961  1  0 94  4  0	
 2  0      0 69361976   8952  72760    0    0 16320     0 57477 58471  1  0 94  4  0	
 1  1      0 69361976   8952  72760    0    0 15408     0 57573 58467  1  0 94  4  0	
 2  0      0 69361976   8952  72760    0    0 15472     0 58626 59694  1  0 94  4  0	
 2  0      0 69361976   8952  72760    0    0 15936     0 58419 59331  1  1 94  4  0	
 1  1      0 69361976   8952  72760    0    0 15472     0 58782 59815  1  0 94  4  0	
 2  0      0 69361976   8960  72752    0    0 16080    12 55521 56475  1  0 94  4  0	
 2  0      0 69361976   8960  72760    0    0 15744     0 58640 59694  1  0 94  4  0	
procs -----------memory---------- ---swap-- -----io---- --system-- -----cpu-----
 r  b   swpd   free   buff  cache   si   so    bi    bo   in   cs us sy id wa st
 2  0      0 69361976   8960  72760    0    0 15344     0 58757 59741  1  0 94  4  0	
 1  1      0 69361976   8960  72760    0    0 14992     0 57615 58581  1  0 94  4  0	
 1  1      0 69361976   8960  72760    0    0 14544     8 57683 58408  1  1 94  4  0	
 1  1      0 69361976   8968  72760    0    0 16208    24 57839 58837  1  0 94  4  0	
 2  0      0 69361976   8968  72760    0    0 16080     0 56778 57783  1  0 94  4  0	
 2  0      0 69361976   8968  72760    0    0 15472     0 58876 59848  1  0 94  4  0	
 2  0      0 69361976   8968  72760    0    0 16000     0 56949 57959  1  0 94  4  0	
 2  0      0 69361976   8968  72760    0    0 16192     4 57705 58689  1  0 94  4  0	
 1  1      0 69361976   8968  72760    0    0 15152     0 59037 59883  1  0 94  4  0	
 1  1      0 69361976   8976  72760    0    0 15328    16 57001 57936  1  0 94  4  0	
 1  1      0 69361976   8976  72760    0    0 14992     0 54632 55596  1  0 94  4  0	
 3  0      0 69361976   8976  72760    0    0 15360     0 56750 57603  1  0 94  4  0	
 0  1      0 69361976   8976  72760    0    0 15184     0 56751 57480  1  1 94  4  0	
 1  1      0 69361976   8976  72764    0    0 15344     0 57294 58315  1  0 94  4  0	
 2  1      0 69361976   8984  72756    0    0 15440    12 57557 58515  1  0 94  4  0	
 1  1      0 69361976   8984  72764    0    0 16256     0 56377 57382  1  0 94  4  0	
 1  1      0 69361976   8984  72764    0    0 14848     0 57066 57947  1  0 94  4  0	
 1  1      0 69361976   8984  72764    0    0 14912     0 58690 59596  1  0 94  4  0	
 2  1      0 69361976   8984  72764    0    0 15360    16 59201 60063  1  0 94  4  0	
 1  1      0 69361976   8984  72764    0    0 15392     0 57213 58088  1  0 94  4  0	
 2  0      0 69361976   8992  72764    0    0 15568    12 57798 58814  1  0 94  4  0	
procs -----------memory---------- ---swap-- -----io---- --system-- -----cpu-----
 r  b   swpd   free   buff  cache   si   so    bi    bo   in   cs us sy id wa st
 3  0      0 69361976   8992  72764    0    0 15536     0 57256 58308  1  0 94  4  0	
 3  0      0 69361976   8992  72764    0    0 15152     0 55649 56368  1  1 94  4  0	
 1  1      0 69361976   8992  72764    0    0 16080     0 56629 57599  1  0 94  4  0	
 2  0      0 69361976   8992  72764    0    0 15536     0 57226 58194  1  0 94  4  0	
 1  1      0 69361976   9000  72764    0    0 15328    12 58358 59217  1  0 94  4  0	
 2  0      0 69361976   9000  72764    0    0 16176     0 57340 58345  1  0 94  4  0	
 2  0      0 69361976   9000  72768    0    0 15936     0 58263 59208  1  0 94  4  0	
 0  2      0 69361976   9000  72768    0    0 15296     0 57673 58539  1  0 94  4  0	
 2  1      0 69361976   9000  72768    0    0 16000     0 57815 58933  1  0 94  4  0	
 1  1      0 69361976   9000  72768    0    0 15104     0 58785 59761  1  0 94  4  0	
 3  0      0 69361976   9008  72768    0    0 15824    12 57482 58579  1  0 94  4  0	
 1  1      0 69361976   9008  72768    0    0 15744     0 57224 58101  1  1 94  4  0	
 2  1      0 69361976   9008  72768    0    0 16096     8 57865 58847  1  0 94  4  0	
 3  0      0 69361976   9008  72768    0    0 15872     0 58967 60014  1  0 95  4  0	
 1  1      0 69361976   9008  72768    0    0 15856     0 57980 58850  1  0 94  4  0	
 2  0      0 69361976   9016  72760    0    0 15584    24 57666 58580  1  0 94  4  0	
 1  1      0 69361976   9016  72768    0    0 16400     0 56699 57702  1  0 94  4  0	
 2  0      0 69361976   9016  72768    0    0 15792    12 58196 59071  1  0 95  4  0	
