procs -----------memory---------- ---swap-- -----io---- --system-- -----cpu-----
 r  b   swpd   free   buff  cache   si   so    bi    bo   in   cs us sy id wa st
 1  0      0 46989300  12464  69844    0    0  1242     4   90  672 17  6 72  4  1	
22  0      0 46961508  12464  69864    0    0    48     0 130784 280650 59 17 23  0  1	
21  0      0 46960640  12464  69864    0    0    64     0 102596 280158 66 18 15  0  1	
20  0      0 46960640  12464  69864    0    0    96     0 5350 240758 77 23  0  0  0	
20  0      0 46960392  12472  69864    0    0   112    36 4628 240785 76 24  0  0  0	
19  0      0 46960268  12472  69864    0    0    64     0 4466 236355 76 24  0  0  0	
18  0      0 46960268  12472  69864    0    0    64     0 4457 240706 74 26  0  0  0	
17  0      0 46960144  12472  69864    0    0    96     0 4952 241288 75 25  0  0  0	
18  0      0 46959896  12472  69864    0    0    80     0 4300 240438 76 24  0  0  0	
20  0      0 46959896  12480  69864    0    0    64    12 4687 240538 75 25  0  0  0	
20  0      0 46959896  12480  69864    0    0    32     0 4299 240432 75 25  0  0  0	
18  0      0 46959896  12480  69864    0    0    80     0 4678 240622 75 25  0  0  0	
19  0      0 46959648  12480  69864    0    0    96     0 4510 240700 75 25  0  0  0	
19  0      0 46959648  12480  69864    0    0    32     0 4689 239347 74 26  0  0  0	
18  0      0 46959524  12480  69864    0    0    96     0 4466 239791 75 25  0  0  0	
20  0      0 46959524  12488  69864    0    0    96    12 4724 239255 75 25  0  0  0	
20  0      0 46959400  12488  69864    0    0    80     0 4374 240750 74 26  0  0  0	
18  0      0 46959276  12488  69864    0    0    32     0 4273 240264 75 25  0  0  0	
19  0      0 46959152  12488  69864    0    0    64     0 5257 239973 75 25  0  0  0	
21  0      0 46959152  12488  69864    0    0    64     0 4330 239817 75 25  0  0  0	
18  0      0 46959152  12496  69864    0    0    64    12 4548 240779 75 25  0  0  0	
procs -----------memory---------- ---swap-- -----io---- --system-- -----cpu-----
 r  b   swpd   free   buff  cache   si   so    bi    bo   in   cs us sy id wa st
16  0      0 46959152  12496  69864    0    0    64     0 4795 240467 75 25  0  0  0	
19  0      0 46959152  12496  69864    0    0    80     0 5248 240745 75 25  0  0  0	
20  0      0 46959152  12496  69864    0    0    80     0 4517 238462 74 26  0  0  0	
22  0      0 46959152  12496  69864    0    0    48     0 4326 240085 74 26  0  0  0	
18  0      0 46959028  12496  69864    0    0    96     0 4626 237821 75 25  0  0  0	
23  0      0 46959028  12504  69864    0    0     0    16 4113 238199 76 24  0  0  0	
18  0      0 46959028  12504  69864    0    0   176     0 5152 240470 75 25  0  0  0	
17  0      0 46958656  12504  69864    0    0    80    36 4609 240988 76 24  0  0  0	
18  0      0 46958532  12504  69864    0    0    80     0 4580 240100 74 26  0  0  0	
20  0      0 46958408  12504  69864    0    0    96     0 4616 240699 75 25  0  0  0	
19  0      0 46958284  12512  69864    0    0   128    12 5163 240721 77 23  0  0  0	
21  0      0 46958284  12512  69868    0    0    96     0 4533 240468 75 25  0  0  0	
23  0      0 46958284  12512  69868    0    0    64    20 4382 240188 75 24  0  0  0	
21  0      0 46958160  12512  69868    0    0    48     0 4346 240265 75 25  0  0  0	
19  0      0 46958036  12512  69868    0    0   208     0 5438 239684 75 25  0  0  0	
17  0      0 46958036  12512  69868    0    0    80     0 4515 240259 73 27  0  0  0	
20  0      0 46957788  12520  69868    0    0     0    24 4127 240062 76 24  0  0  0	
21  0      0 46957788  12520  69868    0    0    48     0 4314 240571 75 25  0  0  0	
21  0      0 46957788  12520  69868    0    0    64     0 4351 240143 76 24  0  0  0	
17  0      0 46957788  12520  69868    0    0    96     0 4603 239999 75 25  0  0  0	
18  0      0 46957664  12520  69868    0    0    96     0 4786 240679 75 25  0  0  0	
procs -----------memory---------- ---swap-- -----io---- --system-- -----cpu-----
 r  b   swpd   free   buff  cache   si   so    bi    bo   in   cs us sy id wa st
17  0      0 46957664  12528  69868    0    0    80    12 4864 240535 74 26  0  0  0	
19  0      0 46957168  12528  69872    0    0   176     0 5495 240719 75 25  0  0  0	
19  0      0 46957044  12528  69872    0    0    80     0 4453 240890 76 24  0  0  0	
21  0      0 46956796  12528  69872    0    0    64     0 4566 239008 75 25  0  0  0	
19  0      0 46956796  12528  69872    0    0    32     0 4367 240388 75 25  0  0  0	
19  0      0 46956796  12528  69872    0    0    96     0 4777 236356 75 25  0  0  0	
18  0      0 46956548  12536  69872    0    0    96    12 4577 240293 77 23  0  0  0	
17  0      0 46956424  12536  69872    0    0    16     0 4172 240157 75 25  0  0  0	
19  0      0 46956424  12536  69872    0    0    96     0 4796 240658 75 25  0  0  0	
18  0      0 46956424  12536  69872    0    0    48     0 4384 240738 75 25  0  0  0	
19  0      0 46956424  12536  69872    0    0    48     0 4493 239983 76 24  0  0  0	
19  0      0 46956424  12544  69872    0    0     0    12 4097 239687 76 24  0  0  0	
17  0      0 46956424  12544  69872    0    0    48     4 4388 240155 76 24  0  0  0	
19  0      0 46956300  12544  69872    0    0   112     0 4865 238849 74 26  0  0  0	
18  0      0 46956176  12544  69872    0    0    32     0 4291 240343 75 25  0  0  0	
17  0      0 46956176  12544  69872    0    0    48     0 4346 239592 74 26  0  0  0	
19  0      0 46956052  12544  69872    0    0   144     0 4848 240838 74 26  0  0  0	
18  0      0 46955928  12552  69872    0    0    96    12 5057 240541 74 25  0  0  0	
17  0      0 46955928  12552  69872    0    0    16     0 4162 240567 75 25  0  0  0	
18  0      0 46955928  12552  69872    0    0    32     0 4235 240075 76 24  0  0  0	
18  0      0 46955804  12552  69872    0    0    64     0 4606 240294 74 26  0  0  0	
procs -----------memory---------- ---swap-- -----io---- --system-- -----cpu-----
 r  b   swpd   free   buff  cache   si   so    bi    bo   in   cs us sy id wa st
20  0      0 46955804  12552  69872    0    0    48     0 4366 239447 75 26  0  0  0	
20  0      0 46955680  12560  69872    0    0    96    40 5203 240432 74 26  0  0  0	
20  0      0 46955680  12560  69872    0    0    48     0 4349 236070 75 25  0  0  0	
20  0      0 46955556  12560  69876    0    0    48     0 4480 239465 76 24  0  0  0	
19  0      0 46955556  12560  69876    0    0    96     0 4685 240150 76 24  0  0  0	
18  0      0 46955308  12560  69876    0    0    32     0 4324 240367 75 25  0  0  0	
19  0      0 46955308  12560  69876    0    0    48     0 4442 239978 75 25  0  0  0	
20  0      0 46955184  12568  69876    0    0   112    20 4967 240073 75 25  0  0  0	
19  0      0 46955060  12568  69876    0    0    16     0 4233 240236 75 25  0  0  0	
20  0      0 46955060  12568  69876    0    0    64     0 4335 239972 74 26  0  0  0	
16  0      0 46955060  12568  69876    0    0    80     0 4675 240400 75 25  0  0  0	
20  0      0 46954936  12568  69876    0    0    96     0 4771 240437 75 25  0  0  0	
18  0      0 46954936  12576  69876    0    0    48    12 4487 238711 76 24  0  0  0	
22  0      0 46954812  12576  69876    0    0   112     0 4812 240530 76 24  0  0  0	
20  0      0 46954688  12576  69876    0    0    32     0 4274 239675 76 24  0  0  0	
18  0      0 46954688  12576  69876    0    0    96     0 4705 240831 76 24  0  0  0	
20  0      0 46954688  12576  69876    0    0    48     0 4339 240256 74 26  0  0  0	
20  0      0 46954688  12576  69876    0    0    32     0 4378 240574 75 26  0  0  0	
17  0      0 46954688  12584  69876    0    0    32    12 4356 240804 76 25  0  0  0	
20  0      0 46954688  12584  69876    0    0    80     0 4563 240030 74 26  0  0  0	
17  0      0 46954688  12584  69876    0    0    64     0 4596 240126 77 23  0  0  0	
procs -----------memory---------- ---swap-- -----io---- --system-- -----cpu-----
 r  b   swpd   free   buff  cache   si   so    bi    bo   in   cs us sy id wa st
20  0      0 46954688  12584  69876    0    0    80     0 4604 240564 75 25  0  0  0	
17  0      0 46953688  12584  69876    0    0    96     0 4397 238857 74 26  0  0  0	
20  0      0 46952936  12592  69884    0    0    64    16 4429 240622 76 24  0  0  0	
17  0      0 46952688  12592  69892    0    0    48     0 4620 240056 74 26  0  0  0	
19  0      0 46952564  12592  69892    0    0   112     0 4722 240373 75 25  0  0  0	
20  0      0 46953648  12592  69892    0    0    16     0 4261 240014 75 25  0  0  0	
19  0      0 46952672  12592  69896    0    0    32     0 4328 240170 75 25  0  0  0	
18  0      0 46952548  12592  69896    0    0     0     0 4101 239825 75 25  0  0  0	
16  0      0 46952400  12608  69896    0    0    96    72 4581 237347 75 25  0  0  0	
20  0      0 46951872  12608  69900    0    0    80     0 4539 239485 76 24  0  0  0	
18  0      0 46952264  12608  69900    0    0    32     0 4482 240061 75 25  0  0  0	
20  0      0 46951360  12608  69900    0    0    48    16 4311 237937 75 25  0  0  0	
22  0      0 46951236  12608  69900    0    0    48     0 4381 238876 78 22  0  0  0	
18  0      0 46951732  12616  69896    0    0    80    32 5011 240270 75 25  0  0  0	
21  0      0 46951236  12616  69904    0    0    16     0 4211 239090 77 23  0  0  0	
18  0      0 46951080  12616  69912    0    0    64     0 4595 240151 76 24  0  0  0	
18  0      0 46950584  12616  69912    0    0    80    16 4646 240414 76 24  0  0  0	
22  0      0 46950784  12616  69912    0    0    16     0 4224 239875 76 24  0  0  0	
21  0      0 46950072  12624  69908    0    0    80    56 4668 239943 75 25  0  0  0	
21  0      0 46950072  12624  69916    0    0     0     0 4154 240921 76 24  0  0  0	
19  0      0 46950444  12624  69916    0    0    80     0 4715 240771 76 23  0  0  0	
procs -----------memory---------- ---swap-- -----io---- --system-- -----cpu-----
 r  b   swpd   free   buff  cache   si   so    bi    bo   in   cs us sy id wa st
17  0      0 46950320  12624  69920    0    0    32     0 4285 238256 75 25  0  0  0	
19  0      0 46950456  12624  69924    0    0    32     0 4311 240029 76 24  0  0  0	
19  1      0 46950196  12632  69920    0    0   128    32 4902 239985 75 25  0  0  0	
20  0      0 46951280  12632  69928    0    0    16     0 4511 240290 75 25  0  0  0	
18  0      0 46950196  12632  69932    0    0    32     0 4225 240277 76 24  0  0  0	
20  0      0 46949824  12632  69932    0    0     0     0 4122 240253 74 26  0  0  0	
19  0      0 46950072  12640  69940    0    0    64    56 4458 239737 75 25  0  0  0	
16  0      0 46949764  12640  69940    0    0    80     0 4660 240254 75 25  0  0  0	
20  0      0 46949208  12640  69940    0    0    96     0 4670 240364 75 25  0  0  0	
18  0      0 46948972  12640  69944    0    0    80     0 4664 240636 74 26  0  0  0	
20  0      0 46949860  12640  69944    0    0    16     0 4216 235500 75 25  0  0  0	
20  0      0 46949088  12648  69944    0    0    80    44 4510 240731 73 27  0  0  0	
22  0      0 46948212  12648  69952    0    0    96     0 4642 239299 74 26  0  0  0	
22  0      0 46948336  12648  69952    0    0    32     0 4311 239872 75 25  0  0  0	
19  0      0 46947964  12648  69952    0    0    32     0 4365 239800 75 25  0  0  0	
22  0      0 46948852  12648  69952    0    0    32     0 4221 240502 74 26  0  0  0	
18  0      0 46948336  12656  69948    0    0    16    64 4212 239859 74 26  0  0  0	
20  0      0 46948924  12656  69956    0    0    16     0 4263 240301 76 24  0  0  0	
20  0      0 46948460  12656  69960    0    0    80     0 4593 240584 75 25  0  0  0	
16  0      0 46949792  12656  69960    0    0    16     0 4216 241104 75 25  0  0  0	
20  0      0 46948832  12656  69964    0    0    16     0 4161 235721 76 24  0  0  0	
procs -----------memory---------- ---swap-- -----io---- --system-- -----cpu-----
 r  b   swpd   free   buff  cache   si   so    bi    bo   in   cs us sy id wa st
22  0      0 46948584  12664  69956    0    0    16    56 4439 240911 74 26  0  0  0	
18  0      0 46949328  12664  69968    0    0    32     0 4693 240268 74 26  0  0  0	
22  0      0 46949244  12664  69968    0    0    48     0 4492 240730 76 24  0  0  0	
19  0      0 46949880  12664  69968    0    0    96     0 5344 240349 75 25  0  0  0	
20  0      0 46949120  12664  69976    0    0    16     0 4179 239987 76 24  0  0  0	
21  0      0 46950452  12808  69964    0    0   160    68 4411 240390 75 25  0  0  0	
18  0      0 46949244  12808  69984    0    0    64     0 4819 240935 74 26  0  0  0	
22  0      0 46948748  12808  69984    0    0    48     0 4504 240318 76 24  0  0  0	
19  0      0 46949136  12808  69984    0    0    16     0 4284 239930 74 26  0  0  0	
21  0      0 46948376  12808  69988    0    0    64     0 4377 238638 76 24  0  0  0	
18  0      0 46949264  12808  69988    0    0    80    44 4563 240360 75 25  0  0  0	
17  0      0 46948004  12816  69992    0    0    96    40 4815 239764 74 26  0  0  0	
22  0      0 46948004  12816  69992    0    0    48     0 4281 240446 75 25  0  0  0	
17  0      0 46948376  12816  69992    0    0    32     0 4262 240483 76 24  0  0  0	
20  0      0 46948376  12816  69992    0    0    48     0 4481 240309 74 26  0  0  0	
18  0      0 46948520  12824  69992    0    0    80    56 4535 240473 76 24  0  0  0	
19  0      0 46948376  12824  70000    0    0    16     0 4179 239915 75 25  0  0  0	
22  0      0 46949708  12824  70000    0    0    48     0 4312 240101 75 25  0  0  0	
21  0      0 46949260  12824  70004    0    0     0     0 4119 240440 76 24  0  0  0	
19  0      0 46947872  12824  70004    0    0    32     0 4520 235038 76 24  0  0  0	
19  0      0 46948112  12832  70000    0    0    16    36 4562 240491 74 26  0  0  0	
procs -----------memory---------- ---swap-- -----io---- --system-- -----cpu-----
 r  b   swpd   free   buff  cache   si   so    bi    bo   in   cs us sy id wa st
18  0      0 46947360  12832  70008    0    0    16     0 4144 240216 75 25  0  0  0	
19  0      0 46947740  12832  70012    0    0   112     0 4550 239987 76 24  0  0  0	
22  0      0 46947104  12832  70012    0    0    80     0 4657 241065 75 25  0  0  0	
19  0      0 46946980  12832  70012    0    0    64     0 4392 240564 74 25  0  0  0	
18  0      0 46947332  12840  70016    0    0    16    48 4197 239970 75 25  0  0  0	
23  0      0 46946944  12840  70016    0    0     0     0 4090 239515 75 25  0  0  0	
18  0      0 46947324  12840  70016    0    0    16     0 4160 239681 76 24  0  0  0	
21  0      0 46946696  12840  70020    0    0    64     0 4567 240657 75 25  0  0  0	
22  0      0 46947584  12840  70020    0    0    32     0 4337 238023 74 26  0  0  0	
17  0      0 46946572  12848  70028    0    0   112    24 4702 238263 75 24  0  0  0	
19  0      0 46946572  12848  70028    0    0    16    24 4251 240028 75 25  0  0  0	
22  0      0 46946696  12848  70028    0    0    48     0 4363 240177 74 26  0  0  0	
20  0      0 46946696  12848  70032    0    0    80     0 4496 240962 75 24  0  0  0	
22  0      0 46946276  12856  70024    0    0    64    56 4391 240587 75 25  0  0  0	
16  0      0 46946076  12856  70036    0    0    64     0 4559 240748 75 25  0  0  0	
20  0      0 46946520  12856  70036    0    0    32     0 4339 239852 74 26  0  0  0	
18  0      0 46946076  12856  70036    0    0    16     0 4244 240607 75 25  0  0  0	
22  0      0 46945580  12856  70040    0    0     0     0 4201 240502 75 25  0  0  0	
20  0      0 46946200  12856  70044    0    0    48     0 4338 235114 75 25  0  0  0	
18  0      0 46946200  12864  70044    0    0    16    24 4208 239894 75 25  0  0  0	
19  0      0 46947532  12864  70044    0    0    16    36 4182 239828 75 25  0  0  0	
procs -----------memory---------- ---swap-- -----io---- --system-- -----cpu-----
 r  b   swpd   free   buff  cache   si   so    bi    bo   in   cs us sy id wa st
20  0      0 46946812  12864  70048    0    0    32     0 4228 239941 74 26  0  0  0	
19  0      0 46947700  12864  70048    0    0    48     0 4327 240036 74 26  0  0  0	
18  0      0 46947300  12872  70048    0    0    32    60 4276 240264 75 25  0  0  0	
19  0      0 46947052  12872  70056    0    0    16     0 4176 239547 75 25  0  0  0	
20  0      0 46947564  12872  70060    0    0    48     4 4356 239847 74 26  0  0  0	
20  0      0 46946680  12872  70060    0    0    32     0 4279 240166 75 25  0  0  0	
21  0      0 46947568  12872  70064    0    0    48     0 4429 240309 75 25  0  0  0	
18  0      0 46947052  12880  70060    0    0    48    24 4575 238889 76 24  0  0  0	
17  0      0 46947928  12880  70068    0    0    48     0 4414 240776 75 25  0  0  0	
18  0      0 46946920  12880  70072    0    0    48    16 4483 240429 76 24  0  0  0	
20  0      0 46946424  12880  70072    0    0    16     0 4230 239664 75 25  0  0  0	
19  0      0 46946424  12880  70076    0    0    32     0 4399 240121 76 24  0  0  0	
19  0      0 46945928  12888  70072    0    0    64    44 4568 240530 75 25  0  0  0	
18  0      0 46946196  12888  70076    0    0    16     0 4215 240014 74 26  0  0  0	
20  0      0 46945556  12888  70080    0    0    16     0 4169 240369 76 24  0  0  0	
17  0      0 46945556  12888  70080    0    0    48     0 4280 241023 75 25  0  0  0	
24  0      0 46945936  12888  70080    0    0    80     0 4541 240790 75 25  0  0  0	
17  0      0 46945556  12896  70076    0    0    32    24 4403 235611 76 24  0  0  0	
17  0      0 46945700  12896  70084    0    0    16     0 4137 240465 74 26  0  0  0	
21  0      0 46945308  12896  70084    0    0    16     0 4235 239749 76 24  0  0  0	
19  0      0 46946508  12896  70084    0    0    16     0 4201 239837 75 25  0  0  0	
procs -----------memory---------- ---swap-- -----io---- --system-- -----cpu-----
 r  b   swpd   free   buff  cache   si   so    bi    bo   in   cs us sy id wa st
19  0      0 46946044  12896  70088    0    0    16     0 4230 240488 76 24  0  0  0	
16  0      0 46945664  12896  70088    0    0    48     0 4343 240394 75 25  0  0  0	
19  0      0 46946160  12912  70088    0    0    32    68 4396 239771 75 25  0  0  0	
17  0      0 46945788  12912  70092    0    0    16     0 4297 239772 75 25  0  0  0	
22  0      0 46945916  12920  70092    0    0    64    24 5055 240371 75 25  0  0  0	
18  0      0 46945912  12920  70096    0    0    48     0 4359 240962 75 25  0  0  0	
22  0      0 46947292  12920  70100    0    0    16     0 4267 238183 75 25  0  0  0	
17  0      0 46946656  12928  70092    0    0     0    52 4181 240000 75 25  0  0  0	
18  0      0 46947544  12928  70104    0    0    32     0 4452 239040 74 26  0  0  0	
19  0      0 46946780  12928  70116    0    0     0     0 4104 239800 76 24  0  0  0	
18  0      0 46946408  12928  70116    0    0    16     0 4221 239811 76 24  0  0  0	
17  0      0 46946732  12936  70108    0    0     0    56 4203 240379 75 25  0  0  0	
19  0      0 46946408  12936  70120    0    0    16     0 4180 240914 76 24  0  0  0	
20  0      0 46947408  12936  70120    0    0    80     0 4701 240266 74 26  0  0  0	
21  0      0 46946904  12940  70120    0    0     0    36 4131 240478 75 25  0  0  0	
20  0      0 46947532  12940  70124    0    0    48     0 4539 239770 74 26  0  0  0	
19  0      0 46947284  12948  70116    0    0    16    36 4413 236218 76 24  0  0  0	
21  0      0 46948160  12948  70128    0    0    16     0 4201 240161 77 23  0  0  0	
20  0      0 46946532  12948  70128    0    0    80     0 4728 240031 75 24  0  0  0	
18  0      0 46946036  12948  70128    0    0    16    16 4332 240296 72 28  0  0  0	
19  0      0 46947044  12956  70132    0    0    16    44 4179 240082 75 25  0  0  0	
procs -----------memory---------- ---swap-- -----io---- --system-- -----cpu-----
 r  b   swpd   free   buff  cache   si   so    bi    bo   in   cs us sy id wa st
18  0      0 46946532  12956  70132    0    0     0     0 4109 240312 75 25  0  0  0	
23  0      0 46946780  12956  70136    0    0    32     0 4263 240580 73 27  0  0  0	
19  0      0 46946408  12956  70136    0    0    16     0 4166 240650 74 26  0  0  0	
18  0      0 46947292  12956  70140    0    0    32     0 4265 240117 74 25  0  0  0	
18  0      0 46946408  12964  70132    0    0    48    24 4373 239976 76 24  0  0  0	
20  0      0 46947648  12964  70144    0    0    16     0 4282 238561 76 24  0  0  0	
18  0      0 46946448  12964  70144    0    0    16     0 4395 239706 75 25  0  0  0	
20  0      0 46947336  12964  70144    0    0    16     0 4194 239790 75 25  0  0  0	
21  0      0 46946572  12972  70152    0    0    16    56 4153 238735 74 26  0  0  0	
17  0      0 46946200  12972  70152    0    0    32     0 4334 238814 76 24  0  0  0	
19  0      0 46946448  12972  70156    0    0     0     0 4126 239762 74 26  0  0  0	
17  0      0 46946324  12972  70156    0    0    32     0 4162 240225 75 25  0  0  0	
19  0      0 46946788  12972  70156    0    0    32     0 4332 237247 76 24  0  0  0	
23  0      0 46946324  12980  70160    0    0    32    48 4300 239978 76 24  0  0  0	
21  0      0 46946656  12980  70164    0    0    32     0 4399 240079 76 24  0  0  0	
18  0      0 46946200  12980  70172    0    0    32     0 4274 238804 74 26  0  0  0	
19  0      0 46946840  12980  70172    0    0    16     0 4236 239915 74 26  0  0  0	
18  0      0 46946208  12988  70164    0    0     0    52 4114 239215 76 25  0  0  0	
19  0      0 46945704  12988  70176    0    0    48    16 4325 240112 75 25  0  0  0	
19  0      0 46945780  12988  70180    0    0    48     0 4406 240390 76 24  0  0  0	
17  0      0 46945456  12988  70180    0    0    16     0 4225 239507 76 24  0  0  0	
procs -----------memory---------- ---swap-- -----io---- --system-- -----cpu-----
 r  b   swpd   free   buff  cache   si   so    bi    bo   in   cs us sy id wa st
18  0      0 46944960  12988  70184    0    0    32     0 4510 240156 75 25  0  0  0	
18  0      0 46944836  12996  70176    0    0    32    40 4215 239978 75 25  0  0  0	
17  0      0 46945596  12996  70188    0    0    80     0 4827 239959 74 26  0  0  0	
20  0      0 46944836  12996  70188    0    0    16     0 4206 239619 75 25  0  0  0	
21  0      0 46946044  12996  70188    0    0    32     0 4308 236313 76 24  0  0  0	
18  0      0 46945084  13004  70184    0    0    32    56 4219 237336 75 25  0  0  0	
19  0      0 46944712  13004  70192    0    0    16     0 4268 239790 75 25  0  0  0	
18  0      0 46946044  13004  70192    0    0     0     0 4109 241408 75 25  0  0  0	
16  0      0 46946092  13004  70196    0    0    32    40 4215 241054 76 24  0  0  0	
18  0      0 46946092  13004  70196    0    0    32     0 4320 240561 74 26  0  0  0	
19  0      0 46946092  13012  70188    0    0    64    44 4367 239877 76 24  0  0  0	
18  0      0 46945968  13012  70196    0    0    48     0 4356 240530 77 23  0  0  0	
20  0      0 46945968  13012  70196    0    0    32     0 4239 240290 76 24  0  0  0	
19  0      0 46945224  13012  70196    0    0    16     0 4260 239995 75 25  0  0  0	
17  0      0 46945224  13012  70196    0    0    16     0 4162 238553 75 25  0  0  0	
23  0      0 46945100  13012  70196    0    0    32     0 4213 240289 75 25  0  0  0	
20  0      0 46945100  13020  70196    0    0     0    20 4142 239480 74 26  0  0  0	
17  0      0 46945100  13020  70196    0    0    16     0 4201 239909 75 25  0  0  0	
20  0      0 46945100  13020  70196    0    0    48     0 4714 240564 74 26  0  0  0	
19  0      0 46945100  13020  70196    0    0    48     0 4437 241057 74 26  0  0  0	
19  0      0 46945100  13020  70196    0    0     0     0 4100 241117 75 25  0  0  0	
procs -----------memory---------- ---swap-- -----io---- --system-- -----cpu-----
 r  b   swpd   free   buff  cache   si   so    bi    bo   in   cs us sy id wa st
19  0      0 46945100  13028  70192    0    0    16    16 4389 237337 76 24  0  0  0	
17  0      0 46945100  13028  70196    0    0    16     0 4165 238843 75 25  0  0  0	
19  0      0 46945100  13028  70196    0    0     0     0 4100 240084 75 25  0  0  0	
19  0      0 46945100  13028  70196    0    0    48     0 4424 238988 75 25  0  0  0	
23  0      0 46945100  13028  70196    0    0    16     0 4258 239518 76 24  0  0  0	
19  0      0 46945100  13028  70196    0    0    16     0 4170 239813 76 24  0  0  0	
20  0      0 46945100  13036  70196    0    0     0    12 4219 239907 77 24  0  0  0	
18  0      0 46945100  13036  70196    0    0     0    16 4108 240930 75 25  0  0  0	
19  0      0 46945100  13036  70196    0    0    16     0 4157 240748 76 24  0  0  0	
19  0      0 46945100  13036  70196    0    0     0     0 4115 241012 76 24  0  0  0	
18  0      0 46945100  13036  70204    0    0    16     0 4295 239954 75 25  0  0  0	
21  0      0 46945100  13044  70204    0    0    32    24 4363 240170 77 23  0  0  0	
19  0      0 46945100  13044  70204    0    0    16     0 4142 240007 75 25  0  0  0	
20  0      0 46945100  13044  70204    0    0    32     0 4522 235524 77 23  0  0  0	
19  0      0 46945100  13044  70204    0    0    32     0 4175 240287 76 24  0  0  0	
19  0      0 46945100  13044  70204    0    0    32     0 4228 238075 75 25  0  0  0	
21  0      0 46945100  13044  70204    0    0     0     0 4102 239960 75 25  0  0  0	
22  0      0 46945100  13052  70196    0    0    16    12 4235 240039 76 24  0  0  0	
21  0      0 46945100  13052  70204    0    0    16     0 4194 240651 75 25  0  0  0	
20  0      0 46945100  13052  70204    0    0    16     0 4153 239679 75 25  0  0  0	
19  0      0 46945100  13052  70204    0    0     0     0 4104 239764 76 24  0  0  0	
procs -----------memory---------- ---swap-- -----io---- --system-- -----cpu-----
 r  b   swpd   free   buff  cache   si   so    bi    bo   in   cs us sy id wa st
17  0      0 46945100  13052  70204    0    0     0     0 4099 240256 74 26  0  0  0	
17  0      0 46945100  13060  70204    0    0    16    72 4168 240111 74 26  0  0  0	
19  0      0 46945100  13060  70204    0    0    16     0 4192 238047 76 24  0  0  0	
18  0      0 46945100  13060  70204    0    0     0     0 4100 236255 75 25  0  0  0	
18  0      0 46945100  13060  70204    0    0    32     0 4332 239302 75 25  0  0  0	
18  0      0 46945100  13060  70204    0    0    32     0 4348 239745 77 23  0  0  0	
17  0      0 46945100  13060  70204    0    0     0     0 4105 238957 74 26  0  0  0	
20  0      0 46945100  13068  70204    0    0    16    12 4169 239670 75 25  0  0  0	
18  0      0 46945100  13068  70204    0    0     0     0 4105 238768 75 25  0  0  0	
19  0      0 46945100  13068  70204    0    0     0     0 4103 239531 75 25  0  0  0	
17  0      0 46944976  13068  70204    0    0    32     0 4335 239642 76 24  0  0  0	
20  0      0 46944852  13068  70204    0    0    16     0 4215 240325 76 24  0  0  0	
18  0      0 46944852  13076  70204    0    0     0    16 4106 238475 74 26  0  0  0	
17  0      0 46944852  13076  70204    0    0     0     0 4112 239976 73 27  0  0  0	
18  0      0 46944852  13076  70204    0    0     0     0 4102 239427 75 25  0  0  0	
21  0      0 46944852  13076  70204    0    0    16     0 4359 240308 76 24  0  0  0	
18  0      0 46944852  13076  70204    0    0    16     0 4189 240540 75 25  0  0  0	
20  0      0 46944852  13076  70204    0    0    16    16 4232 240023 74 26  0  0  0	
22  0      0 46944852  13084  70204    0    0    16    28 4165 240185 75 25  0  0  0	
19  0      0 46944852  13084  70204    0    0    16     0 4148 240285 76 24  0  0  0	
19  0      0 46944852  13084  70204    0    0     0     0 4110 239697 75 25  0  0  0	
procs -----------memory---------- ---swap-- -----io---- --system-- -----cpu-----
 r  b   swpd   free   buff  cache   si   so    bi    bo   in   cs us sy id wa st
19  0      0 46944852  13084  70208    0    0    16     0 4689 239837 75 25  0  0  0	
19  0      0 46944852  13084  70208    0    0    16     0 4207 235610 76 25  0  0  0	
19  0      0 46944728  13092  70208    0    0    48    12 4492 240422 76 24  0  0  0	
19  0      0 46944728  13092  70208    0    0    16     0 4118 239589 75 25  0  0  0	
21  0      0 46944728  13092  70208    0    0    16     0 4273 239516 74 25  0  0  0	
24  0      0 46944728  13092  70208    0    0     0     0 4098 239810 74 26  0  0  0	
19  0      0 46944728  13092  70208    0    0     0     0 4090 239914 75 25  0  0  0	
22  0      0 46944728  13092  70208    0    0    16     0 4164 240072 75 25  0  0  0	
19  0      0 46944728  13100  70208    0    0    48    12 4423 240256 75 25  0  0  0	
19  0      0 46944728  13100  70208    0    0    32     0 4242 240200 76 24  0  0  0	
18  0      0 46944728  13100  70208    0    0    48     0 4473 239961 75 25  0  0  0	
21  0      0 46944604  13100  70208    0    0    48     0 4482 238676 76 24  0  0  0	
19  0      0 46944604  13100  70212    0    0    16     0 4222 240462 75 26  0  0  0	
26  0      0 46944604  13108  70212    0    0    48    12 4492 239959 76 24  0  0  0	
20  0      0 46944604  13108  70212    0    0    16     0 4277 236867 76 24  0  0  0	
19  0      0 46944604  13108  70212    0    0    16     0 4257 239690 73 27  0  0  0	
18  0      0 46944604  13108  70212    0    0    16    16 4156 240079 75 25  0  0  0	
23  0      0 46944604  13108  70212    0    0    16     0 4146 239801 76 24  0  0  0	
19  0      0 46944604  13108  70212    0    0    16     0 4206 239799 75 25  0  0  0	
21  0      0 46944604  13116  70212    0    0     0    12 4102 238704 74 26  0  0  0	
21  0      0 46944480  13116  70212    0    0    32     0 4282 240270 76 24  0  0  0	
procs -----------memory---------- ---swap-- -----io---- --system-- -----cpu-----
 r  b   swpd   free   buff  cache   si   so    bi    bo   in   cs us sy id wa st
25  0      0 46944356  13116  70212    0    0    48     0 4337 239112 76 24  0  0  0	
22  0      0 46944356  13116  70212    0    0    32     0 4358 239923 74 26  0  0  0	
21  0      0 46944356  13116  70212    0    0    32     0 4218 237147 75 25  0  0  0	
21  0      0 46944356  13124  70212    0    0     0    12 4085 239933 75 25  0  0  0	
20  0      0 46944356  13124  70212    0    0     0     0 4110 240344 75 25  0  0  0	
20  0      0 46944356  13124  70212    0    0    16     8 4484 239700 76 24  0  0  0	
20  0      0 46944356  13124  70212    0    0    16     0 4317 240609 76 24  0  0  0	
24  0      0 46944356  13124  70212    0    0     0     0 4092 239880 76 24  0  0  0	
21  0      0 46944356  13124  70212    0    0    16     0 4240 239885 75 25  0  0  0	
26  0      0 46944356  13132  70212    0    0    16    24 4145 240325 76 24  0  0  0	
20  0      0 46944356  13132  70212    0    0    16     0 4237 235632 76 24  0  0  0	
22  0      0 46944356  13132  70212    0    0     0     8 4093 239802 75 25  0  0  0	
21  0      0 46944356  13132  70216    0    0    64     0 4473 240697 76 24  0  0  0	
23  0      0 46944356  13132  70216    0    0    16     0 4166 239874 75 25  0  0  0	
27  0      0 46944356  13140  70216    0    0    16    24 4212 239780 76 24  0  0  0	
24  0      0 46944356  13140  70216    0    0     0     0 4176 240056 76 24  0  0  0	
21  0      0 46944356  13140  70216    0    0     0     0 4090 240404 76 24  0  0  0	
27  0      0 46944356  13140  70216    0    0     0     0 4121 239698 76 24  0  0  0	
22  0      0 46944356  13140  70216    0    0    16     0 4160 239956 75 25  0  0  0	
26  0      0 46944356  13140  70216    0    0    16     0 4250 239882 75 25  0  0  0	
24  0      0 46944356  13148  70216    0    0    16    12 4215 238429 75 25  0  0  0	
procs -----------memory---------- ---swap-- -----io---- --system-- -----cpu-----
 r  b   swpd   free   buff  cache   si   so    bi    bo   in   cs us sy id wa st
25  0      0 46944356  13148  70216    0    0    16     0 4159 240477 76 24  0  0  0	
22  0      0 46944356  13148  70216    0    0     0     0 4080 239928 76 24  0  0  0	
23  0      0 46944356  13148  70216    0    0     0     0 4092 239780 75 25  0  0  0	
24  0      0 46944356  13148  70216    0    0    16     0 4216 237608 76 24  0  0  0	
26  0      0 46944356  13156  70216    0    0    16    12 4127 239855 76 24  0  0  0	
24  0      0 46944356  13156  70216    0    0    16     0 4185 240526 76 24  0  0  0	
26  0      0 46944356  13156  70216    0    0    48     0 4937 241378 73 27  0  0  0	
23  0      0 46944356  13156  70216    0    0    32     0 4260 240211 75 24  0  0  0	
21  0      0 46944356  13156  70216    0    0    16     0 4390 240824 76 24  0  0  0	
23  0      0 46944108  13156  70216    0    0    80     0 4739 238995 75 25  0  0  0	
25  0      0 46943984  13164  70216    0    0    16    32 4175 240016 75 25  0  0  0	
21  0      0 46943860  13164  70216    0    0    32     0 4365 240886 76 24  0  0  0	
24  0      0 46943860  13164  70216    0    0    32     0 4451 240780 75 25  0  0  0	
26  0      0 46943860  13164  70220    0    0    16     0 4160 240194 76 24  0  0  0	
22  0      0 46943860  13164  70220    0    0    32     0 4261 240122 74 26  0  0  0	
22  0      0 46943860  13172  70220    0    0     0    12 4101 239664 75 25  0  0  0	
22  0      0 46943860  13172  70220    0    0     0     0 4090 239864 75 25  0  0  0	
25  0      0 46943860  13172  70220    0    0     0     0 4100 239697 76 24  0  0  0	
26  0      0 46943736  13172  70220    0    0    16     0 4284 239960 75 25  0  0  0	
23  0      0 46943736  13172  70220    0    0    16     0 4172 238463 76 24  0  0  0	
25  0      0 46943736  13172  70220    0    0    16     8 4241 237963 76 24  0  0  0	
procs -----------memory---------- ---swap-- -----io---- --system-- -----cpu-----
 r  b   swpd   free   buff  cache   si   so    bi    bo   in   cs us sy id wa st
22  0      0 46943612  13180  70220    0    0    16    24 4160 238619 76 24  0  0  0	
25  0      0 46943612  13180  70220    0    0    16     0 4183 239857 77 23  0  0  0	
25  0      0 46943612  13180  70220    0    0     0     0 4086 240104 75 25  0  0  0	
23  0      0 46943612  13180  70224    0    0    16     0 4247 240139 76 24  0  0  0	
26  0      0 46943612  13180  70224    0    0    32     8 4239 239790 77 23  0  0  0	
24  0      0 46943612  13188  70224    0    0    32    24 4420 240775 75 25  0  0  0	
23  0      0 46943612  13188  70224    0    0    48     0 4540 240556 75 25  0  0  0	
24  0      0 46943612  13188  70224    0    0     0     0 4088 240448 75 25  0  0  0	
26  0      0 46943612  13188  70224    0    0    16     0 4189 238407 76 24  0  0  0	
25  0      0 46943612  13188  70224    0    0    32     0 4377 239721 75 25  0  0  0	
27  0      0 46943612  13188  70224    0    0    32     0 4190 239676 76 24  0  0  0	
27  0      0 46943612  13196  70224    0    0     0    12 4245 240237 76 24  0  0  0	
23  0      0 46943612  13196  70224    0    0    16     0 4214 240038 76 24  0  0  0	
23  0      0 46943612  13196  70224    0    0     0     0 4087 239984 74 26  0  0  0	
22  0      0 46943612  13196  70224    0    0     0     0 4106 239597 74 26  0  0  0	
21  0      0 46943612  13196  70224    0    0     0     0 4102 239819 74 26  0  0  0	
23  0      0 46943612  13204  70224    0    0    16    16 4150 239863 75 25  0  0  0	
22  0      0 46943612  13204  70224    0    0    16     0 4189 239563 76 24  0  0  0	
27  0      0 46943612  13204  70224    0    0     0     0 4129 236265 76 24  0  0  0	
21  0      0 46943612  13204  70224    0    0    16     0 4153 236838 74 26  0  0  0	
24  0      0 46943612  13204  70224    0    0     0     0 4092 240291 75 25  0  0  0	
procs -----------memory---------- ---swap-- -----io---- --system-- -----cpu-----
 r  b   swpd   free   buff  cache   si   so    bi    bo   in   cs us sy id wa st
25  1      0 46943612  13208  70220    0    0     0    12 4098 240296 75 25  0  0  0	
24  0      0 46943612  13212  70224    0    0    16     0 4244 240304 75 25  0  0  0	
22  0      0 46943612  13212  70224    0    0     0     0 4108 239968 75 25  0  0  0	
22  0      0 46943612  13212  70224    0    0     0     0 4105 239968 75 25  0  0  0	
23  0      0 46943612  13212  70224    0    0     0    20 4088 240083 74 26  0  0  0	
24  0      0 46943612  13212  70224    0    0    16     0 4191 239530 74 25  0  0  0	
22  0      0 46943612  13220  70224    0    0    32    12 4225 240605 76 24  0  0  0	
21  0      0 46943612  13220  70224    0    0    16     0 4173 239360 75 25  0  0  0	
20  0      0 46943612  13220  70224    0    0     0     0 4103 239951 75 25  0  0  0	
25  0      0 46943612  13220  70224    0    0    16     8 4355 239506 75 25  0  0  0	
25  0      0 46943612  13220  70224    0    0    16     0 4231 240137 75 25  0  0  0	
22  0      0 46943612  13228  70224    0    0    16    24 4230 240343 77 23  0  0  0	
21  0      0 46943612  13228  70224    0    0    16     0 4181 240045 76 24  0  0  0	
26  0      0 46943612  13228  70224    0    0     0     0 4088 240137 76 25  0  0  0	
26  0      0 46943488  13228  70228    0    0    16     4 4261 240525 75 25  0  0  0	
21  0      0 46943488  13228  70232    0    0    16     0 4218 240304 75 25  0  0  0	
23  0      0 46943488  13228  70232    0    0     0     0 4092 239862 76 24  0  0  0	
23  0      0 46943488  13236  70232    0    0     0    12 4093 235422 75 25  0  0  0	
25  0      0 46943488  13236  70232    0    0    16     0 4274 240269 75 25  0  0  0	
25  0      0 46943488  13236  70232    0    0    16     0 4179 239908 76 24  0  0  0	
21  0      0 46943488  13236  70236    0    0    16     0 4186 240589 73 27  0  0  0	
procs -----------memory---------- ---swap-- -----io---- --system-- -----cpu-----
 r  b   swpd   free   buff  cache   si   so    bi    bo   in   cs us sy id wa st
25  0      0 46943488  13236  70236    0    0    32     0 4255 239788 74 25  0  0  0	
20  0      0 46943364  13244  70236    0    0     0    16 4096 239756 76 24  0  0  0	
20  0      0 46943364  13244  70236    0    0    16     0 4200 239949 73 27  0  0  0	
21  0      0 46943364  13244  70236    0    0     0     4 4121 239858 76 24  0  0  0	
26  0      0 46943364  13244  70236    0    0    48     0 4638 240275 75 25  0  0  0	
24  0      0 46943364  13244  70236    0    0    16     0 4169 240254 76 24  0  0  0	
26  0      0 46943364  13244  70236    0    0    16     0 4158 237964 75 25  0  0  0	
22  0      0 46943364  13252  70236    0    0    16    12 4291 241009 75 25  0  0  0	
21  0      0 46943364  13252  70236    0    0     0     0 4115 240273 76 24  0  0  0	
23  0      0 46943364  13252  70236    0    0    16     0 4199 240116 75 25  0  0  0	
22  0      0 46943364  13252  70236    0    0    32     0 4285 240128 75 25  0  0  0	
25  0      0 46943364  13252  70236    0    0     0     0 4158 239595 75 25  0  0  0	
24  0      0 46943364  13260  70236    0    0     0    12 4106 239570 74 26  0  0  0	
20  0      0 46943364  13260  70236    0    0    16     0 4224 239449 74 26  0  0  0	
20  0      0 46943364  13260  70236    0    0     0     0 4090 239334 76 24  0  0  0	
25  0      0 46943364  13260  70236    0    0     0     0 4102 239030 75 25  0  0  0	
22  0      0 46943364  13260  70236    0    0     0     0 4135 235350 76 24  0  0  0	
24  0      0 46943364  13260  70236    0    0    16     0 4148 239838 75 25  0  0  0	
24  0      0 46943364  13268  70236    0    0     0    12 4100 239456 74 26  0  0  0	
21  0      0 46943364  13268  70236    0    0     0    24 4119 239868 75 25  0  0  0	
26  0      0 46943364  13268  70236    0    0     0     0 4110 239471 74 26  0  0  0	
procs -----------memory---------- ---swap-- -----io---- --system-- -----cpu-----
 r  b   swpd   free   buff  cache   si   so    bi    bo   in   cs us sy id wa st
22  0      0 46943364  13268  70236    0    0     0     0 4102 239743 75 25  0  0  0	
21  0      0 46943364  13268  70236    0    0    16     0 4147 240417 76 24  0  0  0	
20  0      0 46943364  13276  70236    0    0    16    24 4305 239854 76 24  0  0  0	
23  0      0 46943364  13276  70236    0    0     0     8 4089 240444 77 24  0  0  0	
25  0      0 46943364  13276  70236    0    0     0     0 4090 240428 75 25  0  0  0	
23  0      0 46943364  13276  70240    0    0    16     0 4252 238722 76 24  0  0  0	
22  0      0 46943364  13276  70240    0    0    16     0 4184 240265 75 25  0  0  0	
25  0      0 46943364  13276  70240    0    0     0     0 4198 239910 76 24  0  0  0	
23  0      0 46943364  13284  70240    0    0    16    32 4165 240265 75 25  0  0  0	
23  0      0 46943364  13284  70240    0    0    16     0 4249 240490 73 27  0  0  0	
23  0      0 46943364  13284  70240    0    0    16     0 4123 240521 75 25  0  0  0	
21  0      0 46943364  13284  70240    0    0     0     0 4099 239805 75 25  0  0  0	
20  0      0 46943364  13284  70240    0    0    32     0 4303 240146 75 25  0  0  0	
24  0      0 46943364  13292  70240    0    0     0    28 4095 239748 74 26  0  0  0	
23  0      0 46943364  13292  70240    0    0     0     0 4124 236801 76 24  0  0  0	
25  0      0 46943364  13292  70240    0    0     0     0 4096 238018 75 25  0  0  0	
24  0      0 46943364  13292  70240    0    0     0     0 4175 240106 75 25  0  0  0	
25  0      0 46943364  13292  70244    0    0     0     0 4107 237005 76 24  0  0  0	
23  0      0 46943364  13292  70244    0    0     0     0 4109 239804 75 25  0  0  0	
26  0      0 46943240  13300  70244    0    0    16    12 4323 240026 74 26  0  0  0	
22  0      0 46943240  13300  70244    0    0     0     0 4082 240068 76 24  0  0  0	
procs -----------memory---------- ---swap-- -----io---- --system-- -----cpu-----
 r  b   swpd   free   buff  cache   si   so    bi    bo   in   cs us sy id wa st
22  0      0 46943240  13300  70244    0    0     0     0 4099 239542 76 24  0  0  0	
22  0      0 46943240  13300  70244    0    0     0     0 4100 239923 75 25  0  0  0	
22  0      0 46943240  13300  70244    0    0     0     0 4107 240186 75 25  0  0  0	
26  0      0 46943240  13308  70244    0    0    16    12 4168 240285 73 27  0  0  0	
21  0      0 46943240  13308  70244    0    0    32     0 4415 238901 74 26  0  0  0	
24  0      0 46943240  13308  70244    0    0     0     0 4093 240046 75 25  0  0  0	
22  0      0 46943240  13308  70244    0    0     0     0 4135 239916 75 25  0  0  0	
23  0      0 46943240  13308  70244    0    0    16     8 4158 239927 75 25  0  0  0	
26  0      0 46943240  13308  70244    0    0     0     0 4082 240066 76 24  0  0  0	
24  0      0 46943240  13316  70244    0    0    16    24 4177 240109 76 24  0  0  0	
26  0      0 46943240  13316  70244    0    0     0     0 4089 240183 75 25  0  0  0	
22  0      0 46943240  13316  70244    0    0     0     0 4109 236764 76 24  0  0  0	
21  0      0 46943240  13316  70244    0    0     0    32 4106 239979 75 25  0  0  0	
20  0      0 46943240  13316  70244    0    0     0     0 4091 240487 77 23  0  0  0	
20  0      0 46943240  13324  70244    0    0    16    12 4182 238546 75 25  0  0  0	
22  0      0 46943240  13324  70244    0    0    16     0 4160 240071 75 25  0  0  0	
23  0      0 46943240  13324  70244    0    0    32     0 4320 240142 75 25  0  0  0	
22  0      0 46943240  13324  70248    0    0    32     0 4269 240259 74 26  0  0  0	
21  0      0 46943240  13324  70248    0    0     0     8 4085 241132 76 25  0  0  0	
24  0      0 46943240  13324  70248    0    0    16     0 4172 240553 75 25  0  0  0	
21  0      0 46943240  13332  70248    0    0     0    24 4240 239787 76 24  0  0  0	
procs -----------memory---------- ---swap-- -----io---- --system-- -----cpu-----
 r  b   swpd   free   buff  cache   si   so    bi    bo   in   cs us sy id wa st
24  0      0 46943240  13332  70248    0    0    16     0 4141 239899 75 26  0  0  0	
21  0      0 46943240  13332  70248    0    0    16     0 4160 240167 76 24  0  0  0	
22  0      0 46943240  13332  70248    0    0    16     0 4162 240256 75 25  0  0  0	
23  0      0 46943240  13332  70248    0    0     0     0 4108 237852 75 25  0  0  0	
22  0      0 46943240  13340  70248    0    0    16    12 4190 240408 76 24  0  0  0	
23  0      0 46943240  13340  70248    0    0     0     0 4088 236313 75 25  0  0  0	
24  0      0 46943240  13340  70248    0    0     0     0 4077 239682 75 25  0  0  0	
23  0      0 46943240  13340  70248    0    0    16     0 4217 239569 74 26  0  0  0	
23  0      0 46943240  13340  70248    0    0    16     0 4172 239538 75 25  0  0  0	
22  0      0 46943240  13340  70248    0    0    16     0 4197 239814 75 24  0  0  0	
24  0      0 46943240  13348  70248    0    0    16    12 4211 241090 75 25  0  0  0	
22  0      0 46943240  13348  70248    0    0     0     0 4192 241143 75 25  0  0  0	
25  0      0 46943240  13348  70248    0    0     0     0 4110 241499 74 26  0  0  0	
23  0      0 46943240  13348  70248    0    0     0     0 4097 238490 74 26  0  0  0	
22  0      0 46943240  13348  70248    0    0     0     0 4084 239393 75 25  0  0  0	
26  0      0 46943116  13356  70248    0    0    16    12 4201 239415 76 24  0  0  0	
23  0      0 46943116  13356  70248    0    0     0     0 4085 239934 76 24  0  0  0	
23  0      0 46943116  13356  70248    0    0    16     0 4200 239974 76 24  0  0  0	
21  0      0 46943116  13356  70248    0    0    16     0 4334 240183 76 24  0  0  0	
25  0      0 46943116  13356  70252    0    0     0     0 4144 240003 76 24  0  0  0	
22  0      0 46943116  13356  70252    0    0    16     0 4199 240477 75 25  0  0  0	
procs -----------memory---------- ---swap-- -----io---- --system-- -----cpu-----
 r  b   swpd   free   buff  cache   si   so    bi    bo   in   cs us sy id wa st
22  0      0 46942992  13364  70252    0    0     0    12 4137 240774 75 25  0  0  0	
25  0      0 46942868  13364  70252    0    0    32     8 4203 240174 75 25  0  0  0	
22  0      0 46942868  13364  70252    0    0     0     0 4097 236239 77 23  0  0  0	
23  0      0 46942868  13364  70252    0    0     0     0 4088 240111 74 27  0  0  0	
21  0      0 46942868  13364  70252    0    0     0     0 4091 239575 76 24  0  0  0	
25  0      0 46942744  13372  70252    0    0     0    24 4104 241203 75 25  0  0  0	
24  0      0 46942744  13372  70252    0    0     0    16 4103 240754 76 24  0  0  0	
25  0      0 46942744  13372  70252    0    0     0     0 4135 240921 76 24  0  0  0	
25  0      0 46942744  13372  70256    0    0    16     0 4238 240061 74 26  0  0  0	
25  0      0 46942744  13372  70256    0    0    16     0 4172 240064 75 25  0  0  0	
23  0      0 46942744  13372  70256    0    0    32     0 4353 239901 75 25  0  0  0	
23  0      0 46942744  13380  70256    0    0    16    20 4164 240459 75 25  0  0  0	
21  0      0 46942744  13380  70256    0    0     0     0 4090 238886 76 24  0  0  0	
20  0      0 46942744  13380  70256    0    0    16     0 4166 240026 75 25  0  0  0	
19  0      0 46942744  13380  70256    0    0     0     0 4420 236373 75 25  0  0  0	
20  0      0 46942744  13380  70256    0    0    16     0 4118 239961 75 25  0  0  0	
17  0      0 46942744  13388  70256    0    0    16    24 4376 239805 76 24  0  0  0	
22  0      0 46942744  13388  70256    0    0     0     0 4091 239777 75 25  0  0  0	
18  0      0 46942744  13388  70256    0    0     0     0 4119 235993 74 26  0  0  0	
19  0      0 46942744  13388  70256    0    0     0     0 4109 239731 76 24  0  0  0	
21  0      0 46942744  13388  70256    0    0    16     0 4184 239828 76 24  0  0  0	
procs -----------memory---------- ---swap-- -----io---- --system-- -----cpu-----
 r  b   swpd   free   buff  cache   si   so    bi    bo   in   cs us sy id wa st
20  0      0 46942744  13388  70256    0    0     0     0 4095 239856 74 26  0  0  0	
18  0      0 46942744  13396  70256    0    0    16    16 4205 238752 75 25  0  0  0	
18  0      0 46942744  13396  70256    0    0     0     0 4115 240052 75 25  0  0  0	
21  0      0 46942744  13396  70256    0    0    16     0 4218 239813 76 24  0  0  0	
19  0      0 46942744  13396  70256    0    0    16     0 4204 240402 75 25  0  0  0	
17  0      0 46942744  13396  70256    0    0    16     0 4176 239784 75 25  0  0  0	
22  0      0 46942620  13404  70256    0    0     0    20 4124 240260 75 25  0  0  0	
18  0      0 46942620  13404  70256    0    0     0     0 4124 235059 76 24  0  0  0	
20  0      0 46942620  13404  70256    0    0    16     0 4224 240257 75 25  0  0  0	
18  0      0 46942620  13404  70256    0    0     0     0 4089 240339 75 26  0  0  0	
18  0      0 46942620  13404  70256    0    0     0     0 4119 239610 74 26  0  0  0	
21  0      0 46942620  13404  70256    0    0     0     8 4093 238211 76 24  0  0  0	
24  0      0 46942620  13412  70256    0    0     0    32 4145 240410 76 24  0  0  0	
17  0      0 46942496  13412  70256    0    0    16     0 4230 239738 75 24  0  0  0	
19  0      0 46942496  13412  70256    0    0     0     0 4100 240024 76 25  0  0  0	
19  0      0 46942496  13412  70256    0    0     0     0 4146 240096 74 26  0  0  0	
20  0      0 46942496  13412  70256    0    0    16     0 4216 239916 76 24  0  0  0	
17  0      0 46942496  13420  70256    0    0     0    20 4143 238799 76 24  0  0  0	
18  0      0 46942496  13420  70256    0    0     0     0 4094 237204 75 25  0  0  0	
17  0      0 46942496  13420  70256    0    0     0     0 4119 239809 76 24  0  0  0	
19  0      0 46942496  13420  70260    0    0     0     0 4168 240271 75 25  0  0  0	
procs -----------memory---------- ---swap-- -----io---- --system-- -----cpu-----
 r  b   swpd   free   buff  cache   si   so    bi    bo   in   cs us sy id wa st
19  0      0 46942496  13420  70264    0    0    16    32 4162 239160 74 26  0  0  0	
20  0      0 46942496  13420  70264    0    0    16     0 4440 240226 75 25  0  0  0	
20  0      0 46942496  13428  70264    0    0     0    32 4102 238911 74 26  0  0  0	
18  0      0 46942496  13428  70264    0    0     0     0 4137 240258 75 26  0  0  0	
20  0      0 46942496  13428  70264    0    0    16     0 4177 239608 74 26  0  0  0	
21  0      0 46942496  13428  70264    0    0     0     0 4116 240257 74 26  0  0  0	
20  0      0 46942496  13428  70264    0    0     0     0 4103 239980 76 24  0  0  0	
17  0      0 46942496  13436  70272    0    0     0    20 4257 239837 74 26  0  0  0	
16  0      0 46942496  13436  70272    0    0     0     0 4083 240062 74 26  0  0  0	
22  0      0 46942496  13436  70272    0    0     0     0 4095 240057 76 24  0  0  0	
22  0      0 46942496  13436  70272    0    0     0     4 4105 235489 77 23  0  0  0	
17  0      0 46942496  13436  70272    0    0     0     0 4096 236161 77 23  0  0  0	
21  0      0 46942496  13444  70264    0    0    16    20 4197 239227 74 26  0  0  0	
21  0      0 46942496  13444  70272    0    0     0     0 4095 239474 75 25  0  0  0	
18  0      0 46942496  13444  70272    0    0     0     0 4098 239793 76 24  0  0  0	
19  0      0 46942372  13444  70272    0    0    16    16 4210 240574 76 24  0  0  0	
17  0      0 46942372  13444  70272    0    0     0     0 4090 239975 76 24  0  0  0	
19  0      0 46942372  13444  70272    0    0    32     0 4250 240138 74 26  0  0  0	
19  0      0 46942372  13452  70272    0    0     0    36 4193 240417 75 25  0  0  0	
18  0      0 46942124  13452  70272    0    0     0     0 4102 239870 75 25  0  0  0	
17  0      0 46942124  13452  70272    0    0     0     8 4113 238416 76 24  0  0  0	
procs -----------memory---------- ---swap-- -----io---- --system-- -----cpu-----
 r  b   swpd   free   buff  cache   si   so    bi    bo   in   cs us sy id wa st
20  0      0 46942124  13452  70272    0    0     0     0 4091 239737 75 25  0  0  0	
20  0      0 46942124  13452  70272    0    0     0     0 4097 238622 74 26  0  0  0	
18  0      0 46942124  13460  70272    0    0     0    32 4104 239230 75 25  0  0  0	
19  0      0 46942124  13460  70272    0    0     0     0 4091 235920 75 25  0  0  0	
23  0      0 46942124  13460  70272    0    0     0     0 4114 240134 74 26  0  0  0	
23  0      0 46942124  13460  70272    0    0     0     0 4105 238014 75 25  0  0  0	
22  0      0 46942124  13460  70272    0    0    16     0 4454 240741 75 25  0  0  0	
18  0      0 46942124  13460  70272    0    0     0     0 4098 240089 75 25  0  0  0	
20  0      0 46942124  13468  70272    0    0     0    12 4111 239889 75 25  0  0  0	
17  0      0 46942124  13468  70272    0    0    16     0 4150 238934 75 25  0  0  0	
19  0      0 46942124  13468  70276    0    0     0     4 4096 240082 74 26  0  0  0	
18  0      0 46942124  13468  70276    0    0     0     0 4104 239200 76 24  0  0  0	
21  0      0 46942124  13468  70276    0    0     0     0 4145 239906 74 26  0  0  0	
21  0      0 46942124  13476  70276    0    0     0    12 4147 240259 74 26  0  0  0	
21  0      0 46942124  13476  70276    0    0    16     0 4185 237444 76 24  0  0  0	
18  0      0 46942124  13476  70276    0    0     0    36 4119 238561 76 24  0  0  0	
18  0      0 46942124  13476  70276    0    0     0     0 4102 239668 75 25  0  0  0	
25  0      0 46942124  13476  70276    0    0     0     0 4102 239968 75 25  0  0  0	
19  0      0 46942124  13476  70276    0    0     0     0 4113 240227 76 24  0  0  0	
22  0      0 46942124  13484  70276    0    0     0    12 4105 237731 75 25  0  0  0	
18  0      0 46942000  13484  70276    0    0    32     0 4182 240257 75 25  0  0  0	
procs -----------memory---------- ---swap-- -----io---- --system-- -----cpu-----
 r  b   swpd   free   buff  cache   si   so    bi    bo   in   cs us sy id wa st
19  0      0 46942000  13484  70276    0    0     0     0 4118 239948 76 24  0  0  0	
17  0      0 46942000  13484  70280    0    0     0     0 4092 239967 76 24  0  0  0	
19  0      0 46942000  13484  70280    0    0     0     0 4136 240035 75 25  0  0  0	
21  0      0 46942000  13492  70280    0    0     0    12 4090 239761 74 26  0  0  0	
20  0      0 46942000  13492  70280    0    0     0     0 4093 239733 75 25  0  0  0	
19  0      0 46942000  13492  70280    0    0    16     0 4200 239889 76 24  0  0  0	
19  0      0 46942000  13492  70280    0    0     0     0 4097 236706 75 25  0  0  0	
21  0      0 46942000  13492  70280    0    0    16     0 4209 239072 75 25  0  0  0	
19  0      0 46942000  13492  70280    0    0     0     0 4093 235810 76 24  0  0  0	
20  0      0 46942000  13500  70280    0    0     0    28 4093 239927 76 24  0  0  0	
19  0      0 46942000  13500  70280    0    0     0     0 4097 238470 75 25  0  0  0	
18  0      0 46942000  13500  70280    0    0     0     0 4179 240425 76 24  0  0  0	
21  0      0 46942000  13500  70280    0    0     0     0 4094 240974 76 24  0  0  0	
20  0      0 46942000  13500  70280    0    0    32     0 4412 240733 75 25  0  0  0	
20  0      0 46942000  13508  70280    0    0     0    24 4092 240338 74 26  0  0  0	
18  0      0 46942000  13508  70280    0    0     0     0 4112 240017 75 25  0  0  0	
20  0      0 46942000  13508  70280    0    0    32     0 4183 240097 75 25  0  0  0	
20  0      0 46942000  13508  70280    0    0     0     0 4095 239779 75 25  0  0  0	
19  0      0 46942000  13508  70280    0    0     0     0 4103 238603 76 24  0  0  0	
19  0      0 46942000  13508  70280    0    0    16     0 4360 240234 75 25  0  0  0	
20  0      0 46942000  13516  70280    0    0     0    12 4117 235669 76 24  0  0  0	
procs -----------memory---------- ---swap-- -----io---- --system-- -----cpu-----
 r  b   swpd   free   buff  cache   si   so    bi    bo   in   cs us sy id wa st
20  0      0 46942000  13516  70280    0    0     0     0 4106 239811 76 24  0  0  0	
21  0      0 46942000  13516  70284    0    0     0     0 4110 239713 75 25  0  0  0	
21  0      0 46942000  13516  70284    0    0     0     0 4095 239620 75 25  0  0  0	
22  0      0 46942000  13516  70284    0    0     0     0 4088 239340 76 24  0  0  0	
17  0      0 46942000  13524  70284    0    0     0    32 4110 239843 75 25  0  0  0	
19  0      0 46942000  13524  70284    0    0    16     0 4247 239811 75 25  0  0  0	
19  0      0 46942000  13524  70284    0    0     0     0 4126 239824 76 24  0  0  0	
19  0      0 46942000  13524  70284    0    0     0     0 4094 237909 74 26  0  0  0	
19  0      0 46942000  13524  70284    0    0     0     0 4098 239616 75 25  0  0  0	
18  0      0 46942000  13524  70284    0    0     0    20 4141 238874 75 25  0  0  0	
23  0      0 46942000  13532  70284    0    0     0    12 4087 239695 75 25  0  0  0	
21  0      0 46942000  13532  70284    0    0     0     0 4088 239751 75 25  0  0  0	
19  0      0 46942000  13532  70284    0    0     0     0 4096 239591 75 25  0  0  0	
19  0      0 46942000  13532  70284    0    0     0     0 4089 239250 75 25  0  0  0	
21  0      0 46942000  13532  70284    0    0     0     0 4103 239335 75 25  0  0  0	
21  0      0 46941876  13540  70284    0    0     0    12 4103 239445 77 24  0  0  0	
19  0      0 46941876  13540  70284    0    0     0     0 4105 239544 75 25  0  0  0	
18  0      0 46941876  13540  70284    0    0    16     0 4170 235815 75 25  0  0  0	
19  0      0 46941876  13540  70284    0    0     0     0 4100 239809 76 24  0  0  0	
16  0      0 46941876  13540  70284    0    0     0     0 4148 240046 76 24  0  0  0	
18  0      0 46941876  13540  70284    0    0    16     0 4169 240295 75 25  0  0  0	
procs -----------memory---------- ---swap-- -----io---- --system-- -----cpu-----
 r  b   swpd   free   buff  cache   si   so    bi    bo   in   cs us sy id wa st
19  0      0 46941876  13548  70284    0    0     0    12 4172 239955 76 24  0  0  0	
21  0      0 46941876  13548  70284    0    0     0     0 4100 239565 76 24  0  0  0	
20  0      0 46941876  13548  70288    0    0     0     0 4115 239815 76 24  0  0  0	
19  0      0 46941876  13548  70288    0    0     0     8 4104 239897 75 25  0  0  0	
18  0      0 46941876  13548  70288    0    0     0     0 4181 239917 74 26  0  0  0	
17  0      0 46941876  13556  70288    0    0     0    24 4099 240195 76 24  0  0  0	
23  0      0 46941876  13556  70288    0    0     0     0 4083 239111 75 25  0  0  0	
21  0      0 46941876  13556  70288    0    0     0     0 4107 240278 75 25  0  0  0	
19  0      0 46941876  13556  70288    0    0     0     0 4107 239550 75 25  0  0  0	
19  0      0 46941876  13556  70288    0    0     0     0 4095 241075 75 25  0  0  0	
17  0      0 46941876  13556  70288    0    0     0     0 4097 239776 75 25  0  0  0	
19  0      0 46941876  13564  70288    0    0     0    12 4105 240600 74 26  0  0  0	
18  0      0 46941876  13564  70288    0    0     0     0 4108 240424 74 26  0  0  0	
19  0      0 46941876  13564  70292    0    0    16     0 4229 240242 73 27  0  0  0	
24  0      0 46941876  13564  70292    0    0     0     0 4093 239741 76 24  0  0  0	
19  0      0 46941876  13564  70292    0    0     0     0 4081 237077 76 24  0  0  0	
20  0      0 46941876  13572  70292    0    0     0    16 4118 235063 75 25  0  0  0	
21  0      0 46941876  13572  70292    0    0     0     0 4118 240430 76 24  0  0  0	
21  0      0 46941876  13572  70292    0    0     0     8 4108 239220 76 24  0  0  0	
22  0      0 46941876  13572  70292    0    0    16     0 4257 240391 76 25  0  0  0	
20  0      0 46941876  13572  70292    0    0     0     0 4121 240112 75 25  0  0  0	
procs -----------memory---------- ---swap-- -----io---- --system-- -----cpu-----
 r  b   swpd   free   buff  cache   si   so    bi    bo   in   cs us sy id wa st
20  0      0 46941876  13572  70292    0    0     0     0 4091 239898 74 26  0  0  0	
18  0      0 46941876  13580  70292    0    0     0    24 4117 239910 75 25  0  0  0	
19  0      0 46941876  13580  70292    0    0     0    24 4103 238106 76 24  0  0  0	
19  0      0 46941876  13580  70292    0    0     0     0 4116 239978 75 25  0  0  0	
20  0      0 46941876  13580  70292    0    0     0     0 4096 240438 74 26  0  0  0	
18  0      0 46941876  13580  70292    0    0     0     0 4109 238302 76 24  0  0  0	
17  0      0 46941876  13588  70292    0    0     0    12 4105 239987 75 25  0  0  0	
20  0      0 46941876  13588  70292    0    0     0     0 4090 239130 75 25  0  0  0	
23  0      0 46941876  13588  70292    0    0     0     0 4095 239841 76 24  0  0  0	
18  0      0 46941876  13588  70292    0    0     0     0 4077 239914 76 24  0  0  0	
23  0      0 46941876  13588  70292    0    0    32     0 4284 240363 74 26  0  0  0	
19  0      0 46941876  13588  70292    0    0    16     0 4242 240072 76 25  0  0  0	
20  0      0 46941876  13596  70292    0    0     0    12 4125 238487 76 24  0  0  0	
19  0      0 46941876  13596  70292    0    0     0     8 4113 239854 76 24  0  0  0	
21  0      0 46941876  13596  70292    0    0     0     0 4090 240513 74 26  0  0  0	
20  0      0 46941876  13596  70292    0    0    16     0 4330 239002 74 26  0  0  0	
18  0      0 46941876  13596  70292    0    0    16     0 4220 240540 77 23  0  0  0	
21  0      0 46941876  13604  70292    0    0     0    24 4103 239320 75 25  0  0  0	
19  0      0 46941876  13604  70292    0    0     0     0 4113 239839 75 25  0  0  0	
17  0      0 46941876  13604  70292    0    0     0     0 4088 239900 76 24  0  0  0	
21  0      0 46941876  13604  70292    0    0    16     0 4184 240546 76 24  0  0  0	
procs -----------memory---------- ---swap-- -----io---- --system-- -----cpu-----
 r  b   swpd   free   buff  cache   si   so    bi    bo   in   cs us sy id wa st
18  0      0 46941876  13604  70292    0    0     0     0 4096 240327 76 24  0  0  0	
17  0      0 46941876  13604  70292    0    0     0     0 4103 238755 75 25  0  0  0	
20  0      0 46941876  13612  70292    0    0     0    12 4103 239481 75 25  0  0  0	
16  0      0 46941876  13612  70292    0    0    16     0 4160 240070 75 25  0  0  0	
19  0      0 46941752  13612  70300    0    0     0     0 4096 238677 76 24  0  0  0	
18  0      0 46941752  13612  70300    0    0     0     0 4184 240273 76 24  0  0  0	
19  0      0 46941752  13612  70300    0    0     0     0 4095 239091 76 25  0  0  0	
19  0      0 46941752  13620  70300    0    0    16    24 4172 240120 75 25  0  0  0	
17  0      0 46941752  13620  70300    0    0    16     0 4354 240643 76 24  0  0  0	
21  0      0 46941752  13620  70300    0    0    32     0 4264 240296 75 25  0  0  0	
18  0      0 46941752  13620  70300    0    0    16     0 4293 239898 75 25  0  0  0	
19  0      0 46941752  13620  70300    0    0     0     0 4094 238047 74 26  0  0  0	
20  0      0 46941752  13628  70292    0    0    16    24 4259 239670 76 24  0  0  0	
18  0      0 46941752  13628  70300    0    0     0     0 4116 239645 74 26  0  0  0	
20  0      0 46941752  13628  70300    0    0     0     0 4127 239234 75 25  0  0  0	
19  0      0 46941752  13628  70300    0    0     0     0 4102 240372 76 24  0  0  0	
18  0      0 46941752  13628  70300    0    0     0     0 4099 239895 75 25  0  0  0	
22  0      0 46941752  13628  70300    0    0     0    20 4138 240129 75 25  0  0  0	
19  0      0 46941628  13636  70300    0    0     0    12 4119 240356 75 25  0  0  0	
22  0      0 46941628  13636  70300    0    0     0     0 4105 240365 76 24  0  0  0	
18  0      0 46941628  13636  70300    0    0    16     0 4328 238974 74 26  0  0  0	
procs -----------memory---------- ---swap-- -----io---- --system-- -----cpu-----
 r  b   swpd   free   buff  cache   si   so    bi    bo   in   cs us sy id wa st
21  0      0 46941628  13636  70300    0    0     0     0 4109 240180 75 25  0  0  0	
19  0      0 46941628  13636  70300    0    0     0     8 4089 240753 75 25  0  0  0	
18  0      0 46941628  13644  70300    0    0     0    24 4132 240529 74 26  0  0  0	
19  0      0 46941628  13644  70300    0    0     0     0 4104 238338 74 26  0  0  0	
22  0      0 46941628  13644  70300    0    0     0     0 4099 239893 75 25  0  0  0	
18  0      0 46941628  13644  70300    0    0     0     0 4117 239351 75 25  0  0  0	
16  0      0 46941628  13644  70300    0    0     0     0 4094 239864 75 25  0  0  0	
21  0      0 46941628  13644  70300    0    0     0     0 4104 240241 75 25  0  0  0	
20  0      0 46941628  13652  70300    0    0     0    12 4106 240264 74 26  0  0  0	
17  0      0 46941628  13652  70300    0    0     0     0 4101 239896 76 24  0  0  0	
18  0      0 46941628  13652  70300    0    0     0     0 4133 236907 76 24  0  0  0	
20  0      0 46941628  13652  70300    0    0     0     0 4119 239805 75 25  0  0  0	
17  0      0 46941628  13652  70300    0    0     0     0 4088 239851 75 25  0  0  0	
20  0      0 46941628  13660  70300    0    0     0    12 4102 234675 75 25  0  0  0	
20  0      0 46941628  13660  70300    0    0     0     0 4102 239851 74 26  0  0  0	
20  0      0 46941628  13660  70304    0    0     0     0 4081 239673 75 25  0  0  0	
18  0      0 46941628  13660  70304    0    0    16     0 4300 240024 73 27  0  0  0	
18  0      0 46941628  13660  70304    0    0    16     4 4187 239666 74 26  0  0  0	
18  0      0 46941628  13660  70304    0    0     0     0 4090 240058 73 27  0  0  0	
17  0      0 46941628  13668  70304    0    0     0    12 4169 240235 75 25  0  0  0	
16  0      0 46941628  13668  70304    0    0     0     0 4099 238061 75 25  0  0  0	
procs -----------memory---------- ---swap-- -----io---- --system-- -----cpu-----
 r  b   swpd   free   buff  cache   si   so    bi    bo   in   cs us sy id wa st
16  0      0 46941628  13668  70304    0    0     0     0 4107 240103 75 25  0  0  0	
18  0      0 46941628  13668  70304    0    0     0     0 4090 239875 76 25  0  0  0	
18  0      0 46941628  13668  70304    0    0     0     0 4126 238083 75 25  0  0  0	
20  0      0 46941628  13676  70304    0    0     0    12 4109 239699 75 26  0  0  0	
18  0      0 46941628  13676  70304    0    0     0     0 4111 239221 74 26  0  0  0	
18  0      0 46941628  13676  70308    0    0     0     0 4094 239840 75 25  0  0  0	
23  0      0 46941628  13676  70308    0    0     0    12 4105 239829 76 24  0  0  0	
19  0      0 46941628  13676  70308    0    0     0     0 4087 239765 76 24  0  0  0	
20  0      0 46941628  13676  70308    0    0     0     0 4086 239763 76 24  0  0  0	
19  0      0 46941628  13684  70308    0    0    16    12 4183 238211 75 25  0  0  0	
22  0      0 46941628  13684  70308    0    0     0     0 4100 239808 75 25  0  0  0	
20  0      0 46941628  13684  70308    0    0     0     8 4138 239902 77 24  0  0  0	
19  0      0 46941628  13684  70308    0    0     0     0 4100 238667 74 26  0  0  0	
19  0      0 46941628  13684  70308    0    0     0     0 4095 239802 75 25  0  0  0	
23  0      0 46941628  13692  70308    0    0     0    32 4144 239535 74 26  0  0  0	
20  0      0 46941628  13692  70308    0    0     0     0 4090 240342 76 24  0  0  0	
20  0      0 46941628  13692  70308    0    0     0     0 4100 240162 76 24  0  0  0	
20  0      0 46941628  13692  70308    0    0     0     0 4093 240161 75 25  0  0  0	
18  0      0 46941628  13692  70308    0    0     0     0 4147 239892 75 25  0  0  0	
19  0      0 46941628  13692  70308    0    0    16     0 4196 238284 76 24  0  0  0	
19  0      0 46941628  13700  70308    0    0     0    12 4102 240183 76 24  0  0  0	
procs -----------memory---------- ---swap-- -----io---- --system-- -----cpu-----
 r  b   swpd   free   buff  cache   si   so    bi    bo   in   cs us sy id wa st
20  0      0 46941628  13700  70308    0    0     0     0 4095 239396 75 25  0  0  0	
19  0      0 46941628  13700  70308    0    0     0     0 4093 238673 75 25  0  0  0	
18  0      0 46941628  13700  70308    0    0    32     0 4342 239810 77 23  0  0  0	
21  0      0 46941628  13700  70308    0    0     0     0 4098 239130 76 24  0  0  0	
20  0      0 46941504  13708  70308    0    0     0    12 4139 240043 76 24  0  0  0	
19  0      0 46941504  13708  70308    0    0     0     0 4111 240184 75 25  0  0  0	
19  0      0 46941504  13708  70312    0    0     0     0 4088 240066 76 24  0  0  0	
19  0      0 46941504  13708  70312    0    0     0     0 4114 239817 74 26  0  0  0	
17  0      0 46941504  13708  70312    0    0     0     0 4092 238156 76 24  0  0  0	
19  0      0 46941504  13708  70312    0    0     0     0 4091 239688 75 25  0  0  0	
18  0      0 46941504  13716  70312    0    0     0    12 4116 239612 75 25  0  0  0	
21  0      0 46941504  13716  70312    0    0     0     8 4095 238106 74 26  0  0  0	
18  0      0 46941504  13716  70312    0    0     0     0 4169 239773 74 26  0  0  0	
19  0      0 46941504  13716  70312    0    0     0     0 4128 239813 75 25  0  0  0	
18  0      0 46941504  13716  70312    0    0     0     0 4099 239739 76 24  0  0  0	
19  0      0 46941504  13724  70312    0    0    16    24 4175 239964 74 26  0  0  0	
18  0      0 46938784  13724  70312    0    0     0     0 4203 239384 75 25  0  0  0	
18  0      0 46938032  13724  70312    0    0     0     0 4120 239775 76 24  0  0  0	
20  0      0 46938032  13724  70312    0    0     0     0 4171 237699 74 26  0  0  0	
18  0      0 46938032  13724  70312    0    0     0     0 4180 239650 76 24  0  0  0	
19  0      0 46938032  13724  70312    0    0     0     0 4084 240097 75 25  0  0  0	
procs -----------memory---------- ---swap-- -----io---- --system-- -----cpu-----
 r  b   swpd   free   buff  cache   si   so    bi    bo   in   cs us sy id wa st
20  0      0 46938032  13732  70312    0    0     0    64 4126 238552 77 23  0  0  0	
20  0      0 46938032  13732  70312    0    0     0     0 4111 239697 76 24  0  0  0	
18  0      0 46938032  13732  70312    0    0     0     0 4103 239227 75 25  0  0  0	
19  0      0 46938032  13732  70312    0    0     0     0 4095 239869 76 24  0  0  0	
17  0      0 46938032  13732  70312    0    0     0     0 4091 239688 75 25  0  0  0	
21  0      0 46938032  13740  70312    0    0     0    32 4128 239900 76 24  0  0  0	
17  0      0 46938032  13740  70312    0    0     0     0 4087 239803 76 25  0  0  0	
18  0      0 46938032  13740  70316    0    0     0     0 4101 238168 76 24  0  0  0	
18  0      0 46938032  13740  70316    0    0     0     0 4093 239866 76 25  0  0  0	
17  0      0 46938032  13740  70316    0    0     0     0 4096 239884 75 25  0  0  0	
18  0      0 46938032  13748  70316    0    0     0    12 4119 238732 75 25  0  0  0	
20  0      0 46938032  13748  70316    0    0    16     0 4203 240198 76 24  0  0  0	
22  0      0 46938032  13748  70316    0    0     0     0 4087 240283 75 25  0  0  0	
19  0      0 46938032  13748  70316    0    0     0     0 4165 239966 76 24  0  0  0	
20  0      0 46938032  13748  70316    0    0    16     0 4229 240569 76 24  0  0  0	
19  0      0 46938032  13748  70316    0    0     0     0 4135 239824 75 25  0  0  0	
20  0      0 46938032  13756  70316    0    0     0    16 4389 239376 75 25  0  0  0	
19  0      0 46938032  13756  70316    0    0     0     0 4092 239591 74 26  0  0  0	
18  0      0 46938032  13756  70320    0    0     0     0 4091 239216 75 26  0  0  0	
18  0      0 46938032  13756  70320    0    0     0     0 4107 239087 76 24  0  0  0	
20  0      0 46938032  13756  70320    0    0     0     0 4098 234791 75 25  0  0  0	
procs -----------memory---------- ---swap-- -----io---- --system-- -----cpu-----
 r  b   swpd   free   buff  cache   si   so    bi    bo   in   cs us sy id wa st
21  0      0 46938032  13764  70320    0    0    16    12 4411 239723 75 25  0  0  0	
20  0      0 46938032  13764  70320    0    0     0     0 4099 235615 78 22  0  0  0	
18  0      0 46938032  13764  70320    0    0     0     0 4245 239648 76 24  0  0  0	
21  0      0 46938032  13764  70320    0    0     0     0 4112 239939 74 26  0  0  0	
20  0      0 46938032  13764  70320    0    0     0    16 4096 239803 75 25  0  0  0	
22  0      0 46938032  13764  70320    0    0     0     0 4100 239843 75 26  0  0  0	
17  0      0 46938032  13772  70320    0    0     0    24 4131 239549 75 25  0  0  0	
19  0      0 46938032  13772  70320    0    0     0     0 4089 239592 76 24  0  0  0	
19  0      0 46938032  13772  70320    0    0    16     0 4212 240343 75 25  0  0  0	
16  0      0 46938032  13772  70320    0    0     0     0 4092 238819 75 25  0  0  0	
19  0      0 46938032  13772  70320    0    0     0     0 4100 239792 75 25  0  0  0	
20  0      0 46938032  13780  70320    0    0     0    12 4092 239459 76 24  0  0  0	
19  0      0 46938032  13780  70320    0    0     0     0 4095 240119 75 25  0  0  0	
23  0      0 46938032  13780  70320    0    0     0     0 4131 239862 75 25  0  0  0	
16  0      0 46938032  13780  70320    0    0     0     0 4101 240213 75 25  0  0  0	
16  0      0 46938032  13780  70320    0    0     0    28 4101 239919 76 24  0  0  0	
19  0      0 46938032  13780  70320    0    0     0     0 4248 238280 77 23  0  0  0	
18  0      0 46938032  13788  70320    0    0     0    24 4166 240231 74 26  0  0  0	
19  0      0 46938032  13788  70320    0    0     0     0 4094 240468 75 25  0  0  0	
17  0      0 46938032  13788  70320    0    0     0     0 4118 239390 74 26  0  0  0	
17  0      0 46938032  13788  70320    0    0     0     0 4096 239633 76 24  0  0  0	
procs -----------memory---------- ---swap-- -----io---- --system-- -----cpu-----
 r  b   swpd   free   buff  cache   si   so    bi    bo   in   cs us sy id wa st
20  0      0 46938032  13788  70320    0    0     0     0 4110 239905 75 25  0  0  0	
22  0      0 46938032  13796  70320    0    0     0    12 4125 240247 75 25  0  0  0	
21  0      0 46938032  13796  70320    0    0    16     0 4224 240578 75 25  0  0  0	
19  0      0 46938032  13796  70320    0    0     0     0 4087 239812 75 25  0  0  0	
16  0      0 46938032  13796  70320    0    0     0     0 4105 239841 76 24  0  0  0	
25  0      0 46938032  13796  70320    0    0     0     0 4100 239858 74 26  0  0  0	
22  0      0 46938032  13796  70320    0    0     0     0 4099 239929 76 24  0  0  0	
20  0      0 46938032  13804  70320    0    0     0    12 4096 239577 76 24  0  0  0	
18  0      0 46938032  13804  70320    0    0     0     0 4097 239020 74 26  0  0  0	
17  0      0 46938032  13804  70328    0    0     0     0 4107 239638 77 23  0  0  0	
20  0      0 46938032  13804  70328    0    0     0     0 4116 239380 76 24  0  0  0	
20  0      0 46938032  13804  70328    0    0     0     0 4101 240158 77 23  0  0  0	
20  0      0 46938032  13812  70328    0    0     0    12 4106 240162 76 24  0  0  0	
19  0      0 46938032  13812  70328    0    0     0     0 4102 240253 75 25  0  0  0	
21  0      0 46938032  13812  70328    0    0     0     8 4196 240180 76 24  0  0  0	
21  0      0 46938032  13812  70328    0    0     0     0 4123 237262 75 25  0  0  0	
21  0      0 46938032  13812  70328    0    0     0     0 4090 240569 75 25  0  0  0	
20  0      0 46938032  13812  70328    0    0     0     0 4106 240094 75 25  0  0  0	
18  0      0 46938032  13820  70328    0    0     0    24 4111 239038 75 25  0  0  0	
19  0      0 46938032  13820  70328    0    0    16     0 4303 239826 75 25  0  0  0	
18  0      0 46938032  13820  70328    0    0    16     0 4193 239600 76 24  0  0  0	
procs -----------memory---------- ---swap-- -----io---- --system-- -----cpu-----
 r  b   swpd   free   buff  cache   si   so    bi    bo   in   cs us sy id wa st
23  0      0 46938032  13820  70328    0    0     0     0 4105 240618 76 24  0  0  0	
19  0      0 46938032  13820  70328    0    0     0     0 4089 240291 74 26  0  0  0	
20  0      0 46938032  13828  70328    0    0     0    12 4114 240049 75 25  0  0  0	
18  0      0 46938032  13828  70328    0    0     0     8 4185 239685 75 25  0  0  0	
20  0      0 46938032  13828  70328    0    0     0     0 4109 238524 76 24  0  0  0	
19  0      0 46938032  13828  70328    0    0     0     0 4108 240465 75 25  0  0  0	
18  0      0 46938032  13828  70328    0    0     0     0 4106 239213 74 26  0  0  0	
18  0      0 46938032  13828  70328    0    0     0     0 4093 238490 76 24  0  0  0	
21  0      0 46938032  13836  70328    0    0     0    40 4183 239863 76 24  0  0  0	
18  0      0 46938032  13836  70328    0    0     0     0 4099 239964 75 25  0  0  0	
18  0      0 46938032  13836  70328    0    0    16     0 4136 239980 75 25  0  0  0	
20  0      0 46938032  13836  70328    0    0     0     0 4217 240548 76 24  0  0  0	
17  0      0 46938032  13836  70328    0    0     0     0 4097 239627 75 25  0  0  0	
20  0      0 46938032  13844  70328    0    0     0    12 4149 239911 75 25  0  0  0	
18  0      0 46938032  13844  70328    0    0     0     0 4219 240826 75 25  0  0  0	
20  0      0 46938032  13844  70328    0    0     0     0 4096 240184 75 25  0  0  0	
19  0      0 46938032  13844  70328    0    0     0     0 4097 239873 75 25  0  0  0	
21  0      0 46938032  13844  70328    0    0     0     0 4105 235595 74 26  0  0  0	
23  0      0 46938032  13844  70328    0    0     0     0 4116 239453 75 25  0  0  0	
17  0      0 46937908  13852  70328    0    0     0    12 4100 236864 75 25  0  0  0	
19  0      0 46937908  13852  70332    0    0     0     0 4094 240361 73 27  0  0  0	
procs -----------memory---------- ---swap-- -----io---- --system-- -----cpu-----
 r  b   swpd   free   buff  cache   si   so    bi    bo   in   cs us sy id wa st
20  0      0 46937908  13852  70332    0    0     0     0 4134 240664 75 25  0  0  0	
21  0      0 46937908  13852  70332    0    0     0     0 4116 240408 75 25  0  0  0	
20  0      0 46937908  13852  70332    0    0     0     0 4093 240586 76 24  0  0  0	
20  0      0 46937908  13860  70332    0    0     0    16 4146 240242 76 24  0  0  0	
17  0      0 46937908  13860  70332    0    0     0     0 4098 239567 76 24  0  0  0	
21  0      0 46937908  13860  70332    0    0     0     0 4106 239564 75 25  0  0  0	
21  0      0 46937908  13860  70332    0    0     0     0 4113 239064 75 25  0  0  0	
20  0      0 46937908  13860  70332    0    0     0     0 4099 239593 73 27  0  0  0	
18  0      0 46937908  13860  70332    0    0     0     0 4089 240295 75 25  0  0  0	
21  0      0 46937908  13868  70332    0    0     0    12 4094 240032 75 26  0  0  0	
21  0      0 46937908  13868  70332    0    0     0     0 4095 239888 75 25  0  0  0	
20  0      0 46937908  13868  70336    0    0     0     0 4113 240072 74 26  0  0  0	
17  0      0 46937908  13868  70336    0    0     0     0 4102 239845 76 25  0  0  0	
22  0      0 46937908  13868  70336    0    0     0     8 4110 238098 76 24  0  0  0	
19  0      0 46937908  13876  70336    0    0     0    24 4091 239808 76 24  0  0  0	
18  0      0 46937908  13876  70336    0    0     0     0 4103 239323 76 24  0  0  0	
17  0      0 46937908  13876  70336    0    0     0     0 4102 238864 75 25  0  0  0	
20  0      0 46937908  13876  70336    0    0     0     0 4087 240158 75 25  0  0  0	
21  0      0 46937908  13876  70336    0    0    16     0 4256 241170 76 24  0  0  0	
21  0      0 46937908  13876  70336    0    0     0     0 4089 241117 75 25  0  0  0	
21  0      0 46937908  13884  70336    0    0     0    12 4112 241343 75 25  0  0  0	
procs -----------memory---------- ---swap-- -----io---- --system-- -----cpu-----
 r  b   swpd   free   buff  cache   si   so    bi    bo   in   cs us sy id wa st
17  0      0 46937908  13884  70336    0    0     0     0 4205 238248 74 26  0  0  0	
18  0      0 46937908  13884  70336    0    0     0     0 4094 239895 73 27  0  0  0	
22  0      0 46937908  13884  70336    0    0     0    12 4110 240001 75 25  0  0  0	
18  0      0 46937848  13884  70336    0    0     0     0 4194 240074 75 25  0  0  0	
18  0      0 46937908  13892  70336    0    0     0    20 4105 239332 77 23  0  0  0	
18  0      0 46937908  13892  70336    0    0     0     0 4111 239020 75 25  0  0  0	
21  0      0 46937908  13892  70336    0    0    16     0 4238 240368 75 25  0  0  0	
16  0      0 46937908  13892  70336    0    0     0     0 4092 241091 75 25  0  0  0	
16  0      0 46937908  13892  70336    0    0     0     0 4106 240348 76 24  0  0  0	
22  0      0 46937908  13892  70336    0    0     0     0 4093 240117 74 26  0  0  0	
23  0      0 46937908  13900  70336    0    0     0    12 4096 239419 74 26  0  0  0	
21  0      0 46937908  13900  70340    0    0     0     0 4149 239736 73 27  0  0  0	
19  0      0 46937908  13900  70340    0    0     0     0 4094 239457 75 25  0  0  0	
19  0      0 46937908  13900  70340    0    0     0     0 4105 236198 76 24  0  0  0	
21  0      0 46937908  13900  70340    0    0     0     0 4102 239265 76 24  0  0  0	
20  0      0 46937908  13908  70340    0    0     0    12 4198 240054 75 25  0  0  0	
19  0      0 46937908  13908  70340    0    0     0     0 4122 239321 75 25  0  0  0	
20  0      0 46937908  13908  70340    0    0     0     0 4112 239806 73 27  0  0  0	
21  0      0 46937908  13908  70340    0    0     0     8 4106 240067 75 25  0  0  0	
16  0      0 46937908  13908  70340    0    0     0     0 4083 240097 75 25  0  0  0	
20  0      0 46937908  13908  70340    0    0     0     0 4095 239462 76 24  0  0  0	
procs -----------memory---------- ---swap-- -----io---- --system-- -----cpu-----
 r  b   swpd   free   buff  cache   si   so    bi    bo   in   cs us sy id wa st
21  0      0 46937908  13916  70340    0    0     0    24 4111 240038 74 26  0  0  0	
20  0      0 46937908  13916  70340    0    0     0     0 4116 239865 75 25  0  0  0	
19  0      0 46937908  13916  70340    0    0    16     0 4146 240231 75 25  0  0  0	
17  0      0 46937908  13916  70340    0    0     0     0 4092 239320 75 25  0  0  0	
20  0      0 46937908  13916  70340    0    0     0     0 4138 238936 75 25  0  0  0	
21  0      0 46937908  13924  70340    0    0     0    16 4110 240771 75 25  0  0  0	
20  0      0 46937908  13924  70340    0    0     0     0 4087 240598 75 25  0  0  0	
24  0      0 46937908  13924  70340    0    0     0     8 4101 239853 74 26  0  0  0	
19  0      0 46937908  13924  70340    0    0     0     0 4093 240005 77 23  0  0  0	
18  0      0 46937908  13924  70340    0    0     0     0 4097 239709 77 23  0  0  0	
21  0      0 46937908  13924  70340    0    0     0     0 4128 239436 74 26  0  0  0	
21  0      0 46937908  13932  70340    0    0     0    24 4104 236953 76 24  0  0  0	
23  0      0 46937908  13932  70340    0    0     0     0 4140 240596 75 25  0  0  0	
20  0      0 46937908  13932  70344    0    0     0     0 4093 239533 75 25  0  0  0	
19  0      0 46937908  13932  70344    0    0     0     0 4078 236809 76 24  0  0  0	
17  0      0 46937908  13932  70344    0    0     0     0 4119 239482 73 27  0  0  0	
17  0      0 46937908  13940  70344    0    0     0    12 4096 239799 77 23  0  0  0	
20  0      0 46937908  13940  70344    0    0     0    36 4198 240505 75 25  0  0  0	
17  0      0 46937908  13940  70344    0    0     0     0 4099 239697 75 25  0  0  0	
20  0      0 46937908  13940  70344    0    0     0     0 4107 239654 75 25  0  0  0	
18  0      0 46937908  13940  70344    0    0     0     0 4121 239557 76 24  0  0  0	
procs -----------memory---------- ---swap-- -----io---- --system-- -----cpu-----
 r  b   swpd   free   buff  cache   si   so    bi    bo   in   cs us sy id wa st
23  0      0 46937908  13940  70344    0    0     0     0 4100 238724 75 25  0  0  0	
18  0      0 46937908  13948  70344    0    0     0    12 4188 240485 74 26  0  0  0	
20  0      0 46937908  13948  70348    0    0     0     0 4093 238844 77 23  0  0  0	
22  0      0 46937908  13948  70348    0    0     0     0 4117 239481 76 24  0  0  0	
18  0      0 46937908  13948  70348    0    0     0     0 4090 239059 74 26  0  0  0	
18  0      0 46937908  13948  70348    0    0    16     0 4244 239880 74 26  0  0  0	
23  0      0 46937908  13956  70348    0    0     0    12 4098 239880 75 25  0  0  0	
17  0      0 46937908  13956  70348    0    0     0     0 4107 239721 75 25  0  0  0	
17  0      0 46937908  13956  70348    0    0     0     0 4090 240008 75 25  0  0  0	
18  0      0 46937908  13956  70348    0    0     0     0 4103 239734 75 25  0  0  0	
18  0      0 46937908  13956  70348    0    0     0     0 4096 238162 75 25  0  0  0	
21  0      0 46937908  13956  70348    0    0     0     8 4102 239728 74 26  0  0  0	
20  0      0 46937908  13964  70348    0    0     0    24 4131 239219 75 25  0  0  0	
22  0      0 46937908  13964  70348    0    0     0     0 4093 239232 77 23  0  0  0	
21  0      0 46937908  13964  70348    0    0     0     0 4090 239263 75 25  0  0  0	
20  0      0 46937908  13964  70348    0    0     0     0 4090 239635 75 25  0  0  0	
18  0      0 46937908  13964  70348    0    0     0    12 4160 240068 75 25  0  0  0	
19  0      0 46937908  13972  70348    0    0     0    24 4126 240059 75 25  0  0  0	
