procs -----------memory---------- ---swap-- -----io---- --system-- -----cpu-----
 r  b   swpd   free   buff  cache   si   so    bi    bo   in   cs us sy id wa st
 1  0      0 97520864  10556  69884    0    0  3520     2   30  136 33 11 48  9  1	
 7  9      0 97492752  10556  69892    0    0 164736     0 214775 240116 19  7 43 29  2	
 7  9      0 97488656  10556  69892    0    0 186160     0 210689 241549 20  6 36 35  3	
13  4      0 97488408  10564  69892    0    0 178352    40 210426 237730 19  6 38 36  2	
 9  8      0 97487296  10564  69892    0    0 185776     0 211313 239288 18  6 37 36  2	
12  4      0 97485184  10564  69892    0    0 180000     0 209547 236509 18  6 37 37  3	
11  6      0 97484936  10564  69892    0    0 182400     0 206617 233416 19  5 37 37  2	
10  6      0 97484560  10564  69892    0    0 181744     0 210822 239088 19  5 37 36  2	
11  7      0 97483328  10572  69888    0    0 183264    12 210749 239229 18  6 37 36  3	
 6 11      0 97483328  10572  69892    0    0 175120     0 203885 224421 17  5 35 40  2	
12  6      0 97483328  10572  69892    0    0 163296     0 199596 216641 15  5 35 43  2	
12  8      0 97483328  10572  69892    0    0 163392     0 199467 216008 15  4 35 44  2	
14  4      0 97483328  10572  69892    0    0 163280     0 195953 210723 13  4 35 46  2	
12  5      0 97483328  10572  69892    0    0 163408     0 199768 216652 16  4 35 43  2	
 9  9      0 97483328  10580  69892    0    0 163360    12 198909 214698 14  4 36 44  2	
10  9      0 97483328  10580  69892    0    0 163360     0 198145 212831 13  4 37 44  2	
 6 12      0 97483328  10580  69892    0    0 163392     0 197469 214574 15  4 36 43  2	
12  7      0 97483328  10580  69892    0    0 163216     0 199531 216004 15  4 36 43  2	
12  5      0 97483328  10580  69892    0    0 163392     4 198414 213047 15  4 35 44  2	
 8  9      0 97483328  10588  69892    0    0 163344    12 199484 215673 14  5 36 44  2	
 8  9      0 97483328  10588  69892    0    0 163376     0 197730 213316 14  4 35 45  2	
procs -----------memory---------- ---swap-- -----io---- --system-- -----cpu-----
 r  b   swpd   free   buff  cache   si   so    bi    bo   in   cs us sy id wa st
10  9      0 97483328  10588  69892    0    0 163328     0 196289 210594 15  4 35 45  2	
 9  8      0 97483328  10588  69892    0    0 163296     0 197442 211714 13  5 36 44  2	
10  7      0 97483328  10588  69892    0    0 163408    32 199653 217261 15  4 36 43  2	
 9  7      0 97483328  10588  69892    0    0 163312     0 198652 213900 13  5 36 44  2	
 6 11      0 97483328  10596  69892    0    0 163424    12 198239 213885 14  4 35 44  2	
 7 10      0 97483328  10596  69892    0    0 163280     0 199681 215886 15  4 36 43  2	
 8  9      0 97483328  10596  69892    0    0 163312     0 199627 215267 14  3 36 45  2	
 8  9      0 97483328  10596  69892    0    0 163408     0 197926 211703 14  4 35 45  2	
12  4      0 97483328  10596  69892    0    0 163280     0 200303 217960 14  4 36 43  2	
 4 12      0 97483328  10604  69892    0    0 163440    12 200835 216082 15  4 35 44  2	
 8  9      0 97483328  10604  69892    0    0 163296     0 197831 213501 13  5 36 45  2	
 9  9      0 97483328  10604  69892    0    0 163344     0 197398 212188 14  4 35 44  2	
 9  8      0 97483328  10604  69896    0    0 163312    24 198344 213632 14  3 36 44  2	
 9  9      0 97483328  10604  69896    0    0 163328     0 199298 215086 15  4 35 43  2	
 9  8      0 97483328  10604  69896    0    0 163312     0 196618 214419 14  5 35 44  2	
 6 10      0 97483328  10612  69896    0    0 163424    24 197884 212901 14  4 35 45  2	
 9  6      0 97483328  10612  69896    0    0 163168     0 198532 213827 14  4 36 44  2	
13  5      0 97483328  10612  69896    0    0 162832     0 198618 215307 13  4 37 44  2	
 9  7      0 97483328  10612  69896    0    0 163936     0 198086 214881 14  4 36 45  2	
11  7      0 97483328  10612  69896    0    0 163312     0 196616 210632 13  4 35 46  2	
 8 10      0 97483328  10620  69896    0    0 163408    12 198622 214244 14  4 35 45  2	
procs -----------memory---------- ---swap-- -----io---- --system-- -----cpu-----
 r  b   swpd   free   buff  cache   si   so    bi    bo   in   cs us sy id wa st
 7  8      0 97483328  10620  69896    0    0 163344     0 197382 213570 14  4 36 44  2	
 7 10      0 97483328  10620  69900    0    0 163296     0 200874 217012 15  4 35 44  2	
 4 12      0 97483328  10620  69900    0    0 163424     0 198699 215337 15  4 36 43  2	
 9  8      0 97483328  10620  69900    0    0 163200     0 197832 213115 14  4 35 45  2	
10  7      0 97483328  10620  69900    0    0 163424     0 197897 215308 18  5 34 41  2	
 8  7      0 97483328  10628  69900    0    0 163344    12 197565 213535 16  3 35 44  2	
11  6      0 97483328  10628  69900    0    0 163328     0 196783 212727 15  3 36 44  2	
 5 11      0 97483328  10628  69900    0    0 163360     0 198115 214255 15  3 35 45  2	
11  6      0 97483328  10628  69900    0    0 151184     0 185728 196435 12  3 35 48  2	
 8  9      0 97483328  10628  69900    0    0 175504     0 209766 232096 17  5 37 38  2	
 9  8      0 97483328  10636  69900    0    0 163360    12 199292 215510 14  4 35 44  2	
 3 13      0 97483328  10636  69900    0    0 163392     0 199104 214764 15  5 35 44  2	
 3 14      0 97483328  10636  69900    0    0 163296     0 199055 214395 14  4 36 44  2	
13  4      0 97483328  10636  69900    0    0 163184     0 197274 214487 14  4 36 44  2	
12  5      0 97483328  10636  69900    0    0 163360     0 197690 214317 15  5 35 43  2	
13  6      0 97483328  10636  69900    0    0 163344     0 200106 216037 15  4 36 43  2	
10  6      0 97483328  10644  69900    0    0 163360    12 199865 216963 14  5 36 44  2	
 9  7      0 97483328  10644  69900    0    0 163376    12 198822 214780 15  4 36 43  2	
10  6      0 97483328  10644  69900    0    0 163296     0 198418 214422 15  4 35 44  2	
 6 12      0 97483328  10644  69900    0    0 163408     0 199848 216022 16  5 36 42  2	
11  7      0 97483328  10644  69900    0    0 163280     0 197780 212760 13  5 36 44  2	
procs -----------memory---------- ---swap-- -----io---- --system-- -----cpu-----
 r  b   swpd   free   buff  cache   si   so    bi    bo   in   cs us sy id wa st
 3 13      0 97483328  10652  69900    0    0 163408    12 198539 214752 15  4 35 44  2	
 5 11      0 97483328  10652  69900    0    0 163296    12 197833 212649 14  4 36 44  2	
 7  9      0 97483328  10652  69900    0    0 163344     0 196722 210162 15  3 35 45  2	
11  5      0 97483328  10652  69900    0    0 163312     0 198406 214799 15  4 35 43  2	
11  8      0 97483328  10652  69904    0    0 163424     0 198274 212974 13  4 35 45  2	
 8 11      0 97483328  10652  69904    0    0 163344     0 197176 211259 14  4 35 45  2	
 9  8      0 97483328  10660  69904    0    0 163280    20 196528 210727 14  4 35 45  2	
11  8      0 97483328  10660  69904    0    0 163328     0 197945 213316 14  4 35 44  2	
 6 11      0 97483328  10660  69904    0    0 163360     0 197422 213054 14  5 35 44  2	
10  8      0 97483328  10660  69904    0    0 163344     0 198017 215211 15  4 36 44  2	
 8  8      0 97483328  10660  69904    0    0 163360     0 199056 215107 15  5 35 43  2	
14  4      0 97483328  10668  69904    0    0 163312    12 194783 210868 15  4 35 44  2	
 8 10      0 97483328  10668  69904    0    0 163408     0 197698 213155 14  4 36 44  2	
 7 10      0 97483328  10668  69904    0    0 163376     0 192724 209936 15  4 35 44  2	
 8  9      0 97483328  10668  69904    0    0 163296     0 197249 214749 15  4 35 44  2	
 6 11      0 97483328  10668  69904    0    0 163376     0 197648 214800 16  4 35 44  2	
10  7      0 97483328  10668  69904    0    0 163248     0 194407 209099 15  4 34 44  2	
11  6      0 97483328  10676  69904    0    0 163360    12 196169 210248 14  4 34 46  2	
12  7      0 97483328  10676  69904    0    0 163088     0 195658 214428 15  5 35 44  2	
 6 11      0 97483328  10676  69904    0    0 163696     0 196283 211938 14  4 35 45  2	
 7  9      0 97483328  10676  69904    0    0 163312     0 197668 213308 14  4 36 44  2	
procs -----------memory---------- ---swap-- -----io---- --system-- -----cpu-----
 r  b   swpd   free   buff  cache   si   so    bi    bo   in   cs us sy id wa st
10  7      0 97483328  10676  69904    0    0 163296     0 197986 215155 15  5 35 43  2	
11  6      0 97483328  10684  69908    0    0 163328    12 198108 214690 17  4 34 43  2	
10  6      0 97483328  10684  69908    0    0 163376     0 196932 212338 16  4 34 44  2	
11  7      0 97483328  10684  69908    0    0 163360     0 197849 215350 14  5 35 44  2	
 7  9      0 97483328  10684  69908    0    0 163328     0 195360 211080 14  4 35 45  2	
 6 10      0 97483328  10684  69908    0    0 163360     0 196458 209131 15  4 34 45  2	
10  8      0 97483328  10684  69908    0    0 163248     0 196551 212631 14  4 35 45  2	
 9  9      0 97483328  10692  69908    0    0 163392    12 196389 210517 14  4 35 45  2	
10  8      0 97483328  10692  69908    0    0 163328     0 199258 216802 15  5 35 43  2	
 9  8      0 97483328  10692  69908    0    0 163344     0 196260 212635 14  4 35 45  2	
 9  7      0 97483328  10692  69908    0    0 163344     0 197548 213751 14  4 35 45  2	
 7 10      0 97483328  10692  69908    0    0 163392    24 198092 213993 14  4 36 45  2	
11  7      0 97483200  10700  69908    0    0 163344    24 198052 214804 16  5 35 42  2	
10  6      0 97483200  10700  69908    0    0 163232     0 198552 215431 13  5 36 44  2	
 7 10      0 97483200  10700  69908    0    0 163472     0 197758 211640 14  4 35 45  2	
 8 10      0 97483200  10700  69908    0    0 163376     0 196043 211776 15  4 34 44  2	
 8  8      0 97483200  10700  69908    0    0 163296     0 198325 214745 15  4 35 44  2	
 9  7      0 97483200  10700  69912    0    0 163376     0 197732 213822 15  4 35 45  2	
15  6      0 97483200  10708  69912    0    0 163360    12 196973 212832 14  4 36 44  2	
 5 11      0 97483200  10708  69912    0    0 163360     0 196791 211727 14  4 35 45  2	
 8  9      0 97483200  10708  69912    0    0 163328     0 195140 212206 14  5 35 44  2	
procs -----------memory---------- ---swap-- -----io---- --system-- -----cpu-----
 r  b   swpd   free   buff  cache   si   so    bi    bo   in   cs us sy id wa st
 6 11      0 97483200  10708  69912    0    0 163296     0 197549 213320 15  4 35 44  2	
 0 16      0 97483200  10708  69912    0    0 162688     0 196386 213013 15  4 36 43  2	
10  9      0 97483200  10716  69912    0    0 163968    12 194642 211728 15  5 34 45  2	
11  8      0 97483200  10716  69912    0    0 163296     0 198379 215120 15  4 35 44  2	
10  7      0 97483200  10716  69912    0    0 163360     0 197357 213488 15  4 35 44  2	
 5 12      0 97483200  10716  69912    0    0 163408     0 200666 216752 15  5 35 43  2	
 7  9      0 97483200  10716  69912    0    0 163328     0 200611 217711 15  4 36 43  2	
 4 12      0 97483200  10716  69912    0    0 163360     0 197921 213068 14  4 36 45  2	
 8  9      0 97483200  10724  69912    0    0 163264    16 200289 217089 15  4 36 43  2	
 8  8      0 97483200  10724  69912    0    0 163152     0 198785 213343 14  5 35 44  2	
11  8      0 97483200  10724  69912    0    0 163504     0 200295 215923 13  5 36 44  2	
12  7      0 97483200  10724  69912    0    0 163328     0 196170 212689 15  4 35 43  2	
 6 10      0 97483200  10724  69912    0    0 163376     0 198094 213315 13  4 36 45  2	
13  7      0 97483200  10732  69912    0    0 163280    12 197364 211817 13  5 35 45  2	
14  8      0 97483200  10732  69912    0    0 163360     0 198979 217205 14  5 36 43  2	
 6 10      0 97483200  10732  69912    0    0 163376     0 198792 215432 17  5 34 42  2	
 8  9      0 97483200  10732  69912    0    0 163280     0 198166 214495 15  4 35 44  2	
11  7      0 97483200  10732  69912    0    0 163408     0 197566 212684 13  4 36 45  2	
 8  9      0 97483200  10732  69912    0    0 163312     0 198163 214124 15  4 35 44  2	
 8 10      0 97483200  10740  69912    0    0 163360    12 196974 211931 13  5 35 45  2	
 9  9      0 97483200  10740  69912    0    0 163280     0 197092 212340 14  4 35 44  2	
procs -----------memory---------- ---swap-- -----io---- --system-- -----cpu-----
 r  b   swpd   free   buff  cache   si   so    bi    bo   in   cs us sy id wa st
11  7      0 97483200  10740  69912    0    0 163376    20 197343 211951 13  4 36 44  2	
10  7      0 97483200  10740  69916    0    0 163328     0 197945 214085 13  5 36 44  2	
 6 11      0 97483200  10740  69916    0    0 163424     0 197207 213659 15  4 35 44  2	
10  8      0 97483200  10748  69908    0    0 163328    20 197642 213888 15  3 35 44  2	
 5 11      0 97483200  10748  69916    0    0 163344     0 196686 210567 14  5 35 45  2	
11  8      0 97483200  10748  69916    0    0 163248     0 195098 208293 13  4 35 47  2	
12  7      0 97483200  10748  69916    0    0 163344     0 196184 210943 14  3 35 45  2	
 7  9      0 97483200  10748  69916    0    0 163392     0 196521 209426 13  4 35 45  2	
 8  8      0 97483200  10748  69920    0    0 163328     0 196185 214456 14  5 35 43  2	
10  8      0 97483200  10756  69920    0    0 163312    12 196963 213902 15  4 34 45  2	
11  6      0 97483200  10756  69920    0    0 163392     0 200019 218135 15  5 35 43  2	
 9  8      0 97483200  10756  69920    0    0 163232     0 199769 216512 15  4 36 44  2	
19  2      0 97483200  10756  69920    0    0 163328     0 198227 214840 14  5 35 45  2	
 9  9      0 97483200  10756  69920    0    0 163504     0 197425 212551 15  4 35 44  2	
12  6      0 97483200  10764  69920    0    0 163104    12 198979 215576 15  5 35 44  2	
10  7      0 97483200  10764  69920    0    0 163664     0 199225 215889 16  4 35 44  2	
 7 11      0 97483200  10764  69920    0    0 163408     4 197762 214261 18  5 34 42  2	
10  7      0 97483200  10764  69920    0    0 163264     0 199482 214980 14  5 35 44  2	
 7 10      0 97483200  10772  69912    0    0 163360    16 196770 211020 14  4 34 46  2	
 7 10      0 97482576  10772  69924    0    0 163424     0 195400 211758 15  3 36 44  2	
 6 10      0 97482576  10772  69924    0    0 163360     0 197170 213290 15  5 35 43  2	
procs -----------memory---------- ---swap-- -----io---- --system-- -----cpu-----
 r  b   swpd   free   buff  cache   si   so    bi    bo   in   cs us sy id wa st
11  7      0 97482576  10772  69924    0    0 163296     0 196913 211689 14  4 35 45  2	
 4 13      0 97482576  10772  69924    0    0 163376     0 199155 215449 15  5 35 44  2	
 6 10      0 97482576  10772  69924    0    0 163296     0 195366 210931 14  4 35 45  2	
10  7      0 97482576  10780  69924    0    0 163312    20 198326 213712 15  5 35 44  2	
12  4      0 97482576  10780  69924    0    0 163328     0 197074 213420 14  4 35 44  2	
13  6      0 97482576  10780  69924    0    0 163328     0 199369 214805 15  4 36 44  2	
16  3      0 97482576  10780  69924    0    0 163376     0 199623 216425 14  4 36 44  2	
 8 11      0 97482576  10780  69924    0    0 163392     0 195859 211110 13  4 35 45  2	
13  5      0 97482576  10788  69916    0    0 163312    12 196515 211429 14  4 36 44  2	
13  4      0 97482576  10788  69924    0    0 163328     0 194282 209457 14  5 35 44  2	
 8  8      0 97482576  10788  69924    0    0 163344    16 196824 210148 13  4 35 46  2	
 7  9      0 97482576  10788  69924    0    0 163440     0 197531 213786 15  3 35 44  2	
 8 11      0 97482576  10788  69924    0    0 163392     0 195451 210684 14  4 35 45  2	
14  5      0 97482576  10788  69924    0    0 163280     0 198909 214746 15  5 35 43  2	
10  8      0 97482576  10796  69924    0    0 163408    20 197117 211572 13  5 36 44  2	
 9  7      0 97482576  10796  69924    0    0 163312    16 195559 211038 15  4 35 44  2	
10  9      0 97482576  10796  69924    0    0 163328     0 197250 213264 15  4 35 45  2	
 7  9      0 97482576  10796  69924    0    0 163376     0 198024 215120 15  4 36 43  2	
 9  8      0 97482576  10796  69924    0    0 163344     0 199001 215528 13  5 36 44  2	
12  6      0 97482576  10804  69916    0    0 163296    12 196209 212906 16  4 35 42  2	
 7 10      0 97482576  10804  69924    0    0 163376     0 197928 213035 13  5 35 45  2	
procs -----------memory---------- ---swap-- -----io---- --system-- -----cpu-----
 r  b   swpd   free   buff  cache   si   so    bi    bo   in   cs us sy id wa st
12  7      0 97482576  10804  69928    0    0 163248     0 194608 208311 13  4 35 46  2	
 8  8      0 97482576  10804  69932    0    0 163360     0 198354 213707 14  4 36 44  2	
 7  9      0 97482576  10804  69932    0    0 163456     0 197443 214007 14  4 35 44  2	
 7 10      0 97482576  10804  69932    0    0 163312     0 195906 212390 15  3 35 45  2	
 4 11      0 97482576  10812  69932    0    0 163376    12 198182 215481 15  4 35 44  2	
11  6      0 97482576  10812  69932    0    0 163248     0 199413 214741 15  5 35 44  2	
 8  8      0 97482576  10812  69932    0    0 163376     0 196769 212427 13  4 35 45  2	
 6 11      0 97482576  10812  69932    0    0 163408     0 194605 208940 15  4 34 46  2	
12  5      0 97482576  10812  69932    0    0 163216     0 196814 213661 16  5 35 42  2	
 7 10      0 97482576  10820  69924    0    0 163456    40 197421 211779 14  4 35 45  2	
 5 12      0 97482576  10820  69932    0    0 163312     0 197752 211773 15  4 36 44  2	
 5 12      0 97482576  10820  69932    0    0 163328     0 195091 211131 14  4 35 45  2	
 7 10      0 97482576  10820  69932    0    0 163328     0 196054 210313 13  4 35 45  2	
 5 10      0 97482576  10820  69932    0    0 163360     0 195989 211064 15  4 34 45  2	
10  8      0 97482576  10820  69932    0    0 163328     0 198754 215347 13  4 36 45  2	
 8  8      0 97482576  10828  69932    0    0 163312    12 195474 210831 15  4 35 44  2	
 6 11      0 97482576  10828  69932    0    0 163376     0 198325 214592 15  4 35 44  2	
15  2      0 97482576  10828  69932    0    0 163264     0 196729 211924 13  5 35 45  2	
 7 10      0 97482576  10828  69932    0    0 163440     0 194394 209459 13  4 36 45  2	
 9  7      0 97482576  10828  69932    0    0 163264     0 197006 213449 14  4 35 44  2	
 5 12      0 97482576  10844  69928    0    0 163360    48 196895 211825 13  4 35 45  2	
procs -----------memory---------- ---swap-- -----io---- --system-- -----cpu-----
 r  b   swpd   free   buff  cache   si   so    bi    bo   in   cs us sy id wa st
11  5      0 97482576  10844  69932    0    0 163248     0 195878 211245 14  4 35 45  2	
 6 10      0 97482576  10844  69932    0    0 163440     0 197093 212458 14  4 35 45  2	
10  8      0 97482576  10844  69932    0    0 163328     0 196647 211794 14  4 35 45  2	
12  7      0 97482576  10844  69932    0    0 163328     0 198437 212304 14  5 35 44  2	
 7  9      0 97482576  10844  69932    0    0 163360     0 198756 216199 16  4 35 43  2	
 4 12      0 97482576  10852  69932    0    0 163392    12 194644 209785 16  4 35 44  2	
 6 10      0 97482576  10852  69932    0    0 163248     0 195608 210755 13  4 35 46  2	
 7 10      0 97482576  10852  69932    0    0 163360     0 197884 215587 16  4 35 42  2	
 4 13      0 97482576  10852  69932    0    0 163344     0 197145 211446 14  4 35 45  2	
 9  9      0 97482576  10852  69932    0    0 163312    32 196309 211391 13  4 36 44  2	
10  7      0 97482576  10860  69924    0    0 163312    12 198350 215279 15  4 35 43  2	
 4 13      0 97482456  10860  69932    0    0 163424     0 196560 211039 14  3 35 46  2	
11  7      0 97482456  10860  69932    0    0 163296     0 200057 216112 13  5 36 44  2	
 8  9      0 97482456  10860  69936    0    0 163328     0 198089 212646 13  4 35 46  2	
11  5      0 97482456  10860  69936    0    0 163312     0 198680 214702 14  4 36 44  2	
 9 10      0 97482456  10860  69936    0    0 163392     0 197167 212548 13  4 37 45  2	
 7  9      0 97482456  10868  69936    0    0 163344    12 196911 212486 14  4 35 44  2	
 8  9      0 97482456  10868  69936    0    0 163296     0 196322 212374 14  4 35 44  2	
 7  9      0 97482456  10868  69936    0    0 163344     0 195798 210293 13  4 35 45  2	
 9  9      0 97482456  10868  69936    0    0 163344     0 196333 211229 14  4 35 46  2	
11  5      0 97482456  10868  69936    0    0 163280     0 196068 211478 14  3 35 45  2	
procs -----------memory---------- ---swap-- -----io---- --system-- -----cpu-----
 r  b   swpd   free   buff  cache   si   so    bi    bo   in   cs us sy id wa st
12  8      0 97482456  10876  69928    0    0 163312    12 194113 207749 12  4 36 46  2	
 8  9      0 97482456  10876  69940    0    0 163472     0 196334 211971 14  4 35 45  2	
10  8      0 97482456  10876  69940    0    0 163344     0 198049 213994 14  4 36 44  2	
10  9      0 97482456  10876  69940    0    0 163360     0 197644 213228 13  4 36 45  2	
 9  8      0 97482456  10876  69940    0    0 163296     0 195087 209837 14  4 35 45  2	
11  7      0 97482456  10876  69940    0    0 163344     0 193774 210248 14  4 35 45  2	
11  7      0 97482456  10884  69940    0    0 163344    12 197640 212754 14  5 35 44  2	
 9  9      0 97482456  10884  69940    0    0 163408     0 195256 211369 14  4 35 45  2	
10  7      0 97482456  10884  69940    0    0 163312     0 195990 212552 15  4 35 44  2	
 9  8      0 97482456  10884  69940    0    0 163328     0 193899 211273 14  5 35 45  2	
 8  9      0 97482456  10884  69940    0    0 163408     0 196321 209687 13  5 35 45  2	
13  4      0 97482456  10892  69932    0    0 163280    12 196008 212149 14  4 35 45  2	
11  6      0 97482456  10892  69940    0    0 163312     0 195631 209699 13  4 35 46  2	
 9  8      0 97482456  10892  69940    0    0 163328    16 197027 211531 15  4 35 44  2	
12  7      0 97482456  10892  69940    0    0 163424     0 195357 210754 14  4 35 45  2	
 9  9      0 97482456  10892  69940    0    0 163328     0 194716 210849 13  5 35 45  2	
10  8      0 97482456  10892  69940    0    0 163152     0 195890 211485 15  4 35 43  2	
 6 11      0 97482456  10900  69940    0    0 163536    28 198118 212926 13  4 35 45  2	
11  6      0 97482456  10900  69940    0    0 163280     0 198565 214394 15  5 35 44  2	
13  6      0 97482456  10900  69940    0    0 163344     0 195312 210963 14  5 34 45  2	
 0 16      0 97482456  10900  69940    0    0 163152     0 197487 214167 14  4 36 43  2	
procs -----------memory---------- ---swap-- -----io---- --system-- -----cpu-----
 r  b   swpd   free   buff  cache   si   so    bi    bo   in   cs us sy id wa st
 3 13      0 97482456  10900  69940    0    0 163568     0 197645 214875 14  5 35 44  2	
13  7      0 97482456  10908  69932    0    0 163232    12 198386 213172 13  4 35 46  2	
 9  8      0 97482456  10908  69940    0    0 163344     0 197775 213145 14  4 35 45  2	
 8 10      0 97482456  10908  69944    0    0 163376    16 195253 208613 13  4 35 46  2	
10  7      0 97482456  10908  69944    0    0 163296     0 197763 212922 14  4 35 46  2	
 6 11      0 97482456  10908  69944    0    0 163392     0 196484 212237 14  4 36 44  2	
 5 11      0 97482456  10908  69944    0    0 163360     0 199094 215346 14  4 36 44  2	
10  7      0 97482456  10916  69944    0    0 163200    12 194886 208807 14  4 34 46  2	
 7 10      0 97482456  10916  69944    0    0 163488     0 195242 211368 14  4 35 44  2	
 6 11      0 97482456  10916  69944    0    0 163312     0 196934 213348 14  5 35 44  2	
 6 11      0 97482456  10916  69944    0    0 163360     0 193829 208920 14  5 34 45  2	
 8  9      0 97482456  10916  69944    0    0 163280     0 196092 211381 15  4 35 44  2	
 4 12      0 97482456  10924  69936    0    0 163456    16 195079 209930 13  4 35 46  2	
12  6      0 97482456  10924  69944    0    0 163216     0 197537 212168 15  4 35 44  2	
 5 11      0 97482456  10924  69944    0    0 163408     0 198256 213432 14  4 35 44  2	
11  7      0 97482456  10924  69944    0    0 163312     0 198232 215869 15  5 35 43  2	
 5 12      0 97482456  10924  69944    0    0 163408     0 196396 211584 14  4 36 45  2	
 5 12      0 97482456  10932  69936    0    0 163360    12 197012 211788 14  5 35 45  2	
12  6      0 97482456  10932  69944    0    0 163216     0 198115 214374 15  4 35 44  2	
 9  8      0 97482456  10932  69944    0    0 163424     0 195159 210066 14  4 34 46  2	
 7 10      0 97482456  10932  69944    0    0 163312     0 197362 212371 15  5 35 44  2	
procs -----------memory---------- ---swap-- -----io---- --system-- -----cpu-----
 r  b   swpd   free   buff  cache   si   so    bi    bo   in   cs us sy id wa st
 8  9      0 97482456  10932  69944    0    0 163328     0 197844 211540 14  4 35 45  2	
 4 12      0 97482456  10932  69948    0    0 163328     0 194194 206977 13  4 35 46  2	
 9  7      0 97482456  10940  69948    0    0 163312    20 193929 206930 13  3 35 46  2	
 7  9      0 97482456  10940  69948    0    0 163360     0 199245 216143 15  4 36 44  2	
11  6      0 97482456  10940  69948    0    0 163264     0 195222 212525 16  4 35 43  2	
10  8      0 97482456  10940  69948    0    0 163424     0 198431 213218 14  4 35 45  2	
11  8      0 97482456  10940  69948    0    0 163328     0 198000 213591 14  5 35 44  2	
13  6      0 97482456  10948  69948    0    0 163328    36 199621 216792 16  4 35 43  2	
 5 11      0 97482456  10948  69948    0    0 163424     0 196241 212441 13  4 35 45  2	
11  6      0 97482456  10948  69948    0    0 163296     0 196891 212427 15  4 34 45  2	
 9  8      0 97482456  10948  69948    0    0 163360     0 198794 214165 15  4 35 44  2	
12  9      0 97482456  10948  69948    0    0 163360     0 196587 210565 13  4 35 46  2	
 7 10      0 97482456  10956  69940    0    0 163360    12 197542 213431 13  4 36 45  2	
 5 12      0 97482456  10956  69948    0    0 163376     0 195894 210733 14  4 35 45  2	
11  7      0 97482456  10956  69948    0    0 163280     0 196212 212450 14  4 35 45  2	
 8  8      0 97482456  10956  69948    0    0 163344     0 197631 213226 14  4 35 45  2	
 7 10      0 97482456  10956  69948    0    0 163376     0 197459 213895 15  5 35 44  2	
 3 14      0 97482336  10956  69952    0    0 163312     0 195879 210242 14  4 35 46  2	
12  4      0 97482336  10964  69952    0    0 163280    40 196106 212405 14  4 35 45  2	
10  7      0 97482336  10964  69952    0    0 163408     0 195918 210004 14  3 35 46  2	
 7 11      0 97482336  10964  69952    0    0 163360     0 196888 211711 14  4 35 45  2	
procs -----------memory---------- ---swap-- -----io---- --system-- -----cpu-----
 r  b   swpd   free   buff  cache   si   so    bi    bo   in   cs us sy id wa st
 9  9      0 97482336  10964  69952    0    0 163280     0 195920 210387 13  4 35 45  2	
13  5      0 97482336  10964  69952    0    0 163328     0 197044 212905 15  3 35 45  2	
13  5      0 97482336  10972  69944    0    0 163360    12 197242 212575 14  5 34 45  2	
 2 14      0 97482336  10972  69952    0    0 163408     0 196564 212038 15  5 35 44  2	
12  6      0 97482336  10972  69952    0    0 163216     0 195562 211149 13  5 35 45  2	
 7  9      0 97482336  10972  69952    0    0 163408     0 198222 214959 15  4 35 44  2	
 6 12      0 97482336  10972  69952    0    0 163392     0 197513 214112 17  4 34 43  2	
 7 10      0 97482336  10980  69944    0    0 163280    12 197055 214036 14  5 35 44  2	
10  9      0 97482336  10980  69952    0    0 163312     0 198524 213612 15  4 35 44  2	
 9  8      0 97482336  10980  69952    0    0 163344     0 197671 212580 13  4 36 45  2	
 8  8      0 97482336  10980  69952    0    0 163072     0 196657 212754 14  4 35 45  2	
 6 10      0 97482336  10980  69952    0    0 163712     0 196731 213151 15  4 35 44  2	
 9  8      0 97482336  10980  69952    0    0 163328     4 197818 215194 14  4 35 45  2	
10  9      0 97482336  10988  69952    0    0 163344    12 197156 213277 15  4 35 44  2	
15  3      0 97482336  10988  69952    0    0 163168     0 197034 211891 14  5 34 45  2	
15  2      0 97482336  10988  69952    0    0 163440     0 196539 211647 14  5 34 44  2	
 8  8      0 97482336  10988  69952    0    0 163376     0 196555 212957 14  5 35 44  2	
 9  8      0 97482336  10988  69952    0    0 163360     8 192565 210001 15  4 35 45  2	
 5 12      0 97482336  10996  69944    0    0 163376    24 193683 208854 14  4 35 45  2	
10  7      0 97482336  10996  69952    0    0 163216     0 198039 214174 14  4 35 45  2	
 9  8      0 97482336  10996  69952    0    0 163344     0 197874 213223 14  5 35 45  2	
procs -----------memory---------- ---swap-- -----io---- --system-- -----cpu-----
 r  b   swpd   free   buff  cache   si   so    bi    bo   in   cs us sy id wa st
11  6      0 97482336  10996  69952    0    0 163424     0 195589 210629 14  5 35 45  2	
10  8      0 97482336  10996  69956    0    0 163280     0 197408 212141 14  4 35 45  2	
10  7      0 97482336  10996  69956    0    0 163344     0 195455 212366 15  4 36 43  2	
14  5      0 97482336  11004  69956    0    0 163328    12 196139 211266 13  4 35 45  2	
 9 10      0 97482336  11004  69956    0    0 163408     0 197438 212610 15  4 35 44  2	
13  7      0 97482336  11004  69956    0    0 163280     0 196856 212874 14  4 35 44  2	
 6 11      0 97482336  11004  69956    0    0 163440     0 196698 211950 14  4 35 45  2	
 6 11      0 97482336  11004  69960    0    0 163312     0 195827 210916 14  3 36 45  2	
 9  9      0 97482336  11012  69952    0    0 163328    20 196048 210318 14  4 35 46  2	
 8  8      0 97482208  11012  69960    0    0 163312     0 196796 214072 15  4 35 44  2	
12  7      0 97482208  11012  69960    0    0 163360     0 196228 211743 14  4 35 45  2	
10  7      0 97482208  11012  69960    0    0 163264    20 195056 209468 14  4 35 45  2	
11  6      0 97482208  11012  69960    0    0 163344     0 197823 214167 14  3 36 44  2	
 4 13      0 97482208  11012  69960    0    0 163456     0 196478 212041 14  4 36 45  2	
 8  8      0 97482208  11020  69960    0    0 163280    12 197662 212553 14  4 35 44  2	
 9  9      0 97482208  11020  69960    0    0 163312     0 198820 214120 15  4 35 44  2	
 8  9      0 97482208  11020  69960    0    0 163376     0 195948 211156 15  4 35 44  2	
10  7      0 97482208  11020  69960    0    0 163296     0 197407 213451 15  4 35 44  2	
 3 14      0 97482208  11020  69960    0    0 163424     0 196916 212508 13  4 36 45  2	
10  7      0 97482208  11028  69952    0    0 163232    12 198624 214587 13  5 36 44  2	
13  5      0 97482208  11028  69960    0    0 163344     0 194979 208867 14  4 34 45  2	
procs -----------memory---------- ---swap-- -----io---- --system-- -----cpu-----
 r  b   swpd   free   buff  cache   si   so    bi    bo   in   cs us sy id wa st
13  6      0 97482208  11028  69960    0    0 163328     0 194835 211764 15  4 35 44  2	
11  7      0 97482208  11028  69960    0    0 163392     8 195275 210649 15  5 35 43  2	
12  5      0 97482208  11028  69960    0    0 163312     0 194998 209808 14  4 35 45  2	
 6  9      0 97482208  11028  69960    0    0 163408     0 196196 210402 15  3 34 46  2	
13  4      0 97482208  11036  69960    0    0 163248    24 197832 213243 14  4 35 44  2	
11  8      0 97482208  11036  69960    0    0 163360     0 198904 215905 14  5 35 43  2	
10  7      0 97482208  11036  69960    0    0 163424     8 196784 212522 14  5 35 44  2	
 6 12      0 97477872  11036  69960    0    0 163376     0 195649 209815 16  5 33 44  2	
12  6      0 97477872  11036  69960    0    0 163264     0 197569 214218 14  4 35 44  2	
 7 11      0 97477872  11044  69952    0    0 163408    32 195259 210285 13  4 36 46  2	
11  7      0 97477872  11044  69960    0    0 163280     0 195732 211245 13  5 36 45  2	
13  8      0 97477872  11044  69960    0    0 163344     0 194914 211133 16  4 35 44  2	
 4 12      0 97477872  11044  69960    0    0 163392     0 196971 212295 14  4 35 46  2	
12  7      0 97477872  11044  69960    0    0 163248     0 197250 211830 13  4 35 46  2	
13  5      0 97477872  11044  69960    0    0 163344     0 196495 210775 13  4 36 45  2	
 7 10      0 97477872  11052  69960    0    0 163408    12 197270 213571 13  5 36 44  2	
12  7      0 97477872  11052  69960    0    0 163232     8 196952 212784 14  4 35 46  2	
 6 11      0 97477872  11052  69960    0    0 163472     0 197764 213442 16  4 35 43  2	
 7  9      0 97477872  11052  69960    0    0 163264     0 193814 210440 14  5 34 45  2	
12  5      0 97477872  11052  69960    0    0 163312     0 194261 210014 14  4 35 45  2	
11  6      0 97477872  11060  69952    0    0 163328    12 194064 210604 14  4 35 45  2	
procs -----------memory---------- ---swap-- -----io---- --system-- -----cpu-----
 r  b   swpd   free   buff  cache   si   so    bi    bo   in   cs us sy id wa st
 9  9      0 97477872  11060  69964    0    0 163424     0 195901 210895 14  4 35 45  2	
 8  8      0 97477872  11060  69964    0    0 163312     0 196581 211697 15  3 35 45  2	
10  7      0 97477872  11060  69968    0    0 163344     0 197955 213887 15  4 35 44  2	
 9  7      0 97477872  11060  69968    0    0 163344     0 196885 213245 14  5 35 44  2	
 6 11      0 97477872  11060  69968    0    0 163376     0 197257 212997 15  5 34 44  2	
 8  8      0 97477872  11068  69968    0    0 163264    40 196805 212512 14  4 35 45  2	
 5 11      0 97477872  11068  69968    0    0 163376     0 196388 210696 15  4 35 45  2	
 4 12      0 97477872  11068  69968    0    0 163312     0 194038 211730 16  3 34 44  2	
 5 11      0 97477872  11068  69968    0    0 163344     0 197511 214696 15  4 35 44  2	
 7 11      0 97477872  11068  69968    0    0 163312     0 195640 212359 13  5 35 45  2	
 5 12      0 97477872  11076  69960    0    0 163408    12 195494 209560 14  4 35 45  2	
 4 12      0 97477872  11076  69968    0    0 163280     0 196614 211823 15  4 34 45  2	
 9  9      0 97477872  11076  69968    0    0 163344     0 195944 212624 14  4 35 45  2	
17  5      0 97477872  11076  69968    0    0 163280     0 196863 212953 14  5 35 44  2	
 6 10      0 97477872  11076  69968    0    0 163408     0 196082 211241 14  4 35 45  2	
 7 10      0 97477872  11076  69968    0    0 163280    16 195486 210786 13  5 35 45  2	
 8  8      0 97477872  11084  69968    0    0 163360    28 197324 213587 13  4 35 45  2	
 7 10      0 97477872  11084  69968    0    0 163328     0 196324 212143 15  3 35 45  2	
13  4      0 97477872  11084  69968    0    0 163296     0 196711 212288 14  4 35 45  2	
11  6      0 97477872  11084  69968    0    0 163376     0 196608 212178 14  4 35 45  2	
10  8      0 97477872  11084  69968    0    0 163344     0 198084 213309 15  4 35 44  2	
procs -----------memory---------- ---swap-- -----io---- --system-- -----cpu-----
 r  b   swpd   free   buff  cache   si   so    bi    bo   in   cs us sy id wa st
11  5      0 97477872  11092  69968    0    0 163344    24 198628 215089 14  5 35 44  2	
10  7      0 97477872  11092  69968    0    0 163312     0 194938 209903 14  4 35 46  2	
14  4      0 97477872  11092  69968    0    0 163328     0 197310 213688 15  4 35 44  2	
 8 10      0 97477872  11092  69968    0    0 163440     0 196124 211853 14  3 35 45  2	
11  7      0 97477872  11092  69968    0    0 163328     0 196686 212989 13  4 36 45  2	
11  8      0 97477872  11100  69960    0    0 163328    12 195415 209716 13  4 35 46  2	
13  6      0 97477872  11100  69968    0    0 163360     0 198456 214308 15  4 35 45  2	
 8  9      0 97477872  11100  69968    0    0 163392     0 196832 212805 14  4 35 44  2	
 9  9      0 97477872  11100  69968    0    0 163280     0 194178 211251 14  4 35 45  2	
10  8      0 97477872  11100  69968    0    0 163360     0 194188 210174 14  4 35 45  2	
10  9      0 97477872  11100  69968    0    0 163280     0 195463 211666 14  4 35 45  2	
11  7      0 97477872  11108  69968    0    0 163440    12 196257 211917 15  4 34 44  2	
 7 10      0 97477872  11108  69968    0    0 163312     0 195859 210144 14  5 35 45  2	
11  8      0 97477872  11108  69972    0    0 163328     0 196968 212001 14  4 35 44  2	
 9  8      0 97477872  11108  69972    0    0 163312     0 197200 212707 13  4 36 45  2	
 7  9      0 97477872  11108  69972    0    0 163360     0 198060 214427 13  4 35 45  2	
15  4      0 97477872  11116  69964    0    0 163264    12 196155 212127 14  4 35 45  2	
12  4      0 97477872  11116  69972    0    0 163344     0 197738 213690 15  4 35 44  2	
11  7      0 97477872  11116  69972    0    0 163408     0 197246 214512 15  5 35 44  2	
 7 10      0 97477872  11116  69972    0    0 163392     0 195660 209319 12  4 35 47  2	
 9  8      0 97477872  11116  69972    0    0 163312    20 195922 212993 15  3 35 45  2	
procs -----------memory---------- ---swap-- -----io---- --system-- -----cpu-----
 r  b   swpd   free   buff  cache   si   so    bi    bo   in   cs us sy id wa st
 9  9      0 97477872  11116  69972    0    0 163360     8 196688 211909 15  4 35 45  2	
 7 10      0 97477872  11124  69972    0    0 163424     4 197030 213093 15  4 35 44  2	
 5 12      0 97477872  11124  69976    0    0 163296     0 196079 209767 13  4 35 46  2	
10  7      0 97477872  11124  69976    0    0 163328     0 195789 210513 14  4 35 46  2	
 5 12      0 97477872  11124  69976    0    0 163360     8 194323 209322 15  4 35 45  2	
13  7      0 97477872  11124  69976    0    0 163248     0 197184 213228 15  4 35 44  2	
15  5      0 97477872  11132  69976    0    0 163328    24 195072 209399 15  5 34 45  2	
 5 11      0 97477872  11132  69976    0    0 163440     0 196014 212494 14  5 34 45  2	
 7 11      0 97477872  11132  69976    0    0 163280     0 196831 212303 15  4 35 44  2	
 9  7      0 97477872  11132  69976    0    0 163312     8 197821 212606 14  4 36 44  2	
10  8      0 97477872  11132  69976    0    0 163344     0 197720 214644 14  5 35 44  2	
 9  7      0 97477872  11140  69968    0    0 163392    24 196882 212862 15  4 34 45  2	
11  6      0 97477872  11140  69976    0    0 163328     0 195839 210582 13  4 35 46  2	
 9  9      0 97477872  11140  69976    0    0 163408     0 195132 210767 13  4 36 46  2	
 9  7      0 97477872  11140  69976    0    0 163344     0 198519 214429 14  4 36 44  2	
 6 10      0 97477872  11140  69976    0    0 163376     0 195572 211461 14  4 35 45  2	
 8 11      0 97477872  11140  69976    0    0 163328     0 193305 212534 15  4 35 44  2	
13  4      0 97477872  11148  69976    0    0 163200    12 193821 208134 14  4 34 46  2	
 7 11      0 97477872  11148  69976    0    0 163504     0 193731 209889 14  4 35 44  2	
 9  8      0 97477872  11148  69976    0    0 163280     0 196630 213261 13  4 35 45  2	
10  7      0 97477872  11148  69976    0    0 163296     0 197369 211572 14  4 35 45  2	
procs -----------memory---------- ---swap-- -----io---- --system-- -----cpu-----
 r  b   swpd   free   buff  cache   si   so    bi    bo   in   cs us sy id wa st
12  7      0 97477872  11148  69976    0    0 163376     0 198388 213743 15  4 35 44  2	
 9  8      0 97477872  11156  69968    0    0 163376    12 194758 210829 14  4 35 45  2	
 5 12      0 97477872  11156  69976    0    0 163376     0 196660 210421 14  4 35 45  2	
 7 10      0 97477872  11156  69976    0    0 163360     0 195942 210600 14  4 35 45  2	
 9  8      0 97477872  11156  69980    0    0 163232     0 196471 212384 17  4 35 42  2	
16  3      0 97477872  11156  69980    0    0 163328     0 197737 214418 15  4 35 44  2	
 6 11      0 97477872  11156  69980    0    0 163424     0 196648 212180 14  4 36 45  2	
 7 10      0 97477872  11164  69980    0    0 163344    12 196929 211744 15  4 35 44  2	
13  7      0 97477872  11164  69980    0    0 163280     0 195850 211230 14  4 35 45  2	
 6 11      0 97477872  11164  69980    0    0 163392     0 197788 213562 15  3 36 44  2	
 6 11      0 97477872  11164  69980    0    0 163312     0 195553 213346 14  4 36 44  2	
 9  8      0 97477872  11164  69980    0    0 163296     0 193607 207550 13  4 35 46  2	
14  6      0 97477872  11172  69972    0    0 163200    12 196422 210268 13  5 35 46  2	
 9  9      0 97477872  11172  69980    0    0 163456     0 196025 210862 14  4 35 45  2	
 9  8      0 97477872  11172  69980    0    0 163328     4 193791 207350 13  4 35 46  2	
 5 12      0 97477872  11172  69980    0    0 163440     0 197589 213499 15  4 35 45  2	
 9  8      0 97477872  11172  69980    0    0 163296     0 193974 209795 14  4 35 45  2	
 7 10      0 97477872  11172  69980    0    0 163424     0 196552 212414 16  4 35 43  2	
 5 11      0 97477872  11180  69980    0    0 163328    12 194058 206810 13  4 35 46  2	
 5 11      0 97477872  11180  69980    0    0 163296    24 193513 208926 14  4 34 46  2	
 8  9      0 97477872  11180  69980    0    0 163312     0 194869 210460 14  4 35 45  2	
procs -----------memory---------- ---swap-- -----io---- --system-- -----cpu-----
 r  b   swpd   free   buff  cache   si   so    bi    bo   in   cs us sy id wa st
 5 10      0 97477872  11180  69980    0    0 163392     0 197170 214999 16  5 34 43  2	
 7  9      0 97477872  11180  69980    0    0 163264     0 196117 211462 15  4 35 44  2	
10  7      0 97477872  11188  69972    0    0 163328    24 196099 212531 13  4 36 45  2	
 9  7      0 97477872  11188  69984    0    0 163376     0 197787 214523 14  4 35 44  2	
 9  9      0 97477872  11188  69984    0    0 163360     0 198392 215709 16  4 35 43  2	
 8  9      0 97477872  11188  69984    0    0 163376     0 196722 215818 17  4 35 42  2	
 7  9      0 97477872  11188  69984    0    0 163312     0 196930 212503 15  4 36 44  2	
13  4      0 97477872  11188  69984    0    0 163280     0 196754 211619 14  4 35 45  2	
 6 11      0 97477872  11196  69988    0    0 163440    12 197771 213539 13  4 35 45  2	
10  8      0 97477872  11196  69988    0    0 163248     0 198041 214589 14  4 36 44  2	
10  9      0 97477872  11196  69988    0    0 163392     0 196324 209809 14  4 36 45  2	
10  8      0 97477872  11196  69988    0    0 163296     0 197284 211764 14  5 35 44  2	
 7 10      0 97477872  11196  69988    0    0 163392     0 196736 211989 14  4 35 45  2	
 9  9      0 97477872  11204  69980    0    0 163280    20 197787 213366 16  4 35 44  2	
 9  8      0 97477744  11204  69988    0    0 163376     0 196319 211116 14  4 35 46  2	
 7  9      0 97477744  11204  69988    0    0 163328     0 196768 211689 14  4 35 44  2	
 9  7      0 97477744  11204  69988    0    0 163360     0 193549 208600 15  4 35 45  2	
14  4      0 97477744  11204  69992    0    0 163152     0 197967 213353 14  4 35 45  2	
 4 13      0 97477744  11212  69984    0    0 163552    20 198229 213397 14  5 35 44  2	
11  7      0 97477744  11212  69996    0    0 163248     0 195427 210200 14  4 35 46  2	
 8 11      0 97477744  11212  69996    0    0 163408     0 197879 214215 14  4 36 44  2	
procs -----------memory---------- ---swap-- -----io---- --system-- -----cpu-----
 r  b   swpd   free   buff  cache   si   so    bi    bo   in   cs us sy id wa st
11  6      0 97477744  11212  69996    0    0 163296     0 197438 213096 14  4 35 44  2	
 8  8      0 97477744  11212  69996    0    0 163424     0 197458 213249 14  4 35 45  2	
 7 10      0 97477744  11220  69988    0    0 163360    40 197038 211647 14  4 35 45  2	
 8  9      0 97478008  11220  69996    0    0 163328     0 198404 214527 14  5 35 44  2	
 8 10      0 97477992  11220  69996    0    0 163344     0 195369 212187 15  4 36 44  2	
 7 10      0 97477992  11220  69996    0    0 163376     0 197426 213459 14  4 35 45  2	
15  3      0 97477992  11220  69996    0    0 163152     0 196404 211041 15  3 35 45  2	
 9  9      0 97477992  11220  69996    0    0 163488     0 196944 211644 15  4 35 45  2	
 7  9      0 97477872  11228  69996    0    0 163360    28 197936 212835 15  3 35 45  2	
15  3      0 97477872  11228  69996    0    0 163248     0 195279 210113 13  5 35 45  2	
13  3      0 97477872  11228  69996    0    0 163328     0 199506 217025 16  5 35 43  2	
 2 14      0 97477872  11228  69996    0    0 163536     0 196105 210539 13  4 35 46  2	
12  7      0 97477872  11228  69996    0    0 163248     0 198416 214670 14  4 36 44  2	
11  8      0 97477872  11236  69996    0    0 163328    44 197934 213920 14  4 35 44  2	
 6 10      0 97477872  11236  69996    0    0 163040     0 195845 210785 14  4 35 45  2	
 8 10      0 97477872  11236  69996    0    0 163696     0 196574 211798 15  4 34 45  2	
 7  8      0 97477872  11236  69996    0    0 163360     0 196304 211055 13  4 35 46  2	
13  5      0 97477872  11236  69996    0    0 163280     0 197496 213055 14  4 35 45  2	
12  5      0 97477872  11244  69992    0    0 163360    52 196046 211592 15  4 35 44  2	
10  9      0 97477872  11244  69996    0    0 163376     0 194432 209792 15  4 35 44  2	
 9  9      0 97477872  11244  69996    0    0 163360     0 198446 214406 14  4 35 44  2	
procs -----------memory---------- ---swap-- -----io---- --system-- -----cpu-----
 r  b   swpd   free   buff  cache   si   so    bi    bo   in   cs us sy id wa st
 9  8      0 97477872  11244  69996    0    0 163328     0 194288 209392 14  4 35 45  2	
12  7      0 97477872  11244  69996    0    0 163312     0 195335 210678 14  4 35 45  2	
 8 10      0 97477872  11244  69996    0    0 163408     0 199146 214886 15  5 34 44  2	
11  6      0 97477872  11252  70000    0    0 163216    12 193892 209784 14  4 36 44  2	
 9  8      0 97477872  11252  70000    0    0 163440     0 197190 212167 15  5 34 44  2	
12  5      0 97477872  11252  70000    0    0 163344     0 197542 213887 15  4 35 44  2	
 7  9      0 97477872  11252  70000    0    0 163392     0 196098 210465 14  4 35 46  2	
 6 11      0 97477872  11252  70000    0    0 163392     0 195700 210544 15  4 35 45  2	
11  6      0 97477872  11260  69996    0    0 163264    12 195387 210703 13  5 35 45  2	
11  7      0 97477872  11260  70004    0    0 163392     0 196243 214001 16  3 36 43  2	
 6 10      0 97477872  11260  70004    0    0 163344     0 197316 211912 14  4 35 44  2	
14  4      0 97477872  11260  70004    0    0 163264     0 196157 211536 14  5 35 45  2	
11  5      0 97477872  11260  70004    0    0 163376     8 196016 210221 13  4 35 45  2	
 9  8      0 97477872  11260  70004    0    0 163392     0 198661 216349 15  4 35 43  2	
 6 11      0 97477872  11268  70004    0    0 163376    24 194642 210181 14  5 34 45  2	
 9  9      0 97477872  11268  70004    0    0 163344     0 196341 210777 13  3 35 46  2	
 6 10      0 97477872  11268  70004    0    0 163328     0 198617 214050 14  4 36 44  2	
 6 11      0 97477872  11268  70004    0    0 163360     8 196614 210793 13  4 35 46  2	
11  9      0 97477872  11268  70004    0    0 163264     0 197806 213152 15  4 35 45  2	
 9 10      0 97477872  11276  69996    0    0 163360    24 197858 213119 15  4 35 44  2	
 8  9      0 97477872  11276  70004    0    0 163328     0 196592 211358 14  4 35 45  2	
procs -----------memory---------- ---swap-- -----io---- --system-- -----cpu-----
 r  b   swpd   free   buff  cache   si   so    bi    bo   in   cs us sy id wa st
 4 12      0 97477872  11276  70004    0    0 163392     0 197338 214545 13  4 36 45  2	
12  6      0 97477872  11276  70004    0    0 163264    36 195627 211061 13  4 35 45  2	
 8  8      0 97477872  11276  70004    0    0 163376     0 195013 209466 14  4 36 45  2	
12  7      0 97477872  11276  70004    0    0 163344     0 196522 214982 16  4 34 44  2	
 8 11      0 97477872  11284  70004    0    0 163376    16 198340 212496 14  4 35 44  2	
 5 11      0 97477872  11284  70004    0    0 163376     0 196048 210956 14  4 35 45  2	
11  6      0 97477872  11284  70004    0    0 163232     0 195019 211082 16  4 35 44  2	
 7  9      0 97477872  11284  70004    0    0 163392     0 197173 213175 14  4 35 45  2	
 8  9      0 97477872  11284  70004    0    0 163312     0 194924 209208 13  3 35 46  2	
 5 12      0 97477872  11292  69996    0    0 163392    12 194580 209005 13  4 35 46  2	
 7  9      0 97477872  11292  70004    0    0 163280     0 197582 214925 14  4 35 44  2	
 9  8      0 97477872  11292  70004    0    0 163328     0 196530 209870 13  4 35 45  2	
 4 13      0 97477872  11292  70004    0    0 163408     0 195408 209893 13  4 35 46  2	
 5 11      0 97477872  11292  70004    0    0 163280     0 196080 212081 15  3 35 45  2	
 5 11      0 97477872  11292  70004    0    0 163312     0 198776 213903 14  5 35 44  2	
 7  9      0 97477872  11300  70004    0    0 163296    12 197351 212299 14  4 35 45  2	
13  6      0 97477872  11300  70004    0    0 162384     0 191536 205994 14  5 34 45  2	
 9  7      0 97477872  11300  70004    0    0 164304     0 198670 217004 16  5 35 43  2	
10  6      0 97477872  11300  70004    0    0 163360     0 199028 216678 15  4 36 43  2	
 7 10      0 97477872  11300  70004    0    0 163360     0 195678 210430 13  4 35 45  2	
 5 12      0 97477872  11308  69996    0    0 163312    12 196153 212349 15  4 35 44  2	
procs -----------memory---------- ---swap-- -----io---- --system-- -----cpu-----
 r  b   swpd   free   buff  cache   si   so    bi    bo   in   cs us sy id wa st
 7 10      0 97477872  11308  70008    0    0 163296     0 195863 210724 14  4 35 45  2	
 8  8      0 97477872  11308  70008    0    0 163312     4 195216 209453 13  4 35 46  2	
 6 10      0 97477872  11308  70008    0    0 163296     0 199302 217324 15  4 36 43  2	
 8 10      0 97477872  11308  70012    0    0 163360     0 195975 210303 13  4 35 46  2	
13  6      0 97477872  11308  70012    0    0 163280     0 198026 213373 13  4 36 44  2	
 9 11      0 97477872  11316  70012    0    0 163360    12 196020 211032 14  4 35 45  2	
11  7      0 97477872  11316  70012    0    0 163344     0 195465 210070 15  4 35 45  2	
11  8      0 97477872  11316  70012    0    0 163344     0 196478 213671 14  4 36 44  2	
 9  8      0 97477872  11316  70012    0    0 163376     0 197940 214365 15  5 35 44  2	
 9  9      0 97477872  11316  70012    0    0 163344     0 195757 212859 15  4 34 44  2	
 6 13      0 97477872  11324  70004    0    0 163392    12 197687 214156 13  5 35 45  2	
14  7      0 97477872  11324  70012    0    0 163232    12 195348 210267 14  4 35 45  2	
11  8      0 97477872  11324  70012    0    0 163360     0 195094 210284 14  4 35 45  2	
 9  8      0 97477872  11324  70012    0    0 163376     0 196779 212306 14  4 35 45  2	
 6 11      0 97477872  11324  70012    0    0 163360     0 198386 214121 13  4 36 45  2	
 5 10      0 97477872  11324  70012    0    0 163392     0 196796 211997 14  4 35 45  2	
 4 13      0 97477872  11332  70012    0    0 163296    40 195663 210078 13  4 35 46  2	
 8 10      0 97477872  11332  70012    0    0 163248     0 196164 211008 14  4 35 45  2	
10  9      0 97477872  11332  70012    0    0 163360     0 195554 211374 14  4 35 45  2	
 9  9      0 97477872  11332  70012    0    0 163328     0 198109 214475 15  4 36 43  2	
 7 11      0 97477872  11332  70012    0    0 163360     0 195551 207975 13  4 35 46  2	
procs -----------memory---------- ---swap-- -----io---- --system-- -----cpu-----
 r  b   swpd   free   buff  cache   si   so    bi    bo   in   cs us sy id wa st
10  7      0 97477872  11340  70004    0    0 163296    12 194623 211224 14  5 35 44  2	
10  9      0 97477872  11340  70012    0    0 163328     0 197680 212483 14  4 35 45  2	
 9 10      0 97477872  11340  70012    0    0 163376     0 196318 211339 14  3 35 45  2	
12  6      0 97477872  11340  70012    0    0 163296     0 193135 205902 12  4 35 48  2	
 9  8      0 97477872  11340  70012    0    0 163376     0 197363 211783 15  4 35 45  2	
 8  8      0 97477872  11340  70012    0    0 163312     0 197738 215201 14  3 36 44  2	
 9  9      0 97477872  11348  70012    0    0 163376    12 196546 213973 16  4 35 43  2	
 7 10      0 97477872  11348  70012    0    0 163328     0 197516 213579 13  4 35 45  2	
 6 10      0 97477872  11348  70012    0    0 163376     0 198076 213271 13  4 35 45  2	
10  9      0 97477872  11348  70012    0    0 163312     0 195123 208491 13  4 34 46  2	
 9  8      0 97477872  11348  70012    0    0 163312     0 195601 210020 13  4 35 46  2	
 5 11      0 97477872  11356  70008    0    0 163360    32 196782 210572 14  4 34 45  2	
 9  8      0 97477872  11356  70016    0    0 163312     0 197587 213543 15  5 35 44  2	
13  6      0 97477872  11356  70016    0    0 163296     0 198240 214166 15  4 35 44  2	
12  6      0 97477872  11356  70016    0    0 163344     0 198131 215320 16  4 35 43  2	
 7 10      0 97477872  11356  70016    0    0 163376     0 197179 212399 15  4 35 44  2	
 7  9      0 97477872  11356  70016    0    0 163328     0 195911 210438 15  4 34 45  2	
 9  9      0 97477872  11364  70016    0    0 163344    12 198363 214800 15  4 35 44  2	
 8 10      0 97477872  11364  70016    0    0 163344     0 195716 209314 13  4 35 46  2	
10  8      0 97477872  11364  70016    0    0 163296     0 193761 207142 13  4 35 46  2	
15  3      0 97477872  11364  70016    0    0 163328     0 195260 209383 14  4 34 46  2	
procs -----------memory---------- ---swap-- -----io---- --system-- -----cpu-----
 r  b   swpd   free   buff  cache   si   so    bi    bo   in   cs us sy id wa st
 7  9      0 97477872  11364  70016    0    0 163440     8 196618 212454 13  5 36 44  2	
 9  7      0 97477872  11372  70008    0    0 163312    24 195656 209781 13  3 35 46  2	
12  5      0 97477872  11372  70016    0    0 163328     0 194752 209669 13  4 35 46  2	
 7  9      0 97477872  11372  70016    0    0 163408     0 196455 211026 14  4 35 45  2	
17  3      0 97477872  11372  70020    0    0 163232     0 196100 210522 13  3 35 46  2	
 6 10      0 97477872  11372  70020    0    0 163488     0 196868 211814 14  3 35 46  2	
 9  8      0 97477872  11372  70020    0    0 163312     0 197255 212183 14  4 35 45  2	
10  7      0 97477872  11380  70020    0    0 163344    12 198530 215714 14  4 36 44  2	
 8  9      0 97477872  11380  70020    0    0 163376     0 196958 212692 15  3 35 45  2	
 8  9      0 97477872  11380  70020    0    0 163344     0 195427 209990 13  4 35 46  2	
13  5      0 97477872  11380  70020    0    0 163264    20 197491 213418 14  4 35 45  2	
10  8      0 97477872  11380  70020    0    0 163200     0 196851 212812 14  4 35 45  2	
 8  8      0 97477872  11388  70012    0    0 163584    12 197439 212450 14  4 35 45  2	
 7 10      0 97477872  11388  70020    0    0 163296     0 197068 211286 14  4 35 45  2	
 9  7      0 97477872  11388  70020    0    0 163360     0 195861 209727 13  4 35 46  2	
 3 14      0 97477872  11388  70020    0    0 163376     0 196928 213144 15  5 35 44  2	
 6 11      0 97477872  11388  70020    0    0 163360     0 197638 212172 14  4 35 45  2	
12  5      0 97477872  11388  70020    0    0 163280     0 196463 212222 16  4 35 43  2	
 8  8      0 97477872  11396  70020    0    0 163408    12 194144 208628 14  4 35 46  2	
 8  8      0 97477872  11396  70020    0    0 163312     0 192620 208725 14  4 36 45  2	
 9  8      0 97477872  11396  70020    0    0 159696     0 191900 208015 13  4 35 46  2	
procs -----------memory---------- ---swap-- -----io---- --system-- -----cpu-----
 r  b   swpd   free   buff  cache   si   so    bi    bo   in   cs us sy id wa st
 9  7      0 97477872  11396  70020    0    0 166976     0 199160 216708 15  4 35 43  2	
10  7      0 97477872  11396  70020    0    0 163344     0 193946 206601 13  4 35 46  2	
 6 11      0 97477872  11404  70016    0    0 163360    12 199188 216284 16  4 34 44  2	
 9  8      0 97477872  11404  70020    0    0 163312     0 194152 211021 14  4 35 46  2	
 4 11      0 97477872  11404  70024    0    0 163360     8 196590 212005 14  4 35 45  2	
12  4      0 97477872  11404  70024    0    0 163232     0 198889 214976 15  4 35 44  2	
 9  8      0 97477872  11404  70024    0    0 163424     0 197001 212637 15  4 35 44  2	
 7 11      0 97477872  11404  70024    0    0 163376     0 195504 211428 14  4 35 45  2	
11  7      0 97477872  11412  70024    0    0 163280    24 196312 211280 14  4 35 44  2	
 5 12      0 97477872  11412  70024    0    0 163376     0 194960 211332 13  4 35 45  2	
 8 10      0 97477872  11412  70024    0    0 163328     8 196208 211446 14  4 35 45  2	
 7 10      0 97477872  11412  70024    0    0 163280     0 195965 211180 14  4 34 46  2	
 8  9      0 97477872  11412  70024    0    0 163328     0 195381 210888 15  5 35 44  2	
 6 10      0 97477872  11420  70016    0    0 163376    24 194667 209693 15  4 34 45  2	
11  8      0 97477872  11420  70024    0    0 163312     0 197233 212717 14  4 35 45  2	
 8  9      0 97477872  11420  70024    0    0 163360     0 196729 211151 14  4 36 45  2	
11  7      0 97477872  11420  70024    0    0 163312     0 197524 214092 15  4 36 44  2	
10  6      0 97477872  11420  70024    0    0 163344     0 195842 209892 14  4 35 46  2	
 6 11      0 97477872  11420  70024    0    0 163424     0 197962 215715 15  4 35 44  2	
10  7      0 97477872  11428  70024    0    0 163280    12 196352 210901 15  4 35 44  2	
 7  9      0 97477872  11428  70024    0    0 163344     0 196746 212683 14  4 35 45  2	
procs -----------memory---------- ---swap-- -----io---- --system-- -----cpu-----
 r  b   swpd   free   buff  cache   si   so    bi    bo   in   cs us sy id wa st
12  7      0 97477872  11428  70024    0    0 163312     0 194845 208644 13  4 35 46  2	
11  8      0 97477872  11428  70024    0    0 163344     0 197540 212776 14  4 35 45  2	
 8 10      0 97477872  11428  70024    0    0 163360     0 197521 212595 14  4 35 45  2	
12  7      0 97477872  11436  70016    0    0 163328    12 196676 213479 14  5 36 44  2	
 7 10      0 97477872  11436  70028    0    0 163392    20 196699 212283 15  4 35 44  2	
 9  8      0 97477872  11436  70028    0    0 163360     0 195248 212388 15  5 34 44  2	
 6 10      0 97477872  11436  70028    0    0 163312     0 196639 210831 14  4 35 45  2	
 9  7      0 97477872  11436  70028    0    0 163184     0 194962 208138 14  4 35 46  2	
 7 11      0 97477872  11436  70028    0    0 163520     0 196611 211544 14  3 35 46  2	
10  7      0 97477872  11444  70028    0    0 163328    12 196379 211079 13  3 36 46  2	
 7 10      0 97477872  11444  70028    0    0 163344     0 198319 213181 15  4 35 44  2	
 6 11      0 97477872  11444  70028    0    0 163344     0 198913 215755 15  5 35 43  2	
 7 12      0 97477872  11444  70028    0    0 163344     0 195889 210693 14  4 35 45  2	
10  8      0 97477872  11444  70028    0    0 163264     0 196599 211087 14  4 35 45  2	
 9  8      0 97477872  11452  70020    0    0 163360    32 197134 212404 13  4 36 45  2	
 8  9      0 97477872  11452  70028    0    0 163184     0 197788 211489 14  4 35 45  2	
 7  9      0 97477872  11452  70028    0    0 163520     0 195168 210111 14  4 34 45  2	
12  7      0 97477872  11452  70032    0    0 163328     0 193742 206673 13  5 34 46  2	
13  5      0 97477872  11452  70032    0    0 163344     0 198447 214135 13  5 36 44  2	
 8  8      0 97477872  11452  70032    0    0 163392     8 195055 208384 13  4 35 47  2	
 8  9      0 97477872  11460  70032    0    0 163344    24 198271 211758 14  5 35 45  2	
procs -----------memory---------- ---swap-- -----io---- --system-- -----cpu-----
 r  b   swpd   free   buff  cache   si   so    bi    bo   in   cs us sy id wa st
11  8      0 97477872  11460  70032    0    0 163264     0 195680 209446 13  4 35 45  2	
 5 11      0 97477872  11460  70032    0    0 163424     0 196919 213519 15  5 34 44  2	
 5 12      0 97477872  11460  70032    0    0 163312     0 199504 215851 15  4 35 44  2	
 7 10      0 97477872  11460  70032    0    0 163328     0 196833 211283 14  4 35 45  2	
 9  9      0 97477872  11468  70024    0    0 163296    16 196313 211668 14  4 35 44  2	
12  7      0 97477872  11468  70032    0    0 163328     0 195611 209999 13  4 35 45  2	
14  5      0 97477872  11468  70032    0    0 163376     0 195295 209758 14  4 35 44  2	
13  5      0 97477872  11468  70032    0    0 163312     0 196583 213188 13  4 36 45  2	
 8  9      0 97477872  11468  70032    0    0 162688     0 195898 211114 14  4 34 45  2	
 8 10      0 97477872  11476  70024    0    0 164064    12 197445 212951 14  4 35 45  2	
 6  8      0 97477872  11476  70032    0    0 163440     0 198177 214068 14  4 35 44  2	
 9  8      0 97477872  11476  70032    0    0 163296     0 195994 210830 14  4 35 45  2	
12  7      0 97477872  11476  70032    0    0 163312     0 196892 211895 13  4 35 46  2	
14  6      0 97477872  11476  70032    0    0 163392     0 197293 214872 15  4 35 44  2	
 5 11      0 97477872  11476  70032    0    0 163376     0 194960 208858 14  4 35 45  2	
12  4      0 97477872  11484  70032    0    0 163248    12 197881 213905 14  4 35 45  2	
 6 10      0 97477872  11484  70032    0    0 163392     0 195289 209813 14  3 35 46  2	
 4 13      0 97477872  11484  70032    0    0 163360     0 195968 210687 13  4 36 45  2	
10 10      0 97477872  11484  70032    0    0 163296     0 195670 212540 14  4 35 45  2	
 8  8      0 97477872  11484  70032    0    0 163328    24 193402 209835 14  4 35 46  2	
 8  9      0 97477872  11492  70024    0    0 163376    12 195995 210931 15  5 34 45  2	
procs -----------memory---------- ---swap-- -----io---- --system-- -----cpu-----
 r  b   swpd   free   buff  cache   si   so    bi    bo   in   cs us sy id wa st
11  6      0 97477872  11492  70032    0    0 163280     0 195877 211774 15  4 35 44  2	
10  8      0 97477872  11492  70032    0    0 163328     0 197277 212716 14  4 35 45  2	
 8  8      0 97477872  11492  70032    0    0 163360     0 195435 209536 13  4 35 46  2	
 9  7      0 97477872  11492  70032    0    0 163328     4 197185 212593 14  4 35 45  2	
 6 12      0 97477872  11492  70036    0    0 163392     0 196980 212821 14  4 35 45  2	
 9  9      0 97477872  11500  70036    0    0 163296    12 195332 210738 14  4 35 46  2	
10  7      0 97477872  11500  70036    0    0 163328     0 196274 211892 14  4 35 45  2	
 9  9      0 97477872  11500  70036    0    0 163376     0 196554 210851 13  3 35 46  2	
 3 14      0 97477872  11500  70040    0    0 163392     4 198110 213399 15  4 35 44  2	
12  5      0 97477872  11500  70040    0    0 163264     0 194840 211196 13  4 35 46  2	
 7 10      0 97477872  11508  70032    0    0 163376    12 196117 210378 14  4 35 46  2	
 0 16      0 97477872  11508  70040    0    0 162464     0 198468 215941 14  4 35 44  2	
10  6      0 97477872  11508  70040    0    0 164160     0 195693 212859 15  4 34 45  2	
11  7      0 97477872  11508  70040    0    0 163312     8 196286 210451 13  4 35 46  2	
 9  8      0 97477872  11508  70040    0    0 163376     0 196512 211868 14  4 35 45  2	
10  7      0 97477872  11508  70040    0    0 163264     0 194981 211012 15  4 35 45  2	
14  6      0 97477872  11516  70040    0    0 163408    24 195801 212339 14  4 35 44  2	
12  6      0 97477872  11516  70040    0    0 163312     0 196958 212955 14  5 35 44  2	
10  8      0 97477872  11516  70040    0    0 163392     0 196300 210724 13  4 35 45  2	
 7 10      0 97477872  11516  70040    0    0 163360     0 197238 213242 15  5 35 44  2	
16  4      0 97477872  11516  70040    0    0 163168     0 196373 211626 14  5 34 45  2	
procs -----------memory---------- ---swap-- -----io---- --system-- -----cpu-----
 r  b   swpd   free   buff  cache   si   so    bi    bo   in   cs us sy id wa st
 8  9      0 97477872  11524  70032    0    0 163504    12 197697 211798 14  3 35 45  2	
 9  9      0 97477872  11524  70040    0    0 163312     0 196144 210628 13  4 35 46  2	
 7  9      0 97477872  11524  70040    0    0 163376     0 195006 209248 14  4 35 46  2	
11  6      0 97477872  11524  70040    0    0 163264     0 197273 212783 15  4 34 44  2	
14  4      0 97477872  11524  70040    0    0 163312     0 193404 207220 14  4 34 46  2	
 8  9      0 97477872  11524  70040    0    0 163408     0 196181 209982 13  5 35 46  2	
 9  8      0 97477872  11532  70040    0    0 163344    12 199407 215707 14  4 35 45  2	
 9  8      0 97477872  11532  70040    0    0 163376     0 197418 213917 15  4 35 44  2	
10  9      0 97477872  11532  70040    0    0 161616     0 194156 208969 13  4 35 46  2	
 9  8      0 97477872  11532  70040    0    0 165072     0 199885 218273 14  5 36 44  2	
12  6      0 97477872  11532  70040    0    0 163264     0 197656 214072 14  4 34 45  2	
 7 11      0 97477872  11540  70032    0    0 163440    12 196031 210238 14  4 35 45  2	
 8 10      0 97477872  11540  70040    0    0 163280     0 197356 214447 16  4 35 43  2	
 6 10      0 97477872  11540  70040    0    0 163376    20 195018 211029 14  4 35 46  2	
 8  7      0 97477872  11540  70040    0    0 163344     0 196849 211412 14  4 35 45  2	
12  7      0 97477872  11540  70040    0    0 163312     0 197398 213075 13  5 35 45  2	
13  4      0 97477872  11540  70040    0    0 163264     0 196206 211106 13  4 36 45  2	
 9  8      0 97477744  11548  70040    0    0 163456    24 198104 212505 15  4 35 45  2	
 5 10      0 97477744  11548  70040    0    0 163360     0 196108 211236 15  4 34 45  2	
10  7      0 97477744  11548  70040    0    0 163280     0 196604 210658 13  4 35 45  2	
14  5      0 97477744  11548  70040    0    0 163360     0 199456 216760 15  5 35 43  2	
procs -----------memory---------- ---swap-- -----io---- --system-- -----cpu-----
 r  b   swpd   free   buff  cache   si   so    bi    bo   in   cs us sy id wa st
 5 12      0 97477744  11548  70044    0    0 163344     0 197289 212966 14  4 35 45  2	
 7 10      0 97477744  11556  70036    0    0 163296    12 198139 212705 14  4 36 44  2	
 8  8      0 97477744  11556  70044    0    0 163392     8 195887 210541 13  4 35 46  2	
 9  9      0 97477744  11556  70044    0    0 163376     0 196334 211219 14  4 35 45  2	
10  8      0 97477744  11556  70044    0    0 163344     0 197604 213266 14  5 35 45  2	
 4 13      0 97477744  11556  70048    0    0 163328     0 195402 210229 14  3 35 46  2	
 4 13      0 97477744  11556  70048    0    0 163328     0 196785 211673 14  4 35 45  2	
13  7      0 97477744  11564  70048    0    0 163280    24 196068 211120 14  4 35 45  2	
10 10      0 97477744  11564  70048    0    0 163392     0 197682 214679 14  4 36 44  2	
15  3      0 97477744  11564  70048    0    0 163216     0 196392 212154 14  4 35 45  2	
 8  8      0 97477744  11564  70048    0    0 163360     0 199411 216187 15  5 35 43  2	
11  6      0 97477744  11564  70048    0    0 163392     0 193667 209968 14  4 35 45  2	
11  6      0 97477744  11572  70040    0    0 163424    12 197885 214202 15  4 35 44  2	
11  7      0 97477744  11572  70048    0    0 163312     0 196073 212170 15  4 35 43  2	
14  3      0 97477744  11572  70048    0    0 163312     0 196105 211119 14  4 35 45  2	
 8  9      0 97477744  11572  70048    0    0 163424     0 196107 210969 13  4 36 45  2	
 9  8      0 97477744  11572  70048    0    0 163312     0 193562 206242 12  4 35 47  2	
11  8      0 97477744  11572  70048    0    0 163360     0 195317 209492 13  3 35 46  2	
 8  9      0 97477744  11580  70048    0    0 163312    12 196139 212919 14  4 36 45  2	
10  7      0 97477744  11580  70048    0    0 163376     0 196414 212630 14  4 36 44  2	
 3 13      0 97477744  11580  70048    0    0 163344     0 197585 214181 14  4 36 44  2	
procs -----------memory---------- ---swap-- -----io---- --system-- -----cpu-----
 r  b   swpd   free   buff  cache   si   so    bi    bo   in   cs us sy id wa st
11  6      0 97477744  11580  70048    0    0 163296     0 197829 213536 15  5 35 43  2	
12  6      0 97477744  11580  70048    0    0 163296     0 193020 210372 15  4 35 45  2	
13  5      0 97477744  11588  70040    0    0 163360    12 194853 214756 16  4 35 43  2	
13  7      0 97477744  11588  70048    0    0 163376     0 196085 213548 15  4 35 44  2	
11  7      0 97477744  11588  70048    0    0 163376     0 198372 213662 14  4 35 44  2	
10  7      0 97477744  11588  70048    0    0 163344     0 197140 211825 14  4 35 44  2	
12  8      0 97477744  11588  70048    0    0 163360    16 199699 216395 14  5 35 44  2	
12  9      0 97477744  11588  70048    0    0 163344     0 197580 212757 14  4 35 45  2	
14  4      0 97477616  11596  70048    0    0 163200    24 195795 210200 13  4 35 46  2	
 9  8      0 97477616  11596  70048    0    0 163520     0 198838 215933 16  4 34 43  2	
 8  9      0 97477616  11596  70048    0    0 163344     0 196118 212075 15  4 35 44  2	
 3 14      0 97477616  11596  70048    0    0 163376     8 196112 211432 15  4 35 44  2	
13  5      0 97477616  11596  70052    0    0 163232     0 195567 210973 15  4 35 44  2	
13  5      0 97477616  11604  70044    0    0 163360    24 194890 211592 15  3 35 45  2	
 6 10      0 97477616  11604  70052    0    0 163408     0 197497 214095 15  5 35 43  2	
 6 11      0 97477616  11604  70052    0    0 163296     0 197684 213296 16  4 35 44  2	
 5 12      0 97477616  11604  70052    0    0 163392     0 195429 210703 14  3 35 46  2	
 7  9      0 97477616  11604  70052    0    0 163344     0 196279 211195 15  4 35 45  2	
11  6      0 97477616  11604  70052    0    0 163328     0 197314 212498 14  4 35 45  2	
12  5      0 97477616  11612  70052    0    0 163280    12 195554 210538 12  5 36 45  2	
 7 10      0 97477616  11612  70052    0    0 163424     0 196588 212714 14  5 35 44  2	
procs -----------memory---------- ---swap-- -----io---- --system-- -----cpu-----
 r  b   swpd   free   buff  cache   si   so    bi    bo   in   cs us sy id wa st
14  6      0 97477616  11612  70052    0    0 163296     0 195678 211393 14  4 35 45  2	
 9  9      0 97477616  11612  70052    0    0 163408     0 196744 213748 16  4 36 42  2	
 7  9      0 97477616  11612  70052    0    0 163344     0 196814 212680 15  4 35 44  2	
10  8      0 97477616  11620  70044    0    0 163312    12 196371 210908 14  4 35 45  2	
 8 11      0 97477616  11620  70052    0    0 163344     0 196942 212558 14  4 35 44  2	
 6 11      0 97477616  11620  70056    0    0 163360     0 197460 212688 14  4 35 45  2	
 9  9      0 97477616  11620  70056    0    0 163328     0 198807 215128 14  4 36 44  2	
 5 12      0 97477616  11620  70056    0    0 163376     0 197102 211609 13  4 36 45  2	
 6 11      0 97477616  11620  70056    0    0 163328     0 197656 214449 15  4 35 44  2	
 5 11      0 97477616  11628  70056    0    0 163328    12 197376 212490 13  4 36 45  2	
 5 11      0 97477616  11628  70056    0    0 163312     0 195786 210965 14  4 35 45  2	
 9  9      0 97477616  11628  70056    0    0 163312     0 196359 211012 14  5 35 44  2	
13  5      0 97477616  11628  70056    0    0 163280     0 196026 210581 13  5 35 45  2	
12  7      0 97477616  11628  70056    0    0 163376     0 199437 216866 14  4 36 44  2	
10  8      0 97477616  11636  70048    0    0 163344    12 196008 211160 14  4 35 45  2	
 7  9      0 97477616  11636  70056    0    0 163424     0 196032 209996 14  4 35 46  2	
 7 10      0 97477616  11636  70056    0    0 163296     8 194621 209044 14  4 35 45  2	
 8 10      0 97477616  11636  70056    0    0 163312     0 197823 212104 13  5 35 45  2	
 7  9      0 97477616  11636  70056    0    0 163376     0 197304 212154 14  4 36 44  2	
 9  9      0 97477616  11636  70056    0    0 163344     0 197424 212670 14  4 35 45  2	
 8 10      0 97477616  11644  70056    0    0 163328    28 197263 213218 15  4 34 45  2	
procs -----------memory---------- ---swap-- -----io---- --system-- -----cpu-----
 r  b   swpd   free   buff  cache   si   so    bi    bo   in   cs us sy id wa st
 9  8      0 97477616  11644  70056    0    0 163328    24 195994 210994 15  4 35 45  2	
 5 12      0 97477616  11644  70056    0    0 163408     0 195585 209754 14  4 35 46  2	
10  8      0 97477616  11644  70056    0    0 163312     0 196604 212396 14  5 35 44  2	
11  7      0 97477616  11644  70056    0    0 163344     0 195157 209711 13  4 35 46  2	
 5 11      0 97477616  11652  70052    0    0 163408    12 196771 212829 15  5 34 44  2	
11  6      0 97477616  11652  70060    0    0 163280     0 195840 211169 14  4 35 45  2	
 6 10      0 97477616  11652  70060    0    0 163408     0 195553 210979 15  4 34 45  2	
14  6      0 97477616  11652  70060    0    0 163296     0 196050 211223 14  4 35 45  2	
 6 11      0 97477616  11652  70060    0    0 163392     0 197324 215228 17  4 35 42  2	
10  7      0 97478064  11652  70060    0    0 163296     0 198483 213674 15  4 34 44  2	
 7 12      0 97477992  11660  70064    0    0 163424    20 196774 212407 15  4 35 44  2	
 7  9      0 97477992  11660  70064    0    0 163328     0 198618 215285 16  4 35 43  2	
 7 10      0 97477992  11660  70064    0    0 163328     0 198147 215256 15  4 35 45  2	
10  6      0 97477992  11660  70064    0    0 163216     0 196609 211023 15  4 34 45  2	
 9 10      0 97477992  11660  70064    0    0 163424     0 194699 209736 14  3 35 46  2	
12  7      0 97477992  11668  70056    0    0 163312    12 195902 210344 13  5 35 45  2	
 5 12      0 97477992  11668  70064    0    0 163408     0 196362 210578 14  5 34 45  2	
10  7      0 97477992  11668  70064    0    0 163296     0 197123 212579 13  4 35 45  2	
 7 10      0 97477992  11668  70064    0    0 163360     0 195679 211902 14  4 35 45  2	
14  5      0 97477992  11668  70064    0    0 163200     0 197306 213110 15  4 35 44  2	
11  7      0 97477992  11668  70064    0    0 163408     0 193893 210117 14  5 35 45  2	
procs -----------memory---------- ---swap-- -----io---- --system-- -----cpu-----
 r  b   swpd   free   buff  cache   si   so    bi    bo   in   cs us sy id wa st
13  5      0 97477992  11676  70064    0    0 163296    12 196915 211747 14  4 35 44  2	
 3 13      0 97477992  11676  70064    0    0 163488     0 196858 211602 14  4 35 45  2	
10  8      0 97477992  11676  70064    0    0 163264     0 195015 209397 13  4 35 45  2	
11  7      0 97477992  11676  70064    0    0 163360     0 193701 210959 15  4 34 45  2	
 5 12      0 97477992  11676  70064    0    0 163424     0 197134 212436 13  4 35 45  2	
 7 10      0 97477992  11676  70064    0    0 163328     4 196706 211359 14  4 35 46  2	
 7 10      0 97477992  11684  70068    0    0 163312    12 194420 210153 12  4 35 47  2	
 8  8      0 97477992  11684  70068    0    0 163328     0 196104 213609 16  4 35 43  2	
 4 12      0 97477992  11684  70068    0    0 163392     0 196751 212165 14  4 35 45  2	
12  6      0 97477992  11684  70068    0    0 163296     0 193471 208157 14  4 35 45  2	
10  7      0 97477992  11684  70068    0    0 163360     4 197909 213702 15  4 35 44  2	
 5 11      0 97477992  11692  70068    0    0 163344    12 196979 211566 14  4 34 45  2	
11  7      0 97477992  11692  70068    0    0 163264     0 195155 211150 12  3 36 46  2	
12  6      0 97477992  11692  70068    0    0 163376     0 196607 212147 13  4 36 45  2	
 9  9      0 97477992  11692  70068    0    0 163376     0 199043 216239 15  4 35 44  2	
 6 11      0 97477992  11692  70068    0    0 163392    16 193556 209673 15  4 35 44  2	
13  5      0 97477992  11692  70072    0    0 163280     0 198343 214434 13  4 36 45  2	
 4 12      0 97477992  11700  70072    0    0 163408    24 195672 211322 13  4 36 45  2	
 7 10      0 97477992  11700  70072    0    0 163280     0 197008 213023 13  5 35 45  2	
 6 10      0 97477992  11700  70072    0    0 163376     0 195347 211055 14  5 35 44  2	
 7 10      0 97477992  11700  70072    0    0 163312    12 195919 210471 14  3 36 45  2	
procs -----------memory---------- ---swap-- -----io---- --system-- -----cpu-----
 r  b   swpd   free   buff  cache   si   so    bi    bo   in   cs us sy id wa st
10  8      0 97477992  11700  70072    0    0 163344     0 195784 209996 13  4 36 45  2	
 8  9      0 97477992  11708  70064    0    0 163264    28 197104 212457 14  4 35 45  2	
14  3      0 97477992  11708  70072    0    0 163328     0 195790 210362 13  4 35 45  2	
 7  8      0 97477992  11708  70072    0    0 163424     0 197983 214842 15  4 35 43  2	
10  6      0 97477992  11708  70072    0    0 163344     0 194248 208592 13  4 35 45  2	
 7 10      0 97477992  11708  70072    0    0 163344     0 196125 211561 14  4 36 45  2	
11  7      0 97477992  11708  70072    0    0 163376     0 197605 215365 16  4 36 42  2	
 9  9      0 97477992  11716  70072    0    0 163296    12 195791 212334 14  5 35 44  2	
10  7      0 97477992  11716  70072    0    0 163376     0 195303 211297 14  5 35 44  2	
 8 10      0 97477992  11716  70072    0    0 163360     0 195051 208598 14  4 35 46  2	
 7  9      0 97477992  11716  70072    0    0 163360     0 195467 211167 14  4 35 45  2	
 8 11      0 97477992  11716  70072    0    0 163344     0 195818 209726 14  4 35 45  2	
13  7      0 97477992  11724  70064    0    0 163296    12 197476 212474 14  4 35 45  2	
11  7      0 97477992  11724  70072    0    0 163360     0 196526 211761 14  4 35 45  2	
11  8      0 97477992  11724  70072    0    0 163360     0 195716 212124 15  4 35 44  2	
 6 12      0 97477992  11724  70072    0    0 163392     0 197158 214356 14  4 35 45  2	
 9  8      0 97477992  11724  70072    0    0 163280     0 195598 210189 14  4 35 45  2	
 6 10      0 97477992  11724  70072    0    0 163344     0 197834 213458 15  4 35 44  2	
10  9      0 97477992  11732  70072    0    0 163312    12 195952 211707 13  5 36 45  2	
 7 10      0 97477992  11732  70072    0    0 163376     0 197419 212510 14  5 35 44  2	
10  6      0 97477992  11732  70072    0    0 163280     8 195394 208633 14  4 35 45  2	
procs -----------memory---------- ---swap-- -----io---- --system-- -----cpu-----
 r  b   swpd   free   buff  cache   si   so    bi    bo   in   cs us sy id wa st
 8  8      0 97477992  11732  70072    0    0 163360     0 195682 210530 14  4 34 45  2	
12  6      0 97477992  11732  70072    0    0 163328     0 195385 210482 14  5 35 45  2	
 7 10      0 97477992  11740  70064    0    0 163344    24 196767 211898 14  3 36 45  2	
 9 10      0 97477992  11740  70072    0    0 163360     0 198055 214024 14  4 35 45  2	
13  4      0 97477992  11740  70072    0    0 163296     8 196744 211791 15  4 34 45  2	
12  5      0 97477992  11740  70072    0    0 163360     0 194015 211195 16  4 35 43  2	
 7  9      0 97477992  11740  70076    0    0 163376     0 196617 211058 14  4 35 46  2	
 8  9      0 97477992  11740  70076    0    0 163296     0 195671 213092 15  4 35 44  2	
13  5      0 97477992  11748  70080    0    0 163312    24 196017 212998 15  3 35 44  2	
 9  9      0 97477992  11748  70080    0    0 163376    24 196416 212503 14  4 36 44  2	
10  7      0 97477992  11748  70080    0    0 163344     0 196527 213440 14  4 35 44  2	
10  9      0 97477992  11748  70080    0    0 163360     0 193990 210792 14  4 35 45  2	
14  5      0 97477992  11748  70080    0    0 163264     0 195662 212507 14  4 35 45  2	
 8  9      0 97477992  11756  70072    0    0 163472    12 193970 210879 14  4 35 45  2	
 6 10      0 97477992  11756  70080    0    0 163312     0 194208 212786 14  4 34 45  2	
 4 12      0 97477992  11756  70080    0    0 163360     0 195743 210879 13  4 35 45  2	
10  9      0 97477992  11756  70080    0    0 163328     0 194926 211040 14  4 34 46  2	
12  5      0 97477992  11756  70080    0    0 163232     0 196038 211052 15  4 35 44  2	
 8  9      0 97477992  11756  70080    0    0 163456     0 199292 215775 14  3 36 44  2	
10  7      0 97477992  11764  70080    0    0 163312    12 198827 215045 15  4 35 44  2	
 3 13      0 97477992  11764  70080    0    0 163424     0 195893 211548 14  4 35 45  2	
procs -----------memory---------- ---swap-- -----io---- --system-- -----cpu-----
 r  b   swpd   free   buff  cache   si   so    bi    bo   in   cs us sy id wa st
11  7      0 97477992  11764  70080    0    0 163264     0 197142 213323 15  5 35 44  2	
 4 12      0 97477992  11764  70080    0    0 163408     0 196730 211223 13  5 36 45  2	
13  7      0 97477992  11764  70080    0    0 163280     0 196937 212318 14  4 35 45  2	
 8  9      0 97477992  11772  70072    0    0 163360    12 196682 213237 14  4 35 45  2	
 9  8      0 97477992  11772  70080    0    0 163280     0 195937 210408 13  4 35 45  2	
14  6      0 97477992  11772  70080    0    0 163328     0 197440 213081 14  4 36 44  2	
 7 11      0 97477992  11772  70080    0    0 163424     0 197772 214170 15  5 35 44  2	
 7 10      0 97477992  11772  70080    0    0 163312     0 194415 208982 14  4 35 45  2	
14  4      0 97477992  11772  70080    0    0 163264     0 197803 213670 15  4 35 44  2	
11  6      0 97477992  11780  70080    0    0 163408    12 196515 210849 14  4 35 46  2	
 7 10      0 97477992  11780  70080    0    0 163344     0 197475 215971 13  5 36 44  2	
11  6      0 97477992  11780  70080    0    0 163312     0 197676 213190 14  4 36 45  2	
12  6      0 97477992  11780  70080    0    0 163440     0 199082 214672 16  5 34 43  2	
 9  7      0 97477992  11780  70080    0    0 163312    16 197135 212392 13  4 35 46  2	
10  6      0 97477992  11788  70072    0    0 163408    28 194811 211440 14  4 35 45  2	
10  8      0 97477992  11788  70080    0    0 163248     0 195198 212449 15  5 35 43  2	
10  7      0 97477992  11788  70080    0    0 163376     0 198074 212879 15  5 34 44  2	
14  6      0 97477992  11788  70080    0    0 163376     0 197189 212116 14  4 35 45  2	
12  6      0 97477992  11788  70080    0    0 163184     0 197219 212947 14  4 35 45  2	
 8  8      0 97477992  11788  70080    0    0 163504     0 197427 212617 14  4 35 45  2	
 7 10      0 97477992  11796  70080    0    0 163392    12 193507 210477 13  4 35 46  2	
procs -----------memory---------- ---swap-- -----io---- --system-- -----cpu-----
 r  b   swpd   free   buff  cache   si   so    bi    bo   in   cs us sy id wa st
 9  7      0 97477992  11796  70084    0    0 163296     0 195415 211738 14  4 35 45  2	
13  5      0 97477992  11796  70084    0    0 163296     0 196434 212141 15  4 35 44  2	
 8  8      0 97477992  11796  70084    0    0 163408     0 196399 210295 14  4 34 46  2	
 6 11      0 97477992  11796  70084    0    0 163392    16 197707 213238 14  5 35 44  2	
11  6      0 97477992  11804  70076    0    0 163328    12 196611 212109 14  4 35 44  2	
 7 10      0 97477992  11804  70084    0    0 163360     0 197385 213873 15  4 35 45  2	
11  7      0 97477992  11804  70088    0    0 163344     0 198507 215373 15  5 35 43  2	
10  7      0 97477992  11804  70088    0    0 163344     0 197271 212870 14  5 35 44  2	
11  8      0 97477992  11804  70088    0    0 163360     0 197506 212604 14  4 35 45  2	
 6 11      0 97477992  11804  70088    0    0 163392     0 195422 211096 15  4 35 45  2	
 7  9      0 97477992  11812  70088    0    0 163312    12 195454 211526 14  3 36 46  2	
 8  9      0 97477992  11812  70088    0    0 163312     0 196152 210682 14  4 34 45  2	
 5 11      0 97477992  11812  70088    0    0 163408     0 196597 210157 13  4 35 46  2	
12  7      0 97477992  11812  70088    0    0 163296     0 196663 212165 14  4 35 45  2	
11  6      0 97477992  11812  70088    0    0 163296     0 196437 212989 14  4 35 45  2	
14  6      0 97477992  11820  70080    0    0 163344    12 199829 216210 15  4 35 43  2	
10  7      0 97477992  11820  70088    0    0 163344     0 194219 208477 13  4 35 46  2	
10  7      0 97477992  11820  70088    0    0 163344     0 196570 211004 14  3 35 45  2	
10  7      0 97477992  11820  70092    0    0 163344     0 196825 212520 15  4 35 45  2	
10 11      0 97477992  11820  70092    0    0 163344     0 197034 214426 15  4 35 43  2	
11  7      0 97477992  11820  70092    0    0 163344     0 199838 216803 16  4 35 43  2	
procs -----------memory---------- ---swap-- -----io---- --system-- -----cpu-----
 r  b   swpd   free   buff  cache   si   so    bi    bo   in   cs us sy id wa st
16  4      0 97477872  11828  70092    0    0 163360    16 197341 212284 14  4 35 46  2	
 8  7      0 97477872  11828  70092    0    0 163440     0 196751 211919 15  4 35 44  2	
10  6      0 97477872  11828  70092    0    0 163312    16 195354 211549 15  4 35 44  2	
13  6      0 97477872  11828  70092    0    0 163312     0 197465 211594 14  4 35 45  2	
10  8      0 97477872  11828  70092    0    0 163392     0 195505 211188 15  4 35 44  2	
 9  9      0 97477872  11836  70084    0    0 163360    28 195877 210971 12  4 36 46  2	
 9  9      0 97477872  11836  70084    0    0 163344     0 198123 214682 14  4 35 45  2	
 8  8      0 97477872  11836  70092    0    0 163248     0 199052 214636 15  3 35 44  2	
 9  9      0 97477872  11836  70092    0    0 163408     0 197250 212205 15  4 34 45  2	
10  9      0 97477872  11836  70092    0    0 163328     0 195487 209891 12  5 35 45  2	
 9 10      0 97477872  11836  70092    0    0 163344     0 195208 210281 14  4 35 46  2	
 7 10      0 97477872  11844  70092    0    0 163392    12 195298 209647 13  4 35 46  2	
 9 10      0 97477872  11844  70096    0    0 163296     0 198332 213614 14  4 35 45  2	
 9  8      0 97477872  11844  70096    0    0 163312     0 198158 214266 15  4 35 45  2	
 8  8      0 97477872  11844  70096    0    0 162096     0 192563 207571 15  4 34 45  2	
 6 11      0 97477872  11844  70096    0    0 164464     0 196610 211574 15  4 35 44  2	
 7 10      0 97477872  11852  70088    0    0 163472    12 196610 212363 15  4 35 44  2	
11  5      0 97477872  11852  70096    0    0 163296    20 194836 210010 14  4 36 45  2	
 7  9      0 97477872  11852  70096    0    0 163360     0 198329 213338 14  5 35 45  2	
 5 11      0 97477872  11852  70096    0    0 163360     0 195736 209884 14  4 35 45  2	
10  8      0 97477872  11852  70096    0    0 163408     0 197550 213473 14  4 36 44  2	
procs -----------memory---------- ---swap-- -----io---- --system-- -----cpu-----
 r  b   swpd   free   buff  cache   si   so    bi    bo   in   cs us sy id wa st
11  9      0 97477872  11852  70096    0    0 163328     8 195537 209807 13  4 35 46  2	
12  4      0 97477872  11860  70096    0    0 163312     4 197782 212755 15  4 35 44  2	
 8  8      0 97477872  11860  70096    0    0 163392     0 197194 213597 14  4 35 44  2	
 6 10      0 97477872  11860  70096    0    0 163376     0 198411 214363 15  4 36 44  2	
 9  7      0 97477872  11860  70096    0    0 163312     0 196748 210658 13  4 36 45  2	
 8  9      0 97477872  11860  70096    0    0 163328     0 195378 211179 14  4 35 45  2	
 5 11      0 97477872  11868  70096    0    0 163376    12 195690 214121 15  4 35 43  2	
 6 11      0 97477872  11868  70100    0    0 163264     8 197908 213598 15  4 35 44  2	
 4 12      0 97477872  11868  70100    0    0 163360     0 196985 213630 16  5 35 43  2	
 6 11      0 97477872  11868  70100    0    0 163312     0 193474 208681 15  4 35 45  2	
 4 13      0 97477872  11868  70100    0    0 163360     0 197873 213170 13  4 36 45  2	
 5 12      0 97477872  11876  70092    0    0 163328    24 196062 211433 14  4 35 45  2	
 9  7      0 97477744  11876  70100    0    0 163296     8 195961 211698 13  5 35 45  2	
14  7      0 97477744  11876  70100    0    0 163328     0 196158 210441 14  4 35 45  2	
 6 10      0 97477744  11876  70100    0    0 163392     0 197037 212310 14  4 35 44  2	
15  4      0 97477744  11876  70100    0    0 163280     0 194638 208284 13  5 35 46  2	
 5 11      0 97477744  11876  70100    0    0 163456     0 197743 212517 13  4 36 45  2	
 7  9      0 97477744  11884  70100    0    0 163312    36 196858 212374 14  4 36 44  2	
