procs -----------memory---------- ---swap-- -----io---- --system-- -----cpu-----
 r  b   swpd   free   buff  cache   si   so    bi    bo   in   cs us sy id wa st
 1  0      0 69362496  10380  73160    0    0   880  2263   35  112 22  5 68  5  0	
15  3      0 69334976  10380  73184    0    0 85056     0 160481 250139 44 14 27 14  1	
14  4      0 69334480  10388  73188    0    0 95504    52 151551 255794 48 15 18 18  1	
16  4      0 69334480  10388  73188    0    0 98000     0 146883 253656 50 14 17 17  1	
11  7      0 69334480  10388  73188    0    0 98896     0 147382 257071 51 15 17 16  1	
16  2      0 69334480  10388  73188    0    0 97696     0 149150 258311 49 15 17 17  1	
16  4      0 69334480  10388  73188    0    0 98448     0 149697 257783 50 15 17 17  1	
11  5      0 69334480  10388  73188    0    0 96560     0 146290 255553 51 13 17 17  1	
15  4      0 69334480  10396  73188    0    0 100192    20 146799 257808 50 16 17 16  1	
16  3      0 69334480  10396  73188    0    0 95712     0 149445 254494 49 14 18 18  1	
13  5      0 69334480  10396  73188    0    0 97600     0 148687 257107 49 15 18 17  1	
16  3      0 69334480  10396  73188    0    0 99792     0 146653 257826 51 15 17 16  1	
13  4      0 69334480  10396  73188    0    0 97120     0 146652 257016 51 15 17 16  1	
15  4      0 69334480  10404  73188    0    0 95872    20 143657 255026 51 15 17 16  1	
11  6      0 69334480  10404  73188    0    0 96112     0 147106 257536 50 15 17 15  1	
 9  7      0 69334480  10404  73188    0    0 97552     0 146548 257156 51 15 17 16  1	
19  2      0 69334480  10404  73188    0    0 97728     0 145927 257483 49 16 17 16  1	
10  6      0 69334480  10404  73188    0    0 97488     0 147261 257017 51 15 17 16  1	
19  3      0 69334480  10404  73188    0    0 97904     0 147840 257109 50 15 17 16  1	
17  3      0 69334480  10412  73188    0    0 97392    20 147847 257409 49 16 18 17  1	
14  5      0 69334480  10412  73188    0    0 97856     0 148293 257003 50 14 18 17  1	
procs -----------memory---------- ---swap-- -----io---- --system-- -----cpu-----
 r  b   swpd   free   buff  cache   si   so    bi    bo   in   cs us sy id wa st
14  4      0 69334480  10412  73188    0    0 95920     0 145218 256632 50 16 16 16  1	
15  3      0 69334480  10412  73188    0    0 97392     0 142860 257915 53 15 16 16  1	
16  3      0 69334480  10412  73188    0    0 95472     0 140731 252961 53 14 16 16  1	
12  5      0 69334480  10420  73188    0    0 98688    20 143703 257931 52 15 16 16  1	
19  1      0 69334480  10420  73188    0    0 97392     0 146831 257478 48 16 18 17  1	
14  3      0 69334480  10420  73188    0    0 97600     0 146344 257825 50 15 17 17  1	
16  3      0 69334480  10420  73188    0    0 99344     0 145483 257740 52 15 16 16  1	
16  2      0 69334480  10420  73188    0    0 98304    16 146586 257337 51 15 17 16  1	
13  4      0 69334480  10420  73188    0    0 98704     0 145521 257373 49 16 17 16  1	
12  4      0 69334480  10428  73188    0    0 98368    36 144046 257904 51 15 16 16  1	
16  3      0 69334480  10428  73188    0    0 96544     0 142875 256991 51 15 17 16  1	
14  3      0 69334480  10428  73188    0    0 98976     0 143103 258047 52 15 16 16  1	
16  5      0 69334480  10428  73192    0    0 97456    64 146076 254906 49 16 17 16  2	
13  5      0 69334480  10428  73192    0    0 98288     0 146987 255151 49 17 17 16  1	
11  5      0 69334480  10436  73192    0    0 97200    24 148365 256896 50 15 17 16  1	
18  2      0 69334480  10436  73192    0    0 96864     0 145782 257093 52 14 17 16  1	
13  5      0 69334480  10436  73192    0    0 96464     0 146005 256765 50 15 17 16  1	
19  1      0 69334480  10436  73192    0    0 99120     0 145941 257475 51 15 16 16  1	
16  3      0 69334480  10436  73192    0    0 97280     0 144443 256681 50 15 17 16  1	
15  3      0 69334480  10436  73192    0    0 96192     0 144317 255694 50 15 17 17  1	
15  3      0 69334480  10444  73192    0    0 99376    12 141679 257973 51 16 16 16  1	
procs -----------memory---------- ---swap-- -----io---- --system-- -----cpu-----
 r  b   swpd   free   buff  cache   si   so    bi    bo   in   cs us sy id wa st
15  3      0 69334480  10444  73192    0    0 100048     0 146839 257573 50 15 17 17  1	
14  4      0 69334480  10444  73196    0    0 96768     0 145954 255707 51 14 17 16  1	
16  3      0 69334480  10444  73196    0    0 98864     0 142744 258125 52 16 16 16  1	
13  5      0 69334480  10444  73196    0    0 99904     0 142872 252574 49 16 17 17  1	
16  2      0 69334480  10452  73196    0    0 99056    12 145960 257899 51 16 16 16  1	
15  4      0 69334480  10452  73196    0    0 100000     0 147537 256698 50 14 17 17  1	
17  2      0 69334480  10452  73196    0    0 97792     0 143244 258214 51 16 16 16  1	
15  3      0 69334480  10452  73196    0    0 99648     0 145164 256582 51 15 17 16  1	
13  5      0 69334480  10452  73196    0    0 100144     0 148986 257430 50 15 17 16  1	
10  8      0 69334480  10452  73196    0    0 99360     0 148353 257510 51 14 17 17  1	
15  2      0 69334352  10460  73196    0    0 97744    12 142929 258121 52 15 16 16  1	
14  3      0 69334352  10460  73196    0    0 97552     0 141302 256219 51 16 16 16  1	
14  0      0 69334352  10460  73196    0    0 98144     0 148439 257240 49 15 18 16  1	
14  6      0 69334352  10460  73196    0    0 98016     0 149831 255282 48 16 18 17  1	
20  3      0 69334352  10460  73196    0    0 96176     0 146784 256383 51 15 17 16  1	
13  3      0 69334352  10468  73196    0    0 97536    12 145255 257440 51 15 17 16  1	
19  3      0 69334352  10468  73196    0    0 99904     0 148287 257296 50 15 17 17  1	
15  4      0 69334352  10468  73196    0    0 97904     0 145413 257941 50 17 16 16  1	
15  1      0 69334352  10468  73196    0    0 96496     0 142582 253451 49 15 17 18  1	
14  4      0 69334352  10468  73196    0    0 96832     0 147109 257101 50 16 17 17  1	
18  1      0 69334352  10468  73196    0    0 96944     0 147913 257186 51 14 18 16  1	
procs -----------memory---------- ---swap-- -----io---- --system-- -----cpu-----
 r  b   swpd   free   buff  cache   si   so    bi    bo   in   cs us sy id wa st
15  5      0 69334352  10476  73196    0    0 97392    12 144263 255580 51 16 17 16  1	
13  4      0 69334352  10476  73196    0    0 98368    12 147037 257455 51 15 17 16  1	
15  4      0 69334352  10476  73196    0    0 99152     0 145992 257214 50 15 17 16  1	
14  3      0 69334352  10476  73196    0    0 96592     0 147168 256773 49 16 17 17  1	
11  6      0 69334352  10476  73200    0    0 96496     0 148366 256761 49 16 17 17  1	
11  5      0 69334352  10484  73200    0    0 99296    20 148672 257290 49 15 18 17  1	
12  4      0 69334352  10484  73200    0    0 96000    12 142901 254846 50 16 17 17  1	
18  0      0 69334352  10484  73200    0    0 98800     0 149298 257366 50 14 17 17  1	
18  3      0 69334352  10484  73200    0    0 97856     0 145273 257552 51 15 17 16  1	
14  4      0 69334352  10484  73200    0    0 95648     0 148211 256829 52 14 17 16  1	
16  3      0 69334352  10484  73200    0    0 96240     0 144012 254036 50 16 17 16  1	
12  5      0 69334352  10492  73200    0    0 97472    12 145632 256915 50 16 17 16  1	
14  3      0 69334352  10492  73200    0    0 96528     0 145426 257647 52 14 16 16  1	
11  7      0 69334352  10492  73200    0    0 97056     0 146483 256962 51 16 16 16  1	
14  5      0 69334352  10492  73200    0    0 96864     0 147430 257886 50 16 17 16  1	
17  2      0 69334352  10492  73200    0    0 97968     0 146791 257328 51 14 17 16  1	
12  4      0 69334352  10500  73200    0    0 94720    12 144833 257388 51 15 16 16  1	
11  7      0 69334352  10500  73200    0    0 96528     0 145147 257756 51 15 17 16  1	
17  3      0 69334352  10500  73200    0    0 99024     0 146503 257511 51 15 17 17  1	
13  4      0 69334352  10500  73200    0    0 97152     0 145821 257484 51 15 17 16  1	
12  5      0 69334352  10500  73200    0    0 96640     0 146383 254811 50 14 18 17  1	
procs -----------memory---------- ---swap-- -----io---- --system-- -----cpu-----
 r  b   swpd   free   buff  cache   si   so    bi    bo   in   cs us sy id wa st
16  4      0 69334352  10500  73200    0    0 99776     0 147964 257223 50 15 17 16  1	
15  3      0 69334352  10508  73204    0    0 97408    16 142617 257210 51 15 16 16  1	
13  5      0 69334352  10508  73204    0    0 99248     0 143762 257982 52 15 16 16  1	
19  2      0 69334352  10508  73204    0    0 98256     0 143498 254913 49 17 17 16  1	
12  6      0 69334352  10508  73204    0    0 95632     0 142197 253797 51 16 17 16  1	
13  4      0 69334352  10508  73204    0    0 96384     0 146832 257138 50 16 17 16  1	
11  7      0 69334352  10516  73204    0    0 97408    12 146324 256951 50 16 17 16  1	
14  4      0 69334352  10516  73204    0    0 94400     0 147938 253950 49 15 18 18  1	
13  4      0 69334352  10516  73204    0    0 99920     0 144993 257708 50 16 17 16  1	
16  2      0 69334352  10516  73204    0    0 94784     0 145447 253975 52 13 17 16  1	
17  5      0 69333984  10516  73204    0    0 98288     0 147834 257899 49 16 17 17  1	
13  6      0 69333984  10516  73204    0    0 97664    16 144870 257428 51 16 16 16  1	
14  4      0 69333984  10524  73204    0    0 95952    28 145826 258224 50 16 17 16  1	
14  2      0 69333984  10524  73204    0    0 95920     0 142735 257304 52 14 17 16  1	
 9  9      0 69333984  10524  73204    0    0 99072     0 148166 257434 49 16 17 16  1	
15  4      0 69333984  10524  73204    0    0 96576     0 146750 256153 49 16 17 17  1	
14  4      0 69333984  10524  73208    0    0 99104     0 147175 257428 49 16 17 16  1	
14  5      0 69333984  10532  73208    0    0 97088    12 147355 257075 50 16 17 16  1	
17  7      0 69333984  10532  73208    0    0 97536     0 149633 257200 49 15 18 17  1	
13  4      0 69333984  10532  73208    0    0 97152     0 147611 255911 48 17 17 17  1	
18  2      0 69333984  10532  73208    0    0 98096     0 148678 257047 50 15 18 17  1	
procs -----------memory---------- ---swap-- -----io---- --system-- -----cpu-----
 r  b   swpd   free   buff  cache   si   so    bi    bo   in   cs us sy id wa st
12  6      0 69333984  10532  73208    0    0 94528    20 144388 254525 51 15 17 16  1	
14  5      0 69333984  10532  73208    0    0 97056     0 150190 257448 51 15 17 16  1	
14  4      0 69333984  10540  73208    0    0 98160    12 145498 255704 50 16 16 16  1	
15  4      0 69333984  10540  73208    0    0 94640     0 147233 257258 51 14 17 17  1	
15  2      0 69333984  10540  73208    0    0 94640     0 150196 256299 48 15 18 17  1	
11  5      0 69333984  10540  73208    0    0 96688     0 147038 257398 49 17 17 16  1	
13  5      0 69333984  10540  73208    0    0 97808     0 149770 256545 49 15 18 17  1	
12  6      0 69333984  10548  73208    0    0 100496    12 146798 257335 49 15 17 17  1	
18  1      0 69333984  10548  73208    0    0 98576     0 146598 254541 50 15 17 16  1	
15  5      0 69333984  10548  73208    0    0 97296     0 145291 255911 51 15 17 16  1	
13  4      0 69333984  10548  73208    0    0 98304     4 146826 256798 50 16 17 16  1	
16  2      0 69333984  10548  73208    0    0 96880     0 147182 256891 51 15 17 16  1	
 9  7      0 69333984  10548  73208    0    0 98400     0 146642 257697 50 15 17 16  1	
12  6      0 69333984  10556  73208    0    0 96640    12 148128 257093 50 15 17 17  1	
15  2      0 69333984  10556  73208    0    0 98208     0 147691 256273 49 16 17 17  1	
18  1      0 69333984  10556  73208    0    0 96976     0 148187 256683 50 14 18 16  1	
16  2      0 69333984  10556  73208    0    0 95344     0 146294 257100 50 15 17 16  1	
12  4      0 69333984  10556  73208    0    0 98960     0 145883 257336 51 16 17 16  1	
14  4      0 69333856  10564  73208    0    0 99712    12 144714 255171 49 16 17 17  1	
15  4      0 69333856  10564  73208    0    0 98032     0 144669 257261 50 16 16 16  1	
11  6      0 69333856  10564  73208    0    0 97360    12 145450 257333 51 15 17 16  1	
procs -----------memory---------- ---swap-- -----io---- --system-- -----cpu-----
 r  b   swpd   free   buff  cache   si   so    bi    bo   in   cs us sy id wa st
21  0      0 69333856  10564  73208    0    0 97744     0 147871 254054 48 15 18 18  1	
20  1      0 69333856  10564  73212    0    0 97856     0 145004 257187 51 15 16 16  1	
14  4      0 69333856  10564  73212    0    0 99264     0 144706 257585 51 15 17 16  1	
13  4      0 69333856  10572  73212    0    0 97888    12 145480 257686 51 15 16 16  1	
13  4      0 69333856  10572  73212    0    0 100240     0 146588 257502 51 15 17 16  1	
19  2      0 69333856  10572  73212    0    0 97408     8 142428 257657 51 17 16 15  1	
17  2      0 69333856  10572  73212    0    0 97648     0 144325 257463 50 16 17 16  1	
14  5      0 69333856  10572  73216    0    0 96416     0 139332 252835 52 16 16 16  1	
11  7      0 69333856  10580  73216    0    0 96272    20 144581 256743 51 14 17 16  1	
14  3      0 69333856  10580  73216    0    0 99904     0 142986 256937 52 15 16 16  1	
19  2      0 69333856  10580  73216    0    0 98816     0 144415 257791 52 15 16 16  1	
14  4      0 69333856  10580  73216    0    0 99760     0 145486 257473 51 15 16 16  1	
19  1      0 69333856  10580  73216    0    0 97344     0 142676 257695 51 16 16 15  1	
13  6      0 69333856  10580  73216    0    0 99120     0 145653 257018 48 16 18 17  1	
14  4      0 69333856  10588  73216    0    0 100464    12 144931 257432 50 17 16 16  1	
12  5      0 69333856  10588  73216    0    0 97728     8 144313 256807 52 15 17 15  1	
16  5      0 69333856  10588  73216    0    0 96576     0 145382 257080 49 16 17 16  1	
17  3      0 69333856  10588  73216    0    0 97584     0 143372 255053 51 15 16 17  1	
16  2      0 69333856  10596  73208    0    0 96320    12 151109 255595 48 15 18 18  1	
14  4      0 69333856  10596  73216    0    0 94448     0 143583 253289 51 15 17 17  1	
13  6      0 69333856  10596  73216    0    0 94400     0 149543 254638 50 13 18 17  1	
procs -----------memory---------- ---swap-- -----io---- --system-- -----cpu-----
 r  b   swpd   free   buff  cache   si   so    bi    bo   in   cs us sy id wa st
16  2      0 69333856  10596  73216    0    0 95904     0 146502 254502 50 15 17 17  1	
 8  9      0 69333856  10596  73216    0    0 96256     0 145795 257385 50 16 17 17  1	
14  2      0 69333856  10596  73216    0    0 96320     0 145486 256959 50 16 17 17  1	
17  2      0 69333856  10604  73216    0    0 95504    12 148722 255045 48 15 17 18  1	
18  2      0 69333856  10604  73216    0    0 96720     0 147023 257149 51 15 17 17  1	
13  3      0 69333856  10604  73216    0    0 97472     0 148123 256987 50 15 17 17  1	
13  5      0 69333856  10604  73216    0    0 94720     0 147544 248300 48 15 18 18  1	
13  7      0 69333856  10604  73216    0    0 98224     0 145902 256893 50 16 17 16  1	
14  3      0 69333856  10612  73208    0    0 97872    12 147261 256972 50 15 17 17  1	
15  2      0 69333856  10612  73216    0    0 97984     8 147622 257297 50 16 17 16  1	
15  4      0 69333856  10612  73216    0    0 98064     0 145920 256797 49 16 17 16  1	
14  5      0 69333856  10612  73216    0    0 97424     0 146111 256847 52 14 17 16  1	
13  3      0 69333856  10612  73216    0    0 96320     0 147155 256259 50 15 17 17  1	
14  5      0 69333856  10612  73216    0    0 97264     0 146341 257740 50 16 17 16  1	
14  5      0 69333856  10620  73216    0    0 96448    20 147891 257463 51 14 18 16  1	
14  4      0 69333856  10620  73216    0    0 95536     0 147994 257167 51 14 17 17  1	
15  5      0 69333856  10620  73216    0    0 96576     0 149848 256064 48 15 19 17  1	
11  6      0 69333856  10620  73216    0    0 97792     0 147489 257635 49 17 17 16  1	
16  3      0 69333856  10620  73216    0    0 95792     0 146951 256182 49 15 18 16  1	
12  5      0 69333856  10628  73208    0    0 96080    28 151072 256275 49 15 18 17  1	
12  6      0 69333856  10628  73220    0    0 97440     0 149181 256489 51 14 17 17  1	
procs -----------memory---------- ---swap-- -----io---- --system-- -----cpu-----
 r  b   swpd   free   buff  cache   si   so    bi    bo   in   cs us sy id wa st
11  7      0 69333856  10628  73220    0    0 95328     0 147823 256788 50 15 17 17  1	
19  2      0 69333856  10628  73220    0    0 93968     0 146208 253293 51 14 18 17  1	
13  5      0 69333856  10628  73224    0    0 98608     0 146467 257242 49 16 17 17  1	
15  3      0 69333856  10628  73224    0    0 98928     0 151072 257193 49 15 18 17  1	
18  1      0 69333856  10636  73224    0    0 97552    12 150000 256362 49 14 18 17  1	
13  5      0 69333856  10636  73224    0    0 95920     0 147184 254241 49 15 17 17  1	
14  3      0 69333856  10636  73224    0    0 97616     0 149788 255526 50 15 18 17  1	
17  3      0 69333856  10636  73224    0    0 96656     0 146145 257381 49 16 17 16  1	
14  5      0 69333856  10636  73224    0    0 98736     0 147476 257632 50 14 18 17  1	
18  0      0 69333856  10644  73220    0    0 98096    24 148032 256880 50 14 18 16  1	
17  0      0 69333856  10644  73224    0    0 99952     0 145950 256896 51 15 17 16  1	
17  4      0 69333856  10644  73224    0    0 97200     0 144552 257159 51 16 16 16  1	
16  2      0 69333856  10644  73224    0    0 96592     0 142565 257740 51 16 16 16  1	
15  4      0 69333856  10644  73224    0    0 98208     0 143321 257519 52 16 16 16  1	
15  4      0 69333856  10644  73224    0    0 98320     0 143028 257613 51 16 16 16  1	
16  1      0 69333856  10652  73224    0    0 100016    12 144452 255341 51 15 16 16  1	
14  3      0 69333856  10652  73224    0    0 97600     0 145395 257709 51 15 16 16  1	
17  3      0 69333856  10652  73224    0    0 95568     0 148412 257343 49 16 17 17  1	
20  1      0 69333856  10652  73224    0    0 95840     0 146380 256890 50 15 17 16  1	
14  4      0 69333856  10656  73224    0    0 95856     8 146203 256982 50 15 17 16  1	
13  6      0 69333856  10664  73216    0    0 97328    28 146310 257275 51 15 17 16  1	
procs -----------memory---------- ---swap-- -----io---- --system-- -----cpu-----
 r  b   swpd   free   buff  cache   si   so    bi    bo   in   cs us sy id wa st
17  3      0 69333856  10664  73224    0    0 100096     0 146107 257232 51 14 17 17  1	
14  3      0 69333856  10664  73224    0    0 97424     0 147037 256810 50 16 17 16  1	
10  8      0 69333856  10664  73224    0    0 97536     0 145173 256862 50 15 17 16  1	
20  1      0 69333856  10664  73224    0    0 94272     0 141036 254061 50 15 16 17  1	
17  4      0 69333856  10664  73224    0    0 97520     0 143987 253795 52 14 17 16  1	
17  2      0 69333856  10672  73224    0    0 97904    16 142515 256617 51 16 16 15  1	
10  9      0 69333856  10672  73224    0    0 98992     0 146368 256159 49 16 17 16  1	
16  0      0 69333856  10672  73224    0    0 97536     0 144963 257691 50 16 17 16  1	
16  3      0 69333856  10676  73220    0    0 99152     8 144129 258038 53 14 16 16  1	
13  5      0 69333856  10676  73224    0    0 100000     0 143225 257858 50 16 16 16  1	
16  4      0 69333856  10684  73216    0    0 100320    28 144160 257455 49 17 16 16  1	
16  1      0 69333856  10684  73228    0    0 99504     0 144529 257707 49 17 17 16  1	
14  5      0 69333856  10684  73228    0    0 99616     0 146429 257475 50 16 17 16  1	
17  2      0 69333856  10684  73228    0    0 98688     0 145018 256954 50 15 17 17  1	
15  3      0 69333856  10684  73228    0    0 97264     0 145946 253923 48 17 17 17  1	
17  4      0 69333856  10684  73228    0    0 96208     0 144644 255053 51 15 17 16  1	
11  6      0 69333856  10692  73228    0    0 96576    12 143651 254293 48 15 18 18  1	
18  2      0 69333856  10692  73228    0    0 96608     0 148164 257567 49 15 18 17  1	
14  4      0 69333856  10692  73228    0    0 97520     0 147446 256894 49 15 18 17  1	
19  3      0 69333856  10692  73228    0    0 97072     0 144776 257261 51 16 16 16  1	
15  4      0 69333856  10692  73228    0    0 97792     0 144186 257469 51 15 16 16  1	
procs -----------memory---------- ---swap-- -----io---- --system-- -----cpu-----
 r  b   swpd   free   buff  cache   si   so    bi    bo   in   cs us sy id wa st
10  6      0 69333856  10700  73220    0    0 95584    12 149778 256947 48 15 19 17  1	
13  5      0 69333856  10700  73228    0    0 95904     0 144787 257527 51 15 17 16  1	
11  7      0 69333856  10700  73228    0    0 95872    24 149700 256026 48 15 19 17  1	
14  5      0 69333856  10700  73232    0    0 95792     0 144961 252060 48 16 17 17  1	
15  4      0 69333856  10700  73232    0    0 96448     0 151208 257063 49 15 18 17  1	
13  5      0 69333856  10700  73232    0    0 98544     0 144173 257021 50 16 16 17  1	
15  3      0 69333856  10708  73232    0    0 95504    12 148480 256799 50 15 17 17  1	
11  5      0 69333856  10708  73232    0    0 94752     0 146569 256778 50 15 17 16  1	
16  4      0 69333856  10708  73232    0    0 96656     8 150457 256679 48 15 19 18  1	
14  2      0 69333856  10708  73232    0    0 94816     0 145799 252103 49 15 18 17  1	
13  7      0 69333856  10708  73232    0    0 98368     0 150515 255951 49 14 18 17  1	
14  3      0 69333856  10716  73224    0    0 94608    24 146662 256270 50 15 17 17  1	
14  4      0 69333856  10716  73232    0    0 96656     0 150523 256056 51 14 18 17  1	
15  5      0 69333856  10716  73232    0    0 96352     4 149747 254456 47 15 19 18  1	
13  4      0 69333856  10716  73232    0    0 98048     0 147397 257053 49 16 16 17  1	
18  1      0 69333856  10716  73232    0    0 94784     0 147497 256010 49 16 18 16  1	
15  3      0 69333856  10716  73232    0    0 97360     0 145330 257581 50 15 17 16  1	
11  5      0 69333856  10724  73232    0    0 98144    12 147882 257087 49 15 18 16  1	
14  7      0 69333856  10724  73232    0    0 97984     8 146169 256095 49 15 17 17  1	
13  5      0 69333856  10724  73232    0    0 96976     0 145076 256953 50 15 17 16  1	
17  2      0 69333856  10724  73232    0    0 96816     0 145749 253521 49 15 17 17  1	
procs -----------memory---------- ---swap-- -----io---- --system-- -----cpu-----
 r  b   swpd   free   buff  cache   si   so    bi    bo   in   cs us sy id wa st
16  2      0 69333856  10724  73232    0    0 99200     0 149254 256831 49 15 18 17  1	
11  6      0 69333856  10732  73224    0    0 99152    24 147190 257231 50 16 17 16  1	
16  5      0 69333856  10732  73236    0    0 95904     0 139373 253903 51 16 16 16  1	
15  5      0 69333856  10732  73236    0    0 98256     0 145527 256034 51 15 17 16  1	
17  2      0 69333856  10732  73236    0    0 96992     0 143851 255610 51 16 16 16  1	
15  4      0 69333856  10732  73236    0    0 97872     0 148538 257416 50 15 18 17  1	
17  3      0 69333856  10732  73236    0    0 98576     0 146158 257573 50 16 17 16  1	
13  5      0 69333856  10740  73236    0    0 98000    12 143819 256916 52 14 17 16  1	
16  4      0 69333856  10740  73236    0    0 98592     0 144652 257323 52 15 16 16  1	
16  3      0 69333856  10740  73236    0    0 100176     0 145734 257514 50 15 17 16  1	
14  3      0 69333856  10740  73236    0    0 98000     0 144439 257484 51 15 16 16  1	
13  4      0 69333856  10740  73236    0    0 99136     0 142834 257954 51 16 16 16  1	
15  2      0 69333856  10748  73228    0    0 97104    12 143233 253696 52 14 17 15  1	
12  7      0 69333856  10748  73236    0    0 99024     0 144978 257686 51 14 17 16  1	
17  4      0 69333856  10748  73236    0    0 95920     0 148609 256704 49 15 18 17  1	
14  3      0 69333856  10748  73236    0    0 98016     0 149818 256952 48 15 18 17  1	
14  3      0 69333856  10748  73236    0    0 95920     0 148419 257095 50 15 18 16  1	
14  2      0 69333856  10748  73236    0    0 95056    16 147458 257345 50 15 17 17  1	
16  3      0 69333856  10756  73236    0    0 98496    12 146449 256795 50 15 17 17  1	
12  4      0 69333856  10756  73236    0    0 100176     0 147844 257476 50 15 17 17  1	
15  3      0 69333856  10756  73236    0    0 96688     0 148467 256818 50 14 18 16  1	
procs -----------memory---------- ---swap-- -----io---- --system-- -----cpu-----
 r  b   swpd   free   buff  cache   si   so    bi    bo   in   cs us sy id wa st
16  3      0 69333856  10756  73236    0    0 96576     0 148485 257248 51 14 17 17  1	
11  6      0 69333856  10756  73236    0    0 97504     4 146403 255102 51 14 17 17  1	
15  4      0 69333856  10764  73236    0    0 98432    12 150503 257641 49 14 18 17  1	
16  2      0 69333856  10764  73236    0    0 95376     0 146344 256712 51 15 17 16  1	
16  4      0 69333856  10764  73240    0    0 96144     0 148554 256556 49 14 18 17  1	
14  2      0 69333856  10764  73240    0    0 98144     0 149195 256794 50 14 17 17  1	
12  5      0 69333856  10764  73240    0    0 97456     0 150233 256566 49 15 18 17  1	
12  4      0 69333856  10764  73240    0    0 96160     8 143939 257666 51 15 17 16  1	
12  6      0 69333856  10772  73240    0    0 97104    24 148962 256885 48 16 18 16  1	
16  2      0 69333856  10772  73240    0    0 95632     0 147089 257361 51 15 17 16  1	
16  4      0 69333856  10772  73240    0    0 94592     0 149665 256619 49 15 18 17  1	
14  4      0 69333856  10772  73240    0    0 93200     0 148368 252819 51 13 18 17  1	
14  5      0 69331504  10772  73244    0    0 96576     0 148605 252051 50 14 17 17  1	
10  6      0 69331504  10780  73236    0    0 95040    20 146785 256785 52 14 17 16  1	
14  4      0 69331504  10780  73244    0    0 95248     0 150171 257034 49 15 18 17  1	
12  4      0 69331504  10780  73248    0    0 95536     0 150899 255874 49 15 18 17  1	
14  5      0 69331504  10780  73248    0    0 96128     0 152289 256258 50 14 18 17  1	
13  4      0 69331504  10780  73248    0    0 98096     0 152757 256601 48 14 19 18  1	
18  3      0 69331504  10780  73248    0    0 97184     0 152509 256531 50 14 18 17  1	
10  6      0 69331504  10788  73248    0    0 96080    12 152240 256442 48 15 19 17  1	
14  5      0 69331504  10788  73248    0    0 96080     0 148655 256789 51 14 17 17  1	
procs -----------memory---------- ---swap-- -----io---- --system-- -----cpu-----
 r  b   swpd   free   buff  cache   si   so    bi    bo   in   cs us sy id wa st
13  4      0 69331536  10788  73248    0    0 96512     0 148882 254947 49 14 18 17  1	
12  4      0 69331536  10788  73248    0    0 94208     0 150932 256894 48 15 18 17  1	
16  2      0 69331536  10788  73248    0    0 97360     0 151800 256509 49 15 18 17  1	
18  3      0 69331536  10796  73240    0    0 96176    12 147858 257326 49 16 17 16  1	
10  8      0 69331536  10796  73248    0    0 97264     0 147452 256782 50 15 17 17  1	
 9  7      0 69331536  10796  73248    0    0 98864     0 147333 257362 49 15 18 16  1	
13  5      0 69331536  10796  73248    0    0 95872    20 145431 256379 50 15 17 16  1	
12  6      0 69331536  10796  73248    0    0 96080     0 148669 257251 49 15 17 17  1	
15  3      0 69331536  10796  73248    0    0 98864     0 151987 257338 47 16 18 17  1	
16  3      0 69331536  10804  73248    0    0 96656    12 147588 257794 49 16 17 17  1	
11  5      0 69331536  10804  73248    0    0 95328     0 146413 254060 50 15 17 16  1	
18  2      0 69331536  10804  73248    0    0 97024     8 146789 257344 51 15 17 16  1	
14  2      0 69331536  10804  73248    0    0 96128     0 147145 255831 50 14 18 17  1	
13  4      0 69331536  10804  73248    0    0 97344     0 145837 257125 50 15 17 17  1	
13  5      0 69331536  10812  73240    0    0 99744    24 148579 256310 50 14 17 17  1	
12  5      0 69331536  10812  73248    0    0 97872     0 148136 257324 50 14 17 17  1	
15  3      0 69331536  10812  73248    0    0 95296     0 144947 253359 50 15 18 16  1	
16  2      0 69331536  10812  73248    0    0 94064     0 144969 253565 49 14 17 18  1	
14  5      0 69331536  10812  73248    0    0 97616     0 144001 257365 51 15 16 17  1	
11  7      0 69331536  10812  73248    0    0 97792     0 152333 256858 48 16 18 17  1	
17  2      0 69331536  10820  73248    0    0 98704    12 148644 254760 49 15 17 17  1	
procs -----------memory---------- ---swap-- -----io---- --system-- -----cpu-----
 r  b   swpd   free   buff  cache   si   so    bi    bo   in   cs us sy id wa st
17  4      0 69331536  10820  73248    0    0 97024    20 150374 256931 49 14 18 17  1	
19  3      0 69331536  10820  73248    0    0 95856     0 148230 256613 49 15 18 17  1	
17  1      0 69331536  10820  73248    0    0 96832     0 147092 257388 50 16 17 16  1	
15  4      0 69331536  10820  73248    0    0 97728     0 145853 257183 50 15 17 16  1	
13  4      0 69331536  10828  73240    0    0 97904    36 148895 257125 49 15 18 17  1	
17  2      0 69331536  10828  73252    0    0 95632     0 147533 257367 49 16 17 17  1	
11  6      0 69331536  10828  73256    0    0 99200     0 149240 257146 50 15 18 17  1	
13  4      0 69331536  10828  73256    0    0 96384     0 145847 257071 52 13 17 17  1	
15  4      0 69331536  10828  73256    0    0 96368     0 146087 257058 51 15 17 16  1	
14  4      0 69331536  10828  73256    0    0 97200     0 144854 255948 52 14 16 16  1	
16  4      0 69331536  10836  73256    0    0 97808    12 147067 256957 50 15 17 17  1	
14  4      0 69331536  10836  73256    0    0 97584     0 150064 256824 48 15 18 17  1	
14  6      0 69331536  10836  73256    0    0 95376     0 150343 256826 50 15 18 16  1	
16  6      0 69331536  10836  73256    0    0 98880     0 150047 256568 48 16 18 17  1	
14  5      0 69331536  10836  73256    0    0 97696     0 150327 257000 49 15 17 17  1	
12  6      0 69331536  10844  73248    0    0 95616    12 147292 253634 50 14 18 16  1	
12  6      0 69331536  10844  73256    0    0 95760     0 148330 256885 50 16 17 17  1	
 9  8      0 69331536  10844  73256    0    0 98160     0 146694 257353 50 15 17 17  1	
16  2      0 69331536  10844  73256    0    0 98432     0 147857 257392 50 15 17 17  1	
15  3      0 69331536  10844  73256    0    0 97456     0 145865 254008 49 16 17 16  1	
13  6      0 69331536  10844  73256    0    0 98208     0 147759 257668 50 15 17 17  1	
procs -----------memory---------- ---swap-- -----io---- --system-- -----cpu-----
 r  b   swpd   free   buff  cache   si   so    bi    bo   in   cs us sy id wa st
14  5      0 69331536  10852  73260    0    0 98672    60 147295 257791 50 16 17 16  1	
12  4      0 69331536  10852  73260    0    0 98544     0 146290 257697 50 15 17 17  1	
17  2      0 69331536  10852  73260    0    0 97840     0 144762 257915 51 16 17 16  1	
11  5      0 69331536  10852  73260    0    0 99184     0 147167 257499 50 15 17 17  1	
16  5      0 69331536  10852  73260    0    0 97840     0 147657 257320 51 14 17 16  1	
11  6      0 69331536  10860  73260    0    0 94816    24 147643 257551 51 14 17 16  1	
15  3      0 69331536  10860  73260    0    0 94944     0 148314 256775 49 15 18 16  1	
13  7      0 69331536  10860  73260    0    0 93680     0 152441 256888 48 15 18 18  1	
19  1      0 69331536  10860  73260    0    0 96880     0 149746 253139 49 14 19 17  1	
16  3      0 69331536  10860  73260    0    0 96096     0 151021 255078 50 13 18 18  1	
12  5      0 69331536  10868  73252    0    0 96816    32 149277 257447 50 14 18 17  1	
15  3      0 69331536  10868  73260    0    0 98112     0 146403 257067 50 15 17 17  1	
13  4      0 69331536  10868  73260    0    0 98464     0 147956 257262 49 15 17 17  1	
12  6      0 69331536  10868  73260    0    0 97360     0 148506 257457 51 14 18 17  1	
14  3      0 69331536  10868  73260    0    0 94624     0 148843 257367 49 15 17 17  1	
18  2      0 69331536  10868  73260    0    0 96768     0 156875 255902 46 15 19 18  1	
13  7      0 69331536  10876  73260    0    0 95072    12 155170 256023 46 16 19 17  1	
16  3      0 69331536  10876  73260    0    0 95968     0 153015 256367 48 14 19 18  1	
13  3      0 69331536  10876  73264    0    0 93200     0 150864 249598 47 15 19 18  1	
16  2      0 69331536  10876  73264    0    0 94896     0 150380 256679 49 15 18 17  1	
18  1      0 69331536  10876  73264    0    0 95296     0 154198 256630 49 14 18 18  1	
procs -----------memory---------- ---swap-- -----io---- --system-- -----cpu-----
 r  b   swpd   free   buff  cache   si   so    bi    bo   in   cs us sy id wa st
13  4      0 69331536  10884  73256    0    0 96112    12 152411 255976 49 14 18 17  2	
14  3      0 69331536  10884  73264    0    0 98160     0 149497 256208 50 14 18 18  1	
16  4      0 69331536  10884  73264    0    0 97504     0 151845 256991 48 16 18 17  1	
14  4      0 69331536  10884  73264    0    0 97072     0 146366 256311 50 14 18 16  1	
14  3      0 69331536  10884  73264    0    0 98320     0 147909 257103 49 15 17 17  1	
12  6      0 69331536  10884  73268    0    0 97088     0 146771 257435 50 16 16 16  1	
13  6      0 69331536  10892  73268    0    0 96944    12 147438 257417 51 15 17 16  1	
16  4      0 69331536  10892  73268    0    0 95184     0 148690 255488 49 15 17 17  1	
11  7      0 69331536  10892  73268    0    0 99984     0 148687 257592 49 16 17 17  1	
15  4      0 69331536  10892  73268    0    0 95200    16 146552 256319 50 15 17 17  1	
18  2      0 69331536  10892  73268    0    0 98080     0 151462 256499 49 14 19 17  1	
15  3      0 69331536  10900  73260    0    0 96432    32 146215 256595 49 16 17 16  1	
12  4      0 69331536  10900  73268    0    0 100144     0 148981 257305 50 15 17 17  1	
18  4      0 69331536  10900  73268    0    0 94432     0 142109 253082 50 15 17 16  1	
12  6      0 69331536  10900  73268    0    0 98176     0 148646 256195 49 16 17 17  1	
14  4      0 69331536  10900  73268    0    0 96240    28 146586 256965 50 15 17 16  1	
16  4      0 69331536  10900  73268    0    0 97856     0 147563 257055 50 15 17 17  1	
13  5      0 69331536  10908  73268    0    0 94640    12 146412 252839 50 14 18 17  1	
17  2      0 69331536  10908  73268    0    0 96608     0 149361 256682 49 16 17 17  1	
15  3      0 69331536  10908  73268    0    0 98400     0 149097 256031 49 15 18 17  1	
15  4      0 69331536  10908  73268    0    0 96736     8 146892 257270 50 15 17 16  1	
procs -----------memory---------- ---swap-- -----io---- --system-- -----cpu-----
 r  b   swpd   free   buff  cache   si   so    bi    bo   in   cs us sy id wa st
13  5      0 69331536  10908  73268    0    0 99712     0 147825 257179 50 15 17 17  1	
17  1      0 69331536  10916  73260    0    0 96784    24 148307 257148 48 16 18 17  1	
10  6      0 69331536  10916  73268    0    0 95296     0 148956 256965 48 17 18 17  1	
15  5      0 69331536  10916  73268    0    0 96272     0 150612 256493 49 15 18 17  1	
15  4      0 69331536  10916  73268    0    0 96528     0 150765 256538 49 15 18 17  1	
11  7      0 69331536  10916  73268    0    0 98528     0 148562 256895 49 15 18 16  1	
14  3      0 69331536  10916  73268    0    0 97264     0 144502 255461 51 15 17 16  1	
16  2      0 69331536  10924  73268    0    0 98432    12 147310 257145 51 14 17 16  1	
12  5      0 69331536  10924  73268    0    0 96400     0 145773 257216 50 16 17 16  1	
16  2      0 69331536  10924  73268    0    0 98704     0 146954 257912 51 15 17 17  1	
19  2      0 69331536  10924  73272    0    0 97120     0 144372 257572 50 16 16 17  1	
16  2      0 69331536  10924  73272    0    0 97664     0 145813 257916 49 17 16 16  1	
16  5      0 69331536  10932  73264    0    0 93536    12 139835 248672 48 15 17 19  1	
16  1      0 69331536  10932  73272    0    0 95344     0 146232 257483 51 15 17 16  1	
12  6      0 69331536  10932  73272    0    0 96928     0 151430 255836 50 14 18 17  1	
13  4      0 69331536  10932  73272    0    0 96672     0 149927 256562 48 15 18 17  1	
 9  7      0 69331536  10932  73272    0    0 97568     0 144713 252013 50 15 17 17  1	
15  2      0 69331536  10932  73272    0    0 96288     0 145520 254824 49 15 17 17  1	
17  2      0 69331536  10940  73272    0    0 95744    12 146273 255509 50 15 17 17  1	
13  5      0 69331536  10940  73272    0    0 96560     4 144392 256386 51 14 16 17  1	
11  5      0 69331536  10940  73272    0    0 98720     0 144503 257620 51 16 16 16  1	
procs -----------memory---------- ---swap-- -----io---- --system-- -----cpu-----
 r  b   swpd   free   buff  cache   si   so    bi    bo   in   cs us sy id wa st
13  4      0 69331160  10940  73272    0    0 97872     4 144039 258035 50 16 16 16  1	
15  5      0 69331160  10940  73272    0    0 99104     0 144155 257788 49 15 17 17  1	
16  3      0 69331160  10948  73264    0    0 98384    52 145486 257735 51 15 17 16  1	
14  3      0 69331160  10948  73272    0    0 99152     0 145338 257553 50 15 17 16  1	
10  8      0 69331160  10948  73272    0    0 97376     0 145763 257116 50 16 17 16  1	
15  2      0 69331160  10948  73272    0    0 97648     0 144676 252818 50 15 17 17  1	
12  5      0 69331160  10948  73276    0    0 98560     0 146124 256910 50 16 16 16  1	
16  3      0 69331160  10948  73280    0    0 96320     0 149117 257476 51 14 18 16  1	
20  0      0 69331160  10956  73284    0    0 97328    80 151034 256584 49 15 18 17  1	
15  3      0 69331160  10956  73284    0    0 97312     0 149863 255082 49 14 18 17  1	
12  4      0 69331160  10956  73284    0    0 97056     0 149828 256845 49 14 18 17  1	
12  5      0 69331160  10956  73284    0    0 98992     0 148335 256960 50 15 17 16  1	
10  6      0 69331160  10956  73284    0    0 99072     0 146444 257430 49 16 17 16  1	
17  2      0 69331160  10964  73276    0    0 98784    24 146730 257249 49 16 18 16  1	
17  2      0 69331160  10964  73284    0    0 98400     0 147070 257662 50 15 17 16  1	
16  2      0 69331160  10964  73284    0    0 97184     0 140858 251592 51 16 16 16  1	
10  7      0 69331160  10964  73284    0    0 98640     0 146771 257577 51 14 17 17  1	
13  6      0 69331160  10964  73284    0    0 97792     0 148560 256741 50 14 18 17  1	
11  6      0 69331160  10964  73284    0    0 96928     0 147545 257481 49 16 17 16  1	
18  4      0 69331160  10972  73284    0    0 97488    20 149410 256155 50 14 18 17  1	
11  6      0 69331160  10972  73284    0    0 98496     0 145744 257901 50 15 17 16  1	
procs -----------memory---------- ---swap-- -----io---- --system-- -----cpu-----
 r  b   swpd   free   buff  cache   si   so    bi    bo   in   cs us sy id wa st
18  1      0 69331160  10972  73284    0    0 99056     0 146616 256657 50 16 17 16  1	
13  6      0 69331160  10972  73288    0    0 98256     0 144227 257721 51 14 17 16  1	
18  4      0 69331160  10972  73288    0    0 98432     0 148860 256411 50 15 17 17  1	
12  6      0 69331160  10980  73280    0    0 97584    12 147768 257375 50 15 17 16  1	
15  3      0 69331160  10980  73288    0    0 95856     0 143861 253351 51 14 17 16  1	
15  2      0 69331160  10980  73288    0    0 94976     0 151798 256839 50 14 18 17  1	
14  3      0 69331160  10980  73288    0    0 94336     0 150146 256099 51 14 18 17  1	
14  2      0 69331160  10980  73288    0    0 97760     0 145988 257535 50 15 17 17  1	
14  4      0 69331160  10980  73288    0    0 98368    16 149237 256596 50 16 17 17  1	
17  3      0 69331160  10988  73288    0    0 95744    36 149765 256972 49 16 17 17  1	
17  2      0 69331160  10988  73288    0    0 95248     0 146540 256714 49 16 18 16  1	
14  4      0 69331160  10988  73288    0    0 96704     0 147152 257599 49 15 18 16  1	
15  3      0 69331160  10988  73288    0    0 96832     0 150204 256871 48 15 18 17  1	
13  5      0 69331160  10988  73288    0    0 98624     0 152384 256868 50 13 18 17  1	
15  2      0 69331160  10996  73280    0    0 96048    12 146128 253155 51 14 17 16  1	
15  3      0 69331160  10996  73288    0    0 96576     0 148199 257600 49 16 18 17  1	
14  3      0 69331160  10996  73288    0    0 98688     0 145862 255489 49 17 17 16  1	
12  7      0 69331160  10996  73288    0    0 97408     0 146783 257708 50 16 17 16  1	
13  3      0 69331160  10996  73288    0    0 96624     8 149890 257099 48 16 18 17  1	
14  5      0 69331160  10996  73288    0    0 95760     0 148054 257347 50 16 17 16  1	
18  3      0 69331160  11004  73288    0    0 97120    28 147809 257102 50 15 17 17  1	
procs -----------memory---------- ---swap-- -----io---- --system-- -----cpu-----
 r  b   swpd   free   buff  cache   si   so    bi    bo   in   cs us sy id wa st
14  3      0 69331160  11004  73288    0    0 95088     0 147690 255696 49 15 18 17  1	
16  3      0 69331160  11004  73288    0    0 98448     0 152067 256394 48 15 18 17  1	
14  2      0 69331160  11004  73288    0    0 97056    32 150504 257402 50 15 17 16  1	
16  3      0 69331160  11004  73288    0    0 96656     0 149487 255203 49 15 18 17  1	
18  2      0 69331160  11012  73280    0    0 98352    24 149642 257395 49 15 18 17  1	
16  4      0 69331160  11012  73288    0    0 95504     0 148707 256792 51 14 17 16  1	
15  5      0 69331160  11012  73288    0    0 97456     0 148094 257376 50 16 17 16  1	
17  4      0 69331160  11012  73292    0    0 97024     0 149614 256865 50 15 18 17  1	
17  3      0 69331160  11012  73292    0    0 97792     0 148833 257308 50 15 18 16  1	
 9  8      0 69331160  11012  73292    0    0 97776     0 147930 255412 49 14 18 17  1	
12  4      0 69331160  11020  73292    0    0 97408    12 146834 257449 50 16 17 16  1	
17  2      0 69331160  11020  73292    0    0 99040     0 145519 257631 50 16 17 16  1	
15  2      0 69331160  11020  73292    0    0 98304     0 143871 257823 51 15 16 16  1	
11  7      0 69331160  11020  73296    0    0 97408     0 147522 252846 50 14 18 17  1	
12  4      0 69331160  11020  73296    0    0 97920     0 149343 256646 50 14 18 17  1	
15  2      0 69331160  11028  73288    0    0 98160    16 145959 256658 50 15 17 16  1	
17  4      0 69331160  11028  73296    0    0 97600     0 146480 257254 51 15 17 16  1	
15  2      0 69331160  11028  73296    0    0 95552     0 143050 257723 51 16 16 15  1	
16  4      0 69331160  11028  73296    0    0 96288     8 146997 256588 50 16 17 16  1	
16  1      0 69331160  11028  73296    0    0 99296     0 146049 257543 49 16 17 17  1	
15  2      0 69331160  11028  73296    0    0 95760     0 141701 258073 52 16 16 15  1	
procs -----------memory---------- ---swap-- -----io---- --system-- -----cpu-----
 r  b   swpd   free   buff  cache   si   so    bi    bo   in   cs us sy id wa st
15  5      0 69331160  11036  73296    0    0 98112    24 144637 257873 51 15 16 16  1	
15  5      0 69331160  11036  73296    0    0 98960     0 148218 257201 50 15 17 17  1	
17  3      0 69331160  11036  73296    0    0 95664     0 142617 251088 52 14 17 16  1	
15  5      0 69331160  11036  73296    0    0 96624     0 147500 257281 50 14 17 17  1	
15  4      0 69331160  11036  73296    0    0 96832     0 144680 257097 52 15 17 16  1	
17  1      0 69331160  11044  73288    0    0 96544    12 144723 257977 51 15 16 16  1	
14  3      0 69331160  11044  73296    0    0 96176     0 142874 256688 51 15 17 16  1	
11  5      0 69331160  11044  73296    0    0 97632     0 145328 258165 50 16 17 16  1	
13  5      0 69331160  11044  73296    0    0 97936     0 145415 257611 50 15 17 16  1	
13  5      0 69331160  11044  73296    0    0 98768     0 147633 257944 50 15 17 17  1	
16  3      0 69331160  11044  73296    0    0 98736     0 147753 257202 49 15 18 17  1	
18  3      0 69331160  11052  73296    0    0 98224    12 144567 257991 50 16 16 16  1	
16  2      0 69331160  11052  73296    0    0 97856     8 145219 255224 50 15 17 17  1	
13  5      0 69331160  11052  73296    0    0 96992     0 148180 257281 50 15 17 17  1	
17  1      0 69331160  11052  73296    0    0 96192     0 146951 257285 50 16 17 16  1	
16  4      0 69331160  11052  73296    0    0 100416     0 147990 257429 49 16 17 17  1	
17  3      0 69331160  11060  73288    0    0 99072    24 144352 256978 51 16 16 16  1	
11  7      0 69331160  11060  73296    0    0 100224    24 145408 257350 51 14 17 16  1	
16  2      0 69331160  11060  73296    0    0 96960     0 146409 256762 51 15 17 16  1	
15  4      0 69331160  11060  73296    0    0 98256     0 147822 257013 50 14 18 16  1	
15  3      0 69331160  11060  73296    0    0 98544     0 148983 257035 48 16 18 16  1	
procs -----------memory---------- ---swap-- -----io---- --system-- -----cpu-----
 r  b   swpd   free   buff  cache   si   so    bi    bo   in   cs us sy id wa st
13  4      0 69331160  11060  73296    0    0 97296     8 147490 257589 51 15 17 16  1	
10  6      0 69331160  11068  73296    0    0 94608     8 143813 252815 51 15 17 16  1	
11  7      0 69331160  11068  73296    0    0 94688     0 144353 253499 50 15 17 16  1	
 9  7      0 69331160  11068  73296    0    0 98016     0 146079 256323 51 15 17 17  1	
13  4      0 69331160  11068  73300    0    0 98832     0 149287 256837 50 15 17 16  1	
17  2      0 69331160  11068  73300    0    0 97344     0 143085 256923 50 16 16 16  1	
13  5      0 69331160  11076  73300    0    0 98784    12 144640 257970 53 15 15 15  1	
18  2      0 69331160  11076  73300    0    0 96864     0 141954 256883 51 17 15 15  1	
12  5      0 69331160  11076  73304    0    0 98672     0 143614 258055 53 15 16 15  1	
13  3      0 69331160  11076  73304    0    0 100496     0 144504 257707 50 17 16 16  1	
13  4      0 69331160  11076  73304    0    0 97744     0 143253 257234 53 14 16 16  1	
13  5      0 69331160  11084  73296    0    0 96624    20 143064 256757 51 16 17 15  1	
19  2      0 69331160  11084  73304    0    0 98288     0 147078 256956 51 15 17 16  1	
16  4      0 69331160  11084  73304    0    0 97808     0 142174 257616 51 17 16 15  1	
13  4      0 69331160  11084  73304    0    0 99392     0 143933 257715 51 15 17 16  1	
16  3      0 69331160  11084  73304    0    0 100160     0 144128 257809 51 15 16 16  1	
15  3      0 69331160  11084  73304    0    0 98496     0 144704 257903 50 16 16 16  1	
14  3      0 69331160  11092  73304    0    0 98432    24 144622 257667 51 15 17 16  1	
19  1      0 69331160  11092  73304    0    0 98432     0 144992 257983 50 17 16 16  1	
13  5      0 69331160  11092  73304    0    0 96976     0 146833 256824 51 15 17 16  1	
16  3      0 69331160  11092  73304    0    0 98416     0 147764 257596 50 15 17 17  1	
procs -----------memory---------- ---swap-- -----io---- --system-- -----cpu-----
 r  b   swpd   free   buff  cache   si   so    bi    bo   in   cs us sy id wa st
16  2      0 69331160  11092  73304    0    0 96544     0 142685 251754 51 16 16 16  1	
12  5      0 69331160  11100  73300    0    0 100560    32 142969 258364 53 14 16 16  1	
14  3      0 69331160  11100  73304    0    0 100304     0 145355 257995 51 16 16 16  1	
11  6      0 69331160  11100  73304    0    0 100496     0 145895 258145 50 16 17 16  1	
14  2      0 69331160  11100  73304    0    0 97648     0 144228 257886 53 15 16 16  1	
15  4      0 69331160  11100  73304    0    0 96352     0 140854 257967 53 15 16 16  1	
16  3      0 69331160  11100  73304    0    0 98336     0 144879 257750 52 14 16 16  1	
13  6      0 69331160  11108  73304    0    0 101424    12 146103 257686 50 16 16 16  1	
19  3      0 69331160  11108  73304    0    0 100672     0 146068 258149 52 14 17 16  1	
12  5      0 69331160  11108  73304    0    0 98576     0 141800 258120 51 16 16 16  1	
13  4      0 69331160  11108  73304    0    0 99792     0 139542 253162 52 15 15 16  1	
15  5      0 69331160  11108  73304    0    0 98880     0 144501 256924 52 15 16 16  1	
16  2      0 69331160  11116  73296    0    0 97296    12 143086 256727 51 16 16 16  1	
13  3      0 69331160  11116  73304    0    0 99760     0 143071 257949 52 16 16 16  1	
15  4      0 69331160  11116  73304    0    0 97152     0 141855 257559 51 16 16 15  1	
18  1      0 69331160  11116  73304    0    0 99200     0 143134 258069 50 17 16 15  1	
13  5      0 69331160  11116  73304    0    0 99568    16 142418 257912 52 16 15 15  1	
13  4      0 69331160  11116  73308    0    0 97936     0 142405 257645 52 16 16 16  1	
 9  7      0 69331160  11124  73308    0    0 98816    12 142188 257602 52 15 16 16  1	
13  5      0 69331160  11124  73308    0    0 97712     0 143617 257588 52 15 16 16  1	
16  5      0 69331160  11124  73308    0    0 97072     0 144363 254468 51 15 17 16  1	
procs -----------memory---------- ---swap-- -----io---- --system-- -----cpu-----
 r  b   swpd   free   buff  cache   si   so    bi    bo   in   cs us sy id wa st
11  6      0 69331160  11124  73308    0    0 99984     4 145678 257510 50 16 16 16  1	
13  4      0 69331160  11124  73308    0    0 96816     0 140415 252966 52 15 16 16  1	
16  2      0 69331160  11132  73300    0    0 97200    12 142538 257897 52 15 16 16  1	
15  4      0 69331160  11132  73308    0    0 97040     0 143998 257502 50 16 17 16  1	
16  1      0 69331160  11132  73308    0    0 99472     0 146725 257533 50 15 17 16  1	
16  1      0 69331160  11132  73308    0    0 97424     0 144061 256545 51 15 17 16  1	
14  6      0 69331160  11132  73308    0    0 98720     0 145456 257466 52 15 17 16  1	
10  6      0 69331160  11132  73308    0    0 100320     0 147960 257402 51 15 17 16  1	
16  4      0 69331160  11140  73308    0    0 98784    12 143854 257595 50 16 16 16  1	
12  5      0 69331160  11140  73312    0    0 99264     0 142699 254972 52 15 16 16  1	
13  4      0 69331160  11140  73312    0    0 97296     8 144187 255089 51 15 17 16  1	
17  3      0 69331160  11140  73312    0    0 98880     0 143124 254358 51 15 16 17  1	
18  4      0 69331160  11140  73312    0    0 97264     0 141860 255386 50 15 16 17  1	
17  3      0 69331160  11148  73304    0    0 99680    24 143290 257190 52 15 16 16  1	
17  2      0 69331160  11148  73312    0    0 99216     0 143941 257607 51 17 16 15  1	
18  2      0 69331160  11148  73312    0    0 97664     0 142333 255962 51 16 16 16  1	
14  5      0 69331160  11148  73312    0    0 97504     0 141570 257889 50 17 16 16  1	
14  4      0 69331160  11148  73312    0    0 100224     0 145201 257463 51 15 17 16  1	
16  2      0 69331160  11148  73312    0    0 99168     0 143203 257919 53 14 16 16  1	
 9  7      0 69331160  11156  73312    0    0 98512    12 140730 256512 53 14 16 16  1	
16  3      0 69331160  11156  73312    0    0 97664     0 140507 257786 52 16 16 15  1	
procs -----------memory---------- ---swap-- -----io---- --system-- -----cpu-----
 r  b   swpd   free   buff  cache   si   so    bi    bo   in   cs us sy id wa st
16  2      0 69331160  11156  73312    0    0 99184     0 143979 256778 50 15 17 16  1	
17  3      0 69331160  11156  73312    0    0 99488     0 142816 258193 50 16 17 16  1	
15  3      0 69331160  11156  73312    0    0 98560     0 145292 257966 50 15 17 16  1	
20  0      0 69331160  11164  73304    0    0 99856    12 142514 257833 52 15 16 16  1	
13  3      0 69331160  11164  73312    0    0 100704     0 142224 257408 50 16 16 16  1	
14  2      0 69331160  11164  73312    0    0 96672     0 142881 256549 52 14 16 16  1	
15  4      0 69331160  11164  73312    0    0 97920     0 140080 258396 51 17 15 16  1	
17  1      0 69331160  11164  73312    0    0 97312     0 143445 257393 51 16 17 16  1	
17  2      0 69331160  11164  73316    0    0 98160     0 138480 252321 54 14 16 15  1	
17  1      0 69331160  11172  73316    0    0 98880    12 143531 257654 51 15 16 16  1	
17  4      0 69331160  11172  73316    0    0 98816    20 143630 256549 52 14 17 16  1	
12  7      0 69331160  11172  73316    0    0 99744     0 145579 258013 52 15 16 16  1	
14  3      0 69331160  11172  73316    0    0 98320     0 143907 258025 50 16 16 16  1	
12  4      0 69331160  11172  73316    0    0 96640     0 143216 257606 52 15 16 15  1	
15  4      0 69331160  11180  73308    0    0 98352    24 143754 257746 51 15 17 16  1	
14  3      0 69331160  11180  73316    0    0 98528     0 142584 257856 52 15 16 16  1	
14  5      0 69331160  11180  73316    0    0 98848     0 141885 257660 52 15 16 15  1	
16  4      0 69331160  11180  73316    0    0 98592     0 141045 258285 50 17 16 16  1	
12  5      0 69331160  11180  73316    0    0 96624     0 139586 252668 51 15 17 16  1	
15  3      0 69331160  11180  73316    0    0 97408     0 142593 257478 52 15 16 16  1	
16  4      0 69331160  11188  73316    0    0 99264    12 143451 257637 51 16 16 16  1	
procs -----------memory---------- ---swap-- -----io---- --system-- -----cpu-----
 r  b   swpd   free   buff  cache   si   so    bi    bo   in   cs us sy id wa st
12  6      0 69331160  11188  73316    0    0 97984     0 142608 258409 52 16 16 15  1	
16  2      0 69331160  11188  73316    0    0 99616     0 142844 257869 52 15 16 16  1	
15  3      0 69331160  11188  73316    0    0 101248     0 143809 258107 52 16 16 16  1	
14  5      0 69331160  11188  73316    0    0 98064     0 141935 258376 51 15 16 16  1	
17  3      0 69331160  11196  73308    0    0 99056    32 142413 257471 51 16 16 15  1	
13  3      0 69331160  11196  73316    0    0 98880     0 139837 257696 53 14 16 16  1	
14  3      0 69331160  11196  73316    0    0 98560     0 142502 257937 52 16 16 16  1	
13  5      0 69331160  11196  73316    0    0 98288     0 137694 251566 52 16 16 15  1	
14  3      0 69331160  11196  73316    0    0 98448     0 140074 257780 54 15 15 15  1	
12  6      0 69331160  11196  73316    0    0 99360     0 138708 257793 54 15 15 15  1	
14  3      0 69331160  11204  73320    0    0 100736    16 143570 257752 51 16 17 16  1	
13  4      0 69331160  11204  73320    0    0 99200     0 145089 257614 51 15 16 16  1	
14  4      0 69331160  11204  73320    0    0 98336     0 142772 257717 51 15 17 16  1	
15  4      0 69331160  11204  73320    0    0 98160     0 142654 258258 52 15 16 16  1	
16  3      0 69331160  11204  73320    0    0 98080     0 139977 257647 53 15 16 15  1	
15  5      0 69331160  11212  73312    0    0 99488    12 143893 257807 52 14 17 16  1	
12  6      0 69331160  11212  73320    0    0 98304     0 142413 257910 52 16 16 16  1	
11  5      0 69331160  11212  73320    0    0 98080     0 140055 255235 52 15 16 15  1	
14  2      0 69331160  11212  73320    0    0 100528     0 143113 257484 51 16 16 16  1	
15  6      0 69331160  11212  73320    0    0 98304     8 142437 256915 52 15 16 15  1	
16  4      0 69331160  11212  73324    0    0 96080     0 142967 257504 50 16 17 16  1	
procs -----------memory---------- ---swap-- -----io---- --system-- -----cpu-----
 r  b   swpd   free   buff  cache   si   so    bi    bo   in   cs us sy id wa st
18  1      0 69331160  11220  73324    0    0 98640    24 145948 257258 51 16 16 16  1	
16  1      0 69331160  11220  73324    0    0 99088     0 144729 257513 51 15 17 16  1	
11  5      0 69331160  11220  73324    0    0 102336     0 144934 257745 52 15 17 16  1	
14  4      0 69331160  11220  73324    0    0 99232     0 141973 257754 50 17 16 16  1	
15  2      0 69331160  11220  73324    0    0 99648    28 142725 257435 52 16 16 16  1	
15  2      0 69331160  11228  73316    0    0 98192    12 141123 258120 54 14 16 16  1	
15  3      0 69331160  11228  73324    0    0 97440     0 137139 252861 52 16 15 16  1	
12  6      0 69331160  11228  73324    0    0 99136     0 139548 253602 53 15 15 15  1	
15  2      0 69331160  11228  73324    0    0 98528     0 141634 257046 54 14 15 15  1	
13  5      0 69331160  11228  73324    0    0 98464     0 141677 258083 51 16 16 16  1	
12  4      0 69331160  11228  73324    0    0 100272     0 145012 258199 51 15 17 16  1	
15  5      0 69331160  11236  73324    0    0 100640    12 147025 258198 49 16 17 16  1	
21  1      0 69331160  11236  73324    0    0 100128     0 140928 257562 51 16 16 16  1	
20  2      0 69331160  11236  73324    0    0 99376     0 141326 258108 52 15 16 15  1	
16  1      0 69331160  11236  73324    0    0 98576     8 142420 257714 52 15 16 16  1	
14  4      0 69331160  11236  73324    0    0 99904     0 145833 257541 52 15 16 16  1	
14  3      0 69331160  11244  73316    0    0 97600    24 143462 255383 52 15 17 16  1	
12  6      0 69331160  11244  73324    0    0 99104     0 143389 257565 50 16 17 16  1	
17  1      0 69331160  11244  73324    0    0 100944     0 143962 256823 52 14 17 16  1	
12  5      0 69331160  11244  73324    0    0 100368     4 140602 257750 52 16 16 16  1	
14  2      0 69331160  11244  73324    0    0 101008     0 144001 257078 50 16 16 16  1	
procs -----------memory---------- ---swap-- -----io---- --system-- -----cpu-----
 r  b   swpd   free   buff  cache   si   so    bi    bo   in   cs us sy id wa st
17  4      0 69331160  11244  73324    0    0 97280    12 141202 257860 52 16 16 15  1	
13  4      0 69331160  11252  73324    0    0 99488     0 141809 256681 53 15 16 16  1	
13  6      0 69331160  11252  73324    0    0 99440     0 144375 257977 51 14 17 16  1	
14  4      0 69331160  11252  73324    0    0 99984     0 142044 257713 51 16 15 16  1	
13  4      0 69331160  11252  73324    0    0 99424     0 142859 257883 51 16 16 16  1	
19  2      0 69331160  11252  73324    0    0 96256     0 138823 252368 52 15 16 15  1	
17  3      0 69331160  11260  73324    0    0 100448    12 145442 257663 51 15 17 16  1	
15  3      0 69331160  11260  73324    0    0 100272     0 144652 257167 51 15 17 16  1	
17  3      0 69331160  11260  73324    0    0 97984     4 142018 257824 52 15 16 15  1	
16  3      0 69331160  11260  73324    0    0 97984     0 143187 257801 50 16 17 16  1	
15  3      0 69331160  11260  73328    0    0 101248     0 144898 258171 51 15 16 16  1	
14  2      0 69331160  11268  73320    0    0 100496    12 145493 257302 51 14 17 17  1	
15  3      0 69331160  11268  73332    0    0 99968     0 142181 255658 52 15 16 16  1	
17  4      0 69331160  11268  73332    0    0 95376     0 142017 253907 51 14 16 17  1	
12  6      0 69331160  11268  73332    0    0 97936     0 144278 256026 50 15 16 18  1	
18  0      0 69331160  11268  73332    0    0 97408     0 146173 255008 49 16 17 16  1	
13  5      0 69331160  11268  73332    0    0 95024     0 144993 255611 49 16 17 17  1	
11  5      0 69331160  11276  73332    0    0 99648    12 147071 256775 49 15 17 17  1	
 9  8      0 69331160  11276  73332    0    0 96976    12 145655 255774 51 14 17 17  1	
18  5      0 69331160  11276  73332    0    0 99824     0 146019 255494 50 15 17 17  1	
19  3      0 69331160  11276  73332    0    0 98784     0 143108 257431 51 16 16 16  1	
procs -----------memory---------- ---swap-- -----io---- --system-- -----cpu-----
 r  b   swpd   free   buff  cache   si   so    bi    bo   in   cs us sy id wa st
19  2      0 69331160  11276  73332    0    0 98576     0 142796 256751 51 16 16 15  1	
12  6      0 69331160  11284  73324    0    0 97904    12 141338 257855 52 15 16 16  1	
13  4      0 69331160  11284  73332    0    0 98208     0 144094 257848 52 15 16 16  1	
16  2      0 69331160  11284  73332    0    0 96784     8 142500 257654 51 16 16 16  1	
12  5      0 69331160  11284  73332    0    0 96720     0 146154 251052 51 14 17 17  1	
15  3      0 69331160  11284  73332    0    0 97888     0 147313 257282 51 15 17 16  1	
14  4      0 69331160  11284  73332    0    0 98720     0 143576 257513 50 16 17 16  1	
13  4      0 69331160  11292  73332    0    0 99040    24 145035 257585 51 16 17 16  1	
16  4      0 69331160  11292  73332    0    0 99136     0 143108 257351 52 15 16 16  1	
14  4      0 69331160  11292  73332    0    0 98816     0 144965 258120 52 14 17 16  1	
10  7      0 69331160  11292  73332    0    0 99376     0 144672 257733 51 15 16 16  1	
15  3      0 69331160  11292  73332    0    0 97728     0 145326 256969 51 15 17 16  1	
13  6      0 69331160  11300  73324    0    0 99072    12 143650 255287 50 15 16 17  1	
17  3      0 69331160  11300  73332    0    0 97120     0 147446 255865 50 14 17 17  1	
13  6      0 69331160  11300  73332    0    0 96192     0 142748 250312 50 15 17 17  1	
16  2      0 69331160  11300  73332    0    0 98384     0 147631 257184 50 15 17 17  1	
16  2      0 69331160  11300  73332    0    0 98416     0 141046 257948 53 16 15 15  1	
15  2      0 69331160  11300  73332    0    0 98096     0 143255 257903 52 15 16 16  1	
14  3      0 69331160  11308  73332    0    0 97392    20 143943 257432 51 15 17 16  1	
18  2      0 69331160  11308  73332    0    0 99120     0 144209 257796 51 15 16 16  1	
13  3      0 69331160  11308  73332    0    0 99328     0 148438 257526 51 15 17 16  1	
procs -----------memory---------- ---swap-- -----io---- --system-- -----cpu-----
 r  b   swpd   free   buff  cache   si   so    bi    bo   in   cs us sy id wa st
14  4      0 69331160  11308  73332    0    0 97760     0 146449 257295 49 16 17 16  1	
17  2      0 69331160  11308  73332    0    0 99072     0 148709 256034 49 15 17 17  1	
13  6      0 69331160  11316  73324    0    0 99440    24 145882 257495 52 15 17 16  1	
15  2      0 69331160  11316  73336    0    0 97968     0 147924 255744 49 15 17 17  1	
10  8      0 69331160  11316  73336    0    0 100256     0 146530 257696 51 15 16 16  1	
16  2      0 69331160  11316  73336    0    0 97536     0 142648 257436 52 15 17 16  1	
17  3      0 69331160  11316  73336    0    0 97952     0 142079 258231 52 16 16 16  1	
13  4      0 69331160  11316  73336    0    0 97488     0 145442 255129 50 15 17 17  1	
11  7      0 69331160  11324  73336    0    0 98304    12 145028 257540 51 15 17 16  1	
16  3      0 69331160  11324  73336    0    0 98880     0 143863 256533 51 15 16 16  1	
13  4      0 69331160  11324  73336    0    0 99392     0 147523 257271 50 15 17 16  1	
19  1      0 69331160  11324  73340    0    0 94896     0 143241 257553 52 15 16 15  1	
16  4      0 69331160  11324  73340    0    0 97776    28 146028 257776 51 15 17 16  1	
13  4      0 69331160  11332  73336    0    0 94608    24 141962 252790 52 15 16 16  1	
13  4      0 69331160  11332  73340    0    0 98800     0 146944 258274 52 15 16 16  1	
13  3      0 69331160  11332  73340    0    0 99568     0 143370 256641 50 17 16 16  1	
13  4      0 69331160  11332  73340    0    0 99952     0 144976 257837 51 15 16 16  1	
 9  8      0 69331160  11332  73340    0    0 99920     0 144872 256693 51 16 17 16  1	
16  3      0 69331160  11332  73340    0    0 99152     0 142323 258633 52 16 16 15  1	
17  0      0 69331160  11340  73340    0    0 98192    12 142652 256894 51 16 16 16  1	
11  6      0 69331160  11340  73340    0    0 101360     0 142753 257830 52 15 16 16  1	
procs -----------memory---------- ---swap-- -----io---- --system-- -----cpu-----
 r  b   swpd   free   buff  cache   si   so    bi    bo   in   cs us sy id wa st
18  2      0 69331160  11340  73340    0    0 98832     0 142788 257596 52 15 16 16  1	
15  5      0 69331160  11340  73340    0    0 98944     0 142331 257930 52 15 16 16  1	
11  6      0 69331160  11340  73340    0    0 99040     0 140817 253019 52 15 16 16  1	
17  1      0 69331160  11348  73332    0    0 100448    12 143555 257241 51 15 16 16  1	
15  2      0 69331160  11348  73340    0    0 99824     0 144950 257608 51 15 16 16  1	
15  2      0 69331160  11348  73340    0    0 99008     0 143260 257864 52 15 16 16  1	
16  4      0 69331160  11348  73340    0    0 99232     0 143961 257900 50 17 16 16  1	
11  5      0 69331160  11348  73340    0    0 99120     8 144901 257628 50 15 17 17  1	
17  1      0 69331160  11348  73340    0    0 99232     0 146580 257630 49 16 17 16  1	
15  3      0 69331160  11356  73340    0    0 97120    24 142466 257747 53 15 16 15  1	
13  5      0 69331160  11356  73340    0    0 97376     0 141770 254627 51 16 16 16  1	
16  3      0 69331160  11356  73340    0    0 101344     0 144684 257690 50 16 16 16  1	
17  3      0 69331160  11356  73340    0    0 98384     0 141315 256079 52 15 16 16  1	
16  2      0 69331160  11356  73340    0    0 98864     0 141605 257969 51 16 16 16  1	
14  5      0 69331160  11364  73332    0    0 99072    12 144265 256034 52 15 17 16  1	
15  2      0 69331160  11364  73344    0    0 99728     0 144377 257587 52 14 16 16  1	
17  4      0 69331160  11364  73344    0    0 98384     0 144154 257538 52 15 16 16  1	
14  3      0 69331160  11364  73344    0    0 96656     0 143221 256698 51 15 17 16  1	
12  5      0 69331160  11364  73344    0    0 98928     0 145160 255799 49 16 17 17  1	
14  3      0 69331160  11364  73344    0    0 98224     0 145466 257535 51 15 16 16  1	
12  6      0 69331160  11372  73344    0    0 97744    16 148375 257753 50 15 17 16  1	
procs -----------memory---------- ---swap-- -----io---- --system-- -----cpu-----
 r  b   swpd   free   buff  cache   si   so    bi    bo   in   cs us sy id wa st
17  1      0 69331160  11372  73344    0    0 95040     0 148464 257068 50 14 18 17  1	
19  3      0 69331160  11372  73344    0    0 95136     0 137882 254456 52 15 16 15  1	
19  0      0 69331160  11372  73344    0    0 101392     0 145133 257959 51 15 17 16  1	
19  1      0 69331160  11372  73344    0    0 99104     0 142782 256682 51 15 16 16  1	
17  3      0 69331160  11380  73336    0    0 100496    12 149716 257498 49 15 17 17  1	
15  1      0 69331160  11380  73344    0    0 98496     0 148805 257235 50 15 18 16  1	
13  6      0 69331160  11380  73344    0    0 99664    20 144909 257810 49 16 17 17  1	
13  5      0 69331160  11380  73344    0    0 99536     0 144183 257570 49 17 16 16  1	
14  2      0 69331160  11380  73344    0    0 99824     0 142329 257812 51 16 16 16  1	
12  5      0 69331160  11380  73344    0    0 99216     0 144575 257495 50 16 17 16  1	
17  2      0 69331160  11388  73344    0    0 100560    24 143413 257721 52 15 16 16  1	
13  5      0 69331160  11388  73344    0    0 97200     0 141268 253419 50 16 16 16  1	
13  5      0 69331160  11388  73348    0    0 96880     0 146216 257737 51 15 17 16  1	
17  2      0 69331160  11388  73348    0    0 97120     0 146914 256653 49 15 18 17  1	
15  3      0 69331160  11388  73348    0    0 98912     0 146243 257486 51 15 17 16  1	
16  1      0 69331160  11396  73340    0    0 98800    12 144263 255390 51 15 16 16  1	
14  4      0 69331160  11396  73348    0    0 96576     0 148561 257378 50 15 17 16  1	
15  3      0 69331160  11396  73348    0    0 98864     0 146043 257704 50 16 16 16  1	
10  7      0 69331160  11396  73348    0    0 98256     0 142608 257719 52 15 16 16  1	
17  3      0 69331160  11396  73348    0    0 98688     0 148644 257555 49 15 18 17  1	
14  5      0 69331160  11396  73348    0    0 99344     0 148263 257607 49 16 17 17  1	
procs -----------memory---------- ---swap-- -----io---- --system-- -----cpu-----
 r  b   swpd   free   buff  cache   si   so    bi    bo   in   cs us sy id wa st
13  3      0 69331160  11404  73348    0    0 94384    20 146571 252081 50 15 17 17  1	
15  3      0 69330784  11404  73348    0    0 97200     0 147486 257072 51 15 17 16  1	
16  4      0 69330784  11404  73348    0    0 96784     0 146222 257396 49 16 17 16  1	
16  2      0 69330784  11404  73348    0    0 98304     0 143918 258035 51 15 17 16  1	
10  7      0 69330784  11404  73348    0    0 98992     0 147162 257237 51 15 17 16  1	
 4 12      0 69330784  11412  73340    0    0 97984    32 144814 257455 50 15 17 17  1	
15  3      0 69330784  11412  73348    0    0 100096     4 147192 257011 51 14 18 16  1	
12  4      0 69330784  11412  73352    0    0 99312     0 145968 257592 51 14 18 16  1	
18  2      0 69330784  11412  73352    0    0 98288     0 143999 257811 51 16 16 16  1	
11  5      0 69330784  11412  73352    0    0 95552     0 142401 257615 51 16 16 15  1	
17  1      0 69330784  11412  73352    0    0 96448     0 142562 249923 51 15 16 16  1	
11  6      0 69330784  11420  73352    0    0 96640    12 143481 256505 52 15 17 15  1	
15  4      0 69330784  11420  73352    0    0 99664     0 144504 256403 52 14 16 16  1	
15  5      0 69330784  11420  73352    0    0 99440     0 143686 258048 51 16 16 16  1	
13  3      0 69330784  11420  73352    0    0 97968     0 142750 257030 52 15 16 16  1	
15  3      0 69330784  11420  73352    0    0 98144     0 145778 257804 50 15 17 17  1	
15  4      0 69330784  11428  73344    0    0 100464    32 144353 256423 51 15 17 17  1	
20  3      0 69330784  11428  73352    0    0 97552     0 142111 257857 51 16 16 16  1	
15  3      0 69330784  11428  73352    0    0 99424     0 143111 257891 52 15 16 15  1	
13  5      0 69330784  11428  73352    0    0 98640     0 142457 258154 51 15 16 16  1	
14  3      0 69330784  11428  73352    0    0 98784     0 143418 256699 52 15 17 15  1	
procs -----------memory---------- ---swap-- -----io---- --system-- -----cpu-----
 r  b   swpd   free   buff  cache   si   so    bi    bo   in   cs us sy id wa st
13  4      0 69330784  11428  73352    0    0 96800    32 144430 257734 50 16 17 16  1	
13  5      0 69330664  11436  73352    0    0 100432     4 145028 257211 51 15 17 16  1	
17  1      0 69330664  11436  73352    0    0 99568     0 144852 257898 52 14 17 16  1	
16  3      0 69330664  11436  73352    0    0 99792     0 141256 258118 53 15 16 16  1	
14  4      0 69330664  11436  73352    0    0 99280     0 141404 258066 52 16 16 16  1	
14  2      0 69330664  11436  73352    0    0 99024     0 142608 257012 51 16 16 16  1	
14  4      0 69330664  11444  73352    0    0 99024    12 143701 257983 52 15 16 16  1	
20  0      0 69330664  11444  73352    0    0 97600     0 143646 257910 51 16 16 16  1	
16  2      0 69330664  11444  73352    0    0 100384     0 143253 258105 51 16 16 16  1	
15  2      0 69330664  11444  73352    0    0 96368     0 142769 250937 52 14 17 16  1	
14  4      0 69330664  11444  73352    0    0 98464    12 142306 255699 51 16 17 16  1	
15  3      0 69330664  11452  73344    0    0 95536    12 141674 257442 51 16 16 16  1	
13  5      0 69330664  11452  73352    0    0 97808     0 143646 258220 52 15 17 15  1	
14  3      0 69330664  11452  73356    0    0 98304     0 145755 257628 50 16 17 16  1	
12  7      0 69330664  11452  73356    0    0 97440     0 144081 257927 51 16 16 16  1	
12  7      0 69330664  11452  73356    0    0 99600     0 146836 257124 52 14 17 16  1	
17  2      0 69330664  11452  73356    0    0 100016     0 148130 257421 50 15 17 16  1	
17  0      0 69330664  11460  73356    0    0 98768    12 143359 257390 50 16 16 16  1	
15  5      0 69330664  11460  73356    0    0 100464     0 143602 257965 52 14 17 17  1	
14  4      0 69330664  11460  73360    0    0 99632     0 142502 254954 50 15 17 17  1	
16  4      0 69330664  11460  73360    0    0 99664     0 146249 257575 50 15 17 16  1	
procs -----------memory---------- ---swap-- -----io---- --system-- -----cpu-----
 r  b   swpd   free   buff  cache   si   so    bi    bo   in   cs us sy id wa st
15  3      0 69330664  11460  73360    0    0 98400     0 144408 257966 51 15 16 16  1	
17  1      0 69330664  11468  73352    0    0 97376    12 147265 256768 49 16 17 17  1	
18  1      0 69330664  11468  73360    0    0 99184     0 144252 257979 52 15 16 16  1	
13  4      0 69330664  11468  73360    0    0 98016     0 145740 257682 50 16 17 16  1	
15  4      0 69330664  11468  73360    0    0 99456     8 147506 257483 49 15 17 17  1	
 9  7      0 69330664  11468  73360    0    0 96880     0 146844 257442 51 15 17 17  1	
13  3      0 69330664  11468  73360    0    0 97760     0 146651 257542 49 16 17 16  1	
12  6      0 69330664  11476  73360    0    0 97392    24 145149 257434 51 16 16 16  1	
13  4      0 69330664  11476  73360    0    0 96128     0 144673 252123 50 15 17 16  1	
16  4      0 69330664  11476  73360    0    0 96864     0 145189 257392 50 16 17 16  1	
16  2      0 69330664  11476  73360    0    0 97200     0 142714 257589 50 16 16 16  1	
15  3      0 69330664  11476  73360    0    0 99072     0 144932 258064 51 15 16 16  1	
12  5      0 69330664  11484  73352    0    0 97840    12 142869 256359 51 15 16 16  1	
14  5      0 69330664  11484  73360    0    0 96864     0 142342 256964 51 15 16 16  1	
17  4      0 69330664  11484  73360    0    0 97952     0 145068 257426 51 14 17 16  1	
15  4      0 69330664  11484  73360    0    0 98400    12 147937 257467 49 16 17 16  1	
15  2      0 69330664  11484  73360    0    0 97248     0 146965 256347 49 16 17 17  1	
16  2      0 69330664  11484  73360    0    0 96544     0 148743 257400 50 15 18 17  1	
14  4      0 69330664  11492  73360    0    0 96640    12 142098 251759 51 15 17 16  1	
11  5      0 69330664  11492  73360    0    0 97904     0 148462 256856 50 15 17 17  1	
16  3      0 69330664  11492  73360    0    0 97296     8 145151 257035 48 17 17 17  1	
procs -----------memory---------- ---swap-- -----io---- --system-- -----cpu-----
 r  b   swpd   free   buff  cache   si   so    bi    bo   in   cs us sy id wa st
18  3      0 69330664  11492  73360    0    0 97152     0 147657 257554 48 16 18 17  1	
17  1      0 69330664  11492  73360    0    0 99808     0 144569 257586 51 15 16 16  1	
14  3      0 69330664  11500  73352    0    0 99584    24 145775 257804 50 16 16 16  1	
15  3      0 69330664  11500  73360    0    0 97088     0 141634 258097 51 15 16 16  1	
14  3      0 69330664  11500  73360    0    0 97152     0 143733 258029 51 16 16 16  1	
13  5      0 69330664  11500  73360    0    0 98256     0 144492 257796 51 15 16 16  1	
14  4      0 69330664  11500  73360    0    0 99664     0 142294 258034 51 15 16 16  1	
15  4      0 69330664  11500  73360    0    0 96624     0 147621 255472 49 15 18 17  1	
12  5      0 69330664  11508  73360    0    0 96816    12 148681 257543 50 15 17 16  1	
20  2      0 69330664  11508  73360    0    0 95712     0 147497 251814 49 15 18 17  1	
15  3      0 69330664  11508  73364    0    0 97184     0 150278 257180 50 15 18 16  1	
14  3      0 69330664  11508  73364    0    0 97552     0 148212 256145 50 15 17 16  1	
19  1      0 69330664  11508  73364    0    0 97504     0 142012 254840 50 15 16 17  1	
11  5      0 69330664  11516  73356    0    0 98880    12 142546 256847 52 16 16 16  1	
18  1      0 69330664  11516  73368    0    0 97808     8 143151 257809 51 16 16 16  1	
 7 10      0 69330664  11516  73368    0    0 98240     0 144380 257458 51 16 16 15  1	
14  5      0 69330664  11516  73368    0    0 99744     0 144033 257686 52 14 17 16  1	
13  4      0 69330664  11516  73368    0    0 94688     0 145823 250318 49 14 18 17  1	
18  5      0 69330664  11516  73368    0    0 96816     0 147358 257231 50 15 17 16  1	
17  2      0 69330664  11524  73368    0    0 96624    24 145291 256947 51 15 17 16  1	
16  2      0 69330664  11524  73368    0    0 98352     0 143978 257686 51 15 17 16  1	
procs -----------memory---------- ---swap-- -----io---- --system-- -----cpu-----
 r  b   swpd   free   buff  cache   si   so    bi    bo   in   cs us sy id wa st
16  3      0 69330664  11524  73368    0    0 98096     0 143300 258625 52 14 16 16  1	
17  3      0 69330664  11524  73368    0    0 98800     0 144726 257701 51 15 16 17  1	
16  2      0 69330664  11524  73368    0    0 100416     0 146161 257643 50 15 17 17  1	
14  6      0 69330664  11532  73368    0    0 97856    12 145554 257551 50 15 17 16  1	
13  6      0 69330664  11532  73368    0    0 99056     0 145469 257655 50 16 17 16  1	
11  5      0 69330664  11532  73368    0    0 98848     0 145701 257692 50 16 17 16  1	
13  4      0 69330664  11532  73368    0    0 96448     0 142306 252317 51 15 17 16  1	
13  4      0 69330664  11532  73368    0    0 98064     0 144886 257673 50 15 17 17  1	
14  4      0 69330664  11540  73360    0    0 98304    40 148390 257408 51 14 18 17  1	
16  4      0 69330664  11540  73368    0    0 98976     0 151404 256964 48 15 18 17  1	
14  4      0 69330664  11540  73368    0    0 95120     0 145465 257418 52 15 17 16  1	
14  2      0 69330664  11540  73368    0    0 97280     0 147517 257314 50 15 17 17  1	
15  3      0 69330664  11540  73368    0    0 97760     0 146784 257244 49 17 17 16  1	
17  2      0 69330664  11540  73368    0    0 97504     0 144879 256999 51 15 17 16  1	
17  2      0 69330664  11548  73368    0    0 99920    28 145402 257103 50 16 17 16  1	
15  1      0 69330664  11548  73368    0    0 96592     0 141043 258181 52 16 16 15  1	
14  6      0 69330664  11548  73368    0    0 96448     0 139148 253740 51 16 16 16  1	
14  5      0 69330664  11548  73368    0    0 99920     0 144788 257500 50 17 16 16  1	
16  3      0 69330664  11548  73368    0    0 99808     0 144348 257133 51 15 16 16  1	
12  7      0 69330664  11556  73360    0    0 96736    12 146075 257865 50 16 17 16  1	
14  2      0 69330664  11556  73368    0    0 96704     0 144400 257515 50 16 17 16  1	
procs -----------memory---------- ---swap-- -----io---- --system-- -----cpu-----
 r  b   swpd   free   buff  cache   si   so    bi    bo   in   cs us sy id wa st
12  5      0 69330664  11556  73368    0    0 97568     0 144693 257669 51 15 17 16  1	
13  6      0 69330664  11556  73372    0    0 98272     0 145660 257728 50 15 17 16  1	
14  3      0 69330664  11556  73372    0    0 96816     0 145787 257552 50 16 17 16  1	
17  4      0 69330664  11556  73372    0    0 96896     0 145823 257382 51 14 17 16  1	
11  6      0 69330664  11564  73372    0    0 95648    12 145705 256815 50 16 17 16  1	
12  5      0 69330664  11564  73372    0    0 95888     0 142691 251870 51 14 17 16  1	
15  3      0 69330664  11564  73372    0    0 98416     0 144812 257889 51 16 16 16  1	
13  4      0 69330664  11564  73372    0    0 96992     0 143031 256917 52 14 16 16  1	
17  3      0 69330664  11564  73372    0    0 99712     8 145960 258184 51 15 17 16  1	
16  2      0 69330664  11572  73364    0    0 98560    24 144052 258107 51 16 16 16  1	
19  0      0 69330664  11572  73372    0    0 100176     0 148208 257633 50 15 17 16  1	
17  2      0 69330664  11572  73372    0    0 96528     0 143311 257151 51 15 16 17  1	
15  3      0 69330664  11572  73372    0    0 97504     0 146604 257503 51 14 17 17  1	
15  2      0 69330664  11572  73372    0    0 94736     0 150454 256832 49 15 18 17  1	
19  1      0 69330664  11572  73376    0    0 97616     0 149916 257037 50 14 18 17  1	
15  4      0 69330664  11580  73376    0    0 93072    12 143703 251263 51 15 17 16  1	
16  3      0 69330664  11580  73376    0    0 98432     0 148205 257058 50 14 17 17  2	
14  4      0 69330664  11580  73376    0    0 98336     0 148569 256178 49 16 18 17  1	
16  4      0 69330664  11580  73376    0    0 98576     8 148743 257791 50 15 17 16  1	
13  6      0 69330664  11580  73376    0    0 98208     0 145307 257046 49 17 17 16  1	
12  5      0 69330664  11588  73368    0    0 97312    24 147248 257198 51 14 17 17  1	
procs -----------memory---------- ---swap-- -----io---- --system-- -----cpu-----
 r  b   swpd   free   buff  cache   si   so    bi    bo   in   cs us sy id wa st
12  4      0 69330664  11588  73376    0    0 97920     0 147214 257283 51 15 17 16  1	
14  3      0 69330664  11588  73376    0    0 98896     0 144871 257340 50 16 17 16  1	
16  3      0 69330664  11588  73376    0    0 98160    24 144567 256355 51 16 16 16  1	
15  3      0 69330664  11588  73376    0    0 98048     0 147777 257383 49 16 18 16  1	
14  5      0 69330664  11588  73376    0    0 96432     0 145927 255534 51 14 18 16  1	
12  5      0 69330664  11596  73376    0    0 96432    12 145231 257169 51 15 17 16  1	
16  2      0 69330664  11596  73376    0    0 96656     0 140411 252722 51 15 16 16  1	
16  2      0 69330664  11596  73376    0    0 97344     0 143892 256760 51 16 17 16  1	
14  4      0 69330664  11596  73376    0    0 97072     0 146354 256092 49 16 17 16  1	
18  2      0 69330664  11596  73376    0    0 97424     0 148802 256969 49 16 18 16  1	
12  5      0 69330664  11604  73368    0    0 97136    12 147748 254990 49 15 18 16  1	
15  3      0 69330664  11604  73376    0    0 98560     0 147507 257419 49 16 17 16  1	
12  5      0 69330664  11604  73376    0    0 97376     0 145094 258431 50 17 16 16  1	
17  1      0 69330664  11604  73376    0    0 97824     0 147206 257826 50 16 17 16  1	
13  3      0 69330664  11604  73380    0    0 99792     0 143459 256922 52 15 16 16  1	
18  3      0 69330664  11604  73380    0    0 98208     0 148015 257349 49 16 17 17  1	
14  5      0 69330664  11612  73380    0    0 95664    12 145544 254722 51 14 17 16  1	
12  6      0 69330664  11612  73380    0    0 99792     0 145811 257218 50 16 17 16  1	
13  5      0 69330664  11612  73380    0    0 98304     8 148906 257200 50 14 18 17  1	
10  7      0 69330664  11612  73380    0    0 98544     0 143455 257851 50 16 16 16  1	
20  3      0 69330664  11612  73380    0    0 98288     0 146893 256802 52 14 17 17  1	
procs -----------memory---------- ---swap-- -----io---- --system-- -----cpu-----
 r  b   swpd   free   buff  cache   si   so    bi    bo   in   cs us sy id wa st
12  7      0 69330664  11620  73372    0    0 98672    24 147268 257565 50 16 17 16  1	
17  2      0 69330664  11620  73380    0    0 99920     0 148436 257116 50 15 17 16  1	
12  7      0 69330664  11620  73380    0    0 99456     0 147239 256491 50 15 17 17  1	
14  3      0 69330664  11620  73380    0    0 99440     0 145735 254909 51 14 17 16  1	
12  4      0 69330664  11620  73380    0    0 96336     0 147820 257161 50 16 17 16  1	
11  7      0 69330664  11620  73380    0    0 97616     0 150282 257022 50 14 18 17  1	
11  5      0 69330664  11628  73380    0    0 97520    12 144502 258129 50 16 16 16  1	
12  6      0 69330664  11628  73380    0    0 96352     4 149154 257274 50 15 17 17  1	
15  3      0 69330664  11628  73380    0    0 96416     0 145076 257644 49 16 17 16  1	
15  4      0 69330664  11628  73380    0    0 99408     0 145258 257418 51 15 16 16  1	
19  2      0 69330664  11628  73380    0    0 99296     0 147375 257476 51 14 17 17  1	
12  4      0 69330664  11636  73372    0    0 97616    12 145117 257967 51 16 16 16  1	
17  1      0 69330664  11636  73380    0    0 98464     0 145806 257386 50 15 17 16  1	
18  3      0 69330664  11636  73380    0    0 96752     0 143990 250342 50 14 18 17  1	
13  6      0 69330664  11636  73380    0    0 99280     0 144663 257466 51 16 17 16  1	
15  2      0 69330664  11636  73384    0    0 97104     0 145196 256852 50 16 17 16  1	
13  4      0 69330664  11636  73384    0    0 97952     0 145911 257582 51 14 17 16  1	
19  2      0 69330664  11644  73384    0    0 99168    24 145543 257498 49 16 17 16  1	
14  4      0 69330664  11644  73384    0    0 99088     0 143600 257723 50 16 17 17  1	
13  5      0 69330664  11644  73384    0    0 96992     0 146643 255953 48 16 17 17  1	
12  5      0 69330664  11644  73384    0    0 98048     0 150592 257209 48 15 18 17  1	
procs -----------memory---------- ---swap-- -----io---- --system-- -----cpu-----
 r  b   swpd   free   buff  cache   si   so    bi    bo   in   cs us sy id wa st
14  3      0 69330664  11644  73384    0    0 97776     0 147905 257523 50 16 17 16  1	
19  0      0 69330664  11652  73376    0    0 98224    12 147116 256967 51 14 17 16  1	
17  2      0 69330664  11652  73384    0    0 96656     0 144474 251534 50 14 18 17  1	
14  5      0 69330664  11652  73384    0    0 99520     0 147323 256904 51 15 17 17  1	
13  5      0 69330664  11652  73384    0    0 97200     0 147114 257069 50 15 17 16  1	
14  3      0 69328968  11652  73388    0    0 99792     0 148363 257775 51 16 16 16  1	
21  1      0 69328832  11652  73388    0    0 98576     8 147796 256756 50 15 17 17  1	
15  4      0 69328832  11660  73388    0    0 98464    32 145049 256271 51 15 17 17  1	
19  1      0 69328832  11660  73388    0    0 98240     0 144986 257398 52 15 16 16  1	
12  6      0 69328832  11660  73388    0    0 95232     0 142869 251166 50 14 16 19  1	
13  6      0 69328832  11660  73388    0    0 96592     0 145495 257389 51 15 17 16  1	
17  1      0 69328832  11660  73388    0    0 97968     0 146019 257106 49 15 17 17  1	
11  6      0 69328832  11668  73380    0    0 93184    12 143816 247415 49 14 18 18  1	
16  3      0 69328832  11668  73388    0    0 96112     0 148492 256801 49 15 17 17  1	
15  5      0 69328832  11668  73388    0    0 94880     0 150410 255007 49 15 18 17  1	
18  2      0 69328832  11668  73388    0    0 96176     0 148607 256578 50 15 17 16  1	
13  4      0 69328832  11668  73388    0    0 98080     0 149682 255887 51 13 18 17  1	
14  3      0 69328832  11668  73388    0    0 98048     8 148987 257692 50 15 17 17  1	
13  3      0 69328832  11676  73388    0    0 97536    24 149810 253960 49 14 18 18  1	
11  8      0 69328832  11676  73388    0    0 95424     0 147544 257024 50 15 17 16  1	
16  4      0 69328832  11676  73388    0    0 97360     0 148551 256322 49 15 17 17  1	
procs -----------memory---------- ---swap-- -----io---- --system-- -----cpu-----
 r  b   swpd   free   buff  cache   si   so    bi    bo   in   cs us sy id wa st
17  1      0 69328832  11676  73388    0    0 95456     0 146078 254755 50 14 17 17  1	
15  4      0 69328832  11676  73388    0    0 97376     0 144797 253881 50 16 17 16  1	
14  6      0 69328832  11684  73380    0    0 96080    12 141866 257451 52 15 16 16  1	
14  4      0 69328712  11684  73388    0    0 99600     0 146952 256060 51 15 16 17  1	
17  5      0 69328712  11684  73388    0    0 97184     0 146410 253878 47 16 17 18  1	
20  1      0 69328712  11684  73388    0    0 97296     0 148353 255118 50 14 18 17  1	
16  2      0 69328712  11684  73388    0    0 96656     0 151344 256516 49 15 18 17  1	
17  1      0 69328712  11684  73388    0    0 97504     0 148185 257679 50 15 17 16  1	
13  4      0 69328712  11692  73388    0    0 97152    12 149440 256864 50 15 17 17  1	
14  3      0 69328712  11692  73388    0    0 97456     0 146571 257183 50 15 17 16  1	
15  4      0 69328712  11692  73388    0    0 97968     0 146056 257293 49 17 17 16  1	
14  4      0 69328712  11692  73388    0    0 94720    24 147220 254198 49 15 18 17  1	
14  2      0 69328712  11692  73388    0    0 96272     0 150644 256427 49 15 18 17  1	
13  3      0 69328712  11700  73380    0    0 95776    12 147655 255733 50 14 18 17  1	
13  6      0 69328712  11700  73388    0    0 96816     0 148946 256988 50 15 17 16  1	
11  6      0 69328712  11700  73388    0    0 97152     0 145696 257043 49 16 17 16  1	
15  4      0 69328712  11700  73392    0    0 98432    16 147047 256955 50 16 17 16  1	
12  4      0 69328712  11700  73396    0    0 97216     0 144980 257402 51 16 17 15  1	
