procs -----------memory---------- ---swap-- -----io---- --system-- -----cpu-----
 r  b   swpd   free   buff  cache   si   so    bi    bo   in   cs us sy id wa st
 1  0      0 47144332  10988  68896    0    0  1488     4  483   82 18  6 71  5  0	
12  0      0 47128848  10996  68912    0    0   432    36 220648 228992 16  5 76  0  2	
11  0      0 47128104  10996  68912    0    0   384     0 218517 229140 17  4 76  0  2	
 9  0      0 47127608  10996  68912    0    0   416     0 218462 228842 16  6 76  0  2	
10  0      0 47127360  10996  68912    0    0   496     0 218316 229363 17  4 76  0  3	
10  0      0 47126616  10996  68912    0    0   368     0 216697 226162 17  5 76  0  2	
11  0      0 47126616  10996  68912    0    0   512     8 218336 227443 18  4 76  0  2	
 9  0      0 47125872  11004  68912    0    0   432    12 218099 227515 17  5 75  0  2	
 8  0      0 47125376  11004  68912    0    0   416     0 219071 229340 17  5 76  0  2	
11  0      0 47124756  11004  68912    0    0   448     0 220023 228820 17  5 76  0  2	
 8  0      0 47124756  11004  68912    0    0   464     0 218285 228958 16  5 76  0  2	
 9  0      0 47123764  11004  68912    0    0   720     0 218455 228370 17  5 76  0  2	
 8  0      0 47123516  11012  68912    0    0   416    12 219576 229739 16  5 76  0  2	
 9  0      0 47122896  11012  68912    0    0   448     0 218709 229523 18  5 75  0  2	
10  0      0 47122648  11012  68912    0    0   384     0 219230 229750 17  4 76  0  2	
 9  0      0 47122400  11012  68912    0    0   400     0 215189 225217 18  5 75  0  2	
 8  0      0 47121532  11012  68912    0    0   336     0 219487 229399 17  5 76  0  2	
 8  0      0 47121160  11012  68912    0    0   464     0 216047 226000 17  5 76  0  2	
 8  0      0 47121036  11020  68912    0    0   384    12 215746 226079 17  5 76  0  2	
11  0      0 47120788  11020  68912    0    0   560     0 219700 229819 18  4 75  0  2	
 9  0      0 47120168  11020  68912    0    0   368     0 219514 228981 17  4 76  0  2	
procs -----------memory---------- ---swap-- -----io---- --system-- -----cpu-----
 r  b   swpd   free   buff  cache   si   so    bi    bo   in   cs us sy id wa st
11  0      0 47120044  11020  68912    0    0   272     0 220305 229613 16  6 76  0  2	
10  0      0 47119300  11020  68912    0    0   368     0 220449 229234 17  4 77  0  2	
 9  0      0 47119052  11028  68912    0    0   256    12 220728 229738 16  5 77  0  2	
 8  0      0 47118680  11028  68912    0    0   384     0 219472 229042 17  5 76  0  2	
 9  0      0 47118432  11028  68912    0    0   432     0 217197 226849 18  4 75  0  2	
 8  0      0 47117812  11028  68912    0    0   496     0 219419 229608 16  5 77  0  2	
 8  0      0 47117564  11028  68912    0    0   304     0 219365 228835 17  5 75  0  2	
10  0      0 47117004  11028  68912    0    0   448     0 219154 230026 17  5 76  0  2	
 8  0      0 47116632  11036  68912    0    0   384    12 220406 230464 17  5 76  0  2	
11  0      0 47115888  11036  68912    0    0   432     0 218461 229040 17  5 76  0  2	
 9  0      0 47115640  11036  68912    0    0   288    36 217003 227036 17  5 75  0  2	
11  0      0 47115268  11036  68912    0    0   368     0 217996 227631 16  5 76  0  2	
 8  0      0 47115268  11036  68916    0    0   384     0 220435 229712 17  5 76  0  2	
10  0      0 47114772  11044  68916    0    0   336    24 218378 229061 16  5 76  0  2	
 8  0      0 47114524  11044  68916    0    0   368     0 216838 225817 16  5 77  0  2	
 8  0      0 47113028  11044  68916    0    0   352     0 218970 228874 16  5 76  0  2	
 8  0      0 47112276  11044  68916    0    0   368     0 217122 226562 17  5 76  0  2	
10  0      0 47111656  11044  68916    0    0   352     0 220246 229409 16  6 76  0  2	
 9  0      0 47111532  11044  68916    0    0   320     0 221082 230407 16  6 76  0  2	
10  0      0 47111036  11052  68916    0    0   384    16 220246 229567 16  5 77  0  2	
 8  0      0 47110788  11052  68916    0    0   480     0 220206 229734 16  5 77  0  2	
procs -----------memory---------- ---swap-- -----io---- --system-- -----cpu-----
 r  b   swpd   free   buff  cache   si   so    bi    bo   in   cs us sy id wa st
10  0      0 47110416  11052  68916    0    0   208     0 221403 229888 16  5 76  0  2	
 9  0      0 47110292  11052  68920    0    0   320     0 217198 226882 17  4 76  0  2	
 8  0      0 47110556  11052  68924    0    0   288     0 220350 229616 16  6 75  0  2	
 9  0      0 47110060  11060  68924    0    0   320    20 218824 227496 17  5 76  0  2	
10  0      0 47109812  11060  68924    0    0   400     0 219245 228953 17  5 76  0  2	
10  0      0 47109688  11060  68924    0    0   384     0 217410 227924 18  4 75  0  2	
 8  1      0 47109192  11060  68924    0    0   448     0 217054 228898 17  5 76  0  2	
 8  0      0 47108944  11060  68924    0    0   352     0 218932 228874 17  5 76  0  2	
11  0      0 47108416  11060  68924    0    0   288     0 220366 229153 17  5 75  0  2	
 8  0      0 47108044  11068  68924    0    0   400    12 219518 229717 18  5 75  0  2	
11  0      0 47107796  11068  68924    0    0   528     0 218151 228782 18  5 75  0  2	
 8  0      0 47107672  11068  68924    0    0   192     0 219317 229114 17  5 76  0  2	
11  0      0 47107300  11068  68924    0    0   288     0 219445 228965 18  4 76  0  2	
 9  0      0 47107176  11068  68924    0    0   336     0 217877 226193 16  5 77  0  3	
12  0      0 47106804  11076  68924    0    0   400    12 215884 224558 18  4 76  0  2	
10  0      0 47106184  11076  68924    0    0   256     0 219479 228983 18  5 75  0  2	
 9  0      0 47105936  11076  68924    0    0   352     0 219151 229415 16  5 77  0  2	
 9  0      0 47105688  11076  68924    0    0   368     0 219516 229128 17  4 77  0  2	
10  0      0 47105316  11076  68924    0    0   416     0 219403 229946 18  5 75  0  2	
 9  0      0 47105192  11084  68924    0    0   416    12 220539 229159 16  5 77  0  2	
10  0      0 47104820  11084  68924    0    0   352    16 220145 229078 17  5 76  0  2	
procs -----------memory---------- ---swap-- -----io---- --system-- -----cpu-----
 r  b   swpd   free   buff  cache   si   so    bi    bo   in   cs us sy id wa st
10  0      0 47104076  11084  68924    0    0   336     0 219973 229133 17  5 76  0  2	
 9  0      0 47103704  11084  68924    0    0   384     0 219299 229437 16  5 76  0  2	
10  0      0 47103580  11084  68924    0    0   368     0 217009 226209 17  5 76  0  2	
 9  0      0 47103456  11084  68924    0    0   224     0 217652 229267 17  4 76  0  2	
11  0      0 47103208  11092  68924    0    0   320    52 217406 226493 18  5 75  0  2	
 9  0      0 47102712  11092  68928    0    0   304     0 217942 227740 17  5 75  0  2	
10  0      0 47102464  11092  68928    0    0   352     0 219051 228973 17  5 76  0  2	
 8  0      0 47102092  11092  68928    0    0   432     0 218559 228967 16  5 76  0  2	
 9  0      0 47101720  11092  68928    0    0   208     0 217995 229128 16  5 77  0  2	
10  0      0 47101348  11100  68924    0    0   416    28 220048 229192 15  4 78  0  2	
11  0      0 47101224  11100  68928    0    0   352     0 217764 228936 17  5 76  0  2	
11  0      0 47100604  11100  68928    0    0   352     0 218146 229680 17  5 76  0  2	
10  0      0 47099984  11100  68928    0    0   512     0 217237 225699 15  4 78  0  3	
 8  0      0 47099860  11100  68928    0    0   320     0 218379 229041 17  5 76  0  2	
 9  0      0 47099364  11100  68928    0    0   432     0 216499 228246 17  4 76  0  2	
 9  0      0 47098992  11108  68928    0    0   240    16 218449 226960 17  5 76  0  2	
 9  0      0 47098868  11108  68928    0    0   320     0 219135 229782 16  4 77  0  2	
10  0      0 47098620  11108  68928    0    0   272     0 219277 229059 18  4 76  0  2	
11  0      0 47098124  11108  68928    0    0   608     0 217470 228110 17  5 75  0  2	
 8  0      0 47098000  11108  68928    0    0   368     0 217711 228149 16  4 77  0  2	
11  0      0 47097256  11116  68924    0    0   384    12 219421 229295 16  5 76  0  2	
procs -----------memory---------- ---swap-- -----io---- --system-- -----cpu-----
 r  b   swpd   free   buff  cache   si   so    bi    bo   in   cs us sy id wa st
 9  0      0 47096760  11116  68928    0    0   400     0 218260 228994 16  5 76  0  2	
 9  0      0 47096636  11116  68932    0    0   400     0 217771 225866 17  5 76  0  2	
 9  0      0 47096140  11116  68932    0    0   400     0 219952 228821 17  5 76  0  2	
12  0      0 47095520  11116  68932    0    0   368     0 217387 226432 18  4 76  0  2	
 8  0      0 47095148  11124  68932    0    0   352    12 219592 228503 16  6 76  0  2	
 9  0      0 47094776  11124  68932    0    0   352     0 218373 229349 16  5 76  0  2	
 9  0      0 47094404  11124  68932    0    0   272     0 219104 229093 17  5 76  0  2	
11  0      0 47094280  11124  68932    0    0   288     0 218944 229499 16  4 77  0  2	
 9  0      0 47093908  11124  68932    0    0   416     0 219167 229223 17  5 76  0  2	
 9  0      0 47093536  11124  68932    0    0   416    16 219325 229483 17  5 76  0  2	
11  0      0 47093040  11132  68932    0    0   288    24 218467 229864 17  4 76  0  2	
11  0      0 47092916  11132  68932    0    0   304     0 216673 225650 17  4 76  0  3	
 9  0      0 47092668  11132  68932    0    0   240     0 219148 229612 16  5 77  0  2	
 9  0      0 47092544  11132  68932    0    0   208     0 217745 226337 17  4 76  0  3	
 9  0      0 47091800  11132  68932    0    0   288     0 218520 229346 17  5 76  0  2	
11  0      0 47091676  11140  68928    0    0   320    12 218929 229056 16  5 77  0  2	
 9  0      0 47091552  11140  68932    0    0   368     0 218622 228742 17  4 76  0  2	
 8  0      0 47091304  11140  68932    0    0   352     0 218272 230078 17  5 75  0  2	
 9  0      0 47091056  11140  68936    0    0   256     0 218452 228770 16  4 77  0  2	
10  0      0 47090684  11140  68936    0    0   336    24 219250 229413 17  5 77  0  2	
10  0      0 47089940  11140  68936    0    0   368     0 217895 228985 17  5 75  0  2	
procs -----------memory---------- ---swap-- -----io---- --system-- -----cpu-----
 r  b   swpd   free   buff  cache   si   so    bi    bo   in   cs us sy id wa st
 9  0      0 47089816  11148  68936    0    0   272    12 217892 226700 17  4 76  0  2	
10  0      0 47089444  11148  68936    0    0   320     0 218023 227187 17  4 76  0  2	
11  0      0 47089072  11148  68936    0    0   480     0 218531 227762 17  5 75  0  2	
 9  0      0 47088824  11148  68936    0    0   320     0 219190 229459 16  5 77  0  2	
10  0      0 47088328  11148  68936    0    0   272     0 219462 229262 17  4 76  0  2	
 9  0      0 47088080  11156  68928    0    0   304    12 219572 228491 17  5 76  0  2	
 8  0      0 47087832  11156  68936    0    0   144     0 218941 229743 17  5 76  0  2	
 8  0      0 47087708  11156  68936    0    0   240     0 218684 229302 16  5 76  0  2	
10  0      0 47087336  11156  68936    0    0   208     0 219436 229641 16  6 76  0  2	
10  0      0 47087088  11156  68936    0    0   352     0 220941 230436 16  6 76  0  2	
 8  0      0 47086716  11156  68936    0    0   320     0 216309 225948 17  4 76  0  3	
 9  0      0 47086468  11164  68936    0    0   256    12 217814 226904 17  6 75  0  2	
10  0      0 47086344  11164  68936    0    0   208     0 218046 228091 17  5 76  0  2	
 9  0      0 47085848  11164  68936    0    0   352     0 218786 229103 16  5 76  0  2	
10  0      0 47085600  11164  68936    0    0   336     0 219074 229720 17  5 76  0  2	
11  0      0 47085104  11164  68936    0    0   352     0 218252 229895 17  5 76  0  2	
 8  0      0 47084856  11172  68932    0    0   336    12 218741 229184 16  5 76  0  2	
 9  0      0 47084732  11172  68936    0    0   224     0 219576 228968 18  4 76  0  2	
10  0      0 47084608  11172  68936    0    0   304     0 218775 229610 16  5 77  0  2	
 8  0      0 47084236  11172  68936    0    0   208    16 219722 229749 17  5 76  0  2	
 8  0      0 47083988  11172  68936    0    0   288     0 217080 226300 17  5 75  0  2	
procs -----------memory---------- ---swap-- -----io---- --system-- -----cpu-----
 r  b   swpd   free   buff  cache   si   so    bi    bo   in   cs us sy id wa st
10  1      0 47083740  11172  68936    0    0   320    16 219896 229743 16  4 77  0  2	
 9  0      0 47083244  11180  68940    0    0   272     4 215703 226493 18  4 76  0  2	
 8  0      0 47082996  11180  68940    0    0   272     0 218077 228566 18  5 75  0  2	
10  0      0 47082748  11180  68940    0    0   352     0 220401 229556 17  5 75  0  2	
10  0      0 47082252  11180  68940    0    0   368     0 219600 229142 15  6 77  0  2	
 8  0      0 47081880  11180  68940    0    0   272     0 213841 225265 17  4 76  0  2	
10  0      0 47081756  11188  68940    0    0   224    12 219505 229385 16  5 77  0  2	
 9  0      0 47081508  11188  68940    0    0   304     0 217672 229741 17  5 75  0  2	
10  0      0 47081012  11188  68940    0    0   288     0 220406 230695 17  4 77  0  2	
10  0      0 47080640  11188  68940    0    0   288     0 216109 226511 17  5 75  0  2	
 9  0      0 47080640  11188  68944    0    0   320     0 218851 228445 17  4 77  0  2	
 9  0      0 47080268  11196  68936    0    0   208    12 218445 229049 17  5 76  0  2	
10  0      0 47080144  11196  68944    0    0   448     0 218112 229298 16  5 76  0  3	
 9  0      0 47079648  11196  68944    0    0   304     8 221130 230889 16  4 77  0  2	
11  0      0 47079276  11196  68944    0    0   256     0 219012 229444 16  5 76  0  2	
 8  0      0 47078904  11196  68944    0    0   384     0 218520 228778 18  4 76  0  2	
 9  0      0 47078656  11196  68944    0    0   208     0 219380 228538 16  5 76  0  2	
 9  0      0 47078036  11204  68944    0    0   400    12 218887 228397 17  5 75  0  2	
10  0      0 47077788  11204  68944    0    0   384     0 217613 228750 17  5 76  0  2	
 8  0      0 47077540  11204  68944    0    0   256     0 216834 226124 16  5 76  0  2	
 9  0      0 47077292  11204  68944    0    0   208     0 219832 229201 15  5 77  0  2	
procs -----------memory---------- ---swap-- -----io---- --system-- -----cpu-----
 r  b   swpd   free   buff  cache   si   so    bi    bo   in   cs us sy id wa st
 9  0      0 47077044  11204  68944    0    0   304     0 217298 226944 18  4 75  0  2	
 9  0      0 47076920  11212  68936    0    0   240    12 220076 229414 17  4 76  0  2	
12  0      0 47076424  11212  68944    0    0   368     0 218408 229133 17  4 76  0  2	
10  0      0 47076300  11212  68944    0    0   256     0 220089 229375 16  6 76  0  2	
10  0      0 47076052  11212  68944    0    0   256     0 216370 226181 18  5 75  0  2	
 9  0      0 47075680  11212  68944    0    0   288     0 219869 229327 17  5 75  0  2	
 9  0      0 47075184  11212  68944    0    0   304     0 219640 229287 16  5 77  0  2	
12  0      0 47073936  11220  68944    0    0   320    12 218845 229595 17  5 75  0  2	
10  0      0 47073028  11220  68944    0    0   304     0 217836 227376 17  5 75  0  2	
 9  0      0 47073028  11220  68944    0    0   256     0 218292 228448 17  4 76  0  2	
 9  0      0 47073448  11220  68944    0    0   368     0 218945 228548 18  5 75  0  2	
11  0      0 47073324  11220  68944    0    0   192     0 218820 228499 16  5 76  0  2	
10  0      0 47073200  11228  68936    0    0   160    20 219281 228971 17  5 76  0  2	
 9  0      0 47073200  11228  68944    0    0   208    16 219471 229214 16  5 76  0  2	
10  0      0 47073076  11228  68944    0    0   240     0 218499 230016 16  5 77  0  3	
 8  0      0 47072828  11228  68944    0    0   272     0 219258 229418 16  5 76  0  2	
 9  0      0 47072332  11228  68944    0    0   224     0 218174 229307 17  5 75  0  2	
 9  0      0 47072208  11228  68944    0    0   304     0 219720 229179 17  5 76  0  2	
 8  0      0 47071836  11236  68944    0    0   272    20 216685 226210 17  4 77  0  3	
10  0      0 47071340  11236  68944    0    0   368     0 218858 227784 17  5 75  0  2	
10  0      0 47071092  11236  68944    0    0   240     0 216492 226756 17  4 76  0  3	
procs -----------memory---------- ---swap-- -----io---- --system-- -----cpu-----
 r  b   swpd   free   buff  cache   si   so    bi    bo   in   cs us sy id wa st
 9  0      0 47071092  11236  68948    0    0   176     0 218638 229230 17  5 76  0  2	
11  0      0 47070844  11236  68948    0    0   272     0 220249 229559 16  4 77  0  2	
10  0      0 47070596  11244  68944    0    0   256    12 218583 229891 18  4 75  0  2	
 8  0      0 47070224  11244  68952    0    0   256     0 219795 229067 16  6 76  0  2	
 9  0      0 47069852  11244  68952    0    0   512     0 219447 228821 16  5 76  0  2	
11  0      0 47069480  11244  68952    0    0   208     0 217791 228805 16  5 76  0  2	
11  0      0 47069108  11244  68952    0    0   192     0 219347 229694 16  5 76  0  2	
10  0      0 47068984  11244  68952    0    0   224    16 216083 225959 17  5 76  0  2	
 8  0      0 47068984  11252  68952    0    0   240    12 218300 228311 16  4 77  0  2	
10  0      0 47068736  11252  68952    0    0   320     0 219263 228538 17  4 76  0  2	
 8  0      0 47068364  11252  68952    0    0   304     0 218628 229318 17  5 75  0  2	
10  0      0 47067868  11252  68952    0    0   336     0 219308 228997 17  5 76  0  2	
 8  0      0 47067620  11252  68952    0    0   240     0 219180 229180 17  5 76  0  2	
10  0      0 47067372  11260  68944    0    0   400    12 217803 228065 17  5 76  0  2	
 8  0      0 47067372  11260  68952    0    0   224     0 216954 228838 17  5 75  0  2	
10  0      0 47067248  11260  68952    0    0   160     0 220041 229115 17  5 76  0  2	
 9  0      0 47067124  11260  68952    0    0   288     0 219516 229726 17  5 76  0  2	
10  0      0 47067000  11260  68952    0    0   256     4 217774 226692 17  4 76  0  3	
 9  0      0 47066628  11260  68952    0    0   288     0 220521 229433 16  5 76  0  2	
 8  1      0 47066132  11268  68952    0    0   368    12 216802 225820 18  5 75  0  2	
 9  0      0 47065636  11268  68952    0    0   240     0 219345 229074 16  5 76  0  2	
procs -----------memory---------- ---swap-- -----io---- --system-- -----cpu-----
 r  b   swpd   free   buff  cache   si   so    bi    bo   in   cs us sy id wa st
 8  0      0 47065388  11268  68952    0    0   272     0 219131 229373 16  5 76  0  2	
 9  0      0 47065264  11268  68952    0    0   208     4 218967 229615 18  5 75  0  2	
 8  0      0 47065016  11268  68952    0    0   144     0 219574 229624 16  5 76  0  2	
 8  0      0 47064892  11276  68944    0    0   208    12 219791 229079 16  5 77  0  2	
10  0      0 47064644  11276  68952    0    0   368     0 219967 229067 16  5 77  0  2	
10  0      0 47064520  11276  68952    0    0   176     0 219133 229548 17  5 76  0  2	
 8  0      0 47064520  11284  68944    0    0   256    16 216711 226417 16  4 77  0  2	
11  0      0 47063900  11284  68952    0    0   208     0 218622 227957 17  5 76  0  2	
10  0      0 47063652  11284  68952    0    0   288     0 217889 227725 18  5 75  0  2	
 8  0      0 47063280  11292  68952    0    0   160    32 219469 228900 16  5 76  0  2	
 8  0      0 47063032  11292  68952    0    0   320     0 219244 229513 17  4 77  0  2	
 9  0      0 47062908  11292  68952    0    0   160     0 219664 229605 17  4 76  0  2	
 9  1      0 47062908  11292  68952    0    0   320     0 219490 229467 16  6 76  0  2	
 7  1      0 47062164  11292  68952    0    0   368     0 219998 228930 17  6 75  0  2	
 9  0      0 47062040  11300  68948    0    0   208    12 219297 229809 17  5 76  0  2	
 9  0      0 47061916  11300  68956    0    0   208     0 219150 229425 17  5 76  0  2	
 8  0      0 47061916  11300  68956    0    0   176     0 216463 225158 16  6 76  0  2	
 8  0      0 47061668  11300  68956    0    0   176    20 217735 227484 17  5 76  0  2	
 8  0      0 47061172  11300  68956    0    0   288     0 218621 228757 17  5 76  0  2	
 9  0      0 47060924  11300  68956    0    0   304     0 219190 229365 17  5 76  0  2	
 8  0      0 47060676  11308  68956    0    0   288    12 219557 229481 17  5 76  0  2	
procs -----------memory---------- ---swap-- -----io---- --system-- -----cpu-----
 r  b   swpd   free   buff  cache   si   so    bi    bo   in   cs us sy id wa st
10  0      0 47060676  11308  68956    0    0   224     0 219940 229678 18  5 75  0  2	
 8  0      0 47060180  11308  68956    0    0   160     0 218804 229546 16  5 76  0  2	
 9  0      0 47060180  11308  68956    0    0   224     0 219362 229467 17  6 75  0  2	
 9  0      0 47059808  11308  68960    0    0   160     0 218333 229347 17  5 76  0  2	
 8  0      0 47059808  11316  68952    0    0   192    12 219776 229598 17  5 76  0  2	
 9  0      0 47059188  11316  68960    0    0   304     0 216523 226344 18  4 76  0  2	
10  0      0 47058816  11316  68960    0    0   176     0 219714 229707 17  5 75  0  2	
11  0      0 47058816  11316  68960    0    0   176     0 218826 226998 17  5 76  0  3	
 9  0      0 47058816  11316  68960    0    0   240     0 219476 228186 16  5 77  0  2	
 8  0      0 47058692  11316  68960    0    0   304     0 219463 229589 16  5 76  0  2	
 9  0      0 47058568  11324  68960    0    0   192    12 219616 229287 17  4 77  0  2	
10  0      0 47058444  11324  68960    0    0   256     0 218552 228977 18  5 76  0  2	
 8  0      0 47057824  11324  68960    0    0   256     0 218619 230112 16  5 76  0  2	
10  0      0 47057452  11324  68960    0    0   368     0 218668 228394 17  4 76  0  2	
 8  0      0 47057080  11324  68960    0    0   240     0 220315 229192 17  5 75  0  2	
 9  0      0 47056832  11332  68956    0    0   176    16 216813 225939 17  5 76  0  2	
 8  0      0 47055452  11332  68960    0    0   160    16 219482 229817 18  6 74  0  2	
13  0      0 47055172  11332  68964    0    0   384     0 218551 227139 17  5 76  0  2	
 9  0      0 47055172  11332  68964    0    0   208     0 217136 228939 18  5 75  0  2	
11  0      0 47055400  11332  68964    0    0   256     0 220497 230674 16  5 76  0  2	
10  0      0 47055152  11332  68964    0    0   176     0 218657 229550 17  5 76  0  2	
procs -----------memory---------- ---swap-- -----io---- --system-- -----cpu-----
 r  b   swpd   free   buff  cache   si   so    bi    bo   in   cs us sy id wa st
10  0      0 47054904  11340  68964    0    0   192    36 218457 229504 17  5 75  0  2	
10  0      0 47054656  11340  68964    0    0   272     0 218419 228647 17  5 76  0  2	
11  0      0 47054284  11340  68964    0    0   208     0 217287 226882 17  5 76  0  2	
12  0      0 47054284  11340  68964    0    0   160     0 219527 229799 16  5 76  0  2	
 9  0      0 47054160  11340  68964    0    0   208     0 218589 226048 17  5 76  0  2	
 8  0      0 47054160  11348  68964    0    0   208    12 219679 229188 16  5 77  0  2	
 8  0      0 47054036  11348  68968    0    0   144     0 218677 228003 17  5 76  0  2	
 9  0      0 47053788  11348  68968    0    0   272     0 219768 229652 16  5 77  0  2	
 9  0      0 47053292  11348  68968    0    0   144     0 218681 229228 16  5 77  0  2	
 9  0      0 47053292  11348  68968    0    0   240     0 219137 229910 17  5 76  0  2	
 9  0      0 47052796  11348  68968    0    0   240    24 218772 229313 16  5 77  0  2	
 9  0      0 47052796  11356  68968    0    0   224    12 219374 228933 16  5 76  0  2	
10  0      0 47052672  11356  68968    0    0   208     0 218787 229412 17  5 76  0  2	
11  0      0 47052300  11356  68968    0    0   208     0 220261 228743 17  5 75  0  2	
 9  0      0 47051928  11356  68968    0    0   256     0 217598 226507 17  5 75  0  2	
10  0      0 47051928  11356  68968    0    0   160     0 218779 228373 16  5 76  0  2	
10  0      0 47051928  11364  68960    0    0   224    12 217843 227993 16  4 78  0  2	
 9  0      0 47048208  11364  68972    0    0   288     0 223171 232941 19  7 71  0  2	
 9  0      0 47048208  11364  68972    0    0   176     0 219372 229219 17  5 76  0  2	
10  0      0 47048208  11364  68972    0    0   368     0 218537 229223 16  5 76  0  2	
10  0      0 47048208  11364  68972    0    0   144     0 219986 229044 15  5 77  0  2	
procs -----------memory---------- ---swap-- -----io---- --system-- -----cpu-----
 r  b   swpd   free   buff  cache   si   so    bi    bo   in   cs us sy id wa st
 9  1      0 47048208  11364  68972    0    0   112    16 219700 230126 16  6 76  0  2	
 8  0      0 47048084  11372  68972    0    0   272     4 219719 229667 16  5 76  0  2	
11  0      0 47047960  11372  68972    0    0   256     0 219146 228592 17  5 76  0  2	
 9  0      0 47047960  11372  68972    0    0   208     0 217282 226754 17  5 75  0  2	
 8  0      0 47047836  11372  68976    0    0   224     0 215848 225698 18  4 76  0  2	
 8  0      0 47047776  11372  68976    0    0   176    32 215794 224664 17  5 76  0  2	
10  0      0 47047776  11380  68976    0    0   176    44 217111 227409 18  5 75  0  2	
 9  0      0 47047528  11380  68976    0    0   224     0 218401 228143 17  5 76  0  2	
10  0      0 47047528  11380  68976    0    0   112     0 217961 227319 17  5 76  0  2	
10  0      0 47047528  11380  68976    0    0   272     0 218627 227920 17  5 76  0  2	
11  0      0 47047404  11380  68976    0    0   224     4 218121 227394 17  4 77  0  2	
 8  1      0 47047280  11388  68968    0    0   240    12 216166 227511 18  4 76  0  2	
10  0      0 47047032  11388  68976    0    0   192     0 217587 227228 17  6 75  0  2	
10  0      0 47046784  11388  68976    0    0   208     0 217084 225261 17  4 76  0  2	
10  0      0 47046660  11388  68976    0    0   144     0 216813 226077 18  4 75  0  2	
10  0      0 47046412  11388  68976    0    0   240     0 216231 224806 18  4 76  0  2	
 8  0      0 47046164  11388  68976    0    0   192     0 218406 229818 17  5 76  0  2	
 8  0      0 47046164  11396  68976    0    0   176    12 217617 229503 16  4 77  0  2	
10  0      0 47046164  11396  68976    0    0   176     0 221216 229723 16  5 76  0  2	
 8  0      0 47045792  11396  68980    0    0   192     0 218703 228671 16  5 76  0  2	
10  0      0 47045668  11396  68980    0    0   208    32 219983 229620 16  6 76  0  2	
procs -----------memory---------- ---swap-- -----io---- --system-- -----cpu-----
 r  b   swpd   free   buff  cache   si   so    bi    bo   in   cs us sy id wa st
 8  0      0 47045544  11396  68980    0    0   224     0 219334 229032 17  6 75  0  2	
 8  0      0 47045296  11404  68980    0    0   192    20 220311 230720 18  5 75  0  2	
10  0      0 47044676  11404  68980    0    0   240     0 217571 227692 17  5 76  0  2	
 9  0      0 47044428  11404  68980    0    0   192     0 219785 229732 17  5 76  0  2	
 9  0      0 47044428  11404  68980    0    0   256     0 216166 225461 16  5 76  0  2	
 9  0      0 47044428  11404  68980    0    0   208     0 217647 226832 16  5 77  0  2	
 9  0      0 47044272  11404  68980    0    0   352     0 219631 228564 16  5 76  0  2	
10  0      0 47043776  11412  68980    0    0   208    12 217412 226717 17  5 76  0  2	
10  0      0 47043280  11412  68980    0    0   272     0 220654 229040 17  5 76  0  3	
11  0      0 47043280  11412  68980    0    0   272     4 220370 229228 17  4 77  0  2	
10  0      0 47043280  11412  68980    0    0   208     0 218263 229159 18  5 75  0  2	
10  0      0 47043156  11412  68980    0    0   144     0 219355 229683 17  5 75  0  2	
 8  0      0 47043032  11420  68972    0    0   240    12 217757 226510 18  4 75  0  2	
10  0      0 47042660  11420  68980    0    0   144     0 216929 223766 17  5 75  0  2	
 8  1      0 47042660  11420  68980    0    0   224     8 215786 226753 18  4 75  0  2	
10  0      0 47042412  11420  68980    0    0   256     0 220479 230109 17  5 76  0  2	
 8  0      0 47042288  11420  68980    0    0   224     0 220435 229117 18  5 75  0  2	
 8  0      0 47042040  11420  68980    0    0   208     0 220019 229787 18  5 75  0  2	
 9  0      0 47041668  11428  68980    0    0   224    24 216367 225938 18  4 75  0  2	
10  0      0 47041544  11428  68980    0    0   144     0 215856 224329 18  5 74  0  2	
 9  0      0 47041544  11428  68980    0    0   176     4 215475 223593 18  5 75  0  2	
procs -----------memory---------- ---swap-- -----io---- --system-- -----cpu-----
 r  b   swpd   free   buff  cache   si   so    bi    bo   in   cs us sy id wa st
10  0      0 47040924  11428  68980    0    0   192     0 218526 227949 18  5 75  0  2	
11  0      0 47040800  11428  68980    0    0   288     0 216261 225933 19  4 75  0  2	
10  0      0 47040428  11436  68972    0    0   176    12 215030 223636 17  5 75  0  2	
11  0      0 47040304  11436  68980    0    0   256     0 214403 223359 18  4 75  0  2	
10  0      0 47040180  11436  68980    0    0   160     0 218824 227396 18  4 75  0  2	
 8  0      0 47040056  11436  68984    0    0   176     0 221064 229436 17  5 76  0  2	
 8  0      0 47039932  11436  68984    0    0   208     0 220596 230075 16  5 77  0  2	
 8  0      0 47039932  11436  68984    0    0   240     0 218351 227192 17  5 76  0  2	
 9  0      0 47039808  11444  68984    0    0   176    12 215529 225346 18  5 75  0  2	
 9  0      0 47039560  11444  68984    0    0   160     0 215051 224203 18  5 75  0  2	
 8  0      0 47039188  11444  68984    0    0   160     0 216678 227385 18  5 75  0  2	
10  0      0 47039064  11444  68988    0    0   144     0 215801 225197 18  4 75  0  2	
11  0      0 47038940  11444  68988    0    0   272     0 216424 224552 18  5 75  0  2	
 9  0      0 47038568  11452  68980    0    0   176    12 216966 226000 17  4 76  0  2	
10  0      0 47038320  11452  68988    0    0   144    28 215419 224216 17  5 76  0  2	
10  0      0 47037948  11452  68988    0    0   192     0 215052 223365 17  4 76  0  2	
10  0      0 47037948  11452  68988    0    0   144     0 217496 226733 17  5 75  0  2	
 9  0      0 47037824  11452  68988    0    0    96     0 219172 228926 17  5 77  0  2	
 8  0      0 47037576  11452  68988    0    0   256     0 220570 229007 16  6 76  0  2	
 9  0      0 47037576  11460  68988    0    0   144    12 220388 230082 16  5 77  0  2	
 9  0      0 47037576  11460  68988    0    0    96     0 219324 229883 17  5 75  0  2	
procs -----------memory---------- ---swap-- -----io---- --system-- -----cpu-----
 r  b   swpd   free   buff  cache   si   so    bi    bo   in   cs us sy id wa st
11  0      0 47037328  11460  68988    0    0   240     0 217618 226737 17  5 75  0  2	
 9  0      0 47036956  11460  68988    0    0   208     0 216194 225915 18  5 75  0  2	
 8  0      0 47036584  11460  68988    0    0   192     0 217518 226871 17  5 75  0  2	
11  0      0 47036584  11468  68984    0    0   320    12 217896 227042 17  4 76  0  2	
10  0      0 47036584  11468  68988    0    0   160     0 216790 227165 19  4 74  0  2	
 9  0      0 47036460  11468  68988    0    0   128     0 214101 223483 17  4 76  0  3	
 8  0      0 47036212  11468  68988    0    0   176     0 216421 225001 18  5 75  0  2	
 8  0      0 47035840  11468  68988    0    0   160     0 216167 225912 17  5 76  0  2	
10  0      0 47035716  11468  68988    0    0   192     8 218099 229833 16  5 76  0  2	
 9  0      0 47035468  11476  68988    0    0   176    24 217540 229777 18  5 75  0  2	
10  0      0 47035468  11476  68988    0    0   128     0 216622 226087 17  5 75  0  2	
 9  0      0 47035468  11476  68988    0    0   256     0 220490 230301 17  5 76  0  2	
10  0      0 47034972  11476  68988    0    0   192     0 216679 226602 18  4 75  0  2	
10  0      0 47034972  11476  68988    0    0   160     8 218716 229259 17  4 76  0  2	
 9  0      0 47034848  11484  68988    0    0   160    24 219466 229856 16  5 76  0  2	
 8  0      0 47034724  11484  68988    0    0   256     0 218808 229805 18  4 75  0  2	
 9  0      0 47034352  11484  68988    0    0   112     0 219429 230000 16  5 76  0  2	
 9  0      0 47034228  11484  68988    0    0   160     0 219985 230444 16  4 77  0  2	
10  0      0 47034104  11484  68988    0    0   128     0 221032 230506 17  6 75  0  2	
 7  1      0 47033856  11484  68988    0    0   112     0 219955 229905 17  5 76  0  2	
10  0      0 47033484  11492  68988    0    0   208    12 216100 225805 17  5 76  0  2	
procs -----------memory---------- ---swap-- -----io---- --system-- -----cpu-----
 r  b   swpd   free   buff  cache   si   so    bi    bo   in   cs us sy id wa st
 8  0      0 47033236  11492  68988    0    0    80     0 221428 231429 16  5 77  0  2	
 9  0      0 47033112  11492  68988    0    0   176     0 218122 227047 18  4 75  0  2	
 9  0      0 47032988  11492  68988    0    0   144     0 220115 230228 16  5 76  0  2	
 9  0      0 47032988  11492  68992    0    0   192     0 220158 230505 16  5 76  0  2	
 9  0      0 47032864  11500  68988    0    0   256    12 219465 229668 15  5 77  0  2	
 9  0      0 47032864  11500  68992    0    0   144     0 218834 229086 17  4 77  0  2	
 8  0      0 47032616  11500  68996    0    0   256     0 218957 229349 17  5 75  0  2	
 9  0      0 47032120  11500  68996    0    0   224     0 215325 227652 17  5 76  0  2	
 9  0      0 47031872  11500  68996    0    0   144    16 218957 229915 17  5 76  0  2	
10  0      0 47031748  11500  68996    0    0   176     0 217316 225291 17  4 76  0  2	
 9  0      0 47031376  11508  68996    0    0   304    12 219420 229215 16  5 76  0  2	
11  0      0 47031252  11508  68996    0    0   176     0 217349 227765 17  4 76  0  2	
11  0      0 47031128  11508  68996    0    0   160     0 220710 230134 17  5 76  0  2	
10  0      0 47031004  11508  68996    0    0   160     0 220390 230340 15  5 77  0  2	
11  0      0 47030880  11508  68996    0    0   176     0 218095 230293 17  5 76  0  2	
10  0      0 47030632  11516  68988    0    0   208    16 219921 229501 17  5 75  0  2	
 9  0      0 47030508  11516  68996    0    0   160     0 219637 229605 17  5 76  0  2	
 9  0      0 47030384  11516  68996    0    0    96     0 219070 230334 16  5 77  0  2	
 8  0      0 47030260  11516  68996    0    0   224     8 219177 230036 18  5 75  0  2	
 9  0      0 47029888  11516  68996    0    0   240     0 218086 226222 16  5 76  0  2	
 9  0      0 47029764  11516  68996    0    0   208     0 219250 229205 17  5 76  0  2	
procs -----------memory---------- ---swap-- -----io---- --system-- -----cpu-----
 r  b   swpd   free   buff  cache   si   so    bi    bo   in   cs us sy id wa st
 8  0      0 47029268  11524  68996    0    0   128    24 220023 228938 17  5 76  0  2	
10  0      0 47029268  11524  68996    0    0   144     0 217223 229910 17  6 75  0  2	
 9  0      0 47028896  11524  68996    0    0   240     8 218604 229850 16  5 77  0  3	
 8  0      0 47028896  11524  68996    0    0    96     0 220714 230173 17  6 76  0  2	
11  0      0 47028896  11524  68996    0    0   128     0 218556 230565 16  5 77  0  2	
 9  0      0 47028772  11532  68996    0    0   192    24 218024 229744 17  5 76  0  2	
 9  1      0 47028648  11532  68996    0    0   208     0 220275 230508 17  5 76  0  2	
 9  0      0 47028400  11532  68996    0    0   224     0 219431 229948 17  4 76  0  2	
 8  0      0 47028152  11532  68996    0    0   176     0 216311 224863 17  5 75  0  3	
 9  0      0 47028152  11532  68996    0    0    64     0 217913 229849 17  5 76  0  2	
 8  0      0 47027904  11532  68996    0    0   160     0 218092 227090 17  4 76  0  3	
11  0      0 47027780  11540  68996    0    0    32    12 221106 230114 16  5 76  0  2	
 8  0      0 47027656  11540  68996    0    0   112     0 222202 230733 17  5 76  0  2	
10  0      0 47027408  11540  68996    0    0   192     0 220039 230230 17  5 76  0  2	
 9  0      0 47027284  11540  68996    0    0   160     0 220393 230061 17  5 76  0  2	
 9  0      0 47027160  11540  69000    0    0   224     0 219443 229498 17  6 75  0  2	
 8  1      0 47027036  11548  68996    0    0   320    12 219812 229580 16  6 76  0  2	
11  0      0 47026788  11548  69000    0    0   128     0 220014 230340 17  5 76  0  2	
 9  0      0 47026540  11548  69000    0    0   208     0 216658 225849 16  5 77  0  2	
 8  0      0 47026540  11548  69000    0    0   144     0 219940 229491 16  5 77  0  2	
 9  0      0 47026292  11548  69000    0    0   192     0 218313 227531 16  5 76  0  2	
procs -----------memory---------- ---swap-- -----io---- --system-- -----cpu-----
 r  b   swpd   free   buff  cache   si   so    bi    bo   in   cs us sy id wa st
11  1      0 47025920  11548  69000    0    0   160     8 220885 230662 18  5 75  0  2	
10  0      0 47025920  11556  68992    0    0   160     4 219522 230392 17  5 76  0  2	
10  0      0 47025548  11556  69000    0    0   128    24 219506 230879 18  5 75  0  2	
 8  0      0 47025424  11556  69000    0    0    80     0 220753 229915 16  5 77  0  2	
 8  0      0 47025300  11556  69000    0    0   208     0 218249 230017 17  5 76  0  2	
10  0      0 47025052  11556  69000    0    0   176     0 220986 229848 16  5 77  0  2	
 8  0      0 47024928  11564  69004    0    0   176    12 221526 230717 17  4 77  0  2	
 9  0      0 47024804  11564  69004    0    0   176     8 217434 226013 16  5 76  0  3	
11  0      0 47024804  11564  69004    0    0   176     0 220149 229569 16  5 77  0  2	
 9  0      0 47024680  11564  69004    0    0   208     0 218387 227516 16  4 77  0  2	
10  0      0 47024432  11564  69004    0    0   192     0 219777 230071 16  5 77  0  2	
10  0      0 47023812  11572  69004    0    0   128    24 220365 230325 17  5 76  0  2	
 8  0      0 47023812  11572  69004    0    0   144     8 218901 230080 18  4 76  0  2	
11  0      0 47023812  11572  69004    0    0   208     0 220264 230007 17  5 76  0  2	
 9  0      0 47023564  11572  69004    0    0   256     0 221191 229756 17  5 76  0  2	
 8  0      0 47023192  11572  69004    0    0   112     0 219143 229432 18  4 76  0  2	
 8  0      0 47023192  11572  69004    0    0   208     0 220756 230604 16  5 77  0  2	
10  0      0 47023068  11580  69004    0    0    80    24 217142 227094 16  5 76  0  2	
12  0      0 47022820  11580  69004    0    0   128     0 219904 230318 17  5 76  0  2	
 9  0      0 47022572  11580  69004    0    0   112     0 217350 228545 17  5 75  0  2	
 8  0      0 47022448  11580  69004    0    0   224     0 219221 229450 17  5 76  0  2	
procs -----------memory---------- ---swap-- -----io---- --system-- -----cpu-----
 r  b   swpd   free   buff  cache   si   so    bi    bo   in   cs us sy id wa st
10  0      0 47022324  11580  69004    0    0   224     0 219814 229727 17  5 76  0  2	
10  0      0 47022200  11588  68996    0    0   160    12 219199 229244 17  5 75  0  2	
10  0      0 47021828  11588  69004    0    0   192     0 216997 225816 16  5 76  0  2	
11  0      0 47021828  11588  69004    0    0   112     0 220499 230141 17  5 76  0  2	
 8  0      0 47021828  11588  69004    0    0   144     0 219357 229338 16  5 76  0  2	
 9  0      0 47021580  11588  69004    0    0   112     0 219112 229812 17  4 76  0  2	
11  0      0 47021456  11588  69008    0    0   160     0 217425 227145 17  5 75  0  2	
 9  0      0 47021332  11596  69008    0    0   112    12 218531 230622 16  5 77  0  2	
 9  0      0 47021208  11596  69008    0    0   112     0 220678 229420 16  6 76  0  2	
 9  0      0 47020960  11596  69008    0    0   144     0 220310 231367 17  5 76  0  2	
 8  0      0 47020960  11596  69008    0    0   128     0 218462 230195 16  6 76  0  2	
 8  0      0 47020712  11596  69008    0    0   176     0 220406 230293 17  5 76  0  2	
 8  0      0 47020712  11604  69000    0    0   128    12 219039 230362 16  5 77  0  2	
 9  0      0 47020712  11604  69008    0    0    80     0 221507 230015 17  5 76  0  2	
 8  0      0 47020464  11604  69008    0    0   160     0 219521 230002 17  4 76  0  2	
 9  0      0 47020464  11604  69008    0    0   112     0 221030 230580 17  5 76  0  2	
 9  0      0 47020340  11604  69008    0    0    96    28 219164 228189 17  5 76  0  2	
10  0      0 47020092  11604  69008    0    0   256     0 221195 229885 17  5 76  0  2	
 9  0      0 47020092  11612  69008    0    0    64    24 219160 229104 18  4 76  0  2	
 8  0      0 47019968  11612  69008    0    0   112     0 220526 231338 16  6 76  0  2	
10  0      0 47019968  11612  69008    0    0    32     0 218812 229200 18  5 76  0  2	
procs -----------memory---------- ---swap-- -----io---- --system-- -----cpu-----
 r  b   swpd   free   buff  cache   si   so    bi    bo   in   cs us sy id wa st
 8  0      0 47019596  11612  69008    0    0   176     4 221166 229955 16  5 77  0  2	
 9  0      0 47019596  11612  69008    0    0    64     0 219632 229651 18  4 76  0  2	
10  0      0 47019472  11620  69008    0    0   112    12 219865 229460 16  5 77  0  2	
 9  0      0 47019348  11620  69008    0    0   192     0 220559 229619 16  5 77  0  2	
 9  0      0 47018852  11620  69008    0    0   192     0 218873 228967 17  5 75  0  2	
10  0      0 47018852  11620  69008    0    0   112     0 219204 227572 16  4 77  0  2	
10  0      0 47018852  11620  69008    0    0    80     0 221459 230636 16  5 76  0  2	
10  0      0 47018852  11620  69008    0    0    80     0 218778 227793 16  5 76  0  2	
 9  0      0 47018604  11628  69012    0    0   160    12 219875 230418 16  5 76  0  2	
 9  0      0 47018604  11700  68940    0    0   264     4 220662 229760 16  5 77  0  2	
 8  0      0 47017596  11708  69188    0    0   556     0 219837 231123 18  5 74  0  2	
 8  0      0 47016992  11708  69396    0    0   144     0 218384 228906 17  5 76  0  2	
11  0      0 47016992  11708  69396    0    0   160     0 219680 228389 17  5 76  0  2	
 8  0      0 47016992  11716  69388    0    0   176    52 219446 229774 17  5 76  0  2	
 8  0      0 47016620  11716  69396    0    0   144     0 221525 230814 16  4 77  0  2	
 8  0      0 47016620  11716  69396    0    0    96     0 217677 227703 17  4 76  0  2	
13  0      0 47016496  11716  69400    0    0    48     0 219980 230502 17  5 76  0  2	
 9  0      0 47016372  11716  69400    0    0   112     0 217383 228602 17  4 77  0  2	
 8  0      0 47016372  11716  69400    0    0   128     0 219971 230191 17  4 76  0  2	
10  0      0 47016124  11724  69404    0    0   240    20 220225 230068 17  5 76  0  2	
 8  0      0 47015752  11724  69404    0    0   144     0 219187 229597 17  6 75  0  2	
procs -----------memory---------- ---swap-- -----io---- --system-- -----cpu-----
 r  b   swpd   free   buff  cache   si   so    bi    bo   in   cs us sy id wa st
11  0      0 47015628  11724  69404    0    0   192     0 218936 230072 17  6 75  0  2	
 8  0      0 47015628  11724  69404    0    0   112     0 220879 230548 16  5 77  0  2	
 8  0      0 47015504  11724  69404    0    0   112     0 219995 229768 18  4 76  0  2	
 9  0      0 47015380  11732  69404    0    0   160    12 218941 230037 16  5 76  0  2	
 9  0      0 47015132  11732  69404    0    0   128     0 216896 226183 18  4 76  0  2	
10  0      0 47015008  11732  69404    0    0   160     0 219991 229540 17  5 75  0  2	
 9  0      0 47014760  11732  69404    0    0   128     0 219208 228922 17  5 75  0  2	
 9  0      0 47014760  11732  69404    0    0   160     0 220158 229998 17  5 75  0  2	
 8  0      0 47014760  11732  69404    0    0    48     0 219410 230014 16  5 76  0  2	
 8  0      0 47014760  11740  69404    0    0   112    12 221422 230448 16  5 77  0  2	
 8  0      0 47014388  11740  69404    0    0   256    60 218083 228160 18  4 75  0  2	
 9  0      0 47014388  11740  69404    0    0   224     0 218932 229491 17  5 76  0  2	
 9  0      0 47014264  11740  69404    0    0   112     0 218821 229942 18  5 75  0  2	
10  0      0 47014016  11740  69404    0    0   160     0 218212 230288 17  5 75  0  2	
11  0      0 47013768  11748  69404    0    0   160    28 216827 226983 17  5 75  0  2	
10  0      0 47013768  11748  69404    0    0   128     0 218518 230161 17  5 76  0  2	
10  0      0 47013644  11748  69404    0    0   144     0 217658 227963 17  4 76  0  2	
10  0      0 47013396  11748  69404    0    0   128     0 220162 230947 17  5 76  0  2	
 8  0      0 47013272  11748  69404    0    0   144     0 219469 230276 17  4 77  0  2	
 8  0      0 47013272  11748  69404    0    0    32     0 220291 230041 17  5 76  0  2	
 9  0      0 47013024  11756  69404    0    0   112    24 220565 230592 16  5 76  0  2	
procs -----------memory---------- ---swap-- -----io---- --system-- -----cpu-----
 r  b   swpd   free   buff  cache   si   so    bi    bo   in   cs us sy id wa st
 9  0      0 47012900  11756  69404    0    0   112     0 218496 229861 17  4 76  0  2	
12  0      0 47012900  11756  69404    0    0    80     0 217069 229540 16  4 77  0  2	
 9  0      0 47012776  11756  69404    0    0   128     0 220328 229773 17  5 76  0  2	
 8  0      0 47011420  11780  69540    0    0   440    40 218675 229251 18  4 75  0  2	
10  0      0 47011296  11780  69540    0    0   176     0 222631 231765 17  5 75  0  2	
 7  1      0 47010544  11780  69560    0    0    96     4 218175 227312 17  5 76  0  2	
10  0      0 47010420  11780  69560    0    0   112     0 220739 229662 17  4 77  0  2	
10  0      0 47010296  11780  69560    0    0   160     0 220274 230217 18  4 76  0  2	
 9  0      0 47010296  11780  69560    0    0   128     0 220433 230167 16  5 77  0  2	
 8  0      0 47010296  11788  69564    0    0   128    20 218387 229996 18  5 75  0  2	
11  0      0 47010172  11788  69564    0    0   192     0 220652 229788 16  5 76  0  2	
10  0      0 47010048  11788  69568    0    0   160     0 220409 229883 17  4 77  0  2	
11  0      0 47009924  11788  69568    0    0   240     0 221407 230445 15  6 77  0  2	
10  0      0 47009924  11788  69568    0    0    80     0 218394 227831 16  5 76  0  2	
10  0      0 47009924  11796  69568    0    0   112    12 218619 230330 17  5 75  0  2	
 9  0      0 47009924  11796  69568    0    0    64     0 216558 228329 17  5 75  0  2	
10  0      0 47009800  11796  69568    0    0   112     0 219468 230367 17  5 76  0  2	
12  0      0 47009800  11796  69568    0    0   128     0 220135 230576 15  5 77  0  2	
 9  0      0 47009676  11796  69568    0    0   160     0 220721 230075 17  5 76  0  2	
 9  0      0 47009552  11796  69568    0    0   160     0 220263 229957 16  5 77  0  2	
 9  0      0 47009428  11804  69568    0    0    64    28 220019 229140 17  5 76  0  2	
procs -----------memory---------- ---swap-- -----io---- --system-- -----cpu-----
 r  b   swpd   free   buff  cache   si   so    bi    bo   in   cs us sy id wa st
11  0      0 47009428  11804  69568    0    0    48     0 219332 229666 17  5 76  0  2	
 9  0      0 47009056  11804  69568    0    0   128     0 218697 229362 17  5 76  0  2	
11  0      0 47009056  11804  69568    0    0   112     0 217424 227544 17  4 76  0  2	
 8  0      0 47008932  11804  69568    0    0   176     0 218997 229607 16  6 76  0  2	
 9  0      0 47008808  11812  69568    0    0    80    60 217507 226470 18  5 75  0  2	
10  0      0 47008684  11812  69568    0    0    64     0 219942 229473 17  5 75  0  2	
 9  0      0 47008684  11812  69568    0    0   144     0 220056 229679 16  5 77  0  2	
 8  0      0 47008684  11812  69568    0    0   176     0 219146 229631 17  4 76  0  2	
 8  0      0 47008560  11812  69568    0    0    48     0 219885 229736 16  5 76  0  2	
 8  0      0 47008560  11820  69568    0    0    96    12 219507 230234 17  5 76  0  2	
10  0      0 47008560  11820  69568    0    0    80     0 218957 229861 17  4 76  0  2	
11  0      0 47008560  11820  69568    0    0   144     0 218666 229886 17  4 76  0  2	
11  0      0 47008436  11820  69568    0    0   144     0 217716 227185 17  5 76  0  2	
 9  0      0 47008064  11820  69568    0    0   144     0 220405 230366 16  5 76  0  2	
 9  0      0 47008064  11820  69568    0    0    96     8 218830 228564 19  4 75  0  2	
11  0      0 47007940  11828  69568    0    0    96    12 219876 230088 18  5 76  0  2	
 9  0      0 47007940  11828  69568    0    0    96     0 219655 229999 17  4 76  0  2	
 8  0      0 47007816  11828  69568    0    0   192     0 219297 229534 17  5 76  0  2	
 9  0      0 47007692  11828  69568    0    0    80     0 219629 229568 17  5 76  0  2	
 8  0      0 47007444  11828  69568    0    0   176     0 218223 228009 17  4 76  0  2	
 9  0      0 47007444  11836  69568    0    0    64    12 219890 230637 16  5 77  0  2	
procs -----------memory---------- ---swap-- -----io---- --system-- -----cpu-----
 r  b   swpd   free   buff  cache   si   so    bi    bo   in   cs us sy id wa st
10  0      0 47007320  11836  69568    0    0    96     0 219154 230170 17  5 76  0  2	
 8  0      0 47007320  11836  69568    0    0   160     0 216787 224937 17  5 76  0  2	
12  0      0 47007072  11836  69568    0    0   128     0 219925 228505 17  5 76  0  2	
 9  0      0 47007072  11836  69572    0    0   128     0 217344 229239 18  4 75  0  2	
11  0      0 47006824  11836  69572    0    0   160     0 219813 229745 17  5 76  0  2	
 9  0      0 47006700  11844  69572    0    0   112    12 220737 230005 17  5 76  0  2	
10  0      0 47006576  11844  69572    0    0    80     0 219634 230138 16  4 77  0  2	
 9  0      0 47006452  11844  69572    0    0   160     0 220873 229596 16  5 76  0  2	
10  0      0 47006452  11844  69572    0    0    64     0 220959 230535 17  6 76  0  2	
 8  0      0 47006328  11844  69576    0    0    48    16 219285 230033 17  5 76  0  2	
 8  0      0 47006204  11852  69576    0    0    48    28 219965 230133 17  4 76  0  2	
 9  0      0 47005956  11852  69576    0    0    64     0 217855 227365 16  5 76  0  2	
 9  0      0 47005956  11852  69576    0    0   256     0 219573 229381 17  4 76  0  2	
 9  0      0 47005584  11852  69576    0    0   128     0 219160 227820 17  5 75  0  2	
 9  0      0 47005584  11852  69576    0    0    48    16 219451 229840 18  4 75  0  2	
10  0      0 47005460  11852  69576    0    0    96     0 220965 230528 17  5 75  0  2	
 9  0      0 47005336  11860  69576    0    0   144    20 219980 230358 17  4 76  0  2	
 9  0      0 47005212  11860  69576    0    0   112     0 219472 229549 17  5 76  0  2	
 9  0      0 47004964  11860  69576    0    0   112     0 221533 230291 18  5 75  0  2	
 8  0      0 47004964  11860  69576    0    0   112     0 218715 229586 17  5 76  0  2	
 9  0      0 47004840  11860  69580    0    0   112     0 219122 229486 17  6 75  0  2	
procs -----------memory---------- ---swap-- -----io---- --system-- -----cpu-----
 r  b   swpd   free   buff  cache   si   so    bi    bo   in   cs us sy id wa st
 9  0      0 47004840  11868  69580    0    0   160    20 216711 226236 18  4 76  0  2	
11  0      0 47004716  11868  69580    0    0   144     0 218496 229965 17  5 76  0  2	
10  0      0 47004716  11868  69580    0    0    80     0 219890 228835 17  5 76  0  2	
 8  0      0 47004468  11868  69580    0    0   112     0 220772 230763 16  6 76  0  2	
 8  0      0 47004468  11868  69580    0    0   128     0 219493 229614 17  5 76  0  2	
10  0      0 47004220  11868  69580    0    0    96     0 219408 230270 17  5 76  0  2	
 8  0      0 47003972  11876  69580    0    0   160    20 218677 229096 17  5 75  0  2	
 9  0      0 47003972  11876  69580    0    0    80     0 219562 229637 17  5 76  0  2	
11  0      0 47003972  11876  69580    0    0   192     0 219384 229945 16  5 77  0  2	
 9  0      0 47003724  11876  69580    0    0   128     0 220152 229626 17  5 75  0  2	
 8  0      0 47003476  11876  69580    0    0   128     0 217662 227107 17  5 75  0  2	
 8  0      0 47003476  11884  69572    0    0    64    20 219175 229368 17  5 76  0  2	
10  0      0 47003104  11884  69584    0    0   160     0 219632 228664 17  5 76  0  2	
10  0      0 47002980  11884  69584    0    0    80     0 219253 229865 17  5 76  0  2	
 8  0      0 47002980  11884  69584    0    0    80     0 220261 230116 17  5 76  0  2	
 8  0      0 47002980  11884  69584    0    0    64     0 220763 230241 17  5 75  0  2	
11  0      0 47002856  11884  69588    0    0   128     0 218725 229498 18  4 75  0  2	
 9  0      0 47002856  11892  69588    0    0    96    20 217138 229023 17  5 76  0  2	
 9  0      0 47002856  11892  69588    0    0    64     8 219279 229307 16  5 76  0  2	
10  0      0 47002732  11892  69588    0    0    80     0 219366 229334 17  5 76  0  2	
 8  0      0 47002360  11892  69588    0    0   128     0 216462 225836 17  5 75  0  2	
procs -----------memory---------- ---swap-- -----io---- --system-- -----cpu-----
 r  b   swpd   free   buff  cache   si   so    bi    bo   in   cs us sy id wa st
10  0      0 47002360  11892  69588    0    0    64     0 220084 230512 16  5 77  0  2	
10  0      0 47002360  11900  69588    0    0    48    24 217204 228250 17  4 76  0  2	
 9  0      0 47002236  11900  69588    0    0   224    20 220031 230072 16  6 75  0  2	
 8  0      0 47002236  11900  69588    0    0   112     0 220847 231131 16  6 76  0  2	
 9  0      0 47001864  11900  69588    0    0   160     0 219918 230310 17  5 76  0  2	
 9  0      0 47001740  11900  69588    0    0    80     0 219954 230370 16  6 76  0  2	
 8  0      0 47001740  11900  69588    0    0    80     0 218460 229321 16  5 76  0  2	
11  0      0 47001492  11908  69588    0    0    96    36 219555 229951 18  5 75  0  2	
 9  0      0 47001368  11908  69588    0    0   224    28 219590 230325 17  4 77  0  2	
10  0      0 47001120  11908  69588    0    0   112     0 217195 227033 17  5 76  0  2	
 8  0      0 47000996  11908  69592    0    0   160     0 219404 230049 18  5 76  0  2	
11  0      0 47000996  11908  69592    0    0    96     0 217227 227147 16  5 76  0  2	
 9  0      0 47000996  11916  69592    0    0    80    12 220524 230807 17  5 76  0  2	
 9  0      0 47000872  11916  69592    0    0   144     0 221311 230833 17  5 76  0  2	
 9  0      0 47000748  11916  69592    0    0   112     0 220482 229605 17  5 76  0  2	
 9  0      0 47000624  11916  69592    0    0    96     0 220114 229266 16  5 76  0  2	
 8  0      0 47000500  11916  69592    0    0   160     0 220155 229299 17  5 76  0  2	
11  0      0 47000500  11916  69592    0    0    64     0 218021 228814 17  5 76  0  2	
 9  0      0 47000376  11924  69592    0    0    64    12 218831 228395 16  5 77  0  2	
 9  0      0 47000376  11924  69592    0    0    32     0 217200 225934 16  5 76  0  2	
 9  0      0 47000128  11924  69592    0    0   112     0 220192 230444 17  5 76  0  2	
procs -----------memory---------- ---swap-- -----io---- --system-- -----cpu-----
 r  b   swpd   free   buff  cache   si   so    bi    bo   in   cs us sy id wa st
10  0      0 47000128  11924  69592    0    0    64     0 218125 227550 17  5 76  0  2	
 9  0      0 46999880  11924  69592    0    0    80     0 220115 230304 18  5 75  0  2	
 8  0      0 46999756  11932  69592    0    0   176    12 219907 229990 17  4 76  0  2	
10  0      0 46999756  11932  69592    0    0    64     0 219489 229357 17  5 76  0  2	
 9  0      0 46999756  11932  69592    0    0    64     0 219000 229884 17  5 76  0  2	
10  0      0 46999632  11932  69592    0    0    96     0 219218 230379 17  5 76  0  2	
10  0      0 46999508  11932  69592    0    0   144     0 219366 229679 17  4 76  0  2	
 9  0      0 46998888  11932  69592    0    0   112     0 218923 230151 18  5 75  0  2	
10  0      0 46998640  11940  69596    0    0   128    20 217247 226933 17  5 76  0  2	
10  0      0 46998640  11940  69596    0    0    80     0 220995 230139 16  4 77  0  2	
 8  0      0 46998516  11940  69596    0    0    80     0 216194 227036 18  5 75  0  2	
10  0      0 46998392  11940  69596    0    0    96     0 219922 230388 17  5 76  0  2	
 9  0      0 46998392  11940  69596    0    0   112    16 220124 230953 16  5 77  0  2	
13  0      0 46998392  11948  69596    0    0   128    32 218477 229840 17  5 76  0  2	
 8  0      0 46998392  11948  69596    0    0   112     0 216121 226329 17  4 76  0  2	
 8  0      0 46998392  11948  69596    0    0    96     0 220142 230186 18  4 76  0  2	
 8  0      0 46998144  11948  69596    0    0   112     0 218148 229055 18  5 75  0  2	
10  0      0 46998020  11948  69596    0    0    80     0 220880 230207 17  5 76  0  2	
 9  0      0 46997896  11948  69596    0    0   160     0 219851 229329 17  5 76  0  2	
 8  0      0 46997772  11956  69596    0    0    64    12 217788 229884 18  5 75  0  2	
12  0      0 46997648  11956  69596    0    0   128     0 219680 228722 17  4 76  0  2	
procs -----------memory---------- ---swap-- -----io---- --system-- -----cpu-----
 r  b   swpd   free   buff  cache   si   so    bi    bo   in   cs us sy id wa st
11  0      0 46997524  11956  69596    0    0   112     0 218939 230094 17  4 76  0  2	
10  0      0 46997400  11956  69596    0    0    80    28 219284 230284 17  4 76  0  2	
 8  0      0 46996400  11956  69596    0    0    80     0 220224 230363 18  5 75  0  2	
10  0      0 46995896  11964  69600    0    0   112    20 217585 229356 17  5 76  0  2	
 9  0      0 46995516  11964  69600    0    0    80     0 220642 230231 18  4 75  0  2	
11  0      0 46996152  11964  69604    0    0   176     0 220072 230643 16  5 76  0  2	
 9  0      0 46996152  11964  69604    0    0    64     0 220314 229485 17  5 76  0  2	
 9  0      0 46995904  11964  69604    0    0   128     0 215697 225273 18  4 75  0  3	
 9  0      0 46995904  11964  69604    0    0   112     0 220041 230038 16  5 76  0  2	
 9  0      0 46995780  11972  69604    0    0    32    20 221009 230304 17  5 76  0  2	
 9  0      0 46995780  11972  69604    0    0    96     0 218739 230510 18  5 75  0  2	
11  0      0 46995656  11972  69608    0    0    64     0 219482 230637 18  5 75  0  2	
 9  0      0 46995656  11972  69608    0    0    48     0 221106 230954 16  5 76  0  2	
 9  0      0 46995656  11972  69608    0    0   112     0 220472 229636 16  5 76  0  2	
 8  0      0 46995656  11980  69608    0    0    80    12 219125 229977 17  5 76  0  2	
 9  0      0 46995160  11980  69608    0    0   176     0 218147 229611 16  5 76  0  2	
11  0      0 46995160  11980  69608    0    0    64     0 219371 229804 16  6 76  0  2	
 9  0      0 46995160  11980  69608    0    0    32     8 217852 227742 18  5 75  0  2	
 8  0      0 46995160  11980  69608    0    0    32     0 220282 230712 16  5 77  0  2	
10  0      0 46995160  11980  69608    0    0    48     0 218233 227323 18  4 76  0  2	
 9  0      0 46995160  11988  69608    0    0   112    12 220351 230730 16  5 76  0  2	
procs -----------memory---------- ---swap-- -----io---- --system-- -----cpu-----
 r  b   swpd   free   buff  cache   si   so    bi    bo   in   cs us sy id wa st
12  0      0 46995036  11988  69612    0    0    96     0 219408 229504 16  5 76  0  2	
 9  0      0 46994788  11988  69612    0    0   112    16 219867 230449 17  5 76  0  2	
11  0      0 46994788  11988  69612    0    0    32     0 220766 229774 15  5 77  0  2	
 9  0      0 46994540  11988  69612    0    0   112     0 219332 228370 17  5 76  0  2	
 8  0      0 46994540  11996  69612    0    0    80    32 219166 229841 18  5 75  0  2	
10  0      0 46994540  11996  69612    0    0    96     0 220412 230010 16  5 76  0  2	
10  0      0 46994292  11996  69612    0    0    96     0 216536 225297 17  5 76  0  2	
10  0      0 46994292  11996  69612    0    0    32     0 219796 230498 17  5 76  0  2	
 8  0      0 46994168  11996  69612    0    0    48     0 219233 228095 17  5 75  0  2	
10  0      0 46994168  11996  69612    0    0    16     0 219939 230157 16  5 76  0  2	
10  0      0 46994168  12004  69612    0    0   112    12 221396 230451 17  5 75  0  2	
10  0      0 46994044  12004  69612    0    0   176     4 219897 230144 16  5 76  0  2	
 8  0      0 46994044  12004  69612    0    0    64     0 219415 230535 17  4 77  0  2	
 9  0      0 46994044  12004  69612    0    0    32     0 220627 230280 17  5 76  0  2	
 8  0      0 46994044  12004  69612    0    0    48     0 219490 230313 17  5 76  0  2	
10  0      0 46994044  12012  69612    0    0    96    12 219563 229914 16  4 77  0  2	
 9  0      0 46994044  12012  69612    0    0    96    32 218511 228553 17  5 76  0  2	
10  0      0 46993796  12012  69612    0    0    64     0 219045 229942 18  5 75  0  2	
10  0      0 46993796  12012  69612    0    0    48     0 218157 228527 16  5 76  0  2	
11  0      0 46993796  12012  69612    0    0    96     0 220726 230558 16  6 76  0  2	
 9  0      0 46993796  12012  69612    0    0    16     0 220534 230587 17  5 75  0  2	
procs -----------memory---------- ---swap-- -----io---- --system-- -----cpu-----
 r  b   swpd   free   buff  cache   si   so    bi    bo   in   cs us sy id wa st
 9  0      0 46993672  12020  69612    0    0    64    36 219204 231002 16  5 77  0  2	
 9  0      0 46993548  12020  69612    0    0    32     0 216105 225177 18  5 75  0  2	
10  0      0 46993424  12020  69612    0    0   160     0 219603 229643 17  5 76  0  2	
10  0      0 46993300  12020  69612    0    0    64     0 220582 229852 16  6 76  0  2	
 8  0      0 46993300  12020  69612    0    0    80     0 219672 230268 15  6 77  0  2	
11  0      0 46993176  12028  69612    0    0   144    12 218822 227664 16  6 76  0  2	
 8  0      0 46993052  12028  69612    0    0    96     0 220615 230618 18  4 76  0  2	
10  0      0 46993052  12028  69612    0    0    80     0 217996 228569 17  5 76  0  2	
11  0      0 46993052  12028  69612    0    0   112     0 220340 230252 16  5 76  0  2	
10  0      0 46993052  12028  69612    0    0    48     0 219874 229816 17  5 76  0  2	
 8  0      0 46992928  12028  69612    0    0    80     8 219418 229826 15  6 77  0  2	
 9  0      0 46992804  12036  69612    0    0    80    12 219297 229734 16  5 77  0  2	
10  0      0 46992804  12036  69620    0    0    32     0 218619 229431 16  5 77  0  2	
 8  0      0 46992680  12036  69620    0    0    96     0 217512 228509 17  5 76  0  2	
10  0      0 46992432  12036  69620    0    0    64     0 219266 229741 17  4 76  0  2	
10  0      0 46992432  12036  69620    0    0   112     0 218711 228276 17  5 76  0  2	
13  0      0 46992308  12044  69620    0    0    80    12 219944 230171 17  4 76  0  2	
 8  0      0 46992308  12044  69620    0    0     0     0 219771 228218 18  4 76  0  2	
 9  0      0 46992308  12044  69620    0    0    32     0 220492 230033 16  5 77  0  2	
 9  0      0 46991936  12044  69620    0    0   176     0 216502 226343 17  5 76  0  2	
 9  0      0 46991936  12044  69620    0    0    32     0 219706 230069 17  5 76  0  2	
procs -----------memory---------- ---swap-- -----io---- --system-- -----cpu-----
 r  b   swpd   free   buff  cache   si   so    bi    bo   in   cs us sy id wa st
10  1      0 46991688  12044  69620    0    0    96     8 219695 229681 17  4 76  0  2	
10  0      0 46991688  12052  69620    0    0    96     4 220151 229535 16  5 77  0  2	
 8  0      0 46991688  12052  69620    0    0    96     0 219599 230041 17  6 75  0  2	
 9  0      0 46991688  12052  69620    0    0    80     0 219430 229439 17  5 76  0  2	
 9  0      0 46991688  12052  69620    0    0    64     0 218190 226229 18  5 76  0  2	
 8  0      0 46991688  12052  69620    0    0    64     0 219121 229874 18  5 75  0  2	
10  0      0 46991564  12060  69620    0    0    96    12 218188 228645 17  5 76  0  2	
 8  0      0 46991564  12060  69620    0    0   112     0 219409 230034 17  5 76  0  2	
10  0      0 46991564  12060  69620    0    0    48     0 219861 229964 16  5 77  0  2	
 9  0      0 46991564  12060  69620    0    0    80     0 219500 229697 17  5 76  0  2	
 8  0      0 46991440  12060  69620    0    0    32    24 219534 230604 16  5 77  0  2	
 9  0      0 46991440  12068  69620    0    0    80    12 221679 230920 17  4 76  0  2	
 9  0      0 46991440  12068  69620    0    0    80     0 219399 229074 17  5 76  0  2	
 8  0      0 46991192  12068  69620    0    0    80     0 220067 229899 16  5 76  0  2	
10  0      0 46991068  12068  69620    0    0    32     0 216714 226900 16  5 76  0  2	
 9  0      0 46990944  12068  69620    0    0    64     0 219542 229955 18  5 75  0  2	
 8  0      0 46990820  12068  69620    0    0   112     0 216841 227290 17  4 77  0  2	
 8  0      0 46990820  12076  69620    0    0    80    12 220552 230331 16  5 77  0  2	
 9  0      0 46990820  12076  69620    0    0    80     0 218936 230255 17  5 76  0  2	
 8  0      0 46990820  12076  69620    0    0    48     0 220411 230344 16  5 76  0  2	
 9  0      0 46990448  12076  69620    0    0    80    16 220233 229825 17  4 76  0  2	
procs -----------memory---------- ---swap-- -----io---- --system-- -----cpu-----
 r  b   swpd   free   buff  cache   si   so    bi    bo   in   cs us sy id wa st
 9  0      0 46990324  12076  69620    0    0   112     0 219914 230699 18  5 75  0  2	
10  0      0 46990324  12084  69620    0    0    80    32 219886 230048 17  5 77  0  2	
 9  0      0 46990200  12084  69620    0    0   112     0 220039 229778 17  5 76  0  2	
 8  0      0 46990200  12084  69620    0    0    64     0 219053 227581 17  5 76  0  2	
10  0      0 46990076  12084  69624    0    0    32     0 220315 230309 18  5 75  0  2	
 8  0      0 46990076  12084  69624    0    0    64     0 217569 229385 17  5 76  0  2	
 8  0      0 46990076  12084  69624    0    0   112     0 220245 229865 17  5 76  0  2	
10  0      0 46990076  12092  69624    0    0    96    12 220189 229211 18  5 75  0  2	
 9  0      0 46989952  12092  69624    0    0    64     0 218751 229657 17  5 76  0  2	
 9  0      0 46989952  12092  69624    0    0   128     0 220311 229671 16  5 77  0  2	
10  0      0 46989828  12092  69624    0    0    80     0 219745 230236 17  5 76  0  2	
 8  0      0 46989828  12092  69624    0    0    96     0 218894 229937 17  4 76  0  2	
 9  0      0 46989580  12100  69624    0    0    80    12 218912 229638 17  5 75  0  2	
 9  0      0 46989580  12100  69628    0    0    64     0 216993 225170 17  5 76  0  2	
12  0      0 46989580  12100  69628    0    0    16     0 220528 230811 17  5 76  0  2	
12  0      0 46989456  12100  69628    0    0    64     0 216917 228266 17  5 76  0  2	
10  0      0 46989456  12100  69628    0    0    16     0 219954 230146 16  6 76  0  2	
10  0      0 46989208  12100  69628    0    0   128     0 221430 229410 17  5 76  0  2	
 9  0      0 46989208  12108  69628    0    0    64    12 220463 230254 16  5 77  0  2	
10  0      0 46989208  12108  69628    0    0    80     0 219465 230072 17  4 76  0  2	
 9  0      0 46989208  12108  69628    0    0    64     0 217822 227797 17  5 75  0  2	
procs -----------memory---------- ---swap-- -----io---- --system-- -----cpu-----
 r  b   swpd   free   buff  cache   si   so    bi    bo   in   cs us sy id wa st
10  0      0 46988960  12108  69628    0    0   128     0 217910 228925 17  5 75  0  2	
10  0      0 46988836  12108  69628    0    0    96     0 220325 229559 17  4 77  0  2	
 9  0      0 46988712  12116  69628    0    0    80    12 217836 227018 17  4 76  0  2	
 8  0      0 46988712  12116  69628    0    0    80     0 218461 229681 16  5 76  0  2	
11  0      0 46988464  12116  69628    0    0   112    20 217151 227577 17  5 76  0  2	
 9  0      0 46988464  12116  69628    0    0    80     0 217889 229723 17  4 76  0  2	
 8  0      0 46988340  12116  69628    0    0   208     0 219171 229525 17  5 76  0  2	
 8  0      0 46988092  12116  69628    0    0    80     0 217556 229607 17  5 75  0  2	
 8  0      0 46988092  12124  69628    0    0    96    12 219988 230111 16  5 76  0  2	
 9  0      0 46987968  12124  69628    0    0    64     8 219594 229817 16  4 77  0  2	
10  0      0 46987844  12124  69628    0    0    48     0 219930 230148 16  5 76  0  2	
 8  0      0 46987720  12124  69628    0    0   144     0 220950 230575 16  5 76  0  2	
 9  0      0 46987720  12124  69628    0    0   112     0 217245 225567 17  5 76  0  2	
 8  0      0 46987720  12132  69628    0    0    64    24 220001 230145 17  5 76  0  2	
12  0      0 46987720  12132  69628    0    0    48     8 219661 228977 17  5 76  0  2	
10  0      0 46987472  12132  69628    0    0    48     0 219977 230692 16  5 76  0  2	
 9  0      0 46987472  12132  69628    0    0    80     0 220127 229786 17  5 76  0  2	
 8  0      0 46987472  12132  69632    0    0    32     0 219607 229465 17  5 76  0  2	
10  0      0 46987472  12140  69632    0    0    80    24 219505 229568 17  5 76  0  2	
 8  0      0 46987472  12140  69632    0    0    96     0 219016 229473 16  5 77  0  2	
 9  0      0 46987348  12140  69632    0    0     0     0 221058 230546 17  4 77  0  2	
procs -----------memory---------- ---swap-- -----io---- --system-- -----cpu-----
 r  b   swpd   free   buff  cache   si   so    bi    bo   in   cs us sy id wa st
 9  0      0 46987224  12140  69632    0    0    48     0 220644 230178 17  5 76  0  2	
 9  0      0 46987224  12140  69632    0    0    16     0 218833 228103 17  5 75  0  2	
11  0      0 46987224  12140  69632    0    0   128     0 217424 229719 17  5 76  0  2	
 8  0      0 46986976  12148  69632    0    0    96    12 219024 228974 17  5 76  0  2	
 8  0      0 46986852  12148  69632    0    0    80     0 219905 229797 16  5 76  0  2	
 8  0      0 46986852  12148  69632    0    0    32     0 220778 230276 16  5 76  0  2	
10  0      0 46986728  12148  69632    0    0   144     0 219284 230684 16  5 76  0  2	
 8  0      0 46986728  12148  69632    0    0    80     0 219556 229044 17  5 76  0  2	
10  0      0 46986728  12156  69632    0    0     0    16 218786 229491 16  5 76  0  2	
10  0      0 46986728  12156  69632    0    0    48     0 221134 229879 16  4 77  0  2	
 9  0      0 46986728  12156  69632    0    0    16     0 218808 229807 18  5 75  0  2	
 8  0      0 46986728  12156  69632    0    0     0     0 215219 225477 17  5 76  0  2	
 8  0      0 46986728  12156  69632    0    0    32     0 220925 231439 16  5 77  0  2	
10  0      0 46986728  12156  69636    0    0    16     0 218802 229153 16  5 76  0  2	
 9  0      0 46986480  12164  69636    0    0    64    12 220726 230339 17  5 75  0  2	
10  0      0 46986480  12164  69636    0    0    48     0 220279 230759 17  5 76  0  2	
 9  0      0 46986480  12164  69636    0    0    80     0 220256 230212 17  5 76  0  2	
 8  0      0 46986356  12164  69636    0    0   128     0 219965 230091 17  5 76  0  2	
 9  0      0 46986356  12164  69636    0    0    32     0 219757 229943 18  5 75  0  2	
10  0      0 46986356  12172  69636    0    0   112    32 219349 230048 17  5 76  0  2	
 8  0      0 46986232  12172  69636    0    0    80     0 219150 229587 16  5 77  0  2	
procs -----------memory---------- ---swap-- -----io---- --system-- -----cpu-----
 r  b   swpd   free   buff  cache   si   so    bi    bo   in   cs us sy id wa st
 9  0      0 46986108  12172  69636    0    0    16     0 218158 227885 17  5 76  0  2	
 8  0      0 46986108  12172  69636    0    0    48     0 220300 230059 17  5 76  0  2	
11  0      0 46985984  12172  69636    0    0    64     0 218532 228280 17  5 76  0  2	
 8  0      0 46985984  12172  69636    0    0    80    28 221195 230316 16  5 76  0  2	
10  0      0 46985860  12180  69636    0    0    32    24 220913 230128 16  5 77  0  3	
 8  0      0 46985860  12180  69636    0    0    48     0 221193 230587 17  5 76  0  2	
 9  0      0 46985736  12180  69636    0    0    32     0 220690 229791 16  4 77  0  2	
 9  0      0 46985736  12180  69636    0    0    48     0 217233 227465 16  5 77  0  2	
12  0      0 46985736  12180  69636    0    0    48     0 220676 229760 17  5 76  0  2	
11  0      0 46985364  12188  69640    0    0    64    12 220796 230072 16  4 77  0  2	
 8  0      0 46985240  12188  69640    0    0   112     0 218827 227879 16  5 76  0  3	
10  0      0 46985240  12188  69640    0    0    48     0 219252 229752 17  5 76  0  2	
 9  0      0 46985240  12188  69640    0    0    64     0 219324 228947 17  5 76  0  2	
10  0      0 46984992  12188  69640    0    0   112     4 221459 230205 16  4 77  0  2	
10  0      0 46984992  12188  69640    0    0    16     0 219002 230196 18  5 75  0  2	
 8  0      0 46984868  12196  69640    0    0    48    12 222011 230398 16  5 77  0  2	
 9  0      0 46984620  12196  69640    0    0    96     0 220267 230959 17  4 77  0  2	
10  0      0 46984620  12196  69640    0    0    96     0 218619 230379 18  4 76  0  2	
11  0      0 46984620  12196  69640    0    0    32     0 219087 229767 17  5 76  0  2	
11  0      0 46984496  12196  69640    0    0    48     0 219458 229774 16  5 76  0  2	
 9  0      0 46984496  12204  69640    0    0    16    12 216775 227496 17  5 76  0  2	
procs -----------memory---------- ---swap-- -----io---- --system-- -----cpu-----
 r  b   swpd   free   buff  cache   si   so    bi    bo   in   cs us sy id wa st
 8  0      0 46984496  12204  69640    0    0    64     0 220124 230426 17  5 76  0  2	
 9  0      0 46984496  12204  69640    0    0    64     0 215700 225910 18  5 75  0  2	
10  0      0 46984496  12204  69640    0    0    48     0 219734 229654 17  5 76  0  2	
10  0      0 46984496  12204  69640    0    0     0     0 219747 229559 17  5 76  0  2	
 9  0      0 46984372  12204  69640    0    0    96     0 218717 229905 17  5 76  0  2	
 8  0      0 46984372  12212  69640    0    0    32    12 218414 230225 16  5 76  0  2	
 9  0      0 46984372  12212  69640    0    0    64     0 219179 229391 16  5 77  0  2	
 9  0      0 46984372  12212  69640    0    0    96     0 220007 229892 17  4 76  0  2	
 8  0      0 46984372  12212  69640    0    0    48     0 219088 230229 16  5 76  0  2	
 9  0      0 46984372  12212  69640    0    0    80     0 214927 224382 17  5 76  0  2	
10  0      0 46984372  12220  69640    0    0    32    12 220891 229905 17  4 76  0  2	
 9  0      0 46984372  12220  69640    0    0    96     0 218699 228410 17  5 76  0  2	
10  0      0 46984248  12220  69640    0    0    64    12 221554 230697 17  5 76  0  2	
 9  0      0 46984248  12220  69640    0    0    48     0 221149 230087 16  5 77  0  2	
11  0      0 46984000  12220  69644    0    0    32     0 220490 229894 15  5 77  0  2	
 8  0      0 46984000  12220  69644    0    0    64     0 219777 229252 16  5 77  0  2	
 8  0      0 46984000  12228  69644    0    0    64    24 218671 228729 17  4 76  0  2	
 8  0      0 46984000  12228  69644    0    0    64     0 220136 229626 17  5 76  0  2	
 9  0      0 46983628  12228  69644    0    0   112    12 218944 229565 17  4 76  0  2	
10  0      0 46983504  12228  69644    0    0    16     0 216949 226650 17  4 76  0  2	
10  0      0 46983504  12228  69644    0    0    48     0 219947 230721 17  5 76  0  2	
procs -----------memory---------- ---swap-- -----io---- --system-- -----cpu-----
 r  b   swpd   free   buff  cache   si   so    bi    bo   in   cs us sy id wa st
10  0      0 46983380  12236  69644    0    0    16    12 219383 229223 17  5 76  0  2	
 8  0      0 46983380  12236  69648    0    0    48     0 220101 230622 16  5 76  0  2	
 9  0      0 46983256  12236  69648    0    0    48     0 219542 229926 17  5 77  0  2	
10  0      0 46983008  12236  69648    0    0    80     0 219777 230239 17  5 77  0  2	
 9  0      0 46983008  12236  69648    0    0    48     0 219162 229332 17  5 76  0  2	
 9  0      0 46983008  12236  69648    0    0    16     0 218951 229563 16  5 76  0  2	
 9  0      0 46983008  12244  69648    0    0    16    12 220714 230014 16  6 75  0  2	
 9  0      0 46983008  12244  69648    0    0    16     0 219533 229938 16  5 76  0  2	
 8  0      0 46983008  12244  69648    0    0    16     0 215972 225428 19  4 75  0  2	
 8  0      0 46983008  12244  69648    0    0    80     0 220900 230591 17  4 76  0  2	
10  0      0 46982884  12244  69648    0    0    80     0 219537 228677 17  5 76  0  2	
 9  0      0 46982884  12252  69648    0    0    64    12 219347 230308 17  4 77  0  2	
10  0      0 46982884  12252  69648    0    0     0     0 220399 230262 17  4 76  0  2	
 9  0      0 46982760  12252  69648    0    0    80     0 221527 230106 17  5 76  0  2	
 9  0      0 46982760  12252  69648    0    0    48     0 218680 229280 16  5 77  0  2	
 9  0      0 46982760  12252  69648    0    0    96     0 219948 230526 17  5 76  0  2	
 9  0      0 46982760  12252  69648    0    0    48     0 218443 229983 17  5 76  0  2	
 8  0      0 46982512  12260  69648    0    0    48    12 220668 230406 16  5 77  0  2	
 9  0      0 46982512  12260  69648    0    0    16     0 219506 228648 18  4 76  0  2	
10  0      0 46982512  12260  69648    0    0    96     0 220174 230194 17  5 76  0  2	
 9  0      0 46982512  12260  69648    0    0    48     0 214885 225555 18  4 76  0  2	
procs -----------memory---------- ---swap-- -----io---- --system-- -----cpu-----
 r  b   swpd   free   buff  cache   si   so    bi    bo   in   cs us sy id wa st
 9  0      0 46982512  12260  69648    0    0    48     0 220913 230295 18  5 75  0  2	
10  0      0 46982388  12268  69648    0    0    48    28 220015 230008 16  5 76  0  2	
 8  0      0 46982388  12268  69648    0    0    32     0 219893 230403 17  5 76  0  2	
10  0      0 46982264  12268  69648    0    0    48     0 220264 230354 16  5 77  0  2	
 8  0      0 46982264  12268  69648    0    0    64     0 219454 229961 17  5 75  0  2	
11  0      0 46982264  12268  69648    0    0    80     0 218154 229239 16  5 76  0  2	
11  0      0 46982140  12276  69648    0    0    48    28 220199 229698 17  4 76  0  2	
10  0      0 46982140  12276  69648    0    0    64     0 217150 227828 17  5 76  0  2	
 9  0      0 46981892  12276  69648    0    0   112     0 219285 230023 16  5 77  0  2	
11  0      0 46981768  12276  69648    0    0    32     0 219822 230080 16  5 77  0  2	
 9  0      0 46981768  12276  69648    0    0   144     0 219752 230123 17  5 76  0  2	
10  0      0 46981644  12276  69648    0    0    48    16 220943 230265 16  5 77  0  2	
 9  0      0 46981520  12284  69648    0    0    16    12 218623 229297 17  6 75  0  2	
11  0      0 46981520  12284  69648    0    0    64     0 219228 228839 18  4 75  0  2	
 9  0      0 46981520  12284  69652    0    0    48     0 219258 229459 16  5 76  0  2	
 8  0      0 46981520  12284  69656    0    0    16     0 220146 229819 17  5 76  0  2	
 8  0      0 46981520  12284  69656    0    0    32     0 220474 229726 17  5 76  0  2	
 9  0      0 46981520  12292  69656    0    0    48    12 214143 223448 17  5 75  0  3	
 9  0      0 46981396  12292  69656    0    0    48     0 218374 229292 17  5 75  0  2	
 8  0      0 46981396  12292  69656    0    0    32     0 214512 225003 18  5 75  0  2	
 8  0      0 46981396  12292  69656    0    0    32     0 219300 229600 18  5 75  0  2	
procs -----------memory---------- ---swap-- -----io---- --system-- -----cpu-----
 r  b   swpd   free   buff  cache   si   so    bi    bo   in   cs us sy id wa st
 9  0      0 46981396  12292  69656    0    0    64     0 219719 229636 17  5 76  0  2	
11  0      0 46981396  12292  69656    0    0    48     0 220388 229907 17  5 76  0  2	
10  0      0 46981396  12300  69656    0    0    32    12 219910 229925 16  5 77  0  2	
13  0      0 46981396  12300  69656    0    0    16     0 219384 230080 17  5 75  0  2	
 9  0      0 46981396  12300  69656    0    0    16     0 219945 229418 17  4 76  0  2	
11  0      0 46981272  12300  69656    0    0    80     0 219501 230549 17  4 77  0  2	
 9  0      0 46981272  12300  69656    0    0    32     0 220191 229100 17  5 76  0  2	
10  0      0 46981272  12308  69656    0    0    48    12 220112 229797 16  5 77  0  2	
 8  0      0 46981148  12308  69656    0    0    80     0 219220 229076 17  5 75  0  2	
10  0      0 46980900  12308  69656    0    0    96     0 220781 229764 16  5 76  0  2	
10  0      0 46980652  12308  69656    0    0     0     0 221110 230315 17  5 76  0  2	
 9  0      0 46980652  12308  69656    0    0    48     8 220998 230804 16  6 76  0  2	
10  0      0 46980652  12308  69656    0    0   144     0 220436 229468 17  5 76  0  2	
 8  0      0 46980652  12316  69656    0    0    64    24 220838 230000 17  6 75  0  2	
10  0      0 46980652  12316  69656    0    0    32     0 220020 229698 16  5 77  0  2	
 8  0      0 46980652  12316  69656    0    0    64     0 220755 230012 17  5 76  0  2	
 8  0      0 46980652  12316  69656    0    0    48     8 219000 228021 17  5 76  0  2	
 9  0      0 46980652  12316  69656    0    0    48     0 220496 230215 17  5 76  0  2	
 8  0      0 46980404  12324  69656    0    0    48    24 215538 225272 19  4 74  0  2	
10  0      0 46980404  12324  69656    0    0    32     0 220135 229910 16  5 77  0  2	
 9  0      0 46980280  12324  69656    0    0    96     0 220878 230218 16  5 77  0  2	
procs -----------memory---------- ---swap-- -----io---- --system-- -----cpu-----
 r  b   swpd   free   buff  cache   si   so    bi    bo   in   cs us sy id wa st
10  0      0 46980156  12324  69656    0    0    16    16 218224 230707 17  5 76  0  2	
10  0      0 46980032  12324  69656    0    0    32     0 217901 229571 17  5 76  0  2	
10  0      0 46980032  12324  69656    0    0    48     0 220065 229951 17  5 76  0  2	
11  0      0 46979908  12332  69656    0    0    48    16 218498 228844 17  5 76  0  2	
10  0      0 46979660  12332  69656    0    0    80     0 220850 230498 16  5 77  0  2	
 9  0      0 46979660  12332  69660    0    0    48     0 216568 227753 18  4 75  0  2	
 9  0      0 46979660  12332  69660    0    0    32     0 220426 230580 16  5 77  0  2	
10  0      0 46979660  12332  69660    0    0    16     0 218356 228407 17  4 76  0  2	
 8  0      0 46979660  12340  69660    0    0    16    12 220114 230172 17  5 76  0  2	
 9  0      0 46979660  12340  69660    0    0    32     0 219847 230400 17  5 76  0  2	
 9  0      0 46979660  12340  69660    0    0    48     0 218977 230060 18  4 76  0  2	
 9  0      0 46979412  12340  69660    0    0    96     0 220974 230604 17  5 77  0  2	
 9  0      0 46979288  12340  69660    0    0    80     0 220042 230019 18  5 75  0  2	
 9  0      0 46979164  12340  69660    0    0    48     0 219115 229459 17  4 77  0  2	
10  0      0 46979040  12348  69660    0    0    96    12 218241 229962 17  4 77  0  2	
 8  0      0 46979040  12348  69660    0    0    48     0 217324 227369 16  6 75  0  2	
 8  0      0 46978916  12348  69664    0    0    80     0 220009 230445 17  5 76  0  2	
 8  0      0 46978916  12348  69664    0    0    16     0 215862 225655 18  4 76  0  2	
10  0      0 46978916  12348  69664    0    0    64     0 220141 229679 16  5 77  0  2	
 8  0      0 46978792  12356  69664    0    0    64    12 219935 230668 17  4 76  0  2	
10  0      0 46978792  12356  69664    0    0    48     8 220294 230149 18  4 75  0  2	
procs -----------memory---------- ---swap-- -----io---- --system-- -----cpu-----
 r  b   swpd   free   buff  cache   si   so    bi    bo   in   cs us sy id wa st
 9  0      0 46978668  12356  69664    0    0    32     0 219687 230013 17  4 76  0  2	
 9  0      0 46978668  12356  69664    0    0    16     0 218325 229634 17  4 76  0  2	
 8  0      0 46978668  12356  69664    0    0    64     0 220085 229888 16  5 76  0  2	
 8  0      0 46978544  12356  69664    0    0    32     0 219263 230220 16  4 77  0  2	
 8  0      0 46978544  12364  69664    0    0    80    24 216458 226214 17  5 76  0  2	
 9  0      0 46978544  12364  69664    0    0    64     8 219933 229539 17  5 75  0  2	
 9  0      0 46978544  12364  69664    0    0    80     0 218645 229600 17  6 75  0  2	
10  0      0 46978420  12364  69664    0    0   112     0 219373 229467 16  5 77  0  2	
 9  0      0 46978420  12364  69664    0    0    48     0 219407 230172 17  5 76  0  2	
10  0      0 46978296  12372  69664    0    0    96    24 219661 229813 16  6 76  0  2	
11  0      0 46978296  12372  69664    0    0    32     0 218913 230080 18  5 75  0  2	
12  0      0 46978172  12372  69664    0    0    64     0 220567 230390 17  6 75  0  2	
 8  0      0 46977924  12380  69664    0    0    56     0 221415 231315 17  6 75  0  2	
11  0      0 46977644  12380  69664    0    0    32     0 219199 229947 17  5 76  0  2	
 8  0      0 46977644  12384  69660    0    0    52     0 215725 225279 17  4 76  0  2	
10  0      0 46977280  12392  69664    0    0     0    56 219974 231060 18  5 75  0  2	
11  0      0 46977272  12392  69664    0    0    16     0 217028 226604 17  5 75  0  2	
10  0      0 46977156  12392  69664    0    0    48     0 220697 230939 17  5 75  0  2	
 9  0      0 46977024  12392  69668    0    0    96     0 220902 230707 16  5 76  0  2	
 9  0      0 46976776  12392  69668    0    0    16     0 220501 230234 17  5 76  0  2	
 9  0      0 46976404  12404  69668    0    0    52    12 219230 231445 18  6 74  0  2	
procs -----------memory---------- ---swap-- -----io---- --system-- -----cpu-----
 r  b   swpd   free   buff  cache   si   so    bi    bo   in   cs us sy id wa st
 8  0      0 46976396  12404  69668    0    0    32     0 219972 230819 17  5 76  0  2	
 9  0      0 46976280  12404  69668    0    0    16     0 220238 230024 17  5 75  0  2	
 9  0      0 46975708  12404  69668    0    0   132     0 221130 231373 18  5 75  0  2	
12  0      0 46975452  12404  69736    0    0    32     0 219837 228484 16  5 76  0  2	
 9  0      0 46975204  12404  69736    0    0    96     0 219727 230429 17  5 76  0  2	
10  0      0 46975204  12412  69736    0    0    16    12 219588 230247 17  5 76  0  2	
 8  0      0 46975204  12412  69736    0    0    32     0 220153 229923 16  5 77  0  2	
10  0      0 46975204  12412  69736    0    0    48     0 219237 229243 17  5 76  0  2	
 9  0      0 46975204  12412  69736    0    0    16     0 219839 229540 16  5 77  0  2	
10  0      0 46975204  12412  69736    0    0    64     4 218602 229520 16  5 77  0  2	
10  0      0 46975080  12420  69736    0    0    96    12 218591 230002 18  5 75  0  2	
 9  0      0 46975080  12424  69732    0    0    36     0 220420 230413 16  6 76  0  2	
12  0      0 46974708  12428  69732    0    0    68     0 221195 231657 18  5 75  0  2	
11  0      0 46974708  12428  69736    0    0     0     0 213887 223083 18  5 75  0  2	
 8  0      0 46974380  12432  69732    0    0   160     8 220111 230458 17  5 75  0  2	
 8  0      0 46974584  12432  69844    0    0    80     0 219902 229405 16  5 76  0  2	
 9  0      0 46974584  12440  69844    0    0    32    24 219323 229231 17  5 76  0  2	
11  0      0 46974584  12440  69848    0    0    48     0 220517 229812 17  5 76  0  2	
