procs -----------memory---------- ---swap-- -----io---- --system-- -----cpu-----
 r  b   swpd   free   buff  cache   si   so    bi    bo   in   cs us sy id wa st
 1  0      0 42652136  16240 116116    0    0   368  3390   19   28 12  2 81  5  0	
12  0      0 42636512  16240 116136    0    0    80     0 244354 243144  8  6 83  0  3	
 7  1      0 42635520  16240 116136    0    0   112     0 242330 243873  8  5 84  0  3	
 8  0      0 42635272  16240 116136    0    0    96     0 240642 242186  8  5 85  0  3	
10  0      0 42635272  16240 116136    0    0    96     0 241970 243577  9  4 84  0  3	
 9  0      0 42635272  16240 116136    0    0   128     0 238665 240267  9  4 84  0  3	
 8  0      0 42635148  16248 116136    0    0    80    36 241426 242996  9  5 84  0  3	
 8  0      0 42635148  16248 116136    0    0    80     0 241942 243694  9  5 84  0  3	
11  0      0 42634992  16248 116136    0    0   144     0 242183 243801  8  5 85  0  3	
11  0      0 42634992  16248 116136    0    0    64     0 242105 243714  8  6 84  0  3	
10  0      0 42634868  16248 116136    0    0    48     0 241786 243313  7  4 86  0  3	
 8  0      0 42634744  16256 116136    0    0   192    12 242756 244296  8  4 85  0  3	
 9  0      0 42634744  16256 116136    0    0    64     0 243125 244666  8  5 84  0  3	
 8  1      0 42634496  16256 116136    0    0    80     0 241516 243172  8  5 85  0  3	
 8  0      0 42634496  16256 116136    0    0    48     0 240892 242469  7  5 85  0  3	
13  0      0 42634248  16256 116136    0    0   144     0 241486 243100  8  5 84  0  3	
 9  0      0 42634248  16256 116136    0    0    32     0 240639 242343  8  5 84  0  3	
 8  0      0 42634000  16264 116136    0    0   112    12 240570 242124  8  5 85  0  3	
10  0      0 42634000  16264 116136    0    0    80     0 243713 245288  8  5 85  0  3	
10  0      0 42633984  16264 116136    0    0    32     0 241024 242581  8  5 84  0  3	
 8  0      0 42633984  16264 116136    0    0    96     0 241195 242772  9  5 84  0  3	
procs -----------memory---------- ---swap-- -----io---- --system-- -----cpu-----
 r  b   swpd   free   buff  cache   si   so    bi    bo   in   cs us sy id wa st
 9  0      0 42633612  16264 116136    0    0   144     0 240366 242096  7  5 85  0  3	
 9  0      0 42633612  16272 116136    0    0    48    20 241856 243402  8  4 85  0  3	
10  0      0 42633612  16272 116136    0    0    16     0 238315 239841  9  4 84  0  3	
10  0      0 42633488  16272 116136    0    0    48     0 241465 243174  8  5 85  0  3	
 8  0      0 42633488  16272 116136    0    0    64     0 240665 242140  9  5 83  0  3	
 8  0      0 42633364  16272 116144    0    0    64     0 242253 243893  7  5 85  0  3	
 9  0      0 42633364  16272 116144    0    0    48     0 240621 242178  8  5 84  0  3	
 8  0      0 42633240  16280 116144    0    0    48    20 241751 243374  8  5 85  0  3	
10  0      0 42633240  16280 116144    0    0    96     0 240109 241813  8  5 85  0  3	
 9  0      0 42633116  16280 116144    0    0    32     0 241879 243734  7  6 84  0  3	
 9  0      0 42632992  16280 116144    0    0    48    16 241199 242779  8  5 85  0  3	
 8  0      0 42632992  16280 116144    0    0    16     0 242199 243762  7  5 85  0  3	
 9  0      0 42632992  16288 116144    0    0    96    24 241732 243307  9  5 84  0  3	
 9  0      0 42632992  16288 116148    0    0   160     0 239690 241589  8  5 84  0  3	
10  0      0 42632868  16288 116148    0    0    96     0 237647 239244  8  4 85  0  3	
10  0      0 42632868  16288 116148    0    0    64    40 242421 244077  7  5 86  0  3	
 9  0      0 42632868  16288 116148    0    0   112     0 241986 243567  8  5 84  0  3	
 8  0      0 42632744  16288 116148    0    0    48     0 242187 243787  8  5 84  0  3	
 9  0      0 42632744  16296 116148    0    0    64    12 242207 243931  8  5 84  0  3	
 8  0      0 42632620  16296 116148    0    0    80     0 242156 243779  7  6 84  0  3	
 9  0      0 42632620  16296 116148    0    0    32     0 242611 244296  8  4 85  0  3	
procs -----------memory---------- ---swap-- -----io---- --system-- -----cpu-----
 r  b   swpd   free   buff  cache   si   so    bi    bo   in   cs us sy id wa st
 8  0      0 42632620  16296 116148    0    0    48     0 241760 243408  8  5 84  0  3	
 9  0      0 42632496  16296 116152    0    0    80     0 242316 243940  7  5 85  0  3	
 9  0      0 42632372  16304 116152    0    0   144    12 242793 244452  8  5 84  0  3	
 9  0      0 42632372  16304 116152    0    0    48     0 236997 238479  9  4 84  0  3	
10  0      0 42632248  16304 116152    0    0    64     0 241380 242909  8  5 84  0  3	
 9  0      0 42632124  16304 116152    0    0    48     0 242124 243727  7  5 85  0  3	
10  0      0 42632124  16304 116152    0    0    96     0 242935 244598  8  5 84  0  3	
10  0      0 42632124  16304 116152    0    0   144     0 241979 243657  8  5 85  0  3	
 8  0      0 42631752  16312 116152    0    0   112    20 240888 242613  8  4 85  0  3	
10  0      0 42631628  16312 116152    0    0    96     0 240801 242435  7  5 85  0  3	
 9  0      0 42627940  16312 116156    0    0    64    16 243952 246268 11  6 80  0  3	
 8  0      0 42627940  16312 116156    0    0    80     0 241064 242668  9  5 84  0  3	
10  0      0 42627940  16312 116156    0    0   160     0 240577 242311  8  5 84  0  3	
10  0      0 42627940  16320 116156    0    0    32    52 239029 240735  8  5 84  0  3	
 8  0      0 42627940  16320 116156    0    0    48     0 241049 242601  7  5 85  0  3	
10  0      0 42627940  16320 116156    0    0    48     0 242149 243641  8  6 84  0  3	
10  0      0 42627940  16320 116156    0    0    48     0 241780 243536  8  5 84  0  3	
11  0      0 42627908  16320 116156    0    0   112     0 238671 240260  8  4 84  0  3	
10  0      0 42627908  16320 116156    0    0    96     0 241193 242776  8  5 85  0  3	
11  0      0 42627908  16328 116156    0    0   144    24 241412 242961  8  5 85  0  3	
11  0      0 42627908  16328 116156    0    0    64    16 240666 242226  8  5 84  0  3	
procs -----------memory---------- ---swap-- -----io---- --system-- -----cpu-----
 r  b   swpd   free   buff  cache   si   so    bi    bo   in   cs us sy id wa st
10  0      0 42627908  16328 116156    0    0    64     0 238680 240327  8  5 85  0  3	
 9  0      0 42627908  16328 116156    0    0   128     0 241419 243088  9  5 84  0  3	
 8  0      0 42627908  16336 116148    0    0    48    28 238631 240200  9  5 84  0  3	
 8  0      0 42627908  16336 116156    0    0    80     0 243185 244782  8  5 84  0  3	
10  0      0 42627908  16336 116160    0    0    64     0 240507 242102  8  4 85  0  3	
 9  0      0 42627908  16336 116164    0    0    80     0 241373 243099  8  5 84  0  3	
 8  0      0 42627908  16336 116164    0    0    64     0 241880 243826  9  5 83  0  3	
10  0      0 42627908  16336 116164    0    0   112     0 240522 242193  8  4 86  0  3	
 8  0      0 42627908  16344 116164    0    0    48    20 241275 242821  8  5 85  0  3	
 9  0      0 42627784  16344 116164    0    0   112    32 240454 242107  8  5 85  0  3	
11  0      0 42627784  16344 116164    0    0    80     0 240931 242565  8  5 85  0  3	
 8  0      0 42627660  16344 116164    0    0   160     0 240891 242498  8  5 84  0  3	
 9  0      0 42627536  16344 116164    0    0    80     0 238843 240298  8  6 83  0  3	
 9  0      0 42627412  16352 116164    0    0    96    20 240474 242090  8  5 84  0  3	
10  0      0 42627412  16352 116164    0    0    64     0 242379 243970  7  5 85  0  3	
 9  0      0 42627412  16352 116164    0    0    96     0 241826 243475  9  5 84  0  3	
10  0      0 42627412  16352 116164    0    0    48     0 240968 242594  7  5 85  0  3	
 9  0      0 42627288  16352 116164    0    0    64     0 242129 243748  8  5 85  0  3	
10  0      0 42627288  16360 116164    0    0   112    12 241736 243328  8  4 84  0  3	
 8  0      0 42627288  16360 116164    0    0    96    24 241439 242979  8  5 85  0  3	
 8  0      0 42627040  16360 116164    0    0    64     0 240115 241703  8  5 84  0  3	
procs -----------memory---------- ---swap-- -----io---- --system-- -----cpu-----
 r  b   swpd   free   buff  cache   si   so    bi    bo   in   cs us sy id wa st
10  0      0 42627040  16360 116164    0    0    64     0 241853 243481  8  4 85  0  3	
 8  0      0 42627040  16360 116168    0    0    32     0 239890 241470  9  5 84  0  3	
 9  0      0 42627040  16360 116168    0    0    48     0 241898 243488  8  5 85  0  3	
 8  0      0 42627040  16368 116160    0    0   112    36 241081 242735  8  4 85  0  3	
 8  0      0 42626916  16368 116168    0    0    64     0 242410 244030  8  4 85  0  3	
 8  0      0 42626916  16368 116168    0    0    80     0 241758 243369  9  6 83  0  3	
 8  0      0 42626916  16368 116168    0    0    96     0 241064 242820  9  6 83  0  3	
 8  0      0 42626792  16368 116168    0    0    48     0 242010 243606  8  5 85  0  3	
 9  0      0 42626792  16376 116168    0    0    48    12 242359 244000  7  5 85  0  3	
10  0      0 42626668  16376 116168    0    0    48    16 240151 241774  8  5 84  0  3	
 8  0      0 42626668  16376 116168    0    0    32     0 241686 243282  7  5 85  0  3	
 9  0      0 42626668  16376 116168    0    0    96     0 239343 240984  8  5 85  0  3	
 9  0      0 42626544  16376 116168    0    0    48     0 242158 243747  8  5 85  0  3	
 8  0      0 42626544  16376 116168    0    0    96     0 241572 243142  8  4 85  0  3	
 8  0      0 42626544  16384 116168    0    0   112    20 242034 243774  8  4 85  0  3	
 8  0      0 42626544  16384 116168    0    0    80     0 242077 243643  8  5 85  0  3	
 8  0      0 42626296  16384 116168    0    0    48     0 242097 243684  7  5 85  0  3	
 9  0      0 42626296  16384 116168    0    0    80     0 241286 242981  8  5 84  0  3	
10  0      0 42626296  16384 116168    0    0    48     0 240491 242192  7  5 85  0  3	
 9  0      0 42626296  16392 116164    0    0    32    12 241455 243039  9  5 84  0  3	
 9  0      0 42626296  16392 116172    0    0    64     0 240987 242672  8  5 85  0  3	
procs -----------memory---------- ---swap-- -----io---- --system-- -----cpu-----
 r  b   swpd   free   buff  cache   si   so    bi    bo   in   cs us sy id wa st
10  0      0 42626172  16392 116172    0    0   128     0 237084 238586  8  5 84  0  3	
 9  0      0 42626172  16392 116172    0    0    96     0 243094 244738  7  5 85  0  3	
 9  0      0 42626048  16392 116172    0    0    96     0 242613 244274  8  5 84  0  3	
10  0      0 42626048  16392 116172    0    0    80    32 241954 243504  8  5 85  0  3	
 9  0      0 42626048  16400 116172    0    0    80    12 242027 243746  8  5 84  0  3	
 8  0      0 42626048  16400 116172    0    0    64     0 241450 242929  8  5 85  0  3	
 8  0      0 42626048  16400 116172    0    0    48     0 242328 244037  7  5 85  0  3	
 9  0      0 42626048  16400 116172    0    0    48     0 241845 243423  9  5 84  0  3	
 8  0      0 42625924  16400 116172    0    0    16     0 241197 242739  7  5 85  0  3	
 8  0      0 42625800  16408 116172    0    0   160    12 241671 243200  8  4 85  0  3	
 9  0      0 42625676  16408 116172    0    0    80     0 239004 240605  8  5 84  0  3	
10  0      0 42625676  16408 116172    0    0    16     0 241334 242898  9  5 84  0  3	
 8  0      0 42625552  16408 116172    0    0    48     0 242374 243941  8  4 85  0  3	
10  0      0 42625428  16408 116172    0    0    64     0 241866 243571  8  5 84  0  3	
 8  0      0 42625428  16408 116172    0    0    80     0 241972 243457  8  5 84  0  3	
 9  0      0 42625428  16416 116172    0    0    32    12 242030 243726  7  5 85  0  3	
 8  0      0 42625428  16416 116172    0    0    32     0 241677 243342  9  5 83  0  3	
10  0      0 42625428  16416 116172    0    0    16     0 242535 244106  7  5 85  0  3	
 9  0      0 42625428  16416 116172    0    0    32     0 241619 243303  8  5 84  0  3	
 8  0      0 42625428  16416 116172    0    0    80     0 240755 242523  8  5 84  0  3	
 8  0      0 42625428  16424 116172    0    0    32    12 240299 241858  8  5 85  0  3	
procs -----------memory---------- ---swap-- -----io---- --system-- -----cpu-----
 r  b   swpd   free   buff  cache   si   so    bi    bo   in   cs us sy id wa st
10  0      0 42625428  16424 116172    0    0    32     0 240775 242519  8  5 85  0  3	
 9  0      0 42625304  16424 116176    0    0    32     0 241650 243235  8  6 84  0  3	
11  0      0 42625180  16424 116176    0    0    64     0 242207 243792  7  5 84  0  3	
11  0      0 42625056  16424 116176    0    0    64    16 241862 243484  8  5 85  0  3	
 9  0      0 42625056  16424 116176    0    0    48     0 242246 243853  8  4 85  0  3	
10  0      0 42625056  16432 116176    0    0    32    20 242025 243654  8  4 84  0  3	
 8  0      0 42625056  16432 116176    0    0    64     0 242152 243753  8  5 84  0  3	
 9  0      0 42625056  16432 116176    0    0    16     0 238638 240120  8  4 85  0  3	
10  0      0 42625056  16432 116176    0    0    48     0 241545 243181  8  4 85  0  3	
 8  0      0 42625056  16432 116176    0    0    64     0 237930 239483  8  5 84  0  3	
11  0      0 42624932  16440 116180    0    0    80    12 240706 242311  8  5 84  0  3	
10  0      0 42624808  16440 116180    0    0    80     0 241572 243185  8  5 85  0  3	
11  0      0 42624808  16440 116180    0    0    32     0 241470 243182  8  5 85  0  3	
10  0      0 42624808  16440 116180    0    0    32     8 241937 243577  8  4 85  0  3	
 9  0      0 42624684  16440 116180    0    0    64     0 242392 243962  7  5 85  0  3	
 8  0      0 42624684  16440 116180    0    0    48     0 241981 243642  8  5 85  0  3	
 9  0      0 42624560  16448 116180    0    0    48    12 241935 243556  8  5 85  0  3	
 8  0      0 42624560  16448 116180    0    0    16     0 241979 243609  7  6 85  0  3	
10  0      0 42624560  16448 116180    0    0    80     0 240950 242578  8  5 84  0  3	
11  0      0 42624560  16448 116180    0    0    32     0 240996 242652  9  4 84  0  3	
 9  0      0 42624560  16448 116180    0    0    32     0 242531 244109  7  5 85  0  3	
procs -----------memory---------- ---swap-- -----io---- --system-- -----cpu-----
 r  b   swpd   free   buff  cache   si   so    bi    bo   in   cs us sy id wa st
10  0      0 42624560  16456 116176    0    0    48    12 241053 242815  9  5 84  0  3	
10  0      0 42624560  16456 116180    0    0    32     0 241402 243087  7  5 85  0  3	
 9  0      0 42624436  16456 116180    0    0    48     0 241214 242783  8  5 84  0  3	
10  0      0 42624436  16456 116180    0    0     0     0 242373 243928  8  5 85  0  3	
 9  0      0 42624436  16456 116180    0    0    32     0 240847 242500  7  5 85  0  3	
 8  0      0 42624436  16456 116180    0    0    48     0 240418 242164  8  5 84  0  3	
 8  0      0 42624436  16464 116180    0    0    48    12 241815 243351  8  5 84  0  3	
11  0      0 42624436  16464 116180    0    0    16     0 240856 242451  7  5 85  0  3	
10  0      0 42624312  16464 116180    0    0   128     0 239013 240594  8  5 84  0  3	
 8  0      0 42624188  16464 116180    0    0    64     0 243359 245007  7  5 85  0  3	
 9  0      0 42624064  16464 116180    0    0    80     0 240838 242774  7  5 85  0  3	
 8  0      0 42623940  16472 116172    0    0    32    12 242219 243927  8  5 84  0  3	
12  0      0 42623940  16472 116172    0    0    64     0 240972 242701  8  5 85  0  3	
11  0      0 42623816  16472 116180    0    0    48     0 241929 243582  8  5 84  0  3	
 9  0      0 42623816  16472 116180    0    0    16     0 241848 243524  8  5 85  0  3	
 8  0      0 42623692  16472 116180    0    0   112     0 241202 242853  8  5 85  0  3	
 8  0      0 42623692  16472 116180    0    0    16     0 241899 243500  7  5 85  0  3	
 8  0      0 42623568  16484 116176    0    0    80    24 241605 243320  8  5 84  0  3	
 9  0      0 42623320  16484 116180    0    0    96     0 237838 239344  9  5 84  0  3	
 8  0      0 42623196  16484 116180    0    0    80     0 240911 242992  8  4 85  0  3	
11  0      0 42622948  16484 116180    0    0    48     0 240447 242124  7  4 86  0  3	
procs -----------memory---------- ---swap-- -----io---- --system-- -----cpu-----
 r  b   swpd   free   buff  cache   si   so    bi    bo   in   cs us sy id wa st
10  0      0 42622948  16484 116180    0    0    48     0 242571 244111  8  5 84  0  3	
 9  0      0 42622948  16492 116176    0    0    32    28 241920 243501  7  4 86  0  3	
10  0      0 42622948  16492 116176    0    0    80     0 241907 243510  8  4 84  0  3	
 9  0      0 42622700  16492 116188    0    0   112     0 242003 243649  8  5 85  0  3	
 8  0      0 42622700  16492 116188    0    0    64     0 242196 243846  8  5 85  0  3	
10  0      0 42622700  16492 116188    0    0    80     0 242515 244199  8  5 84  0  3	
 9  0      0 42622700  16492 116188    0    0   112     0 241363 242955  8  5 84  0  3	
 9  0      0 42622700  16500 116188    0    0    32    40 239737 241322  9  5 84  0  3	
 9  0      0 42622700  16500 116188    0    0    16     0 242001 243638  8  4 86  0  3	
 8  0      0 42622700  16500 116188    0    0    48     0 242473 243999  8  5 84  0  3	
 8  0      0 42622700  16500 116188    0    0    48     0 243546 245153  8  5 84  0  3	
 9  0      0 42622700  16500 116188    0    0    16     0 243936 245497  8  6 84  0  3	
 8  0      0 42622700  16508 116180    0    0     0    12 241857 243589  8  5 84  0  3	
 8  0      0 42622700  16508 116188    0    0    80     0 239220 240833  8  4 85  0  3	
 8  0      0 42622576  16508 116188    0    0    64     0 241116 242789  7  5 85  0  3	
10  0      0 42622576  16508 116188    0    0    32     0 241207 242803  8  4 85  0  3	
 9  0      0 42622576  16508 116188    0    0    48     0 242294 243957  8  5 84  0  3	
 8  0      0 42622576  16508 116188    0    0    32     0 238821 240408  8  4 85  0  3	
 9  0      0 42622576  16516 116188    0    0    80    12 242239 243873  8  4 86  0  3	
 8  0      0 42622576  16516 116188    0    0    16     0 242788 244306  8  5 84  0  3	
 8  0      0 42622576  16516 116188    0    0    32     0 243417 245079  8  5 84  0  3	
procs -----------memory---------- ---swap-- -----io---- --system-- -----cpu-----
 r  b   swpd   free   buff  cache   si   so    bi    bo   in   cs us sy id wa st
 8  0      0 42622576  16516 116188    0    0    64     0 243018 244638  8  5 84  0  3	
 8  0      0 42622576  16516 116188    0    0    48     0 242138 243629  8  5 84  0  3	
 9  0      0 42622328  16524 116180    0    0    96    12 241011 242567  8  5 85  0  3	
 9  0      0 42622204  16524 116188    0    0    16     0 241195 242917  8  5 84  0  3	
10  0      0 42622204  16524 116188    0    0    48     0 240652 242043  9  5 84  0  3	
10  0      0 42622204  16524 116188    0    0    48     0 241292 242880  8  6 84  0  3	
10  0      0 42622080  16528 116184    0    0    96    16 239019 240602  8  5 84  0  3	
10  0      0 42621708  16528 116188    0    0    96     0 241058 242636  8  5 85  0  3	
10  0      0 42621708  16536 116188    0    0    80    32 240986 242602  8  5 85  0  3	
 9  0      0 42621584  16536 116188    0    0   160     0 242632 244286  8  5 84  0  3	
 8  0      0 42621584  16536 116188    0    0    48     0 240405 242371  8  5 84  0  3	
 9  0      0 42621584  16536 116188    0    0    16     0 242218 243853  8  6 83  0  3	
 8  0      0 42621460  16536 116188    0    0    32     0 240919 242466  8  5 85  0  3	
 9  0      0 42621460  16544 116184    0    0    48    12 242335 243831  8  5 85  0  3	
10  0      0 42621336  16544 116192    0    0    80     0 241848 243433  8  5 85  0  3	
 8  0      0 42621336  16544 116192    0    0    48     0 243202 244761  8  5 84  0  3	
 9  0      0 42621336  16544 116192    0    0   112     4 239624 241154  8  5 85  0  3	
 9  0      0 42621336  16544 116192    0    0    48     0 239988 241752  8  5 84  0  3	
 8  0      0 42621336  16544 116192    0    0    48     0 241236 242764  8  5 84  0  3	
10  0      0 42621336  16552 116192    0    0    48    12 242685 244279  8  5 84  0  3	
 9  0      0 42621212  16552 116192    0    0    32     0 243179 244708  8  5 84  0  3	
procs -----------memory---------- ---swap-- -----io---- --system-- -----cpu-----
 r  b   swpd   free   buff  cache   si   so    bi    bo   in   cs us sy id wa st
 9  0      0 42621212  16552 116192    0    0    64     0 242119 243764  7  5 85  0  3	
10  0      0 42621088  16552 116192    0    0    32     0 240858 242679  8  5 85  0  3	
10  0      0 42621088  16552 116192    0    0    80     0 241805 243329  8  5 85  0  3	
11  0      0 42621088  16560 116192    0    0    48    12 240868 242389  8  5 84  0  3	
10  0      0 42621088  16560 116196    0    0    16     0 242916 244646  8  5 84  0  3	
 8  0      0 42621088  16560 116196    0    0    80    20 237417 238912  8  5 85  0  3	
 9  0      0 42621088  16560 116196    0    0     0     0 241263 242817  8  5 85  0  3	
 9  0      0 42621088  16560 116196    0    0    32     0 242221 243737  8  5 84  0  3	
10  0      0 42621088  16560 116196    0    0    32     0 241229 242866  7  5 85  0  3	
11  0      0 42620964  16568 116196    0    0    64    12 241082 242693  8  5 85  0  3	
10  0      0 42620840  16568 116196    0    0    32     0 240954 242596  8  5 84  0  3	
12  0      0 42620840  16568 116196    0    0    32     0 241568 243137  8  5 84  0  3	
 9  0      0 42620840  16568 116196    0    0    48     0 243151 244726  8  4 85  0  3	
 9  0      0 42620840  16568 116196    0    0   112     0 240707 242607  8  5 84  0  3	
 8  0      0 42620716  16576 116188    0    0    64    12 241699 243413  8  5 84  0  3	
10  0      0 42620716  16576 116196    0    0    16     0 237890 239485  8  5 84  0  3	
 9  0      0 42620716  16576 116196    0    0    80    16 241132 242721  8  5 84  0  3	
 9  0      0 42620716  16576 116196    0    0    32     0 240998 242680  8  6 84  0  3	
 9  0      0 42620468  16576 116196    0    0    32     0 241835 243434  7  6 84  0  3	
10  0      0 42620468  16576 116196    0    0    64     0 242544 244196  8  4 85  0  3	
 8  0      0 42620344  16584 116196    0    0    16    28 241425 243021  8  6 83  0  3	
procs -----------memory---------- ---swap-- -----io---- --system-- -----cpu-----
 r  b   swpd   free   buff  cache   si   so    bi    bo   in   cs us sy id wa st
10  0      0 42620344  16584 116196    0    0    16     0 241059 242700  8  4 85  0  3	
 8  0      0 42620220  16584 116196    0    0    64     0 240069 241721  7  4 86  0  3	
11  0      0 42620220  16584 116196    0    0    48     0 240477 242145  8  5 84  0  3	
11  0      0 42619972  16584 116196    0    0    48     0 241801 243340  7  5 85  0  3	
 9  0      0 42619972  16592 116188    0    0     0    12 238694 240288  8  4 85  0  3	
11  0      0 42619972  16592 116188    0    0    16     0 241362 243091  7  5 85  0  3	
 8  0      0 42619724  16592 116200    0    0    64     0 241301 242792  8  5 85  0  3	
 9  0      0 42619724  16592 116200    0    0    32     0 241697 243313  9  5 84  0  3	
 9  0      0 42619724  16592 116200    0    0    32     0 240981 242492  8  5 84  0  3	
 9  0      0 42619724  16592 116200    0    0    48     0 242423 244021  7  5 85  0  3	
 8  0      0 42619724  16600 116200    0    0    80    12 240957 242595  8  5 85  0  3	
 8  0      0 42619724  16600 116200    0    0     0     0 242773 244419  8  5 84  0  3	
 9  0      0 42619724  16600 116200    0    0    16     0 241802 243405  8  4 85  0  3	
 9  0      0 42619724  16600 116200    0    0    48     0 241064 242560  8  6 83  0  3	
 9  0      0 42619600  16600 116200    0    0    48     0 238195 239697  8  4 84  0  3	
 9  0      0 42619476  16608 116192    0    0    32    12 241239 242763  7  6 84  0  3	
 9  0      0 42619476  16608 116200    0    0    16     0 238641 240320  8  5 84  0  3	
11  0      0 42619476  16608 116200    0    0    32     0 241348 243135  7  5 85  0  3	
 9  0      0 42619228  16608 116200    0    0    48     0 242277 243947  8  4 85  0  3	
 9  0      0 42619228  16608 116200    0    0    32     0 241452 243050  8  5 84  0  3	
10  0      0 42619228  16608 116200    0    0    16    16 241143 242917  8  5 85  0  3	
procs -----------memory---------- ---swap-- -----io---- --system-- -----cpu-----
 r  b   swpd   free   buff  cache   si   so    bi    bo   in   cs us sy id wa st
 8  0      0 42619228  16616 116200    0    0     0    12 241382 243004  8  5 84  0  3	
 9  0      0 42619228  16616 116200    0    0    48     0 240880 242713  8  5 85  0  3	
11  0      0 42619228  16616 116200    0    0    48     0 240881 242568  7  5 85  0  3	
 9  0      0 42619228  16616 116200    0    0    16     0 238364 239958  8  4 85  0  3	
10  0      0 42619228  16616 116204    0    0    96     8 241816 243430  7  5 84  0  3	
 9  0      0 42619228  16624 116204    0    0    48    24 241439 242947  8  5 85  0  3	
 9  0      0 42619104  16624 116204    0    0    48     0 241979 243472  8  6 84  0  3	
 9  0      0 42619104  16624 116204    0    0    16     0 241439 242989  7  5 85  0  3	
10  0      0 42619104  16624 116204    0    0    80     0 241075 242679  7  5 85  0  3	
 9  0      0 42618980  16624 116204    0    0    48     0 240635 242205  8  5 84  0  3	
10  0      0 42618856  16624 116204    0    0    32     8 240863 242595  8  5 84  0  3	
 9  0      0 42618608  16632 116204    0    0    32    24 240321 241992  7  5 85  0  3	
 8  0      0 42618608  16632 116204    0    0    48     0 241667 243398  7  5 84  0  3	
 8  0      0 42618608  16632 116204    0    0     0     0 238745 240269  8  5 84  0  3	
10  0      0 42618484  16632 116204    0    0   128     0 241237 242854  7  5 85  0  3	
 9  0      0 42618360  16632 116204    0    0    32     0 241299 242893  8  4 85  0  3	
11  0      0 42618360  16640 116196    0    0    16    12 241955 243549  8  5 84  0  3	
10  0      0 42618360  16640 116196    0    0   112     0 241986 243659  8  5 84  0  3	
10  0      0 42618236  16640 116208    0    0    16     0 240437 242100  9  4 84  0  3	
 8  0      0 42618236  16640 116208    0    0    16     0 241185 242807  8  5 85  0  3	
10  0      0 42618236  16640 116208    0    0    48     0 240963 242638  7  5 85  0  3	
procs -----------memory---------- ---swap-- -----io---- --system-- -----cpu-----
 r  b   swpd   free   buff  cache   si   so    bi    bo   in   cs us sy id wa st
 9  0      0 42618112  16640 116208    0    0    80     0 240422 241955  8  5 85  0  3	
 9  0      0 42618112  16648 116208    0    0    64    12 240638 242257  7  5 85  0  3	
 8  0      0 42618112  16648 116208    0    0    16     0 236790 238445  9  4 84  0  3	
 8  0      0 42618112  16648 116208    0    0     0     0 241721 243343  7  5 86  0  3	
 9  0      0 42618112  16648 116208    0    0    16     0 241845 243555  8  5 85  0  3	
 9  0      0 42617988  16648 116208    0    0    16     0 241324 242992  8  5 84  0  3	
 9  0      0 42617988  16656 116200    0    0    48    12 241723 243371  8  5 85  0  3	
10  0      0 42617988  16656 116208    0    0    96     0 242510 244255  8  5 85  0  3	
10  0      0 42617988  16656 116208    0    0    64     0 240829 242554  8  6 84  0  3	
 8  0      0 42617988  16656 116208    0    0    16    16 242031 243646  8  5 84  0  3	
 9  0      0 42617988  16656 116208    0    0    80     0 239885 241567  8  4 85  0  3	
10  0      0 42617988  16656 116208    0    0     0     0 241560 243367  7  5 85  0  3	
11  0      0 42617988  16664 116208    0    0    48    12 237985 239445  9  4 84  0  3	
10  0      0 42617988  16664 116208    0    0    32     0 241018 242658  7  5 85  0  3	
10  0      0 42617864  16664 116208    0    0    32     0 241238 242881  8  5 84  0  3	
 9  0      0 42617740  16664 116208    0    0    16     0 242205 243826  9  4 84  0  3	
 8  0      0 42617740  16664 116208    0    0    48     0 242256 243810  7  5 85  0  3	
10  0      0 42617616  16672 116208    0    0    80    16 241686 243255  8  5 84  0  3	
 8  0      0 42617616  16672 116208    0    0    16     0 241566 243111  7  4 86  0  3	
12  0      0 42617616  16672 116208    0    0    32     8 240912 242537  8  4 85  0  3	
10  0      0 42617616  16672 116208    0    0    32     0 240064 241724  8  5 85  0  3	
procs -----------memory---------- ---swap-- -----io---- --system-- -----cpu-----
 r  b   swpd   free   buff  cache   si   so    bi    bo   in   cs us sy id wa st
 9  0      0 42617368  16672 116208    0    0    16     0 240817 242510  8  4 85  0  3	
10  0      0 42617368  16672 116208    0    0     0     0 239735 241347  8  5 84  0  3	
 9  0      0 42617368  16680 116208    0    0    64    24 240731 242355  8  5 85  0  3	
12  0      0 42617368  16680 116208    0    0    80     4 241950 243595  8  5 84  0  3	
 8  0      0 42617244  16680 116208    0    0    32     0 242014 243676  8  5 85  0  3	
10  0      0 42617244  16680 116212    0    0    48     0 242493 244129  8  4 86  0  3	
 9  0      0 42617244  16680 116212    0    0    16     0 242007 243641  8  5 85  0  3	
 8  0      0 42617244  16688 116204    0    0    16    12 240869 242471  7  5 85  0  3	
10  0      0 42617120  16688 116212    0    0    80     0 241043 242646  8  5 84  0  3	
10  0      0 42617120  16688 116212    0    0    80     0 241821 243406  8  5 84  0  3	
 9  0      0 42617120  16688 116212    0    0    80     0 243881 245545  8  5 84  0  3	
 9  0      0 42616996  16688 116216    0    0    80     0 236876 238388  8  5 84  0  3	
 8  0      0 42616996  16688 116216    0    0    32     0 241729 243367  8  5 85  0  3	
 9  0      0 42616996  16696 116216    0    0    48    12 241473 243127  8  5 84  0  3	
 8  0      0 42616996  16696 116216    0    0    64     0 242848 244449  7  5 85  0  3	
10  0      0 42616872  16696 116216    0    0    16     0 241045 242635  8  5 85  0  3	
10  0      0 42616748  16696 116216    0    0    48     0 240992 242679  8  4 85  0  3	
10  0      0 42616748  16696 116216    0    0    16     0 240946 242501  8  5 85  0  3	
 8  0      0 42616748  16704 116208    0    0    32    12 241771 243425  8  5 84  0  3	
 8  0      0 42616748  16704 116216    0    0    32     0 240407 242133  7  5 85  0  3	
 8  0      0 42616624  16704 116216    0    0    16     0 241530 243179  7  4 86  0  3	
procs -----------memory---------- ---swap-- -----io---- --system-- -----cpu-----
 r  b   swpd   free   buff  cache   si   so    bi    bo   in   cs us sy id wa st
11  0      0 42616376  16704 116216    0    0    16     0 240640 242293  7  5 85  0  3	
 9  0      0 42616376  16704 116216    0    0    96     0 240921 242447  8  5 84  0  3	
 8  0      0 42616376  16704 116216    0    0    64     0 241092 242574  8  5 84  0  3	
11  0      0 42616252  16712 116216    0    0    48    32 241819 243479  7  5 85  0  3	
 9  0      0 42616128  16712 116216    0    0    48     0 241183 242789  8  5 84  0  3	
11  0      0 42616128  16712 116216    0    0    16     0 241529 243102  7  5 85  0  3	
 9  0      0 42616128  16712 116216    0    0    32     0 240810 242466  8  5 85  0  3	
 9  0      0 42616128  16712 116216    0    0    16     0 241458 243183  8  5 85  0  3	
 9  0      0 42616004  16720 116208    0    0    48    36 239571 241089  7  5 85  0  3	
11  0      0 42616004  16720 116216    0    0    32     0 243358 245037  8  5 84  0  3	
 8  0      0 42616220  16720 116216    0    0    48     0 240193 242199  8  6 84  0  3	
 9  0      0 42615972  16720 116220    0    0    48     0 241254 243142  8  4 85  0  3	
13  0      0 42615972  16720 116220    0    0    80     0 241378 242961  8  5 84  0  3	
 8  0      0 42615972  16720 116220    0    0    64     8 240636 242471  8  4 84  0  3	
 8  0      0 42615964  16728 116220    0    0    32    32 241148 242748  8  5 84  0  3	
11  0      0 42615964  16728 116220    0    0    16     0 243081 244686  8  6 84  0  3	
 8  0      0 42615964  16728 116220    0    0    48     0 242771 244412  8  6 84  0  3	
 9  0      0 42615840  16728 116220    0    0    16     0 241953 243496  7  5 85  0  3	
 9  0      0 42615840  16728 116220    0    0     0     0 243074 244705  8  5 84  0  3	
10  0      0 42615840  16736 116212    0    0    32    12 241887 243557  7  5 85  0  3	
10  0      0 42615840  16736 116220    0    0    16     0 237103 238652  9  5 83  0  3	
procs -----------memory---------- ---swap-- -----io---- --system-- -----cpu-----
 r  b   swpd   free   buff  cache   si   so    bi    bo   in   cs us sy id wa st
 9  0      0 42615840  16736 116220    0    0    80     0 243023 244616  8  5 85  0  3	
10  0      0 42615840  16736 116220    0    0    32     0 241548 243185  8  4 85  0  3	
 9  0      0 42615840  16736 116220    0    0    64     0 242112 243720  8  5 83  0  3	
 9  0      0 42615716  16736 116224    0    0    32     0 242372 244152  8  5 84  0  3	
 9  0      0 42615716  16744 116224    0    0    16    12 242415 244059  7  5 85  0  3	
10  0      0 42615716  16744 116224    0    0    48     0 242440 244080  7  5 85  0  3	
 8  0      0 42615716  16744 116224    0    0    32     0 241321 242919  8  5 84  0  3	
10  0      0 42615592  16744 116228    0    0    48     0 241858 243410  9  5 83  0  3	
 9  0      0 42615468  16744 116228    0    0    32     0 241639 243254  7  5 85  0  3	
11  0      0 42615468  16752 116220    0    0    16    12 239132 240689  9  4 84  0  3	
 8  0      0 42615344  16752 116228    0    0    16     0 241944 243583  9  4 85  0  3	
10  0      0 42615344  16752 116228    0    0    48     0 240567 242235  8  5 85  0  3	
 9  0      0 42615344  16752 116228    0    0    32     0 242766 244552  8  5 84  0  3	
10  0      0 42615220  16752 116228    0    0    32     0 241884 243501  8  5 85  0  3	
 9  0      0 42615220  16752 116228    0    0     0     0 242660 244328  7  5 85  0  3	
 8  0      0 42615220  16760 116228    0    0    16    12 242325 243951  8  5 85  0  3	
 9  0      0 42615220  16760 116228    0    0    32     0 240970 242542  8  5 84  0  3	
 8  0      0 42615220  16760 116228    0    0    16     0 241311 242992  9  5 84  0  3	
10  0      0 42615220  16760 116228    0    0    32    24 241147 242756  8  4 85  0  3	
 9  0      0 42615220  16760 116228    0    0    16     0 238902 240538  9  5 84  0  3	
 8  0      0 42615220  16768 116220    0    0    48    24 241567 243162  8  5 85  0  3	
procs -----------memory---------- ---swap-- -----io---- --system-- -----cpu-----
 r  b   swpd   free   buff  cache   si   so    bi    bo   in   cs us sy id wa st
11  0      0 42615096  16768 116228    0    0    16     0 242297 243808  8  5 84  0  3	
 8  0      0 42615096  16768 116228    0    0     0     0 242563 244301  8  5 85  0  3	
 9  0      0 42615096  16768 116228    0    0    16    20 241489 243112  7  5 85  0  3	
 9  0      0 42615096  16768 116228    0    0     0     0 242585 244243  8  5 84  0  3	
10  0      0 42615096  16768 116228    0    0     0     0 242237 243868  8  5 85  0  3	
 9  0      0 42615096  16776 116220    0    0    32    36 240269 241955  8  4 85  0  3	
 8  0      0 42615096  16776 116220    0    0    32     0 242074 243621  9  4 84  0  3	
10  0      0 42614848  16776 116228    0    0     0     0 241063 242713  8  4 86  0  3	
 8  0      0 42614848  16776 116228    0    0    16     0 235487 237037  9  4 84  0  3	
 9  0      0 42614848  16776 116228    0    0     0     0 239319 240850  8  5 84  0  3	
10  0      0 42614848  16784 116220    0    0    48    12 240456 242022  8  6 84  0  3	
12  0      0 42614848  16784 116228    0    0    16     0 240790 242375  7  5 85  0  3	
 9  0      0 42614848  16784 116228    0    0    16     0 241332 243002  8  4 85  0  3	
 8  0      0 42614848  16784 116228    0    0    16     0 241251 242828  8  5 85  0  3	
 8  0      0 42614352  16784 116228    0    0    16     0 241606 243279  8  6 84  0  3	
11  0      0 42613088  16784 116228    0    0    32     0 241467 243144  7  5 86  0  3	
 8  0      0 42613980  16800 116236    0    0    32    36 242080 243792  9  5 83  0  3	
 9  0      0 42613980  16800 116236    0    0    48     0 241383 243001  7  5 85  0  3	
10  0      0 42613732  16800 116236    0    0    16     0 238632 240276  7  5 85  0  3	
10  0      0 42613732  16800 116236    0    0    48     0 242948 244619  8  5 85  0  3	
11  0      0 42613732  16800 116236    0    0    32     0 241120 242818  7  5 85  0  3	
procs -----------memory---------- ---swap-- -----io---- --system-- -----cpu-----
 r  b   swpd   free   buff  cache   si   so    bi    bo   in   cs us sy id wa st
11  0      0 42613732  16808 116232    0    0    16    16 242107 243762  8  5 84  0  3	
12  0      0 42613608  16808 116236    0    0    64     0 240183 241751  8  5 84  0  3	
 8  0      0 42613608  16808 116236    0    0    16     0 242191 243967  8  4 85  0  3	
 9  0      0 42613608  16808 116236    0    0    48     0 242284 243792  8  5 84  0  3	
10  0      0 42613608  16808 116236    0    0    32     0 242252 243966  8  5 85  0  3	
11  0      0 42613608  16816 116228    0    0     0    12 240898 242529  8  5 84  0  3	
 8  0      0 42613608  16816 116240    0    0    16     8 242116 243761  8  4 85  0  3	
 9  0      0 42613608  16816 116240    0    0    32     0 240046 241619  9  5 84  0  3	
 9  0      0 42613608  16816 116240    0    0    16     0 242714 244330  8  4 85  0  3	
10  0      0 42613608  16816 116240    0    0    16     0 241862 243453  8  4 85  0  3	
 8  0      0 42613608  16816 116240    0    0    32     0 242426 244125  7  5 85  0  3	
10  0      0 42613608  16824 116240    0    0    16    60 241540 243098  8  5 85  0  3	
 9  0      0 42613608  16824 116240    0    0    16     0 242007 243673  8  5 84  0  3	
 9  0      0 42613608  16824 116240    0    0    16     0 242125 243721  8  5 84  0  3	
10  0      0 42613608  16824 116240    0    0    16     0 239483 241045  7  5 85  0  3	
10  0      0 42613608  16824 116240    0    0    80     0 239675 241325  7  5 85  0  3	
 9  0      0 42613484  16832 116240    0    0     0    12 242203 243814  7  5 85  0  3	
 9  0      0 42613484  16832 116240    0    0     0     8 238226 239785  8  5 85  0  3	
 8  0      0 42613484  16832 116240    0    0    16     0 241790 243419  7  4 86  0  3	
11  0      0 42613484  16832 116240    0    0     0     0 242655 244256  8  5 85  0  3	
 9  0      0 42613484  16832 116240    0    0    32     0 241654 243220  8  6 84  0  3	
procs -----------memory---------- ---swap-- -----io---- --system-- -----cpu-----
 r  b   swpd   free   buff  cache   si   so    bi    bo   in   cs us sy id wa st
 9  0      0 42613360  16832 116240    0    0    16     0 241134 242778  8  5 84  0  3	
 9  0      0 42613360  16840 116240    0    0    16    24 242369 244064  8  5 84  0  3	
11  0      0 42613360  16840 116240    0    0     0     0 241015 242651  8  5 84  0  3	
11  0      0 42613360  16840 116240    0    0    32     0 242515 244155  8  5 85  0  3	
 9  0      0 42613360  16840 116240    0    0     0     0 242352 243978  6  5 86  0  3	
10  0      0 42613360  16840 116240    0    0    16     0 240951 242669  8  5 85  0  3	
 9  0      0 42613360  16848 116232    0    0    32    40 238140 239730  8  4 85  0  3	
 9  0      0 42613360  16848 116244    0    0    32     0 242063 243746  7  5 86  0  3	
 8  0      0 42613360  16848 116244    0    0    80     0 242569 244208  8  5 84  0  3	
 8  0      0 42613360  16848 116244    0    0    16     0 242345 244157  8  5 85  0  3	
 9  0      0 42613360  16848 116244    0    0    32     0 243717 245440  8  5 85  0  3	
 9  0      0 42613236  16848 116244    0    0     0     0 242965 244553  7  5 85  0  3	
 9  0      0 42613236  16856 116240    0    0    32    12 240239 241880  7  5 85  0  3	
 9  0      0 42613236  16856 116244    0    0     0     0 241157 242754  8  5 85  0  3	
11  0      0 42613236  16856 116244    0    0     0     0 240170 241933  8  4 85  0  3	
 9  0      0 42613236  16856 116244    0    0    16     0 241221 242845  8  4 85  0  3	
 9  0      0 42613236  16856 116244    0    0    32     0 237695 239323  8  5 84  0  3	
10  0      0 42613236  16864 116240    0    0    16    12 240394 242010  8  5 84  0  3	
 9  0      0 42613236  16864 116244    0    0    32     0 242446 244077  7  5 85  0  3	
 9  0      0 42613236  16864 116244    0    0    16     0 242176 243824  9  6 83  0  2	
10  0      0 42613236  16864 116244    0    0    16     0 242117 243676  9  5 84  0  3	
procs -----------memory---------- ---swap-- -----io---- --system-- -----cpu-----
 r  b   swpd   free   buff  cache   si   so    bi    bo   in   cs us sy id wa st
10  0      0 42613236  16864 116244    0    0    32     8 242040 243825  7  4 85  0  3	
10  0      0 42613236  16864 116244    0    0    16     0 242539 244172  8  5 84  0  3	
 9  0      0 42613236  16872 116244    0    0    16    28 241283 243078  7  5 85  0  3	
10  0      0 42613236  16872 116244    0    0    16     0 241503 243090  7  5 84  0  3	
 8  0      0 42613112  16872 116244    0    0    48     0 241042 242599  7  5 85  0  3	
 8  0      0 42613112  16872 116244    0    0    16    36 239359 240971  8  5 84  0  3	
10  0      0 42613112  16872 116244    0    0    32     0 241793 243478  8  6 84  0  3	
 9  0      0 42613112  16880 116244    0    0    16    12 241741 243582  8  5 85  0  3	
 9  0      0 42612988  16880 116248    0    0    32     0 242874 244446  8  5 84  0  3	
10  0      0 42612864  16880 116248    0    0    32     0 242786 244457  7  4 86  0  3	
10  0      0 42612864  16880 116248    0    0    32     8 241996 243707  8  4 85  0  3	
10  0      0 42612864  16880 116248    0    0    16     0 240925 242504  8  5 85  0  3	
 9  0      0 42612864  16880 116248    0    0    16     0 241973 243654  7  5 86  0  3	
 8  0      0 42612864  16888 116248    0    0    16    24 240986 242715  8  5 85  0  3	
10  0      0 42612864  16888 116248    0    0    16     0 241289 243089  8  5 84  0  3	
 9  1      0 42612864  16888 116248    0    0    64     0 239817 241468  8  5 84  0  3	
10  0      0 42612616  16888 116248    0    0     0     0 241758 243390  8  6 84  0  3	
11  0      0 42612616  16888 116248    0    0    16     0 241635 243389  8  5 84  0  3	
 8  0      0 42612616  16896 116240    0    0    16    12 242472 244092  8  6 84  0  3	
10  0      0 42612616  16896 116240    0    0    16     0 241491 243118  8  5 85  0  3	
 9  0      0 42612616  16896 116252    0    0    32     0 241471 243164  8  4 85  0  3	
procs -----------memory---------- ---swap-- -----io---- --system-- -----cpu-----
 r  b   swpd   free   buff  cache   si   so    bi    bo   in   cs us sy id wa st
 9  0      0 42612616  16896 116252    0    0    32     0 242070 243638  8  5 84  0  3	
 9  0      0 42612616  16896 116252    0    0    48     0 242243 243939  7  5 85  0  3	
 9  0      0 42612616  16896 116252    0    0     0     0 238122 239585  8  4 85  0  3	
 8  0      0 42612616  16904 116252    0    0     0    12 242183 243858  8  5 84  0  3	
 8  0      0 42612616  16904 116252    0    0     0     0 239153 240687  8  5 84  0  3	
10  0      0 42612616  16904 116252    0    0    32     0 243579 245190  8  5 85  0  3	
 9  0      0 42612616  16904 116252    0    0    16     0 241274 242880  8  5 84  0  3	
 8  0      0 42612616  16904 116252    0    0     0     0 242664 244148  8  5 84  0  3	
 8  0      0 42612616  16912 116244    0    0    32    12 242512 244225  8  5 84  0  3	
 8  0      0 42612616  16912 116252    0    0    16     0 241609 243201  8  5 85  0  3	
10  0      0 42612616  16912 116252    0    0    48    12 239919 241454  8  5 85  0  3	
 8  0      0 42612616  16912 116252    0    0     0     0 241184 242819  8  5 85  0  3	
 9  0      0 42612616  16912 116252    0    0    16     0 241926 243538  8  5 84  0  3	
 9  0      0 42612616  16912 116252    0    0    16     0 242815 244435  7  5 86  0  3	
 8  0      0 42612616  16920 116244    0    0    16    24 238243 239841  8  4 85  0  3	
 9  0      0 42612616  16920 116252    0    0     0     0 241628 243267  7  4 86  0  3	
11  0      0 42612616  16920 116252    0    0     0     0 241245 242891  8  5 84  0  3	
 8  0      0 42612616  16920 116252    0    0    32     0 242614 244183  8  5 85  0  3	
10  0      0 42612616  16920 116252    0    0    16     0 241816 243538  7  5 85  0  3	
 8  0      0 42612616  16928 116244    0    0     0    12 242002 243627  8  4 85  0  3	
11  0      0 42612616  16928 116252    0    0     0    20 241001 242654  8  5 85  0  3	
procs -----------memory---------- ---swap-- -----io---- --system-- -----cpu-----
 r  b   swpd   free   buff  cache   si   so    bi    bo   in   cs us sy id wa st
 9  0      0 42612616  16928 116252    0    0     0     0 241261 243018  7  5 85  0  3	
 8  0      0 42612616  16928 116252    0    0    32     0 241222 242897  8  4 85  0  3	
10  0      0 42612616  16928 116252    0    0    16     0 241181 242787  8  5 85  0  3	
 9  0      0 42612616  16928 116252    0    0     0     0 239268 240803  8  4 85  0  3	
 8  0      0 42612616  16936 116252    0    0    16    12 242207 243858  8  5 84  0  3	
11  0      0 42612616  16936 116252    0    0     0     0 241023 242758  8  5 85  0  3	
10  0      0 42612616  16936 116252    0    0    32     0 243707 245304  8  5 84  0  3	
 9  0      0 42612616  16936 116252    0    0     0     0 242163 243833  8  5 84  0  3	
10  0      0 42612492  16936 116256    0    0    32     0 242107 243680  8  5 84  0  3	
10  0      0 42612492  16944 116248    0    0     0    12 242358 244011  8  6 84  0  3	
 9  0      0 42612492  16944 116256    0    0     0     0 240953 242540  7  5 85  0  3	
11  0      0 42612492  16944 116260    0    0    32     0 241639 243258  8  5 84  0  3	
12  0      0 42612492  16944 116260    0    0     0     0 242500 244063  8  5 85  0  3	
 9  0      0 42612492  16944 116260    0    0     0     0 237919 239515  9  5 84  0  3	
 9  0      0 42612492  16944 116260    0    0    16     0 241015 242620  8  5 84  0  3	
 8  0      0 42612492  16952 116260    0    0    48    12 242107 243731  8  5 84  0  3	
10  0      0 42612492  16952 116260    0    0    48     0 242426 244134  8  5 84  0  3	
12  0      0 42612368  16952 116260    0    0    32     0 242552 244254  7  5 86  0  3	
 8  0      0 42612368  16952 116260    0    0     0     0 240859 242400  7  4 86  0  3	
11  0      0 42612368  16952 116260    0    0    16     0 240331 241970  8  5 84  0  3	
 9  0      0 42612368  16960 116252    0    0    16    32 240438 242067  8  4 85  0  3	
procs -----------memory---------- ---swap-- -----io---- --system-- -----cpu-----
 r  b   swpd   free   buff  cache   si   so    bi    bo   in   cs us sy id wa st
10  0      0 42612368  16960 116260    0    0    16     0 240366 241973  8  5 84  0  3	
 9  0      0 42612244  16960 116260    0    0    32     0 240889 242587  8  5 84  0  3	
10  0      0 42612120  16960 116260    0    0    32     0 238941 240588  8  5 85  0  3	
10  0      0 42611996  16960 116260    0    0     0     0 241778 243410  8  4 85  0  3	
10  0      0 42611996  16960 116260    0    0    16     0 240400 242007  8  4 85  0  3	
10  0      0 42611996  16968 116252    0    0     0    12 241626 243467  7  5 85  0  3	
10  0      0 42611872  16968 116260    0    0    16     0 242492 244146  7  4 86  0  3	
10  0      0 42611872  16968 116260    0    0     0     0 241183 242887  8  5 84  0  3	
 8  0      0 42611872  16968 116260    0    0    16     0 240529 242081  8  5 85  0  3	
10  0      0 42611872  16968 116260    0    0    32     8 241236 242830  8  5 85  0  3	
 9  0      0 42611872  16976 116260    0    0     0    24 240516 242118  8  5 84  0  3	
 9  0      0 42611872  16976 116260    0    0    32     0 241423 242967  7  6 85  0  3	
11  0      0 42612120  16980 116340    0    0   116     0 241544 243366 10  5 82  0  3	
 9  0      0 42611096  16980 116380    0    0     0     0 241434 243116  8  5 85  0  3	
 9  0      0 42611096  16980 116380    0    0    16    16 241908 243553  7  5 84  0  3	
 9  0      0 42611096  16980 116380    0    0    16     0 242651 244442  8  5 85  0  3	
 9  0      0 42611096  16988 116380    0    0    32    20 242353 244059  7  5 85  0  3	
 8  0      0 42611096  16988 116380    0    0     0     0 242183 243740  7  5 85  0  3	
 9  0      0 42611096  16988 116380    0    0    32     0 243445 245075  8  5 85  0  3	
 8  0      0 42611096  16988 116380    0    0     0     0 240843 242501  7  5 85  0  3	
 9  0      0 42611096  16988 116380    0    0    16     0 241229 242860  8  5 84  0  3	
procs -----------memory---------- ---swap-- -----io---- --system-- -----cpu-----
 r  b   swpd   free   buff  cache   si   so    bi    bo   in   cs us sy id wa st
10  0      0 42611096  16996 116372    0    0     0    12 242026 243689  8  5 84  0  3	
 8  0      0 42611096  16996 116380    0    0    32     0 238228 239803  8  6 83  0  3	
 9  0      0 42611096  16996 116380    0    0    16     0 242041 243642  7  6 85  0  3	
 9  0      0 42611096  16996 116380    0    0    48     0 241587 243210  8  5 85  0  3	
 8  0      0 42610972  16996 116384    0    0     0     0 242410 244079  8  5 84  0  3	
 9  0      0 42610972  16996 116384    0    0    16     0 241978 243552  8  5 84  0  3	
10  0      0 42610972  17004 116376    0    0    16    12 242233 243905  7  5 85  0  3	
 8  0      0 42610972  17004 116384    0    0     0     0 241504 243259  7  5 86  0  3	
10  0      0 42610848  17004 116384    0    0    16     8 241792 243415  8  5 85  0  3	
 9  0      0 42610848  17004 116388    0    0    48     0 240515 242103  9  5 84  0  3	
10  0      0 42610848  17004 116388    0    0    16     0 241516 243179  8  5 84  0  3	
12  0      0 42610848  17012 116380    0    0    32    24 240435 242072  8  4 85  0  3	
11  0      0 42610848  17012 116388    0    0    16     0 241709 243310  8  5 84  0  3	
 9  0      0 42610848  17012 116388    0    0     0     0 241265 242914  8  5 84  0  3	
 8  0      0 42610848  17012 116388    0    0    64     0 242240 243864  7  6 84  0  3	
 9  0      0 42610848  17012 116388    0    0    48     0 242195 243823  8  4 85  0  3	
10  0      0 42610724  17012 116388    0    0     0     0 241445 243097  8  5 84  0  3	
 8  0      0 42610724  17020 116388    0    0     0    12 241973 243524  8  5 84  0  3	
10  0      0 42610724  17020 116388    0    0    16     0 241934 243428  7  5 85  0  3	
10  0      0 42610724  17020 116388    0    0    16     8 239182 240831  8  4 85  0  3	
 8  0      0 42610724  17020 116388    0    0    16     0 240788 242299  7  6 84  0  3	
procs -----------memory---------- ---swap-- -----io---- --system-- -----cpu-----
 r  b   swpd   free   buff  cache   si   so    bi    bo   in   cs us sy id wa st
 9  0      0 42610724  17020 116388    0    0     0     0 238183 239843  8  4 86  0  3	
10  0      0 42610724  17028 116380    0    0    16    24 240894 242717  8  5 84  0  3	
 8  0      0 42610724  17028 116388    0    0    16     0 241791 243361  7  5 85  0  3	
 9  0      0 42610724  17028 116388    0    0    48    12 242907 244545  9  6 83  0  3	
10  0      0 42610724  17028 116388    0    0    16     0 242004 243596  7  5 85  0  3	
 9  0      0 42610724  17028 116388    0    0     0     0 241028 242755  8  5 84  0  3	
11  0      0 42610724  17028 116388    0    0    48     0 242337 243929  7  5 84  0  3	
 8  0      0 42610724  17036 116388    0    0     0    28 242568 244080  7  6 84  0  3	
 9  0      0 42610724  17036 116388    0    0    16    28 241282 242919  8  4 84  0  3	
 9  0      0 42610724  17036 116388    0    0    16     0 242664 244281  7  6 84  0  3	
12  0      0 42610724  17036 116388    0    0     0     0 237777 239285  8  5 84  0  3	
10  0      0 42610724  17036 116388    0    0    16     0 241463 243092  8  5 84  0  3	
10  0      0 42610724  17044 116380    0    0     0    12 240392 242093  8  5 84  0  3	
 8  0      0 42610724  17044 116388    0    0    32     0 242677 244269  8  5 84  0  3	
10  0      0 42610724  17044 116388    0    0    16     0 241915 243577  8  4 85  0  3	
 9  0      0 42610724  17044 116388    0    0    16     0 242485 244120  8  4 85  0  3	
 8  0      0 42610724  17044 116388    0    0    32     0 241306 243028  7  5 85  0  3	
 8  0      0 42610724  17044 116392    0    0     0     0 242627 244248  8  5 85  0  3	
 8  0      0 42610724  17052 116392    0    0    16    12 242644 244227  8  5 85  0  3	
 8  0      0 42610724  17052 116392    0    0    16     0 241302 242936  7  5 85  0  3	
 8  0      0 42610724  17052 116392    0    0    32     0 238804 240207  9  5 84  0  2	
procs -----------memory---------- ---swap-- -----io---- --system-- -----cpu-----
 r  b   swpd   free   buff  cache   si   so    bi    bo   in   cs us sy id wa st
11  0      0 42610600  17052 116392    0    0    16     0 242952 244620  7  5 85  0  3	
 9  0      0 42610600  17052 116392    0    0     0     0 243047 244638  8  5 85  0  3	
 9  0      0 42610600  17060 116392    0    0     0    32 242366 243980  7  4 86  0  3	
 9  0      0 42610600  17060 116392    0    0     0     0 241032 242770  7  5 85  0  3	
 8  0      0 42610600  17060 116392    0    0    16     0 241425 243071  8  5 85  0  3	
10  0      0 42610476  17060 116392    0    0    16     0 241175 242833  6  5 86  0  3	
 9  0      0 42610476  17060 116392    0    0     0     0 241213 242858  8  5 85  0  3	
 9  0      0 42610476  17060 116392    0    0    16     0 240861 242908  8  5 85  0  3	
 8  0      0 42610476  17068 116384    0    0    32    12 240660 242256  8  5 85  0  3	
 9  0      0 42610352  17068 116392    0    0     0     0 240218 241783  8  5 84  0  3	
 9  0      0 42610352  17068 116396    0    0    16     0 242055 243760  7  5 85  0  3	
 9  0      0 42610352  17068 116396    0    0     0     0 241550 243190  8  5 85  0  3	
10  0      0 42610352  17068 116396    0    0    16     8 242846 244409  8  5 85  0  3	
10  0      0 42610352  17076 116388    0    0     0    24 241396 243026  7  5 85  0  3	
11  0      0 42610352  17076 116388    0    0    32     0 241087 242799  7  5 84  0  3	
 8  1      0 42610352  17076 116396    0    0    48     0 240762 242359  7  5 85  0  3	
12  0      0 42610352  17076 116396    0    0    32     0 241454 243035  7  5 85  0  3	
 8  0      0 42610352  17076 116396    0    0    32     4 239546 241029  8  5 84  0  3	
10  0      0 42610352  17076 116396    0    0     0     0 242054 243713  7  5 85  0  3	
10  0      0 42610352  17084 116396    0    0    16    12 239606 241239  9  5 83  0  3	
 8  0      0 42610352  17084 116396    0    0     0     0 240697 242290  7  5 86  0  3	
procs -----------memory---------- ---swap-- -----io---- --system-- -----cpu-----
 r  b   swpd   free   buff  cache   si   so    bi    bo   in   cs us sy id wa st
 9  0      0 42610352  17084 116396    0    0     0     0 240881 242630  7  5 85  0  3	
 9  0      0 42610352  17084 116396    0    0    16     0 243057 244823  8  5 84  0  3	
 8  0      0 42610352  17084 116396    0    0    16    20 241642 243232  8  5 84  0  3	
 8  0      0 42610352  17092 116388    0    0    32    12 241636 243300  8  5 84  0  3	
 8  0      0 42610352  17092 116396    0    0    16     0 242525 244124  8  4 86  0  3	
 9  0      0 42610352  17092 116396    0    0     0     0 242492 244162  8  5 85  0  3	
12  0      0 42610352  17092 116396    0    0    16     0 241480 243126  8  5 84  0  3	
10  0      0 42610352  17092 116396    0    0    16     0 240435 242162  7  5 85  0  3	
11  0      0 42610352  17092 116396    0    0     0     0 238621 240196  8  5 85  0  3	
 9  0      0 42610352  17100 116400    0    0    32    12 241318 243029  8  5 85  0  3	
 8  0      0 42610352  17100 116400    0    0    16     0 240822 242438  7  5 85  0  3	
10  0      0 42610352  17100 116400    0    0    32     0 243022 244628  8  6 84  0  3	
 9  0      0 42610352  17100 116400    0    0     0     8 241326 243134  8  5 85  0  3	
 9  0      0 42610352  17100 116400    0    0    32     0 242155 243730  8  6 84  0  3	
11  0      0 42610104  17108 116400    0    0    48    24 242314 243931  8  4 85  0  3	
 9  0      0 42610104  17108 116400    0    0     0     0 241748 243398  8  5 85  0  3	
10  0      0 42610104  17108 116400    0    0     0     0 242150 243681  8  5 84  0  3	
 9  0      0 42610104  17108 116400    0    0     0     0 242021 243576  8  5 85  0  3	
 9  0      0 42610104  17108 116400    0    0    48     0 237307 239036  8  5 84  0  3	
 9  0      0 42610104  17108 116400    0    0    16     0 241657 243296  7  5 85  0  3	
 9  0      0 42610104  17116 116400    0    0     0    12 241548 243221  7  5 85  0  3	
procs -----------memory---------- ---swap-- -----io---- --system-- -----cpu-----
 r  b   swpd   free   buff  cache   si   so    bi    bo   in   cs us sy id wa st
 8  0      0 42610104  17116 116400    0    0    16     0 242146 243836  7  5 85  0  3	
 8  0      0 42610104  17116 116400    0    0     0     4 242140 243703  8  5 84  0  3	
 9  0      0 42610104  17116 116400    0    0     0     0 240662 242246  7  5 86  0  3	
 8  0      0 42610104  17116 116400    0    0     0     0 242154 243685  8  6 84  0  3	
 8  0      0 42610104  17124 116392    0    0    16    12 241167 242770  7  6 84  0  3	
 8  0      0 42610104  17124 116400    0    0    32     0 239452 241062  9  5 83  0  3	
 8  0      0 42609856  17124 116400    0    0     0     0 241735 243377  8  5 85  0  3	
 9  0      0 42609856  17124 116400    0    0    16     0 237875 239322  9  4 84  0  3	
10  0      0 42609856  17124 116400    0    0    16     0 242332 244000  7  6 85  0  3	
 9  0      0 42609856  17124 116400    0    0    16     0 241033 242701  8  6 84  0  3	
 8  0      0 42609732  17132 116400    0    0    48    12 242889 244479  8  5 84  0  3	
11  0      0 42609732  17132 116400    0    0     0     0 241583 243271  8  5 84  0  3	
 9  0      0 42609732  17132 116404    0    0     0     0 243801 245334  8  4 85  0  3	
11  0      0 42609732  17132 116404    0    0     0     0 240974 242533  8  5 85  0  3	
 9  0      0 42609732  17132 116404    0    0    32     0 241217 242785  7  5 84  0  3	
 9  0      0 42609732  17140 116396    0    0     0    12 240663 242455  9  5 84  0  3	
 8  0      0 42609732  17140 116404    0    0     0    12 240646 242341  8  5 85  0  3	
11  0      0 42609732  17140 116404    0    0    16     0 239014 240717  8  4 85  0  3	
 9  0      0 42609732  17140 116404    0    0    16     0 242051 243672  7  5 85  0  3	
 8  0      0 42609732  17140 116404    0    0    48     0 241796 243402  7  5 84  0  3	
 8  0      0 42609732  17140 116404    0    0     0     0 242080 243818  9  5 84  0  3	
procs -----------memory---------- ---swap-- -----io---- --system-- -----cpu-----
 r  b   swpd   free   buff  cache   si   so    bi    bo   in   cs us sy id wa st
11  0      0 42609732  17148 116404    0    0     0    16 242353 243921  7  5 85  0  3	
 9  0      0 42608368  17152 116828    0    0   420    12 242867 244426  8  6 83  0  3	
 9  0      0 42608368  17152 116828    0    0    32     0 241840 243426  8  5 85  0  3	
10  0      0 42608368  17152 116828    0    0    16     0 240956 242473  8  6 84  0  3	
 9  0      0 42608368  17152 116828    0    0    16     0 240345 241970  8  5 84  0  3	
 8  0      0 42608244  17160 116828    0    0    32    52 242419 244017  7  5 85  0  3	
 8  0      0 42608244  17160 116828    0    0     0     0 240469 242069  9  5 84  0  3	
 8  0      0 42608244  17160 116828    0    0    16     0 241590 243296  7  5 85  0  3	
 9  0      0 42608244  17160 116828    0    0     0     0 241391 243036  8  5 84  0  3	
10  0      0 42608244  17160 116828    0    0     0     0 241235 242871  8  4 85  0  3	
 9  0      0 42608244  17160 116828    0    0    32     0 238055 239698  9  4 84  0  3	
 9  0      0 42608244  17168 116828    0    0    16    20 240814 242483  8  4 85  0  3	
 9  0      0 42608244  17168 116828    0    0    48     0 241402 243013  8  5 85  0  3	
 9  0      0 42608120  17168 116828    0    0    32     0 241897 243543  8  5 85  0  3	
 9  0      0 42608120  17168 116828    0    0     0     0 240325 241905  8  5 84  0  3	
 8  0      0 42608120  17168 116828    0    0    16     0 242311 244024  8  6 84  0  3	
 9  0      0 42608120  17176 116820    0    0    32    28 241506 243103  9  6 82  0  3	
 9  0      0 42608244  17176 116828    0    0     0     0 241317 242922  8  5 84  0  3	
10  0      0 42608244  17176 116828    0    0     0     0 241198 242785  7  5 84  0  3	
 9  0      0 42608244  17176 116828    0    0     0     0 242797 244502  8  5 85  0  3	
11  0      0 42608244  17176 116828    0    0     0     0 240477 242100  8  5 85  0  3	
procs -----------memory---------- ---swap-- -----io---- --system-- -----cpu-----
 r  b   swpd   free   buff  cache   si   so    bi    bo   in   cs us sy id wa st
10  0      0 42608244  17184 116820    0    0     0    20 241484 243157  7  5 85  0  3	
 8  0      0 42608244  17184 116828    0    0    16     0 242310 243938  8  5 84  0  3	
11  0      0 42608244  17184 116828    0    0     0     0 241300 242927  8  5 84  0  3	
10  0      0 42608244  17184 116828    0    0    32     0 241228 242761  8  5 84  0  3	
11  0      0 42608244  17184 116828    0    0     0     0 241305 243032  7  5 85  0  3	
 9  0      0 42608244  17184 116828    0    0    16     0 238754 240337  7  4 86  0  3	
10  0      0 42608244  17192 116828    0    0    16    20 242587 244245  8  5 84  0  3	
11  0      0 42608244  17192 116828    0    0     0     0 241130 242565  8  5 84  0  3	
 9  0      0 42608120  17192 116828    0    0    16     0 242716 244371  8  6 84  0  3	
10  0      0 42608120  17192 116828    0    0    16     0 242784 244396  8  4 85  0  3	
 8  0      0 42608120  17192 116828    0    0    16    56 242810 244394  8  4 85  0  3	
 8  0      0 42608120  17200 116820    0    0     0    20 241833 243433  7  5 85  0  3	
 9  0      0 42608120  17200 116836    0    0    16     0 242623 244162  8  5 84  0  3	
 9  0      0 42608120  17200 116836    0    0    32     0 242122 243553  8  5 84  0  3	
 8  0      0 42608120  17200 116836    0    0     0     0 242094 243800  8  5 85  0  3	
10  0      0 42608120  17200 116836    0    0     0     0 236972 238567  9  5 84  0  3	
 8  0      0 42608120  17200 116836    0    0     0     0 242743 244182  8  5 84  0  3	
10  0      0 42608120  17208 116836    0    0    16    16 240654 242257  8  5 84  0  3	
 9  0      0 42608120  17208 116836    0    0    32     0 242376 243964  8  5 84  0  3	
 8  0      0 42608120  17208 116836    0    0    32     0 241930 243533  8  5 84  0  3	
 9  0      0 42608120  17208 116836    0    0    16     0 241258 242889  8  5 85  0  3	
procs -----------memory---------- ---swap-- -----io---- --system-- -----cpu-----
 r  b   swpd   free   buff  cache   si   so    bi    bo   in   cs us sy id wa st
11  0      0 42608120  17208 116836    0    0     0     0 242023 243627  8  5 84  0  3	
 9  0      0 42608120  17216 116828    0    0    32    12 240715 242343  8  5 84  0  3	
 9  0      0 42608120  17216 116836    0    0     0     0 241283 242889  8  4 85  0  3	
 9  0      0 42608120  17216 116836    0    0    32     0 241157 242850  8  5 85  0  3	
 9  0      0 42608120  17216 116836    0    0    16     0 239592 241158  7  4 85  0  3	
10  0      0 42608120  17216 116836    0    0     0    12 243289 245028  8  5 84  0  3	
 8  0      0 42608120  17216 116836    0    0    16     0 242310 243853  7  5 85  0  3	
11  0      0 42608120  17224 116836    0    0    32    24 242701 244365  7  5 85  0  3	
 9  0      0 42607996  17224 116836    0    0     0     0 241384 242896  8  5 85  0  3	
 9  0      0 42607996  17224 116836    0    0    32     0 242231 243836  9  5 83  0  3	
10  0      0 42607996  17224 116836    0    0     0     0 240763 242446  8  4 85  0  3	
 8  0      0 42607996  17224 116836    0    0     0     0 240941 242712  8  4 85  0  3	
 9  0      0 42607996  17232 116828    0    0    64    12 241024 242578  8  6 84  0  3	
 8  0      0 42607996  17232 116836    0    0    16     0 242109 243756  8  5 85  0  3	
 9  0      0 42607996  17232 116836    0    0     0     0 236593 238048  9  4 85  0  3	
10  0      0 42607996  17232 116836    0    0     0     0 242627 244248  8  5 85  0  3	
 9  0      0 42607996  17232 116836    0    0     0     0 241800 243337  7  5 85  0  3	
 8  0      0 42607996  17232 116836    0    0     0     0 241305 242987  8  5 85  0  3	
10  0      0 42607996  17240 116836    0    0     0    12 241151 242856  8  4 85  0  3	
10  0      0 42607996  17240 116836    0    0    16     0 241637 243289  8  5 84  0  3	
 8  0      0 42607996  17240 116836    0    0    16     0 241124 242767  8  5 84  0  3	
procs -----------memory---------- ---swap-- -----io---- --system-- -----cpu-----
 r  b   swpd   free   buff  cache   si   so    bi    bo   in   cs us sy id wa st
10  0      0 42607872  17240 116836    0    0    16     0 241669 243258  8  5 85  0  3	
10  0      0 42607872  17240 116836    0    0    32     0 240196 241746  8  5 85  0  3	
 9  0      0 42607872  17248 116828    0    0    16    12 240815 242539  8  5 84  0  3	
 9  0      0 42607872  17248 116836    0    0    32     0 237919 239526  9  5 83  0  3	
10  0      0 42607872  17248 116836    0    0     0    32 241601 243063  9  4 84  0  3	
10  0      0 42607872  17248 116840    0    0    32     0 241041 242701  7  5 85  0  3	
 9  0      0 42607872  17248 116840    0    0     0     0 241832 243598  8  4 85  0  3	
 8  0      0 42607872  17248 116840    0    0    32     0 240882 242441  8  5 85  0  3	
11  0      0 42607872  17256 116840    0    0    16    24 242190 243831  9  4 84  0  3	
 9  0      0 42607872  17256 116840    0    0     0     0 241277 242900  7  6 84  0  3	
11  0      0 42607872  17256 116840    0    0     0     0 241336 243153  8  5 84  0  3	
 8  0      0 42607872  17256 116840    0    0    16     0 241369 242853  8  5 85  0  3	
 9  0      0 42607872  17256 116840    0    0     0     0 241095 242760  7  4 86  0  3	
10  0      0 42607872  17264 116836    0    0    16    12 239319 240892  8  5 85  0  3	
 8  0      0 42607872  17264 116844    0    0     0     0 241596 243184  7  6 84  0  3	
 9  0      0 42607872  17264 116844    0    0     0     0 242056 243636  8  5 84  0  3	
 9  0      0 42607872  17264 116844    0    0     0     0 242631 244333  8  5 84  0  3	
 8  0      0 42607872  17264 116844    0    0    16     0 242459 243995  9  5 84  0  3	
 9  0      0 42607872  17264 116844    0    0     0     0 242534 244231  8  5 85  0  3	
 9  0      0 42607872  17272 116844    0    0     0    20 241656 243371  7  5 86  0  3	
 9  0      0 42607872  17272 116844    0    0     0     0 241868 243319  7  6 84  0  3	
procs -----------memory---------- ---swap-- -----io---- --system-- -----cpu-----
 r  b   swpd   free   buff  cache   si   so    bi    bo   in   cs us sy id wa st
11  0      0 42607872  17272 116844    0    0    16     0 241288 242887  8  5 84  0  3	
11  0      0 42607872  17272 116844    0    0    16     0 241029 242671  7  5 84  0  3	
10  0      0 42607872  17272 116844    0    0     0     0 239008 240551  9  4 84  0  3	
10  0      0 42607872  17280 116836    0    0     0    24 241974 243587  8  5 85  0  3	
 9  0      0 42607872  17280 116844    0    0     0     0 242373 243946  8  5 84  0  3	
 9  0      0 42607872  17280 116844    0    0     0     0 242451 244059  8  5 84  0  3	
11  0      0 42607872  17280 116844    0    0     0     0 240132 241659  8  5 84  0  3	
 8  0      0 42607872  17280 116844    0    0    16     0 242287 243834  8  5 84  0  3	
10  0      0 42607872  17280 116844    0    0     0     0 241635 243254  8  5 85  0  3	
 8  0      0 42607872  17288 116840    0    0    16    12 241163 242725  8  5 85  0  3	
10  0      0 42607748  17288 116844    0    0    16     0 241678 243320  8  5 85  0  3	
 9  0      0 42607748  17288 116844    0    0    32     0 241433 242983  8  5 85  0  3	
 9  0      0 42607748  17288 116844    0    0    16     0 239116 240675  8  4 85  0  3	
 9  0      0 42607748  17288 116844    0    0     0     0 241877 243566  8  5 85  0  3	
 9  0      0 42607748  17296 116836    0    0    16    32 242351 243938  8  5 85  0  3	
 8  0      0 42607748  17296 116844    0    0    16     0 242459 244043  7  5 85  0  3	
 9  0      0 42607748  17296 116844    0    0     0     0 241839 243429  7  5 85  0  3	
 9  0      0 42607748  17296 116848    0    0     0     0 242071 243698  8  4 85  0  3	
 9  0      0 42607748  17296 116848    0    0     0     0 242031 243568  8  5 84  0  3	
 9  0      0 42607748  17296 116848    0    0     0    16 242272 243920  8  5 85  0  3	
10  0      0 42607748  17304 116840    0    0    16    12 240891 242532  8  5 85  0  3	
procs -----------memory---------- ---swap-- -----io---- --system-- -----cpu-----
 r  b   swpd   free   buff  cache   si   so    bi    bo   in   cs us sy id wa st
 9  0      0 42607748  17304 116848    0    0     0     0 242608 244213  8  5 85  0  3	
 9  0      0 42607748  17304 116848    0    0    16     0 239343 240991  9  5 84  0  3	
 8  0      0 42607748  17304 116848    0    0    16     0 241545 243277  7  5 85  0  3	
 9  0      0 42607748  17304 116848    0    0    16     0 242153 243658  8  5 84  0  3	
10  0      0 42607748  17312 116844    0    0     0    12 242581 244125  8  6 84  0  3	
 9  0      0 42607748  17312 116848    0    0     0     0 241851 243472  8  5 85  0  3	
12  0      0 42607748  17312 116848    0    0     0     0 241946 243577  7  5 85  0  3	
 9  0      0 42607748  17312 116848    0    0     0     0 240118 241683  7  5 86  0  3	
10  0      0 42607748  17312 116848    0    0     0     4 242296 243859  7  5 85  0  3	
 8  0      0 42607748  17312 116848    0    0     0     0 241133 242755  8  4 85  0  3	
 8  0      0 42607624  17320 116848    0    0    16    12 242102 243625  8  5 85  0  3	
10  0      0 42607624  17320 116848    0    0    16     0 238520 240048  8  5 84  0  3	
 9  0      0 42607624  17320 116848    0    0    32     0 241961 243682  8  5 85  0  3	
 9  0      0 42607624  17320 116852    0    0     0     0 242384 244028  7  5 85  0  3	
10  0      0 42607624  17320 116852    0    0     0     0 243025 244710  8  5 85  0  3	
 8  0      0 42607624  17328 116844    0    0     0    12 242304 243947  7  5 85  0  3	
 9  0      0 42607624  17328 116852    0    0     0     0 242997 244676  7  4 86  0  3	
10  0      0 42607624  17328 116852    0    0     0     0 242183 243784  7  6 84  0  3	
10  0      0 42607624  17328 116852    0    0     0     0 241568 243124  8  5 85  0  3	
 9  0      0 42607624  17328 116852    0    0    16     0 239605 241170  7  4 85  0  3	
 9  0      0 42607624  17328 116852    0    0     0     0 240824 242528  8  5 85  0  3	
procs -----------memory---------- ---swap-- -----io---- --system-- -----cpu-----
 r  b   swpd   free   buff  cache   si   so    bi    bo   in   cs us sy id wa st
10  0      0 42607624  17336 116852    0    0     0    12 239593 241197  8  4 85  0  3	
10  0      0 42607624  17336 116852    0    0    16     0 238954 240506  9  5 84  0  3	
12  0      0 42607624  17336 116852    0    0     0     8 241180 242768  8  4 85  0  3	
 8  0      0 42607624  17336 116852    0    0     0     0 241896 243391  8  6 84  0  3	
 9  0      0 42607624  17336 116852    0    0     0     0 241782 243453  7  4 86  0  3	
12  0      0 42607624  17344 116844    0    0    16    24 241132 242824  8  4 85  0  3	
10  0      0 42607624  17344 116852    0    0     0     0 243082 244568  9  5 84  0  3	
10  0      0 42607624  17344 116852    0    0    16     0 241693 243322  8  4 85  0  3	
 9  0      0 42607500  17344 116852    0    0    16    12 240950 242550  7  5 84  0  3	
11  0      0 42607500  17344 116852    0    0    16     0 241536 243111  8  5 84  0  3	
 8  0      0 42607376  17344 116856    0    0    32     0 238895 240476  8  4 85  0  3	
 8  0      0 42607376  17352 116848    0    0     0    12 241495 243128  8  4 85  0  3	
10  0      0 42607376  17352 116856    0    0     0     0 241103 242658  7  5 85  0  3	
 9  0      0 42607376  17352 116856    0    0     0     0 242129 243878  8  5 85  0  3	
 9  0      0 42607376  17352 116856    0    0    32     0 241427 242926  8  5 84  0  3	
 8  0      0 42607376  17352 116856    0    0    16     0 241842 243654  8  4 85  0  3	
 8  0      0 42607252  17360 116848    0    0     0    12 241054 242655  8  5 84  0  3	
 9  0      0 42607252  17360 116856    0    0    16     0 242420 244028  8  5 84  0  3	
11  0      0 42607252  17360 116856    0    0     0     8 241207 242897  8  5 85  0  3	
 8  0      0 42607252  17360 116856    0    0     0     0 241886 243498  8  5 84  0  3	
 8  0      0 42607252  17360 116856    0    0     0     0 237261 238813  9  5 84  0  3	
procs -----------memory---------- ---swap-- -----io---- --system-- -----cpu-----
 r  b   swpd   free   buff  cache   si   so    bi    bo   in   cs us sy id wa st
10  0      0 42607252  17360 116856    0    0    16     0 243009 244539  8  5 85  0  3	
10  0      0 42607252  17368 116856    0    0     0    24 241316 243034  8  5 84  0  3	
 9  0      0 42607252  17368 116856    0    0     0     0 242621 244257  8  4 85  0  3	
 9  0      0 42607252  17368 116856    0    0    32     0 242186 243740  8  5 84  0  3	
 8  0      0 42607252  17368 116856    0    0     0     0 241552 243107  8  5 84  0  3	
 8  0      0 42607252  17368 116856    0    0     0     0 241251 242879  8  5 85  0  3	
12  0      0 42607252  17376 116848    0    0     0    12 241922 243570  8  6 83  0  3	
 8  0      0 42607252  17376 116856    0    0    16     0 242756 244303  8  5 84  0  3	
 8  0      0 42607252  17376 116856    0    0    16     0 241112 242726  8  5 85  0  3	
10  0      0 42607128  17376 116856    0    0     0     0 239693 241255  9  4 84  0  3	
 9  0      0 42607128  17376 116856    0    0     0     0 241326 242895  7  6 84  0  3	
10  0      0 42607128  17376 116856    0    0    16     0 240087 241674  8  4 85  0  3	
 8  0      0 42607128  17384 116856    0    0    16    20 242663 244285  8  5 85  0  3	
 8  0      0 42607128  17384 116856    0    0     0     0 240600 242308  8  5 84  0  3	
11  0      0 42607128  17384 116860    0    0     0     0 241663 243192  9  5 84  0  3	
10  0      0 42607128  17384 116860    0    0    32     0 241926 243456  8  5 84  0  3	
 9  0      0 42607128  17384 116860    0    0    16     0 240400 241966  8  5 84  0  3	
10  0      0 42607004  17392 116852    0    0     0    28 239608 241262  8  4 85  0  3	
10  0      0 42607004  17392 116860    0    0     0     0 241060 242580  8  5 84  0  3	
11  0      0 42607004  17392 116860    0    0    16     0 239702 241289  9  5 83  0  3	
10  0      0 42607004  17392 116860    0    0     0     0 242141 243818  8  5 85  0  3	
procs -----------memory---------- ---swap-- -----io---- --system-- -----cpu-----
 r  b   swpd   free   buff  cache   si   so    bi    bo   in   cs us sy id wa st
 8  0      0 42607004  17392 116860    0    0    16     0 242475 244075  8  5 84  0  3	
10  0      0 42607004  17392 116860    0    0     0    20 242048 243592  8  5 84  0  3	
10  0      0 42607004  17400 116852    0    0    16    12 240944 242600  7  6 84  0  3	
10  0      0 42607004  17400 116864    0    0    32     0 242540 244105  9  5 84  0  3	
 8  0      0 42607004  17400 116864    0    0    16     0 241145 242656  7  6 84  0  3	
11  0      0 42607004  17400 116864    0    0     0     0 241583 243079  8  5 84  0  3	
 9  0      0 42607004  17400 116864    0    0     0     0 240054 241757  8  5 85  0  3	
10  0      0 42607004  17408 116856    0    0     0    12 242075 243605  8  5 84  0  3	
11  0      0 42607004  17408 116864    0    0     0     0 237728 239320  9  5 84  0  3	
10  0      0 42607004  17408 116864    0    0    16     0 242166 243787  8  5 85  0  3	
 8  0      0 42607004  17408 116864    0    0     0     0 241730 243436  8  5 84  0  3	
10  0      0 42607004  17408 116864    0    0    16     0 242039 243510  8  5 84  0  3	
 8  0      0 42607004  17408 116864    0    0     0     8 241888 243544  8  5 84  0  3	
 9  0      0 42607004  17416 116864    0    0     0    24 241729 243436  8  4 85  0  3	
 8  0      0 42607004  17416 116864    0    0     0     0 241884 243549  7  5 85  0  3	
11  0      0 42607004  17416 116864    0    0     0     0 241800 243370  8  5 85  0  3	
10  0      0 42607004  17416 116864    0    0     0     0 241055 242597  9  5 84  0  3	
10  0      0 42607004  17416 116864    0    0    16     0 242108 243836  8  5 85  0  3	
 9  0      0 42607004  17424 116856    0    0     0    12 239793 241374  8  5 85  0  3	
10  0      0 42607004  17424 116864    0    0    16     0 241488 243096  8  5 85  0  3	
10  0      0 42607004  17424 116864    0    0    16     0 240673 242219  8  6 83  0  3	
procs -----------memory---------- ---swap-- -----io---- --system-- -----cpu-----
 r  b   swpd   free   buff  cache   si   so    bi    bo   in   cs us sy id wa st
 9  0      0 42607004  17424 116864    0    0     0     0 241796 243353  9  5 84  0  3	
10  0      0 42607004  17424 116864    0    0     0     4 242231 243754  9  4 84  0  3	
10  0      0 42607004  17424 116864    0    0     0     0 243219 244888  9  5 84  0  3	
 8  0      0 42607004  17432 116864    0    0    16    12 241828 243355  8  5 85  0  3	
10  0      0 42607004  17432 116864    0    0     0     0 240392 242070  8  5 85  0  3	
 8  0      0 42607004  17432 116864    0    0     0     0 241024 242649  7  6 84  0  3	
 8  0      0 42607004  17432 116864    0    0     0     8 242779 244321  8  5 84  0  3	
 8  0      0 42607004  17432 116864    0    0    32     0 240389 241941  8  4 85  0  3	
10  0      0 42607004  17440 116864    0    0     0    24 241759 243358  7  5 85  0  3	
10  0      0 42607004  17440 116864    0    0     0     0 242663 244227  7  4 86  0  3	
 8  0      0 42607004  17440 116864    0    0     0     0 243041 244651  7  5 85  0  3	
 8  0      0 42606880  17440 116864    0    0    16    16 241478 243109  8  5 84  0  3	
11  0      0 42606880  17440 116864    0    0    16     0 242111 243707  8  5 85  0  3	
11  0      0 42606756  17440 116864    0    0     0     0 241100 242669  8  6 84  0  3	
 8  0      0 42606756  17448 116864    0    0     0    12 241981 243636  8  5 85  0  3	
 9  0      0 42606756  17448 116872    0    0     0     0 241488 243085  8  5 85  0  3	
 9  0      0 42606756  17448 116872    0    0     0     0 241774 243352  8  4 84  0  3	
 8  0      0 42606756  17448 116872    0    0     0     0 235323 236773 10  4 83  0  3	
 9  0      0 42606756  17448 116872    0    0     0     0 242549 244169  8  5 85  0  3	
 9  0      0 42606756  17456 116864    0    0     0    12 240818 242456  8  5 85  0  3	
10  0      0 42606756  17456 116872    0    0     0     0 242361 243996  8  5 84  0  3	
procs -----------memory---------- ---swap-- -----io---- --system-- -----cpu-----
 r  b   swpd   free   buff  cache   si   so    bi    bo   in   cs us sy id wa st
11  0      0 42606756  17456 116872    0    0     0     0 241764 243198  8  6 83  0  3	
 9  0      0 42606756  17456 116872    0    0    32     0 241299 242958  7  6 84  0  3	
 9  0      0 42606756  17456 116872    0    0     0     0 241514 243256  8  5 85  0  3	
 8  0      0 42606756  17456 116872    0    0    16     0 241219 242710  8  6 83  0  3	
 9  0      0 42606756  17464 116872    0    0     0    12 241908 243476  8  5 84  0  3	
 9  0      0 42606756  17464 116872    0    0    16     8 242429 244229  8  5 85  0  3	
 8  0      0 42606756  17464 116872    0    0    16     0 239536 241095  8  4 85  0  3	
 9  0      0 42606756  17464 116872    0    0    16     0 241756 243368  7  5 85  0  3	
 8  0      0 42606756  17464 116872    0    0     0     0 241741 243226  8  5 85  0  3	
10  0      0 42606756  17472 116872    0    0     0    24 241610 243243  7  5 85  0  3	
 9  0      0 42606756  17472 116872    0    0     0     0 241679 243275  8  5 85  0  3	
 8  0      0 42606756  17472 116872    0    0     0     0 242422 243964  9  5 83  0  3	
11  0      0 42606756  17472 116872    0    0     0     0 242479 244060  8  4 85  0  3	
 9  0      0 42606756  17472 116872    0    0    32     0 242559 244216  8  5 85  0  3	
 9  0      0 42606756  17472 116872    0    0     0     0 241262 242821  8  5 85  0  3	
 9  0      0 42606756  17480 116872    0    0     0    12 241883 243503  8  4 85  0  3	
 8  0      0 42606756  17480 116872    0    0    32     8 239642 241245  8  5 85  0  3	
 8  0      0 42606756  17480 116872    0    0     0     0 241945 243658  8  5 84  0  3	
 8  0      0 42606756  17480 116872    0    0     0     0 241619 243251  7  5 85  0  3	
11  0      0 42606756  17480 116872    0    0     0     0 242949 244494  7  4 86  0  3	
 9  0      0 42606756  17488 116864    0    0     0    24 240298 241849  9  5 84  0  3	
procs -----------memory---------- ---swap-- -----io---- --system-- -----cpu-----
 r  b   swpd   free   buff  cache   si   so    bi    bo   in   cs us sy id wa st
 9  0      0 42606756  17488 116872    0    0    16     0 241930 243577  7  4 86  0  3	
 9  0      0 42606756  17488 116872    0    0     0     0 241679 243267  9  5 84  0  3	
10  0      0 42606756  17488 116872    0    0    16     0 241365 243049  8  4 85  0  3	
 9  0      0 42606756  17488 116872    0    0     0     0 239204 240779  7  5 85  0  3	
 8  0      0 42606756  17488 116872    0    0    16     0 241627 243214  8  5 85  0  3	
 9  0      0 42606756  17496 116872    0    0     0    32 240340 241943  8  6 84  0  3	
 9  0      0 42606756  17496 116876    0    0    16     0 242049 243713  8  6 84  0  3	
 9  0      0 42606756  17496 116876    0    0    16     0 241554 243207  7  5 86  0  3	
 9  0      0 42606756  17496 116876    0    0     0     0 241183 242943  8  5 84  0  3	
 9  0      0 42606756  17496 116876    0    0     0     0 242498 243988  8  5 85  0  3	
10  0      0 42606756  17504 116868    0    0     0    12 241762 243303  7  6 85  0  3	
 9  0      0 42606756  17504 116876    0    0     0     0 241940 243591  8  5 84  0  3	
 8  0      0 42606756  17504 116876    0    0     0     0 244032 245593  8  5 84  0  3	
10  0      0 42606756  17504 116876    0    0    16     0 240164 241639  8  5 84  0  3	
10  0      0 42606632  17504 116876    0    0     0     0 241461 243078  7  5 85  0  3	
11  0      0 42606632  17504 116876    0    0     0     4 240678 242251  9  4 84  0  3	
 9  0      0 42606632  17512 116880    0    0     0    12 242217 243855  7  5 85  0  3	
 8  0      0 42606632  17512 116880    0    0     0     0 240537 242342  7  4 86  0  3	
13  0      0 42606632  17512 116880    0    0    32     0 241664 243224  8  5 84  0  3	
10  0      0 42606508  17512 116880    0    0     0     0 242565 244164  8  5 84  0  3	
11  0      0 42606508  17512 116880    0    0     0     0 242045 243618  7  5 86  0  3	
procs -----------memory---------- ---swap-- -----io---- --system-- -----cpu-----
 r  b   swpd   free   buff  cache   si   so    bi    bo   in   cs us sy id wa st
10  0      0 42606508  17520 116872    0    0     0    12 241785 243436  7  5 85  0  3	
 9  0      0 42606508  17520 116880    0    0    16     0 241009 242606  8  5 85  0  3	
13  0      0 42606508  17520 116880    0    0    16     0 241772 243389  8  5 84  0  3	
 9  0      0 42606384  17520 116880    0    0    16     0 240395 242027  7  5 85  0  3	
10  0      0 42606384  17520 116880    0    0     0     8 238239 239896  9  5 84  0  3	
11  0      0 42606384  17520 116880    0    0     0     0 241349 243046  8  5 84  0  3	
10  0      0 42606384  17528 116880    0    0     0    24 240263 241975  7  4 86  0  3	
10  0      0 42606384  17528 116880    0    0     0     0 242787 244468  8  5 84  0  3	
 9  0      0 42606384  17528 116880    0    0     0     0 241322 242897  7  5 85  0  3	
 9  0      0 42606384  17528 116880    0    0     0     0 240506 242347  7  5 84  0  3	
 8  0      0 42606384  17528 116880    0    0     0     0 240382 241997  7  5 86  0  3	
 9  0      0 42606384  17536 116880    0    0    16    12 242230 243839  7  5 85  0  3	
 9  0      0 42606384  17536 116880    0    0     0     0 238906 240439  8  4 85  0  3	
10  0      0 42606384  17536 116880    0    0    16     0 241415 242962  7  5 85  0  3	
10  0      0 42606384  17536 116880    0    0     0     0 240288 241755  8  5 84  0  3	
 9  0      0 42606384  17536 116880    0    0     0     0 242328 243970  7  5 85  0  3	
10  0      0 42606384  17536 116880    0    0     0     0 242298 243808  7  5 85  0  3	
10  0      0 42606384  17544 116880    0    0     0    12 242756 244296  8  5 84  0  3	
11  0      0 42606384  17544 116884    0    0     0     0 241166 242899  7  5 86  0  3	
 8  0      0 42606384  17544 116884    0    0     0     0 243081 244696  7  6 85  0  3	
 8  0      0 42606384  17544 116884    0    0     0    12 241092 242605  8  5 85  0  3	
procs -----------memory---------- ---swap-- -----io---- --system-- -----cpu-----
 r  b   swpd   free   buff  cache   si   so    bi    bo   in   cs us sy id wa st
 8  0      0 42606384  17544 116884    0    0     0     0 241122 242911  8  5 85  0  3	
 9  0      0 42606384  17552 116876    0    0     0    12 241798 243360  8  5 85  0  3	
 9  0      0 42606384  17552 116884    0    0     0     0 241644 243394  7  4 85  0  3	
10  0      0 42606384  17552 116884    0    0     0     0 236224 237819  9  4 84  0  3	
11  0      0 42606384  17552 116884    0    0     0     8 241377 243048  7  5 85  0  3	
 9  0      0 42606384  17552 116884    0    0    16     0 242259 244017  8  5 84  0  3	
 8  0      0 42606384  17552 116884    0    0    16     0 242420 243979  8  5 84  0  3	
 9  0      0 42606384  17560 116884    0    0     0    24 242305 243980  7  5 85  0  3	
 9  0      0 42606384  17560 116884    0    0     0     0 242764 244406  8  5 85  0  3	
 8  0      0 42606384  17560 116884    0    0     0     0 242462 244064  8  5 84  0  3	
 9  0      0 42606384  17560 116884    0    0     0     0 242115 243716  8  5 84  0  3	
 9  0      0 42606384  17560 116884    0    0     0     0 240575 242214  7  4 86  0  3	
 9  0      0 42606384  17568 116876    0    0     0    12 241688 243296  8  5 84  0  3	
 8  0      0 42606384  17568 116884    0    0     0     0 239623 241328  7  5 86  0  3	
10  0      0 42606384  17568 116884    0    0    16     8 242337 243961  8  5 84  0  3	
 8  0      0 42606384  17568 116884    0    0     0     0 242097 243719  8  5 85  0  3	
10  0      0 42606384  17568 116884    0    0     0     0 243327 244948  8  5 84  0  3	
10  0      0 42606384  17568 116888    0    0     0     0 242117 243841  7  5 85  0  3	
