procs -----------memory---------- ---swap-- -----io---- --system-- -----cpu-----
 r  b   swpd   free   buff  cache   si   so    bi    bo   in   cs us sy id wa st
 1  0      0 69392856   5892  67252    0    0  1748     2  201  148 44 14 37  4  0	
 0  1      0 69390888   5892  67252    0    0  7168     0 28234 28205  1  0 97  2  0	
 1  0      0 69390888   5892  67252    0    0  7024     0 27244 27795  0  0 97  2  0	
 1  0      0 69392080   5892  67896    0    0  6928     0 27510 28050  0  0 97  2  0	
 0  1      0 69392080   5892  67896    0    0  7120     0 27728 28271  0  0 97  2  0	
 0  1      0 69392080   5892  67896    0    0  7104     0 26344 26895  1  0 97  2  0	
 1  0      0 69392080   5900  67892    0    0  7504    40 26376 26947  0  0 97  2  0	
 0  1      0 69392080   5900  67892    0    0  6880     0 27784 28320  1  0 97  2  0	
 1  0      0 69392080   5900  67892    0    0  7312     0 26888 27423  0  0 97  2  0	
 1  0      0 69392080   5900  67892    0    0  7376     0 27537 28070  1  0 97  2  0	
 0  1      0 69392080   5900  67892    0    0  7440     0 26859 27389  1  0 97  2  0	
 1  0      0 69392080   5908  67896    0    0  7392    12 26752 27301  1  0 97  2  0	
 1  0      0 69392080   5908  67896    0    0  7232     0 27012 27545  1  0 97  2  0	
 0  1      0 69392080   5908  67896    0    0  7712     0 27835 28402  0  0 97  2  0	
 0  1      0 69392080   5908  67896    0    0  7664     0 27600 28178  0  0 97  2  0	
 2  0      0 69392080   5908  67896    0    0  8272     0 26491 27085  0  0 97  2  0	
 1  0      0 69392080   5908  67896    0    0  7440    44 28458 28996  0  0 97  2  0	
 0  1      0 69392080   5916  67888    0    0  7152    12 27943 28474  0  0 97  2  0	
 1  0      0 69392080   5916  67888    0    0  7120     0 28859 29409  0  0 97  2  0	
 1  0      0 69392080   5916  67896    0    0  7600     0 28226 28802  1  0 97  2  0	
 1  0      0 69392080   5916  67896    0    0  7248     0 28268 28787  1  0 97  2  0	
procs -----------memory---------- ---swap-- -----io---- --system-- -----cpu-----
 r  b   swpd   free   buff  cache   si   so    bi    bo   in   cs us sy id wa st
 1  0      0 69392080   5916  67896    0    0  7408     0 28363 28911  0  0 97  2  0	
 0  1      0 69392080   5924  67888    0    0  7136    12 27598 28141  1  0 97  2  0	
 1  0      0 69392080   5924  67888    0    0  7456     0 27270 27809  1  0 97  2  0	
 1  0      0 69392080   5924  67888    0    0  7664     0 28437 29004  1  0 97  2  0	
 0  1      0 69392080   5924  67888    0    0  7728     0 27264 27832  1  0 97  2  0	
 1  0      0 69392080   5924  67888    0    0  7152    20 28460 28975  1  0 97  2  0	
 1  0      0 69392080   5924  67896    0    0  7696     0 28269 28848  0  0 97  2  0	
 0  1      0 69392080   5932  67896    0    0  7408    40 28455 28988  0  0 97  2  0	
 1  0      0 69392080   5932  67896    0    0  7088     0 27561 28099  1  0 97  2  0	
 1  0      0 69392080   5932  67896    0    0  7584     0 26686 27261  0  0 97  2  0	
 0  1      0 69392080   5936  67892    0    0  7140    16 28101 28608  0  0 97  2  0	
 1  0      0 69392080   5936  67892    0    0  7488     0 27486 28025  1  0 97  2  0	
 2  0      0 69392080   5944  67884    0    0  7440    24 29483 29095  0  0 98  2  0	
 0  1      0 69392080   5944  67884    0    0  6992     0 28432 28941  0  0 97  2  0	
 2  0      0 69392208   5944  67908    0    0  7408     0 26967 27051  0  0 97  2  0	
 3  0      0 69392208   5944  67908    0    0  7408     0 27964 27608  1  0 97  2  0	
 2  0      0 69392208   5944  67908    0    0  7440     0 28544 28741  0  0 97  2  0	
 1  1      0 69392208   5944  67908    0    0  7360     0 27619 28161  1  0 97  2  0	
 2  0      0 69392208   5952  67900    0    0  7632    12 28457 29032  0  0 97  2  0	
 1  0      0 69392208   5952  67900    0    0  7472     0 27292 27881  0  0 97  2  0	
 1  0      0 69392208   5952  67900    0    0  7744     0 28066 28629  1  0 97  2  0	
procs -----------memory---------- ---swap-- -----io---- --system-- -----cpu-----
 r  b   swpd   free   buff  cache   si   so    bi    bo   in   cs us sy id wa st
 1  0      0 69392208   5952  67900    0    0  7472     0 27773 28349  0  0 97  2  0	
 1  0      0 69392208   5960  67904    0    0  7344    12 28343 28926  1  0 97  2  0	
 1  0      0 69392208   5960  67904    0    0  7376     0 26750 27309  0  0 97  2  0	
 2  0      0 69392208   5960  67904    0    0  7120     0 27104 27686  1  0 97  2  0	
 1  0      0 69392208   5960  67904    0    0  7376     0 27968 28531  0  0 97  2  0	
 1  0      0 69392208   5960  67904    0    0  7152    36 28154 28679  1  0 97  2  0	
 1  0      0 69392208   5968  67896    0    0  7984    12 26503 27244  1  0 97  2  0	
 1  0      0 69392208   5968  67896    0    0  7504     0 27804 28351  1  0 97  2  0	
 1  0      0 69392208   5968  67896    0    0  7920     0 27293 27885  1  0 97  2  0	
 1  0      0 69392208   5968  67912    0    0  7264     0 27875 28573  1  0 97  2  0	
 1  0      0 69392208   5968  67912    0    0  7328     0 27470 28070  1  0 97  2  0	
 1  0      0 69392208   5968  67912    0    0  7472     0 27987 28597  1  0 97  2  0	
 1  0      0 69392208   5976  67904    0    0  7648    12 28518 29110  1  0 97  2  0	
 0  1      0 69392208   5976  67904    0    0  7936     0 26511 27101  1  0 97  2  0	
 1  0      0 69392208   5976  67904    0    0  7360     0 28787 29366  1  0 97  2  0	
 1  0      0 69392208   5976  67904    0    0  7776     4 27504 28122  1  0 97  2  0	
 1  0      0 69392208   5976  67904    0    0  8688     0 26485 27124  0  0 97  2  0	
 1  0      0 69392208   5984  67908    0    0  7872    12 27534 28134  0  0 97  2  0	
 1  0      0 69392208   5984  67908    0    0  7584     0 28532 29112  1  0 97  2  0	
 1  0      0 69392208   5984  67908    0    0  7120     0 28640 29214  1  0 97  2  0	
 1  0      0 69392208   5984  67912    0    0  7536    16 28133 28726  1  0 97  2  0	
procs -----------memory---------- ---swap-- -----io---- --system-- -----cpu-----
 r  b   swpd   free   buff  cache   si   so    bi    bo   in   cs us sy id wa st
 2  0      0 69392208   5984  67912    0    0  7920     0 27168 27750  0  0 97  2  0	
 0  1      0 69392208   5984  67912    0    0  7552     0 27517 28106  0  0 97  2  0	
 1  0      0 69392208   5992  67904    0    0  6944    20 28110 28675  1  0 97  2  0	
 1  0      0 69392208   5992  67904    0    0  7376     0 27880 28460  1  0 97  2  0	
 0  1      0 69392208   5992  67912    0    0  7296     0 28346 28887  1  0 97  2  0	
 1  0      0 69392208   5992  67912    0    0  8112     0 27371 28031  0  0 97  2  0	
 0  1      0 69392208   5992  67912    0    0  7168     0 27840 28392  1  0 97  2  0	
 0  1      0 69392208   6000  67904    0    0  7840    12 26769 27368  0  0 97  2  0	
 0  1      0 69392208   6000  67904    0    0  7488     0 27501 28072  1  0 97  2  0	
 1  0      0 69392208   6000  67904    0    0  7344     0 27894 28469  1  0 97  2  0	
 0  1      0 69392208   6000  67904    0    0  7408     0 28248 28808  1  0 97  2  0	
 2  0      0 69392208   6000  67904    0    0  7120     0 28509 29053  0  0 97  2  0	
 1  0      0 69392208   6000  67916    0    0  8032     0 26701 27308  1  0 97  2  0	
 0  1      0 69392208   6008  67916    0    0  7584    12 28718 29288  1  0 97  2  0	
 2  0      0 69392208   6008  67916    0    0  7312     0 27198 27831  0  0 97  2  0	
 1  0      0 69392208   6008  67916    0    0  7712     0 27914 28500  1  0 97  2  0	
 1  0      0 69392208   6008  67916    0    0  8400     0 27870 28502  0  0 97  2  0	
 1  0      0 69392208   6008  67916    0    0  7728     0 28356 28963  0  0 97  2  0	
 2  0      0 69392208   6016  67908    0    0  7632    12 27576 28141  1  0 97  2  0	
 0  1      0 69392208   6016  67908    0    0  7680     8 27626 28249  1  0 97  2  0	
 1  0      0 69392208   6016  67916    0    0  7328     0 27586 28156  1  0 97  2  0	
procs -----------memory---------- ---swap-- -----io---- --system-- -----cpu-----
 r  b   swpd   free   buff  cache   si   so    bi    bo   in   cs us sy id wa st
 1  0      0 69392208   6016  67916    0    0  7296     0 27904 28512  0  0 98  2  0	
 2  0      0 69392208   6016  67916    0    0  6592     0 28500 29021  1  0 97  2  0	
 2  0      0 69392208   6016  67916    0    0  7472     0 27633 28187  0  0 97  2  0	
 0  1      0 69392208   6024  67908    0    0  7520    12 27546 28127  0  0 97  2  0	
 1  0      0 69392208   6024  67908    0    0  7456     0 28152 28718  0  0 97  2  0	
 1  0      0 69392208   6024  67908    0    0  7088     0 28108 28655  0  0 97  2  0	
 0  1      0 69392208   6024  67908    0    0  7424     0 27279 27815  1  0 97  2  0	
 1  0      0 69392208   6024  67920    0    0  7344     0 27657 28213  1  0 97  2  0	
 1  0      0 69392208   6032  67912    0    0  6720    12 28905 29438  1  0 97  2  0	
 0  0      0 69392208   6032  67912    0    0  7488    16 26851 27477  0  0 97  2  0	
 1  0      0 69392208   6032  67912    0    0  7792     0 27084 27673  1  0 97  2  0	
 1  0      0 69392208   6032  67912    0    0  7360     0 27405 27940  0  0 98  2  0	
 0  1      0 69392208   6032  67912    0    0  7680     0 26765 27317  0  0 97  2  0	
 1  0      0 69392208   6032  67912    0    0  7968     0 26984 27578  1  0 97  2  0	
 0  1      0 69392208   6040  67904    0    0  7792    20 27821 28417  1  0 97  2  0	
 0  1      0 69392208   6040  67920    0    0  7504     0 27966 28540  0  0 97  2  0	
 1  0      0 69392208   6040  67920    0    0  7296     0 27639 28234  0  0 97  2  0	
 1  0      0 69392208   6040  67920    0    0  7280     0 28200 28804  1  0 97  2  0	
 2  0      0 69392208   6040  67920    0    0  7520     0 27796 28387  0  0 97  2  0	
 1  0      0 69392208   6048  67912    0    0  7792    12 27558 28166  0  0 97  2  0	
 0  1      0 69392208   6048  67912    0    0  7008     0 28913 29448  1  0 97  2  0	
procs -----------memory---------- ---swap-- -----io---- --system-- -----cpu-----
 r  b   swpd   free   buff  cache   si   so    bi    bo   in   cs us sy id wa st
 1  0      0 69392208   6048  67912    0    0  7728     0 27102 27705  1  0 97  2  0	
 0  1      0 69392208   6048  67912    0    0  7328     0 26502 27041  1  0 97  2  0	
 2  0      0 69392208   6048  67924    0    0  7776     0 26459 27089  0  0 97  2  0	
 0  1      0 69392208   6048  67924    0    0  7152     0 27758 28320  0  0 97  2  0	
 1  0      0 69392208   6056  67916    0    0  7264    12 28334 28935  0  0 97  2  0	
 1  0      0 69392208   6056  67916    0    0  7008     0 27705 28244  0  0 97  2  0	
 0  1      0 69392208   6056  67916    0    0  7456     0 27029 27592  1  0 97  2  0	
 1  0      0 69392208   6056  67916    0    0  7312     0 27619 28197  1  0 97  2  0	
 2  0      0 69392208   6056  67916    0    0  6992     0 28103 28627  1  0 97  2  0	
 0  1      0 69392208   6064  67908    0    0  7824    12 26848 27456  1  0 97  2  0	
 1  0      0 69392208   6064  67924    0    0  7184     0 27461 28032  1  0 97  2  0	
 0  1      0 69392208   6064  67924    0    0  7360     0 28076 28662  0  0 97  2  0	
 1  0      0 69392208   6064  67924    0    0  7792     0 26611 27211  1  0 97  2  0	
 0  1      0 69392208   6064  67924    0    0  8048     8 27364 27941  0  0 97  2  0	
 1  0      0 69392208   6064  67924    0    0  7792     0 27762 28331  0  0 97  2  0	
 0  1      0 69392208   6072  67916    0    0  7568    12 27492 28019  1  0 97  2  0	
 1  0      0 69392208   6072  67916    0    0  6992     0 28452 28983  1  0 97  2  0	
 0  1      0 69392208   6072  67916    0    0  7120     0 27613 28150  1  0 97  2  0	
 0  1      0 69392208   6072  67924    0    0  7424     0 27859 28448  1  0 97  2  0	
 1  0      0 69392208   6072  67924    0    0  7584     0 28045 28655  1  0 97  2  0	
 2  0      0 69392208   6080  67916    0    0  7456    12 27011 27615  0  0 97  2  0	
procs -----------memory---------- ---swap-- -----io---- --system-- -----cpu-----
 r  b   swpd   free   buff  cache   si   so    bi    bo   in   cs us sy id wa st
 2  0      0 69392208   6080  67916    0    0  7616     0 27865 28465  1  0 97  2  0	
 1  0      0 69392208   6080  67916    0    0  8096     0 27534 28143  1  0 97  2  0	
 1  0      0 69392208   6080  67916    0    0  6704    12 28686 29224  0  0 97  2  0	
 1  0      0 69392208   6080  67916    0    0  7904     0 26760 27328  0  0 97  2  0	
 1  0      0 69392208   6080  67916    0    0  7968     0 27045 27628  1  0 97  2  0	
 1  0      0 69392208   6088  67928    0    0  7344    20 27830 28393  0  0 97  2  0	
 1  0      0 69392208   6088  67928    0    0  7184     0 27404 27962  1  0 97  2  0	
 1  0      0 69392184   6088  67928    0    0  7584     0 26987 27515  1  0 97  2  0	
 1  0      0 69392192   6088  67928    0    0  7216     0 27669 28238  1  0 97  2  0	
 2  0      0 69392192   6088  67928    0    0  7104     0 27449 27977  0  0 97  2  0	
 1  0      0 69392192   6096  67920    0    0  6960    20 27536 28052  1  0 97  2  0	
 0  1      0 69392192   6096  67920    0    0  6928     0 28517 29011  1  0 97  2  0	
 1  0      0 69392192   6096  67920    0    0  7296     0 27193 27746  0  0 97  2  0	
 1  0      0 69392440   6096  67928    0    0  7792     0 27724 28316  1  0 97  2  0	
 1  0      0 69387768   6636  71808    0    0 12144     0 29546 29641  1  0 97  2  0	
 1  0      0 69387776   6636  71808    0    0  7632     0 27476 28068  1  0 97  2  0	
 1  0      0 69387776   6644  71800    0    0  7408    20 26967 27592  1  0 97  2  0	
 3  0      0 69387776   6644  71800    0    0  7376     0 28894 29466  1  0 97  2  0	
 0  1      0 69387776   6644  71800    0    0  7600     0 27956 28575  0  0 97  2  0	
 1  0      0 69387776   6644  71800    0    0  7488     0 28364 28949  1  0 97  2  0	
 1  0      0 69387776   6644  71800    0    0  7952     0 28027 28637  1  0 97  2  0	
procs -----------memory---------- ---swap-- -----io---- --system-- -----cpu-----
 r  b   swpd   free   buff  cache   si   so    bi    bo   in   cs us sy id wa st
 1  0      0 69387776   6652  71808    0    0  7184    12 28951 29517  1  0 97  2  0	
 0  1      0 69387776   6652  71808    0    0  7360     0 28775 29339  1  0 97  2  0	
 1  0      0 69387776   6652  71808    0    0  7712     0 27508 28127  0  0 97  2  0	
 1  0      0 69387776   6652  71808    0    0  7296     0 29021 29612  1  0 97  2  0	
 0  1      0 69387776   6652  71808    0    0  7936     0 27695 28289  1  0 97  2  0	
 2  0      0 69387776   6652  71808    0    0  7616     0 27308 27914  1  0 97  2  0	
 1  0      0 69387776   6660  71800    0    0  7056    12 28030 28618  1  1 97  2  0	
 0  1      0 69387776   6660  71800    0    0  7280    24 27225 27832  0  0 97  2  0	
 2  0      0 69387776   6660  71808    0    0  7600     0 26950 27531  0  0 97  2  0	
 1  0      0 69387776   6660  71808    0    0  7680     0 27471 28065  1  0 97  2  0	
 0  1      0 69387776   6660  71808    0    0  7376     0 27959 28546  0  0 97  2  0	
 1  0      0 69387776   6668  71800    0    0  7408    16 27454 28031  1  0 97  2  0	
 0  1      0 69387776   6668  71800    0    0  7424     8 27440 28007  1  0 97  2  0	
 1  0      0 69387776   6668  71800    0    0  7728     0 26093 26734  0  0 97  2  0	
 0  1      0 69387776   6668  71800    0    0  7680     0 27089 27684  0  0 97  2  0	
 0  1      0 69387776   6668  71800    0    0  7232     0 27044 27610  1  0 97  2  0	
 0  1      0 69387776   6668  71808    0    0  7584     0 28388 29002  1  0 97  2  0	
 1  0      0 69387776   6676  71808    0    0  7680    36 26491 27116  1  0 97  2  0	
 2  0      0 69387776   6676  71808    0    0  7520     0 27550 28155  0  0 97  2  0	
 0  1      0 69387776   6676  71808    0    0  7456     0 28252 28840  1  0 97  2  0	
 1  0      0 69387776   6676  71808    0    0  7168     0 26670 27231  0  0 97  2  0	
procs -----------memory---------- ---swap-- -----io---- --system-- -----cpu-----
 r  b   swpd   free   buff  cache   si   so    bi    bo   in   cs us sy id wa st
 1  0      0 69387776   6676  71808    0    0  7568     0 27855 28440  1  0 97  2  0	
 1  0      0 69387776   6684  71800    0    0  7440    20 27561 28148  1  0 97  2  0	
 1  0      0 69387776   6684  71800    0    0  7360     0 28302 28858  1  0 97  2  0	
 0  1      0 69387776   6684  71808    0    0  7536     0 28139 28739  1  0 97  2  0	
 1  0      0 69387776   6684  71808    0    0  7360     0 27950 28571  1  0 97  2  0	
 1  0      0 69387776   6684  71808    0    0  7344     0 28712 29306  1  0 97  2  0	
 0  1      0 69387776   6684  71808    0    0  7568     0 28253 28841  1  0 97  2  0	
 1  0      0 69387776   6692  71800    0    0  7728    20 26954 27566  1  0 97  2  0	
 1  0      0 69387776   6692  71800    0    0  7536     0 27555 28130  1  0 97  2  0	
 1  0      0 69387776   6692  71800    0    0  7360     0 27121 27695  0  0 97  2  0	
 0  1      0 69387776   6692  71800    0    0  7552     0 27280 27889  0  0 97  2  0	
 0  1      0 69387776   6692  71816    0    0  7216     0 28116 28691  0  0 97  2  0	
 1  0      0 69387776   6700  71808    0    0  7584    12 28695 29314  1  0 97  2  0	
 2  0      0 69387776   6700  71808    0    0  7456     0 28930 29545  0  0 97  2  0	
 1  0      0 69387776   6700  71808    0    0  7504     0 27779 28396  1  0 97  2  0	
 0  1      0 69387776   6700  71808    0    0  7712     0 27887 28486  1  0 97  2  0	
 0  1      0 69387776   6700  71808    0    0  7728     0 28065 28668  0  0 97  2  0	
 1  0      0 69387776   6708  71800    0    0  7488    12 27167 27766  0  0 97  2  0	
 0  1      0 69387776   6708  71800    0    0  7008     0 28686 29261  0  0 97  2  0	
 0  1      0 69387776   6708  71816    0    0  7168     0 28556 29100  1  0 97  2  0	
 0  1      0 69387776   6708  71816    0    0  7472     0 28375 28949  1  1 97  2  0	
procs -----------memory---------- ---swap-- -----io---- --system-- -----cpu-----
 r  b   swpd   free   buff  cache   si   so    bi    bo   in   cs us sy id wa st
 1  0      0 69387776   6708  71816    0    0  7584     0 28204 28499  1  0 97  2  0	
 0  1      0 69387776   6708  71816    0    0  7536    20 28336 28643  1  0 97  2  0	
 1  0      0 69387776   6716  71808    0    0  7728    20 27659 28206  1  0 97  2  0	
 1  0      0 69387776   6716  71808    0    0  7360     0 27889 28412  1  0 97  2  0	
 1  0      0 69387776   6716  71808    0    0  7392     0 27928 28442  1  0 97  2  0	
 0  1      0 69387776   6716  71808    0    0  7440     0 27757 28301  1  0 97  2  0	
 1  0      0 69387776   6720  71816    0    0  7680     8 27000 27580  1  0 97  2  0	
 1  0      0 69387776   6728  71816    0    0  7840    28 27958 28515  1  0 97  2  0	
 0  1      0 69387776   6728  71816    0    0  7872     0 28543 29136  0  0 97  2  0	
 1  0      0 69387776   6728  71816    0    0  7312     0 28615 29197  0  0 97  2  0	
 2  0      0 69387776   6728  71816    0    0  8112     0 27737 28380  1  0 97  2  0	
 1  0      0 69387776   6728  71816    0    0  7360     0 27776 28355  0  0 97  2  0	
 1  0      0 69387776   6728  71816    0    0  7792     0 27799 28423  1  0 97  2  0	
 1  1      0 69387776   6736  71808    0    0  7104    12 28580 29185  1  0 97  2  0	
 1  0      0 69387776   6736  71816    0    0  7776     0 28348 28949  1  0 97  2  0	
 0  1      0 69387776   6736  71816    0    0  7616     0 28289 28898  0  0 97  2  0	
 0  1      0 69387776   6736  71816    0    0  7872     0 28390 28996  1  0 97  2  0	
 0  1      0 69387776   6736  71816    0    0  7984     0 27775 28388  1  0 97  2  0	
 1  0      0 69387776   6744  71808    0    0  7376    12 28062 28658  1  0 97  2  0	
 1  0      0 69387776   6744  71808    0    0  7600     0 28674 29295  1  0 97  2  0	
 1  0      0 69387776   6744  71808    0    0  7984     0 27686 28298  0  0 97  2  0	
procs -----------memory---------- ---swap-- -----io---- --system-- -----cpu-----
 r  b   swpd   free   buff  cache   si   so    bi    bo   in   cs us sy id wa st
 0  1      0 69387776   6744  71808    0    0  7840     0 28257 28881  0  0 97  2  0	
 1  0      0 69387776   6744  71820    0    0  7648     0 28763 29369  1  0 97  2  0	
 1  0      0 69387776   6744  71820    0    0  7600     0 28241 28830  1  0 97  2  0	
 0  1      0 69387776   6752  71812    0    0  7744    12 27793 28391  1  0 97  2  0	
 0  1      0 69387776   6752  71812    0    0  7712     0 27550 28172  0  0 97  2  0	
 1  0      0 69387776   6752  71812    0    0  6992     0 28745 29333  1  0 97  2  0	
 1  0      0 69387776   6752  71812    0    0  7488     0 27886 28498  0  0 97  2  0	
 0  1      0 69387776   6752  71812    0    0  7744     0 27677 28258  0  0 97  2  0	
 1  0      0 69387776   6760  71804    0    0  7168    12 28276 28865  1  0 97  2  0	
 1  0      0 69387776   6760  71824    0    0  7264     0 28087 28666  1  0 97  2  0	
 1  0      0 69387776   6760  71824    0    0  7088     0 27830 28435  1  0 97  2  0	
 1  0      0 69387776   6764  71820    0    0  7520    12 27376 27975  0  0 97  2  0	
 1  0      0 69387776   6764  71820    0    0  7280     0 28244 28806  1  0 97  2  0	
 1  0      0 69387776   6764  71820    0    0  7520     0 28109 28708  1  0 97  2  0	
 1  0      0 69387776   6772  71812    0    0  7632    28 27999 28597  1  0 97  2  0	
 1  0      0 69387776   6772  71812    0    0  7232     0 27457 28036  1  0 97  2  0	
 2  0      0 69387776   6772  71812    0    0  8240     8 27641 28270  0  0 97  2  0	
 0  1      0 69387776   6772  71824    0    0  7296     0 29148 29742  1  0 97  2  0	
 1  0      0 69387776   6772  71824    0    0  7968     0 27459 28065  1  0 97  2  0	
 1  0      0 69387776   6780  71816    0    0  7696    24 28683 29309  1  0 97  2  0	
 1  0      0 69387776   6780  71816    0    0  7536     0 28767 29352  1  0 97  2  0	
procs -----------memory---------- ---swap-- -----io---- --system-- -----cpu-----
 r  b   swpd   free   buff  cache   si   so    bi    bo   in   cs us sy id wa st
 1  0      0 69387776   6780  71816    0    0  7408     0 28652 29265  1  0 97  2  0	
 1  0      0 69387776   6780  71816    0    0  7392     0 28116 28716  1  0 97  2  0	
 1  0      0 69387776   6780  71816    0    0  7600     0 28461 29057  1  0 97  2  0	
 1  0      0 69387776   6780  71816    0    0  7312     0 28243 28863  1  0 97  2  0	
 1  0      0 69387776   6788  71824    0    0  7632    12 28283 28881  0  0 97  2  0	
 1  0      0 69387776   6788  71824    0    0  7456     0 29003 29600  1  0 97  2  0	
 2  0      0 69387776   6788  71824    0    0  7904     0 27941 28525  1  0 97  2  0	
 1  0      0 69387776   6788  71824    0    0  7808     0 27805 28387  1  0 97  2  0	
 1  0      0 69387776   6788  71824    0    0  7888     0 27812 28386  1  0 97  2  0	
 1  0      0 69387776   6796  71816    0    0  7360    12 28279 28816  1  0 97  2  0	
 1  0      0 69387776   6796  71816    0    0  7760     0 26544 27115  0  0 97  2  0	
 0  1      0 69387776   6796  71816    0    0  7264     0 27788 28317  1  0 97  2  0	
 2  0      0 69387776   6796  71824    0    0  7760     0 28050 28687  1  0 97  2  0	
 0  1      0 69387776   6796  71824    0    0  6912     0 29217 29822  0  0 97  2  0	
 2  0      0 69387776   6796  71824    0    0  7744     0 27625 28280  0  0 97  2  0	
 1  0      0 69387776   6804  71816    0    0  7456    12 28651 29245  1  0 97  2  0	
 1  0      0 69387776   6804  71816    0    0  7568     0 28747 29363  1  0 97  2  0	
 1  1      0 69387776   6804  71816    0    0  7632     0 28449 29031  1  0 97  2  0	
 2  0      0 69387776   6804  71816    0    0  7680     0 28718 29315  1  0 97  2  0	
 1  0      0 69387776   6804  71816    0    0  7424     0 28668 29224  1  0 97  2  0	
 1  0      0 69387776   6812  71828    0    0  7792    12 28020 28626  1  0 97  2  0	
procs -----------memory---------- ---swap-- -----io---- --system-- -----cpu-----
 r  b   swpd   free   buff  cache   si   so    bi    bo   in   cs us sy id wa st
 1  0      0 69387776   6812  71828    0    0  7536     0 28489 29114  0  0 97  2  0	
 1  0      0 69387776   6812  71828    0    0  7520     0 28714 29339  1  0 97  2  0	
 1  0      0 69387776   6812  71828    0    0  7632     0 26923 27492  0  0 97  2  0	
 1  0      0 69387776   6812  71828    0    0  7280     0 28286 28861  1  0 97  2  0	
 1  0      0 69387776   6812  71828    0    0  7360    32 28332 28892  1  0 97  2  0	
 1  0      0 69387776   6820  71820    0    0  7248    24 28024 28546  1  0 97  2  0	
 2  0      0 69387776   6820  71820    0    0  7232     0 28259 28790  0  0 97  2  0	
 2  0      0 69387776   6820  71828    0    0  8000     0 27636 28217  0  0 97  2  0	
 1  0      0 69387776   6820  71828    0    0  7488     0 27824 28409  0  0 97  2  0	
 0  1      0 69387776   6820  71828    0    0  8128     0 27331 27900  1  0 97  2  0	
 0  1      0 69387776   6828  71820    0    0  7408    12 27862 28398  1  0 97  2  0	
 1  0      0 69387776   6828  71820    0    0  7376     0 28076 28615  1  0 97  2  0	
 1  0      0 69387776   6828  71820    0    0  7520     0 28051 28586  1  0 97  2  0	
 2  0      0 69387776   6828  71820    0    0  7216     0 27340 27876  0  0 97  2  0	
 1  0      0 69387776   6828  71820    0    0  7408     0 28373 28894  0  0 97  2  0	
 1  0      0 69387776   6828  71832    0    0  7904     0 27812 28398  0  0 97  2  0	
 1  0      0 69387776   6836  71832    0    0  7904    12 26854 27447  0  0 97  2  0	
 0  1      0 69387776   6836  71832    0    0  7680     0 28387 28931  1  0 97  2  0	
 1  0      0 69387776   6836  71832    0    0  7632     0 28009 28535  1  0 97  2  0	
 0  1      0 69387776   6836  71832    0    0  7696     0 27650 28198  0  0 97  2  0	
 1  0      0 69387776   6836  71832    0    0  7360     0 27913 28471  1  0 97  2  0	
procs -----------memory---------- ---swap-- -----io---- --system-- -----cpu-----
 r  b   swpd   free   buff  cache   si   so    bi    bo   in   cs us sy id wa st
 2  0      0 69387776   6844  71824    0    0  7696    12 27902 28438  1  0 97  2  0	
 1  0      0 69387776   6844  71824    0    0  7344     0 28173 28714  0  0 98  2  0	
 1  0      0 69387776   6844  71832    0    0  6992     0 28342 28860  1  0 97  2  0	
 2  0      0 69387776   6844  71832    0    0  7824     0 27359 27921  1  0 97  2  0	
 0  1      0 69387776   6844  71832    0    0  7328     0 28499 29021  1  0 97  2  0	
 0  1      0 69387776   6844  71832    0    0  7200     0 29099 29614  1  0 97  2  0	
 1  0      0 69387776   6852  71824    0    0  8016    12 27358 27927  0  0 97  2  0	
 0  1      0 69387776   6852  71824    0    0  7824     0 27419 28003  0  0 97  2  0	
 1  0      0 69387776   6852  71836    0    0  7344     0 28158 28657  1  0 97  2  0	
 0  1      0 69387776   6852  71836    0    0  7632     0 27898 28442  1  0 97  2  0	
 0  1      0 69387776   6852  71836    0    0  7792     0 27565 28116  1  0 97  2  0	
 1  0      0 69387776   6860  71828    0    0  7488    12 27636 28194  1  0 97  2  0	
 1  0      0 69387776   6860  71828    0    0  7264     0 28508 29027  1  0 97  2  0	
 1  0      0 69387776   6860  71828    0    0  7456     0 28556 29115  0  0 97  2  0	
 0  1      0 69387776   6860  71828    0    0  7744    16 27865 28424  0  0 97  2  0	
 2  0      0 69387776   6860  71828    0    0  6992     0 28556 29100  0  0 97  2  0	
 0  1      0 69387776   6860  71828    0    0  7312     0 28303 28805  1  0 97  2  0	
 1  0      0 69387776   6868  71820    0    0  7072    32 28877 29401  1  0 97  2  0	
 1  0      0 69387776   6868  71836    0    0  7840     0 27063 27625  1  0 97  2  0	
 0  1      0 69387776   6868  71836    0    0  7456     8 27835 28372  1  0 97  2  0	
 1  0      0 69387776   6868  71836    0    0  7696     0 28373 28956  0  0 97  2  0	
procs -----------memory---------- ---swap-- -----io---- --system-- -----cpu-----
 r  b   swpd   free   buff  cache   si   so    bi    bo   in   cs us sy id wa st
 1  0      0 69387776   6868  71836    0    0  7424     0 27607 28132  0  0 97  2  0	
 1  0      0 69387776   6876  71828    0    0  7744    24 28015 28570  0  0 98  2  0	
 1  0      0 69387776   6876  71828    0    0  7200     0 28400 28798  1  0 97  2  0	
 1  0      0 69387776   6876  71828    0    0  7792     0 29033 28776  1  0 97  2  0	
 0  1      0 69387776   6876  71828    0    0  7328     0 28300 28809  1  0 97  2  0	
 1  0      0 69387776   6876  71836    0    0  7696     0 27752 28313  0  0 97  2  0	
 1  0      0 69387776   6876  71836    0    0  7328     0 28614 29159  0  0 97  2  0	
 0  1      0 69387648   6884  71836    0    0  7616    12 27556 28099  0  0 97  2  0	
 1  0      0 69387648   6884  71836    0    0  7136     0 28240 28789  1  0 97  2  0	
 1  0      0 69387648   6884  71836    0    0  7728     0 28418 28967  1  0 97  2  0	
 1  0      0 69387648   6884  71836    0    0  8272     0 27491 28086  1  0 97  2  0	
 0  1      0 69387648   6884  71836    0    0  7392     0 27198 27717  1  0 97  2  0	
 1  0      0 69387648   6892  71828    0    0  6928    12 26895 27401  1  0 97  2  0	
 1  0      0 69387648   6892  71840    0    0  8048     0 27538 28090  0  0 97  2  0	
 1  0      0 69387648   6892  71840    0    0  7696     0 27862 28424  1  1 97  2  0	
 1  0      0 69387648   6892  71840    0    0  7552     0 27944 28498  1  0 97  2  0	
 2  0      0 69387648   6892  71840    0    0  7040     0 28804 29322  0  0 97  2  0	
 0  1      0 69387648   6892  71840    0    0  7520     0 27612 28167  1  0 97  2  0	
 1  0      0 69387648   6900  71840    0    0  7248    12 28065 28618  1  0 97  2  0	
 2  0      0 69387648   6900  71840    0    0  7408     0 28099 28634  0  0 97  2  0	
 1  0      0 69387648   6900  71840    0    0  7328     0 27532 28090  0  1 97  2  0	
procs -----------memory---------- ---swap-- -----io---- --system-- -----cpu-----
 r  b   swpd   free   buff  cache   si   so    bi    bo   in   cs us sy id wa st
 1  0      0 69387648   6900  71840    0    0  7168     0 28271 28788  1  0 97  2  0	
 0  1      0 69387648   6900  71844    0    0  7728     0 27338 27885  1  0 97  2  0	
 0  1      0 69387648   6908  71836    0    0  7520    12 28067 28626  1  0 97  2  0	
 1  0      0 69387648   6908  71836    0    0  7632    12 28440 29015  1  0 97  2  0	
 0  1      0 69387648   6908  71844    0    0  7680     0 28033 28617  1  0 97  2  0	
 1  0      0 69387648   6908  71844    0    0  7504     0 28072 28669  0  0 97  2  0	
 1  0      0 69387648   6908  71844    0    0  7440     0 28007 28618  1  0 97  2  0	
 1  0      0 69387648   6908  71844    0    0  7200     0 28494 29058  1  0 97  2  0	
 1  0      0 69387648   6916  71844    0    0  7680    68 27791 28384  1  0 97  2  0	
 1  0      0 69387648   6916  71844    0    0  7584     0 27766 28338  1  0 97  2  0	
 0  1      0 69387648   6916  71844    0    0  7664     0 27587 28193  0  0 97  2  0	
 0  1      0 69387648   6916  71844    0    0  7392     0 28817 29397  1  0 97  2  0	
 0  1      0 69387648   6916  71844    0    0  7728     0 27783 28377  1  0 97  2  0	
 2  0      0 69387648   6924  71836    0    0  7488    24 28598 29194  0  0 97  2  0	
 1  0      0 69387648   6924  71836    0    0  7680     0 28174 28767  0  0 98  2  0	
 0  1      0 69387648   6924  71844    0    0  7440     0 28726 29324  1  0 97  2  0	
 1  0      0 69387648   6924  71844    0    0  7840     0 27066 27716  1  0 97  2  0	
 1  0      0 69387648   6924  71844    0    0  7632     0 27588 28178  1  0 97  2  0	
 0  1      0 69387648   6924  71844    0    0  7504     0 28318 28878  1  0 97  2  0	
 0  1      0 69387648   6932  71836    0    0  7504    12 28303 28876  1  0 97  2  0	
 1  0      0 69387648   6932  71844    0    0  7856     0 27924 28527  1  0 97  2  0	
procs -----------memory---------- ---swap-- -----io---- --system-- -----cpu-----
 r  b   swpd   free   buff  cache   si   so    bi    bo   in   cs us sy id wa st
 0  1      0 69387648   6932  71844    0    0  7328     0 28992 29542  1  0 97  2  0	
 1  0      0 69387648   6932  71844    0    0  7504     0 28729 29339  0  0 97  2  0	
 1  0      0 69387648   6932  71844    0    0  8144     0 27622 28226  0  0 97  2  0	
 1  0      0 69387648   6940  71836    0    0  7392    12 26949 27542  0  0 97  2  0	
 0  1      0 69387648   6940  71836    0    0  7248     0 28650 29231  1  0 97  2  0	
 1  0      0 69387648   6940  71844    0    0  8400     0 27332 27958  0  0 97  2  0	
 1  0      0 69387648   6940  71844    0    0  7472     0 28320 28925  1  0 97  2  0	
 1  0      0 69387648   6940  71844    0    0  7584     0 28188 28772  1  0 97  2  0	
 0  1      0 69387648   6940  71844    0    0  7728     0 28085 28691  0  0 97  2  0	
 1  0      0 69387648   6948  71836    0    0  7664    12 28168 28751  1  0 97  2  0	
 1  0      0 69387648   6948  71836    0    0  7360     0 29061 29660  0  0 97  2  0	
 1  0      0 69387648   6948  71844    0    0  7504     0 28078 28656  0  0 97  2  0	
 1  0      0 69387648   6948  71844    0    0  7584     0 28174 28784  0  0 97  2  0	
 1  0      0 69387648   6948  71844    0    0  7760     4 28391 28974  1  0 97  2  0	
 1  0      0 69387648   6956  71836    0    0  7792    12 28713 29316  1  0 97  2  0	
 1  0      0 69387648   6956  71836    0    0  7872     0 28500 29150  1  0 97  2  0	
 0  1      0 69387648   6956  71836    0    0  7472     0 28717 29301  0  0 97  2  0	
 2  0      0 69387648   6956  71836    0    0  8016     0 28186 28817  1  0 97  2  0	
 1  0      0 69387648   6960  71832    0    0  7284     8 28562 29127  0  0 97  2  0	
 2  0      0 69387648   6960  71852    0    0  6800     0 28804 29346  1  0 97  2  0	
 1  0      0 69387648   6968  71852    0    0  7472    24 27789 28347  1  0 97  2  0	
procs -----------memory---------- ---swap-- -----io---- --system-- -----cpu-----
 r  b   swpd   free   buff  cache   si   so    bi    bo   in   cs us sy id wa st
 0  1      0 69387648   6968  71852    0    0  7856     0 27920 28479  1  0 97  2  0	
 0  1      0 69387648   6968  71852    0    0  7600     0 27316 27868  1  0 97  2  0	
 2  0      0 69387648   6968  71852    0    0  7584    16 27797 28353  1  0 97  2  0	
 1  0      0 69387648   6968  71852    0    0  7232     0 28523 29042  1  0 97  2  0	
 1  0      0 69387648   6976  71844    0    0  7600    12 28142 28712  1  0 97  2  0	
 0  1      0 69387648   6976  71844    0    0  7904     0 26630 27208  0  0 97  2  0	
 1  0      0 69387648   6976  71852    0    0  7488     0 28004 28579  1  0 97  2  0	
 1  0      0 69387648   6976  71852    0    0  7408     0 28355 28926  1  0 97  2  0	
 1  0      0 69387648   6976  71852    0    0  7536     0 27879 28407  1  0 97  2  0	
 1  0      0 69387648   6976  71852    0    0  7568     0 28350 28898  1  0 97  2  0	
 0  1      0 69387648   6984  71844    0    0  7472    12 28569 29108  1  0 97  2  0	
 1  0      0 69387648   6984  71844    0    0  7488     0 28015 28585  1  0 97  2  0	
 2  0      0 69387648   6984  71844    0    0  7536     0 28694 29258  1  0 97  2  0	
 0  1      0 69387648   6984  71844    0    0  7504     0 28526 29073  1  0 97  2  0	
 1  0      0 69387648   6984  71852    0    0  7968     0 27911 28567  1  0 97  2  0	
 0  1      0 69387648   6992  71844    0    0  7488    12 28317 28934  1  0 97  2  0	
 1  0      0 69387648   6992  71844    0    0  8320     0 27029 27671  1  0 97  2  0	
 1  0      0 69387648   6992  71844    0    0  7552     0 27330 27938  0  0 97  2  0	
 1  0      0 69387648   6992  71844    0    0  7616     0 27487 28088  1  0 97  2  0	
 2  0      0 69387648   6992  71844    0    0  7744     0 28377 28992  1  0 97  2  0	
 1  0      0 69387648   6992  71852    0    0  7792     0 27263 27928  1  0 97  2  0	
procs -----------memory---------- ---swap-- -----io---- --system-- -----cpu-----
 r  b   swpd   free   buff  cache   si   so    bi    bo   in   cs us sy id wa st
 1  0      0 69387648   7000  71852    0    0  7552    12 27796 28398  1  0 97  2  0	
 2  0      0 69387648   7000  71852    0    0  8336     0 27369 28021  1  0 97  2  0	
 1  1      0 69387648   7000  71852    0    0  8400     0 27090 27771  1  0 97  2  0	
 0  1      0 69387648   7000  71852    0    0  7616     0 28803 29422  1  0 97  2  0	
 0  1      0 69387648   7000  71852    0    0  7536     0 29058 29676  1  0 97  2  0	
 1  0      0 69387648   7008  71848    0    0  7600    12 28724 29362  0  0 98  2  0	
 1  0      0 69387648   7008  71848    0    0  7824    16 28195 28816  1  0 97  2  0	
 1  0      0 69387648   7008  71848    0    0  7424     0 28741 29328  0  0 97  2  0	
 1  0      0 69387648   7008  71848    0    0  7760     0 27959 28572  0  0 97  2  0	
 1  0      0 69387648   7008  71856    0    0  7424     0 29062 29663  1  0 97  2  0	
 1  0      0 69387648   7008  71856    0    0  7376     0 28365 28987  0  0 97  2  0	
 0  1      0 69387648   7016  71856    0    0  7600    28 28563 29176  1  0 97  2  0	
 0  1      0 69387648   7016  71856    0    0  7568     0 28690 29285  1  0 97  2  0	
 0  1      0 69387648   7016  71856    0    0  7520     0 28089 28704  1  0 97  2  0	
 1  0      0 69387648   7016  71856    0    0  7792     0 27529 28163  1  0 97  2  0	
 2  0      0 69387648   7016  71856    0    0  8192     0 28336 28495  0  0 97  2  0	
 1  0      0 69387648   7024  71848    0    0  7984    12 28404 29024  1  0 97  2  0	
 1  0      0 69387648   7024  71860    0    0  7920    16 27701 28348  1  0 97  2  0	
 1  0      0 69387648   7024  71860    0    0  7696     0 28024 28708  1  0 97  2  0	
 1  0      0 69387648   7024  71860    0    0  8256     0 28094 28771  1  0 97  2  0	
 1  0      0 69387648   7024  71860    0    0  8112     0 28334 28981  0  0 97  2  0	
procs -----------memory---------- ---swap-- -----io---- --system-- -----cpu-----
 r  b   swpd   free   buff  cache   si   so    bi    bo   in   cs us sy id wa st
 1  1      0 69387648   7024  71860    0    0  7568     8 28366 28989  0  0 97  2  0	
 0  1      0 69387648   7032  71852    0    0  7856     4 28760 29431  0  0 97  2  0	
 2  0      0 69387648   7032  71852    0    0  7952     0 28372 29007  1  0 97  2  0	
 0  1      0 69387648   7032  71852    0    0  7840     0 27900 28511  1  0 97  2  0	
 2  0      0 69387648   7032  71860    0    0  7584     0 27855 28473  0  0 97  2  0	
 1  0      0 69387648   7032  71860    0    0  7552     0 27448 28103  0  0 97  2  0	
 1  0      0 69387648   7040  71852    0    0  7600    12 28149 28725  1  0 97  2  0	
 0  1      0 69387648   7040  71852    0    0  8080     0 28722 29355  1  0 97  2  0	
 2  0      0 69387648   7040  71852    0    0  7520     0 28280 28899  1  0 97  2  0	
 1  0      0 69387648   7040  71852    0    0  7728     0 28456 29060  1  0 97  2  0	
 0  1      0 69387648   7040  71852    0    0  7440     0 28811 29400  1  0 97  2  0	
 1  0      0 69387648   7048  71844    0    0  7488    16 27858 28463  0  0 97  2  0	
 1  0      0 69387528   7048  71860    0    0  7856     0 27274 27957  0  0 97  2  0	
 2  0      0 69387528   7048  71860    0    0  7728     0 28517 29170  1  0 97  2  0	
 1  0      0 69387528   7048  71860    0    0  7520     0 27062 27649  1  0 97  2  0	
 0  1      0 69387528   7048  71860    0    0  7664     0 28032 28627  1  0 97  2  0	
 1  0      0 69387528   7048  71860    0    0  7168     8 28550 29171  0  0 97  2  0	
 1  0      0 69387528   7056  71852    0    0  7424    24 27934 28484  0  0 97  2  0	
 1  0      0 69387528   7056  71852    0    0  7600     0 27231 27761  1  0 97  2  0	
 1  0      0 69387528   7056  71852    0    0  7408     0 28243 28800  1  0 97  2  0	
 1  0      0 69387528   7056  71860    0    0  7344     0 27886 28427  1  0 97  2  0	
procs -----------memory---------- ---swap-- -----io---- --system-- -----cpu-----
 r  b   swpd   free   buff  cache   si   so    bi    bo   in   cs us sy id wa st
 0  1      0 69387528   7056  71860    0    0  8128     8 27407 28023  0  0 97  2  0	
 1  0      0 69387528   7064  71852    0    0  7680    24 27699 28338  1  0 97  2  0	
 0  1      0 69387528   7064  71852    0    0  7152     0 27913 28462  1  0 97  2  0	
 1  0      0 69387528   7064  71852    0    0  7520     0 28168 28707  1  0 97  2  0	
 0  1      0 69387528   7064  71852    0    0  8160     0 27602 28195  0  0 97  2  0	
 0  1      0 69387528   7064  71852    0    0  6816     0 27966 28482  1  0 97  2  0	
 1  0      0 69387528   7064  71852    0    0  7472     0 27981 28520  1  0 97  2  0	
 1  0      0 69387528   7072  71864    0    0  8112    12 27595 28194  0  0 97  2  0	
 1  0      0 69387528   7072  71864    0    0  7248     0 28321 28834  0  0 98  2  0	
 1  1      0 69387528   7072  71864    0    0  7824     0 27371 27917  1  0 97  2  0	
 1  0      0 69387528   7072  71864    0    0  7616     0 27206 27758  1  0 97  2  0	
 1  0      0 69387528   7072  71864    0    0  7552     0 28766 28934  1  0 97  2  0	
 1  0      0 69387528   7080  71856    0    0  7648    12 28009 28568  1  0 97  2  0	
 2  0      0 69387528   7080  71856    0    0  7856     0 28426 28968  0  0 97  2  0	
 0  1      0 69387528   7080  71856    0    0  7520     0 28341 28907  1  0 97  2  0	
 1  0      0 69387776   7080  71864    0    0  8064     0 27755 28391  1  0 97  2  0	
 2  0      0 69387776   7080  71864    0    0  7440    24 28593 29119  1  0 97  2  0	
 1  0      0 69387776   7080  71868    0    0  7184     0 29518 30063  1  0 97  2  0	
 0  1      0 69387152   7088  71860    0    0  8032    20 26997 27562  1  0 97  2  0	
 0  1      0 69386992   7088  71860    0    0  7616     0 28116 28247  1  0 97  2  0	
 1  0      0 69386992   7088  71860    0    0  7424     0 28225 28777  1  0 97  2  0	
procs -----------memory---------- ---swap-- -----io---- --system-- -----cpu-----
 r  b   swpd   free   buff  cache   si   so    bi    bo   in   cs us sy id wa st
 1  0      0 69386992   7088  71860    0    0  7424     4 29063 29584  1  0 97  2  0	
 1  0      0 69387880   7088  71860    0    0  7456     0 27832 28360  1  0 97  2  0	
 0  1      0 69388024   7096  71872    0    0  7200    20 28457 29021  0  0 97  2  0	
 1  0      0 69388024   7096  71872    0    0  7200     0 28343 28905  0  0 98  2  0	
 1  0      0 69388024   7096  71872    0    0  7840     0 27887 28450  1  0 97  2  0	
 0  1      0 69388024   7096  71872    0    0  7728     8 28273 28843  1  0 97  2  0	
 1  0      0 69388024   7096  71872    0    0  7552     0 28853 29413  1  0 97  2  0	
 1  0      0 69388024   7096  71872    0    0  7440     0 27457 28038  0  0 97  2  0	
 2  0      0 69388024   7104  71864    0    0  7184    24 28626 29142  1  0 97  2  0	
 1  0      0 69388024   7104  71864    0    0  7424     0 27247 27791  1  0 97  2  0	
 1  0      0 69388024   7104  71872    0    0  7840     4 28170 28749  1  0 97  2  0	
 2  0      0 69388024   7104  71872    0    0  7408     0 27295 27838  0  0 97  2  0	
 1  0      0 69388024   7104  71872    0    0  7472     0 27962 28528  0  0 97  2  0	
 0  1      0 69388024   7112  71868    0    0  7072    12 28169 28695  0  0 98  2  0	
 0  1      0 69388024   7112  71868    0    0  7408     0 27936 28494  0  0 97  2  0	
 2  0      0 69388024   7112  71868    0    0  7696     0 27609 28180  1  0 97  2  0	
 1  0      0 69388024   7112  71868    0    0  7408     0 28111 28643  0  0 97  2  0	
 0  1      0 69388024   7112  71868    0    0  7472     0 28543 29077  1  0 97  2  0	
 0  1      0 69388024   7112  71876    0    0  7632     0 28578 29166  0  0 97  2  0	
 0  1      0 69388024   7120  71876    0    0  7920    12 27265 27884  1  0 97  2  0	
 0  1      0 69388024   7120  71876    0    0  7440     0 28347 28892  0  0 97  2  0	
procs -----------memory---------- ---swap-- -----io---- --system-- -----cpu-----
 r  b   swpd   free   buff  cache   si   so    bi    bo   in   cs us sy id wa st
 2  0      0 69388024   7120  71876    0    0  7568     0 27848 28409  1  0 97  2  0	
 0  1      0 69388024   7120  71876    0    0  7680     0 28549 29089  1  0 97  2  0	
 2  0      0 69388024   7120  71876    0    0  7536     0 28304 28885  0  0 97  2  0	
 1  0      0 69388024   7128  71868    0    0  7600    12 27503 28070  1  0 97  2  0	
 0  1      0 69388024   7128  71868    0    0  7440     8 28072 28603  1  0 97  2  0	
 1  0      0 69388024   7128  71876    0    0  7520     0 28155 28759  0  0 97  2  0	
 1  0      0 69388024   7128  71876    0    0  7872     0 27867 28456  1  0 97  2  0	
 1  0      0 69388024   7128  71876    0    0  7056     0 28239 28757  1  0 97  2  0	
 0  1      0 69388024   7128  71876    0    0  6992     0 28532 29043  1  0 97  2  0	
 1  0      0 69388024   7136  71868    0    0  7488    48 28664 29224  0  0 97  2  0	
 1  0      0 69388024   7136  71868    0    0  7568     0 28119 28670  1  0 97  2  0	
 1  0      0 69388024   7136  71868    0    0  7824     0 28293 28852  1  0 97  2  0	
 0  1      0 69388024   7136  71868    0    0  7056     0 27818 28349  0  0 97  2  0	
 2  0      0 69388024   7136  71876    0    0  8032     0 26997 27645  1  0 97  2  0	
 1  0      0 69388024   7144  71872    0    0  8000    32 26935 27585  0  0 97  2  0	
 0  1      0 69388024   7144  71876    0    0  7728     0 27842 28398  1  0 97  2  0	
 1  0      0 69388024   7144  71876    0    0  7376     0 28491 29052  1  0 97  2  0	
 0  1      0 69388024   7144  71876    0    0  7536     0 28221 28756  1  0 97  2  0	
 1  0      0 69388024   7144  71876    0    0  7408     0 28685 29262  1  0 97  2  0	
 0  1      0 69388024   7144  71876    0    0  7552     0 27984 28551  1  0 97  2  0	
 2  0      0 69388024   7152  71868    0    0  7440    28 27151 27753  1  0 97  2  0	
procs -----------memory---------- ---swap-- -----io---- --system-- -----cpu-----
 r  b   swpd   free   buff  cache   si   so    bi    bo   in   cs us sy id wa st
 1  0      0 69388024   7152  71880    0    0  7456     0 29310 29954  1  0 97  2  0	
 1  0      0 69388024   7152  71880    0    0  7728     0 28809 29456  1  0 97  2  0	
 1  0      0 69388024   7152  71880    0    0  7872     0 27009 27640  1  0 97  2  0	
 1  0      0 69388024   7152  71880    0    0  7504     0 28704 29304  1  0 97  2  0	
 1  0      0 69388024   7160  71872    0    0  7312    28 29266 29848  1  0 97  2  0	
 1  0      0 69388024   7160  71872    0    0  7984     0 28063 28691  0  0 97  2  0	
 2  0      0 69388024   7160  71872    0    0  8096     0 28075 28736  1  0 97  2  0	
 0  1      0 69388024   7160  71872    0    0  8000     0 27653 28265  0  0 97  2  0	
 2  0      0 69388024   7160  71884    0    0  7472     0 27471 27572  1  0 97  2  0	
 1  0      0 69388024   7168  71884    0    0  7536    20 26860 27413  0  0 97  2  0	
 0  1      0 69388024   7168  71884    0    0  7712     0 26917 27472  1  0 97  2  0	
 1  0      0 69388024   7168  71884    0    0  7648     0 27240 27802  1  0 97  2  0	
 1  0      0 69388024   7168  71884    0    0  7728     0 28478 29062  1  0 97  2  0	
 1  0      0 69388024   7168  71884    0    0  7680     0 28214 28804  1  0 97  2  0	
 1  0      0 69388024   7168  71884    0    0  7408     0 28416 29005  1  0 97  2  0	
 1  0      0 69388024   7176  71876    0    0  7456    20 28702 29297  0  0 97  2  0	
 2  0      0 69388024   7176  71888    0    0  7024     0 28793 29344  1  0 97  2  0	
 1  0      0 69388024   7176  71888    0    0  7408     0 28689 29303  1  0 97  2  0	
 0  1      0 69388024   7176  71888    0    0  8112     0 27685 28325  1  0 97  2  0	
 1  0      0 69388024   7176  71888    0    0  7200     0 28591 29175  1  0 97  2  0	
 1  0      0 69388024   7184  71880    0    0  7584    20 28344 28952  1  0 97  2  0	
procs -----------memory---------- ---swap-- -----io---- --system-- -----cpu-----
 r  b   swpd   free   buff  cache   si   so    bi    bo   in   cs us sy id wa st
 1  0      0 69388024   7184  71880    0    0  7984     0 27712 28332  0  0 97  2  0	
 0  1      0 69388024   7184  71880    0    0  8192     0 27507 28149  1  0 97  2  0	
 1  0      0 69388024   7184  71880    0    0  7584     0 28705 29299  1  0 97  2  0	
 1  0      0 69387904   7184  71892    0    0  7040    28 29704 30285  0  0 98  2  0	
 0  1      0 69387904   7184  71892    0    0  7456     0 28502 29095  1  0 97  2  0	
 0  1      0 69387904   7192  71892    0    0  7648    20 28594 29219  0  0 97  2  0	
 1  0      0 69387904   7192  71892    0    0  7392     0 27781 28364  1  0 97  2  0	
 1  0      0 69387904   7192  71892    0    0  7744     0 28401 29007  1  0 97  2  0	
 0  1      0 69387904   7192  71892    0    0  7776     8 27032 27652  1  0 97  2  0	
 0  1      0 69387904   7192  71892    0    0  7840     0 26768 27412  0  0 97  2  0	
 0  1      0 69387904   7200  71884    0    0  7568    32 28334 28926  1  0 97  2  0	
 1  0      0 69387904   7200  71892    0    0  7680     0 28582 29210  1  0 97  2  0	
 0  1      0 69387904   7200  71892    0    0  8000     0 27936 28520  1  0 97  2  0	
 1  0      0 69387904   7200  71892    0    0  7968     4 27841 28468  0  0 97  2  0	
 1  0      0 69387904   7200  71892    0    0  7712     0 28430 29030  1  0 97  2  0	
 2  0      0 69387904   7208  71884    0    0  7632    12 28058 28666  0  0 97  2  0	
 0  1      0 69387904   7208  71884    0    0  6880     0 28867 29380  1  0 97  2  0	
 1  0      0 69387904   7208  71884    0    0  6768     0 28955 29547  0  0 97  2  0	
 1  0      0 69387904   7208  71884    0    0  7360     0 28254 28838  0  0 97  2  0	
 0  1      0 69387904   7208  71892    0    0  7984    16 27492 28095  1  0 97  2  0	
 1  0      0 69387904   7208  71892    0    0  7392     0 28751 29357  1  0 97  2  0	
procs -----------memory---------- ---swap-- -----io---- --system-- -----cpu-----
 r  b   swpd   free   buff  cache   si   so    bi    bo   in   cs us sy id wa st
 1  0      0 69387904   7216  71892    0    0  7488    40 28423 29027  0  0 97  2  0	
 0  1      0 69387904   7216  71892    0    0  7760     0 28658 29253  1  0 97  2  0	
 1  0      0 69387904   7216  71892    0    0  8128     0 27231 27862  0  0 97  2  0	
 1  0      0 69387904   7216  71892    0    0  7840     0 27422 28058  0  0 97  2  0	
 1  0      0 69387904   7216  71892    0    0  7104     0 28136 28706  0  0 97  2  0	
 1  0      0 69387904   7224  71884    0    0  7424    12 28651 29252  1  0 97  2  0	
 1  0      0 69387904   7224  71900    0    0  7440     0 27766 28378  1  0 97  2  0	
 2  0      0 69387904   7224  71900    0    0  7968     0 27974 28601  1  0 97  2  0	
 0  1      0 69387904   7224  71900    0    0  7360     0 28460 29049  0  0 97  2  0	
 0  1      0 69387904   7224  71900    0    0  8064     0 27438 28092  0  0 97  2  0	
 1  0      0 69387904   7224  71900    0    0  7392     0 27847 28412  1  0 97  2  0	
 1  0      0 69387904   7232  71892    0    0  7824    12 28353 28972  1  0 97  2  0	
 1  0      0 69387904   7232  71892    0    0  7696     0 28016 28622  0  0 97  2  0	
 0  1      0 69387904   7232  71892    0    0  7408     0 28437 29009  1  0 97  2  0	
 2  0      0 69387904   7232  71900    0    0  7616     0 27853 28463  1  0 97  2  0	
 2  0      0 69387904   7232  71900    0    0  7552     0 28785 29381  1  0 97  2  0	
 1  0      0 69387904   7240  71900    0    0  7776    12 28637 29267  1  0 97  2  0	
 1  0      0 69387904   7240  71900    0    0  7696     0 28371 28945  1  0 97  2  0	
 1  0      0 69387904   7240  71900    0    0  7296    36 28982 29553  1  0 97  2  0	
 1  0      0 69387904   7240  71900    0    0  7584     0 27834 28437  0  0 97  2  0	
 1  0      0 69387904   7240  71900    0    0  7696     0 27649 28248  1  0 97  2  0	
procs -----------memory---------- ---swap-- -----io---- --system-- -----cpu-----
 r  b   swpd   free   buff  cache   si   so    bi    bo   in   cs us sy id wa st
 1  1      0 69387904   7240  71900    0    0  7984     8 28086 28708  1  0 97  2  0	
 2  0      0 69387904   7248  71900    0    0  7200     4 28892 29464  1  0 97  2  0	
 1  0      0 69387904   7248  71900    0    0  7504    16 28333 28931  0  0 97  2  0	
 2  0      0 69387904   7248  71900    0    0  7872     0 28182 28792  1  0 97  2  0	
 2  0      0 69387904   7248  71900    0    0  7264     0 28048 28618  1  0 97  2  0	
 0  1      0 69387904   7248  71900    0    0  7760     0 27865 28069  1  0 97  2  0	
 0  1      0 69387904   7256  71892    0    0  7024    28 28875 29230  0  0 97  2  0	
 1  0      0 69387904   7256  71892    0    0  7312     4 28240 28343  1  0 97  2  0	
 2  0      0 69387904   7256  71892    0    0  7120     0 28162 28698  1  0 97  2  0	
 1  0      0 69387904   7256  71900    0    0  7376     0 27187 27716  1  0 97  2  0	
 0  1      0 69387904   7256  71900    0    0  6832     0 27048 27537  0  0 97  2  0	
 1  0      0 69387904   7264  71900    0    0  7424    12 27344 27903  1  0 97  2  0	
 0  1      0 69387904   7264  71900    0    0  7440     0 27429 27955  0  0 97  2  0	
 1  0      0 69387904   7264  71904    0    0  8192     0 27002 27604  0  0 97  2  0	
 1  0      0 69387904   7264  71904    0    0  7728     0 27378 27936  1  0 97  2  0	
 0  1      0 69387904   7264  71904    0    0  7248     0 28065 28610  1  0 97  2  0	
 1  0      0 69387904   7264  71904    0    0  7600     0 28161 28741  0  0 97  2  0	
 1  0      0 69387904   7272  71904    0    0  8080    12 27120 27700  1  0 97  2  0	
 1  0      0 69387904   7272  71904    0    0  6720     0 28644 29172  1  0 97  2  0	
 1  0      0 69387904   7272  71904    0    0  7968     0 27076 27630  1  0 97  2  0	
 0  1      0 69387904   7272  71904    0    0  7584     0 27669 28263  1  0 97  2  0	
procs -----------memory---------- ---swap-- -----io---- --system-- -----cpu-----
 r  b   swpd   free   buff  cache   si   so    bi    bo   in   cs us sy id wa st
 0  1      0 69387904   7272  71904    0    0  7744     0 28167 28723  1  0 97  2  0	
 0  1      0 69387904   7280  71896    0    0  7632    12 27711 27799  0  0 97  2  0	
 1  0      0 69387904   7280  71896    0    0  7120     0 28022 28560  1  0 97  2  0	
 1  0      0 69387904   7280  71896    0    0  7472     0 27786 28341  0  0 97  2  0	
 0  1      0 69387904   7280  71908    0    0  7280     0 27624 28162  1  0 97  2  0	
 2  0      0 69387904   7280  71908    0    0  7792     0 26976 27551  0  0 97  2  0	
 1  0      0 69387904   7280  71908    0    0  7936     0 27652 28251  1  0 97  2  0	
 0  1      0 69387904   7288  71900    0    0  7440    12 27680 28231  0  0 97  2  0	
 1  0      0 69387904   7288  71900    0    0  7456     0 27695 28293  1  0 97  2  0	
 1  0      0 69387904   7288  71900    0    0  7440     0 28224 28764  1  0 97  2  0	
 1  0      0 69387904   7288  71900    0    0  7280     0 28902 29426  0  0 97  2  0	
 1  0      0 69387904   7288  71900    0    0  7520     0 26805 27357  0  0 97  2  0	
 1  0      0 69387904   7296  71908    0    0  7312    48 28173 28770  1  0 97  2  0	
 1  0      0 69387904   7296  71908    0    0  7056     0 27915 28502  0  0 97  2  0	
 1  0      0 69387904   7296  71908    0    0  7728     0 28832 29479  1  0 97  2  0	
 0  1      0 69387904   7296  71908    0    0  7440     0 29049 29646  1  0 97  2  0	
 1  0      0 69387904   7296  71908    0    0  8080     0 28060 28705  1  0 97  2  0	
 1  0      0 69387904   7296  71908    0    0  7280    20 28146 28757  0  0 97  2  0	
 1  0      0 69387904   7304  71900    0    0  7840    12 28465 29076  0  0 97  2  0	
 0  1      0 69387904   7304  71900    0    0  7536     0 27976 28603  1  0 97  2  0	
 1  0      0 69387904   7304  71916    0    0  7680     0 27911 28538  1  0 97  2  0	
procs -----------memory---------- ---swap-- -----io---- --system-- -----cpu-----
 r  b   swpd   free   buff  cache   si   so    bi    bo   in   cs us sy id wa st
 1  0      0 69387904   7304  71916    0    0  7328     0 29120 29742  1  0 97  2  0	
 0  1      0 69387904   7304  71916    0    0  7792     0 28282 28908  1  0 97  2  0	
 0  1      0 69387904   7312  71916    0    0  7088    12 28329 28945  0  0 97  2  0	
 2  0      0 69387904   7312  71916    0    0  7760     0 28092 28740  0  0 97  2  0	
 1  0      0 69387904   7312  71916    0    0  7584     0 28882 29470  1  0 97  2  0	
 1  0      0 69387904   7312  71916    0    0  7712     0 28922 29552  1  0 97  2  0	
 0  1      0 69387904   7312  71916    0    0  7760     0 28343 28972  0  0 97  2  0	
 1  0      0 69387904   7312  71920    0    0  7600     0 28542 29150  1  0 97  2  0	
 0  1      0 69387904   7320  71912    0    0  7744    12 28808 29331  1  0 97  2  0	
 1  0      0 69387904   7320  71912    0    0  7584     0 28435 29046  1  0 97  2  0	
 1  0      0 69387904   7320  71912    0    0  7424     0 28771 29350  1  0 97  2  0	
 2  0      0 69387904   7320  71912    0    0  8128     0 28415 29046  0  0 97  2  0	
 1  0      0 69387904   7320  71912    0    0  8000     0 28063 28698  0  0 97  2  0	
 2  0      0 69387904   7328  71904    0    0  7440    20 29165 29774  1  0 97  2  0	
 0  1      0 69387904   7328  71904    0    0  7472     0 27917 28510  1  0 97  2  0	
 0  1      0 69387776   7328  71920    0    0  7968     0 27737 28366  1  0 97  2  0	
 1  0      0 69387776   7328  71920    0    0  7584     0 27288 27925  1  0 97  2  0	
 1  0      0 69387776   7328  71920    0    0  7504     0 28008 28600  1  0 97  2  0	
 2  0      0 69387776   7328  71920    0    0  7984     0 27832 28440  1  0 97  2  0	
 2  0      0 69387776   7336  71916    0    0  7472    12 28958 29569  1  0 97  2  0	
 1  0      0 69387776   7336  71916    0    0  7552     0 28894 29494  1  0 97  2  0	
procs -----------memory---------- ---swap-- -----io---- --system-- -----cpu-----
 r  b   swpd   free   buff  cache   si   so    bi    bo   in   cs us sy id wa st
 1  0      0 69387776   7336  71916    0    0  7312     0 28518 29096  1  0 97  2  0	
 1  0      0 69387776   7336  71916    0    0  7712    12 27184 27787  1  0 97  2  0	
 1  0      0 69387776   7336  71924    0    0  7680     0 28092 28732  1  0 97  2  0	
 1  0      0 69387776   7344  71924    0    0  7840    24 27981 28618  0  0 97  2  0	
 1  0      0 69387776   7344  71924    0    0  7792     0 28899 29548  1  0 97  2  0	
 1  0      0 69387776   7344  71924    0    0  7280     0 28414 28997  0  0 97  2  0	
 1  0      0 69387776   7344  71924    0    0  7744    20 28363 28977  1  0 97  2  0	
 2  0      0 69387776   7344  71924    0    0  7744     0 28802 29421  0  0 97  2  0	
 1  0      0 69387776   7344  71924    0    0  7632     0 28408 29013  1  0 97  2  0	
 1  0      0 69387776   7352  71920    0    0  7616    12 27941 28580  1  0 97  2  0	
 0  1      0 69387776   7352  71920    0    0  7280     0 29187 29749  0  0 97  2  0	
 1  0      0 69387776   7352  71920    0    0  7392     0 29025 29661  0  0 98  2  0	
 1  0      0 69387776   7352  71920    0    0  7312     0 28743 29342  1  0 97  2  0	
 0  1      0 69387776   7352  71920    0    0  7952     0 28314 28941  1  0 97  2  0	
 0  1      0 69387776   7360  71912    0    0  7968    12 28013 28655  1  0 97  2  0	
 2  0      0 69387776   7360  71912    0    0  7632     0 28147 28767  1  0 97  2  0	
 2  0      0 69387776   7360  71912    0    0  7824     0 26796 27457  0  0 97  2  0	
 0  1      0 69387776   7360  71912    0    0  7328     0 27373 27967  0  0 97  2  0	
 0  1      0 69387776   7360  71924    0    0  7248     0 28789 29390  0  0 97  2  0	
 1  0      0 69387776   7360  71924    0    0  7344     0 28405 29058  1  0 97  2  0	
 1  0      0 69387776   7368  71920    0    0  7408    12 27964 28570  0  0 97  2  0	
procs -----------memory---------- ---swap-- -----io---- --system-- -----cpu-----
 r  b   swpd   free   buff  cache   si   so    bi    bo   in   cs us sy id wa st
 1  0      0 69387776   7368  71920    0    0  7568     8 28391 29008  1  0 97  2  0	
 2  0      0 69387776   7368  71920    0    0  8032     0 27642 28324  1  0 97  2  0	
 2  0      0 69387776   7368  71920    0    0  7424     0 28690 29289  0  0 97  2  0	
 1  0      0 69387776   7368  71920    0    0  7952     0 27558 28195  1  0 97  2  0	
 1  0      0 69387776   7376  71912    0    0  7920    16 27259 27908  1  0 97  2  0	
 0  1      0 69387776   7376  71928    0    0  7536     0 28289 28893  0  0 97  2  0	
 1  0      0 69387776   7376  71928    0    0  7504     0 28473 29131  0  0 97  2  0	
 0  1      0 69387776   7376  71928    0    0  7936     0 27203 27819  1  0 97  2  0	
 1  0      0 69387776   7376  71928    0    0  7792     0 28770 29394  1  0 97  2  0	
 0  1      0 69387776   7376  71928    0    0  7888     0 27923 28544  0  0 97  2  0	
 1  0      0 69387776   7384  71928    0    0  7584    20 28661 29280  1  0 97  2  0	
 1  0      0 69387776   7384  71928    0    0  7328     0 28334 28958  1  0 97  2  0	
 0  1      0 69387776   7384  71928    0    0  7424     0 29247 29839  1  0 97  2  0	
 0  1      0 69387776   7384  71928    0    0  7504     0 28421 29044  1  0 97  2  0	
 0  1      0 69387776   7384  71928    0    0  7824     0 27728 28412  0  0 97  2  0	
 1  0      0 69387776   7392  71928    0    0  7616    32 28973 29589  0  0 97  2  0	
 0  1      0 69387776   7392  71928    0    0  7616     0 28387 29000  0  0 97  2  0	
 1  1      0 69387776   7392  71928    0    0  7264     0 28094 28656  1  0 97  2  0	
 1  0      0 69387776   7392  71928    0    0  7984     0 28330 28941  1  0 97  2  0	
 1  0      0 69387776   7392  71928    0    0  7968     0 28526 29194  0  0 97  2  0	
 0  1      0 69387776   7392  71928    0    0  7616    12 27569 28159  1  0 97  2  0	
procs -----------memory---------- ---swap-- -----io---- --system-- -----cpu-----
 r  b   swpd   free   buff  cache   si   so    bi    bo   in   cs us sy id wa st
 1  0      0 69387776   7400  71920    0    0  7744    24 27942 28619  1  0 97  2  0	
 0  1      0 69387776   7400  71920    0    0  7024     0 29305 29937  0  0 97  2  0	
 1  0      0 69387776   7400  71920    0    0  7472     0 28580 29205  1  0 97  2  0	
 0  1      0 69387776   7400  71920    0    0  7104     0 28825 28969  1  0 97  2  0	
 0  1      0 69387776   7400  71920    0    0  7296     0 28633 28706  0  0 97  2  0	
 0  1      0 69387776   7408  71912    0    0  7440    12 26919 27112  0  0 97  2  0	
 1  0      0 69387776   7408  71912    0    0  7728     0 27181 27763  1  0 97  2  0	
 2  0      0 69387776   7408  71912    0    0  7472     0 27766 28314  1  0 97  2  0	
 0  1      0 69387776   7408  71932    0    0  7296     0 28759 29300  0  0 97  2  0	
 2  0      0 69387776   7408  71932    0    0  7440     0 28014 28613  0  0 97  2  0	
 1  0      0 69387776   7408  71932    0    0  7632     0 27454 28024  0  0 97  2  0	
 0  1      0 69387776   7416  71932    0    0  7424    12 28674 29277  1  0 97  2  0	
 1  0      0 69387776   7416  71932    0    0  7392     0 28859 29479  1  0 97  2  0	
 1  0      0 69387776   7416  71932    0    0  7344     0 27894 28479  0  0 97  2  0	
 1  0      0 69387776   7416  71936    0    0  8064     0 28162 28838  1  0 97  2  0	
 0  1      0 69387776   7416  71936    0    0  8112     4 28412 29041  0  0 97  2  0	
 1  0      0 69387776   7424  71936    0    0  7136    12 28928 29515  1  0 97  2  0	
 2  0      0 69387776   7424  71936    0    0  7936     0 27944 28569  1  0 97  2  0	
 1  0      0 69387776   7424  71936    0    0  7776     0 28414 29039  1  0 97  2  0	
 1  0      0 69387776   7424  71936    0    0  7920     0 28323 28942  0  0 97  2  0	
 1  0      0 69387776   7424  71936    0    0  7392     0 28640 29040  0  0 97  2  0	
procs -----------memory---------- ---swap-- -----io---- --system-- -----cpu-----
 r  b   swpd   free   buff  cache   si   so    bi    bo   in   cs us sy id wa st
 0  2      0 69387776   7424  71936    0    0  7760     8 29039 28656  1  0 97  2  0	
 0  1      0 69387776   7432  71928    0    0  8240     4 28240 27820  0  0 97  2  0	
 1  0      0 69387776   7432  71928    0    0  7616     0 28494 28165  0  0 97  2  0	
 2  0      0 69387776   7432  71936    0    0  7248     0 29007 28678  1  0 97  2  0	
 0  1      0 69387776   7432  71936    0    0  7920    16 28561 28189  0  0 97  2  0	
 1  0      0 69387776   7432  71936    0    0  7504     0 29115 29611  0  0 98  2  0	
 0  1      0 69387776   7440  71928    0    0  7392    32 28193 28786  1  0 97  2  0	
 1  0      0 69387776   7440  71928    0    0  7632     0 28688 29299  1  0 97  2  0	
 1  0      0 69387776   7440  71928    0    0  7344     0 28114 28698  1  0 97  2  0	
 1  0      0 69387776   7440  71928    0    0  7552    24 28167 28786  1  0 97  2  0	
 1  0      0 69387776   7440  71928    0    0  7696     0 28623 29226  1  0 97  2  0	
 1  0      0 69387776   7448  71936    0    0  7456    12 27714 28307  1  0 97  2  0	
 2  0      0 69387776   7448  71936    0    0  7456     0 27944 28551  1  0 97  2  0	
 0  1      0 69387776   7448  71936    0    0  7504     0 28662 29233  1  0 97  2  0	
 1  0      0 69387776   7448  71936    0    0  7472     0 27797 28397  1  0 97  2  0	
 1  0      0 69387776   7448  71936    0    0  7104     0 28893 29461  0  0 97  2  0	
 0  1      0 69387776   7448  71936    0    0  7456     0 29460 30013  0  0 98  2  0	
 0  1      0 69387776   7456  71936    0    0  7248    12 28196 28788  0  0 97  2  0	
 1  0      0 69387776   7456  71936    0    0  7408     0 28343 28952  0  0 97  2  0	
 1  0      0 69387776   7456  71936    0    0  7200     0 27011 27587  1  0 97  2  0	
 0  1      0 69387776   7456  71936    0    0  7088     0 28442 29001  0  0 97  2  0	
procs -----------memory---------- ---swap-- -----io---- --system-- -----cpu-----
 r  b   swpd   free   buff  cache   si   so    bi    bo   in   cs us sy id wa st
 1  0      0 69387776   7456  71936    0    0  7568     0 27212 27827  1  0 97  2  0	
 1  0      0 69387776   7464  71928    0    0  7344    12 28406 28976  0  0 97  2  0	
 0  1      0 69387776   7464  71928    0    0  7904     0 28614 29218  0  0 97  2  0	
 1  0      0 69387776   7464  71936    0    0  7872     0 27960 28593  0  0 97  2  0	
 1  0      0 69387776   7464  71936    0    0  7456     0 28394 28979  1  0 97  2  0	
 1  0      0 69387776   7464  71936    0    0  7536     0 27483 28109  1  0 97  2  0	
 1  0      0 69387776   7464  71940    0    0  7664     0 27174 27782  0  0 97  2  0	
 1  0      0 69387776   7472  71932    0    0  7152    12 28147 28740  1  0 97  2  0	
 2  0      0 69387776   7472  71944    0    0  6912     0 29033 29601  1  0 97  2  0	
 2  0      0 69387776   7472  71944    0    0  8352     0 27607 28227  0  0 97  2  0	
 2  0      0 69387776   7472  71944    0    0  7312     0 27775 28357  1  0 97  2  0	
 1  0      0 69387776   7472  71944    0    0  7152     0 26879 27475  0  0 97  2  0	
 1  0      0 69387776   7480  71936    0    0  6848    12 29133 29689  0  0 97  2  0	
 1  0      0 69387776   7480  71944    0    0  7696     0 27793 28388  0  0 97  2  0	
 1  1      0 69387776   7480  71944    0    0  7760    16 27692 28311  0  0 97  2  0	
 1  0      0 69387776   7480  71952    0    0  7696     0 26674 27276  1  0 97  2  0	
 1  0      0 69387776   7480  71952    0    0  7712     0 27846 28428  1  0 97  2  0	
 1  0      0 69387776   7480  71952    0    0  7712     0 27838 28462  1  0 97  2  0	
 1  0      0 69387776   7488  71944    0    0  7856    28 27271 27913  1  0 97  2  0	
 1  0      0 69387776   7488  71952    0    0  7696     0 27538 28162  0  0 97  2  0	
 1  0      0 69387776   7488  71952    0    0  7648     0 27341 27943  0  0 97  2  0	
procs -----------memory---------- ---swap-- -----io---- --system-- -----cpu-----
 r  b   swpd   free   buff  cache   si   so    bi    bo   in   cs us sy id wa st
 1  0      0 69387776   7488  71952    0    0  7552     0 27302 27919  1  0 97  2  0	
 0  1      0 69387776   7488  71952    0    0  8272     0 26916 27521  1  0 97  2  0	
 0  1      0 69387776   7496  71944    0    0  7568    12 27991 28596  0  0 97  2  0	
 0  1      0 69387648   7496  71952    0    0  7808    16 26889 27499  1  0 97  2  0	
 1  0      0 69387648   7496  71952    0    0  7680     0 27756 28377  0  0 97  2  0	
 1  0      0 69387648   7496  71952    0    0  7360     0 28193 28758  1  0 97  2  0	
 1  0      0 69387648   7496  71952    0    0  7344     0 27434 28018  1  0 97  2  0	
 1  0      0 69387648   7496  71952    0    0  7488     0 27853 28456  1  0 97  2  0	
 1  0      0 69387648   7504  71944    0    0  7648    12 28139 28731  1  0 97  2  0	
 1  0      0 69387648   7504  71952    0    0  7776     0 27996 28626  1  0 97  2  0	
 1  0      0 69387648   7504  71952    0    0  7696     0 27771 28385  0  0 97  2  0	
 1  0      0 69387648   7504  71952    0    0  6944     0 28741 29314  1  0 97  2  0	
 1  0      0 69387648   7504  71952    0    0  8080     0 27813 28454  0  0 97  2  0	
 1  0      0 69387648   7512  71952    0    0  7472    12 27615 28224  0  0 97  2  0	
 0  1      0 69387648   7512  71952    0    0  8000     0 28168 28789  1  0 97  2  0	
 1  0      0 69387648   7512  71952    0    0  7728     0 28416 29025  1  0 97  2  0	
 1  0      0 69387648   7512  71952    0    0  7152     0 28879 29476  1  0 97  2  0	
 1  0      0 69387648   7512  71952    0    0  7200     0 29648 29746  1  0 97  2  0	
 0  1      0 69387648   7512  71952    0    0  7824     0 27828 28423  1  0 97  2  0	
 0  1      0 69387528   7520  71952    0    0  7888    12 28588 29217  1  0 97  2  0	
 0  1      0 69387528   7520  71952    0    0  7552     0 27596 28242  0  0 97  2  0	
procs -----------memory---------- ---swap-- -----io---- --system-- -----cpu-----
 r  b   swpd   free   buff  cache   si   so    bi    bo   in   cs us sy id wa st
 1  0      0 69387528   7520  71952    0    0  7488     0 28889 29475  1  0 97  2  0	
 1  0      0 69387528   7520  71952    0    0  7424     0 28517 29092  1  0 97  2  0	
 1  0      0 69387528   7520  71956    0    0  7296     8 28570 29162  0  0 97  2  0	
 1  0      0 69387528   7528  71948    0    0  7872    32 27930 28549  1  0 97  2  0	
 1  0      0 69387528   7528  71948    0    0  7376     0 29056 29652  1  0 97  2  0	
 0  1      0 69387528   7528  71948    0    0  7856     0 28094 28674  0  0 97  2  0	
 1  0      0 69387528   7528  71948    0    0  7600     0 28010 28609  1  0 97  2  0	
 0  1      0 69387528   7528  71948    0    0  7440     0 28334 28889  1  0 97  2  0	
 0  1      0 69387528   7528  71948    0    0  7456     8 28332 28918  1  0 97  2  0	
 1  0      0 69387528   7536  71940    0    0  7456    24 27522 28128  1  0 97  2  0	
 1  0      0 69387528   7536  71940    0    0  7520     0 28498 29100  1  0 97  2  0	
 1  0      0 69387528   7536  71940    0    0  7952     0 27389 27986  0  0 97  2  0	
 1  0      0 69387528   7536  71960    0    0  7680     0 28307 28877  0  0 97  2  0	
 1  0      0 69387528   7536  71960    0    0  7536     0 28431 28986  1  0 97  2  0	
 0  1      0 69387528   7544  71960    0    0  8176    12 27619 28219  1  0 97  2  0	
 1  0      0 69387528   7544  71960    0    0  8256     0 27292 27927  0  0 97  2  0	
 1  0      0 69387528   7544  71960    0    0  7504     0 29478 29630  1  0 97  2  0	
 1  0      0 69387528   7544  71960    0    0  7536     0 29759 29365  1  0 97  2  0	
 1  0      0 69387528   7544  71960    0    0  7760    24 29247 28834  0  0 97  2  0	
 1  0      0 69387528   7544  71960    0    0  7472     0 29146 28766  1  0 97  2  0	
 1  0      0 69387528   7552  71960    0    0  7248    12 29623 29452  1  0 97  2  0	
procs -----------memory---------- ---swap-- -----io---- --system-- -----cpu-----
 r  b   swpd   free   buff  cache   si   so    bi    bo   in   cs us sy id wa st
 1  0      0 69387528   7552  71960    0    0  7968     0 28943 28542  1  0 97  2  0	
 1  0      0 69387528   7552  71960    0    0  7536     0 28429 29013  1  0 97  2  0	
 0  1      0 69387528   7552  71960    0    0  7856     0 27691 28273  0  0 97  2  0	
 1  0      0 69387528   7552  71960    0    0  6976     0 28823 29298  1  0 97  2  0	
 1  0      0 69387528   7560  71952    0    0  7376    16 28169 28739  1  0 97  2  0	
 0  1      0 69387528   7560  71952    0    0  7664     0 28727 29330  1  0 97  2  0	
 0  1      0 69387528   7560  71952    0    0  7888     0 28807 29292  1  0 97  2  0	
 0  1      0 69387528   7560  71960    0    0  7968     4 27456 28124  0  0 97  2  0	
 0  1      0 69387528   7560  71960    0    0  7712     0 27361 28001  0  0 97  2  0	
 1  0      0 69387528   7560  71960    0    0  7936     0 28271 28915  1  0 97  2  0	
 2  0      0 69387528   7568  71960    0    0  7248    12 28437 29019  0  0 97  2  0	
 1  0      0 69387528   7568  71960    0    0  7664     0 28617 29254  1  1 97  2  0	
 0  1      0 69387528   7568  71960    0    0  8128     8 27837 28475  1  0 97  2  0	
 0  1      0 69387528   7568  71960    0    0  7424     0 28864 29463  1  0 97  2  0	
 0  1      0 69387528   7568  71960    0    0  8000     0 27954 28584  1  0 97  2  0	
 1  0      0 69387528   7576  71964    0    0  7808    12 28136 28771  1  0 97  2  0	
 1  0      0 69387528   7576  71964    0    0  7888     0 28004 28660  1  0 97  2  0	
 0  1      0 69387528   7576  71964    0    0  7680     0 28802 29426  0  0 97  2  0	
 0  0      0 69387528   7576  71964    0    0  7824     0 27753 28398  1  0 97  2  0	
 1  0      0 69387528   7576  71964    0    0  7504     0 27269 27880  1  0 97  2  0	
 1  0      0 69387528   7576  71964    0    0  7504     0 27774 28378  1  0 97  2  0	
procs -----------memory---------- ---swap-- -----io---- --system-- -----cpu-----
 r  b   swpd   free   buff  cache   si   so    bi    bo   in   cs us sy id wa st
 1  0      0 69387528   7584  71964    0    0  7664    12 27754 28375  1  0 97  2  0	
 1  0      0 69387528   7584  71964    0    0  7968     4 28036 28676  1  0 97  2  0	
 0  1      0 69387528   7584  71964    0    0  7648     0 28660 29267  1  0 97  2  0	
 1  0      0 69387528   7584  71964    0    0  7760     0 28032 28714  1  0 97  2  0	
 1  0      0 69387528   7584  71964    0    0  7120     0 28421 29036  1  0 97  2  0	
 0  1      0 69387528   7592  71956    0    0  8000    12 27081 27717  1  0 97  2  0	
 1  0      0 69387528   7592  71964    0    0  7600     0 27913 28521  1  0 97  2  0	
 1  0      0 69387528   7592  71964    0    0  7328     0 28447 29050  0  0 97  2  0	
 1  0      0 69387528   7592  71964    0    0  7760     0 28637 29252  1  0 97  2  0	
 0  1      0 69387528   7592  71968    0    0  7680     0 28519 29114  0  0 97  2  0	
 1  0      0 69387528   7592  71968    0    0  7552     0 28527 29137  0  0 97  2  0	
 0  1      0 69387528   7600  71964    0    0  7552    12 28975 29626  1  0 97  2  0	
 1  0      0 69387528   7600  71968    0    0  7120     8 29432 30024  1  0 97  2  0	
 2  0      0 69387528   7600  71968    0    0  7408     0 28911 29511  1  0 97  2  0	
 1  0      0 69387528   7600  71968    0    0  7888     0 28366 29020  1  0 97  2  0	
 0  1      0 69387528   7600  71968    0    0  7456     0 28873 29027  1  0 97  2  0	
 1  1      0 69387528   7608  71968    0    0  7552    12 28927 29439  0  0 97  2  0	
 0  1      0 69387528   7608  71968    0    0  8000     0 27977 28614  0  0 97  2  0	
 1  0      0 69387528   7608  71968    0    0  7472     0 28984 29620  1  0 97  2  0	
 1  0      0 69387528   7608  71968    0    0  7648     0 27446 28088  0  0 97  2  0	
 1  0      0 69387528   7608  71968    0    0  7616     0 27521 28135  1  0 97  2  0	
procs -----------memory---------- ---swap-- -----io---- --system-- -----cpu-----
 r  b   swpd   free   buff  cache   si   so    bi    bo   in   cs us sy id wa st
 0  2      0 69387528   7608  71968    0    0  7488     8 28547 29106  1  0 97  2  0	
 0  1      0 69387528   7616  71968    0    0  8016     4 27705 28323  1  0 97  2  0	
 1  0      0 69387528   7616  71968    0    0  7488     0 27983 28602  0  0 97  2  0	
 2  0      0 69387528   7616  71968    0    0  7280     0 29243 29858  0  0 97  2  0	
 2  0      0 69387528   7616  71968    0    0  7872     0 28406 29026  1  0 97  2  0	
 0  1      0 69387528   7616  71968    0    0  7536     0 28686 29291  1  0 97  2  0	
 1  0      0 69387528   7624  71960    0    0  7728    20 27662 28306  1  0 97  2  0	
 1  0      0 69387528   7624  71972    0    0  7424     0 28654 29274  1  0 97  2  0	
 0  1      0 69387528   7624  71972    0    0  7520     0 28194 28799  1  0 97  2  0	
 2  0      0 69387528   7624  71972    0    0  7808     0 28045 28679  0  0 97  2  0	
 0  1      0 69387528   7624  71972    0    0  7184     0 27873 28465  1  0 97  2  0	
 1  0      0 69387528   7632  71972    0    0  7648    32 27926 28531  1  0 97  2  0	
 0  1      0 69387528   7632  71972    0    0  7984     0 28631 29246  0  0 97  2  0	
 1  0      0 69387528   7632  71972    0    0  7040     0 28811 29425  0  0 97  2  0	
 0  1      0 69387528   7632  71972    0    0  7712     0 27915 28524  0  0 97  2  0	
 1  0      0 69387528   7632  71972    0    0  7488     0 28196 28901  1  0 97  2  0	
 1  0      0 69387528   7632  71972    0    0  7728     0 26971 27573  1  0 97  2  0	
 1  0      0 69387528   7640  71972    0    0  7792    24 27201 27840  1  0 97  2  0	
 1  0      0 69387528   7640  71972    0    0  7408     0 27916 28509  1  0 97  2  0	
 2  0      0 69387528   7640  71972    0    0  7328     0 28873 29471  1  0 97  2  0	
 1  0      0 69387528   7640  71972    0    0  7312     0 28539 29157  1  0 97  2  0	
procs -----------memory---------- ---swap-- -----io---- --system-- -----cpu-----
 r  b   swpd   free   buff  cache   si   so    bi    bo   in   cs us sy id wa st
 0  1      0 69387528   7640  71972    0    0  7760     0 28298 28916  1  0 97  2  0	
 1  0      0 69387528   7648  71964    0    0  7584    12 28795 29438  1  0 97  2  0	
 0  1      0 69387408   7648  71972    0    0  7280     0 28234 28834  1  0 97  2  0	
 2  0      0 69387408   7648  71972    0    0  7936     0 27903 28548  1  0 97  2  0	
 1  1      0 69387408   7648  71972    0    0  7680     0 28302 28952  1  0 97  2  0	
 0  1      0 69387408   7648  71972    0    0  7248    16 27738 28334  1  0 97  2  0	
 1  0      0 69387408   7648  71972    0    0  7984     0 28028 28665  1  0 97  2  0	
 1  0      0 69387408   7656  71968    0    0  7184    12 29161 29774  1  0 97  2  0	
 0  1      0 69387408   7656  71972    0    0  8000     0 27536 28165  1  0 97  2  0	
 1  0      0 69387408   7656  71972    0    0  8064     0 27612 28255  0  0 97  2  0	
 0  1      0 69387408   7656  71972    0    0  7840     0 28492 29168  1  0 97  2  0	
 1  0      0 69387408   7656  71976    0    0  7328     0 28796 29416  1  0 97  2  0	
 1  0      0 69387408   7664  71968    0    0  7552    12 28092 28700  0  0 97  2  0	
 1  0      0 69387408   7664  71968    0    0  7584     0 27723 28360  1  0 97  2  0	
 2  0      0 69387408   7664  71968    0    0  7312     0 28858 29455  0  0 98  2  0	
 1  0      0 69387408   7664  71968    0    0  7376     0 28618 29202  0  0 97  2  0	
 1  0      0 69387408   7664  71976    0    0  7760     8 28969 29595  0  0 97  2  0	
 1  0      0 69387408   7664  71976    0    0  7584     0 27826 28404  1  0 97  2  0	
 1  0      0 69387408   7672  71972    0    0  7776    24 28317 28952  1  0 97  2  0	
 1  0      0 69387408   7672  71972    0    0  7776     0 27844 28464  1  0 97  2  0	
 2  0      0 69387408   7672  71972    0    0  7648     0 28079 28678  1  0 97  2  0	
procs -----------memory---------- ---swap-- -----io---- --system-- -----cpu-----
 r  b   swpd   free   buff  cache   si   so    bi    bo   in   cs us sy id wa st
 2  0      0 69387408   7672  71972    0    0  7424     8 27680 28315  0  0 97  2  0	
 0  1      0 69387408   7672  71972    0    0  7872     0 27632 28269  1  0 97  2  0	
 1  0      0 69387408   7680  71964    0    0  7712    24 28934 29553  1  0 97  2  0	
 1  0      0 69387408   7680  71980    0    0  7936     0 28320 28940  1  0 97  2  0	
 2  0      0 69387408   7680  71980    0    0  7616     0 27917 28524  1  0 97  2  0	
 1  0      0 69387408   7680  71980    0    0  8096     0 28063 28736  0  0 97  2  0	
 1  0      0 69387408   7680  71980    0    0  7872     0 27372 27991  0  0 97  2  0	
 1  0      0 69387408   7680  71980    0    0  7760     0 28089 28703  1  0 97  2  0	
 1  0      0 69387408   7688  71972    0    0  7968    12 28123 28758  0  0 97  2  0	
 1  0      0 69387408   7688  71972    0    0  7728     0 28783 29402  1  0 97  2  0	
 1  0      0 69387408   7688  71972    0    0  7840     0 27488 28134  1  0 97  2  0	
 1  0      0 69387408   7688  71980    0    0  7344     0 28038 28643  1  0 97  2  0	
 0  1      0 69387408   7688  71980    0    0  7376     0 28257 28842  1  0 97  2  0	
 1  0      0 69387408   7696  71972    0    0  7456    12 28678 29335  1  0 97  2  0	
 1  0      0 69387408   7696  71972    0    0  7584     0 27933 28555  0  0 97  2  0	
 1  0      0 69387408   7696  71972    0    0  7712     0 27839 28460  1  0 97  2  0	
 1  0      0 69387408   7696  71972    0    0  7296     0 27401 27968  1  0 97  2  0	
 1  0      0 69387408   7696  71972    0    0  7504     0 27521 28061  1  0 97  2  0	
 1  0      0 69387408   7696  71972    0    0  8176     0 26791 27434  0  0 97  2  0	
 1  0      0 69387408   7704  71980    0    0  7456    12 28049 28607  1  0 97  2  0	
 1  0      0 69387408   7704  71980    0    0  7872    16 26609 27184  1  0 97  2  0	
procs -----------memory---------- ---swap-- -----io---- --system-- -----cpu-----
 r  b   swpd   free   buff  cache   si   so    bi    bo   in   cs us sy id wa st
 1  1      0 69387408   7704  71980    0    0  7968     0 26746 27318  0  0 97  2  0	
 1  0      0 69387408   7704  71980    0    0  7584     0 27371 27931  1  0 97  2  0	
 2  0      0 69387408   7704  71980    0    0  7712     0 27126 27675  1  0 97  2  0	
 1  0      0 69387408   7712  71972    0    0  7680    12 27019 27596  1  0 97  2  0	
 2  0      0 69387408   7712  71972    0    0  6848     8 28476 28967  1  0 97  2  0	
 0  1      0 69387408   7712  71972    0    0  7520     0 27305 27841  1  0 97  2  0	
 1  0      0 69387408   7712  71980    0    0  7472     0 27783 28395  0  0 97  2  0	
 1  0      0 69387408   7712  71980    0    0  7392     0 27928 28502  1  0 97  2  0	
 2  0      0 69387408   7712  71980    0    0  7472     0 29003 29590  1  0 97  2  0	
 1  0      0 69387408   7720  71972    0    0  7408    28 28291 28886  1  0 97  2  0	
 1  0      0 69387408   7720  71972    0    0  7616     0 27763 28375  1  0 97  2  0	
 1  0      0 69387408   7720  71972    0    0  7872     0 26922 27561  1  0 97  2  0	
 1  0      0 69387408   7720  71972    0    0  7680     0 27997 28648  1  0 97  2  0	
 1  0      0 69387408   7720  71972    0    0  7648     0 27725 28377  1  0 97  2  0	
 1  0      0 69387408   7728  71984    0    0  7664    12 28449 29048  0  0 97  2  0	
 2  0      0 69387408   7728  71984    0    0  7728     0 27589 28149  1  0 97  2  0	
 0  1      0 69387408   7728  71984    0    0  7824     0 27873 28431  1  0 97  2  0	
 1  0      0 69387408   7728  71984    0    0  8080     0 27514 28083  1  0 97  2  0	
 1  0      0 69387408   7728  71984    0    0  7504     0 28572 29146  1  0 97  2  0	
 0  1      0 69387408   7728  71984    0    0  7456     0 28172 28759  1  0 97  2  0	
 0  1      0 69387408   7736  71976    0    0  7424    16 27242 27805  1  0 97  2  0	
procs -----------memory---------- ---swap-- -----io---- --system-- -----cpu-----
 r  b   swpd   free   buff  cache   si   so    bi    bo   in   cs us sy id wa st
 1  0      0 69387408   7736  71976    0    0  7456     0 29119 29717  1  0 97  2  0	
 0  1      0 69387408   7736  71988    0    0  7600     0 29130 29731  1  0 97  2  0	
 2  0      0 69387408   7736  71988    0    0  6816     0 28955 29543  1  1 97  2  0	
 1  0      0 69387408   7736  71988    0    0  8304     0 28160 28801  0  0 97  2  0	
 1  0      0 69387408   7744  71980    0    0  7440    12 28950 29566  1  0 97  2  0	
 0  1      0 69387408   7744  71980    0    0  7488     0 29126 29706  0  0 97  2  0	
 1  0      0 69387408   7744  71980    0    0  7232     0 29265 29904  1  0 97  2  0	
 1  0      0 69387408   7744  71980    0    0  7312     0 28623 29244  1  0 97  2  0	
 1  0      0 69387408   7744  71980    0    0  7312     0 28279 28877  1  0 97  2  0	
 1  0      0 69387408   7744  71988    0    0  8224     0 28125 28778  1  0 97  2  0	
 0  1      0 69387408   7752  71980    0    0  7488    12 28343 28929  1  0 97  2  0	
 1  0      0 69387408   7752  71980    0    0  8112     0 27809 28458  0  0 97  2  0	
 3  0      0 69387408   7752  71980    0    0  7392     0 28678 29270  1  0 97  2  0	
 1  0      0 69387408   7752  71980    0    0  7488     0 28793 29386  0  0 97  2  0	
 1  0      0 69387408   7752  71980    0    0  8032    24 27941 28616  1  0 97  2  0	
 0  1      0 69387408   7760  71988    0    0  7424    24 27340 27897  1  0 97  2  0	
 2  0      0 69387408   7760  71988    0    0  7920     0 27605 28207  1  0 97  2  0	
 0  1      0 69387408   7760  71988    0    0  7712     0 27153 27706  1  0 97  2  0	
