procs -----------memory---------- ---swap-- -----io---- --system-- -----cpu-----
 r  b   swpd   free   buff  cache   si   so    bi    bo   in   cs us sy id wa st
 1  0      0 69379104  11116  77696    0    0  1730     2   23   20 34 11 50  5  0	
15  2      0 69351216  11116  77716    0    0 73984     0 183678 274483 41 10 37  9  2	
12  4      0 69350720  11116  77716    0    0 82288     4 169792 278106 47 10 31 10  2	
13  3      0 69350720  11116  77716    0    0 83824     0 174120 276691 44 11 31 11  3	
14  3      0 69350720  11116  77716    0    0 82832     0 175123 274385 44 11 32 11  2	
15  4      0 69350720  11116  77716    0    0 80304     0 170953 274708 44 11 32 10  3	
14  2      0 69350720  11124  77716    0    0 83568    36 173340 276092 45 10 32 11  2	
13  3      0 69350720  11124  77716    0    0 81120     0 172878 275576 46 11 30 10  2	
16  4      0 69350720  11124  77716    0    0 83680     0 176009 277426 46 10 31 10  3	
14  5      0 69350720  11124  77716    0    0 79968     0 173858 276457 45 11 32 10  2	
12  4      0 69350720  11124  77716    0    0 81968     0 177181 275987 43 10 33 11  2	
13  3      0 69350720  11132  77716    0    0 82000    12 173163 276451 45 10 32 10  2	
15  1      0 69350720  11132  77716    0    0 80512     0 176287 275328 44  9 33 11  3	
17  3      0 69350720  11132  77716    0    0 81888     0 175625 276464 45 11 31 10  2	
16  2      0 69350720  11132  77716    0    0 82400     0 175525 275675 45  9 32 11  3	
16  2      0 69350720  11132  77716    0    0 82064     0 174418 274830 44 11 32 11  3	
15  4      0 69350720  11132  77716    0    0 80208     0 177854 275042 44 10 33 11  2	
14  4      0 69350720  11140  77716    0    0 79904    12 172735 271881 46 11 31 10  3	
15  2      0 69350720  11140  77716    0    0 82288     0 177236 275386 46  9 32 11  2	
12  6      0 69350720  11140  77716    0    0 81888     0 173157 275649 45 11 31 11  2	
18  1      0 69350720  11140  77716    0    0 81904     0 171714 273968 44 11 31 11  2	
procs -----------memory---------- ---swap-- -----io---- --system-- -----cpu-----
 r  b   swpd   free   buff  cache   si   so    bi    bo   in   cs us sy id wa st
15  3      0 69350720  11140  77716    0    0 82000     0 174385 276166 45 10 32 11  3	
20  1      0 69350720  11148  77716    0    0 84480    16 175195 276935 44 11 32 10  2	
14  2      0 69350720  11148  77716    0    0 82400     0 171624 277371 46 12 30 10  2	
17  1      0 69350720  11148  77716    0    0 81824     0 173105 276119 46  9 32 10  3	
18  1      0 69350720  11148  77716    0    0 82320     0 175443 275303 45  9 32 11  3	
14  3      0 69350720  11148  77716    0    0 82288     0 174108 277061 45 11 31 10  2	
20  1      0 69350720  11148  77716    0    0 83024     0 171525 276711 46 11 31 10  2	
11  5      0 69350720  11156  77716    0    0 81920    12 175841 276150 45  9 32 11  2	
16  1      0 69350720  11156  77716    0    0 81632     0 175074 274994 45 10 32 11  2	
15  4      0 69350720  11156  77716    0    0 82640     0 171163 273766 45  9 31 12  2	
14  3      0 69350720  11156  77716    0    0 82016     0 171617 277040 47 10 31 10  2	
14  2      0 69350720  11156  77716    0    0 83520     0 173252 276877 45 11 32 10  2	
13  6      0 69350720  11164  77720    0    0 83264    32 177356 276289 46 10 31 11  2	
13  4      0 69350720  11164  77720    0    0 79936     0 178001 274467 43  9 34 12  3	
13  5      0 69350720  11164  77720    0    0 83072     0 175038 274130 44 11 32 11  3	
15  4      0 69350720  11164  77720    0    0 84720     0 172923 276946 44 11 32 10  2	
13  3      0 69350720  11164  77720    0    0 82512     0 171573 275787 46 10 31 10  2	
14  3      0 69350656  11164  77720    0    0 82560    24 172793 277357 45 12 31 10  3	
14  4      0 69350656  11172  77720    0    0 83024    24 173650 276993 46 10 32 10  2	
16  2      0 69350656  11172  77720    0    0 84656     0 172487 277517 45 11 32 10  2	
12  4      0 69350656  11172  77720    0    0 84320     0 175186 276470 45 11 31 10  2	
procs -----------memory---------- ---swap-- -----io---- --system-- -----cpu-----
 r  b   swpd   free   buff  cache   si   so    bi    bo   in   cs us sy id wa st
15  3      0 69350656  11172  77720    0    0 81536     0 176160 275908 44 11 32 11  2	
13  5      0 69350656  11172  77724    0    0 80576     0 178040 276555 45 10 31 11  2	
14  2      0 69350240  11180  77724    0    0 81392    20 173029 276065 44 11 32 10  3	
11  5      0 69350240  11180  77724    0    0 83760     0 172202 272572 45 10 32 11  3	
12  6      0 69350240  11180  77724    0    0 74560     0 192688 264155 35  8 36 18  3	
17  1      0 69350240  11180  77724    0    0 75920     0 177392 259268 35  8 36 18  2	
12  6      0 69350240  11180  77724    0    0 83728     4 173692 277256 45 11 31 10  2	
19  1      0 69350240  11188  77716    0    0 82800    16 178528 276482 44  9 33 11  2	
15  3      0 69350240  11188  77724    0    0 83616     0 173611 276641 45 11 31 11  2	
15  3      0 69350240  11188  77724    0    0 82944     0 171150 277415 47 10 31 10  2	
19  2      0 69350240  11188  77724    0    0 82688     0 170120 275300 46 10 31 10  3	
17  0      0 69350240  11188  77724    0    0 78992     0 172964 274486 45 10 31 11  2	
14  2      0 69350240  11188  77724    0    0 81040     0 173639 271191 42 10 32 13  3	
19  1      0 69350240  11196  77724    0    0 81920    12 172166 276315 45 10 32 11  2	
20  1      0 69350240  11196  77724    0    0 83824     0 174688 276240 46 11 31 10  2	
15  3      0 69350240  11196  77724    0    0 82736     0 174034 277448 46 11 30 10  2	
13  4      0 69350240  11196  77724    0    0 82304     0 173932 274897 45 11 31 11  2	
12  5      0 69350240  11196  77724    0    0 83632     0 173810 276591 46 10 31 11  2	
13  4      0 69350240  11204  77724    0    0 80816    12 174327 276329 46  9 32 11  3	
12  5      0 69350240  11204  77724    0    0 84672     0 178855 276465 43 10 33 12  2	
16  3      0 69350240  11204  77724    0    0 80000     0 176499 270180 43  9 33 13  3	
procs -----------memory---------- ---swap-- -----io---- --system-- -----cpu-----
 r  b   swpd   free   buff  cache   si   so    bi    bo   in   cs us sy id wa st
16  4      0 69350240  11204  77724    0    0 80544     0 175642 272960 43 11 32 12  2	
18  2      0 69350240  11204  77724    0    0 80320    12 175891 271585 43  9 32 13  3	
16  2      0 69350240  11204  77724    0    0 80544     0 173731 272780 43 11 32 11  3	
14  4      0 69350240  11212  77724    0    0 79440    20 174412 274853 45  9 32 11  2	
10  6      0 69350240  11212  77728    0    0 80400     0 177495 275750 45 10 32 11  2	
15  3      0 69350240  11212  77728    0    0 80880     0 176933 274042 44 10 32 12  3	
13  6      0 69350240  11212  77728    0    0 81264    24 177068 275477 44 10 32 11  2	
19  2      0 69350240  11212  77728    0    0 82128     0 173751 275893 45 11 31 10  2	
16  2      0 69350240  11220  77728    0    0 81840    12 172660 276019 45 12 31 10  2	
17  4      0 69350240  11220  77728    0    0 81200     0 175376 276245 44 11 32 11  2	
14  4      0 69350240  11220  77728    0    0 83488     0 175961 276552 44 10 32 11  2	
15  3      0 69350240  11220  77728    0    0 81152     8 172566 275220 47  9 31 10  3	
14  4      0 69350240  11220  77728    0    0 80240     0 174251 272569 43 10 33 12  3	
17  3      0 69350240  11220  77728    0    0 82256     0 173981 276962 45 11 32 10  2	
14  4      0 69350240  11228  77728    0    0 81952    12 171830 268124 42 10 31 14  2	
18  2      0 69350240  11228  77728    0    0 83920     0 176708 277538 45 10 32 11  2	
14  4      0 69350240  11228  77728    0    0 82544     0 176714 275226 45 10 32 11  2	
15  3      0 69350240  11228  77728    0    0 82816     0 176852 275839 44 10 33 11  2	
17  2      0 69350240  11228  77728    0    0 83744     0 176840 277145 43 10 33 11  3	
14  3      0 69350112  11236  77728    0    0 80816    12 174908 277249 45 10 32 11  2	
14  3      0 69350112  11236  77728    0    0 84224     0 178316 274578 41 11 33 13  2	
procs -----------memory---------- ---swap-- -----io---- --system-- -----cpu-----
 r  b   swpd   free   buff  cache   si   so    bi    bo   in   cs us sy id wa st
14  5      0 69350112  11236  77728    0    0 80640     0 173166 272988 44 10 32 12  3	
15  4      0 69350112  11236  77732    0    0 80064     0 171328 269800 44 10 31 12  2	
14  4      0 69350112  11236  77732    0    0 82704     0 178246 276086 41 11 33 12  3	
 8  8      0 69350112  11236  77732    0    0 79904     0 175876 275733 45 10 32 11  2	
17  1      0 69350112  11244  77732    0    0 80752    12 175775 270933 41 10 33 14  3	
18  1      0 69350112  11244  77732    0    0 81136     0 177623 275300 45 10 32 11  2	
12  7      0 69350112  11244  77732    0    0 82640     0 175232 276386 45 11 32 10  2	
14  4      0 69350112  11244  77732    0    0 84400     0 175123 276587 45 10 32 11  2	
15  3      0 69350112  11244  77732    0    0 82752     0 172629 275042 46 10 31 11  2	
14  3      0 69349984  11252  77732    0    0 82608    12 171878 277255 45 11 32 10  2	
13  3      0 69349984  11252  77732    0    0 82896     0 174475 275907 45 10 32 10  3	
15  5      0 69349984  11252  77732    0    0 80272     0 172460 270284 43 11 32 11  3	
12  5      0 69349984  11252  77732    0    0 81792     0 176026 275557 45  9 32 11  2	
13  5      0 69349984  11252  77732    0    0 81376     0 178595 276596 42 10 34 11  3	
13  4      0 69349984  11252  77732    0    0 83584     0 175995 276495 44 11 32 11  2	
14  3      0 69349984  11260  77732    0    0 81200    12 175771 276246 44 10 33 11  2	
15  5      0 69349984  11260  77732    0    0 80816    16 176735 276813 44 11 33 11  2	
17  2      0 69349984  11260  77736    0    0 83280     0 177694 275741 43  9 34 12  3	
15  3      0 69349984  11260  77736    0    0 82608     0 176094 276034 45 10 32 11  3	
15  3      0 69349984  11260  77736    0    0 82672    16 176468 275396 45 10 32 11  2	
16  2      0 69349984  11268  77736    0    0 80320     4 172544 275574 45 10 33 10  3	
procs -----------memory---------- ---swap-- -----io---- --system-- -----cpu-----
 r  b   swpd   free   buff  cache   si   so    bi    bo   in   cs us sy id wa st
11  6      0 69349984  11268  77736    0    0 85040     8 176101 274667 43 10 33 11  3	
10  8      0 69349984  11268  77736    0    0 81696     0 176481 275858 45  9 32 11  2	
14  2      0 69349984  11268  77736    0    0 82112     0 174589 274831 44 11 32 11  2	
14  4      0 69349984  11276  77728    0    0 81520    12 172793 275344 43 10 32 11  3	
 8  8      0 69349984  11276  77736    0    0 80240     0 176103 274773 43  9 33 12  2	
17  0      0 69349984  11276  77736    0    0 81648     0 177636 274016 42  9 34 12  3	
18  0      0 69349984  11276  77736    0    0 82816     0 176109 276312 44  9 33 11  2	
14  3      0 69349984  11276  77736    0    0 80960     0 174839 275485 43  9 34 11  3	
19  2      0 69349984  11276  77736    0    0 82704     0 178929 274211 42 10 32 13  2	
13  5      0 69349984  11284  77736    0    0 80944    12 174955 272803 44 10 31 12  3	
15  2      0 69349984  11284  77736    0    0 81264     0 176463 273384 46  9 32 11  3	
15  2      0 69349984  11284  77736    0    0 81168     0 176123 276848 44 11 32 10  3	
17  0      0 69349984  11284  77736    0    0 82352     0 176763 277690 45 10 32 10  2	
16  3      0 69349984  11284  77736    0    0 81088     0 172275 272140 43 11 31 12  2	
13  3      0 69349984  11292  77728    0    0 82304    12 173614 275743 46 10 31 11  2	
16  3      0 69349984  11292  77736    0    0 84688     0 174123 275807 45 10 31 11  2	
14  3      0 69349984  11292  77736    0    0 83216     0 173819 276885 44 11 32 11  2	
15  1      0 69349984  11292  77736    0    0 81424     0 173892 274400 44 10 32 11  3	
15  3      0 69349984  11292  77736    0    0 82544     0 176712 275330 43 10 33 12  2	
15  2      0 69349984  11292  77736    0    0 79536     0 176042 272426 43 10 33 12  3	
15  4      0 69349984  11300  77736    0    0 80896    12 174819 274910 46 10 31 10  3	
procs -----------memory---------- ---swap-- -----io---- --system-- -----cpu-----
 r  b   swpd   free   buff  cache   si   so    bi    bo   in   cs us sy id wa st
17  3      0 69349984  11300  77736    0    0 83952     0 174002 275251 45 10 32 10  3	
15  3      0 69349984  11300  77740    0    0 81008     0 174185 273868 45  9 32 12  2	
14  3      0 69349984  11300  77740    0    0 81568     0 171156 276339 46 11 31 10  2	
13  3      0 69349984  11300  77740    0    0 80816     0 173191 277119 47 10 31 10  2	
14  3      0 69349984  11308  77732    0    0 79664    12 176234 275347 44 10 32 11  2	
15  2      0 69349984  11308  77740    0    0 79936     0 180408 276248 42 10 34 12  3	
14  2      0 69349984  11308  77740    0    0 81424     0 175041 276371 44 11 32 11  2	
15  3      0 69349984  11308  77740    0    0 81920     0 171611 275654 46 10 30 10  2	
14  5      0 69349984  11308  77744    0    0 82096     0 173133 274673 48  9 31 10  3	
14  2      0 69349984  11308  77744    0    0 80192    20 171889 270263 45 10 32 10  3	
11  7      0 69349984  11316  77744    0    0 82368    20 175906 276694 45 10 32 10  2	
13  3      0 69349984  11316  77744    0    0 81920     0 177236 274291 44 10 32 12  2	
15  3      0 69349984  11316  77748    0    0 81616     0 172866 274949 45 10 31 11  2	
15  1      0 69349984  11316  77748    0    0 83424     0 172725 277196 46 10 31 10  2	
15  3      0 69349984  11316  77748    0    0 81456     8 173905 276589 45 12 31 10  3	
10  8      0 69349984  11324  77744    0    0 82512    16 171143 276107 47 10 30 10  2	
16  2      0 69349984  11324  77748    0    0 83136     0 169093 277474 48 11 30  9  2	
18  2      0 69349984  11324  77748    0    0 79696     0 172700 275537 44 11 31 11  3	
 8  8      0 69349984  11324  77748    0    0 81376     0 171350 275029 45 10 32 10  3	
14  3      0 69349984  11324  77748    0    0 81280     0 170452 275498 47 11 31  9  3	
16  2      0 69349984  11324  77748    0    0 82240     0 172009 276553 46 11 31 10  3	
procs -----------memory---------- ---swap-- -----io---- --system-- -----cpu-----
 r  b   swpd   free   buff  cache   si   so    bi    bo   in   cs us sy id wa st
18  2      0 69349864  11332  77748    0    0 82864    12 173852 277327 47 10 31 10  2	
13  4      0 69349864  11332  77748    0    0 80704     0 169667 272470 46 10 30 12  2	
12  4      0 69349864  11332  77748    0    0 83152     0 173728 277202 46 11 31 10  2	
13  4      0 69349864  11332  77748    0    0 83840     0 173684 277048 46 10 31 10  2	
15  3      0 69349864  11332  77748    0    0 83296     0 171687 276615 46 11 30 10  2	
13  4      0 69349864  11340  77740    0    0 80432    12 171728 275017 46 10 31 11  2	
15  2      0 69349864  11340  77748    0    0 85312     0 176484 276924 45 10 32 11  3	
14  3      0 69349864  11340  77748    0    0 81952     0 171756 275322 45 10 32 10  3	
14  3      0 69349864  11340  77748    0    0 82928     0 172363 276661 47 10 31 10  3	
12  5      0 69349864  11340  77748    0    0 82144     0 175319 274825 43 11 32 12  2	
16  2      0 69349864  11340  77748    0    0 82752     0 171400 275646 47 11 30 10  2	
18  2      0 69349864  11348  77748    0    0 84368    12 170907 276576 48 10 30 10  2	
11  6      0 69349864  11348  77748    0    0 84944     0 173708 277288 45 11 32 10  2	
12  5      0 69349864  11348  77748    0    0 82800     0 172778 276739 47 11 31 10  2	
12  5      0 69349864  11348  77748    0    0 81536     0 170422 276090 47 11 30 10  2	
14  4      0 69349864  11348  77748    0    0 82768     0 172012 274416 45 11 31 11  3	
16  1      0 69349864  11356  77740    0    0 80944    12 172644 277537 46 11 31 10  2	
14  4      0 69349864  11356  77748    0    0 83920     0 169116 274246 46 10 31 10  3	
13  6      0 69349864  11356  77748    0    0 83552     0 171273 277472 48 11 29  9  2	
12  4      0 69349864  11356  77748    0    0 84384     8 173630 276586 47 11 30 10  2	
15  2      0 69349864  11356  77748    0    0 84192     0 172488 275408 45 10 31 11  2	
procs -----------memory---------- ---swap-- -----io---- --system-- -----cpu-----
 r  b   swpd   free   buff  cache   si   so    bi    bo   in   cs us sy id wa st
14  3      0 69349864  11356  77752    0    0 83744     0 169879 276830 47 11 30  9  2	
16  3      0 69349864  11364  77752    0    0 83152    12 169986 277786 47  9 32 10  2	
19  2      0 69349864  11364  77756    0    0 82880     0 173146 275606 46  9 31 11  2	
12  4      0 69349864  11364  77756    0    0 83280     8 174101 276360 46 11 30 10  2	
16  2      0 69349864  11364  77756    0    0 82864     0 175545 277125 44  9 34 11  3	
16  1      0 69349864  11364  77756    0    0 80544     0 169755 273079 45 10 30 12  2	
11  5      0 69349864  11372  77748    0    0 82288    24 172552 272334 45 10 31 12  2	
16  2      0 69349864  11372  77756    0    0 82608     0 171787 271625 45 11 31 10  3	
18  1      0 69349864  11372  77756    0    0 84672    12 175534 276860 44 10 33 11  3	
14  3      0 69349864  11372  77756    0    0 82304     0 173541 276140 45 10 32 10  3	
15  1      0 69349864  11372  77756    0    0 81536     0 174624 276925 45 11 31 10  2	
15  2      0 69349864  11372  77756    0    0 81888     0 179991 275784 45 10 32 11  2	
14  5      0 69349864  11380  77756    0    0 81888    12 178367 273606 42 10 33 13  3	
11  5      0 69349864  11380  77756    0    0 80640     0 181621 274133 42 10 33 13  3	
14  2      0 69349864  11380  77756    0    0 80832     0 176047 276751 45 10 31 10  3	
17  3      0 69349864  11380  77756    0    0 80576     0 175911 276565 45 10 32 10  3	
13  4      0 69349864  11380  77756    0    0 82608     0 177839 271436 41 11 32 13  3	
15  3      0 69349864  11388  77748    0    0 81008    12 178708 272716 45 10 32 11  3	
16  3      0 69349864  11388  77756    0    0 80400     0 180192 274855 43 10 33 12  2	
16  2      0 69349864  11388  77756    0    0 80784     0 179559 272941 43  9 33 13  2	
16  2      0 69349864  11388  77756    0    0 80624     0 180785 273525 43 10 33 12  3	
procs -----------memory---------- ---swap-- -----io---- --system-- -----cpu-----
 r  b   swpd   free   buff  cache   si   so    bi    bo   in   cs us sy id wa st
18  4      0 69349864  11388  77756    0    0 81984     0 179847 275834 44 10 32 12  3	
15  2      0 69349864  11388  77756    0    0 81312     0 178969 274739 43 11 32 11  2	
20  1      0 69349864  11396  77756    0    0 83152    12 177170 274990 43 10 33 12  2	
16  3      0 69349864  11396  77756    0    0 80832     0 174705 275733 44 10 32 11  3	
16  0      0 69349864  11396  77756    0    0 82064     0 175399 274600 45  9 32 11  2	
16  2      0 69349864  11396  77756    0    0 80096     0 172099 275355 46 10 31 10  3	
11  6      0 69349864  11396  77756    0    0 82896     0 172609 275041 46  9 32 10  3	
16  3      0 69349864  11404  77748    0    0 83872    12 170705 277463 47 10 30 10  2	
13  4      0 69349864  11408  77756    0    0 82720    16 173041 276209 46 10 31 10  2	
13  5      0 69349864  11408  77756    0    0 82464     0 174303 272638 42 11 31 13  3	
13  5      0 69349864  11408  77756    0    0 81808     4 172343 274150 44 11 31 12  2	
11  6      0 69349120  11408  77756    0    0 81088     0 174821 275152 43 11 32 11  2	
15  3      0 69349120  11408  77756    0    0 78976     0 174411 275014 45 10 32 11  3	
15  3      0 69349120  11416  77760    0    0 80976    68 174769 276154 45  9 33 11  3	
16  4      0 69349120  11416  77760    0    0 82624     0 173962 274693 43 11 32 11  2	
13  4      0 69349120  11416  77760    0    0 81936     0 173498 272357 44 10 32 11  3	
14  3      0 69349120  11416  77760    0    0 83664     0 176346 276380 47  9 31 10  2	
12  5      0 69349120  11416  77760    0    0 83456     0 174080 276962 45 10 32 10  3	
14  7      0 69349120  11424  77752    0    0 81040    12 178581 274567 43 10 32 12  2	
17  2      0 69349120  11424  77760    0    0 79312     0 174624 268243 41 11 31 15  2	
15  3      0 69349120  11424  77760    0    0 81136     0 174209 273952 44 10 32 12  2	
procs -----------memory---------- ---swap-- -----io---- --system-- -----cpu-----
 r  b   swpd   free   buff  cache   si   so    bi    bo   in   cs us sy id wa st
12  5      0 69349120  11424  77760    0    0 81184     0 177602 277217 45 10 32 11  2	
15  1      0 69349120  11424  77760    0    0 80656     0 177040 273441 43  9 33 12  2	
18  2      0 69349120  11424  77760    0    0 83584    56 180534 275520 43 10 34 12  2	
15  2      0 69349120  11432  77764    0    0 81968    12 177395 274533 45 10 31 12  2	
15  5      0 69349120  11432  77764    0    0 82640     0 171446 272255 44  9 32 11  3	
13  4      0 69349120  11432  77764    0    0 79104     0 171771 270582 45 10 32 10  3	
14  4      0 69349120  11432  77764    0    0 82448     0 175574 276672 44 10 33 11  2	
12  6      0 69349120  11432  77764    0    0 80272     0 177573 273059 44 10 32 12  2	
13  4      0 69349120  11440  77756    0    0 82768    12 173765 275717 45 10 32 11  2	
20  1      0 69349120  11440  77764    0    0 82400     0 174807 276193 44 12 31 11  2	
17  1      0 69349120  11440  77764    0    0 82704     0 174771 275905 46  9 32 11  2	
13  3      0 69349120  11440  77764    0    0 80016     0 172282 273610 45  9 31 12  2	
14  3      0 69349120  11440  77764    0    0 83360     0 173106 275986 44 11 32 10  3	
19  1      0 69349120  11440  77764    0    0 79936     0 172828 273640 46  9 32 11  2	
16  3      0 69349120  11448  77764    0    0 80560    12 173187 273552 43 12 32 11  3	
19  1      0 69349120  11448  77764    0    0 81936     0 174247 274479 46 10 31 10  2	
14  3      0 69349120  11448  77764    0    0 80448     0 177795 274798 43 11 32 11  2	
18  2      0 69349120  11452  77760    0    0 83024    12 176016 276349 43 11 32 11  3	
17  0      0 69349120  11452  77764    0    0 82624     0 172764 277289 46 11 31 10  2	
16  2      0 69349120  11460  77756    0    0 83040    28 172744 277038 45 11 31 10  2	
13  4      0 69349120  11460  77764    0    0 82544     0 174109 276965 44 10 32 11  2	
procs -----------memory---------- ---swap-- -----io---- --system-- -----cpu-----
 r  b   swpd   free   buff  cache   si   so    bi    bo   in   cs us sy id wa st
10  6      0 69349120  11460  77764    0    0 80080     0 175273 274235 44 10 32 12  2	
18  2      0 69349120  11460  77764    0    0 83488     0 177543 275333 45 10 32 11  2	
14  3      0 69349120  11460  77764    0    0 83536    12 174761 274801 46 10 31 11  2	
15  1      0 69348480  11460  77764    0    0 79184     0 179130 271673 44 12 31 11  3	
15  2      0 69348128  11468  77768    0    0 80464    32 171991 273029 45 10 31 11  2	
13  4      0 69348128  11468  77768    0    0 83232     0 174870 276371 44 12 32 11  2	
14  3      0 69348128  11468  77768    0    0 81456     0 178285 276066 45 10 32 11  2	
16  2      0 69348128  11468  77768    0    0 80688     0 175334 274802 44 10 32 11  3	
16  1      0 69348128  11468  77768    0    0 80608     0 175522 275414 45 10 32 11  2	
15  4      0 69348128  11476  77760    0    0 84592    12 175101 275748 46 10 31 11  2	
13  4      0 69347880  11476  77768    0    0 84448     0 172545 277302 46 10 31 10  2	
15  2      0 69347880  11476  77768    0    0 81552     0 174134 276216 44 11 32 10  3	
15  1      0 69347880  11476  77768    0    0 81088    28 174622 275884 45 10 32 11  2	
13  3      0 69347880  11476  77768    0    0 79440     0 172869 274153 45 10 32 10  3	
10  6      0 69347880  11476  77768    0    0 83008     0 175778 276588 45 11 31 10  2	
16  4      0 69347880  11484  77768    0    0 80576    12 172268 276435 47 11 30 10  2	
12  5      0 69347880  11484  77768    0    0 83296     0 176758 274135 44 10 32 12  2	
15  4      0 69347880  11484  77768    0    0 82864     0 177059 273995 43 11 32 12  2	
13  4      0 69347880  11484  77768    0    0 82928     0 174219 276807 46 10 31 10  2	
14  4      0 69347880  11484  77768    0    0 82672     0 176516 277062 45 11 32 10  3	
17  1      0 69347880  11492  77760    0    0 80400    16 175911 273435 43  9 33 12  2	
procs -----------memory---------- ---swap-- -----io---- --system-- -----cpu-----
 r  b   swpd   free   buff  cache   si   so    bi    bo   in   cs us sy id wa st
14  3      0 69347880  11492  77768    0    0 82288     0 174758 273882 45  9 32 11  2	
16  2      0 69347880  11492  77768    0    0 83552     0 175868 276492 44 11 31 11  2	
11  6      0 69347880  11492  77768    0    0 81616     0 174182 269793 43 10 32 12  3	
17  3      0 69347880  11492  77768    0    0 83040     0 172317 274639 45 11 31 11  2	
13  3      0 69347880  11492  77772    0    0 83088     0 172790 274811 46 11 30 10  2	
15  1      0 69347880  11500  77772    0    0 79424    12 173101 274094 46 11 30 10  3	
15  2      0 69347880  11500  77772    0    0 82208     0 178941 275635 44 10 33 11  2	
12  5      0 69347880  11500  77772    0    0 81840     0 178250 272540 42  9 33 13  3	
12  6      0 69347880  11500  77772    0    0 81584     0 176049 274090 43 10 32 12  2	
15  2      0 69347880  11500  77772    0    0 82528     0 179738 276220 44 10 32 11  3	
16  2      0 69347880  11508  77764    0    0 81696    12 174832 277065 44 11 32 11  2	
13  4      0 69347880  11508  77772    0    0 80288     8 175686 276582 45 10 32 11  2	
13  4      0 69347880  11508  77772    0    0 79712     0 175513 272421 45  9 32 12  3	
11  5      0 69347880  11508  77772    0    0 80800     0 174917 274130 46 10 31 11  2	
12  5      0 69347880  11508  77772    0    0 80224     0 174180 273462 43 11 32 12  2	
16  1      0 69347880  11508  77772    0    0 82992     0 176268 273902 45 10 31 11  2	
15  4      0 69347760  11516  77772    0    0 80496    40 173923 277655 46  9 31 10  3	
15  3      0 69347760  11520  77772    0    0 82468     0 177067 275762 45  9 33 11  2	
14  5      0 69347632  11520  77776    0    0 82032     0 174216 271142 43 11 31 13  2	
17  2      0 69347504  11524  77888    0    0 81732     0 174869 275844 47 11 30 10  2	
14  5      0 69347504  11524  77888    0    0 83456     0 174300 275792 46 10 31 10  2	
procs -----------memory---------- ---swap-- -----io---- --system-- -----cpu-----
 r  b   swpd   free   buff  cache   si   so    bi    bo   in   cs us sy id wa st
13  4      0 69347504  11532  77884    0    0 82624    24 173042 276466 46 11 31 10  2	
16  2      0 69347504  11532  77888    0    0 82240     0 171285 274201 44 11 32 10  3	
 6 10      0 69347504  11532  77888    0    0 81632     0 171461 276165 46 10 31 10  3	
10  8      0 69347504  11532  77888    0    0 79600     0 174776 270616 43  9 32 14  2	
18  1      0 69347504  11532  77888    0    0 80672     0 174172 273102 44 11 31 12  2	
12  4      0 69347504  11532  77888    0    0 82208     0 173051 274318 45 10 31 11  2	
14  2      0 69347384  11540  77888    0    0 80672    40 172470 276768 46 10 32 10  2	
17  3      0 69347264  11540  77888    0    0 81520     0 177373 275603 46 11 31 10  2	
16  1      0 69347008  11540  77888    0    0 82800     0 174580 275695 45 11 31 10  2	
15  3      0 69347008  11540  77888    0    0 81824     0 172015 276170 45 11 31 10  2	
15  2      0 69347008  11540  77888    0    0 81328     0 175505 276886 45  9 32 11  2	
17  2      0 69347008  11548  77884    0    0 83040    12 173402 273713 44 10 32 10  3	
14  3      0 69347008  11548  77888    0    0 82832     0 178109 275462 45  9 33 11  3	
12  4      0 69347008  11548  77888    0    0 80544     0 175641 270950 42 10 33 12  2	
13  4      0 69347008  11548  77888    0    0 83184     0 179172 273840 43 11 32 12  3	
14  2      0 69347008  11548  77888    0    0 79232     0 173820 274056 43 11 32 12  2	
15  4      0 69347008  11556  77880    0    0 82704    12 179989 275846 43 10 33 12  2	
17  1      0 69347008  11556  77888    0    0 82128     0 177980 275635 45 10 31 11  2	
19  1      0 69347008  11556  77888    0    0 80704     0 174905 274804 44 10 32 11  3	
16  1      0 69347008  11556  77888    0    0 81360     0 177184 271461 43  9 32 13  2	
17  1      0 69347008  11556  77888    0    0 82608     0 176648 275082 43 11 32 11  2	
procs -----------memory---------- ---swap-- -----io---- --system-- -----cpu-----
 r  b   swpd   free   buff  cache   si   so    bi    bo   in   cs us sy id wa st
15  3      0 69347008  11556  77888    0    0 81232     8 171212 271910 45 10 31 12  3	
13  4      0 69347008  11564  77888    0    0 81136    24 174248 272372 45 10 32 11  3	
16  1      0 69347008  11564  77888    0    0 81504     0 174459 276578 45  9 32 11  2	
15  5      0 69347008  11564  77888    0    0 82368     0 172250 274354 44 11 31 11  2	
16  2      0 69347008  11564  77888    0    0 81776     0 172236 276054 45 11 31 10  2	
16  0      0 69347008  11564  77892    0    0 81696     8 172857 276781 46 12 30 10  2	
13  4      0 69347008  11572  77884    0    0 80448    24 176132 274237 42 11 32 12  2	
16  3      0 69347008  11572  77892    0    0 80864     0 177439 274933 43 10 33 12  3	
18  2      0 69347008  11572  77896    0    0 82176     0 177923 273821 44 10 32 11  3	
18  2      0 69347008  11572  77896    0    0 79984     0 175443 274135 44 11 32 11  3	
13  3      0 69347008  11572  77896    0    0 80208     0 171494 268622 45  9 31 13  2	
13  6      0 69347008  11572  77896    0    0 81600     0 176900 274979 44 11 32 11  3	
17  2      0 69347008  11580  77896    0    0 82096    12 177025 274938 44  9 32 12  2	
14  3      0 69347008  11580  77896    0    0 82288     0 174612 276711 47 10 31 10  2	
16  0      0 69347008  11588  77888    0    0 84064    36 176289 277462 46 11 31 10  3	
13  5      0 69346344  11588  77900    0    0 82016     0 174002 276914 46 11 31 10  3	
17  2      0 69346344  11588  77900    0    0 83872     0 175582 276521 47 10 30 10  2	
15  4      0 69346344  11588  77900    0    0 79856     0 176974 277433 43 12 32 11  2	
16  3      0 69346344  11588  77900    0    0 82464     0 180183 275340 43 10 33 12  3	
14  3      0 69347264  11596  77892    0    0 79648    20 177423 276874 45 10 32 10  2	
 0 16      0 69347264  11596  77900    0    0 78256    36 170630 265114 41 10 32 14  3	
procs -----------memory---------- ---swap-- -----io---- --system-- -----cpu-----
 r  b   swpd   free   buff  cache   si   so    bi    bo   in   cs us sy id wa st
12  4      0 69347264  11596  77900    0    0 77552     0 169824 268091 45  9 31 13  2	
13  4      0 69347264  11596  77900    0    0 79744     0 175931 275868 44 10 32 11  2	
14  4      0 69347264  11596  77900    0    0 81136     0 179168 275971 43 11 33 11  3	
15  3      0 69347264  11596  77900    0    0 83616     0 180266 276211 45 10 31 11  2	
18  3      0 69347264  11604  77900    0    0 82592    12 177438 275677 44 11 32 11  2	
14  2      0 69347264  11604  77900    0    0 80832     0 179209 273071 43  9 33 13  2	
12  6      0 69347264  11604  77900    0    0 81408     0 175220 272549 43 10 32 12  2	
14  3      0 69347264  11604  77900    0    0 81008     0 178024 275994 45 10 31 11  2	
11  6      0 69347264  11604  77900    0    0 79936     0 178879 275878 43 11 33 11  3	
14  4      0 69347264  11612  77892    0    0 79840    12 176240 273057 45  9 32 11  3	
17  3      0 69347264  11612  77900    0    0 80192     8 178363 276035 45 10 32 11  3	
11  5      0 69347264  11612  77900    0    0 79216     0 175987 276244 47 10 31 10  2	
14  3      0 69347264  11612  77900    0    0 82192     0 179831 276909 43 10 33 11  3	
15  3      0 69347264  11612  77900    0    0 82464     0 175270 271605 43 10 32 13  2	
17  0      0 69347264  11612  77900    0    0 82112     0 179591 275149 42 11 33 12  3	
14  2      0 69347264  11620  77900    0    0 81264    28 177454 275236 43 11 32 11  2	
15  1      0 69347264  11620  77900    0    0 79792     0 175855 274149 45 10 31 11  2	
14  4      0 69347264  11620  77900    0    0 80160     0 177607 274056 44  9 32 12  2	
14  4      0 69347264  11620  77900    0    0 81184     0 178635 275717 45 10 32 11  3	
13  5      0 69347264  11620  77900    0    0 80624     0 174474 273586 46 10 31 10  3	
11  5      0 69347264  11628  77892    0    0 81712    12 177093 272970 44 11 32 11  3	
procs -----------memory---------- ---swap-- -----io---- --system-- -----cpu-----
 r  b   swpd   free   buff  cache   si   so    bi    bo   in   cs us sy id wa st
16  1      0 69347264  11628  77904    0    0 82304     0 179050 275846 44 10 33 11  2	
12  4      0 69347264  11628  77904    0    0 79568     0 178908 275338 43 10 33 11  2	
11  5      0 69347264  11628  77904    0    0 80784     0 183196 275150 44  9 33 12  3	
16  1      0 69347264  11628  77904    0    0 78336     0 180140 275630 44 10 32 12  2	
14  4      0 69347264  11636  77896    0    0 81168    16 180071 275716 44 10 32 11  2	
13  5      0 69347264  11636  77904    0    0 80720     0 174974 273073 45  9 32 12  2	
14  4      0 69347264  11636  77908    0    0 80768     0 179714 273356 42  9 33 13  3	
15  2      0 69347264  11636  77908    0    0 82768     0 181294 277027 46 11 31 10  2	
16  3      0 69347264  11636  77908    0    0 79904     0 176560 271923 45 10 32 11  3	
16  2      0 69347264  11636  77908    0    0 81168     4 178970 274697 44 10 32 11  3	
18  1      0 69347264  11644  77908    0    0 79984    20 178177 273495 43 10 33 11  3	
14  5      0 69347264  11644  77908    0    0 80976     0 181005 275463 41 11 34 12  3	
14  4      0 69347264  11644  77908    0    0 79824     0 179898 275629 44 10 33 11  2	
15  3      0 69347264  11644  77908    0    0 82240     0 178415 275797 45 11 31 11  2	
19  1      0 69347264  11644  77908    0    0 81328    20 178817 276525 44 10 32 11  3	
17  1      0 69347264  11652  77900    0    0 83408    12 178639 275837 45 10 32 11  2	
13  4      0 69347264  11652  77908    0    0 82016     0 177930 274845 44  9 33 11  3	
16  1      0 69347264  11652  77908    0    0 81072     0 179661 276354 44 10 33 11  2	
16  2      0 69347264  11652  77908    0    0 80656     0 178509 272103 43  9 33 13  3	
13  4      0 69347264  11652  77908    0    0 81616     8 182647 275818 41 11 34 12  3	
13  3      0 69347264  11652  77908    0    0 80624     0 177581 275885 44 11 32 11  2	
procs -----------memory---------- ---swap-- -----io---- --system-- -----cpu-----
 r  b   swpd   free   buff  cache   si   so    bi    bo   in   cs us sy id wa st
18  0      0 69347264  11660  77908    0    0 82272    24 178710 277741 44 11 32 11  3	
13  5      0 69347264  11660  77908    0    0 81104     0 176552 277045 44 12 31 11  2	
15  2      0 69347264  11660  77908    0    0 80816     0 181417 275730 44 10 33 12  2	
14  4      0 69347264  11660  77908    0    0 81328     8 180301 275710 43 11 33 11  3	
15  4      0 69347264  11660  77908    0    0 80144     0 179643 273903 42 10 33 12  3	
10  6      0 69347264  11668  77900    0    0 80976    24 176775 276691 46 10 31 11  3	
14  3      0 69347264  11668  77908    0    0 79712     0 175804 276730 44 10 33 11  2	
12  5      0 69347264  11668  77908    0    0 80352     0 179978 270745 44 10 32 11  3	
15  3      0 69347264  11668  77908    0    0 81488     0 181325 274901 43 10 33 12  3	
16  2      0 69347264  11668  77908    0    0 82320     0 178365 276649 46  9 32 11  3	
15  3      0 69347264  11668  77908    0    0 80576     0 173563 276798 46 12 30 10  2	
13  4      0 69347264  11676  77908    0    0 81024    16 172671 276612 47 10 31 10  2	
16  3      0 69347264  11676  77908    0    0 82416     0 175495 276565 46 10 31 10  2	
16  2      0 69347264  11676  77912    0    0 81008     0 174556 276598 47 10 31 10  2	
15  2      0 69347264  11676  77912    0    0 82128     0 176313 276887 44 12 32 10  2	
17  0      0 69347264  11676  77912    0    0 81552     0 176556 276782 44 11 32 10  3	
16  3      0 69347264  11684  77904    0    0 82768    12 179642 275643 45 10 32 11  2	
11  6      0 69347264  11684  77912    0    0 82128     0 176534 272900 44  9 33 11  3	
15  6      0 69346752  11684  77912    0    0 80976     0 173382 272568 46 12 30 10  3	
16  1      0 69346376  11692  77908    0    0 80588     8 179847 275087 44 10 32 12  3	
19  3      0 69346256  11692  77920    0    0 80832     0 177026 276421 45 10 32 11  2	
procs -----------memory---------- ---swap-- -----io---- --system-- -----cpu-----
 r  b   swpd   free   buff  cache   si   so    bi    bo   in   cs us sy id wa st
12  4      0 69347024  11692  77920    0    0 79808     0 177912 273891 44 10 31 12  2	
16  5      0 69347056  11700  77920    0    0 80128    24 175392 275076 46 10 30 11  2	
13  5      0 69347056  11700  77920    0    0 81504     0 178934 275570 45  9 32 11  3	
17  1      0 69347056  11700  77920    0    0 81952     0 175778 275761 46  9 32 11  3	
12  4      0 69347056  11700  77920    0    0 80704     0 177382 275169 45 10 31 11  2	
11  7      0 69347056  11700  77920    0    0 82064     0 178453 276457 45 10 31 11  2	
13  6      0 69347056  11708  77916    0    0 78752    12 169991 265200 43 10 31 13  3	
12  5      0 69347056  11708  77924    0    0 81040     0 175748 276054 47 10 31 10  2	
13  4      0 69347056  11708  77924    0    0 81488    28 178122 276002 44 10 33 11  3	
15  2      0 69347056  11708  77924    0    0 80720     0 178866 275799 44 11 32 11  2	
14  3      0 69347056  11708  77924    0    0 83968     0 179445 275852 45 11 31 11  2	
13  4      0 69347056  11708  77924    0    0 81008     0 176040 276566 45 11 31 11  2	
15  2      0 69347056  11716  77924    0    0 79904    12 178331 276431 45 10 32 11  3	
13  4      0 69347056  11716  77924    0    0 80320    16 178190 275113 45  9 32 11  2	
16  1      0 69347056  11716  77924    0    0 78864     0 178417 276572 45 10 32 11  3	
17  2      0 69347056  11716  77924    0    0 78400     0 178043 273379 45 10 31 11  2	
12  5      0 69347056  11716  77924    0    0 81536     0 177484 272465 46  8 32 11  3	
13  3      0 69347056  11724  77916    0    0 83088    28 182563 275141 45 10 32 11  2	
11  5      0 69347056  11724  77924    0    0 82640     4 177815 275798 45 11 31 11  2	
12  5      0 69347056  11724  77924    0    0 82736     0 179588 276155 45 10 32 11  2	
13  6      0 69347056  11724  77924    0    0 83040     0 177049 276475 45 11 31 11  2	
procs -----------memory---------- ---swap-- -----io---- --system-- -----cpu-----
 r  b   swpd   free   buff  cache   si   so    bi    bo   in   cs us sy id wa st
15  4      0 69347056  11724  77924    0    0 83792     0 174665 277726 48 11 30  9  2	
16  2      0 69347056  11724  77924    0    0 82944     0 174221 276528 46 11 31 10  2	
11  6      0 69347056  11732  77924    0    0 81664    12 173902 274830 46 12 30 11  2	
16  1      0 69347056  11732  77924    0    0 82864     0 178501 275789 44 11 32 11  2	
17  3      0 69347056  11732  77928    0    0 82672     0 173133 274573 46 11 29 11  2	
15  3      0 69347056  11732  77928    0    0 81152     0 168563 271377 46 12 29 11  2	
13  3      0 69347056  11732  77928    0    0 81888     0 172719 274014 47 10 30 10  3	
14  2      0 69347056  11740  77920    0    0 81408    12 174656 277971 46 10 31 10  2	
13  4      0 69347056  11740  77928    0    0 82288    16 177518 276604 45  9 32 11  3	
16  3      0 69347056  11740  77928    0    0 80336     0 176417 276374 46 10 31 10  2	
13  4      0 69347056  11740  77928    0    0 82848     0 175914 277021 46 11 31 10  2	
12  7      0 69347056  11740  77928    0    0 81904     0 176134 276124 45 11 31 10  2	
10  6      0 69347056  11740  77928    0    0 81984     0 177156 275905 47 10 31 10  2	
15  4      0 69347056  11748  77928    0    0 80176    28 177771 272807 43 12 31 11  3	
12  5      0 69347056  11748  77928    0    0 81552     0 178016 276194 45 10 31 11  2	
15  3      0 69347056  11748  77928    0    0 80256     0 178354 273297 44 10 32 11  3	
16  4      0 69347056  11748  77928    0    0 80880     0 183192 273503 42  9 33 13  3	
13  3      0 69347056  11748  77928    0    0 79760     0 180323 271478 41  9 33 14  3	
17  2      0 69347056  11756  77920    0    0 82352    12 181564 275288 43  9 33 12  2	
15  2      0 69347056  11756  77928    0    0 82496     0 178851 275535 46  9 31 11  2	
15  3      0 69347056  11756  77928    0    0 81136     0 176117 274503 45 10 32 11  2	
procs -----------memory---------- ---swap-- -----io---- --system-- -----cpu-----
 r  b   swpd   free   buff  cache   si   so    bi    bo   in   cs us sy id wa st
16  1      0 69347056  11756  77928    0    0 79984     0 178745 275321 44  9 33 11  3	
14  4      0 69347056  11756  77928    0    0 82272     0 177023 274059 44  9 32 12  2	
16  2      0 69347056  11756  77928    0    0 83712    40 182171 275901 43  9 34 12  3	
14  3      0 69347056  11764  77928    0    0 81344    24 175808 276568 44 10 33 11  3	
15  3      0 69347056  11764  77928    0    0 81376     0 173709 272842 44 10 32 11  3	
11  5      0 69347056  11764  77928    0    0 81232     0 178708 275988 45 10 32 11  2	
15  3      0 69347056  11764  77928    0    0 82512     0 179010 275087 43 10 32 12  3	
14  4      0 69347056  11764  77932    0    0 79504     0 180702 275164 44  9 33 12  3	
11  7      0 69347056  11772  77924    0    0 80144    12 179572 275337 45  9 32 11  2	
10  7      0 69347056  11772  77932    0    0 82048     0 179875 276277 43 10 33 12  2	
14  4      0 69347056  11772  77932    0    0 80240     0 175774 274208 44  9 32 12  3	
17  2      0 69347056  11772  77932    0    0 80880     0 177786 275853 44 10 32 11  3	
16  1      0 69347056  11772  77932    0    0 81344     0 174912 272949 45  9 32 12  2	
15  3      0 69347056  11772  77932    0    0 80560     0 174884 274732 43 11 32 12  2	
18  0      0 69347056  11780  77932    0    0 79184    12 171016 270783 44 11 32 11  3	
10  5      0 69347056  11780  77932    0    0 81360     0 177273 275521 45 10 32 11  2	
13  5      0 69347056  11780  77932    0    0 81008     0 178012 273349 43 10 33 12  2	
15  3      0 69347056  11780  77936    0    0 82000     0 178354 273190 43  9 33 12  3	
11  7      0 69347056  11780  77936    0    0 81264     0 178231 275565 44  9 33 11  2	
13  4      0 69347056  11788  77928    0    0 81024    12 175706 274296 44  8 33 12  2	
12  5      0 69347056  11788  77936    0    0 81728     0 176414 276642 45 10 32 10  3	
procs -----------memory---------- ---swap-- -----io---- --system-- -----cpu-----
 r  b   swpd   free   buff  cache   si   so    bi    bo   in   cs us sy id wa st
15  3      0 69347056  11788  77936    0    0 81888     0 175205 273937 45 10 32 11  2	
17  2      0 69347056  11788  77936    0    0 79792     0 174613 276220 45 10 32 10  3	
16  2      0 69347056  11788  77936    0    0 81552     0 176818 273284 42 11 32 13  3	
13  5      0 69347056  11788  77936    0    0 81056     0 170276 270715 45 10 31 11  3	
16  1      0 69347056  11796  77936    0    0 82624    12 175184 273805 46 10 31 10  3	
16  2      0 69347056  11796  77936    0    0 85728     0 177716 276589 44 10 32 11  2	
17  2      0 69347056  11796  77936    0    0 82160     0 176617 276439 45 11 31 10  2	
14  2      0 69347056  11796  77936    0    0 80864     0 175572 272262 42 11 32 13  2	
13  5      0 69347056  11796  77936    0    0 78144     0 172333 272157 44  9 32 12  2	
13  3      0 69347056  11804  77928    0    0 81392    12 177433 276200 45 10 32 11  2	
14  4      0 69347056  11804  77936    0    0 80192     0 174906 275515 45 10 32 11  2	
13  4      0 69347056  11804  77936    0    0 81888     0 177124 275675 44 10 33 11  3	
10  7      0 69347056  11804  77936    0    0 81776    16 182786 274847 43 10 33 12  2	
16  1      0 69347056  11804  77936    0    0 82528     0 176219 273537 45 10 31 11  3	
14  3      0 69347056  11804  77936    0    0 82320     0 176946 276145 44 10 33 11  3	
17  1      0 69347056  11812  77936    0    0 82848    28 173879 277054 44 12 32 10  2	
17  2      0 69347056  11812  77936    0    0 80880     0 173323 276915 45 11 31 10  2	
11  6      0 69347056  11812  77936    0    0 82544     0 174460 276895 47 10 31 10  2	
10  6      0 69347056  11812  77936    0    0 82560     0 176258 276294 46 10 31 10  2	
16  1      0 69347056  11812  77936    0    0 82976     0 173783 277063 45 11 31 10  3	
 8  9      0 69347056  11820  77928    0    0 81904    12 173742 276069 46 10 31 10  2	
procs -----------memory---------- ---swap-- -----io---- --system-- -----cpu-----
 r  b   swpd   free   buff  cache   si   so    bi    bo   in   cs us sy id wa st
16  1      0 69347056  11820  77936    0    0 81152     0 176844 274854 43 11 32 11  3	
15  4      0 69347056  11820  77936    0    0 81520     0 174224 273498 45 10 31 12  2	
16  3      0 69347056  11820  77936    0    0 80832     0 172840 272933 46 11 30 10  3	
13  5      0 69347056  11820  77936    0    0 82368     0 180345 274656 44 10 33 11  2	
14  2      0 69347056  11820  77936    0    0 80784     0 180918 272171 39  9 35 14  3	
15  3      0 69347056  11828  77936    0    0 81792    12 179657 276101 44 10 32 11  3	
13  4      0 69347056  11828  77936    0    0 80880     0 178603 276036 44  9 33 11  2	
16  3      0 69347056  11828  77936    0    0 79792     0 176828 276256 45 11 31 10  2	
15  4      0 69347056  11828  77948    0    0 79920     0 182334 274659 43 10 33 12  3	
14  3      0 69347056  11828  77948    0    0 80672     0 182539 276190 44  9 33 12  3	
13  4      0 69347056  11836  77940    0    0 80032    20 180607 276284 43  9 34 11  3	
14  3      0 69347056  11836  77948    0    0 80912     0 175015 274057 43  9 33 12  2	
13  5      0 69347056  11836  77948    0    0 79744     0 174920 272230 45 11 30 10  3	
18  1      0 69347056  11836  77948    0    0 79952     0 175862 275058 45 10 31 11  2	
13  3      0 69347056  11836  77948    0    0 82112     0 177517 277163 45 10 32 10  3	
19  1      0 69347056  11836  77952    0    0 81264     0 178252 276819 45  9 32 11  3	
13  3      0 69347056  11844  77952    0    0 82864    20 175031 276303 43 11 32 11  2	
15  5      0 69346936  11844  77952    0    0 81824     0 176852 277619 46 10 31 10  2	
12  6      0 69346936  11844  77952    0    0 80416     0 175880 276600 45 10 32 11  3	
15  2      0 69346936  11844  77952    0    0 81504     0 179236 276947 44 11 32 11  2	
16  4      0 69346936  11844  77952    0    0 81952     0 177394 276172 45 10 32 11  2	
procs -----------memory---------- ---swap-- -----io---- --system-- -----cpu-----
 r  b   swpd   free   buff  cache   si   so    bi    bo   in   cs us sy id wa st
14  4      0 69346936  11852  77944    0    0 79184    20 175874 274667 45 10 31 12  2	
10  6      0 69346936  11852  77952    0    0 82048    16 180389 270841 41  9 34 12  3	
13  3      0 69346936  11852  77952    0    0 81360     0 178760 271061 43 10 33 12  3	
14  3      0 69346936  11852  77952    0    0 80000     0 178459 275336 44 11 32 11  2	
14  3      0 69346936  11852  77952    0    0 81600     0 183095 274745 42 10 33 12  3	
19  2      0 69346936  11852  77952    0    0 80528     0 181255 272273 42  9 33 13  2	
15  1      0 69346936  11860  77952    0    0 81808    68 180487 273863 42 10 33 12  2	
16  2      0 69346936  11860  77952    0    0 83856     0 178957 276036 43 11 33 11  3	
16  2      0 69346936  11860  77952    0    0 81968     0 176646 274711 44 11 32 11  2	
13  5      0 69346936  11860  77952    0    0 83984     0 178378 275937 45 10 32 11  3	
14  4      0 69346936  11860  77952    0    0 83184     0 174677 277586 46 10 32 10  2	
15  3      0 69346936  11868  77944    0    0 81984    24 175156 274154 46 10 31 10  3	
18  1      0 69346936  11868  77952    0    0 81520     0 172340 276332 48  9 31 10  3	
15  1      0 69346936  11868  77952    0    0 82960     0 173925 277062 44 11 32 10  2	
14  4      0 69346936  11868  77952    0    0 82880     0 173178 277168 46 11 31 10  2	
14  2      0 69346936  11868  77952    0    0 81936     0 177539 275863 44 11 31 11  3	
16  2      0 69346936  11868  77952    0    0 81312    16 178081 275730 44 10 33 11  2	
12  5      0 69346936  11876  77952    0    0 82384    36 175038 277404 45 10 32 10  2	
14  2      0 69346936  11876  77952    0    0 83088     0 176114 276947 46  9 32 10  3	
12  4      0 69346936  11876  77952    0    0 83072     0 172592 274172 44  9 33 11  2	
15  2      0 69346936  11876  77952    0    0 83216     0 175430 276909 46 11 31 10  2	
procs -----------memory---------- ---swap-- -----io---- --system-- -----cpu-----
 r  b   swpd   free   buff  cache   si   so    bi    bo   in   cs us sy id wa st
12  5      0 69346936  11876  77956    0    0 79920     0 168961 269257 46  9 30 12  3	
15  2      0 69346936  11884  77948    0    0 79600    12 175942 277370 45 10 32 10  2	
16  1      0 69346816  11884  77956    0    0 82160     0 176599 276106 44 11 32 11  3	
20  1      0 69346816  11884  77956    0    0 82976     0 178424 276268 45 11 31 11  2	
 9  8      0 69346816  11884  77956    0    0 82304     0 176589 272860 43  9 33 12  3	
14  4      0 69346816  11884  77956    0    0 79056     0 175305 274624 45 10 32 10  2	
13  4      0 69346816  11884  77956    0    0 81728     0 176481 276652 46 10 32 10  2	
16  2      0 69346816  11892  77956    0    0 80208    12 172927 271589 42 10 33 13  2	
 9  9      0 69346816  11892  77956    0    0 81712     0 175167 272437 43 10 32 12  2	
17  2      0 69346816  11892  77960    0    0 82512     0 177160 277219 44 10 32 11  2	
14  4      0 69346816  11892  77960    0    0 79824     0 173290 272752 45  9 32 11  3	
14  3      0 69346816  11892  77960    0    0 81056    16 177912 275104 43 11 32 11  3	
12  4      0 69346816  11900  77952    0    0 82048    28 176714 276217 46  9 32 11  2	
13  5      0 69346816  11900  77960    0    0 82448     0 180279 275467 44 10 33 11  3	
16  3      0 69346816  11900  77960    0    0 80032     0 179004 275305 42 10 34 12  3	
 8  9      0 69346816  11900  77960    0    0 78896     0 176569 271854 43 10 32 13  2	
15  2      0 69346816  11900  77960    0    0 81920     0 181072 275306 44 10 33 11  2	
15  2      0 69346816  11900  77960    0    0 80656     0 175680 276970 44 10 32 11  3	
16  4      0 69346816  11908  77960    0    0 81888    12 178576 275535 43 10 32 11  3	
17  1      0 69346816  11908  77960    0    0 79888     0 176545 276473 46 10 32 10  2	
15  3      0 69346816  11908  77960    0    0 82048     0 175242 273399 46 10 31 10  3	
procs -----------memory---------- ---swap-- -----io---- --system-- -----cpu-----
 r  b   swpd   free   buff  cache   si   so    bi    bo   in   cs us sy id wa st
15  3      0 69346816  11908  77960    0    0 83168    44 181474 276059 42 11 33 11  3	
13  5      0 69346816  11908  77960    0    0 82384     0 177596 276546 45  9 32 11  2	
14  4      0 69346816  11916  77952    0    0 82848    12 173806 277260 45 11 31 10  2	
14  3      0 69346816  11916  77960    0    0 81088     0 176947 277346 44 11 32 11  3	
14  4      0 69346816  11916  77960    0    0 81264     0 173203 273453 44 10 31 12  2	
12  5      0 69346816  11916  77960    0    0 81424     0 181614 273322 43  9 33 13  2	
13  5      0 69346816  11916  77960    0    0 80048     0 177722 275457 44 10 32 11  3	
15  4      0 69346816  11916  77960    0    0 81392     0 175310 274633 43 10 32 12  2	
13  4      0 69346816  11924  77960    0    0 82096    12 178333 273730 42 10 33 12  2	
11  6      0 69346816  11924  77960    0    0 79344     0 177341 271748 46 10 31 11  3	
17  2      0 69346816  11924  77960    0    0 78000     0 172248 266273 45  9 32 12  3	
14  3      0 69346816  11924  77960    0    0 80848     0 175618 277523 44 11 32 10  2	
14  4      0 69345928  11924  77964    0    0 81024     0 180019 274984 46 12 29 10  2	
14  5      0 69345600  11932  77968    0    0 81248    20 174816 276489 47  9 31 11  2	
14  4      0 69345600  11932  77968    0    0 81632     0 179486 275883 43 10 33 11  3	
12  5      0 69345600  11932  77968    0    0 81792     0 178244 275432 44 10 32 11  3	
11  6      0 69345600  11932  77968    0    0 80400     0 176129 276661 46 10 32 10  2	
14  3      0 69345600  11932  77968    0    0 79248     0 177628 275405 44 11 32 11  3	
14  2      0 69345600  11932  77968    0    0 81680     0 180617 274680 42 11 33 12  3	
14  3      0 69345600  11940  77968    0    0 79216    12 174364 270928 42 10 33 13  3	
17  2      0 69345600  11940  77968    0    0 80208     8 178797 275722 45  9 32 11  3	
procs -----------memory---------- ---swap-- -----io---- --system-- -----cpu-----
 r  b   swpd   free   buff  cache   si   so    bi    bo   in   cs us sy id wa st
15  2      0 69345600  11940  77968    0    0 80496     0 178240 275893 44 10 33 11  2	
18  1      0 69345600  11940  77968    0    0 80608     0 176416 275986 44 10 33 11  3	
15  2      0 69345600  11940  77968    0    0 80080     0 177711 276819 46  9 32 11  2	
14  4      0 69345600  11948  77960    0    0 81488    24 179928 275626 45  9 33 11  2	
12  5      0 69345600  11948  77968    0    0 79232     0 179264 273646 41 10 34 13  3	
14  3      0 69345600  11948  77968    0    0 79392     4 180943 274832 42  9 34 12  3	
15  2      0 69345600  11948  77968    0    0 80272     0 184867 275084 42  9 34 12  3	
16  2      0 69345600  11948  77968    0    0 78800     0 178671 275622 44 10 33 11  2	
12  5      0 69345600  11948  77968    0    0 80768     0 176843 273489 45  9 33 11  3	
12  6      0 69345600  11956  77968    0    0 80432    12 175280 276638 45  9 33 11  2	
13  3      0 69345600  11956  77972    0    0 84960     0 177867 276352 46  9 32 11  3	
17  1      0 69345600  11956  77972    0    0 80736     0 177419 277632 44 11 32 10  3	
18  2      0 69345600  11956  77972    0    0 81328     0 177835 276403 46  9 32 11  3	
15  3      0 69345600  11956  77972    0    0 81184     0 176436 273927 44 10 32 12  2	
16  1      0 69345600  11964  77964    0    0 81696    12 176302 276910 45 11 31 11  3	
16  3      0 69345600  11964  77972    0    0 82656    20 177562 274395 43 10 32 12  3	
12  5      0 69345600  11964  77972    0    0 82496     0 174549 273254 43 10 32 12  2	
15  3      0 69345600  11964  77972    0    0 81296     0 174716 274248 44  9 33 12  2	
11  5      0 69345600  11964  77972    0    0 81088     0 173778 271145 45 10 31 10  3	
11  5      0 69345600  11964  77972    0    0 80800     0 171113 273322 47 10 31 10  3	
14  2      0 69345600  11972  77972    0    0 81936    12 177414 276174 46  9 32 11  2	
procs -----------memory---------- ---swap-- -----io---- --system-- -----cpu-----
 r  b   swpd   free   buff  cache   si   so    bi    bo   in   cs us sy id wa st
13  5      0 69345600  11972  77972    0    0 83552     0 181674 276461 42 10 33 12  2	
13  4      0 69345600  11972  77972    0    0 83408     0 178745 276160 44 10 32 11  3	
 9  7      0 69345600  11972  77972    0    0 82288     0 179429 275908 43 10 33 12  3	
14  3      0 69345600  11972  77972    0    0 81936     0 180259 276308 43 11 32 11  2	
11  7      0 69345600  11980  77968    0    0 80256    36 178106 276382 44 10 33 11  2	
14  3      0 69345600  11980  77976    0    0 79824     0 182739 271853 41 10 34 13  3	
12  4      0 69345600  11980  77976    0    0 82128     0 180015 274374 44 10 32 12  3	
18  1      0 69345600  11980  77976    0    0 80208     0 173405 268824 41  9 33 13  3	
16  2      0 69345600  11980  77976    0    0 83152     0 177903 275977 44 11 32 11  3	
14  5      0 69345600  11980  77976    0    0 82272     8 176591 276974 45 11 31 10  2	
10  6      0 69345600  11988  77976    0    0 81744    24 176814 277099 47 10 31 10  2	
11  7      0 69345600  11988  77976    0    0 81024     0 174629 276752 46 10 31 10  3	
14  2      0 69345600  11988  77976    0    0 82320     0 174961 276566 45 11 31 10  2	
18  2      0 69345600  11988  77976    0    0 83632     0 176772 277237 45 10 32 10  3	
15  4      0 69345600  11988  77976    0    0 81616     0 175533 276569 45 11 31 10  2	
10  6      0 69345600  11996  77968    0    0 80080    12 175544 275870 44  9 33 11  3	
16  0      0 69345600  11996  77976    0    0 79552     0 175188 276733 46 11 31 10  2	
15  4      0 69345600  11996  77976    0    0 79360     0 171951 270885 47 10 30 10  3	
12  4      0 69345600  11996  77976    0    0 82976     0 176927 276375 43 11 33 11  3	
15  3      0 69345600  11996  77976    0    0 80464     8 179395 276461 44  9 33 11  3	
16  2      0 69345600  11996  77976    0    0 82256     0 175758 277266 45 11 31 10  3	
procs -----------memory---------- ---swap-- -----io---- --system-- -----cpu-----
 r  b   swpd   free   buff  cache   si   so    bi    bo   in   cs us sy id wa st
13  4      0 69345600  12004  77976    0    0 81872    24 172487 276759 47 10 31 10  2	
16  3      0 69345600  12004  77976    0    0 80768     0 177414 276470 46  9 32 11  2	
17  1      0 69345600  12004  77976    0    0 81264     0 177904 277610 45 10 32 10  3	
14  3      0 69345600  12004  77976    0    0 81248     0 173407 278359 47 11 30 10  2	
16  2      0 69345600  12004  77976    0    0 83168     0 174643 275872 45 11 31 10  3	
13  3      0 69345600  12012  77968    0    0 80272    12 175293 275712 47 10 30 11  2	
12  4      0 69345600  12012  77976    0    0 79760     0 172688 271294 44 10 32 11  3	
11  6      0 69345600  12012  77976    0    0 81184     0 177233 276535 46  9 32 11  2	
12  6      0 69345600  12012  77976    0    0 81264     0 180242 275785 44  9 33 11  2	
13  4      0 69345600  12012  77976    0    0 81376    24 182667 275062 42  9 34 12  3	
16  4      0 69345600  12012  77976    0    0 81968     0 180129 274088 42 10 33 12  2	
11  6      0 69345600  12020  77980    0    0 80816    12 181747 274590 42 10 33 12  3	
12  6      0 69345600  12020  77980    0    0 81712     0 184374 273916 41  9 34 13  3	
11  5      0 69345600  12020  77980    0    0 81888     0 184850 274028 42 10 33 13  3	
13  3      0 69345600  12020  77980    0    0 79744     0 182385 276222 43  9 33 12  3	
15  2      0 69345600  12020  77980    0    0 80288     0 180881 273669 41 10 33 13  2	
12  4      0 69345600  12028  77972    0    0 79584    12 174474 268504 43 10 32 12  3	
13  5      0 69345600  12028  77984    0    0 81184     0 175823 275363 45  9 32 11  3	
15  3      0 69345600  12028  77984    0    0 81440     0 177132 276930 43 10 33 11  3	
17  1      0 69345600  12028  77984    0    0 82624     8 176402 277212 46 10 31 10  2	
13  3      0 69345600  12028  77984    0    0 83008     0 175364 276105 46 10 31 11  2	
procs -----------memory---------- ---swap-- -----io---- --system-- -----cpu-----
 r  b   swpd   free   buff  cache   si   so    bi    bo   in   cs us sy id wa st
13  6      0 69345600  12028  77984    0    0 80064    20 173560 277608 45 12 31 10  2	
12  4      0 69345600  12036  77984    0    0 82528     4 180031 274996 44 10 32 12  3	
 0 16      0 69345600  12036  77984    0    0 81472     0 177806 272420 44  8 32 13  3	
12  5      0 69345600  12036  77984    0    0 82080     0 175603 276171 46  9 32 11  2	
16  0      0 69345600  12036  77984    0    0 80848     0 175906 272239 43 10 32 13  2	
13  5      0 69345600  12036  77984    0    0 78224     0 167988 266897 46  9 31 11  3	
15  2      0 69345600  12044  77984    0    0 81344    12 176272 275552 44 10 33 11  3	
13  4      0 69345600  12044  77984    0    0 82112     0 179046 276381 45 10 32 11  2	
13  6      0 69345600  12044  77984    0    0 82640     8 176060 276822 45 10 31 10  3	
16  1      0 69345600  12044  77984    0    0 80816     0 175606 275872 44 10 33 11  2	
11  6      0 69345600  12044  77984    0    0 82176     0 173257 276764 47 11 30 10  2	
13  3      0 69345600  12052  77976    0    0 81504    28 173876 277043 46 10 32 10  3	
13  4      0 69345600  12052  77984    0    0 81664     0 172550 273663 44  9 32 12  2	
15  2      0 69345600  12052  77984    0    0 82736     0 173317 277081 46 11 31 10  2	
13  5      0 69345600  12052  77984    0    0 81792     0 175723 275019 43 10 32 12  2	
11  6      0 69345600  12052  77984    0    0 78848     0 171935 273872 46 10 31 10  3	
14  3      0 69345600  12052  77984    0    0 84272     0 177794 277378 46 10 31 10  2	
14  4      0 69345600  12060  77984    0    0 81712    12 172505 277111 46 11 31 10  2	
14  5      0 69345600  12060  77984    0    0 80400     0 176171 276245 43 11 32 11  3	
15  3      0 69345600  12060  77984    0    0 80720     0 176441 277032 45 10 32 10  2	
15  3      0 69345600  12060  77984    0    0 79904     0 170827 272604 45 10 30 12  2	
procs -----------memory---------- ---swap-- -----io---- --system-- -----cpu-----
 r  b   swpd   free   buff  cache   si   so    bi    bo   in   cs us sy id wa st
14  2      0 69345600  12060  77984    0    0 80608     0 172600 272800 45 11 30 12  2	
15  5      0 69345600  12068  77984    0    0 81824    12 175490 275143 45 10 31 12  2	
19  0      0 69345600  12068  77984    0    0 81632    24 173578 272192 43 11 31 13  3	
13  4      0 69345600  12068  77984    0    0 80896     0 175756 275030 44 11 32 11  2	
12  4      0 69345600  12068  77984    0    0 81648     0 170340 271398 48 10 30  9  3	
11  6      0 69345600  12068  77984    0    0 82144     0 172284 277321 46 11 31 10  2	
16  3      0 69345600  12068  77984    0    0 81184     0 175009 276781 45 11 32 10  2	
11  6      0 69345600  12076  77984    0    0 82768    20 178515 276230 44 10 32 11  3	
12  5      0 69345600  12076  77988    0    0 80736     0 176523 276335 44 11 32 10  3	
14  4      0 69345600  12076  77988    0    0 81904     0 174670 277060 46 11 31 10  2	
14  4      0 69345600  12076  77988    0    0 83184     0 176637 277524 44 10 33 11  3	
13  4      0 69345600  12076  77988    0    0 80864     0 176697 277716 45 10 32 10  2	
18  2      0 69345600  12084  77980    0    0 82768    24 174716 273334 44  9 32 12  2	
14  4      0 69345728  12084  77996    0    0 83856     0 182445 277292 44 10 32 11  3	
15  2      0 69345728  12084  77996    0    0 80512     0 174536 271993 45 10 32 11  3	
10  7      0 69344936  12084  78000    0    0 80944     0 180588 274711 45  9 32 11  3	
14  4      0 69344936  12084  78000    0    0 82176     0 177852 274713 43 10 33 11  2	
14  3      0 69344936  12084  78000    0    0 80992     0 180766 276117 44 10 32 11  3	
15  3      0 69344936  12092  78000    0    0 79216    36 178345 270284 42  9 33 14  3	
14  4      0 69344936  12092  78000    0    0 81904     0 180964 276428 43  9 33 11  2	
13  3      0 69344936  12092  78000    0    0 82160     0 178555 275991 44 10 32 11  2	
procs -----------memory---------- ---swap-- -----io---- --system-- -----cpu-----
 r  b   swpd   free   buff  cache   si   so    bi    bo   in   cs us sy id wa st
16  2      0 69344936  12092  78000    0    0 83456     0 179736 275829 44 10 32 11  3	
13  4      0 69344936  12092  78000    0    0 82288     0 177697 276390 47  9 31 10  3	
19  2      0 69345824  12100  77992    0    0 80064    32 175219 271839 43 11 31 13  2	
14  2      0 69345856  12100  78000    0    0 81952     0 177679 274840 45 10 31 11  3	
15  3      0 69345856  12100  78000    0    0 82256     0 176510 277541 44 11 32 10  2	
14  4      0 69345856  12100  78000    0    0 81024     0 173307 273473 46  9 31 12  3	
15  2      0 69345856  12100  78000    0    0 82368     0 175493 274727 44 11 32 10  3	
16  2      0 69345856  12108  78000    0    0 82704    16 179199 276590 44 10 32 11  3	
13  3      0 69345856  12108  78000    0    0 83104     0 177937 275807 45  9 33 11  2	
13  4      0 69345856  12108  78000    0    0 79600     0 174946 273614 42 11 33 12  2	
15  3      0 69345856  12108  78000    0    0 81216     0 173500 276069 47 11 30 10  2	
14  2      0 69345856  12108  78000    0    0 84640     0 176343 276378 46 10 31 11  3	
14  5      0 69345856  12108  78000    0    0 81872     0 171343 277298 45 11 32 10  2	
14  4      0 69345856  12116  78000    0    0 82128    12 172470 274212 46 12 30 10  3	
13  3      0 69345856  12116  78000    0    0 81824     0 175254 276228 46 10 31 10  3	
13  5      0 69345856  12116  78000    0    0 84080     0 173662 277030 46 12 30 10  2	
16  1      0 69345856  12116  78000    0    0 82688     0 179568 272715 41 11 32 13  3	
14  3      0 69345856  12116  78000    0    0 79296    40 176211 275891 45  9 32 11  2	
11  5      0 69345856  12124  78000    0    0 81904    12 173345 277700 45 12 31 10  2	
17  3      0 69345856  12124  78000    0    0 81568     0 175466 277259 45 10 33 10  2	
17  2      0 69345856  12124  78004    0    0 79872     0 173138 274475 45 10 32 11  3	
procs -----------memory---------- ---swap-- -----io---- --system-- -----cpu-----
 r  b   swpd   free   buff  cache   si   so    bi    bo   in   cs us sy id wa st
15  2      0 69345856  12124  78004    0    0 81424     0 172498 276971 46 10 31 10  2	
15  2      0 69345856  12124  78004    0    0 81808    12 176237 274085 44 10 32 12  2	
14  2      0 69345856  12124  78004    0    0 78944     0 172830 267726 44  9 32 12  3	
16  0      0 69345856  12132  78004    0    0 82944    28 174316 275519 47 10 31 10  2	
12  5      0 69345856  12132  78004    0    0 81968     0 174362 276663 45 11 31 10  2	
14  4      0 69345856  12132  78004    0    0 82464     0 177436 273870 44 10 31 12  2	
15  3      0 69345856  12132  78004    0    0 82272     8 179866 275284 43 10 33 12  3	
13  3      0 69345856  12132  78004    0    0 83536     0 178571 275844 43  9 33 12  3	
19  1      0 69345856  12140  77996    0    0 83392    28 178652 276942 44 11 32 11  3	
11  7      0 69345856  12140  78004    0    0 81504     0 174912 273978 45  9 31 12  2	
14  3      0 69345856  12140  78004    0    0 82656     0 178703 272202 42 10 32 14  3	
 0 16      0 69345856  12140  78004    0    0 82224     0 176431 275190 43 10 33 11  2	
12  5      0 69345856  12140  78004    0    0 80896     8 173366 269385 45 10 32 11  3	
14  4      0 69345856  12140  78008    0    0 79840     0 177826 275809 44 11 32 11  3	
14  3      0 69345856  12148  78008    0    0 80672    12 176028 276368 45 11 32 10  2	
13  3      0 69345856  12148  78008    0    0 82576     0 178294 276373 44  9 33 11  2	
15  2      0 69345856  12148  78008    0    0 79264     0 176593 271620 42 10 32 13  3	
11  5      0 69345856  12148  78008    0    0 80512     0 182355 275692 45 10 32 11  2	
16  1      0 69345856  12148  78008    0    0 79184     0 180198 274968 44  9 33 12  2	
12  4      0 69345856  12156  78008    0    0 81632    12 183449 275586 45 10 32 12  3	
14  3      0 69345856  12156  78008    0    0 80912     0 182763 274340 43  9 33 12  3	
procs -----------memory---------- ---swap-- -----io---- --system-- -----cpu-----
 r  b   swpd   free   buff  cache   si   so    bi    bo   in   cs us sy id wa st
13  5      0 69345856  12156  78008    0    0 81376     0 185928 274238 42  9 33 13  2	
 9  8      0 69345856  12156  78008    0    0 81392     0 181300 271389 43 10 32 12  3	
17  3      0 69345856  12156  78008    0    0 81616     0 182673 274556 44  9 32 12  2	
16  3      0 69345856  12156  78008    0    0 80912     0 182920 275313 43 11 32 12  2	
15  3      0 69345856  12164  78008    0    0 81200    12 183536 276658 43 10 33 12  3	
13  5      0 69345856  12164  78008    0    0 81152     0 179989 276304 45 10 32 11  2	
17  2      0 69345856  12164  78008    0    0 82752     0 178366 273930 45 10 31 12  2	
16  2      0 69345856  12164  78008    0    0 81328     0 181635 275418 45 11 31 11  2	
13  4      0 69345856  12164  78008    0    0 79200     0 175307 272524 43 11 31 12  2	
12  5      0 69345856  12172  78008    0    0 80992    12 177609 275863 44 10 33 11  2	
17  1      0 69345856  12172  78008    0    0 80112     0 179436 275994 43 10 33 12  3	
17  2      0 69345856  12172  78012    0    0 81264    24 175881 270708 46  9 31 11  3	
20  0      0 69345856  12172  78012    0    0 81072     0 179427 272595 42 11 32 13  2	
12  5      0 69345856  12172  78012    0    0 80112     0 180277 275236 45  9 32 11  3	
13  3      0 69345856  12172  78012    0    0 79632     0 180388 275802 45 10 32 11  2	
15  2      0 69345856  12180  78012    0    0 79952    24 178025 275976 45 10 32 11  2	
10  7      0 69345856  12180  78012    0    0 81632     0 176589 276119 47  9 31 10  2	
14  4      0 69345856  12180  78012    0    0 79712     0 179913 275411 43 10 33 11  3	
 9  8      0 69345856  12180  78012    0    0 81424     0 180915 276203 46  9 32 11  2	
15  2      0 69345856  12180  78012    0    0 79616     0 179723 271321 44 10 33 11  3	
15  2      0 69345856  12188  78012    0    0 80640    12 177839 273829 44 10 31 12  2	
procs -----------memory---------- ---swap-- -----io---- --system-- -----cpu-----
 r  b   swpd   free   buff  cache   si   so    bi    bo   in   cs us sy id wa st
12  4      0 69345856  12188  78012    0    0 80608     0 181172 273213 43 11 32 12  3	
14  4      0 69345856  12188  78012    0    0 80720     0 182287 276214 44  9 33 12  3	
14  4      0 69345856  12188  78012    0    0 83552     0 179834 275649 45 11 31 11  2	
16  2      0 69345856  12188  78012    0    0 83888     0 180173 276329 45 10 32 11  3	
15  2      0 69345856  12188  78012    0    0 81312     0 179797 275377 45 10 32 11  2	
16  2      0 69345856  12196  78012    0    0 79472    20 180029 275204 44 10 32 11  3	
13  3      0 69345856  12196  78012    0    0 79168     0 176240 271841 42 11 31 13  2	
11  6      0 69345856  12196  78012    0    0 80608     0 174948 276278 46 11 30 10  2	
15  3      0 69345856  12196  78012    0    0 81104     0 179191 276027 45 11 31 11  2	
14  5      0 69345856  12196  78012    0    0 81792     0 181288 276500 44 11 31 11  3	
14  2      0 69345856  12204  78012    0    0 79968    24 179391 269194 42 10 32 13  3	
16  2      0 69345856  12204  78012    0    0 80928     0 180115 275010 44 10 32 11  3	
15  1      0 69345856  12204  78012    0    0 79568     0 177011 275890 46 11 31 11  2	
18  0      0 69345856  12204  78016    0    0 82112     0 178399 275931 44 11 32 11  3	
10  7      0 69345856  12204  78016    0    0 81904     0 177493 273097 45 10 31 12  2	
14  4      0 69345856  12204  78016    0    0 79936     0 179421 276008 44 10 32 11  3	
14  4      0 69345856  12212  78016    0    0 80320    12 182489 276262 44 11 32 11  2	
12  5      0 69345856  12212  78016    0    0 80368     0 180597 275493 45  9 33 11  3	
11  6      0 69345856  12212  78016    0    0 79968     0 181491 274835 43 10 33 12  2	
14  3      0 69345856  12212  78016    0    0 82048     0 181817 275058 43  9 33 12  3	
14  3      0 69345856  12212  78016    0    0 79536     0 180148 265625 42  9 32 13  3	
procs -----------memory---------- ---swap-- -----io---- --system-- -----cpu-----
 r  b   swpd   free   buff  cache   si   so    bi    bo   in   cs us sy id wa st
10  6      0 69345856  12220  78016    0    0 79200    32 179173 270635 42 10 33 13  2	
10  6      0 69345856  12220  78016    0    0 80112     0 178954 275884 46 10 31 11  2	
14  4      0 69345856  12220  78016    0    0 80944     0 177695 276136 46 10 31 11  2	
16  1      0 69345856  12220  78020    0    0 82768     0 180770 275822 45  9 32 11  2	
16  2      0 69345856  12220  78020    0    0 81568     0 178562 276326 46  9 32 11  2	
14  5      0 69345856  12220  78020    0    0 81184    16 180194 274323 43 10 32 12  3	
13  4      0 69345856  12228  78020    0    0 79552    16 177573 271886 45  9 32 12  2	
14  3      0 69345856  12228  78020    0    0 81184     0 180571 275571 45 10 31 11  2	
15  1      0 69345856  12228  78020    0    0 82544     0 177067 272534 46  9 31 12  2	
12  7      0 69345856  12228  78020    0    0 79664     0 176319 272897 44 11 32 11  3	
14  4      0 69345856  12228  78020    0    0 80096     0 181157 275872 44 11 32 11  3	
12  4      0 69345856  12236  78020    0    0 79568    12 178332 271397 43 10 32 11  3	
18  2      0 69345856  12236  78020    0    0 81488     0 183714 274842 44  9 33 12  2	
14  4      0 69345856  12236  78020    0    0 78704     0 182168 272870 44  8 33 13  3	
11  7      0 69345856  12236  78020    0    0 79744     0 178448 271921 43  9 33 13  2	
15  4      0 69345856  12236  78020    0    0 80688     8 183225 272541 40 10 34 13  3	
13  4      0 69345856  12236  78020    0    0 80224     0 182195 275037 42 10 33 12  3	
16  1      0 69345856  12244  78020    0    0 80080    24 182199 274251 43 10 33 12  3	
13  4      0 69345856  12244  78020    0    0 80224     0 183248 274404 42 10 34 12  2	
15  3      0 69345856  12244  78020    0    0 79360     0 182209 268998 44  9 32 12  3	
17  2      0 69345856  12244  78020    0    0 79600     0 181144 274193 42 10 33 12  3	
procs -----------memory---------- ---swap-- -----io---- --system-- -----cpu-----
 r  b   swpd   free   buff  cache   si   so    bi    bo   in   cs us sy id wa st
12  5      0 69345856  12244  78020    0    0 81584     0 183283 275531 42  9 34 12  2	
13  4      0 69345856  12252  78020    0    0 80864    12 182097 274279 43 10 33 12  2	
13  6      0 69345856  12252  78020    0    0 80656     0 182203 275427 42 10 33 12  3	
11  6      0 69345856  12252  78020    0    0 82224     0 181215 275233 43 11 32 11  2	
13  6      0 69345856  12252  78020    0    0 79744     0 178849 275913 44 10 32 11  2	
14  5      0 69345856  12252  78020    0    0 80832     0 179168 276376 45 11 31 11  2	
13  5      0 69345856  12252  78020    0    0 80128     0 184623 272829 41 10 34 13  3	
19  1      0 69345856  12260  78020    0    0 80816    12 179913 276120 46  9 32 11  2	
15  2      0 69345856  12260  78020    0    0 80608     0 181337 273340 42 10 33 12  3	
10  6      0 69345856  12260  78020    0    0 82688     8 185094 274372 43  9 33 12  3	
15  2      0 69345856  12260  78020    0    0 81504     0 182873 274236 42 10 33 12  2	
18  2      0 69345856  12260  78020    0    0 81728     0 184685 273756 42  9 33 13  3	
15  2      0 69345856  12268  78020    0    0 80000    24 181395 276140 43 10 33 12  2	
14  2      0 69345856  12268  78020    0    0 77760     0 176333 272307 43 10 32 13  2	
17  2      0 69345856  12268  78024    0    0 80384     0 180310 275083 44 10 32 12  3	
12  5      0 69345856  12268  78028    0    0 78288    24 179958 275371 45  9 32 11  3	
13  4      0 69345856  12268  78028    0    0 78320     0 183695 273537 41 10 34 13  2	
14  2      0 69345856  12268  78028    0    0 79408     0 178649 270873 41 10 32 14  2	
13  4      0 69345856  12276  78028    0    0 79488    12 181157 272045 43 10 32 12  3	
15  3      0 69345856  12276  78028    0    0 80880     0 184185 275242 43  9 33 12  3	
12  5      0 69345856  12276  78028    0    0 80752     0 184881 274301 42 11 33 12  2	
procs -----------memory---------- ---swap-- -----io---- --system-- -----cpu-----
 r  b   swpd   free   buff  cache   si   so    bi    bo   in   cs us sy id wa st
13  4      0 69345856  12276  78028    0    0 79840     0 186296 274092 41 11 34 12  2	
12  5      0 69345856  12276  78028    0    0 79280     0 183100 274352 42 10 34 12  3	
15  4      0 69345856  12284  78028    0    0 81952    12 183859 276324 42 10 34 12  3	
13  4      0 69345856  12284  78028    0    0 80160     0 179670 274980 43 10 32 12  3	
19  2      0 69345856  12284  78028    0    0 83216     8 179181 276087 46  9 32 11  2	
17  2      0 69345856  12284  78028    0    0 80656     0 176182 274871 45  9 32 11  3	
13  5      0 69345856  12284  78028    0    0 83248     0 180615 274561 43 10 33 12  3	
18  1      0 69345856  12284  78028    0    0 79824     0 174687 270623 46 11 31 10  3	
13  4      0 69345856  12292  78028    0    0 81408    24 178033 271530 46 10 31 11  2	
16  1      0 69345856  12292  78028    0    0 80272     0 182113 275164 44  9 33 12  3	
14  2      0 69345856  12292  78028    0    0 80672     0 183959 274526 43  8 33 12  3	
14  4      0 69345856  12292  78028    0    0 80368     0 179479 272187 42 10 33 13  3	
15  3      0 69345856  12292  78028    0    0 79232     0 181634 274593 43 10 33 12  2	
15  4      0 69345856  12300  78028    0    0 80768    12 181566 273894 43 10 33 12  3	
17  3      0 69345856  12300  78028    0    0 81216     0 182124 274073 43  9 34 12  3	
16  2      0 69345856  12300  78028    0    0 81248     0 183036 274271 43  9 33 12  2	
15  4      0 69345856  12300  78028    0    0 80864     0 178881 273956 44 10 32 12  3	
11  7      0 69345856  12300  78028    0    0 82544     0 181230 271961 44  9 33 12  3	
13  4      0 69345856  12300  78028    0    0 81696     0 183139 275319 42 10 34 12  2	
13  3      0 69345856  12308  78028    0    0 80688    20 181557 273403 43  9 33 13  2	
16  2      0 69345856  12308  78028    0    0 81216     0 180416 276234 43 10 32 11  3	
procs -----------memory---------- ---swap-- -----io---- --system-- -----cpu-----
 r  b   swpd   free   buff  cache   si   so    bi    bo   in   cs us sy id wa st
14  3      0 69345856  12308  78028    0    0 80592     0 175398 277037 45 11 31 10  3	
17  0      0 69345856  12308  78028    0    0 83392     0 180034 275343 43 10 33 12  2	
14  4      0 69345856  12308  78028    0    0 80880     0 176703 273953 44 10 32 12  2	
17  1      0 69345856  12316  78028    0    0 80640    24 175934 272632 44  9 32 12  2	
13  3      0 69345856  12316  78028    0    0 82208     0 177389 275589 43 10 33 11  3	
12  5      0 69345856  12316  78028    0    0 81408     0 175489 276413 45 11 32 10  2	
20  1      0 69345856  12316  78028    0    0 81120     0 179696 273784 43 11 32 11  3	
15  2      0 69345856  12316  78032    0    0 81968     0 179641 275454 44  9 33 11  3	
14  3      0 69345856  12316  78032    0    0 80592    16 181293 273783 43 10 32 12  2	
11  6      0 69345856  12324  78032    0    0 81616    20 176073 273962 43 10 32 12  2	
18  3      0 69345856  12324  78032    0    0 80576     0 178155 275586 43 10 33 11  3	
15  2      0 69345856  12324  78032    0    0 79040     0 174303 271869 43  9 32 13  2	
13  5      0 69345856  12324  78032    0    0 81792     0 182113 275029 44  9 33 12  2	
12  5      0 69345856  12324  78032    0    0 78352     0 177456 275763 45  9 33 11  3	
14  3      0 69345856  12332  78032    0    0 82320    12 181583 274441 42  9 33 12  3	
18  2      0 69345856  12332  78036    0    0 79296     0 175242 275133 45 11 31 10  2	
16  2      0 69345856  12332  78036    0    0 78896     0 175709 269697 44 10 32 11  3	
14  3      0 69345856  12332  78036    0    0 83504     0 179990 275050 43  9 33 12  3	
16  1      0 69345856  12332  78036    0    0 82544     0 178469 275675 43 10 33 12  2	
15  3      0 69345856  12332  78036    0    0 80000     8 180869 275281 42 10 33 12  3	
12  4      0 69345856  12340  78036    0    0 81088    24 176770 276586 44 10 32 11  2	
procs -----------memory---------- ---swap-- -----io---- --system-- -----cpu-----
 r  b   swpd   free   buff  cache   si   so    bi    bo   in   cs us sy id wa st
12  4      0 69345856  12340  78036    0    0 79552     0 177665 271720 43 10 32 13  2	
10  7      0 69345856  12340  78036    0    0 79664     0 175156 269733 42 10 32 13  2	
17  2      0 69345856  12340  78036    0    0 81056     0 179803 275571 44  9 32 11  3	
14  2      0 69345856  12340  78036    0    0 81360     0 181485 274883 42 10 33 12  3	
15  4      0 69345856  12348  78036    0    0 80960    12 177884 275151 43  9 33 12  2	
15  3      0 69345856  12348  78036    0    0 80624     0 173116 269574 44 10 32 11  3	
14  3      0 69345856  12348  78036    0    0 82240     0 176571 276374 44 11 32 11  2	
12  5      0 69345856  12348  78036    0    0 81632     0 177858 275663 43 11 32 11  3	
13  4      0 69345856  12348  78036    0    0 81184     0 177856 275100 44 10 32 12  2	
10  6      0 69345856  12348  78036    0    0 81920     0 179338 275065 45  9 32 11  2	
12  7      0 69345856  12356  78036    0    0 79744    12 176924 276169 46  9 32 11  2	
12  6      0 69345856  12356  78036    0    0 81392     0 181142 275956 43 10 33 11  2	
13  3      0 69345856  12356  78036    0    0 80400     0 179607 275010 44  8 33 12  3	
14  3      0 69345856  12356  78036    0    0 81136     8 177157 276304 46  9 32 11  2	
 9  7      0 69345856  12356  78036    0    0 77568     0 174697 269170 43  9 32 14  2	
15  4      0 69345856  12364  78036    0    0 78768    24 175094 270597 45 11 31 10  3	
15  6      0 69345856  12364  78036    0    0 81232     0 175788 276890 45 11 31 10  2	
16  2      0 69345856  12364  78036    0    0 81792     0 178637 276610 43 10 33 11  3	
12  5      0 69345856  12364  78036    0    0 80896    32 175998 274874 44 10 32 11  2	
19  2      0 69345856  12364  78036    0    0 83008     0 173004 277570 45 12 30 10  2	
15  2      0 69345856  12364  78040    0    0 82720     0 174313 277085 46 12 31 10  2	
procs -----------memory---------- ---swap-- -----io---- --system-- -----cpu-----
 r  b   swpd   free   buff  cache   si   so    bi    bo   in   cs us sy id wa st
15  2      0 69345856  12372  78040    0    0 82512    12 175991 276263 45 10 32 11  2	
13  5      0 69345856  12372  78040    0    0 83888     0 176811 275400 45 10 32 12  2	
12  6      0 69345856  12372  78040    0    0 83328     0 177947 276246 42 11 33 11  3	
15  4      0 69345856  12372  78040    0    0 81104     0 177219 276276 44 10 32 11  3	
13  5      0 69345856  12372  78040    0    0 81568     0 176415 273329 44 10 32 11  3	
16  3      0 69345856  12380  78040    0    0 83136    12 177162 276351 46 11 31 11  2	
19  1      0 69345856  12380  78040    0    0 82768     0 175435 276677 45 10 32 10  2	
12  4      0 69345856  12380  78040    0    0 80128     0 177504 276639 45 10 32 10  3	
12  4      0 69345856  12380  78040    0    0 80656     0 177697 275194 44  9 33 12  3	
18  1      0 69345856  12380  78040    0    0 80048     0 175274 276444 44 10 33 11  3	
15  2      0 69345856  12380  78040    0    0 81856     0 176210 276046 45 10 32 11  2	
17  1      0 69345856  12388  78040    0    0 81504    12 176208 276056 44 11 32 11  2	
11  4      0 69345856  12388  78040    0    0 81472     4 178583 275344 43 10 33 11  3	
14  4      0 69345856  12388  78040    0    0 82320     0 175567 273050 43 10 32 12  2	
 5 11      0 69345856  12388  78040    0    0 80240     0 176932 273758 44 10 32 11  3	
17  1      0 69345856  12388  78040    0    0 79056     0 178919 273867 42 10 33 12  3	
17  4      0 69345856  12396  78044    0    0 81216    12 175729 275614 44 11 32 11  2	
12  5      0 69345856  12396  78044    0    0 81856     0 181210 274677 42 10 33 12  2	
15  3      0 69345856  12396  78044    0    0 80848     0 178930 274389 43 10 33 12  3	
16  2      0 69345856  12396  78044    0    0 79440     0 178527 274599 44 10 32 12  2	
19  1      0 69345856  12396  78044    0    0 81152     0 180703 274824 43 10 33 12  3	
procs -----------memory---------- ---swap-- -----io---- --system-- -----cpu-----
 r  b   swpd   free   buff  cache   si   so    bi    bo   in   cs us sy id wa st
13  4      0 69345856  12400  78040    0    0 80544    12 180487 275127 43 10 33 12  2	
17  4      0 69345856  12404  78044    0    0 82912     4 177936 273918 43 11 32 12  3	
13  6      0 69345856  12404  78044    0    0 80384     8 177926 272227 42 10 32 13  3	
14  6      0 69345856  12404  78044    0    0 80464     0 177637 269473 42 10 33 12  3	
15  1      0 69345856  12404  78044    0    0 80016     0 177542 271773 45 11 31 11  3	
14  2      0 69345856  12404  78044    0    0 81040     0 181635 274183 42 10 33 13  3	
19  1      0 69345856  12412  78044    0    0 80784    24 180139 275765 42 11 33 12  2	
16  2      0 69345856  12412  78044    0    0 82640     0 181073 275927 42 12 32 11  3	
16  3      0 69345856  12412  78044    0    0 77616     0 171241 263916 41  9 31 16  2	
17  1      0 69345856  12412  78044    0    0 80592     0 181638 275383 43 10 33 11  2	
16  1      0 69345856  12412  78044    0    0 80208     0 179874 274187 42 10 33 12  3	
12  3      0 69345728  12420  78048    0    0 79744    12 175687 275073 44 11 32 11  2	
10  7      0 69345728  12420  78048    0    0 80160    16 178968 275661 42 10 33 12  3	
14  4      0 69345728  12420  78048    0    0 80688     0 176698 272589 44 10 32 11  3	
16  2      0 69345728  12420  78048    0    0 81904     0 179971 275952 42 10 33 12  2	
15  5      0 69345728  12420  78048    0    0 81696     0 180632 275313 43 10 33 11  3	
13  6      0 69345728  12428  78048    0    0 79648    12 182190 273274 43 10 32 13  2	
16  1      0 69345728  12428  78048    0    0 80272     0 179857 275690 43 10 33 12  2	
14  3      0 69345728  12428  78048    0    0 80192     0 176428 276598 45  9 32 11  3	
11  7      0 69345728  12428  78048    0    0 82560     0 180051 275054 43 10 33 12  3	
15  3      0 69345728  12428  78048    0    0 81184     0 178705 273767 43 10 32 12  2	
procs -----------memory---------- ---swap-- -----io---- --system-- -----cpu-----
 r  b   swpd   free   buff  cache   si   so    bi    bo   in   cs us sy id wa st
15  4      0 69345728  12428  78048    0    0 80240     8 176247 273718 43 10 33 12  3	
16  3      0 69345728  12436  78048    0    0 79360    12 176754 272435 41 11 32 13  2	
15  3      0 69345728  12436  78048    0    0 78608     0 174406 269545 43 11 32 11  3	
15  5      0 69345728  12436  78048    0    0 81648     0 179292 275233 44 10 32 12  3	
 9  7      0 69345728  12436  78048    0    0 83312     0 178131 275789 45 10 32 11  2	
 6 11      0 69345728  12436  78048    0    0 82432     0 176171 276505 44 11 32 11  3	
16  2      0 69345728  12444  78048    0    0 82384    24 174971 274518 43 11 32 12  2	
14  4      0 69345728  12444  78048    0    0 81680     0 177776 276644 44 11 32 11  3	
19  1      0 69345728  12444  78048    0    0 81136     0 180124 274566 43 10 33 12  2	
14  2      0 69345728  12444  78048    0    0 82832     0 180900 273653 42  9 34 13  2	
15  2      0 69345728  12444  78048    0    0 79328     0 175660 269731 42  9 33 13  3	
16  2      0 69345728  12452  78048    0    0 80832    24 177711 276962 44 10 33 11  2	
16  3      0 69345728  12452  78048    0    0 79392     0 175554 270714 43 11 32 11  3	
13  6      0 69345728  12452  78048    0    0 81344     0 178792 275983 44 10 32 11  2	
11  5      0 69345728  12452  78048    0    0 82256     0 179477 274444 42 11 32 12  3	
16  3      0 69345728  12452  78048    0    0 80064     0 178720 274906 45  9 33 11  2	
14  2      0 69345728  12452  78048    0    0 81008     0 181601 274092 42 10 33 13  3	
16  2      0 69345728  12460  78052    0    0 81456    24 181142 275593 44  9 33 12  2	
