procs -----------memory---------- ---swap-- -----io---- --system-- -----cpu-----
 r  b   swpd   free   buff  cache   si   so    bi    bo   in   cs us sy id wa st
 1  0      0 97482512  11972  70200    0    0  2487  1714   60    8 24  6 61  8  0	
53 19      0 97372392  11972  70224    0    0 223360     0 132745 255776 54 16 28  1  1	
 8 57      0 97263024  11972  70224    0    0 205136     0 161391 213462 31  9  1 58  1	
 7 57      0 97262400  11972  70224    0    0 163328     0 186336 202794 15  5  0 77  2	
 4 60      0 97262400  11980  70224    0    0 163392    52 182529 198480 16  4  0 78  2	
 9 57      0 97262400  11980  70224    0    0 163280     0 185479 200060 15  5  1 78  2	
 8 57      0 97262272  11980  70224    0    0 163280     0 187211 202589 16  5  0 78  2	
10 55      0 97262272  11980  70224    0    0 163360     0 186191 200539 14  5  0 79  2	
13 53      0 97262272  11980  70224    0    0 163312     0 188556 204211 16  5  0 77  2	
 7 57      0 97262272  11988  70216    0    0 163392    12 189137 203877 15  5  1 77  2	
 6 60      0 97262272  11988  70224    0    0 163344     0 187400 202876 15  5  0 78  2	
 5 59      0 97262272  11988  70224    0    0 163344     0 188176 202821 14  5  1 79  2	
 7 57      0 97262272  11988  70224    0    0 163248     0 186889 201066 14  4  0 80  2	
 1 63      0 97262272  11988  70224    0    0 163408     0 187318 200951 13  5  0 80  2	
 9 57      0 97262272  11988  70224    0    0 163312     0 186044 200861 14  4  1 79  2	
 7 58      0 97262272  11996  70224    0    0 163360    12 187781 202269 14  5  1 79  2	
 7 59      0 97262272  11996  70224    0    0 163312     0 187419 204056 16  5  1 76  2	
 6 59      0 97262272  11996  70224    0    0 163360     0 188565 203338 14  4  1 80  2	
 6 59      0 97262272  11996  70224    0    0 163312     0 188886 203620 14  4  1 79  2	
 7 59      0 97262272  11996  70224    0    0 163296    12 189824 202800 13  4  1 80  2	
 8 57      0 97262272  12004  70224    0    0 163344    12 188627 203959 14  4  1 79  2	
procs -----------memory---------- ---swap-- -----io---- --system-- -----cpu-----
 r  b   swpd   free   buff  cache   si   so    bi    bo   in   cs us sy id wa st
 7 57      0 97262272  12004  70224    0    0 163328     0 189408 205898 15  4  1 78  2	
12 55      0 97262272  12004  70224    0    0 163280     0 187967 202232 12  5  1 80  2	
 8 56      0 97262272  12004  70224    0    0 163344     0 189041 204871 15  4  1 78  2	
11 55      0 97262272  12004  70224    0    0 163312    48 189386 205127 16  5  0 77  2	
 8 56      0 97262272  12004  70224    0    0 163328     0 184004 201264 18  5  1 74  2	
 3 60      0 97257808  12012  70224    0    0 163440    12 188576 203228 17  6  1 75  2	
 5 59      0 97257808  12012  70224    0    0 163296     0 187016 201081 13  5  1 79  2	
 6 58      0 97257808  12012  70224    0    0 163296     0 188484 202467 15  4  1 78  2	
12 54      0 97257808  12012  70224    0    0 163280     0 188791 202759 14  5  0 79  2	
 9 57      0 97257808  12012  70224    0    0 163376     0 188780 203202 15  4  0 79  2	
 3 61      0 97257808  12020  70224    0    0 163376    20 188331 203167 15  4  1 79  2	
 3 62      0 97257808  12020  70224    0    0 163312     0 188757 202938 14  4  1 79  2	
 5 59      0 97257808  12020  70228    0    0 163360     0 188167 201036 12  5  0 81  2	
12 51      0 97257808  12020  70228    0    0 163232     0 186259 201223 15  5  0 79  2	
 7 57      0 97257160  12020  70232    0    0 163392    20 188225 203462 16  6  1 75  2	
 8 57      0 97257160  12020  70232    0    0 163344     0 185752 202484 15  4  1 79  2	
10 56      0 97257160  12028  70232    0    0 163344    36 186148 199764 15  5  1 78  2	
 6 58      0 97257160  12028  70232    0    0 163392     0 188350 204841 16  5  1 77  2	
 7 58      0 97257160  12028  70232    0    0 163312     0 189294 204544 15  4  0 79  2	
 8 56      0 97257160  12028  70232    0    0 163328     0 186827 203113 17  4  0 77  2	
10 55      0 97257160  12028  70232    0    0 163312     0 188350 204329 15  5  0 78  2	
procs -----------memory---------- ---swap-- -----io---- --system-- -----cpu-----
 r  b   swpd   free   buff  cache   si   so    bi    bo   in   cs us sy id wa st
 4 60      0 97257160  12036  70232    0    0 163408    12 188944 203673 15  5  1 78  2	
12 54      0 97257160  12036  70236    0    0 163264     0 188409 202510 14  4  0 80  2	
13 53      0 97257160  12036  70236    0    0 163280     0 186524 202214 15  4  1 78  2	
 7 57      0 97257160  12036  70236    0    0 163440     0 188084 203579 15  5  0 78  2	
 4 61      0 97257160  12036  70236    0    0 163312     0 186578 201157 14  5  0 79  2	
 9 55      0 97257160  12036  70236    0    0 163280     0 189291 203345 14  5  1 78  2	
10 57      0 97257160  12044  70236    0    0 163376    12 189940 205326 14  4  1 79  2	
 6 58      0 97257160  12044  70236    0    0 163392     0 186402 200547 14  4  1 80  2	
 7 57      0 97257160  12044  70236    0    0 163296     0 187216 202786 15  5  1 77  2	
11 55      0 97257160  12044  70236    0    0 163344     0 186782 202596 17  5  0 76  2	
 3 61      0 97257160  12044  70236    0    0 163376     0 187579 202402 15  4  1 78  2	
 8 58      0 97257160  12052  70236    0    0 163328    12 187521 202461 16  5  0 77  2	
 7 57      0 97257160  12052  70236    0    0 163312     0 186898 202389 17  4  1 77  2	
14 55      0 97257160  12052  70236    0    0 163312     0 189440 203413 14  5  1 79  2	
10 56      0 97257160  12052  70236    0    0 163408     0 189377 203660 14  5  1 78  2	
12 55      0 97257160  12052  70236    0    0 163360     0 189588 204499 15  4  0 79  2	
 7 58      0 97257160  12052  70236    0    0 163232     0 189195 204088 15  5  1 78  2	
 9 57      0 97257160  12060  70236    0    0 163472    12 188743 202377 14  4  1 80  2	
11 55      0 97257160  12060  70236    0    0 163264    36 187773 201884 15  4  0 79  2	
14 55      0 97257160  12060  70236    0    0 163344     0 188500 203001 14  5  1 79  2	
10 56      0 97257160  12060  70236    0    0 163360     0 188845 203349 14  4  0 80  2	
procs -----------memory---------- ---swap-- -----io---- --system-- -----cpu-----
 r  b   swpd   free   buff  cache   si   so    bi    bo   in   cs us sy id wa st
10 54      0 97257160  12060  70236    0    0 163312     0 188467 203075 14  4  0 79  2	
 9 56      0 97257160  12068  70236    0    0 163376    12 187922 202987 14  5  1 79  2	
 9 55      0 97257160  12068  70236    0    0 163344    16 187314 202057 14  4  1 79  2	
11 55      0 97257160  12068  70236    0    0 163312     0 186856 201300 14  5  1 79  2	
11 54      0 97257160  12068  70240    0    0 163360     0 186364 203752 17  5  0 76  2	
 7 57      0 97257160  12068  70240    0    0 163360     0 189923 204873 14  5  1 79  2	
 7 59      0 97257160  12068  70240    0    0 163360     0 187996 202258 16  4  1 78  2	
 9 58      0 97257160  12076  70240    0    0 163296    36 187539 199798 13  4  0 81  2	
 9 56      0 97257160  12076  70240    0    0 163312     0 191063 205496 14  4  1 79  2	
 8 58      0 97257160  12076  70240    0    0 163360     0 188306 201100 13  4  0 80  2	
12 54      0 97257160  12076  70240    0    0 163264     0 188168 201546 14  4  1 80  2	
10 56      0 97257160  12076  70244    0    0 163360     0 186389 202265 16  5  1 77  2	
12 55      0 97257160  12084  70244    0    0 163280    24 186317 200559 13  4  1 81  2	
 5 59      0 97257160  12084  70244    0    0 163392     0 187270 201905 15  4  0 79  2	
 9 57      0 97257160  12084  70244    0    0 163328     0 187145 202245 14  5  1 79  2	
 6 58      0 97257160  12084  70244    0    0 163344     0 187186 200924 15  4  1 79  2	
 8 58      0 97257160  12084  70244    0    0 163296     0 187367 201752 17  5  1 76  2	
13 54      0 97257160  12084  70244    0    0 163296     0 187105 201967 15  5  1 78  2	
 6 60      0 97257160  12092  70244    0    0 163408    12 187639 202543 16  5  1 77  2	
 7 58      0 97257160  12092  70244    0    0 163328     0 187982 203433 15  5  0 78  2	
 4 61      0 97257160  12092  70244    0    0 163360     0 187661 201216 14  4  1 80  2	
procs -----------memory---------- ---swap-- -----io---- --system-- -----cpu-----
 r  b   swpd   free   buff  cache   si   so    bi    bo   in   cs us sy id wa st
18 48      0 97257160  12092  70244    0    0 163168     0 185986 201386 16  5  1 77  2	
 6 59      0 97257160  12092  70248    0    0 163520     0 187925 202266 13  4  0 80  2	
 9 58      0 97257160  12100  70248    0    0 163296    12 186711 200789 15  4  0 78  2	
 7 57      0 97257160  12100  70248    0    0 163360     0 188256 201353 14  5  1 79  2	
 9 55      0 97257160  12100  70248    0    0 163328     0 187818 202537 15  5  1 78  2	
 6 59      0 97257160  12100  70248    0    0 163376     0 188783 202578 15  5  0 79  2	
 4 60      0 97257160  12100  70248    0    0 163344     0 186832 202114 15  5  1 78  2	
13 54      0 97257160  12100  70248    0    0 163264     0 188904 203626 15  4  0 79  2	
 3 61      0 97257160  12108  70248    0    0 163392    12 188244 200925 14  4  1 79  2	
 8 56      0 97257160  12108  70248    0    0 163312     0 188427 204126 14  5  1 78  2	
 9 57      0 97257160  12108  70248    0    0 163328     0 187506 204038 16  5  1 76  2	
 3 61      0 97257160  12108  70248    0    0 163424     0 188156 201178 13  4  0 80  2	
15 54      0 97257160  12108  70248    0    0 163200    32 187525 202070 14  5  0 79  2	
 6 58      0 97257160  12116  70248    0    0 163392    20 188427 203127 15  5  1 78  2	
 6 60      0 97257160  12116  70248    0    0 163344     0 186842 201015 13  5  0 80  2	
 6 59      0 97257160  12116  70248    0    0 163328     0 186887 200106 13  3  1 81  2	
 9 56      0 97257160  12116  70252    0    0 163264     0 188548 202097 14  4  0 80  2	
 7 58      0 97257160  12116  70252    0    0 163408     8 187314 201349 14  4  1 79  2	
 7 57      0 97257160  12116  70252    0    0 163296     0 188362 204192 14  5  1 79  2	
12 54      0 97257160  12124  70252    0    0 163312    20 185114 201151 14  5  0 79  2	
 5 59      0 97257160  12124  70252    0    0 163424     0 186714 202572 15  5  1 78  2	
procs -----------memory---------- ---swap-- -----io---- --system-- -----cpu-----
 r  b   swpd   free   buff  cache   si   so    bi    bo   in   cs us sy id wa st
 7 58      0 97257160  12124  70252    0    0 163344     0 189503 204602 14  5  1 79  2	
 7 58      0 97257160  12124  70252    0    0 163328     8 187432 201374 15  4  0 79  2	
 8 57      0 97257160  12124  70252    0    0 163312     0 188397 202773 14  4  1 79  2	
 9 56      0 97257160  12132  70252    0    0 163360    24 188276 202510 14  5  0 79  2	
 4 60      0 97257160  12132  70252    0    0 163376     0 188228 202627 13  5  1 80  2	
 5 59      0 97257160  12132  70252    0    0 163280     0 185762 198529 14  4  1 80  2	
12 55      0 97257160  12132  70252    0    0 163312     0 188331 204125 16  4  0 78  2	
 6 59      0 97257160  12132  70252    0    0 163408     0 187221 201144 16  4  0 77  2	
 8 56      0 97257160  12132  70252    0    0 163264     0 186662 199246 12  5  1 80  2	
 8 57      0 97257160  12140  70252    0    0 163376    12 185607 200010 15  4  0 79  2	
 5 59      0 97257160  12140  70252    0    0 163328     0 183991 197884 15  5  1 77  2	
14 52      0 97257160  12140  70252    0    0 163248     0 185937 199780 14  4  0 79  2	
 8 58      0 97257160  12140  70252    0    0 163440     0 188339 202886 14  4  1 80  2	
13 52      0 97257160  12140  70252    0    0 163296     0 187855 201132 14  4  1 79  2	
10 56      0 97257160  12148  70252    0    0 163376    12 189712 203167 14  5  1 79  2	
14 51      0 97257160  12148  70252    0    0 163280     0 186335 200534 14  5  0 79  2	
 6 58      0 97257160  12148  70252    0    0 163408     0 187526 200781 13  4  0 81  2	
 6 60      0 97257160  12148  70252    0    0 163392     0 187946 201501 13  4  0 80  2	
 9 56      0 97257160  12148  70252    0    0 163312     0 187482 202147 14  5  1 78  2	
10 55      0 97257160  12148  70252    0    0 163360     0 186896 202194 15  5  1 77  2	
 7 59      0 97257160  12156  70252    0    0 163392    12 185404 199480 15  5  1 78  2	
procs -----------memory---------- ---swap-- -----io---- --system-- -----cpu-----
 r  b   swpd   free   buff  cache   si   so    bi    bo   in   cs us sy id wa st
 8 59      0 97257160  12156  70252    0    0 163280     0 186079 199134 14  4  1 80  2	
 5 58      0 97257160  12156  70256    0    0 163408     0 188367 202828 14  4  1 80  2	
10 54      0 97257160  12156  70256    0    0 163264     0 186014 200707 14  5  0 78  2	
 5 59      0 97257160  12156  70256    0    0 163424     0 188037 202069 14  4  1 79  2	
 6 58      0 97257160  12164  70256    0    0 163328    12 188533 201054 13  5  1 80  2	
10 57      0 97257160  12164  70256    0    0 163328     0 186229 198930 14  5  1 79  2	
10 56      0 97257160  12164  70256    0    0 163328    28 187770 202420 14  5  1 79  2	
 7 58      0 97257160  12164  70260    0    0 163296     0 185768 198353 12  5  1 81  2	
10 57      0 97257160  12164  70260    0    0 163376     0 184878 199427 16  4  0 78  2	
11 54      0 97257160  12164  70260    0    0 163312     0 185173 199765 15  4  0 79  2	
 8 59      0 97257160  12172  70260    0    0 163376    20 187066 201928 14  4  1 79  2	
 7 58      0 97257160  12172  70260    0    0 163344     0 188613 203044 14  5  0 79  2	
 6 59      0 97257160  12172  70260    0    0 163344     0 187788 201036 13  5  1 80  2	
 8 56      0 97257160  12172  70260    0    0 163280     0 187862 201016 14  4  1 80  2	
 8 57      0 97257160  12172  70260    0    0 163328     0 188074 203115 16  5  1 77  2	
 4 60      0 97257160  12180  70260    0    0 163312    12 188603 201850 13  5  1 80  2	
 7 58      0 97257160  12180  70260    0    0 163376     0 187991 202128 15  4  0 79  2	
 7 57      0 97257160  12180  70260    0    0 163344     0 188944 204316 14  5  1 79  2	
 7 58      0 97257160  12180  70260    0    0 163376     0 182671 197986 17  5  1 76  2	
 7 57      0 97257160  12180  70260    0    0 163312     0 185373 197366 13  4  0 81  2	
14 53      0 97257160  12180  70260    0    0 163312     0 185729 201989 16  5  1 77  2	
procs -----------memory---------- ---swap-- -----io---- --system-- -----cpu-----
 r  b   swpd   free   buff  cache   si   so    bi    bo   in   cs us sy id wa st
 5 61      0 97257160  12188  70260    0    0 163408    12 186277 199451 13  4  1 81  2	
10 54      0 97257160  12188  70260    0    0 163232     0 187631 201494 15  5  1 78  2	
15 54      0 97257040  12188  70260    0    0 163328     4 188055 202038 14  5  1 79  2	
 8 57      0 97257040  12188  70260    0    0 163376     0 186561 203385 16  4  1 77  2	
10 57      0 97257040  12188  70260    0    0 163376     0 186349 201635 17  5  1 76  2	
 4 60      0 97257040  12196  70260    0    0 163344    52 189189 203280 16  4  0 78  2	
 7 57      0 97257040  12196  70260    0    0 163296     0 186873 200612 15  4  1 79  2	
13 51      0 97257040  12196  70260    0    0 163280     0 185257 200082 15  4  0 78  2	
 5 60      0 97257040  12196  70260    0    0 163440     0 186727 200175 13  5  1 80  2	
 8 57      0 97257040  12196  70260    0    0 163296     0 186183 200745 13  4  1 81  2	
 7 58      0 97257040  12196  70260    0    0 163328     0 187442 200865 15  4  1 78  2	
 5 60      0 97257040  12204  70260    0    0 163392    12 187053 202520 14  4  0 79  2	
10 54      0 97257040  12204  70260    0    0 163248     0 187158 200416 13  4  1 80  2	
 7 58      0 97257040  12204  70260    0    0 163376     0 185753 200927 15  4  0 78  2	
 5 59      0 97257040  12204  70260    0    0 163376     0 187138 201620 14  4  1 79  2	
 4 61      0 97257040  12204  70260    0    0 163328     0 187368 200330 14  4  1 79  2	
11 56      0 97257040  12212  70260    0    0 163328    32 185406 199362 14  4  1 79  2	
12 56      0 97257040  12212  70260    0    0 163296     0 185865 199504 15  4  0 79  2	
12 55      0 97257040  12212  70260    0    0 163328     0 188584 202781 15  5  1 78  2	
 5 59      0 97257040  12212  70260    0    0 163392     0 186153 200258 15  5  0 78  2	
 5 59      0 97257040  12212  70264    0    0 163296     0 187571 201164 15  4  1 79  2	
procs -----------memory---------- ---swap-- -----io---- --system-- -----cpu-----
 r  b   swpd   free   buff  cache   si   so    bi    bo   in   cs us sy id wa st
 7 59      0 97257040  12216  70260    0    0 163328    60 187740 200665 14  4  1 79  2	
 7 59      0 97257040  12220  70268    0    0 163360     4 187749 200810 12  4  1 81  2	
 5 59      0 97257040  12220  70268    0    0 163328     0 184689 198423 14  4  1 80  2	
 6 58      0 97257040  12220  70268    0    0 163296     0 187677 201426 14  4  1 80  2	
10 54      0 97257040  12220  70268    0    0 163264     0 188206 202524 14  4  1 80  2	
 7 59      0 97257040  12220  70268    0    0 163424     0 188342 202358 14  5  0 79  2	
 9 58      0 97257040  12228  70268    0    0 163424    12 184344 199420 16  5  1 78  2	
 5 59      0 97257040  12228  70268    0    0 163280     0 185906 200128 14  5  0 79  2	
 6 59      0 97257040  12228  70268    0    0 163360     0 186602 198997 14  4  0 80  2	
18 50      0 97257040  12228  70268    0    0 163216     0 187526 200026 13  4  0 80  2	
 7 57      0 97257040  12228  70268    0    0 163472     0 186889 198449 12  4  0 81  2	
 8 58      0 97257040  12236  70268    0    0 163328    16 189560 203883 15  4  1 79  2	
12 54      0 97257040  12236  70268    0    0 163248     0 188234 202717 16  5  0 78  2	
11 55      0 97257040  12236  70268    0    0 163344     0 186923 199911 14  5  0 79  2	
12 54      0 97257040  12236  70268    0    0 163296     0 187294 199961 13  4  1 81  2	
10 56      0 97257040  12236  70268    0    0 163392     0 187255 200458 12  4  0 81  2	
11 56      0 97257040  12236  70268    0    0 163296     0 186462 201396 15  5  1 77  2	
 6 59      0 97257040  12244  70268    0    0 163408    12 186819 201605 14  4  1 80  2	
 6 60      0 97257040  12244  70268    0    0 163328     0 185900 199013 14  4  0 79  2	
 5 59      0 97257040  12244  70268    0    0 163312     0 185118 197070 12  4  0 81  2	
 6 59      0 97257040  12244  70268    0    0 163328     0 185492 198099 13  3  0 81  2	
procs -----------memory---------- ---swap-- -----io---- --system-- -----cpu-----
 r  b   swpd   free   buff  cache   si   so    bi    bo   in   cs us sy id wa st
 6 59      0 97257040  12244  70268    0    0 163312     4 187317 202095 15  4  1 79  2	
 5 60      0 97257040  12252  70268    0    0 163376    12 187218 200542 15  4  0 79  2	
 8 57      0 97257040  12252  70268    0    0 163216     0 186086 199464 15  4  0 79  2	
 9 57      0 97257040  12252  70268    0    0 163392     0 183802 198411 14  4  0 80  2	
11 56      0 97257040  12252  70268    0    0 163264     0 188545 203799 13  4  1 80  2	
 9 57      0 97257040  12260  70268    0    0 163424    16 183583 197748 16  5  1 77  2	
 9 56      0 97257040  12260  70268    0    0 163296     0 188129 202058 13  5  0 80  2	
 6 59      0 97257040  12268  70268    0    0 163440    32 185253 201626 17  4  0 77  2	
15 54      0 97257040  12268  70268    0    0 163296     0 186559 199016 15  4  1 78  2	
 8 58      0 97257040  12268  70268    0    0 163360     0 186614 199526 14  5  1 79  2	
10 55      0 97257040  12268  70268    0    0 163312    32 187027 199762 14  5  0 79  2	
 9 57      0 97257040  12268  70272    0    0 163344     0 185438 199406 14  4  0 79  2	
12 55      0 97257040  12276  70272    0    0 163248    16 185396 199713 14  5  1 79  2	
12 54      0 97257040  12276  70272    0    0 163392     0 187243 201462 14  5  1 79  2	
 5 61      0 97257040  12276  70272    0    0 163360     0 187492 200840 14  4  0 80  2	
14 52      0 97257040  12276  70272    0    0 163296     0 185924 200261 16  4  1 77  2	
13 56      0 97257040  12276  70272    0    0 163408     0 187460 202916 15  4  0 79  2	
10 55      0 97257040  12276  70272    0    0 163312     0 185738 199560 12  4  1 81  2	
 9 57      0 97257040  12284  70272    0    0 163344    12 187583 200427 12  4  1 82  2	
 9 56      0 97257040  12284  70272    0    0 163360     0 186462 200849 14  4  1 80  2	
 7 57      0 97257040  12284  70272    0    0 163328     0 187608 201907 13  4  1 80  2	
procs -----------memory---------- ---swap-- -----io---- --system-- -----cpu-----
 r  b   swpd   free   buff  cache   si   so    bi    bo   in   cs us sy id wa st
 5 60      0 97257040  12284  70272    0    0 163376     0 188059 201032 14  4  1 80  2	
11 56      0 97257040  12284  70276    0    0 163216     0 186932 200351 13  4  0 81  2	
 8 58      0 97257040  12292  70276    0    0 163408    12 186383 198025 14  4  0 80  2	
 7 59      0 97257040  12292  70276    0    0 163312     0 187299 200812 14  4  1 80  2	
 8 59      0 97257040  12292  70276    0    0 163344     0 187030 201161 14  4  1 79  2	
 6 58      0 97257040  12292  70276    0    0 163328     0 188205 201202 14  4  0 80  2	
14 54      0 97257040  12292  70276    0    0 163264     0 185581 198713 14  4  1 79  2	
13 52      0 97257040  12292  70276    0    0 163360     0 188127 200976 14  4  1 79  2	
 5 60      0 97257040  12300  70276    0    0 163456    12 186693 200486 15  4  1 79  2	
 4 60      0 97257040  12300  70276    0    0 163312     0 187504 201173 13  5  1 80  2	
 6 58      0 97257040  12300  70276    0    0 163264     0 186483 198470 13  3  0 81  2	
 5 60      0 97257040  12300  70276    0    0 163360     0 187335 200673 13  5  1 80  2	
 4 61      0 97257040  12300  70276    0    0 163296     0 187533 200822 14  4  1 79  2	
 6 59      0 97257040  12308  70276    0    0 163376    12 188371 203060 15  4  1 79  2	
 9 57      0 97257040  12308  70276    0    0 163312     0 184344 198665 15  5  1 78  2	
 9 56      0 97257040  12308  70276    0    0 163328     8 187486 201789 16  6  0 77  2	
 4 61      0 97257040  12308  70276    0    0 163408     0 185555 198202 15  4  1 79  2	
12 54      0 97257040  12308  70276    0    0 163232     0 187332 201017 14  4  0 79  2	
11 56      0 97257040  12308  70276    0    0 163424     0 185936 199319 14  4  1 79  2	
12 55      0 97257040  12316  70276    0    0 163328    24 188895 202264 13  5  1 79  2	
 6 59      0 97257040  12316  70276    0    0 163328    12 185409 200050 16  5  1 77  2	
procs -----------memory---------- ---swap-- -----io---- --system-- -----cpu-----
 r  b   swpd   free   buff  cache   si   so    bi    bo   in   cs us sy id wa st
10 56      0 97257040  12316  70276    0    0 163344     0 185325 197192 12  4  0 82  2	
 7 57      0 97257040  12316  70276    0    0 163376     0 189334 204661 14  5  1 78  2	
 6 59      0 97257040  12316  70280    0    0 163328     0 188077 201218 15  5  0 78  2	
 8 58      0 97257040  12324  70280    0    0 163344    24 182963 198871 17  4  1 76  2	
 9 57      0 97257040  12324  70280    0    0 163328    24 186593 199831 15  4  0 79  2	
 7 59      0 97257040  12324  70280    0    0 163328     0 186404 200183 15  4  0 79  2	
 4 61      0 97257040  12324  70280    0    0 163376     0 185040 198735 14  4  1 80  2	
 8 57      0 97257040  12324  70280    0    0 163248     0 187246 200471 14  5  1 79  2	
10 58      0 97257040  12324  70280    0    0 163312     0 181805 196815 14  4  0 80  2	
11 55      0 97257040  12332  70280    0    0 163312    12 188116 201479 14  5  1 79  2	
10 55      0 97257040  12332  70280    0    0 163296     0 186106 199316 13  5  0 80  2	
 9 56      0 97257040  12332  70280    0    0 163360     0 187993 200724 12  5  0 81  2	
 7 58      0 97257040  12332  70280    0    0 163392     0 186838 201860 14  4  1 79  2	
12 53      0 97257040  12332  70280    0    0 163232     0 184388 198460 15  4  0 79  2	
10 55      0 97257040  12340  70280    0    0 163392    12 188799 202996 15  4  1 79  2	
10 57      0 97257040  12340  70280    0    0 163376     0 186472 200082 16  4  1 78  2	
 5 59      0 97257040  12340  70280    0    0 163360     0 188287 201550 14  4  1 80  2	
11 56      0 97257040  12340  70280    0    0 163248     0 187825 200945 13  4  0 81  2	
 7 58      0 97257040  12340  70280    0    0 163360     0 188014 201213 13  4  0 81  2	
 8 57      0 97257040  12340  70280    0    0 163312     0 189239 201515 13  4  1 80  2	
 4 60      0 97257040  12348  70280    0    0 163408    12 186394 200238 15  4  1 79  2	
procs -----------memory---------- ---swap-- -----io---- --system-- -----cpu-----
 r  b   swpd   free   buff  cache   si   so    bi    bo   in   cs us sy id wa st
 8 57      0 97257040  12348  70280    0    0 163280     0 187998 202013 14  5  0 79  2	
11 55      0 97257040  12348  70284    0    0 163280     0 186245 198555 13  4  1 80  2	
16 52      0 97257040  12348  70284    0    0 163328     0 182964 196465 14  4  0 79  2	
 8 57      0 97257040  12348  70284    0    0 163424     0 186029 199856 14  5  1 79  2	
 9 55      0 97257040  12356  70284    0    0 163328    12 184444 195682 13  4  1 80  2	
 3 61      0 97257040  12356  70284    0    0 163392     0 187504 200371 13  4  0 81  2	
10 56      0 97257040  12356  70284    0    0 163296     0 186018 199535 12  4  1 81  2	
 6 58      0 97257040  12356  70284    0    0 163344     0 187199 200570 15  4  0 79  2	
 3 61      0 97257040  12356  70284    0    0 163376     0 186557 199351 14  4  1 80  2	
10 55      0 97257040  12356  70284    0    0 163248     8 186869 199881 14  4  1 80  2	
 8 57      0 97257040  12364  70284    0    0 163344    24 183500 196394 13  3  0 82  2	
11 55      0 97257040  12364  70284    0    0 163264     0 186918 198809 13  4  0 81  2	
 6 58      0 97257040  12364  70284    0    0 163408     0 187892 202343 15  4  1 78  2	
 9 57      0 97257040  12364  70284    0    0 163328     0 188489 202085 15  4  1 79  2	
 7 57      0 97257040  12364  70284    0    0 163328     8 187690 202322 16  4  1 78  2	
 5 59      0 97257040  12372  70288    0    0 163312    24 185582 197681 13  5  1 80  2	
 9 56      0 97257040  12372  70288    0    0 163296     0 187814 201025 15  4  1 79  2	
 8 57      0 97257040  12372  70288    0    0 163392     0 189163 202948 13  5  0 80  2	
 9 57      0 97256384  12372  70288    0    0 163312     0 187446 200870 13  4  1 80  2	
 9 57      0 97256384  12372  70288    0    0 163376    16 186610 199561 13  4  1 80  2	
 7 57      0 97256384  12372  70288    0    0 163408     0 186549 200208 13  5  0 80  2	
procs -----------memory---------- ---swap-- -----io---- --system-- -----cpu-----
 r  b   swpd   free   buff  cache   si   so    bi    bo   in   cs us sy id wa st
 7 57      0 97257280  12380  70288    0    0 163296    16 187539 200938 14  4  1 80  2	
10 56      0 97257280  12380  70288    0    0 163360     0 184773 199096 16  5  1 77  2	
12 55      0 97257280  12380  70288    0    0 163344     0 186271 200423 14  4  1 79  2	
10 56      0 97257280  12380  70288    0    0 163344     0 185041 200728 15  4  0 79  2	
12 53      0 97257280  12380  70288    0    0 163248     0 186217 200770 14  4  0 79  2	
12 54      0 97257280  12388  70288    0    0 163392    20 185185 199891 13  4  0 80  2	
 4 61      0 97257280  12388  70288    0    0 163456     0 184200 201337 15  5  1 77  2	
 7 59      0 97257280  12388  70288    0    0 163328     0 183476 198887 14  5  1 79  2	
10 57      0 97257280  12388  70288    0    0 163376     0 184691 199788 14  4  1 79  2	
 8 57      0 97257280  12388  70288    0    0 163280     0 182883 197425 14  4  0 81  2	
17 52      0 97257280  12388  70288    0    0 163264     0 187505 202439 15  4  1 79  2	
11 55      0 97257280  12396  70288    0    0 163376    12 185203 198980 13  4  0 80  2	
10 56      0 97257280  12396  70288    0    0 163344     0 184938 198666 15  5  0 77  2	
 5 60      0 97257280  12396  70288    0    0 163424     0 183453 197293 15  5  1 78  2	
 2 63      0 97257280  12396  70288    0    0 163376     0 187564 202951 16  5  0 78  2	
 6 59      0 97257280  12396  70288    0    0 163360     0 187493 200925 14  4  0 79  2	
 4 61      0 97257280  12404  70288    0    0 163280    12 189004 202585 14  4  1 79  2	
 6 59      0 97257280  12404  70288    0    0 163328     0 185773 199352 15  4  1 78  2	
10 56      0 97257280  12404  70288    0    0 163264     0 185301 197185 14  4  1 79  2	
 5 59      0 97257280  12404  70288    0    0 163376     0 187143 202342 14  5  1 79  2	
 8 57      0 97257280  12404  70288    0    0 163280     0 185670 198993 13  4  0 80  2	
procs -----------memory---------- ---swap-- -----io---- --system-- -----cpu-----
 r  b   swpd   free   buff  cache   si   so    bi    bo   in   cs us sy id wa st
 6 60      0 97257280  12408  70284    0    0 163376     8 185723 197991 14  5  1 79  2	
 6 58      0 97257280  12412  70292    0    0 163344     4 186386 199162 14  4  1 80  2	
10 54      0 97257280  12412  70292    0    0 163248    16 186144 199498 15  4  0 79  2	
10 55      0 97257280  12412  70292    0    0 163392     0 188350 201995 14  4  0 79  2	
 6 59      0 97257280  12412  70292    0    0 163376     0 187193 200449 13  5  0 80  2	
10 56      0 97257280  12412  70292    0    0 163264     0 187806 202083 14  4  0 80  2	
17 52      0 97257280  12420  70296    0    0 163344    28 185949 198814 14  4  1 79  2	
 9 57      0 97257280  12420  70296    0    0 163376     4 188651 202499 15  4  1 78  2	
 8 57      0 97257280  12420  70296    0    0 163344     0 185398 198572 13  3  0 81  2	
 7 59      0 97257280  12420  70296    0    0 163360     0 187248 198700 12  4  1 81  2	
13 54      0 97257280  12420  70296    0    0 163264     0 183699 199044 16  4  1 77  2	
 5 59      0 97257280  12428  70296    0    0 163408    12 186565 198816 15  4  1 79  2	
 8 56      0 97257280  12428  70296    0    0 163296     0 186393 202210 14  4  1 79  2	
 6 57      0 97257280  12428  70296    0    0 163376    28 186999 198485 13  4  1 81  2	
 3 62      0 97257280  12428  70296    0    0 163376     0 186889 201257 14  4  0 79  2	
 6 58      0 97257280  12428  70296    0    0 163248     0 186651 198519 13  4  1 80  2	
14 54      0 97257280  12428  70296    0    0 163312     0 187498 200197 14  4  1 80  2	
 6 59      0 97257280  12436  70296    0    0 163424    16 186860 199896 13  5  1 80  2	
 7 58      0 97257280  12436  70296    0    0 163312     0 188870 202251 14  5  1 79  2	
 7 59      0 97257280  12436  70296    0    0 163360     0 187563 201217 13  4  1 81  2	
10 55      0 97257280  12436  70296    0    0 163296     0 185223 199136 16  5  1 77  2	
procs -----------memory---------- ---swap-- -----io---- --system-- -----cpu-----
 r  b   swpd   free   buff  cache   si   so    bi    bo   in   cs us sy id wa st
 7 58      0 97257280  12436  70296    0    0 163440     0 186874 200599 13  4  1 80  2	
11 53      0 97257280  12444  70296    0    0 163216    12 186972 201009 14  5  1 79  2	
 9 55      0 97257280  12444  70296    0    0 163408     0 186919 200142 14  4  1 80  2	
 4 61      0 97257280  12444  70296    0    0 163392     0 186121 199541 13  4  1 80  2	
 6 60      0 97257280  12444  70296    0    0 163360     0 186936 198777 13  4  1 81  2	
10 55      0 97257280  12444  70296    0    0 163280     0 183455 198192 16  4  1 77  2	
14 55      0 97257280  12444  70296    0    0 163280     0 187691 200388 14  4  1 80  2	
 9 57      0 97257280  12452  70296    0    0 163360    12 187160 201045 14  4  0 80  2	
10 55      0 97257280  12452  70296    0    0 163344     0 188248 202579 16  4  1 78  2	
10 58      0 97257280  12452  70296    0    0 163376     0 186393 199172 14  4  0 80  2	
11 55      0 97257280  12452  70296    0    0 163296     0 189115 201189 13  4  1 81  2	
 6 58      0 97257280  12452  70296    0    0 163376     0 185666 200451 16  4  0 78  2	
 8 56      0 97257280  12460  70296    0    0 163344    24 182268 197296 15  4  0 78  2	
 9 57      0 97257280  12460  70296    0    0 163360     0 188716 202619 15  4  0 79  2	
 8 58      0 97257280  12460  70296    0    0 163360     0 189218 202558 15  4  0 79  2	
13 53      0 97257280  12460  70296    0    0 163264     0 142546 175123 20  6  0 73  1	
 8 56      0 97257280  12460  70296    0    0 163360     0 186923 200366 13  4  1 81  2	
15 53      0 97257280  12460  70296    0    0 163296     0 186381 198991 13  5  1 80  2	
10 55      0 97257280  12468  70300    0    0 163392    24 185613 199890 13  3  1 81  2	
 6 59      0 97257280  12468  70300    0    0 163424     0 185396 199344 16  4  0 78  2	
 8 57      0 97257280  12468  70300    0    0 163312     0 186910 200243 14  4  1 80  2	
procs -----------memory---------- ---swap-- -----io---- --system-- -----cpu-----
 r  b   swpd   free   buff  cache   si   so    bi    bo   in   cs us sy id wa st
 9 56      0 97257280  12468  70300    0    0 163296     0 183558 197248 16  5  0 77  2	
 9 56      0 97257280  12468  70300    0    0 163360     4 187260 200943 14  3  0 80  2	
10 55      0 97257280  12476  70304    0    0 163376    12 187276 201671 14  4  1 79  2	
11 55      0 97257280  12476  70304    0    0 163328     0 186749 198722 13  4  1 80  2	
 9 56      0 97257280  12476  70304    0    0 163440     0 187295 201188 14  4  1 79  2	
 7 57      0 97257280  12476  70304    0    0 163312     0 186261 199582 14  4  1 80  2	
 9 55      0 97257280  12476  70304    0    0 163296    16 187540 200809 15  4  1 79  2	
 7 57      0 97257280  12476  70304    0    0 163312     0 187306 200257 12  4  0 82  2	
 6 58      0 97257280  12484  70304    0    0 163360    12 183806 196173 14  4  0 80  2	
 6 58      0 97257280  12484  70304    0    0 163392     0 187259 199958 13  4  1 80  2	
15 51      0 97257280  12484  70304    0    0 163216     0 187935 203065 15  4  1 79  2	
 6 58      0 97257280  12484  70304    0    0 163472     0 186844 200076 13  4  1 81  2	
 6 59      0 97257280  12484  70304    0    0 163328     0 186313 200686 14  4  1 80  2	
 8 57      0 97257280  12492  70304    0    0 163296    12 185804 200339 14  4  1 79  2	
12 52      0 97257280  12492  70304    0    0 163264     0 188118 203135 15  4  0 79  2	
 5 60      0 97257280  12492  70304    0    0 163440     0 187630 200641 13  4  1 80  2	
 6 58      0 97257280  12492  70304    0    0 163312     0 188723 202411 14  4  1 79  2	
 6 59      0 97257280  12492  70304    0    0 163328     0 186540 197673 13  4  1 80  2	
12 54      0 97257280  12500  70304    0    0 163280    12 184291 199943 17  4  1 77  2	
13 54      0 97257280  12500  70304    0    0 163344     0 189014 202348 14  5  0 79  2	
 7 58      0 97257280  12500  70304    0    0 163360     0 186173 198304 13  4  0 81  2	
procs -----------memory---------- ---swap-- -----io---- --system-- -----cpu-----
 r  b   swpd   free   buff  cache   si   so    bi    bo   in   cs us sy id wa st
 5 59      0 97257280  12500  70304    0    0 163392     0 187808 200583 13  4  1 81  2	
11 54      0 97257280  12500  70304    0    0 163296    16 189302 202831 14  4  0 79  2	
 8 57      0 97257280  12500  70304    0    0 163376     0 188116 200821 14  4  1 80  2	
11 54      0 97257280  12508  70304    0    0 163312    28 184763 199429 15  4  1 79  2	
10 56      0 97257280  12508  70304    0    0 163328     0 187310 199796 14  4  1 80  2	
 7 58      0 97257280  12508  70304    0    0 163376     0 189584 202902 14  4  1 80  2	
 8 56      0 97257280  12508  70304    0    0 163344     0 188158 201173 14  4  1 80  2	
12 53      0 97257280  12508  70304    0    0 163296     0 187381 200398 13  4  1 80  2	
12 54      0 97257280  12516  70304    0    0 163376    12 187620 201016 13  5  1 80  2	
 5 59      0 97257280  12516  70304    0    0 163424     0 188939 203467 14  5  0 79  2	
 7 57      0 97257280  12516  70308    0    0 163264     0 187489 200401 14  4  0 80  2	
 6 59      0 97257280  12516  70308    0    0 163328     0 187967 201101 13  4  1 80  2	
 8 56      0 97257280  12516  70308    0    0 163360     0 188402 202652 14  4  1 79  2	
15 51      0 97257280  12516  70308    0    0 163264     0 186264 199211 14  4  1 80  2	
 4 61      0 97257280  12524  70308    0    0 163456    12 187761 200800 12  5  0 80  2	
 5 59      0 97257280  12524  70308    0    0 163312     0 187324 201889 15  4  1 79  2	
 7 58      0 97257280  12524  70308    0    0 163344     0 187614 200814 13  4  1 80  2	
 5 59      0 97257280  12524  70308    0    0 163360     0 185373 199770 15  4  1 78  2	
 5 59      0 97257280  12524  70308    0    0 163312     0 184263 199964 17  5  0 76  2	
 5 60      0 97257280  12532  70308    0    0 163328    12 187488 199621 14  4  1 80  2	
 3 62      0 97257280  12532  70308    0    0 163328     0 188793 202071 13  4  0 81  2	
procs -----------memory---------- ---swap-- -----io---- --system-- -----cpu-----
 r  b   swpd   free   buff  cache   si   so    bi    bo   in   cs us sy id wa st
 7 58      0 97257280  12532  70308    0    0 163264    16 187844 200652 14  5  0 79  2	
 9 57      0 97257280  12532  70308    0    0 163296     0 186591 199491 14  4  1 79  2	
 6 59      0 97257280  12532  70312    0    0 163376     0 184967 197466 14  3  1 81  2	
11 54      0 97257280  12532  70312    0    0 163248     0 185809 199152 14  3  0 81  2	
 4 60      0 97257280  12540  70312    0    0 163392    12 188479 202640 15  4  1 78  2	
11 55      0 97257280  12540  70312    0    0 163248     0 188086 200478 14  4  1 80  2	
10 56      0 97257280  12540  70312    0    0 163344     0 185794 201141 15  4  0 79  2	
 8 57      0 97257280  12540  70312    0    0 163360     0 188925 203163 14  5  0 79  2	
 8 56      0 97257280  12540  70312    0    0 163328     0 183026 196878 15  4  0 79  2	
 7 57      0 97257280  12548  70312    0    0 163376    12 187812 201572 13  4  0 81  2	
 9 57      0 97257280  12548  70312    0    0 163328     0 187633 201803 14  5  1 79  2	
15 52      0 97257280  12548  70312    0    0 163296     0 186912 200218 14  5  1 79  2	
 9 57      0 97257280  12548  70312    0    0 163360     0 187153 199947 14  4  0 80  2	
 9 56      0 97257280  12548  70312    0    0 163360     0 186364 197875 12  5  1 81  2	
 5 59      0 97257280  12548  70312    0    0 163360     0 186854 201323 15  4  1 78  2	
11 54      0 97257280  12556  70312    0    0 163312    12 187696 200654 13  4  1 80  2	
12 54      0 97257280  12556  70312    0    0 163312    16 187887 201486 16  4  1 77  2	
10 55      0 97257280  12556  70312    0    0 163376     0 188465 202309 14  4  0 80  2	
 4 60      0 97257280  12556  70312    0    0 163472     0 187234 201617 16  4  0 78  2	
 7 57      0 97257280  12556  70312    0    0 163264     0 188118 201343 14  4  1 79  2	
11 54      0 97257280  12564  70312    0    0 163248    28 186550 199537 13  4  1 80  2	
procs -----------memory---------- ---swap-- -----io---- --system-- -----cpu-----
 r  b   swpd   free   buff  cache   si   so    bi    bo   in   cs us sy id wa st
 6 60      0 97257280  12564  70312    0    0 163440     0 188306 199913 14  4  0 80  2	
 8 58      0 97257280  12564  70316    0    0 163280     0 188053 200222 13  4  1 80  2	
 4 60      0 97257280  12564  70316    0    0 163408     0 189307 203086 15  4  1 78  2	
 3 61      0 97257280  12564  70316    0    0 163280     0 188616 202320 14  5  1 79  2	
 7 59      0 97257280  12564  70316    0    0 163312     0 186903 199541 13  4  1 81  2	
 3 61      0 97257280  12572  70316    0    0 163344    12 184317 199570 17  5  0 76  2	
11 57      0 97257280  12572  70316    0    0 163280     0 188352 202163 14  4  1 79  2	
 8 57      0 97257280  12572  70316    0    0 163312     0 185633 198739 14  4  0 79  2	
 5 59      0 97257280  12572  70316    0    0 163408     0 187625 198724 12  5  1 81  2	
 8 57      0 97257280  12572  70316    0    0 163296     0 187967 201758 14  5  1 79  2	
 7 58      0 97257280  12580  70316    0    0 163360    12 187929 200441 14  4  1 80  2	
 9 57      0 97257280  12580  70316    0    0 163312     0 187272 201119 15  4  1 78  2	
 6 58      0 97257280  12580  70316    0    0 163392     0 189011 202589 14  5  0 79  2	
14 53      0 97257280  12580  70316    0    0 163232     0 187001 199074 14  4  1 79  2	
11 54      0 97257280  12580  70316    0    0 163312     0 189428 202917 15  5  0 78  2	
 4 60      0 97257280  12580  70316    0    0 163472    16 186461 201131 16  5  0 77  2	
 7 57      0 97257160  12588  70316    0    0 163280    12 186200 199702 14  4  1 79  2	
 9 56      0 97257160  12588  70316    0    0 163280     0 186694 200130 13  4  0 81  2	
 4 60      0 97257160  12588  70316    0    0 163392     0 187720 200465 14  5  1 79  2	
10 56      0 97257160  12588  70316    0    0 163264     0 185351 199031 14  4  1 80  2	
 9 56      0 97257160  12588  70316    0    0 163328     0 189508 203532 14  4  1 79  2	
procs -----------memory---------- ---swap-- -----io---- --system-- -----cpu-----
 r  b   swpd   free   buff  cache   si   so    bi    bo   in   cs us sy id wa st
 9 57      0 97257160  12596  70316    0    0 163344    12 187511 199605 13  4  0 81  2	
10 55      0 97257160  12596  70316    0    0 163296     0 189197 202783 14  5  1 78  2	
 8 57      0 97257160  12596  70316    0    0 163344     0 187936 201133 14  4  1 79  2	
11 55      0 97257160  12596  70320    0    0 163296     0 187659 199213 13  4  1 81  2	
11 54      0 97257160  12596  70320    0    0 163296     8 183216 196491 16  5  1 77  2	
10 54      0 97257160  12596  70320    0    0 163360     0 186029 198185 14  4  0 80  2	
 6 59      0 97257160  12604  70320    0    0 163376    28 185867 199141 13  5  1 79  2	
 7 57      0 97257160  12604  70320    0    0 163312     0 189298 203268 14  4  1 79  2	
 7 57      0 97257160  12604  70320    0    0 163376     0 187788 200295 13  4  1 80  2	
12 55      0 97257160  12604  70320    0    0 163296     8 188137 201031 14  4  0 79  2	
 7 58      0 97257160  12604  70320    0    0 163376     0 187339 202780 14  4  0 80  2	
 3 61      0 97257160  12612  70320    0    0 163328    24 188062 201950 13  4  0 80  2	
 6 58      0 97257160  12612  70320    0    0 163344     0 187478 199420 14  4  1 80  2	
 9 56      0 97257160  12612  70324    0    0 163280     0 187073 200073 14  3  1 80  2	
 5 59      0 97257160  12612  70324    0    0 163312     0 184550 199557 16  5  1 76  2	
12 54      0 97257160  12612  70324    0    0 163280     0 186458 199745 12  4  1 82  2	
 8 57      0 97257160  12612  70324    0    0 163440     0 186717 201123 14  5  0 79  2	
10 56      0 97257160  12620  70324    0    0 163296    12 187853 200695 13  5  0 80  2	
 4 60      0 97257160  12620  70324    0    0 163360     0 182251 196181 15  4  0 78  2	
11 56      0 97257160  12620  70324    0    0 163312     0 187762 200357 13  4  1 81  2	
 8 56      0 97257160  12620  70324    0    0 163312     0 186681 198927 14  4  0 80  2	
procs -----------memory---------- ---swap-- -----io---- --system-- -----cpu-----
 r  b   swpd   free   buff  cache   si   so    bi    bo   in   cs us sy id wa st
 7 57      0 97257160  12620  70324    0    0 163376     0 185713 199485 14  4  1 79  2	
 6 61      0 97257160  12628  70324    0    0 163360    12 182972 196633 14  4  1 80  2	
 6 58      0 97257160  12628  70324    0    0 163344     0 187024 200820 14  3  1 80  2	
10 56      0 97257160  12628  70324    0    0 163296     0 185673 199891 15  4  1 78  2	
11 54      0 97257160  12628  70324    0    0 163360    24 189562 202264 14  5  0 80  2	
 8 56      0 97257160  12628  70324    0    0 163296     0 185413 198552 14  4  1 79  2	
 5 59      0 97257160  12628  70324    0    0 163392     0 187075 200823 15  4  1 79  2	
 8 55      0 97257160  12636  70324    0    0 163264    12 186285 198996 13  4  0 80  2	
 7 58      0 97257160  12636  70324    0    0 163376     0 187337 201625 14  4  1 79  2	
 7 57      0 97257160  12636  70324    0    0 163344     0 183118 198017 16  4  1 77  2	
 6 59      0 97257160  12636  70324    0    0 163360     0 186228 200562 14  5  1 78  2	
 7 58      0 97257160  12636  70324    0    0 163296     0 187649 202376 16  4  0 78  2	
 6 60      0 97257160  12644  70324    0    0 163344    12 188164 202776 15  4  0 79  2	
 6 60      0 97257160  12644  70324    0    0 163312     0 183230 196861 15  5  1 78  2	
 5 60      0 97257160  12644  70324    0    0 163344    12 185542 199540 14  4  0 79  2	
 7 59      0 97257160  12644  70324    0    0 163328     0 185407 199568 14  4  0 79  2	
10 54      0 97257160  12644  70324    0    0 163264     0 187139 201218 14  4  1 79  2	
 9 56      0 97257160  12644  70324    0    0 163408     0 187576 200999 14  4  1 79  2	
12 56      0 97257160  12652  70324    0    0 163280    24 186337 199358 14  5  0 79  2	
 9 57      0 97257160  12652  70324    0    0 163376     4 187165 200697 14  4  1 79  2	
 8 59      0 97257160  12652  70324    0    0 163360     0 186390 200779 15  4  0 80  2	
procs -----------memory---------- ---swap-- -----io---- --system-- -----cpu-----
 r  b   swpd   free   buff  cache   si   so    bi    bo   in   cs us sy id wa st
 8 58      0 97257160  12652  70324    0    0 163264     0 186369 199001 14  4  1 79  2	
 6 58      0 97257160  12652  70324    0    0 163376     0 186200 198879 15  4  1 79  2	
 7 58      0 97257160  12660  70324    0    0 163328    12 183350 197316 16  5  1 77  2	
 8 56      0 97257160  12660  70336    0    0 163312     0 187469 200812 13  4  1 81  2	
 9 56      0 97257160  12660  70340    0    0 163312     0 183524 197041 14  4  0 79  2	
12 53      0 97257160  12660  70340    0    0 163328     0 188781 202380 14  4  0 80  2	
10 56      0 97257160  12660  70340    0    0 163376     0 187074 200899 14  4  0 80  2	
 4 61      0 97257160  12660  70340    0    0 163392     0 187682 200796 13  5  0 80  2	
12 53      0 97257160  12668  70340    0    0 163216    20 186821 201656 15  3  1 79  2	
 6 58      0 97257160  12668  70340    0    0 163440     0 186047 198925 13  4  1 80  2	
 7 57      0 97257160  12668  70340    0    0 163328     0 185831 199339 13  4  1 81  2	
 8 56      0 97257160  12668  70340    0    0 163280     0 187210 199585 13  4  1 81  2	
 9 57      0 97257160  12668  70340    0    0 163312     0 184933 199291 15  4  1 79  2	
 9 57      0 97257160  12676  70340    0    0 163344    12 186781 200620 14  5  0 80  2	
 4 60      0 97257160  12676  70340    0    0 163408     0 185238 198671 14  4  1 79  2	
 8 57      0 97257160  12676  70340    0    0 163296     0 187433 200139 14  4  1 79  2	
 8 58      0 97257160  12676  70340    0    0 163328     0 187469 202500 14  4  1 79  2	
 7 59      0 97257160  12676  70340    0    0 163344     0 187416 200080 12  4  1 81  2	
 6 59      0 97257160  12676  70340    0    0 163408     0 188624 204138 14  4  1 80  2	
 7 58      0 97257160  12684  70340    0    0 163280    36 184918 198207 14  4  1 80  2	
10 55      0 97257160  12684  70340    0    0 163328     0 186963 201405 15  5  1 78  2	
procs -----------memory---------- ---swap-- -----io---- --system-- -----cpu-----
 r  b   swpd   free   buff  cache   si   so    bi    bo   in   cs us sy id wa st
 6 61      0 97257160  12684  70340    0    0 163392     0 188903 203173 15  4  1 78  2	
 7 57      0 97257160  12684  70340    0    0 163296     0 183992 199246 17  5  0 76  2	
11 55      0 97257160  12684  70340    0    0 163280     0 188639 203996 15  5  1 78  2	
 7 58      0 97257160  12692  70340    0    0 163408    20 186187 199940 14  5  1 79  2	
 8 57      0 97257160  12692  70340    0    0 163264     0 186270 199012 13  4  1 81  2	
 7 58      0 97257160  12692  70340    0    0 163408     0 187850 201371 14  4  1 80  2	
12 55      0 97257160  12692  70340    0    0 163264     0 188979 203282 15  5  0 78  2	
 7 57      0 97257160  12692  70340    0    0 163376     0 186359 198795 13  4  0 81  2	
 8 57      0 97257160  12700  70340    0    0 163280    36 188152 200351 13  4  1 80  2	
13 53      0 97257160  12700  70340    0    0 163360     0 186745 200381 14  4  0 80  2	
 7 57      0 97257160  12700  70340    0    0 163376     0 185422 199665 14  5  0 79  2	
14 54      0 97257160  12700  70340    0    0 163296     0 184679 197448 14  4  1 79  2	
 7 57      0 97257160  12700  70340    0    0 163376     0 186155 198627 13  4  1 81  2	
 9 58      0 97257160  12700  70340    0    0 163280    16 183336 196656 15  4  1 78  2	
13 56      0 97257160  12708  70340    0    0 163344    36 184539 197516 14  4  0 80  2	
 9 55      0 97257160  12708  70340    0    0 163360     0 186006 198286 13  4  1 81  2	
13 54      0 97257160  12708  70340    0    0 163344     0 185851 197798 13  4  0 81  2	
10 57      0 97257160  12708  70344    0    0 163376     0 188467 202510 14  5  1 78  2	
10 57      0 97257160  12708  70344    0    0 163360     0 187511 201338 12  4  0 82  2	
 4 60      0 97257160  12716  70344    0    0 163344    12 186210 199914 13  4  1 81  2	
 6 59      0 97257160  12716  70344    0    0 163360     0 187063 200502 14  4  0 80  2	
procs -----------memory---------- ---swap-- -----io---- --system-- -----cpu-----
 r  b   swpd   free   buff  cache   si   so    bi    bo   in   cs us sy id wa st
10 56      0 97257160  12716  70344    0    0 163312     0 183563 198405 16  5  0 77  2	
12 54      0 97257160  12716  70344    0    0 163296     0 187326 200843 15  4  1 78  2	
 6 59      0 97257160  12716  70344    0    0 163456     0 185527 198235 14  4  1 80  2	
 1 63      0 97257160  12716  70348    0    0 163344     0 186928 200643 15  4  1 79  2	
 4 61      0 97257160  12724  70348    0    0 163344    12 187289 200935 14  4  1 79  2	
 5 60      0 97257160  12724  70348    0    0 163328     0 186743 202037 14  5  1 79  2	
 7 56      0 97257160  12724  70348    0    0 163344     0 188083 203095 15  5  0 78  2	
 5 59      0 97257160  12724  70348    0    0 163392     0 187750 200076 14  4  1 79  2	
 7 59      0 97257160  12724  70348    0    0 163344     0 186776 201614 16  5  0 78  2	
 8 56      0 97257160  12732  70348    0    0 163248    12 186787 198052 12  3  1 82  2	
10 56      0 97257160  12732  70348    0    0 163376     0 184317 199274 16  4  1 77  2	
 9 56      0 97257160  12732  70348    0    0 163264     0 187455 200389 14  5  1 79  2	
10 58      0 97257160  12732  70348    0    0 163424    36 183833 198025 17  4  0 76  2	
 6 58      0 97257160  12732  70348    0    0 163344     0 186724 199389 13  4  1 81  2	
11 57      0 97257160  12732  70348    0    0 163312     0 185204 197660 14  4  1 80  2	
 8 59      0 97257160  12740  70348    0    0 163440    12 185730 197735 13  4  1 81  2	
 8 57      0 97257160  12740  70348    0    0 163296     0 186253 200888 15  4  1 78  2	
 8 57      0 97257160  12740  70348    0    0 163280     8 185405 197690 14  5  0 80  2	
 4 60      0 97257160  12740  70348    0    0 163344     0 185708 199203 14  3  0 81  2	
 6 58      0 97257160  12740  70348    0    0 163360     0 185683 199964 15  5  0 78  2	
11 55      0 97257160  12748  70348    0    0 163280    24 186662 201174 14  4  0 80  2	
procs -----------memory---------- ---swap-- -----io---- --system-- -----cpu-----
 r  b   swpd   free   buff  cache   si   so    bi    bo   in   cs us sy id wa st
12 52      0 97257160  12748  70348    0    0 163296     0 188749 202833 14  4  0 80  2	
 5 60      0 97257160  12748  70348    0    0 163424     0 185181 199262 15  4  1 78  2	
10 56      0 97257160  12748  70348    0    0 163296     8 188065 200783 13  4  1 80  2	
 8 57      0 97257160  12748  70348    0    0 163344     0 185266 197534 13  4  1 81  2	
 9 59      0 97257160  12748  70348    0    0 163328     0 188650 203060 14  4  1 80  2	
 9 58      0 97257160  12756  70348    0    0 163344    24 185478 200488 14  5  0 79  2	
12 53      0 97257160  12756  70348    0    0 163328     0 186330 201038 16  4  0 79  2	
12 54      0 97257160  12756  70348    0    0 163360     0 186379 200033 14  5  1 79  2	
 6 58      0 97257160  12756  70352    0    0 163392     0 186906 201310 15  4  1 78  2	
 6 58      0 97257160  12756  70352    0    0 163344     0 181523 195734 16  4  1 78  2	
 9 56      0 97257160  12764  70352    0    0 163296    12 186226 197761 12  4  0 81  2	
 7 58      0 97257160  12764  70352    0    0 163296     0 185375 199061 14  4  1 79  2	
 7 57      0 97257160  12764  70352    0    0 163344     0 186755 200434 14  4  1 80  2	
 9 56      0 97257160  12764  70352    0    0 163376     0 187350 200848 13  4  1 80  2	
 5 59      0 97257160  12764  70352    0    0 163344     0 186930 200290 14  4  1 79  2	
 9 56      0 97257160  12764  70352    0    0 163280     0 184356 199425 16  4  1 78  2	
 7 57      0 97257160  12772  70352    0    0 163424    12 188398 202136 15  5  1 78  2	
 6 58      0 97257160  12772  70352    0    0 163248     0 187914 201031 15  5  0 78  2	
 6 59      0 97257160  12772  70352    0    0 163408     0 187159 199405 14  4  1 79  2	
 6 58      0 97257160  12772  70352    0    0 163248     0 186555 200759 14  4  0 80  2	
 7 57      0 97257160  12772  70352    0    0 163344     0 187742 200325 13  5  1 80  2	
procs -----------memory---------- ---swap-- -----io---- --system-- -----cpu-----
 r  b   swpd   free   buff  cache   si   so    bi    bo   in   cs us sy id wa st
 9 56      0 97257160  12780  70352    0    0 163344    16 184345 197354 14  4  0 80  2	
 8 56      0 97257160  12780  70352    0    0 163312     0 188241 201516 14  5  1 79  2	
 9 58      0 97257160  12780  70352    0    0 163360     0 187762 201099 14  5  1 80  2	
 8 58      0 97257160  12780  70352    0    0 163296     0 186238 198743 13  4  0 80  2	
 9 56      0 97257160  12780  70356    0    0 163312     0 186304 199771 14  4  1 79  2	
 6 60      0 97257160  12780  70356    0    0 163344     0 186419 201702 14  5  1 78  2	
 5 59      0 97257160  12788  70356    0    0 163344    40 185749 197898 13  5  0 80  2	
 5 59      0 97257160  12788  70364    0    0 163328     0 187403 201077 14  4  0 80  2	
10 56      0 97257160  12788  70364    0    0 163280     0 185046 199739 14  5  0 78  2	
10 55      0 97257160  12788  70364    0    0 163344     0 187293 199866 13  3  1 81  2	
 7 58      0 97257160  12788  70364    0    0 163328     0 186479 200727 15  5  0 79  2	
12 54      0 97257160  12796  70364    0    0 163360    24 188254 203778 15  5  0 78  2	
10 55      0 97257160  12796  70364    0    0 163328     0 187998 201109 13  5  0 80  2	
11 53      0 97257160  12796  70364    0    0 163328     0 188433 202376 14  5  0 79  2	
 9 55      0 97257160  12796  70364    0    0 163392     0 188113 201542 13  3  1 81  2	
11 54      0 97257160  12796  70364    0    0 163296     0 186842 199442 14  4  1 79  2	
 5 60      0 97257160  12796  70364    0    0 163440     8 187622 199829 12  5  1 81  2	
 6 59      0 97257160  12804  70364    0    0 163344    24 185367 199714 14  4  1 80  2	
15 53      0 97257160  12804  70364    0    0 163232     0 185121 200578 16  4  0 78  2	
 9 55      0 97257160  12804  70364    0    0 163392     0 185869 198480 13  4  1 81  2	
 7 57      0 97257160  12804  70368    0    0 163376     0 185465 201941 16  5  1 76  2	
procs -----------memory---------- ---swap-- -----io---- --system-- -----cpu-----
 r  b   swpd   free   buff  cache   si   so    bi    bo   in   cs us sy id wa st
11 56      0 97257160  12804  70368    0    0 163360     0 184747 200089 15  4  1 79  2	
 7 57      0 97257160  12812  70368    0    0 163344    12 186975 200153 14  5  0 79  2	
10 56      0 97257160  12812  70368    0    0 163312     0 186675 200261 15  4  1 78  2	
11 55      0 97257160  12812  70368    0    0 163328     0 187305 201549 13  4  0 81  2	
 6 59      0 97257160  12812  70368    0    0 163344     0 183238 196286 14  4  0 80  2	
 6 59      0 97257160  12812  70368    0    0 163296     0 186353 200439 13  5  1 80  2	
14 54      0 97256168  12812  70368    0    0 163248     0 186620 199271 13  4  0 81  2	
 6 59      0 97256016  12820  70372    0    0 163424    16 186351 201676 16  4  1 78  2	
 5 59      0 97256456  12820  70372    0    0 163328     0 187450 200543 14  5  0 79  2	
10 55      0 97257040  12820  70372    0    0 163264     0 185692 199218 15  5  0 78  2	
11 55      0 97257040  12820  70372    0    0 163328     0 187287 199966 13  4  0 81  2	
 7 56      0 97257040  12820  70372    0    0 163408     4 189057 203989 15  4  0 79  2	
 8 57      0 97257040  12828  70372    0    0 163312    20 187783 202588 14  4  1 79  2	
10 56      0 97257040  12828  70372    0    0 163312     0 186672 199110 15  5  1 79  2	
12 53      0 97257040  12828  70372    0    0 163328     0 187113 200146 14  4  1 80  2	
13 53      0 97257040  12828  70372    0    0 163312     0 188016 201813 14  4  1 79  2	
 8 57      0 97257040  12828  70372    0    0 163376     8 187107 201432 14  5  0 79  2	
 7 58      0 97257040  12828  70372    0    0 163392     0 185455 201403 15  4  1 78  2	
11 55      0 97257040  12836  70372    0    0 163280    24 187254 199718 13  5  0 80  2	
 9 56      0 97257040  12836  70372    0    0 163344     0 185932 199694 17  4  0 76  2	
16 54      0 97257040  12836  70372    0    0 163264     0 187558 202673 16  5  1 76  2	
procs -----------memory---------- ---swap-- -----io---- --system-- -----cpu-----
 r  b   swpd   free   buff  cache   si   so    bi    bo   in   cs us sy id wa st
 9 56      0 97257040  12836  70372    0    0 163456    28 186279 199816 13  4  0 81  2	
 7 57      0 97257040  12844  70368    0    0 163408    12 186921 199793 14  4  1 79  2	
 9 55      0 97257040  12844  70372    0    0 163280     0 185924 200229 16  4  0 77  2	
 7 58      0 97257040  12844  70372    0    0 163392     0 185866 198290 13  4  1 80  2	
 7 57      0 97257040  12844  70376    0    0 163296     0 186039 198966 13  4  1 80  2	
13 53      0 97257040  12844  70376    0    0 163328     8 187038 199635 14  5  1 79  2	
 6 59      0 97257040  12852  70368    0    0 163392    24 187294 202011 15  5  0 78  2	
 2 62      0 97257040  12852  70376    0    0 163392     0 186855 199156 14  4  0 80  2	
 9 55      0 97257040  12852  70376    0    0 163200     0 186363 199781 14  5  1 79  2	
10 55      0 97257040  12852  70376    0    0 163312     0 188176 200688 13  4  1 80  2	
 6 59      0 97257040  12852  70376    0    0 163408     0 187243 201013 14  4  1 80  2	
 6 58      0 97257040  12852  70376    0    0 163312     0 188238 201470 14  5  1 79  2	
 8 58      0 97257040  12860  70380    0    0 163328    12 186363 199648 14  5  1 79  2	
 6 59      0 97257040  12860  70380    0    0 163328     0 186852 200663 16  5  1 77  2	
10 54      0 97257040  12860  70380    0    0 163280     0 186635 199332 13  5  1 80  2	
14 54      0 97257040  12860  70380    0    0 163328     8 188071 201168 13  5  0 80  2	
 8 58      0 97257040  12860  70380    0    0 163392     0 187618 202413 16  4  1 78  2	
 8 58      0 97257040  12868  70372    0    0 163360    28 187529 200264 13  5  1 80  2	
14 51      0 97257040  12868  70380    0    0 163216     0 185603 199575 14  5  1 78  2	
 5 60      0 97257040  12868  70380    0    0 163472     0 188162 202458 14  4  0 79  2	
 4 59      0 97257040  12868  70380    0    0 163328     4 185149 198719 13  4  1 81  2	
procs -----------memory---------- ---swap-- -----io---- --system-- -----cpu-----
 r  b   swpd   free   buff  cache   si   so    bi    bo   in   cs us sy id wa st
 8 56      0 97257040  12868  70380    0    0 163280     0 188107 201293 13  4  0 80  2	
 9 56      0 97257040  12868  70380    0    0 163360     0 185274 196901 13  4  1 81  2	
 4 60      0 97257040  12876  70380    0    0 163376    12 187316 199694 13  5  1 80  2	
10 55      0 97257040  12876  70380    0    0 163296     0 187727 200404 13  4  1 80  2	
13 55      0 97257040  12876  70380    0    0 163360     0 186935 199989 13  4  0 81  2	
11 55      0 97257040  12876  70380    0    0 163312     8 185754 200144 14  5  1 78  2	
11 57      0 97257040  12876  70380    0    0 163392     0 187800 201262 14  4  1 80  2	
 9 57      0 97257040  12884  70372    0    0 163296    24 184328 197466 15  4  1 79  2	
 7 57      0 97257040  12884  70380    0    0 163344     0 186802 199282 14  4  1 80  2	
15 51      0 97257040  12884  70380    0    0 163216     0 185818 198607 14  4  0 80  2	
12 55      0 97257040  12884  70380    0    0 163392     0 187868 200974 15  4  1 79  2	
 7 58      0 97257040  12884  70380    0    0 163408     0 187183 201936 14  5  1 79  2	
 6 58      0 97257040  12884  70380    0    0 163312     0 187892 201664 14  5  0 79  2	
11 55      0 97257040  12892  70380    0    0 163280    12 184428 199379 16  4  1 78  2	
13 54      0 97257040  12892  70380    0    0 163328     0 187668 200720 14  4  0 80  2	
 9 56      0 97257040  12892  70380    0    0 163392    32 185596 199326 15  4  0 78  2	
 7 59      0 97257040  12892  70380    0    0 163408     0 188062 201033 13  4  1 81  2	
13 52      0 97257040  12892  70380    0    0 163216     0 184259 198714 15  5  1 77  2	
 8 57      0 97257040  12900  70372    0    0 163440    12 186176 199743 15  4  1 79  2	
 8 58      0 97257040  12900  70380    0    0 163344     0 187072 199402 14  4  0 80  2	
10 56      0 97257040  12900  70380    0    0 163312     0 187271 201397 14  4  0 80  2	
procs -----------memory---------- ---swap-- -----io---- --system-- -----cpu-----
 r  b   swpd   free   buff  cache   si   so    bi    bo   in   cs us sy id wa st
 9 56      0 97257040  12900  70380    0    0 163344     0 188341 202372 13  4  1 80  2	
 7 59      0 97257040  12900  70380    0    0 163360     0 189460 202902 14  4  1 80  2	
11 54      0 97257040  12900  70380    0    0 163328     0 187944 202173 15  5  1 78  2	
13 54      0 97257040  12908  70384    0    0 163312    12 187754 201749 13  4  0 80  2	
 5 59      0 97257040  12908  70388    0    0 163440     0 181930 194117 15  4  1 79  2	
 7 57      0 97257040  12908  70388    0    0 163264     0 188268 201110 14  4  1 80  2	
10 57      0 97257040  12908  70388    0    0 163296     0 185926 199102 14  4  1 79  2	
 8 58      0 97257040  12908  70388    0    0 163360     0 187335 201695 15  4  0 79  2	
10 57      0 97257040  12916  70380    0    0 163280    12 188709 202821 13  5  1 80  2	
 6 60      0 97257040  12916  70388    0    0 163408     0 186051 199690 14  4  1 80  2	
10 55      0 97257040  12916  70388    0    0 163264     0 185726 199095 15  4  0 79  2	
 9 57      0 97257040  12916  70388    0    0 163312     0 187304 200778 14  4  0 79  2	
 7 58      0 97257040  12916  70388    0    0 163376     0 186976 200797 14  4  0 80  2	
10 56      0 97257040  12916  70388    0    0 163328     0 187763 200602 12  4  1 81  2	
16 53      0 97257040  12924  70388    0    0 163264    12 184731 198910 16  4  0 77  2	
 7 57      0 97257040  12924  70388    0    0 163408     0 187449 201168 14  4  1 79  2	
 9 56      0 97257040  12924  70388    0    0 163376     0 184589 197010 15  4  1 78  2	
12 56      0 97257040  12924  70388    0    0 163328     0 186307 199449 14  4  0 80  2	
10 54      0 97257040  12924  70388    0    0 163360     0 187921 202458 14  4  1 79  2	
13 52      0 97257040  12932  70380    0    0 163296    32 187140 200461 13  5  1 80  2	
13 54      0 97257040  12932  70388    0    0 163328     0 185398 199840 16  4  1 77  2	
procs -----------memory---------- ---swap-- -----io---- --system-- -----cpu-----
 r  b   swpd   free   buff  cache   si   so    bi    bo   in   cs us sy id wa st
13 54      0 97257040  12932  70388    0    0 163360     0 186619 200896 15  4  1 79  2	
13 55      0 97257040  12932  70388    0    0 163344     0 185801 197729 12  4  0 82  2	
 7 58      0 97257040  12932  70388    0    0 163408     0 187477 200368 13  4  1 81  2	
 5 60      0 97257040  12940  70380    0    0 163296    32 186298 201250 15  4  0 79  2	
13 54      0 97257040  12940  70388    0    0 163264     0 187890 201201 13  3  1 81  2	
10 56      0 97257040  12940  70388    0    0 163408     0 186519 200736 14  5  0 79  2	
 8 56      0 97257040  12940  70388    0    0 163280     0 188505 202029 15  4  1 79  2	
 5 61      0 97257040  12940  70388    0    0 163440     0 186985 200442 13  4  1 80  2	
 9 58      0 97257040  12940  70388    0    0 163312     0 185595 198048 14  4  0 80  2	
 8 57      0 97257040  12948  70388    0    0 163328    36 187251 200249 13  5  1 80  2	
 7 58      0 97257040  12948  70388    0    0 163344     0 186993 199072 13  4  1 81  2	
 5 60      0 97257040  12948  70388    0    0 163360     0 189007 202507 14  4  1 80  2	
15 52      0 97257040  12948  70388    0    0 163264     0 187800 201669 14  4  0 80  2	
 9 55      0 97257040  12948  70388    0    0 163360     0 183802 198125 15  5  1 78  2	
 6 58      0 97257040  12956  70380    0    0 163408    12 188534 201651 13  4  1 81  2	
 9 56      0 97257040  12956  70392    0    0 163248     0 186657 201583 16  5  0 77  2	
 1 63      0 97257040  12956  70392    0    0 163440     0 187724 202262 15  4  1 79  2	
 3 61      0 97257040  12956  70392    0    0 163344     0 187611 200896 15  4  0 79  2	
10 56      0 97257040  12956  70392    0    0 163232     0 185824 199227 14  4  1 80  2	
11 56      0 97257040  12956  70392    0    0 163344     0 189459 204468 14  4  0 79  2	
 6 60      0 97257040  12964  70392    0    0 163392    12 188379 202018 15  4  1 79  2	
procs -----------memory---------- ---swap-- -----io---- --system-- -----cpu-----
 r  b   swpd   free   buff  cache   si   so    bi    bo   in   cs us sy id wa st
 5 59      0 97257040  12964  70392    0    0 163360     0 185570 199147 14  4  1 79  2	
12 56      0 97257040  12964  70392    0    0 163296     0 187211 200089 14  4  0 80  2	
14 55      0 97257040  12964  70392    0    0 163344     0 184660 199997 17  4  1 76  2	
 5 59      0 97257040  12964  70392    0    0 163376     0 185784 199621 17  5  0 77  2	
10 56      0 97257040  12972  70384    0    0 163296    16 187767 202783 15  5  1 78  2	
 5 60      0 97257040  12972  70396    0    0 163376     0 186924 200662 14  4  1 79  2	
 8 58      0 97257040  12972  70396    0    0 163312     0 186020 200084 14  4  0 80  2	
12 54      0 97257040  12972  70396    0    0 163280     0 187601 201516 13  4  0 80  2	
 5 60      0 97257040  12972  70396    0    0 163424     8 188361 203020 16  5  1 77  2	
13 53      0 97257040  12972  70396    0    0 163248     0 187186 200678 13  4  1 80  2	
 5 60      0 97257040  12980  70396    0    0 163472    24 188406 201353 14  4  1 80  2	
 5 60      0 97257040  12980  70396    0    0 163328     0 186057 198124 13  4  1 80  2	
 6 59      0 97257040  12980  70396    0    0 163296     0 185920 200758 17  4  0 77  2	
10 55      0 97257040  12980  70396    0    0 163312     8 186208 198545 12  4  1 82  2	
 7 58      0 97257040  12980  70396    0    0 163360     0 186592 201617 15  5  0 78  2	
 9 54      0 97257040  12988  70388    0    0 163296    24 188376 201206 13  4  1 80  2	
12 54      0 97257040  12988  70396    0    0 163296     0 186310 199030 13  5  0 80  2	
 7 58      0 97257040  12988  70396    0    0 163408     0 186505 200424 14  4  1 80  2	
 4 60      0 97257040  12988  70396    0    0 163344     0 186783 200161 15  5  0 78  2	
 2 62      0 97257040  12988  70396    0    0 163376     0 184610 197109 12  4  1 82  2	
 9 56      0 97257040  12988  70396    0    0 163280     0 187141 201464 15  5  0 79  2	
procs -----------memory---------- ---swap-- -----io---- --system-- -----cpu-----
 r  b   swpd   free   buff  cache   si   so    bi    bo   in   cs us sy id wa st
14 51      0 97257040  12996  70396    0    0 163280    12 187048 200278 15  4  1 79  2	
 6 59      0 97257040  12996  70396    0    0 163424     0 184022 197695 15  5  0 78  2	
 7 58      0 97257040  12996  70396    0    0 163344    20 187821 201115 14  4  0 80  2	
13 55      0 97257040  12996  70396    0    0 163280     0 184474 199401 16  4  0 78  2	
 9 57      0 97257040  12996  70396    0    0 163376     0 187634 201256 14  4  1 79  2	
10 55      0 97257040  13004  70388    0    0 163344    12 186824 199811 15  3  0 80  2	
11 54      0 97257040  13004  70396    0    0 163280     0 187827 201018 14  4  1 80  2	
 5 60      0 97257040  13004  70400    0    0 163456     0 187387 201298 14  4  1 80  2	
 4 60      0 97257040  13004  70400    0    0 163264     0 188140 201380 14  4  1 79  2	
 6 59      0 97257040  13004  70400    0    0 163376     0 186206 199514 14  4  1 80  2	
 6 58      0 97257040  13004  70400    0    0 163312     0 187679 200227 13  4  1 81  2	
10 56      0 97257040  13012  70400    0    0 163312    12 184231 199601 17  4  0 77  2	
11 55      0 97257040  13012  70400    0    0 163296     0 187635 202105 15  4  1 79  2	
 7 59      0 97257040  13012  70400    0    0 163360     4 187165 200877 15  5  1 78  2	
 4 61      0 97257040  13012  70400    0    0 163392     0 186847 199918 13  4  0 80  2	
 6 61      0 97257040  13012  70400    0    0 163344     0 187334 200758 13  4  1 80  2	
10 56      0 97257040  13020  70392    0    0 163200    12 185403 196960 12  4  1 82  2	
 5 59      0 97257040  13020  70400    0    0 163424     0 185733 201771 18  4  0 76  2	
 7 58      0 97257040  13020  70400    0    0 163328     8 185045 200008 14  4  1 79  2	
 5 60      0 97257040  13020  70400    0    0 163280     0 186396 199156 13  4  1 81  2	
16 52      0 97257040  13020  70400    0    0 163312     0 188898 203801 16  5  1 77  2	
procs -----------memory---------- ---swap-- -----io---- --system-- -----cpu-----
 r  b   swpd   free   buff  cache   si   so    bi    bo   in   cs us sy id wa st
 8 59      0 97257040  13020  70400    0    0 163408    20 186301 200641 13  5  1 79  2	
11 55      0 97257040  13028  70400    0    0 163328     4 188043 200929 13  4  1 80  2	
11 55      0 97257040  13028  70400    0    0 163328     4 186396 199997 15  5  1 78  2	
 6 60      0 97257040  13028  70400    0    0 163376     0 188055 201589 14  4  0 80  2	
 9 56      0 97257040  13028  70400    0    0 163328     0 187016 200496 13  4  0 81  2	
 3 61      0 97257040  13028  70404    0    0 163360     0 186725 199834 14  5  1 79  2	
 9 56      0 97257040  13036  70404    0    0 163328    12 186492 199576 13  4  1 80  2	
10 58      0 97257040  13036  70404    0    0 163360     0 187499 200431 12  4  0 81  2	
17 54      0 97257040  13036  70404    0    0 163280     0 185632 197823 13  4  1 81  2	
 7 57      0 97257040  13036  70404    0    0 163376     0 186558 199546 13  4  0 81  2	
13 54      0 97257040  13036  70404    0    0 163328     0 184110 197356 14  4  1 80  2	
10 58      0 97257040  13044  70396    0    0 163360    12 185568 200331 16  4  0 78  2	
 7 58      0 97257040  13044  70404    0    0 163392     0 183137 197949 15  6  1 78  2	
10 56      0 97257040  13044  70404    0    0 163296     0 184427 200741 15  4  1 78  2	
 6 59      0 97257040  13044  70404    0    0 163408     0 182871 198218 15  5  0 78  2	
 9 57      0 97257040  13044  70404    0    0 163296     0 185540 201077 15  5  0 77  2	
 4 60      0 97257040  13044  70404    0    0 163360     0 185041 198938 15  4  1 78  2	
 8 57      0 97257040  13052  70404    0    0 163232    28 184306 199579 16  4  0 78  2	
 5 59      0 97257040  13052  70408    0    0 163392     0 185472 198018 13  4  0 80  2	
12 54      0 97257040  13052  70408    0    0 163312     0 187240 200353 13  4  1 80  2	
 2 62      0 97257040  13052  70408    0    0 163456     0 185301 199688 15  4  1 78  2	
procs -----------memory---------- ---swap-- -----io---- --system-- -----cpu-----
 r  b   swpd   free   buff  cache   si   so    bi    bo   in   cs us sy id wa st
 5 58      0 97257040  13052  70408    0    0 163360     0 186668 200294 12  4  0 81  2	
 7 58      0 97257040  13060  70400    0    0 163280    12 183235 196003 15  4  0 79  2	
11 54      0 97257040  13060  70408    0    0 163312     0 188355 204213 15  4  1 78  2	
 7 59      0 97257040  13060  70408    0    0 163360     0 186131 200056 14  5  1 79  2	
10 56      0 97257040  13060  70408    0    0 163312     0 183764 196708 14  4  1 80  2	
 9 55      0 97257040  13060  70408    0    0 163328     0 185895 200012 15  4  1 78  2	
10 56      0 97257040  13060  70408    0    0 163344     8 188489 201828 13  4  0 80  2	
10 57      0 97257040  13068  70408    0    0 163296    24 186395 200980 15  3  1 79  2	
11 57      0 97257040  13068  70408    0    0 163392     0 188136 202813 14  4  1 79  2	
 2 62      0 97257040  13068  70408    0    0 163376     0 183846 198837 16  4  0 78  2	
 4 60      0 97257040  13068  70408    0    0 163280     0 187281 200344 13  4  0 81  2	
 8 57      0 97257040  13068  70408    0    0 163264     0 185344 198619 14  4  1 79  2	
13 53      0 97257040  13076  70400    0    0 163344    32 187935 201283 13  5  0 80  2	
11 55      0 97257040  13076  70408    0    0 163344     0 186428 198329 14  4  0 80  2	
 9 56      0 97257040  13076  70408    0    0 163376     0 188011 201349 13  4  0 80  2	
 8 57      0 97257040  13076  70408    0    0 163376     0 184292 197541 14  4  1 80  2	
 8 57      0 97257040  13076  70408    0    0 163264     0 187483 200972 14  4  0 80  2	
 4 60      0 97257040  13076  70408    0    0 163344     0 183050 197853 16  5  1 77  2	
 7 57      0 97257040  13084  70408    0    0 163296    12 187179 201761 14  4  0 79  2	
 4 60      0 97257040  13084  70408    0    0 163440     0 186007 199347 14  4  1 80  2	
11 56      0 97257040  13084  70408    0    0 163344     0 185499 197317 14  4  1 80  2	
procs -----------memory---------- ---swap-- -----io---- --system-- -----cpu-----
 r  b   swpd   free   buff  cache   si   so    bi    bo   in   cs us sy id wa st
 9 56      0 97257040  13084  70408    0    0 163296     0 186527 201083 15  5  1 77  2	
17 52      0 97257040  13084  70408    0    0 163296     0 188693 203793 15  4  0 78  2	
10 56      0 97257040  13092  70400    0    0 163376    12 186087 200793 15  5  1 78  2	
 4 60      0 97257040  13092  70408    0    0 163376     0 187932 202691 15  4  1 79  2	
11 54      0 97257040  13092  70408    0    0 163232     0 186497 199704 13  4  0 80  2	
11 56      0 97257040  13092  70408    0    0 163376     0 187234 202188 13  5  1 80  2	
 7 58      0 97257040  13092  70412    0    0 163328     0 186242 198408 13  4  1 81  2	
 5 60      0 97257040  13092  70412    0    0 163392     0 187095 200315 14  4  1 80  2	
 7 59      0 97257040  13100  70412    0    0 163312    20 186231 200635 16  5  1 76  2	
 2 62      0 97256912  13100  70416    0    0 163440     0 187237 200039 13  4  0 80  2	
11 56      0 97256912  13100  70416    0    0 163248     0 185726 197998 13  4  1 80  2	
10 56      0 97256912  13100  70416    0    0 163312    16 186642 197594 12  5  1 81  2	
 8 57      0 97256912  13100  70416    0    0 163392     0 182968 195820 12  4  1 81  2	
12 53      0 97256912  13108  70408    0    0 163232    20 188329 201690 14  4  1 79  2	
 5 59      0 97256912  13108  70416    0    0 163440     0 186515 200893 14  4  1 80  2	
 9 57      0 97256912  13108  70416    0    0 163280     0 188666 203187 14  5  1 79  2	
 6 58      0 97256912  13108  70416    0    0 163312     0 186677 200387 14  4  1 80  2	
 8 57      0 97256912  13108  70416    0    0 163328     0 187882 201343 14  4  0 80  2	
 5 59      0 97256912  13108  70416    0    0 163328     0 185135 199991 15  5  0 77  2	
 9 57      0 97256912  13116  70416    0    0 163344    12 186945 201264 14  5  1 79  2	
 7 56      0 97256912  13116  70416    0    0 163360     0 185485 198742 15  4  0 79  2	
procs -----------memory---------- ---swap-- -----io---- --system-- -----cpu-----
 r  b   swpd   free   buff  cache   si   so    bi    bo   in   cs us sy id wa st
 7 58      0 97256912  13116  70416    0    0 163280     8 186653 199796 14  4  1 79  2	
10 56      0 97256912  13116  70416    0    0 163344     0 188003 201261 15  4  0 79  2	
 7 57      0 97256912  13116  70416    0    0 163296     0 185507 198851 13  4  1 81  2	
11 54      0 97256912  13124  70408    0    0 163360    24 186166 200416 15  5  1 78  2	
10 55      0 97256784  13124  70416    0    0 163328     0 186194 199664 14  4  1 80  2	
 8 57      0 97256784  13124  70416    0    0 163424     8 189607 204281 16  4  1 78  2	
 5 60      0 97256784  13124  70416    0    0 163328     0 187510 201139 15  4  0 79  2	
 6 58      0 97256784  13124  70416    0    0 163376     0 184740 198204 16  4  1 78  2	
 7 58      0 97256784  13124  70416    0    0 163328     0 187935 202402 14  4  1 80  2	
 6 58      0 97256784  13132  70416    0    0 163376    24 187550 202456 14  4  0 80  2	
 9 55      0 97256784  13132  70416    0    0 163296     0 188267 201627 14  4  1 79  2	
12 54      0 97256784  13132  70416    0    0 163280     0 186780 200443 14  5  1 79  2	
10 54      0 97255792  13132  70416    0    0 163360     0 186606 198452 13  4  1 81  2	
10 56      0 97255640  13132  70420    0    0 163344     0 186846 199689 13  4  0 81  2	
13 54      0 97256080  13148  70404    0    0 163376    56 188847 201678 12  4  0 81  2	
 5 59      0 97256288  13148  70420    0    0 163392     0 186578 200266 13  4  1 80  2	
 5 59      0 97256288  13148  70420    0    0 163328     0 187869 201267 14  4  0 80  2	
13 54      0 97256288  13148  70420    0    0 163280     0 183235 198253 18  5  1 75  2	
 7 59      0 97256288  13148  70420    0    0 163392     0 187883 201415 15  5  1 78  2	
13 55      0 97256288  13148  70420    0    0 163216     0 184152 197160 15  4  0 79  2	
 6 59      0 97256288  13156  70420    0    0 163456    12 186184 200774 15  5  0 79  2	
procs -----------memory---------- ---swap-- -----io---- --system-- -----cpu-----
 r  b   swpd   free   buff  cache   si   so    bi    bo   in   cs us sy id wa st
 9 55      0 97256288  13156  70420    0    0 163312     8 188881 203538 14  4  1 80  2	
 8 57      0 97256288  13156  70424    0    0 163360     0 189005 200921 13  5  0 80  2	
11 55      0 97256288  13156  70424    0    0 163312     0 188099 202099 13  4  1 80  2	
 2 61      0 97256288  13156  70424    0    0 163424     0 188547 202016 13  4  1 80  2	
12 54      0 97256288  13164  70416    0    0 163232    12 186008 200644 15  5  0 79  2	
 9 56      0 97256288  13164  70424    0    0 163376    36 188621 203323 14  4  0 79  2	
10 56      0 97256288  13164  70428    0    0 163376     0 186205 200559 15  5  1 77  2	
 3 61      0 97256288  13164  70428    0    0 163376     0 187052 200114 14  4  1 80  2	
 4 61      0 97256288  13164  70428    0    0 163360     0 186369 201363 16  5  0 77  2	
 9 56      0 97256288  13164  70428    0    0 163248     0 187869 200274 13  4  0 80  2	
 4 61      0 97256288  13172  70428    0    0 163488    20 186048 197960 13  4  0 81  2	
 4 60      0 97256288  13172  70428    0    0 163280     0 186729 201157 16  4  1 78  2	
11 54      0 97256288  13172  70428    0    0 163296     0 187017 201264 14  5  1 79  2	
 7 58      0 97256288  13172  70428    0    0 163376     0 186161 198681 14  4  1 80  2	
 7 57      0 97256288  13172  70428    0    0 163360     0 187728 203856 16  5  0 77  2	
 8 56      0 97256288  13180  70420    0    0 163264    36 188998 202918 14  4  0 80  2	
 9 54      0 97256288  13180  70428    0    0 163360     0 185132 200718 16  5  0 77  2	
 5 58      0 97256288  13180  70428    0    0 163408     0 187012 200823 15  4  1 79  2	
 8 57      0 97256288  13180  70428    0    0 163216     0 184793 196724 14  4  1 80  2	
 8 56      0 97256288  13180  70428    0    0 163376     0 187349 200781 13  4  1 81  2	
 7 57      0 97256288  13188  70420    0    0 163328    16 177564 194865 16  4  1 78  2	
procs -----------memory---------- ---swap-- -----io---- --system-- -----cpu-----
 r  b   swpd   free   buff  cache   si   so    bi    bo   in   cs us sy id wa st
11 55      0 97256288  13188  70428    0    0 163312     0 186271 199981 15  4  0 79  2	
 7 59      0 97256288  13188  70428    0    0 163408     0 184928 197691 14  5  1 79  2	
 9 58      0 97256288  13188  70428    0    0 163328     0 187467 201785 13  4  1 80  2	
 2 62      0 97256288  13188  70428    0    0 163392     0 187467 201662 15  4  0 79  2	
11 55      0 97256288  13188  70428    0    0 163232     8 186920 200022 13  4  1 80  2	
 9 58      0 97256288  13196  70428    0    0 163376    12 184841 198092 15  5  0 79  2	
11 56      0 97256288  13196  70428    0    0 163312     0 186307 200419 14  4  1 79  2	
11 57      0 97256288  13196  70428    0    0 163344     0 186215 200203 14  4  1 79  2	
 8 58      0 97256288  13196  70428    0    0 163376     0 186108 200733 14  5  1 79  2	
12 54      0 97256288  13196  70428    0    0 163232     0 187448 202153 13  4  1 80  2	
 7 58      0 97256288  13204  70420    0    0 163408    12 187771 201129 14  5  0 79  2	
16 54      0 97256288  13204  70428    0    0 163280     0 184528 200664 16  5  1 76  2	
12 54      0 97256288  13204  70428    0    0 163376     0 186206 200044 15  4  0 79  2	
 5 59      0 97256288  13204  70428    0    0 163360     0 188311 202541 15  5  1 78  2	
15 51      0 97256288  13204  70432    0    0 163248     0 187153 201342 14  5  1 79  2	
14 53      0 97256288  13204  70432    0    0 163328     0 185543 200287 15  4  0 78  2	
 6 58      0 97256288  13212  70432    0    0 163440    12 187487 200995 14  4  0 80  2	
 9 55      0 97256288  13212  70432    0    0 163280     0 186922 202032 15  5  1 78  2	
 8 57      0 97256288  13212  70432    0    0 163408     0 186631 199367 14  5  0 79  2	
 8 58      0 97256288  13212  70432    0    0 163296     0 188080 202150 15  4  1 79  2	
10 54      0 97256288  13212  70432    0    0 163280    24 188184 200916 13  3  1 81  2	
procs -----------memory---------- ---swap-- -----io---- --system-- -----cpu-----
 r  b   swpd   free   buff  cache   si   so    bi    bo   in   cs us sy id wa st
 6 59      0 97256288  13220  70428    0    0 163344    24 182867 197445 17  5  1 76  2	
 7 59      0 97256288  13220  70432    0    0 163376     0 186749 200504 14  4  0 79  2	
 6 58      0 97256288  13220  70432    0    0 163328     0 187947 200032 14  4  1 80  2	
 8 59      0 97256288  13220  70432    0    0 163392     0 187330 201555 14  5  1 79  2	
 7 57      0 97256288  13220  70432    0    0 163280     4 186483 200164 15  4  1 79  2	
 8 56      0 97256288  13220  70432    0    0 163328     0 188138 202713 15  4  0 79  2	
 8 56      0 97256288  13228  70436    0    0 163328    12 187312 201757 15  5  1 78  2	
 8 58      0 97256288  13228  70436    0    0 163344     0 186254 199741 14  5  0 80  2	
 8 57      0 97256288  13228  70436    0    0 163280     0 186468 198974 13  4  0 81  2	
10 57      0 97256288  13228  70436    0    0 163376     0 186439 199966 15  5  1 78  2	
 4 61      0 97256288  13228  70436    0    0 163376     0 187925 201403 14  5  1 79  2	
10 55      0 97256288  13236  70428    0    0 163280    12 188858 203830 15  5  1 78  2	
 5 60      0 97256288  13236  70436    0    0 163408     0 186709 198746 13  4  0 80  2	
 7 59      0 97256288  13236  70436    0    0 163280     0 187664 201030 15  4  1 79  2	
10 54      0 97256288  13236  70436    0    0 163280     0 184062 198166 16  5  0 78  2	
 8 58      0 97256288  13236  70436    0    0 163344     0 188067 199388 14  4  1 80  2	
 5 60      0 97256288  13236  70436    0    0 163376     0 187552 203117 16  5  0 76  2	
 5 59      0 97256288  13244  70436    0    0 163296    12 186970 200360 14  4  1 80  2	
 2 62      0 97256288  13244  70436    0    0 163472     0 186266 199816 15  5  1 78  2	
13 54      0 97256288  13244  70436    0    0 163232     0 187350 202298 15  5  0 78  2	
 9 57      0 97256288  13244  70436    0    0 163392     0 186872 200982 14  4  1 80  2	
procs -----------memory---------- ---swap-- -----io---- --system-- -----cpu-----
 r  b   swpd   free   buff  cache   si   so    bi    bo   in   cs us sy id wa st
 7 58      0 97256288  13244  70436    0    0 163392     0 186886 198361 14  4  1 81  2	
 5 61      0 97256288  13252  70428    0    0 163344    12 186972 199077 14  4  1 80  2	
 8 57      0 97256288  13252  70436    0    0 163232     0 186793 200166 14  4  0 80  2	
 8 56      0 97256288  13252  70436    0    0 163344     0 184306 199654 17  4  1 77  2	
11 57      0 97256288  13252  70436    0    0 163360     0 185407 198211 14  4  1 79  2	
11 56      0 97256288  13252  70440    0    0 163312     0 185886 200040 15  4  1 79  2	
 9 56      0 97256288  13252  70440    0    0 163360     0 187346 199312 12  4  0 81  2	
 7 59      0 97256288  13260  70440    0    0 163376    12 189181 201379 14  4  1 79  2	
11 55      0 97256288  13260  70440    0    0 163328     8 187470 200587 14  4  0 79  2	
11 57      0 97256288  13260  70440    0    0 163360     0 185157 199915 17  5  0 75  2	
 8 57      0 97256288  13260  70440    0    0 163344     0 187221 201058 14  4  1 79  2	
 8 58      0 97256288  13260  70440    0    0 163376     0 187711 201333 14  5  1 78  2	
 9 55      0 97256288  13268  70432    0    0 163264    32 187072 198903 13  4  1 80  2	
10 57      0 97256288  13268  70440    0    0 163408     0 186173 198619 15  3  1 79  2	
10 57      0 97256288  13268  70440    0    0 163312    20 187517 202378 15  4  1 78  2	
 8 57      0 97256288  13268  70444    0    0 163328     0 184280 198192 15  5  0 78  2	
 8 58      0 97256288  13268  70444    0    0 163328     0 188451 202598 15  5  0 77  2	
14 52      0 97256168  13268  70444    0    0 163280     0 189976 204798 16  4  1 77  2	
 4 60      0 97256168  13276  70444    0    0 163424    32 185392 197748 14  4  0 80  2	
13 54      0 97256168  13276  70444    0    0 163264     0 186534 199168 14  4  0 80  2	
10 56      0 97256168  13276  70444    0    0 163376     0 185609 197969 14  4  1 80  2	
procs -----------memory---------- ---swap-- -----io---- --system-- -----cpu-----
 r  b   swpd   free   buff  cache   si   so    bi    bo   in   cs us sy id wa st
 4 61      0 97256168  13276  70444    0    0 163408     0 185680 198307 14  4  1 79  2	
 3 61      0 97256168  13276  70448    0    0 163312     0 186279 199159 14  5  0 79  2	
 9 57      0 97256168  13284  70440    0    0 163296    20 185576 200293 16  4  1 78  2	
11 54      0 97256168  13284  70448    0    0 163312     0 185726 199251 15  5  1 78  2	
10 55      0 97256168  13284  70448    0    0 163408     0 186522 200687 14  4  1 79  2	
 3 61      0 97256168  13284  70448    0    0 163408     0 186989 200323 15  4  0 78  2	
 7 58      0 97256168  13284  70448    0    0 163296     0 185841 200596 14  4  1 79  2	
10 56      0 97256168  13284  70452    0    0 163296     0 187739 201862 14  5  0 79  2	
 9 56      0 97256168  13292  70452    0    0 163344    20 184510 198836 14  5  1 79  2	
10 56      0 97256168  13292  70452    0    0 163344     0 185371 199647 14  5  0 79  2	
 3 61      0 97256168  13292  70452    0    0 163392     0 186341 200095 14  4  1 79  2	
 7 58      0 97256168  13292  70452    0    0 163280     0 186858 200729 13  4  1 81  2	
11 56      0 97256168  13292  70452    0    0 163328     0 184338 197360 15  4  0 79  2	
 7 57      0 97256168  13300  70444    0    0 163392    20 186943 200151 14  4  0 80  2	
15 51      0 97256168  13300  70452    0    0 163232     0 186922 200806 15  4  1 78  2	
 9 57      0 97256168  13300  70452    0    0 163440     0 188544 201345 13  4  1 80  2	
 8 57      0 97256048  13300  70452    0    0 163312     0 186349 200506 15  4  1 78  2	
11 54      0 97256048  13300  70456    0    0 163312     0 187306 200748 14  4  1 80  2	
