procs -----------memory---------- ---swap-- -----io---- --system-- -----cpu-----
 r  b   swpd   free   buff  cache   si   so    bi    bo   in   cs us sy id wa st
 1  0      0 46965436  13992  70340    0    0   984     3  128  545 29 10 58  3  1	
68  0      0 46856780  13992  70364    0    0     0     0 122497 253694 53 20 26  0  1	
67  0      0 46854920  13992  70364    0    0     0     0 9081 233344 76 24  0  0  0	
70  0      0 46853308  13992  70364    0    0     0     0 4254 237708 75 25  0  0  0	
66  0      0 46853308  13992  70364    0    0     0     0 4121 237810 75 25  0  0  0	
66  0      0 46853308  13992  70364    0    0     0     0 4080 232736 76 24  0  0  0	
65  0      0 46853308  14000  70364    0    0     0    40 4088 233879 76 24  0  0  0	
69  0      0 46853308  14000  70364    0    0     0     0 4079 236186 76 24  0  0  0	
66  0      0 46853308  14000  70364    0    0     0     0 4082 238006 77 24  0  0  0	
70  0      0 46853308  14000  70364    0    0     0     0 4099 237738 76 24  0  0  0	
67  0      0 46853308  14000  70364    0    0     0     0 4079 238086 76 24  0  0  0	
66  0      0 46853308  14008  70356    0    0     0    12 4083 238060 75 25  0  0  0	
68  0      0 46853308  14008  70364    0    0     0     0 4089 234451 75 25  0  0  0	
68  0      0 46853308  14008  70364    0    0     0     0 4097 237957 77 23  0  0  0	
67  0      0 46853308  14008  70364    0    0     0     0 4077 238018 74 26  0  0  0	
65  0      0 46853308  14008  70364    0    0     0     0 4081 235157 76 24  0  0  0	
66  0      0 46853308  14008  70364    0    0     0     0 4072 238022 75 25  0  0  0	
67  0      0 46853308  14016  70364    0    0     0    12 4089 236984 76 24  0  0  0	
69  0      0 46853308  14016  70364    0    0     0     0 4096 237790 75 25  0  0  0	
66  0      0 46853308  14016  70364    0    0     0     0 4079 238176 75 25  0  0  0	
66  0      0 46853308  14016  70364    0    0     0     0 4080 238143 75 25  0  0  0	
procs -----------memory---------- ---swap-- -----io---- --system-- -----cpu-----
 r  b   swpd   free   buff  cache   si   so    bi    bo   in   cs us sy id wa st
66  0      0 46853308  14016  70364    0    0     0     0 4083 238036 75 25  0  0  0	
68  0      0 46853308  14024  70356    0    0     0    12 4103 235097 76 24  0  0  0	
70  0      0 46853308  14024  70364    0    0     0     0 4076 237991 75 25  0  0  0	
69  0      0 46853308  14024  70364    0    0     0     0 4083 238107 76 24  0  0  0	
65  0      0 46853308  14024  70364    0    0     0     0 4083 235328 76 24  0  0  0	
66  0      0 46853308  14024  70364    0    0     0     0 4077 237437 75 25  0  0  0	
66  0      0 46853308  14024  70364    0    0     0     0 4100 236038 76 24  0  0  0	
68  0      0 46853308  14032  70364    0    0     0    12 4088 237962 75 25  0  0  0	
65  0      0 46853308  14032  70364    0    0     0     0 4078 238144 75 25  0  0  0	
65  0      0 46853308  14032  70364    0    0     0     0 4081 237993 75 25  0  0  0	
69  0      0 46853308  14032  70364    0    0     0    16 4080 238120 75 25  0  0  0	
67  0      0 46853308  14032  70364    0    0     0     0 4096 234646 76 24  0  0  0	
69  0      0 46853308  14040  70360    0    0     0    28 4083 237917 75 25  0  0  0	
69  0      0 46853308  14040  70368    0    0     0     0 4084 238081 74 26  0  0  0	
68  0      0 46853308  14040  70368    0    0     0     0 4077 235325 76 24  0  0  0	
66  0      0 46853308  14040  70368    0    0     0    36 4103 238163 74 26  0  0  0	
67  0      0 46853308  14040  70368    0    0     0     0 4089 236949 76 24  0  0  0	
67  0      0 46853308  14040  70368    0    0     0     0 4081 238026 75 25  0  0  0	
67  0      0 46853308  14048  70368    0    0     0    12 4083 238162 74 26  0  0  0	
65  0      0 46853308  14048  70368    0    0     0     0 4082 238095 75 25  0  0  0	
69  0      0 46853308  14048  70368    0    0     0     0 4097 236763 76 24  0  0  0	
procs -----------memory---------- ---swap-- -----io---- --system-- -----cpu-----
 r  b   swpd   free   buff  cache   si   so    bi    bo   in   cs us sy id wa st
64  0      0 46853308  14048  70368    0    0     0     0 4081 237874 77 23  0  0  0	
69  0      0 46853308  14048  70372    0    0     0     0 4081 237918 76 24  0  0  0	
67  0      0 46853308  14056  70364    0    0     0    12 4086 237947 77 23  0  0  0	
65  0      0 46853308  14056  70372    0    0     0     0 4097 234120 76 24  0  0  0	
68  0      0 46853308  14056  70372    0    0     0     0 4082 237575 74 26  0  0  0	
66  0      0 46853308  14056  70372    0    0     0     0 4084 236831 77 23  0  0  0	
68  0      0 46853308  14056  70372    0    0     0     0 4071 237724 75 25  0  0  0	
68  0      0 46853308  14056  70372    0    0     0     0 4081 237649 75 25  0  0  0	
66  0      0 46853184  14064  70372    0    0     0    16 4105 237297 76 24  0  0  0	
69  0      0 46853184  14064  70372    0    0     0     0 4077 236713 76 24  0  0  0	
65  0      0 46853184  14064  70372    0    0     0     0 4083 231779 75 25  0  0  0	
67  0      0 46853184  14064  70372    0    0    16     0 4082 237133 75 25  0  0  0	
69  0      0 46853060  14064  70372    0    0     0     0 4099 237258 76 24  0  0  0	
67  0      0 46853060  14072  70364    0    0     0    12 4079 233605 77 23  0  0  0	
65  0      0 46853060  14072  70372    0    0     0     0 4085 237031 75 25  0  0  0	
66  0      0 46853060  14072  70372    0    0     0     0 4080 237112 76 24  0  0  0	
67  0      0 46853060  14072  70372    0    0     0     0 4081 237778 76 24  0  0  0	
65  0      0 46853060  14072  70372    0    0     0     0 4098 238043 75 25  0  0  0	
68  0      0 46853060  14072  70372    0    0     0     0 4083 238086 76 24  0  0  0	
65  0      0 46853060  14080  70372    0    0    16    12 4085 238010 75 25  0  0  0	
70  0      0 46853060  14080  70372    0    0     0    16 4082 234972 75 25  0  0  0	
procs -----------memory---------- ---swap-- -----io---- --system-- -----cpu-----
 r  b   swpd   free   buff  cache   si   so    bi    bo   in   cs us sy id wa st
67  0      0 46853060  14080  70372    0    0     0     0 4083 238284 75 25  0  0  0	
68  0      0 46853060  14080  70372    0    0    16     0 4088 238121 76 24  0  0  0	
68  0      0 46853060  14080  70372    0    0     0     0 4081 232359 76 24  0  0  0	
67  0      0 46853060  14088  70368    0    0     0    20 4086 233875 75 25  0  0  0	
66  0      0 46853060  14088  70376    0    0     0     0 4085 237175 75 25  0  0  0	
64  0      0 46853060  14088  70376    0    0     0     0 4097 238018 76 24  0  0  0	
67  0      0 46853060  14088  70376    0    0     0     0 4088 238019 77 23  0  0  0	
69  0      0 46853060  14088  70376    0    0     0     0 4076 237951 76 24  0  0  0	
65  0      0 46853060  14088  70376    0    0     0     0 4083 237829 77 23  0  0  0	
69  0      0 46853060  14096  70376    0    0     0    24 4093 235134 75 25  0  0  0	
66  0      0 46853060  14096  70376    0    0     0     0 4095 238099 75 25  0  0  0	
68  0      0 46853060  14096  70376    0    0     0     0 4083 238292 75 25  0  0  0	
65  0      0 46853060  14096  70376    0    0     0     0 4081 235532 75 25  0  0  0	
67  0      0 46853060  14096  70376    0    0     0     0 4081 238119 75 25  0  0  0	
69  0      0 46853060  14104  70368    0    0     0    16 4098 236570 75 25  0  0  0	
66  0      0 46853060  14104  70376    0    0     0     0 4086 238129 76 24  0  0  0	
69  0      0 46853060  14104  70376    0    0     0     0 4077 238366 76 25  0  0  0	
66  0      0 46853060  14104  70376    0    0     0     0 4074 238214 77 23  0  0  0	
67  0      0 46853060  14104  70376    0    0     0     0 4080 237863 75 25  0  0  0	
66  0      0 46853060  14104  70376    0    0     0     0 4099 234800 75 25  0  0  0	
65  0      0 46853060  14112  70376    0    0     0    12 4084 237957 76 24  0  0  0	
procs -----------memory---------- ---swap-- -----io---- --system-- -----cpu-----
 r  b   swpd   free   buff  cache   si   so    bi    bo   in   cs us sy id wa st
67  0      0 46853060  14112  70376    0    0     0     0 4080 238099 75 25  0  0  0	
69  0      0 46853060  14112  70376    0    0     0     0 4081 235211 75 25  0  0  0	
66  0      0 46853060  14112  70380    0    0     0     0 4093 238041 76 24  0  0  0	
69  0      0 46853060  14112  70380    0    0     0     0 4086 236930 75 25  0  0  0	
67  0      0 46853060  14120  70372    0    0     0    12 4085 238262 75 25  0  0  0	
68  0      0 46853060  14120  70380    0    0     0     0 4086 238265 75 25  0  0  0	
68  0      0 46853060  14120  70380    0    0     0     0 4080 238125 76 24  0  0  0	
68  0      0 46853060  14120  70380    0    0     0     0 4100 238117 75 25  0  0  0	
68  0      0 46853060  14120  70380    0    0     0     0 4081 234919 76 24  0  0  0	
66  0      0 46853060  14120  70380    0    0     0     8 4078 237691 77 23  0  0  0	
66  0      0 46852936  14128  70380    0    0     0    20 4094 238213 76 24  0  0  0	
66  0      0 46852936  14128  70380    0    0     0     0 4077 234084 76 24  0  0  0	
66  0      0 46852936  14128  70380    0    0     0     0 4089 238026 75 25  0  0  0	
67  0      0 46852936  14128  70380    0    0     0     0 4087 236115 77 23  0  0  0	
67  0      0 46852936  14128  70380    0    0     0     8 4086 238038 76 24  0  0  0	
67  0      0 46852936  14136  70376    0    0     0    20 4087 238054 76 24  0  0  0	
66  0      0 46852936  14136  70384    0    0     0     0 4099 238001 76 24  0  0  0	
69  0      0 46852936  14136  70384    0    0     0     0 4081 237995 75 25  0  0  0	
64  0      0 46852936  14136  70384    0    0     0     0 4081 233319 76 24  0  0  0	
70  0      0 46852936  14136  70384    0    0     0     0 4085 237962 75 25  0  0  0	
67  0      0 46852936  14136  70384    0    0     0     0 4086 237830 76 24  0  0  0	
procs -----------memory---------- ---swap-- -----io---- --system-- -----cpu-----
 r  b   swpd   free   buff  cache   si   so    bi    bo   in   cs us sy id wa st
65  0      0 46852936  14144  70384    0    0     0    12 4102 234841 76 24  0  0  0	
66  0      0 46852936  14144  70384    0    0     0     0 4084 237976 75 25  0  0  0	
65  0      0 46852936  14144  70384    0    0     0     0 4089 236675 76 24  0  0  0	
67  0      0 46852936  14144  70384    0    0     0     8 4082 237954 75 25  0  0  0	
67  0      0 46852936  14144  70384    0    0     0     0 4101 238072 76 24  0  0  0	
68  0      0 46852936  14152  70376    0    0     0    12 4092 237855 76 24  0  0  0	
67  0      0 46852936  14152  70384    0    0     0     0 4079 238205 75 25  0  0  0	
65  0      0 46852936  14152  70384    0    0    16     0 4079 235564 77 23  0  0  0	
68  0      0 46852812  14152  70384    0    0     0     0 4086 237985 76 24  0  0  0	
70  0      0 46852812  14152  70384    0    0     0     0 4100 237731 75 25  0  0  0	
65  0      0 46852812  14152  70384    0    0     0     0 4081 235051 76 24  0  0  0	
69  0      0 46852812  14160  70384    0    0     0    12 4089 238033 76 24  0  0  0	
67  0      0 46852812  14160  70384    0    0     0     0 4085 237004 76 24  0  0  0	
66  0      0 46852812  14160  70384    0    0     0     0 4095 238057 75 25  0  0  0	
69  0      0 46852812  14160  70384    0    0     0     0 4086 238163 75 25  0  0  0	
67  0      0 46852812  14160  70384    0    0     0     0 4083 237882 76 24  0  0  0	
72  0      0 46852812  14168  70376    0    0     0    12 4085 237884 76 24  0  0  0	
67  0      0 46852688  14168  70384    0    0     0     0 4088 235238 77 23  0  0  0	
66  0      0 46852688  14168  70384    0    0     0     0 4102 238176 75 25  0  0  0	
68  0      0 46852688  14168  70384    0    0     0     0 4080 238135 75 25  0  0  0	
66  0      0 46852688  14168  70384    0    0     0     0 4081 234790 75 25  0  0  0	
procs -----------memory---------- ---swap-- -----io---- --system-- -----cpu-----
 r  b   swpd   free   buff  cache   si   so    bi    bo   in   cs us sy id wa st
71  0      0 46852688  14168  70384    0    0     0     0 4084 238075 76 24  0  0  0	
68  0      0 46852688  14176  70376    0    0     0    12 4095 231782 77 23  0  0  0	
67  0      0 46852688  14176  70384    0    0     0     0 4080 236972 76 24  0  0  0	
65  0      0 46852688  14176  70384    0    0     0     4 4082 237977 76 24  0  0  0	
66  0      0 46852688  14176  70388    0    0     0     0 4087 237935 76 24  0  0  0	
65  0      0 46852688  14176  70388    0    0     0     0 4078 237373 75 25  0  0  0	
67  0      0 46852688  14184  70388    0    0     0    12 4103 237906 74 26  0  0  0	
65  0      0 46852688  14184  70392    0    0     0     0 4080 237915 76 24  0  0  0	
68  0      0 46852688  14184  70392    0    0     0    12 4086 238062 75 25  0  0  0	
65  0      0 46852688  14184  70392    0    0     0     0 4083 234627 74 26  0  0  0	
66  0      0 46852688  14184  70392    0    0     0     0 4079 237930 77 23  0  0  0	
67  0      0 46852688  14184  70392    0    0     0     0 4097 228840 76 24  0  0  0	
67  0      0 46852688  14192  70392    0    0     0    20 4087 237875 75 25  0  0  0	
67  0      0 46852688  14192  70392    0    0     0     0 4084 237815 76 24  0  0  0	
65  0      0 46852688  14192  70392    0    0     0     0 4078 237929 76 24  0  0  0	
66  0      0 46852688  14192  70392    0    0     0     0 4096 238016 76 24  0  0  0	
64  0      0 46852688  14192  70392    0    0     0     0 4078 237706 75 25  0  0  0	
66  0      0 46852688  14200  70384    0    0     0    12 4080 238098 75 25  0  0  0	
70  0      0 46852688  14200  70392    0    0     0     8 4083 237804 75 25  0  0  0	
67  0      0 46852688  14200  70392    0    0     0     0 4084 234831 75 25  0  0  0	
66  0      0 46852688  14200  70392    0    0     0     0 4098 237940 75 25  0  0  0	
procs -----------memory---------- ---swap-- -----io---- --system-- -----cpu-----
 r  b   swpd   free   buff  cache   si   so    bi    bo   in   cs us sy id wa st
69  0      0 46852688  14200  70392    0    0     0     0 4084 237244 74 26  0  0  0	
68  0      0 46852688  14200  70392    0    0     0     0 4082 237933 75 25  0  0  0	
65  0      0 46852688  14208  70392    0    0     0    12 4085 238134 75 25  0  0  0	
65  0      0 46852688  14208  70392    0    0     0     0 4104 238102 75 25  0  0  0	
65  0      0 46852688  14208  70392    0    0     0     0 4081 237193 75 25  0  0  0	
66  0      0 46852688  14208  70392    0    0     0     0 4085 238149 75 25  0  0  0	
66  0      0 46852688  14208  70392    0    0     0     0 4082 237236 76 24  0  0  0	
69  0      0 46852688  14216  70392    0    0     0    12 4086 238215 74 26  0  0  0	
70  0      0 46852688  14216  70392    0    0     0     0 4101 235002 75 25  0  0  0	
68  0      0 46852688  14216  70392    0    0     0     0 4082 238000 77 23  0  0  0	
65  0      0 46852688  14216  70392    0    0     0     0 4083 236294 75 25  0  0  0	
68  0      0 46852688  14216  70392    0    0     0     0 4076 237958 75 25  0  0  0	
68  0      0 46852688  14216  70392    0    0     0     0 4096 238261 76 24  0  0  0	
66  0      0 46852688  14224  70392    0    0     0    12 4085 238245 76 24  0  0  0	
67  0      0 46852688  14224  70392    0    0     0     0 4085 237936 74 26  0  0  0	
71  0      0 46852688  14224  70392    0    0     0     0 4085 231684 75 25  0  0  0	
66  0      0 46852688  14224  70392    0    0     0     0 4079 237984 77 23  0  0  0	
70  0      0 46852688  14224  70396    0    0     0    16 4104 237954 75 25  0  0  0	
65  0      0 46852688  14232  70396    0    0     0    20 4086 234156 77 23  0  0  0	
68  0      0 46852688  14232  70396    0    0     0     0 4088 237989 76 24  0  0  0	
69  0      0 46852688  14232  70396    0    0     0     0 4086 237083 76 24  0  0  0	
procs -----------memory---------- ---swap-- -----io---- --system-- -----cpu-----
 r  b   swpd   free   buff  cache   si   so    bi    bo   in   cs us sy id wa st
68  0      0 46852688  14232  70396    0    0     0     0 4081 237953 78 22  0  0  0	
67  0      0 46852688  14232  70396    0    0    16     0 4101 237856 75 25  0  0  0	
67  0      0 46852688  14232  70396    0    0     0     0 4085 237654 76 24  0  0  0	
68  0      0 46852688  14240  70396    0    0     0    12 4092 238092 76 24  0  0  0	
69  0      0 46852688  14240  70396    0    0     0     0 4082 234673 76 24  0  0  0	
66  0      0 46852688  14240  70396    0    0     0     0 4096 238135 75 25  0  0  0	
67  0      0 46852688  14240  70400    0    0     0     0 4082 238233 76 24  0  0  0	
67  0      0 46852688  14240  70400    0    0     0     0 4077 234638 76 24  0  0  0	
67  0      0 46852564  14248  70400    0    0     0    12 4084 238261 75 25  0  0  0	
67  0      0 46852564  14248  70400    0    0     0     0 4086 235928 76 24  0  0  0	
67  0      0 46852564  14248  70400    0    0     0     0 4097 238045 74 26  0  0  0	
68  0      0 46852564  14248  70400    0    0     0     0 4082 238253 75 26  0  0  0	
66  0      0 46852564  14248  70400    0    0     0     8 4081 237772 76 24  0  0  0	
67  0      0 46852564  14248  70400    0    0     0     0 4082 238054 75 25  0  0  0	
68  0      0 46852564  14256  70400    0    0     0    16 4106 234260 75 25  0  0  0	
67  0      0 46852564  14256  70400    0    0     0     0 4078 237785 76 24  0  0  0	
67  0      0 46852564  14256  70400    0    0     0     0 4083 238119 74 26  0  0  0	
68  0      0 46852564  14256  70400    0    0     0     0 4079 231190 76 24  0  0  0	
67  0      0 46852564  14256  70400    0    0     0     0 4082 236077 76 25  0  0  0	
67  0      0 46852564  14264  70400    0    0     0    12 4103 235918 76 24  0  0  0	
68  0      0 46852564  14264  70400    0    0     0     0 4078 238093 76 24  0  0  0	
procs -----------memory---------- ---swap-- -----io---- --system-- -----cpu-----
 r  b   swpd   free   buff  cache   si   so    bi    bo   in   cs us sy id wa st
69  0      0 46852564  14264  70400    0    0     0     0 4079 238303 76 24  0  0  0	
65  0      0 46852564  14264  70400    0    0     0     0 4077 238206 75 26  0  0  0	
67  0      0 46852564  14264  70400    0    0     0     0 4079 237869 75 25  0  0  0	
66  0      0 46852564  14264  70400    0    0     0     0 4093 234705 75 25  0  0  0	
70  0      0 46852564  14272  70400    0    0     0    12 4091 237820 76 24  0  0  0	
66  0      0 46852564  14272  70400    0    0     0     0 4079 237973 76 24  0  0  0	
67  0      0 46852564  14276  70400    0    0     0    12 4086 235294 76 24  0  0  0	
67  0      0 46852564  14276  70400    0    0     0     0 4094 238202 75 25  0  0  0	
68  0      0 46852564  14276  70404    0    0     0     0 4079 236958 75 25  0  0  0	
67  0      0 46852564  14284  70404    0    0     0    28 4091 238165 76 24  0  0  0	
66  0      0 46852564  14284  70404    0    0     0     0 4081 238160 76 24  0  0  0	
66  0      0 46852564  14284  70404    0    0     0     0 4080 238179 74 26  0  0  0	
69  0      0 46852564  14284  70404    0    0     0     0 4097 238082 76 24  0  0  0	
67  0      0 46852564  14284  70404    0    0     0     0 4078 235135 76 24  0  0  0	
66  0      0 46852564  14284  70404    0    0     0     0 4080 238193 75 25  0  0  0	
67  0      0 46852564  14292  70404    0    0     0    12 4086 238124 74 26  0  0  0	
68  0      0 46852564  14292  70404    0    0     0     0 4094 234671 76 24  0  0  0	
64  0      0 46852564  14292  70404    0    0     0     0 4080 238189 75 25  0  0  0	
67  0      0 46852564  14292  70404    0    0     0     0 4084 237972 75 25  0  0  0	
69  0      0 46852564  14292  70404    0    0     0     0 4075 238236 76 24  0  0  0	
70  0      0 46852564  14300  70404    0    0     0    12 4085 238032 74 26  0  0  0	
procs -----------memory---------- ---swap-- -----io---- --system-- -----cpu-----
 r  b   swpd   free   buff  cache   si   so    bi    bo   in   cs us sy id wa st
69  0      0 46852564  14300  70404    0    0     0     4 4098 238292 75 25  0  0  0	
68  0      0 46852564  14300  70404    0    0     0     0 4078 235760 76 24  0  0  0	
67  0      0 46852564  14300  70404    0    0     0     0 4082 237138 75 25  0  0  0	
68  0      0 46852564  14300  70404    0    0     0     0 4079 237655 75 25  0  0  0	
68  0      0 46852068  14300  70404    0    0     0     0 4257 237610 76 24  0  0  0	
66  0      0 46851944  14308  70404    0    0     0    48 4089 234602 75 25  0  0  0	
65  0      0 46851944  14308  70404    0    0     0     0 4085 237662 75 25  0  0  0	
65  0      0 46851944  14308  70404    0    0     0     0 4079 228550 75 25  0  0  0	
66  0      0 46851944  14308  70408    0    0     0     0 4083 237817 76 24  0  0  0	
71  0      0 46851944  14308  70408    0    0     0     0 4095 237920 75 25  0  0  0	
69  0      0 46851944  14316  70408    0    0     0    12 4088 238127 75 25  0  0  0	
67  0      0 46851944  14316  70408    0    0     0     0 4078 238269 75 25  0  0  0	
65  0      0 46851944  14316  70408    0    0     0     0 4081 237766 76 24  0  0  0	
68  0      0 46851944  14316  70408    0    0     0     0 4082 236638 76 24  0  0  0	
68  0      0 46851944  14316  70408    0    0     0     0 4092 237996 75 25  0  0  0	
68  0      0 46851944  14316  70408    0    0     0     0 4086 235233 77 23  0  0  0	
67  0      0 46851944  14328  70408    0    0     0    28 4087 237694 76 24  0  0  0	
68  0      0 46851944  14328  70408    0    0    16     0 4083 236894 75 25  0  0  0	
66  0      0 46851820  14328  70408    0    0     0     0 4093 238166 75 25  0  0  0	
65  0      0 46851820  14328  70408    0    0     0     0 4082 237450 76 25  0  0  0	
64  0      0 46851820  14328  70412    0    0     0     0 4085 238169 76 24  0  0  0	
procs -----------memory---------- ---swap-- -----io---- --system-- -----cpu-----
 r  b   swpd   free   buff  cache   si   so    bi    bo   in   cs us sy id wa st
68  0      0 46851820  14336  70412    0    0     0    32 4083 238042 76 24  0  0  0	
70  0      0 46851820  14336  70412    0    0     0     0 4082 237898 76 24  0  0  0	
65  0      0 46851820  14336  70412    0    0     0     0 4094 238205 74 26  0  0  0	
67  0      0 46851820  14336  70412    0    0     0     0 4084 233844 76 24  0  0  0	
65  0      0 46851820  14336  70412    0    0     0     0 4073 233865 75 25  0  0  0	
68  0      0 46851820  14336  70412    0    0     0     0 4083 237774 76 24  0  0  0	
71  0      0 46851820  14344  70412    0    0     0    12 4098 231606 77 23  0  0  0	
66  0      0 46851820  14344  70412    0    0     0     0 4086 238283 76 24  0  0  0	
67  0      0 46851820  14344  70412    0    0     0     0 4079 238160 75 25  0  0  0	
69  0      0 46851820  14344  70412    0    0     0     0 4077 238343 75 25  0  0  0	
69  0      0 46851820  14344  70412    0    0     0     0 4081 238285 75 25  0  0  0	
66  0      0 46851820  14352  70412    0    0     0    12 4103 237994 74 26  0  0  0	
67  0      0 46851820  14352  70412    0    0     0     0 4083 234476 76 24  0  0  0	
66  0      0 46851820  14352  70412    0    0     0     0 4078 238017 75 25  0  0  0	
67  0      0 46851820  14352  70412    0    0     0     0 4083 234865 76 25  0  0  0	
68  0      0 46851820  14352  70412    0    0     0     8 4098 238213 75 25  0  0  0	
66  0      0 46851820  14352  70412    0    0     0     0 4083 236369 76 24  0  0  0	
66  0      0 46851820  14360  70412    0    0     0    12 4086 238321 75 25  0  0  0	
64  0      0 46851820  14360  70412    0    0     0     0 4080 238201 75 25  0  0  0	
67  0      0 46851820  14360  70412    0    0     0     0 4080 238096 76 24  0  0  0	
66  0      0 46851820  14360  70412    0    0     0    20 4096 237858 76 24  0  0  0	
procs -----------memory---------- ---swap-- -----io---- --system-- -----cpu-----
 r  b   swpd   free   buff  cache   si   so    bi    bo   in   cs us sy id wa st
69  0      0 46851820  14360  70412    0    0     0     0 4083 234897 75 25  0  0  0	
65  0      0 46851820  14368  70412    0    0     0    12 4086 238052 75 25  0  0  0	
67  0      0 46851820  14368  70412    0    0     0     0 4086 238166 74 26  0  0  0	
65  0      0 46851820  14368  70412    0    0     0     0 4077 234915 76 24  0  0  0	
68  0      0 46851820  14368  70412    0    0     0     0 4095 238110 75 25  0  0  0	
65  0      0 46851820  14368  70412    0    0     0     0 4079 236131 76 24  0  0  0	
69  0      0 46851820  14368  70412    0    0     0     0 4078 237909 76 24  0  0  0	
66  0      0 46851820  14376  70412    0    0     0    12 4087 238117 75 25  0  0  0	
71  0      0 46851820  14376  70412    0    0     0     0 4111 237956 75 25  0  0  0	
68  0      0 46851820  14376  70412    0    0     0     0 4081 238067 76 24  0  0  0	
67  0      0 46851820  14376  70420    0    0     0    16 4088 234351 76 24  0  0  0	
65  0      0 46851820  14376  70420    0    0     0     0 4080 236858 75 25  0  0  0	
68  0      0 46851820  14384  70420    0    0     0    28 4087 238058 76 25  0  0  0	
67  0      0 46851820  14384  70420    0    0     0     0 4098 235406 76 24  0  0  0	
69  0      0 46851820  14384  70420    0    0     0     0 4079 238316 76 24  0  0  0	
68  0      0 46851820  14384  70420    0    0     0     0 4081 236891 75 25  0  0  0	
69  0      0 46851820  14384  70420    0    0     0     0 4073 238163 76 24  0  0  0	
67  0      0 46851820  14384  70420    0    0     0     0 4101 238081 75 25  0  0  0	
66  0      0 46851820  14392  70420    0    0     0    12 4088 238145 75 25  0  0  0	
66  0      0 46851820  14392  70420    0    0     0     0 4083 238102 76 24  0  0  0	
65  0      0 46851820  14392  70420    0    0     0     0 4075 237740 76 24  0  0  0	
procs -----------memory---------- ---swap-- -----io---- --system-- -----cpu-----
 r  b   swpd   free   buff  cache   si   so    bi    bo   in   cs us sy id wa st
67  0      0 46851820  14392  70420    0    0     0     0 4078 235645 76 24  0  0  0	
68  0      0 46851820  14392  70420    0    0     0     0 4098 238337 76 24  0  0  0	
66  0      0 46851820  14400  70420    0    0     0    12 4083 234976 77 23  0  0  0	
69  0      0 46851820  14400  70420    0    0     0     0 4075 238213 77 23  0  0  0	
65  0      0 46851820  14400  70420    0    0     0     0 4078 236767 75 25  0  0  0	
67  0      0 46851820  14400  70420    0    0     0     0 4096 238274 76 24  0  0  0	
67  0      0 46851820  14400  70420    0    0     0     0 4077 238220 77 23  0  0  0	
65  0      0 46851820  14400  70420    0    0     0     0 4077 238014 76 24  0  0  0	
65  0      0 46851820  14408  70420    0    0     0    12 4082 237999 76 24  0  0  0	
67  0      0 46851820  14408  70420    0    0     0     0 4077 234968 76 24  0  0  0	
66  0      0 46851820  14408  70420    0    0     0     0 4087 237402 76 24  0  0  0	
68  0      0 46851820  14408  70420    0    0     0     0 4072 238252 75 25  0  0  0	
64  0      0 46851820  14408  70420    0    0     0     0 4079 235314 77 23  0  0  0	
65  0      0 46851820  14416  70420    0    0     0    12 4087 237981 76 24  0  0  0	
65  0      0 46851820  14416  70420    0    0     0    16 4079 237123 75 26  0  0  0	
69  0      0 46851820  14416  70420    0    0     0     0 4091 237807 75 25  0  0  0	
68  0      0 46851820  14416  70420    0    0     0     0 4074 237242 76 24  0  0  0	
65  0      0 46851820  14416  70420    0    0     0     0 4079 238313 76 24  0  0  0	
68  0      0 46851820  14416  70420    0    0     0     0 4072 238082 75 25  0  0  0	
66  0      0 46851820  14424  70420    0    0     0    24 4099 237925 75 25  0  0  0	
68  0      0 46851820  14424  70420    0    0     0     0 4081 237606 75 25  0  0  0	
procs -----------memory---------- ---swap-- -----io---- --system-- -----cpu-----
 r  b   swpd   free   buff  cache   si   so    bi    bo   in   cs us sy id wa st
66  0      0 46851820  14424  70420    0    0     0     0 4080 235068 76 24  0  0  0	
68  0      0 46851820  14424  70424    0    0     0     0 4078 234505 76 24  0  0  0	
67  0      0 46851820  14424  70424    0    0     0     0 4078 238079 75 25  0  0  0	
71  0      0 46851820  14432  70424    0    0     0    28 4102 236945 76 24  0  0  0	
66  0      0 46851820  14432  70424    0    0     0     0 4076 238114 75 25  0  0  0	
66  0      0 46851820  14432  70424    0    0     0     0 4073 238013 76 24  0  0  0	
69  0      0 46851820  14432  70424    0    0     0     0 4076 237902 74 26  0  0  0	
68  0      0 46851820  14432  70424    0    0     0     0 4095 237991 76 24  0  0  0	
66  0      0 46851820  14432  70424    0    0     0     0 4081 231232 76 24  0  0  0	
67  0      0 46851820  14440  70424    0    0     0    12 4085 236125 76 24  0  0  0	
73  0      0 46851820  14440  70424    0    0     0     0 4075 238029 75 25  0  0  0	
67  0      0 46851820  14440  70424    0    0     0     0 4080 234528 74 26  0  0  0	
69  0      0 46851820  14440  70428    0    0     0     0 4093 238200 77 23  0  0  0	
64  0      0 46851820  14440  70428    0    0     0     0 4075 235981 75 25  0  0  0	
66  0      0 46851820  14448  70428    0    0     0    12 4082 237896 76 24  0  0  0	
69  0      0 46851820  14448  70428    0    0     0     0 4078 238172 75 25  0  0  0	
70  0      0 46851820  14448  70428    0    0     0     0 4093 238225 75 25  0  0  0	
66  0      0 46851820  14448  70428    0    0     0     0 4078 238347 75 25  0  0  0	
68  0      0 46851820  14448  70428    0    0     0     0 4076 234030 75 25  0  0  0	
66  0      0 46851820  14448  70428    0    0     0     0 4079 238000 75 25  0  0  0	
69  0      0 46851820  14456  70428    0    0     0    12 4081 238118 75 25  0  0  0	
procs -----------memory---------- ---swap-- -----io---- --system-- -----cpu-----
 r  b   swpd   free   buff  cache   si   so    bi    bo   in   cs us sy id wa st
67  0      0 46851820  14456  70428    0    0     0     0 4090 234630 75 25  0  0  0	
68  0      0 46851820  14456  70428    0    0     0     0 4074 237990 74 26  0  0  0	
67  0      0 46851820  14456  70428    0    0     0     0 4081 237437 75 25  0  0  0	
65  0      0 46851820  14456  70428    0    0     0     0 4077 238137 76 24  0  0  0	
65  0      0 46851820  14464  70428    0    0     0    12 4081 238269 76 25  0  0  0	
71  0      0 46851820  14464  70428    0    0     0     0 4093 238024 76 24  0  0  0	
71  0      0 46851820  14464  70428    0    0     0     0 4074 236536 75 25  0  0  0	
68  0      0 46851820  14464  70428    0    0     0     0 4081 235267 75 25  0  0  0	
70  0      0 46851820  14464  70428    0    0     0    28 4072 238229 75 25  0  0  0	
69  0      0 46851820  14464  70428    0    0     0     0 4094 238063 76 24  0  0  0	
64  0      0 46851696  14472  70428    0    0     0    24 4084 235288 75 25  0  0  0	
68  0      0 46851696  14472  70428    0    0     0     0 4078 238207 74 26  0  0  0	
68  0      0 46851696  14472  70428    0    0     0     0 4081 236294 76 24  0  0  0	
70  0      0 46851696  14472  70432    0    0     0     8 4079 237968 76 24  0  0  0	
69  0      0 46851696  14472  70432    0    0     0     0 4096 238169 75 25  0  0  0	
67  0      0 46851696  14480  70432    0    0     0    24 4083 237992 77 23  0  0  0	
67  0      0 46851696  14480  70432    0    0     0     0 4075 238156 75 25  0  0  0	
66  0      0 46851696  14480  70432    0    0     0     0 4073 234915 76 24  0  0  0	
69  0      0 46851696  14480  70432    0    0     0     0 4095 237881 77 23  0  0  0	
67  0      0 46851696  14480  70432    0    0     0     0 4077 238049 75 25  0  0  0	
65  0      0 46851696  14480  70432    0    0     0     0 4076 234654 76 24  0  0  0	
procs -----------memory---------- ---swap-- -----io---- --system-- -----cpu-----
 r  b   swpd   free   buff  cache   si   so    bi    bo   in   cs us sy id wa st
67  0      0 46851696  14488  70432    0    0     0    12 4080 238196 75 25  0  0  0	
72  0      0 46851696  14488  70432    0    0     0     0 4076 237254 75 25  0  0  0	
70  0      0 46851696  14488  70432    0    0     0     0 4094 238123 76 24  0  0  0	
66  0      0 46851696  14488  70432    0    0     0     0 4070 236658 74 26  0  0  0	
66  0      0 46851696  14488  70432    0    0     0     0 4079 238152 76 24  0  0  0	
66  0      0 46851696  14496  70432    0    0     0    12 4080 235775 76 24  0  0  0	
67  0      0 46851696  14496  70432    0    0     0     0 4093 238046 76 24  0  0  0	
69  0      0 46851696  14496  70432    0    0     0     0 4078 237981 76 24  0  0  0	
64  0      0 46851696  14496  70432    0    0     0     0 4074 237741 74 26  0  0  0	
65  0      0 46851696  14496  70432    0    0     0     0 4079 235513 76 25  0  0  0	
68  0      0 46851696  14496  70432    0    0     0     0 4076 238057 73 27  0  0  0	
64  0      0 46851572  14504  70432    0    0     0    12 4101 230251 77 23  0  0  0	
65  0      0 46851572  14504  70432    0    0     0     0 4075 238205 75 25  0  0  0	
64  0      0 46851572  14504  70432    0    0     0     0 4081 238220 76 24  0  0  0	
69  0      0 46851572  14504  70436    0    0     0     0 4076 237604 74 26  0  0  0	
70  0      0 46851572  14504  70436    0    0     0     0 4097 237970 75 25  0  0  0	
64  0      0 46851572  14512  70436    0    0     0    12 4077 237720 76 24  0  0  0	
66  0      0 46851572  14512  70436    0    0     0     0 4077 238076 76 24  0  0  0	
65  0      0 46851572  14512  70436    0    0     0     8 4081 238127 75 25  0  0  0	
68  0      0 46851572  14512  70436    0    0     0     0 4077 229754 75 25  0  0  0	
71  0      0 46851572  14512  70436    0    0     0     0 4091 236856 76 24  0  0  0	
procs -----------memory---------- ---swap-- -----io---- --system-- -----cpu-----
 r  b   swpd   free   buff  cache   si   so    bi    bo   in   cs us sy id wa st
68  0      0 46851572  14512  70436    0    0     0     0 4076 236807 76 24  0  0  0	
70  0      0 46851572  14520  70436    0    0     0    24 4087 238037 76 24  0  0  0	
66  0      0 46851572  14520  70436    0    0     0    24 4082 237945 76 24  0  0  0	
66  0      0 46851572  14520  70436    0    0     0     0 4078 238067 76 24  0  0  0	
70  0      0 46851448  14520  70440    0    0     0     0 4094 236863 76 24  0  0  0	
65  0      0 46851448  14520  70440    0    0     0     0 4078 234590 76 24  0  0  0	
64  0      0 46851448  14528  70440    0    0     0    24 4079 236706 76 24  0  0  0	
66  0      0 46851448  14528  70440    0    0     0     0 4078 237324 75 25  0  0  0	
67  0      0 46851448  14528  70440    0    0     0     0 4094 234997 76 24  0  0  0	
66  0      0 46851448  14528  70440    0    0     0     0 4076 238133 76 24  0  0  0	
68  0      0 46851448  14528  70440    0    0     0     0 4077 236638 77 23  0  0  0	
67  0      0 46851448  14528  70440    0    0     0     0 4079 238035 75 25  0  0  0	
67  0      0 46851448  14536  70440    0    0     0    16 4087 237856 75 25  0  0  0	
65  0      0 46851448  14536  70440    0    0     0     0 4088 238108 75 25  0  0  0	
66  0      0 46851448  14536  70440    0    0     0     0 4076 237519 76 24  0  0  0	
67  0      0 46851448  14536  70440    0    0     0     0 4074 234247 77 24  0  0  0	
68  0      0 46851448  14536  70440    0    0     0     0 4076 237954 75 25  0  0  0	
65  0      0 46851448  14544  70440    0    0     0    12 4104 238025 76 24  0  0  0	
69  0      0 46851448  14544  70440    0    0     0     0 4075 235732 76 24  0  0  0	
67  0      0 46851448  14544  70440    0    0     0     0 4079 238135 76 24  0  0  0	
66  0      0 46851448  14544  70440    0    0     0     0 4075 236334 74 26  0  0  0	
procs -----------memory---------- ---swap-- -----io---- --system-- -----cpu-----
 r  b   swpd   free   buff  cache   si   so    bi    bo   in   cs us sy id wa st
67  0      0 46851448  14544  70440    0    0    16     0 4081 238158 76 24  0  0  0	
68  0      0 46851448  14544  70440    0    0     0     0 4089 238141 77 23  0  0  0	
66  0      0 46851448  14552  70440    0    0     0    12 4084 238092 75 25  0  0  0	
72  0      0 46851448  14552  70440    0    0     0     0 4080 237934 76 24  0  0  0	
66  0      0 46851448  14552  70440    0    0     0     0 4077 234876 75 25  0  0  0	
65  0      0 46851448  14552  70444    0    0     0     0 4134 238039 76 24  0  0  0	
68  0      0 46851448  14552  70444    0    0     0     0 4078 238088 75 25  0  0  0	
69  0      0 46851448  14560  70444    0    0     0    20 4083 234898 74 26  0  0  0	
70  0      0 46851448  14560  70444    0    0     0     0 4071 238080 75 26  0  0  0	
67  0      0 46851448  14560  70444    0    0     0     0 4074 236790 76 24  0  0  0	
70  0      0 46851448  14560  70444    0    0     0     0 4091 238095 75 25  0  0  0	
66  0      0 46851448  14560  70444    0    0     0     8 4076 238265 75 25  0  0  0	
70  0      0 46851448  14560  70444    0    0     0     0 4084 238110 75 25  0  0  0	
68  0      0 46851448  14568  70444    0    0     0    24 4077 237653 76 24  0  0  0	
67  0      0 46851448  14568  70444    0    0     0     0 4092 234534 76 24  0  0  0	
68  0      0 46851448  14568  70452    0    0     0     0 4074 237779 74 26  0  0  0	
66  0      0 46851448  14568  70452    0    0     0     0 4069 238045 75 25  0  0  0	
68  0      0 46851448  14568  70452    0    0     0    20 4080 234591 77 23  0  0  0	
65  0      0 46851448  14576  70452    0    0     0    24 4081 238131 76 24  0  0  0	
67  0      0 46851448  14576  70452    0    0     0     0 4094 236495 76 24  0  0  0	
68  0      0 46851448  14576  70452    0    0     0     0 4073 238252 76 24  0  0  0	
procs -----------memory---------- ---swap-- -----io---- --system-- -----cpu-----
 r  b   swpd   free   buff  cache   si   so    bi    bo   in   cs us sy id wa st
65  0      0 46851448  14576  70452    0    0     0     0 4078 238154 76 24  0  0  0	
64  0      0 46851448  14576  70452    0    0     0     8 4072 238474 77 23  0  0  0	
67  0      0 46851448  14576  70452    0    0     0     0 4070 237884 76 24  0  0  0	
66  0      0 46851448  14584  70452    0    0     0    28 4098 234713 76 24  0  0  0	
67  0      0 46851448  14584  70452    0    0     0     0 4074 238018 76 24  0  0  0	
66  0      0 46851448  14584  70452    0    0     0     0 4076 237856 75 25  0  0  0	
70  0      0 46851448  14584  70452    0    0     0     0 4075 234728 76 24  0  0  0	
68  0      0 46851448  14584  70452    0    0     0     0 4094 237699 76 24  0  0  0	
66  0      0 46851448  14592  70452    0    0     0    12 4081 237068 76 24  0  0  0	
65  0      0 46851448  14592  70452    0    0     0     0 4076 237931 75 25  0  0  0	
66  0      0 46851448  14592  70452    0    0     0     0 4076 238099 75 25  0  0  0	
65  0      0 46851448  14592  70452    0    0     0     0 4073 238280 78 22  0  0  0	
66  0      0 46851448  14592  70452    0    0     0     0 4086 237769 76 24  0  0  0	
67  0      0 46851448  14592  70452    0    0     0     0 4075 235131 75 25  0  0  0	
67  0      0 46851448  14600  70452    0    0     0    16 4077 237778 77 23  0  0  0	
66  0      0 46851448  14600  70452    0    0     0     0 4077 238074 75 25  0  0  0	
68  0      0 46851448  14600  70452    0    0     0     4 4091 235051 77 23  0  0  0	
69  0      0 46851448  14600  70452    0    0     0     0 4070 238022 76 24  0  0  0	
69  0      0 46851448  14600  70452    0    0     0     0 4080 237634 76 24  0  0  0	
66  0      0 46851448  14608  70452    0    0     0    12 4077 237643 75 25  0  0  0	
67  0      0 46851448  14608  70452    0    0     0     0 4078 237884 76 24  0  0  0	
procs -----------memory---------- ---swap-- -----io---- --system-- -----cpu-----
 r  b   swpd   free   buff  cache   si   so    bi    bo   in   cs us sy id wa st
65  0      0 46851448  14608  70452    0    0     0     8 4090 237519 76 24  0  0  0	
65  0      0 46851448  14608  70452    0    0     0     0 4078 237362 76 24  0  0  0	
66  0      0 46851448  14608  70452    0    0     0     0 4075 235055 76 24  0  0  0	
69  0      0 46851448  14608  70452    0    0     0     0 4073 231512 75 25  0  0  0	
66  0      0 46851448  14616  70452    0    0     0    24 4085 236790 76 24  0  0  0	
66  0      0 46851448  14616  70452    0    0     0     0 4087 235297 76 24  0  0  0	
70  0      0 46851448  14616  70456    0    0     0     0 4073 238295 75 25  0  0  0	
66  0      0 46851448  14616  70456    0    0     0     0 4076 235821 76 25  0  0  0	
65  0      0 46851448  14616  70456    0    0     0     0 4075 237856 76 24  0  0  0	
66  0      0 46851448  14624  70456    0    0     0    12 4098 237350 77 23  0  0  0	
65  0      0 46851448  14624  70456    0    0     0    36 4084 238051 74 26  0  0  0	
71  0      0 46851448  14624  70456    0    0     0     0 4079 236072 77 23  0  0  0	
68  0      0 46851448  14624  70456    0    0     0     0 4072 237959 76 24  0  0  0	
67  0      0 46851448  14632  70448    0    0     0    12 4079 237931 76 24  0  0  0	
68  0      0 46851448  14632  70456    0    0     0     0 4087 237973 77 23  0  0  0	
66  0      0 46851448  14632  70456    0    0     0     0 4075 236004 75 25  0  0  0	
67  0      0 46851448  14632  70456    0    0     0     0 4075 238176 75 25  0  0  0	
68  0      0 46851448  14632  70460    0    0     0     0 4080 229851 76 24  0  0  0	
66  0      0 46851448  14632  70460    0    0     0     0 4088 238112 75 25  0  0  0	
66  0      0 46851448  14640  70460    0    0     0    12 4084 238051 75 26  0  0  0	
68  0      0 46851448  14640  70460    0    0     0     0 4077 238149 75 25  0  0  0	
procs -----------memory---------- ---swap-- -----io---- --system-- -----cpu-----
 r  b   swpd   free   buff  cache   si   so    bi    bo   in   cs us sy id wa st
68  0      0 46851448  14640  70460    0    0     0     4 4074 237991 75 25  0  0  0	
69  0      0 46851448  14640  70460    0    0     0     0 4072 237885 75 25  0  0  0	
68  0      0 46851448  14640  70460    0    0     0     0 4091 237924 75 25  0  0  0	
68  0      0 46851448  14648  70452    0    0     0    12 4077 238201 75 25  0  0  0	
68  0      0 46851448  14648  70460    0    0     0     0 4076 234558 75 25  0  0  0	
68  0      0 46851448  14648  70460    0    0     0     0 4075 238284 75 25  0  0  0	
66  0      0 46851448  14648  70460    0    0     0     0 4075 237716 74 26  0  0  0	
66  0      0 46851448  14648  70460    0    0     0     0 4091 238023 75 25  0  0  0	
67  0      0 46851448  14648  70460    0    0     0     0 4072 237932 75 25  0  0  0	
65  0      0 46851448  14656  70460    0    0     0    12 4080 238019 75 25  0  0  0	
71  0      0 46851448  14656  70460    0    0     0     8 4073 237223 76 24  0  0  0	
68  0      0 46851448  14656  70460    0    0     0     0 4095 237881 76 24  0  0  0	
68  0      0 46851448  14656  70460    0    0     0     0 4072 237997 76 24  0  0  0	
69  0      0 46851448  14656  70460    0    0     0     0 4075 237918 75 25  0  0  0	
66  0      0 46851448  14664  70452    0    0     0    24 4081 235722 76 24  0  0  0	
69  0      0 46851448  14664  70460    0    0     0     0 4079 238136 75 25  0  0  0	
65  0      0 46851448  14664  70460    0    0     0     0 4091 235898 76 24  0  0  0	
69  0      0 46851448  14664  70460    0    0     0     0 4071 237855 76 24  0  0  0	
66  0      0 46851448  14664  70464    0    0     0     0 4075 237710 75 25  0  0  0	
70  0      0 46851448  14664  70464    0    0     0     0 4072 238042 76 24  0  0  0	
68  0      0 46851448  14672  70464    0    0     0    20 4101 238142 75 25  0  0  0	
procs -----------memory---------- ---swap-- -----io---- --system-- -----cpu-----
 r  b   swpd   free   buff  cache   si   so    bi    bo   in   cs us sy id wa st
66  0      0 46851448  14672  70464    0    0     0     0 4075 231938 75 25  0  0  0	
68  0      0 46851448  14672  70464    0    0     0     0 4077 238063 75 25  0  0  0	
65  0      0 46851448  14672  70464    0    0     0     0 4077 238199 75 25  0  0  0	
68  0      0 46851448  14672  70464    0    0     0     0 4074 233983 75 25  0  0  0	
68  0      0 46851448  14680  70464    0    0     0    28 4102 237992 74 26  0  0  0	
68  0      0 46851448  14680  70464    0    0     0     0 4075 236701 76 24  0  0  0	
69  0      0 46851448  14680  70464    0    0     0     0 4079 238152 76 24  0  0  0	
66  0      0 46851448  14680  70464    0    0     0     0 4075 238208 76 24  0  0  0	
65  0      0 46851448  14680  70464    0    0     0     0 4094 238033 76 24  0  0  0	
67  0      0 46851448  14688  70456    0    0     0    12 4081 238050 76 24  0  0  0	
66  0      0 46851448  14688  70464    0    0     0     0 4081 234800 75 25  0  0  0	
70  0      0 46851448  14688  70464    0    0     0     0 4073 238024 74 26  0  0  0	
67  0      0 46851448  14688  70464    0    0     0     0 4074 237989 75 25  0  0  0	
66  0      0 46851448  14688  70464    0    0     0     0 4092 234404 76 24  0  0  0	
67  0      0 46851448  14688  70464    0    0     0     0 4074 238276 75 25  0  0  0	
68  0      0 46851448  14696  70464    0    0     0    12 4087 230442 77 23  0  0  0	
67  0      0 46851448  14696  70464    0    0     0     0 4076 238135 75 25  0  0  0	
66  0      0 46851448  14696  70464    0    0     0     0 4079 238199 75 25  0  0  0	
68  0      0 46851448  14696  70464    0    0     0     0 4093 238120 75 25  0  0  0	
66  0      0 46851448  14696  70468    0    0     0     8 4077 237243 76 24  0  0  0	
67  0      0 46851448  14704  70460    0    0     0    24 4084 234795 74 26  0  0  0	
procs -----------memory---------- ---swap-- -----io---- --system-- -----cpu-----
 r  b   swpd   free   buff  cache   si   so    bi    bo   in   cs us sy id wa st
66  0      0 46851448  14704  70468    0    0     0     0 4077 237875 76 24  0  0  0	
66  0      0 46851448  14704  70468    0    0     0     0 4097 238005 75 25  0  0  0	
69  0      0 46851448  14704  70468    0    0     0     0 4073 235436 76 24  0  0  0	
66  0      0 46851448  14704  70468    0    0     0     0 4079 237977 75 25  0  0  0	
67  0      0 46851448  14704  70468    0    0     0     0 4079 236243 76 24  0  0  0	
67  0      0 46851324  14712  70468    0    0     0    12 4088 238009 76 24  0  0  0	
69  0      0 46851324  14712  70468    0    0     0     0 4094 238134 75 25  0  0  0	
65  0      0 46851324  14712  70468    0    0     0     0 4071 238192 75 25  0  0  0	
68  0      0 46851324  14712  70468    0    0     0     0 4075 237952 75 25  0  0  0	
65  0      0 46851324  14712  70472    0    0     0     8 4079 234697 76 24  0  0  0	
66  0      0 46851324  14720  70464    0    0     0    24 4104 237842 75 25  0  0  0	
68  0      0 46851324  14720  70472    0    0     0     0 4078 238200 76 24  0  0  0	
71  0      0 46851324  14720  70472    0    0     0     0 4078 235086 75 25  0  0  0	
67  0      0 46851324  14720  70472    0    0     0     0 4075 237996 76 24  0  0  0	
69  0      0 46851324  14720  70472    0    0     0    16 4082 236443 75 25  0  0  0	
68  0      0 46851324  14720  70472    0    0     0     0 4093 238040 74 26  0  0  0	
67  0      0 46851324  14728  70472    0    0     0    12 4086 238081 75 25  0  0  0	
66  0      0 46850036  14728  70472    0    0     0     0 4092 237857 77 23  0  0  0	
67  0      0 46849912  14728  70472    0    0     0     0 4079 238065 74 26  0  0  0	
71  0      0 46849912  14728  70472    0    0     0     0 4113 234703 76 24  0  0  0	
69  0      0 46849912  14728  70472    0    0     0     0 4076 237907 76 24  0  0  0	
procs -----------memory---------- ---swap-- -----io---- --system-- -----cpu-----
 r  b   swpd   free   buff  cache   si   so    bi    bo   in   cs us sy id wa st
67  0      0 46849912  14736  70468    0    0     0    24 4100 237794 76 24  0  0  0	
66  0      0 46849912  14736  70476    0    0     0     0 4079 234538 76 24  0  0  0	
66  0      0 46849912  14736  70476    0    0     0     0 4089 237852 76 24  0  0  0	
65  0      0 46849912  14736  70476    0    0     0     0 4096 237913 77 23  0  0  0	
71  0      0 46849912  14736  70476    0    0     0     0 4081 238374 77 23  0  0  0	
67  0      0 46850800  14736  70476    0    0     0     0 4094 238274 75 25  0  0  0	
68  0      0 46850828  14744  70476    0    0     0    28 4086 235558 77 23  0  0  0	
69  0      0 46850828  14744  70476    0    0     0     0 4091 237319 75 25  0  0  0	
67  0      0 46850828  14744  70476    0    0     0     0 4091 238101 76 24  0  0  0	
68  0      0 46850828  14744  70476    0    0     0     0 4218 238107 77 23  0  0  0	
69  0      0 46850580  14744  70480    0    0     0     0 4107 238258 75 25  0  0  0	
65  0      0 46850580  14752  70472    0    0     0    20 4075 235383 75 25  0  0  0	
70  0      0 46850580  14752  70480    0    0     0     0 4115 238217 76 24  0  0  0	
66  0      0 46850580  14752  70480    0    0     0     8 4076 236006 76 24  0  0  0	
67  0      0 46850580  14752  70480    0    0     0     0 4097 238065 75 25  0  0  0	
68  0      0 46850580  14752  70480    0    0     0     0 4077 236712 76 24  0  0  0	
67  0      0 46850580  14752  70480    0    0     0     0 4080 237921 76 24  0  0  0	
66  0      0 46850580  14760  70480    0    0     0    32 4120 235678 76 24  0  0  0	
69  0      0 46850580  14760  70480    0    0     0     0 4077 238272 75 25  0  0  0	
71  0      0 46850580  14760  70480    0    0     0     0 4095 237173 75 25  0  0  0	
72  0      0 46850580  14760  70484    0    0     0     0 4078 237816 75 25  0  0  0	
procs -----------memory---------- ---swap-- -----io---- --system-- -----cpu-----
 r  b   swpd   free   buff  cache   si   so    bi    bo   in   cs us sy id wa st
66  0      0 46850580  14760  70488    0    0     0     0 4102 229599 75 25  0  0  0	
70  0      0 46850580  14768  70480    0    0     0    24 4085 238143 76 24  0  0  0	
69  0      0 46850580  14768  70488    0    0     0     0 4079 236622 76 24  0  0  0	
68  0      0 46850580  14768  70488    0    0     0     8 4077 237599 75 25  0  0  0	
72  0      0 46850580  14768  70488    0    0     0     0 4076 237250 77 23  0  0  0	
68  0      0 46850580  14768  70488    0    0     0     0 4093 237336 76 24  0  0  0	
69  0      0 46850580  14776  70480    0    0     0    24 4076 236794 76 24  0  0  0	
68  0      0 46850580  14776  70488    0    0     0     0 4082 235331 75 26  0  0  0	
71  0      0 46850580  14776  70488    0    0     0    52 4080 237046 75 25  0  0  0	
71  0      0 46850580  14776  70488    0    0     0     0 4096 237006 75 25  0  0  0	
67  0      0 46850580  14776  70488    0    0     0     0 4073 228135 77 23  0  0  0	
68  0      0 46850580  14776  70488    0    0     0     0 4077 236342 76 24  0  0  0	
70  0      0 46850580  14784  70488    0    0     0    36 4081 237756 75 25  0  0  0	
71  0      0 46850580  14784  70488    0    0     0     0 4071 238285 76 24  0  0  0	
69  0      0 46850580  14784  70488    0    0     0     0 4095 238273 76 24  0  0  0	
70  0      0 46850580  14784  70488    0    0     0     0 4072 238170 75 25  0  0  0	
72  0      0 46850580  14784  70488    0    0     0     0 4077 238088 75 25  0  0  0	
71  0      0 46850580  14792  70480    0    0     0    12 4079 234170 75 25  0  0  0	
70  0      0 46850580  14792  70488    0    0     0     4 4095 237826 75 25  0  0  0	
70  0      0 46850580  14792  70488    0    0     0     0 4073 238098 75 25  0  0  0	
68  0      0 46850580  14792  70488    0    0     0     0 4073 234857 76 24  0  0  0	
procs -----------memory---------- ---swap-- -----io---- --system-- -----cpu-----
 r  b   swpd   free   buff  cache   si   so    bi    bo   in   cs us sy id wa st
67  0      0 46850580  14792  70488    0    0     0     0 4077 238238 75 25  0  0  0	
69  0      0 46850580  14792  70488    0    0     0     0 4092 236582 75 25  0  0  0	
68  0      0 46850580  14800  70488    0    0     0    20 4083 238140 76 24  0  0  0	
68  0      0 46850580  14800  70488    0    0     0     0 4076 238200 76 24  0  0  0	
69  0      0 46850580  14800  70488    0    0     0     0 4077 238211 76 24  0  0  0	
69  0      0 46850580  14800  70488    0    0     0     0 4074 237755 74 26  0  0  0	
70  0      0 46850580  14800  70488    0    0     0     0 4094 234705 77 23  0  0  0	
67  0      0 46850580  14808  70488    0    0     0    24 4077 238174 75 25  0  0  0	
69  0      0 46850580  14808  70488    0    0     0     0 4077 238046 76 24  0  0  0	
70  0      0 46850580  14808  70488    0    0     0     0 4072 235122 76 24  0  0  0	
66  0      0 46850580  14808  70488    0    0     0     0 4091 238007 74 26  0  0  0	
70  0      0 46850580  14808  70492    0    0     0     0 4075 236048 75 25  0  0  0	
69  0      0 46850580  14816  70484    0    0     0    16 4082 238212 75 25  0  0  0	
67  0      0 46850580  14816  70492    0    0     0     0 4078 237964 76 24  0  0  0	
69  0      0 46850580  14816  70492    0    0     0     0 4069 238009 75 25  0  0  0	
69  0      0 46850580  14816  70492    0    0     0     0 4094 237911 75 25  0  0  0	
67  0      0 46850580  14816  70492    0    0     0     0 4072 235197 77 23  0  0  0	
71  0      0 46850580  14816  70492    0    0     0     4 4076 238034 75 25  0  0  0	
69  0      0 46850580  14824  70492    0    0     0    12 4081 237932 75 25  0  0  0	
70  0      0 46850580  14824  70492    0    0     0     0 4092 234806 76 24  0  0  0	
67  0      0 46850580  14824  70492    0    0     0     0 4073 238239 75 25  0  0  0	
procs -----------memory---------- ---swap-- -----io---- --system-- -----cpu-----
 r  b   swpd   free   buff  cache   si   so    bi    bo   in   cs us sy id wa st
68  0      0 46850580  14824  70492    0    0     0     0 4076 236749 75 25  0  0  0	
69  0      0 46850580  14824  70496    0    0     0    28 4081 238247 75 25  0  0  0	
69  0      0 46850580  14832  70488    0    0     0    12 4078 238263 75 25  0  0  0	
68  0      0 46850580  14832  70496    0    0     0     0 4092 238304 76 24  0  0  0	
70  0      0 46850580  14832  70496    0    0     0     0 4090 237977 75 25  0  0  0	
69  0      0 46850580  14832  70496    0    0     0     0 4074 234438 75 25  0  0  0	
70  0      0 46850580  14832  70496    0    0     0     0 4074 237811 76 24  0  0  0	
70  0      0 46850580  14832  70496    0    0     0     0 4091 237982 75 25  0  0  0	
69  0      0 46850580  14840  70496    0    0     0    12 4082 235513 75 25  0  0  0	
69  0      0 46850580  14840  70496    0    0     0     0 4071 237913 75 25  0  0  0	
68  0      0 46850580  14840  70496    0    0     0     0 4075 236930 76 24  0  0  0	
69  0      0 46850580  14840  70496    0    0     0     0 4076 238327 75 25  0  0  0	
68  0      0 46850580  14840  70496    0    0     0     8 4094 238234 76 24  0  0  0	
68  0      0 46850580  14848  70488    0    0     0    24 4081 238044 75 25  0  0  0	
69  0      0 46850580  14848  70496    0    0     0     0 4078 238123 76 24  0  0  0	
69  0      0 46850580  14848  70496    0    0     0     0 4074 235316 76 24  0  0  0	
69  0      0 46850580  14848  70496    0    0     0     0 4091 236763 75 25  0  0  0	
68  0      0 46850580  14848  70496    0    0     0     0 4074 237574 75 25  0  0  0	
68  0      0 46850580  14848  70496    0    0     0     0 4075 235937 75 25  0  0  0	
69  0      0 46850580  14856  70496    0    0     0    12 4086 237385 76 24  0  0  0	
69  0      0 46850580  14856  70496    0    0     0     0 4087 237086 75 25  0  0  0	
procs -----------memory---------- ---swap-- -----io---- --system-- -----cpu-----
 r  b   swpd   free   buff  cache   si   so    bi    bo   in   cs us sy id wa st
69  0      0 46850580  14856  70496    0    0     0     0 4076 237857 74 26  0  0  0	
70  0      0 46850580  14856  70496    0    0     0     0 4074 237345 75 25  0  0  0	
71  0      0 46850580  14856  70500    0    0     0     0 4079 237889 75 25  0  0  0	
67  0      0 46850580  14864  70492    0    0     0    12 4072 236317 74 26  0  0  0	
70  0      0 46850580  14864  70500    0    0     0     0 4090 238050 75 25  0  0  0	
68  0      0 46850580  14864  70500    0    0     0     0 4077 238035 78 22  0  0  0	
66  0      0 46850580  14864  70500    0    0     0     8 4073 234602 76 24  0  0  0	
69  0      0 46850580  14864  70500    0    0     0     0 4078 228270 76 24  0  0  0	
69  0      0 46850580  14864  70500    0    0     0     0 4090 237552 74 26  0  0  0	
71  0      0 46850580  14872  70500    0    0     0    24 4083 237688 76 24  0  0  0	
69  0      0 46850580  14872  70500    0    0     0     0 4071 238030 75 25  0  0  0	
70  0      0 46850580  14872  70500    0    0     0     0 4078 238095 76 24  0  0  0	
72  0      0 46850580  14872  70500    0    0     0     0 4074 238088 76 24  0  0  0	
70  0      0 46850580  14872  70500    0    0     0     0 4091 237978 74 26  0  0  0	
68  0      0 46850580  14880  70492    0    0     0    12 4077 234578 75 25  0  0  0	
69  0      0 46850580  14880  70500    0    0     0     0 4076 238120 74 26  0  0  0	
69  0      0 46850580  14880  70500    0    0     0    20 4077 237587 76 24  0  0  0	
70  0      0 46850580  14880  70500    0    0     0     0 4091 235856 76 24  0  0  0	
69  0      0 46850580  14880  70500    0    0     0     0 4079 237782 76 24  0  0  0	
69  0      0 46850580  14880  70500    0    0     0     0 4069 236627 76 24  0  0  0	
69  0      0 46850456  14888  70500    0    0     0    12 4078 237994 76 24  0  0  0	
procs -----------memory---------- ---swap-- -----io---- --system-- -----cpu-----
 r  b   swpd   free   buff  cache   si   so    bi    bo   in   cs us sy id wa st
68  0      0 46850456  14888  70500    0    0     0     8 4076 238201 74 26  0  0  0	
69  0      0 46850456  14888  70500    0    0     0     0 4092 238287 76 24  0  0  0	
68  0      0 46850456  14888  70504    0    0     0     0 4080 237913 75 25  0  0  0	
69  0      0 46850456  14888  70504    0    0     0     0 4076 234734 75 25  0  0  0	
68  0      0 46850456  14896  70496    0    0     0    24 4077 238086 76 24  0  0  0	
67  0      0 46850456  14896  70504    0    0     0     0 4095 237489 75 25  0  0  0	
69  0      0 46850456  14896  70504    0    0     0     0 4076 234827 76 24  0  0  0	
69  0      0 46850456  14896  70504    0    0     0     0 4072 237659 75 25  0  0  0	
67  0      0 46850456  14896  70504    0    0     0     0 4081 237654 74 26  0  0  0	
71  0      0 46850456  14896  70504    0    0     0     0 4075 238138 77 23  0  0  0	
70  0      0 46850456  14904  70504    0    0     0    12 4103 238200 76 24  0  0  0	
67  0      0 46850456  14904  70504    0    0     0     0 4073 238261 76 24  0  0  0	
69  0      0 46850456  14904  70504    0    0     0     0 4077 237760 76 24  0  0  0	
68  0      0 46850456  14904  70504    0    0     0     0 4080 235253 78 22  0  0  0	
68  0      0 46850456  14904  70508    0    0     0     0 4089 237976 77 23  0  0  0	
69  0      0 46850456  14912  70500    0    0     0    12 4080 237551 75 25  0  0  0	
70  0      0 46850332  14912  70508    0    0     0     8 4078 235570 76 24  0  0  0	
72  0      0 46850332  14912  70508    0    0     0     0 4080 237529 76 24  0  0  0	
67  0      0 46850332  14912  70508    0    0     0     0 4076 237899 76 24  0  0  0	
67  0      0 46850332  14912  70508    0    0     0     0 4095 238283 75 25  0  0  0	
69  0      0 46850332  14912  70508    0    0     0     0 4075 238163 75 25  0  0  0	
procs -----------memory---------- ---swap-- -----io---- --system-- -----cpu-----
 r  b   swpd   free   buff  cache   si   so    bi    bo   in   cs us sy id wa st
70  0      0 46850332  14920  70508    0    0     0    24 4083 238212 76 24  0  0  0	
69  0      0 46850332  14920  70508    0    0     0     0 4080 237919 75 25  0  0  0	
68  0      0 46850332  14920  70508    0    0     0     0 4090 235011 75 25  0  0  0	
66  0      0 46850332  14920  70508    0    0     0     0 4078 238107 77 23  0  0  0	
69  0      0 46850332  14920  70508    0    0     0     0 4075 237467 74 26  0  0  0	
70  0      0 46850332  14928  70500    0    0     0    12 4081 235488 75 25  0  0  0	
70  0      0 46850332  14928  70508    0    0     0     0 4080 237347 76 24  0  0  0	
71  0      0 46850332  14928  70508    0    0     0     0 4089 237308 74 26  0  0  0	
69  0      0 46850332  14928  70508    0    0     0     0 4075 238332 76 24  0  0  0	
69  0      0 46850332  14928  70508    0    0     0     0 4076 238279 75 25  0  0  0	
70  0      0 46850332  14928  70508    0    0     0    20 4074 238122 75 25  0  0  0	
70  0      0 46850208  14936  70508    0    0     0    16 4095 237442 76 24  0  0  0	
71  0      0 46850208  14936  70508    0    0     0     0 4076 234445 76 24  0  0  0	
72  0      0 46850208  14936  70508    0    0     0     0 4075 237993 75 25  0  0  0	
69  0      0 46850208  14936  70508    0    0     0     0 4082 237167 76 24  0  0  0	
69  0      0 46850208  14936  70508    0    0     0     8 4074 234805 76 24  0  0  0	
67  0      0 46850208  14944  70500    0    0     0    24 4100 237232 76 24  0  0  0	
68  0      0 46850208  14944  70508    0    0     0     0 4074 237788 76 24  0  0  0	
67  0      0 46850208  14944  70508    0    0     0     0 4074 238116 75 25  0  0  0	
69  0      0 46850208  14944  70508    0    0     0     0 4075 238301 75 25  0  0  0	
71  0      0 46850208  14944  70508    0    0     0     0 4092 237697 74 26  0  0  0	
procs -----------memory---------- ---swap-- -----io---- --system-- -----cpu-----
 r  b   swpd   free   buff  cache   si   so    bi    bo   in   cs us sy id wa st
70  0      0 46850208  14944  70508    0    0     0     0 4078 237805 75 25  0  0  0	
71  0      0 46850208  14952  70508    0    0     0    12 4077 235309 75 25  0  0  0	
68  0      0 46850208  14952  70508    0    0     0     0 4079 238020 74 26  0  0  0	
66  0      0 46850208  14952  70508    0    0     0     0 4088 237304 76 24  0  0  0	
69  0      0 46850208  14952  70512    0    0     0     0 4073 228220 76 24  0  0  0	
71  0      0 46850208  14952  70516    0    0     0     0 4074 237924 76 24  0  0  0	
72  0      0 46850208  14960  70508    0    0     0    12 4077 237882 76 24  0  0  0	
73  0      0 46850208  14960  70516    0    0     0     0 4078 237960 76 24  0  0  0	
70  0      0 46850208  14960  70516    0    0     0     0 4092 238110 75 25  0  0  0	
69  0      0 46850208  14960  70516    0    0     0     0 4076 238094 75 25  0  0  0	
68  0      0 46850208  14960  70516    0    0     0     8 4075 237989 75 25  0  0  0	
68  0      0 46850208  14960  70516    0    0     0     0 4078 234901 76 24  0  0  0	
70  0      0 46850208  14968  70516    0    0     0    24 4094 237477 76 24  0  0  0	
67  0      0 46850208  14968  70516    0    0     0     0 4072 237069 76 24  0  0  0	
70  0      0 46850208  14968  70516    0    0     0     0 4075 236037 76 24  0  0  0	
66  0      0 46850208  14968  70516    0    0     0     0 4077 237164 76 24  0  0  0	
72  0      0 46850208  14968  70516    0    0     0     0 4076 237431 76 24  0  0  0	
68  0      0 46850208  14976  70508    0    0     0    12 4094 238112 76 24  0  0  0	
70  0      0 46850208  14976  70516    0    0     0     0 4080 237897 75 25  0  0  0	
69  0      0 46850208  14976  70516    0    0     0     0 4071 237948 78 22  0  0  0	
70  0      0 46850208  14976  70516    0    0     0    28 4077 238095 76 24  0  0  0	
procs -----------memory---------- ---swap-- -----io---- --system-- -----cpu-----
 r  b   swpd   free   buff  cache   si   so    bi    bo   in   cs us sy id wa st
68  0      0 46850208  14976  70516    0    0     0     0 4084 234497 77 23  0  0  0	
70  0      0 46850208  14976  70516    0    0     0     0 4079 238162 75 25  0  0  0	
70  0      0 46850208  14984  70516    0    0     0    12 4083 237054 75 25  0  0  0	
69  0      0 46850208  14984  70516    0    0     0     0 4081 236483 75 25  0  0  0	
71  0      0 46850208  14984  70516    0    0     0     8 4079 237326 75 25  0  0  0	
71  0      0 46850208  14984  70516    0    0     0     0 4089 237801 75 25  0  0  0	
68  0      0 46850208  14984  70516    0    0     0     0 4075 238244 75 26  0  0  0	
69  0      0 46850208  14992  70508    0    0     0    24 4076 238396 76 24  0  0  0	
69  0      0 46850208  14992  70516    0    0     0     0 4079 238232 76 24  0  0  0	
71  0      0 46850208  14992  70516    0    0     0     0 4092 237987 75 25  0  0  0	
69  0      0 46850208  14992  70516    0    0     0     0 4077 235144 77 23  0  0  0	
67  0      0 46850208  14992  70516    0    0     0     0 4071 237901 76 24  0  0  0	
67  0      0 46850208  14992  70516    0    0     0     0 4075 236950 75 25  0  0  0	
71  0      0 46850208  15000  70516    0    0     0    12 4083 236651 75 25  0  0  0	
68  0      0 46850208  15000  70516    0    0     0     0 4091 236677 75 25  0  0  0	
71  0      0 46850208  15000  70516    0    0     0     0 4066 237755 76 24  0  0  0	
70  0      0 46850208  15000  70520    0    0     0     0 4076 237937 75 25  0  0  0	
70  0      0 46850208  15000  70520    0    0     0     0 4076 238315 76 24  0  0  0	
69  0      0 46850208  15008  70512    0    0     0    12 4095 237932 75 25  0  0  0	
68  0      0 46850208  15008  70520    0    0     0     0 4082 238029 76 24  0  0  0	
66  0      0 46850208  15008  70520    0    0     0     0 4071 235224 76 24  0  0  0	
procs -----------memory---------- ---swap-- -----io---- --system-- -----cpu-----
 r  b   swpd   free   buff  cache   si   so    bi    bo   in   cs us sy id wa st
69  0      0 46850208  15008  70520    0    0     0     0 4074 236788 76 24  0  0  0	
68  0      0 46850208  15008  70520    0    0     0     0 4074 236713 76 24  0  0  0	
68  0      0 46850208  15008  70520    0    0     0     0 4091 236740 76 24  0  0  0	
69  0      0 46850208  15016  70520    0    0     0    16 4085 236882 76 24  0  0  0	
69  0      0 46850208  15016  70520    0    0     0     0 4075 237599 75 25  0  0  0	
71  0      0 46850208  15016  70520    0    0     0     0 4075 238168 74 26  0  0  0	
69  0      0 46850208  15016  70524    0    0     0     0 4086 238156 77 23  0  0  0	
70  0      0 46850208  15016  70524    0    0     0     0 4078 238184 76 24  0  0  0	
72  0      0 46850208  15024  70516    0    0     0    12 4076 237947 75 25  0  0  0	
69  0      0 46849200  15024  70524    0    0     0     0 4087 235228 76 24  0  0  0	
70  0      0 46848672  15024  70528    0    0     0     0 4074 237700 75 25  0  0  0	
68  0      0 46848672  15024  70528    0    0     0     0 4095 236498 76 24  0  0  0	
69  0      0 46848548  15024  70528    0    0     0     0 4085 236302 76 24  0  0  0	
70  0      0 46848548  15024  70528    0    0     0     0 4079 237052 75 25  0  0  0	
68  0      0 46848548  15032  70528    0    0     0    44 4091 231529 77 23  0  0  0	
68  0      0 46848548  15032  70528    0    0     0     0 4087 238260 75 25  0  0  0	
72  0      0 46848548  15032  70528    0    0     0     0 4077 238006 75 25  0  0  0	
70  0      0 46848548  15032  70528    0    0     0     0 4076 238033 75 25  0  0  0	
71  0      0 46848548  15032  70528    0    0     0     0 4074 237908 75 25  0  0  0	
67  0      0 46849436  15040  70528    0    0     0    24 4088 234559 74 26  0  0  0	
70  0      0 46849464  15040  70528    0    0     0     0 4095 238041 75 25  0  0  0	
procs -----------memory---------- ---swap-- -----io---- --system-- -----cpu-----
 r  b   swpd   free   buff  cache   si   so    bi    bo   in   cs us sy id wa st
68  0      0 46849464  15040  70528    0    0     0     0 4077 236581 75 25  0  0  0	
68  0      0 46849464  15040  70528    0    0     0     0 4075 235804 76 24  0  0  0	
71  0      0 46849464  15040  70528    0    0     0     0 4076 237406 75 25  0  0  0	
71  0      0 46849464  15048  70520    0    0     0    20 4092 238142 75 25  0  0  0	
70  0      0 46849464  15048  70528    0    0     0     0 4077 237979 75 25  0  0  0	
68  0      0 46849464  15048  70528    0    0     0     0 4068 238039 76 24  0  0  0	
67  0      0 46849464  15048  70528    0    0     0     0 4076 238097 75 25  0  0  0	
71  0      0 46849464  15048  70532    0    0     0     0 4077 236983 75 25  0  0  0	
70  0      0 46849464  15048  70532    0    0     0     0 4091 236266 75 25  0  0  0	
71  0      0 46849464  15056  70532    0    0     0    12 4080 237897 76 24  0  0  0	
69  0      0 46849464  15056  70532    0    0     0     0 4076 236434 75 25  0  0  0	
67  0      0 46849464  15056  70532    0    0     0     0 4073 237048 75 25  0  0  0	
66  0      0 46849464  15056  70532    0    0     0     0 4093 236731 77 23  0  0  0	
69  0      0 46849464  15056  70532    0    0     0     8 4074 237734 76 24  0  0  0	
67  0      0 46849464  15064  70524    0    0     0    24 4077 238164 75 25  0  0  0	
69  0      0 46849464  15064  70532    0    0     0     0 4079 237896 75 25  0  0  0	
69  0      0 46849464  15064  70532    0    0     0     0 4085 238132 75 25  0  0  0	
68  0      0 46849464  15064  70532    0    0     0     0 4078 237910 76 24  0  0  0	
70  0      0 46849464  15064  70532    0    0     0     0 4070 234680 76 24  0  0  0	
73  0      0 46849464  15064  70532    0    0     0     0 4075 237903 75 25  0  0  0	
69  0      0 46849464  15072  70532    0    0     0    12 4076 236450 76 24  0  0  0	
procs -----------memory---------- ---swap-- -----io---- --system-- -----cpu-----
 r  b   swpd   free   buff  cache   si   so    bi    bo   in   cs us sy id wa st
71  0      0 46849464  15072  70532    0    0     0     0 4089 236385 75 25  0  0  0	
69  0      0 46849464  15072  70532    0    0     0     0 4078 236586 76 24  0  0  0	
70  0      0 46849464  15072  70532    0    0     0    16 4078 238114 75 25  0  0  0	
69  0      0 46849464  15072  70532    0    0     0     0 4076 238173 75 25  0  0  0	
69  0      0 46849464  15080  70524    0    0     0    32 4094 238182 76 24  0  0  0	
69  0      0 46849464  15080  70532    0    0     0     0 4078 238273 76 24  0  0  0	
71  0      0 46849464  15080  70532    0    0     0     0 4074 238086 76 24  0  0  0	
72  0      0 46849464  15080  70536    0    0     0    32 4125 234804 77 23  0  0  0	
69  0      0 46849464  15080  70536    0    0     0     0 4088 238000 77 23  0  0  0	
66  0      0 46849464  15080  70536    0    0     0     0 4090 236376 76 24  0  0  0	
70  0      0 46849464  15088  70536    0    0     0    12 4083 235507 75 25  0  0  0	
69  0      0 46849464  15088  70536    0    0     0     0 4076 237240 74 26  0  0  0	
72  0      0 46849464  15088  70536    0    0     0     0 4073 237840 76 24  0  0  0	
72  0      0 46849464  15088  70536    0    0     0     0 4089 238264 73 27  0  0  0	
68  0      0 46849464  15088  70536    0    0     0     0 4077 238224 76 24  0  0  0	
67  0      0 46849464  15096  70528    0    0     0    12 4070 237480 75 25  0  0  0	
68  0      0 46849464  15096  70536    0    0     0     0 4075 236964 76 24  0  0  0	
69  0      0 46849464  15096  70536    0    0     0     0 4075 237921 76 24  0  0  0	
71  0      0 46849464  15096  70536    0    0     0     0 4090 237928 73 27  0  0  0	
69  0      0 46849464  15096  70540    0    0     0     0 4078 236216 77 23  0  0  0	
72  0      0 46849464  15096  70540    0    0     0     0 4075 237353 73 27  0  0  0	
procs -----------memory---------- ---swap-- -----io---- --system-- -----cpu-----
 r  b   swpd   free   buff  cache   si   so    bi    bo   in   cs us sy id wa st
70  0      0 46849464  15104  70540    0    0     0    12 4087 236197 76 24  0  0  0	
66  0      0 46849464  15104  70540    0    0     0     0 4089 231854 74 26  0  0  0	
67  0      0 46849464  15104  70540    0    0     0     8 4077 237942 75 25  0  0  0	
69  0      0 46849464  15104  70540    0    0     0     0 4076 238165 76 24  0  0  0	
69  0      0 46849464  15104  70540    0    0     0     0 4073 238173 75 25  0  0  0	
68  0      0 46849464  15112  70532    0    0     0    24 4080 237900 75 25  0  0  0	
70  0      0 46849464  15112  70540    0    0     0     0 4095 237693 76 24  0  0  0	
69  0      0 46849464  15112  70540    0    0     0     0 4072 237912 75 25  0  0  0	
68  0      0 46849464  15112  70540    0    0     0     0 4078 236091 75 25  0  0  0	
67  0      0 46849464  15112  70540    0    0     0     0 4070 236732 75 25  0  0  0	
69  0      0 46849464  15112  70540    0    0     0     0 4086 236388 75 25  0  0  0	
68  0      0 46849464  15120  70540    0    0     0    12 4080 232718 77 24  0  0  0	
74  0      0 46849464  15120  70540    0    0     0     0 4073 238096 75 25  0  0  0	
69  0      0 46849464  15120  70540    0    0     0     0 4080 237742 75 25  0  0  0	
67  0      0 46849464  15120  70540    0    0     0     0 4073 238031 76 25  0  0  0	
67  0      0 46849464  15120  70540    0    0     0     0 4093 237904 76 24  0  0  0	
69  0      0 46849464  15128  70532    0    0     0    16 4080 235468 76 24  0  0  0	
70  0      0 46849464  15128  70540    0    0     0     8 4082 238046 75 25  0  0  0	
72  0      0 46849464  15128  70540    0    0     0     0 4075 236069 76 24  0  0  0	
70  0      0 46849464  15128  70540    0    0     0     0 4091 236738 75 25  0  0  0	
69  0      0 46849464  15128  70540    0    0     0     0 4077 237039 76 24  0  0  0	
procs -----------memory---------- ---swap-- -----io---- --system-- -----cpu-----
 r  b   swpd   free   buff  cache   si   so    bi    bo   in   cs us sy id wa st
71  0      0 46849464  15128  70540    0    0     0     0 4074 238039 75 25  0  0  0	
68  0      0 46849464  15136  70540    0    0     0    48 4085 238010 74 26  0  0  0	
71  0      0 46849464  15136  70540    0    0     0     0 4074 238298 75 25  0  0  0	
72  0      0 46849464  15136  70540    0    0     0     0 4092 238159 76 24  0  0  0	
69  0      0 46849464  15136  70540    0    0     0     0 4071 237024 75 25  0  0  0	
68  0      0 46849464  15136  70540    0    0     0     0 4070 236248 75 25  0  0  0	
69  0      0 46849464  15144  70532    0    0     0    12 4081 237975 76 24  0  0  0	
73  0      0 46849464  15144  70540    0    0     0     0 4095 236110 76 24  0  0  0	
73  0      0 46849464  15144  70540    0    0     0     0 4080 236832 75 25  0  0  0	
67  0      0 46849464  15144  70544    0    0     0     0 4076 236801 75 25  0  0  0	
71  0      0 46849464  15144  70548    0    0     0     0 4076 238141 75 25  0  0  0	
69  0      0 46849464  15144  70548    0    0     0     0 4091 238012 76 24  0  0  0	
68  0      0 46849464  15152  70548    0    0     0    12 4088 238293 74 26  0  0  0	
68  0      0 46849464  15152  70548    0    0     0     0 4075 238050 75 25  0  0  0	
69  0      0 46849464  15152  70548    0    0     0     0 4077 237815 75 25  0  0  0	
69  0      0 46849464  15152  70548    0    0     0     0 4076 234794 77 23  0  0  0	
71  0      0 46849464  15152  70548    0    0     0     0 4090 237975 75 25  0  0  0	
72  0      0 46849464  15160  70540    0    0     0    32 4083 236036 77 23  0  0  0	
67  0      0 46849464  15160  70548    0    0     0     0 4075 237113 76 24  0  0  0	
68  0      0 46849464  15160  70548    0    0     0     0 4079 236618 76 24  0  0  0	
68  0      0 46849464  15160  70548    0    0     0     0 4085 237783 75 25  0  0  0	
procs -----------memory---------- ---swap-- -----io---- --system-- -----cpu-----
 r  b   swpd   free   buff  cache   si   so    bi    bo   in   cs us sy id wa st
68  0      0 46849464  15160  70548    0    0     0     0 4077 238322 75 25  0  0  0	
70  0      0 46849464  15160  70548    0    0     0     0 4081 238010 75 25  0  0  0	
72  0      0 46849464  15168  70548    0    0     0    12 4088 237853 75 25  0  0  0	
73  0      0 46849464  15168  70548    0    0     0     0 4080 237850 74 26  0  0  0	
66  0      0 46849464  15168  70548    0    0     0     0 4094 233924 75 25  0  0  0	
70  0      0 46849464  15168  70548    0    0     0     0 4079 237983 77 23  0  0  0	
72  0      0 46849464  15168  70548    0    0     0    12 4083 235859 76 24  0  0  0	
67  0      0 46849464  15176  70540    0    0     0    24 4083 236912 74 26  0  0  0	
70  0      0 46849464  15176  70548    0    0     0     0 4100 237997 76 24  0  0  0	
71  0      0 46849464  15176  70548    0    0     0     0 4077 237835 77 23  0  0  0	
72  0      0 46849464  15176  70548    0    0     0     0 4078 238024 75 25  0  0  0	
71  0      0 46849464  15176  70548    0    0     0     0 4078 238171 76 24  0  0  0	
69  0      0 46849464  15176  70548    0    0     0     0 4080 237627 77 23  0  0  0	
68  0      0 46849464  15184  70548    0    0     0    12 4098 237756 75 25  0  0  0	
70  0      0 46849464  15184  70548    0    0     0     0 4077 237749 75 25  0  0  0	
72  0      0 46849464  15184  70548    0    0     0     0 4221 238013 76 24  0  0  0	
71  0      0 46849216  15184  70552    0    0     0    16 4085 235917 75 25  0  0  0	
68  0      0 46849216  15184  70552    0    0     0     0 4098 237459 74 26  0  0  0	
72  0      0 46849216  15192  70544    0    0     0    20 4085 236151 76 24  0  0  0	
70  0      0 46849216  15192  70552    0    0     0     0 4082 238170 74 26  0  0  0	
68  0      0 46849216  15192  70552    0    0     0     0 4077 237994 76 24  0  0  0	
procs -----------memory---------- ---swap-- -----io---- --system-- -----cpu-----
 r  b   swpd   free   buff  cache   si   so    bi    bo   in   cs us sy id wa st
70  0      0 46849216  15192  70556    0    0     0     0 4095 238161 75 25  0  0  0	
70  0      0 46849216  15192  70556    0    0     0     0 4078 238033 74 26  0  0  0	
71  0      0 46849216  15192  70556    0    0     0     0 4079 238013 75 25  0  0  0	
68  0      0 46849216  15200  70556    0    0     0    12 4083 231714 76 24  0  0  0	
68  0      0 46849216  15200  70556    0    0     0     0 4079 237899 75 25  0  0  0	
69  0      0 46849216  15200  70556    0    0     0     0 4096 236315 74 26  0  0  0	
71  0      0 46849216  15200  70556    0    0     0     0 4080 238172 76 24  0  0  0	
66  0      0 46849216  15200  70556    0    0     0     0 4081 235393 75 25  0  0  0	
68  0      0 46849216  15208  70548    0    0     0    12 4082 232721 76 24  0  0  0	
70  0      0 46849216  15208  70556    0    0     0     0 4097 236246 74 26  0  0  0	
69  0      0 46849216  15208  70556    0    0     0     4 4073 237730 76 24  0  0  0	
68  0      0 46849216  15208  70560    0    0     0     0 4079 238067 76 24  0  0  0	
67  0      0 46849216  15208  70560    0    0     0     0 4080 237812 74 26  0  0  0	
68  0      0 46849216  15208  70560    0    0     0     0 4079 237783 76 24  0  0  0	
67  0      0 46849216  15216  70560    0    0     0    12 4101 237287 76 24  0  0  0	
67  0      0 46849216  15216  70560    0    0     0     8 4081 232865 75 25  0  0  0	
68  0      0 46849216  15216  70560    0    0     0     0 4081 235676 76 24  0  0  0	
68  0      0 46849216  15216  70560    0    0     0     0 4079 236588 76 24  0  0  0	
68  0      0 46849216  15216  70560    0    0     0     0 4097 238231 75 25  0  0  0	
73  0      0 46849216  15224  70552    0    0     0    24 4081 238066 75 25  0  0  0	
70  0      0 46849216  15224  70560    0    0     0     0 4085 237961 75 25  0  0  0	
procs -----------memory---------- ---swap-- -----io---- --system-- -----cpu-----
 r  b   swpd   free   buff  cache   si   so    bi    bo   in   cs us sy id wa st
69  0      0 46849216  15224  70560    0    0     0     0 4076 238247 76 24  0  0  0	
72  0      0 46849216  15224  70560    0    0     0     0 4080 237811 76 24  0  0  0	
73  0      0 46849216  15224  70560    0    0     0     0 4090 234037 75 25  0  0  0	
69  0      0 46849216  15224  70560    0    0     0     0 4079 238072 76 24  0  0  0	
68  0      0 46849216  15232  70560    0    0     0    12 4088 235430 75 25  0  0  0	
69  0      0 46849216  15232  70560    0    0     0    12 4070 237504 76 24  0  0  0	
69  0      0 46849216  15232  70560    0    0     0     0 4095 236246 75 25  0  0  0	
67  0      0 46849216  15232  70560    0    0     0     0 4078 238154 75 25  0  0  0	
70  0      0 46849216  15232  70560    0    0     0     0 4080 238197 76 24  0  0  0	
68  0      0 46849216  15240  70552    0    0     0    28 4081 237717 76 24  0  0  0	
72  0      0 46849216  15240  70560    0    0     0    24 4089 237557 77 23  0  0  0	
70  0      0 46849216  15240  70560    0    0     0     0 4091 236819 76 24  0  0  0	
67  0      0 46849216  15240  70564    0    0     0     0 4080 233925 76 24  0  0  0	
67  0      0 46849216  15240  70564    0    0     0     0 4074 237120 75 25  0  0  0	
71  0      0 46849216  15240  70564    0    0     0     0 4078 234643 76 24  0  0  0	
70  0      0 46849216  15248  70564    0    0     0    12 4106 236935 76 24  0  0  0	
70  0      0 46849216  15248  70564    0    0     0     0 4079 235333 75 25  0  0  0	
74  0      0 46849216  15248  70564    0    0     0     0 4080 237594 75 25  0  0  0	
69  0      0 46849216  15248  70564    0    0     0     0 4076 238102 75 25  0  0  0	
70  0      0 46849216  15248  70564    0    0     0     0 4081 238249 76 24  0  0  0	
71  0      0 46849216  15256  70556    0    0     0    32 4095 238415 76 24  0  0  0	
procs -----------memory---------- ---swap-- -----io---- --system-- -----cpu-----
 r  b   swpd   free   buff  cache   si   so    bi    bo   in   cs us sy id wa st
69  0      0 46849216  15256  70564    0    0     0     0 4077 236781 76 24  0  0  0	
72  0      0 46849216  15256  70564    0    0     0     0 4079 234250 75 25  0  0  0	
66  0      0 46849216  15256  70564    0    0     0     0 4078 237833 74 26  0  0  0	
69  0      0 46849216  15256  70564    0    0     0     0 4099 235001 75 25  0  0  0	
68  0      0 46849216  15256  70564    0    0     0     8 4078 236335 76 24  0  0  0	
68  0      0 46849216  15264  70564    0    0     0    24 4090 236937 76 24  0  0  0	
70  0      0 46849216  15264  70564    0    0     0     0 4076 237758 75 25  0  0  0	
74  0      0 46849216  15264  70564    0    0     0     0 4075 237994 76 24  0  0  0	
69  0      0 46849216  15264  70564    0    0     0     0 4095 238572 76 24  0  0  0	
68  0      0 46849216  15264  70564    0    0     0     0 4075 238282 75 25  0  0  0	
68  0      0 46849216  15272  70556    0    0     0    12 4086 235019 76 24  0  0  0	
69  0      0 46849216  15272  70564    0    0     0     0 4078 237950 75 25  0  0  0	
73  0      0 46849216  15272  70564    0    0     0     0 4095 237902 76 24  0  0  0	
70  0      0 46849216  15272  70568    0    0     0     0 4081 235327 76 24  0  0  0	
69  0      0 46849216  15272  70568    0    0     0     0 4080 237738 75 25  0  0  0	
66  0      0 46849216  15272  70568    0    0     0     0 4073 236559 76 24  0  0  0	
68  0      0 46849216  15280  70568    0    0     0    12 4081 237980 75 25  0  0  0	
68  0      0 46849216  15280  70568    0    0     0     0 4092 235349 76 24  0  0  0	
68  0      0 46849216  15280  70568    0    0     0     0 4081 233617 75 25  0  0  0	
71  0      0 46849216  15280  70568    0    0     0     0 4077 238007 75 25  0  0  0	
68  0      0 46849216  15280  70568    0    0     0     0 4081 237649 75 25  0  0  0	
procs -----------memory---------- ---swap-- -----io---- --system-- -----cpu-----
 r  b   swpd   free   buff  cache   si   so    bi    bo   in   cs us sy id wa st
68  0      0 46849216  15288  70560    0    0     0    12 4117 236976 75 25  0  0  0	
69  0      0 46849216  15288  70568    0    0     0     0 4081 237879 76 24  0  0  0	
69  0      0 46849216  15288  70568    0    0     0     0 4079 237042 76 24  0  0  0	
69  0      0 46849092  15288  70572    0    0     0     0 4080 237771 75 25  0  0  0	
69  0      0 46849092  15288  70572    0    0     0    16 4096 234479 75 25  0  0  0	
68  0      0 46849092  15288  70572    0    0     0     0 4086 233411 77 23  0  0  0	
70  0      0 46849092  15296  70572    0    0     0    16 4082 237827 75 25  0  0  0	
72  0      0 46849092  15296  70572    0    0     0     0 4078 238250 76 24  0  0  0	
71  0      0 46849092  15296  70572    0    0     0     0 4077 238286 76 24  0  0  0	
71  0      0 46849092  15296  70572    0    0     0     8 4095 238081 75 25  0  0  0	
68  0      0 46849092  15296  70572    0    0     0     0 4081 237823 76 24  0  0  0	
66  0      0 46849092  15304  70564    0    0     0    24 4079 238228 77 23  0  0  0	
70  0      0 46849092  15304  70572    0    0     0     0 4081 234829 75 25  0  0  0	
72  0      0 46849092  15304  70572    0    0     0     0 4094 236138 75 25  0  0  0	
68  0      0 46849092  15304  70572    0    0     0     0 4081 237301 75 25  0  0  0	
71  0      0 46849092  15304  70572    0    0     0     0 4081 238254 74 26  0  0  0	
70  0      0 46849092  15304  70572    0    0     0     0 4081 238355 75 25  0  0  0	
69  0      0 46849092  15312  70572    0    0     0    12 4084 238130 75 25  0  0  0	
