procs -----------memory---------- ---swap-- -----io---- --system-- -----cpu-----
 r  b   swpd   free   buff  cache   si   so    bi    bo   in   cs us sy id wa st
 2  0      0 69370248   5664  67648    0    0   768  2577   96   17 25  6 65  5  0	
 1  0      0 69368728   5664  67648    0    0  7856    12 27863 27386  1  0 97  2  0	
 1  0      0 69368728   5664  67648    0    0  6704     0 25437 25931  0  0 97  2  0	
 1  0      0 69368728   5664  67648    0    0  6768     0 25731 26221  0  0 97  2  0	
 0  1      0 69368728   5664  67648    0    0  7008     0 25022 25507  1  0 97  2  0	
 1  0      0 69369840   5672  68296    0    0  7328    48 24841 25388  0  0 97  2  0	
 0  1      0 69369840   5672  68296    0    0  6416     0 26223 26679  1  0 97  2  0	
 0  1      0 69369840   5672  68296    0    0  7184     4 25224 25733  1  0 97  2  0	
 1  0      0 69369840   5672  68296    0    0  6816     0 26191 26695  0  0 98  2  0	
 1  0      0 69369840   5672  68296    0    0  6656     0 26770 27258  0  0 98  2  0	
 1  0      0 69369840   5680  68292    0    0  7248    12 25486 26015  0  0 97  2  0	
 1  0      0 69369840   5680  68292    0    0  6464     0 26495 26960  0  1 97  2  0	
 2  0      0 69369840   5680  68292    0    0  6848    36 25987 26484  1  0 98  2  0	
 1  0      0 69369840   5680  68296    0    0  6880     0 25801 26294  0  0 97  2  0	
 0  1      0 69369840   5680  68296    0    0  7024     0 25764 26263  0  0 98  2  0	
 1  0      0 69369840   5680  68296    0    0  7120     0 25290 25815  0  0 97  2  0	
 1  0      0 69369840   5688  68288    0    0  6624    12 26106 26592  0  0 98  2  0	
 1  0      0 69369840   5688  68288    0    0  7040     0 25364 25866  1  0 97  2  0	
 1  0      0 69369840   5688  68288    0    0  6608     0 26230 26707  1  0 97  2  0	
 1  0      0 69369840   5688  68288    0    0  6864     0 25542 26036  1  0 97  2  0	
 1  0      0 69369840   5688  68288    0    0  6896     0 25651 26150  0  0 98  2  0	
procs -----------memory---------- ---swap-- -----io---- --system-- -----cpu-----
 r  b   swpd   free   buff  cache   si   so    bi    bo   in   cs us sy id wa st
 1  0      0 69369808   5696  68300    0    0  6720    20 26478 26970  1  0 97  2  0	
 0  1      0 69369808   5696  68300    0    0  7680     0 24890 25425  1  0 97  2  0	
 1  0      0 69369808   5696  68300    0    0  6864     0 25596 26101  0  0 97  2  0	
 1  0      0 69369808   5696  68300    0    0  7264     0 25441 25973  0  0 97  2  0	
 0  1      0 69369808   5696  68300    0    0  6288     0 26893 27355  0  0 98  2  0	
 0  1      0 69369808   5696  68300    0    0  7024     0 26082 26588  1  0 97  2  0	
 0  1      0 69369808   5704  68292    0    0  6624    20 26163 26638  1  0 97  2  0	
 1  0      0 69369808   5704  68292    0    0  6944     0 26292 26789  1  0 98  2  0	
 1  0      0 69369808   5704  68300    0    0  7056     0 25608 26124  0  0 97  2  0	
 2  0      0 69369808   5704  68300    0    0  7296     0 25664 26198  0  0 98  2  0	
 1  0      0 69369808   5704  68300    0    0  7072     0 26122 26624  0  0 97  2  0	
 0  1      0 69369808   5712  68292    0    0  7216    36 25680 26198  0  0 97  2  0	
 2  0      0 69369808   5712  68292    0    0  6880     0 25788 26296  0  0 98  2  0	
 1  1      0 69369808   5712  68292    0    0  6736     0 25953 26440  0  0 98  2  0	
 2  0      0 69369808   5712  68292    0    0  6976     0 25794 26315  0  0 98  2  0	
 3  0      0 69369808   5712  68292    0    0  6944     0 26398 26901  0  0 97  2  0	
 1  0      0 69369808   5720  68308    0    0  6768    32 26145 26638  0  0 97  2  0	
 0  1      0 69369808   5720  68308    0    0  6800     0 25835 26315  1  0 97  2  0	
 1  0      0 69369808   5720  68308    0    0  7104     0 25976 26504  0  0 98  2  0	
 1  0      0 69369808   5720  68308    0    0  6736     0 25809 26305  0  0 97  2  0	
 1  0      0 69369808   5720  68308    0    0  6896     0 26330 26824  0  0 98  2  0	
procs -----------memory---------- ---swap-- -----io---- --system-- -----cpu-----
 r  b   swpd   free   buff  cache   si   so    bi    bo   in   cs us sy id wa st
 0  1      0 69369808   5728  68300    0    0  7104    20 25583 26097  1  0 97  2  0	
 1  0      0 69369808   5728  68300    0    0  6736     0 25681 26173  0  0 97  2  0	
 2  0      0 69369808   5728  68300    0    0  6768     0 25477 25951  1  0 97  2  0	
 0  1      0 69369808   5728  68312    0    0  7216     0 25456 25962  0  0 98  2  0	
 0  1      0 69369808   5728  68312    0    0  7248     0 25638 26152  0  0 97  2  0	
 1  0      0 69369680   5736  68312    0    0  7056    32 26050 26583  0  0 98  2  0	
 1  0      0 69369680   5736  68312    0    0  6480     0 26326 26772  1  0 98  2  0	
 0  1      0 69369680   5736  68312    0    0  7440     0 25793 26332  0  0 97  2  0	
 0  1      0 69369680   5736  68312    0    0  7168     0 25898 26403  1  0 97  2  0	
 0  1      0 69369680   5736  68312    0    0  7232     0 25197 25720  0  0 97  2  0	
 0  1      0 69369680   5736  68312    0    0  7280     0 24606 25124  0  0 97  2  0	
 1  0      0 69369680   5744  68312    0    0  7184    28 24697 25226  1  0 97  2  0	
 1  0      0 69369680   5744  68312    0    0  6752     0 26434 26919  0  0 98  2  0	
 1  0      0 69369680   5744  68312    0    0  7632     0 25562 26107  1  0 97  2  0	
 0  1      0 69369680   5744  68312    0    0  7376     0 25879 26386  1  0 97  2  0	
 1  0      0 69369680   5744  68312    0    0  7088     0 26053 26561  1  0 97  2  0	
 1  0      0 69369680   5752  68304    0    0  7360    36 25359 25893  1  0 97  2  0	
 0  1      0 69369680   5752  68304    0    0  6624     0 26545 27011  1  0 97  2  0	
 0  1      0 69369680   5752  68304    0    0  6688     0 25949 26441  1  0 97  2  0	
 1  0      0 69369680   5752  68312    0    0  6768     0 25557 26039  1  0 97  2  0	
 1  0      0 69369680   5752  68312    0    0  6896     0 26491 26965  0  0 98  2  0	
procs -----------memory---------- ---swap-- -----io---- --system-- -----cpu-----
 r  b   swpd   free   buff  cache   si   so    bi    bo   in   cs us sy id wa st
 1  0      0 69369680   5760  68304    0    0  6736    36 25984 26479  0  0 97  2  0	
 0  1      0 69369680   5760  68312    0    0  6976     0 25781 26264  1  0 97  2  0	
 2  0      0 69369680   5760  68312    0    0  7120     0 26136 26647  1  0 97  2  0	
 0  1      0 69369680   5760  68312    0    0  6800     0 26109 26600  1  0 97  2  0	
 1  0      0 69364472   6436  71768    0    0 11532     0 27550 27537  1  0 97  2  0	
 2  0      0 69364472   6436  71768    0    0  7376     0 25664 26190  0  0 97  2  0	
 0  1      0 69364128   6444  72356    0    0  6784    20 26624 27107  1  0 98  2  0	
 1  0      0 69364128   6444  72356    0    0  6736     0 26415 26907  1  0 97  2  0	
 0  1      0 69364128   6444  72356    0    0  6928     0 26219 26715  1  0 97  2  0	
 1  0      0 69364128   6444  72356    0    0  6928     0 25844 26350  1  0 97  2  0	
 1  0      0 69364128   6444  72356    0    0  6880     0 25718 26204  1  0 97  2  0	
 1  0      0 69364128   6452  72348    0    0  7216    12 25771 26292  1  0 97  2  0	
 0  1      0 69364128   6452  72348    0    0  7360     0 25849 26357  1  0 97  2  0	
 2  0      0 69364128   6452  72356    0    0  7104     0 25940 26455  1  0 97  2  0	
 1  0      0 69364128   6452  72356    0    0  6800     0 26838 27334  1  0 97  2  0	
 1  0      0 69364128   6452  72356    0    0  6784    36 26485 26961  0  0 98  2  0	
 1  0      0 69364128   6452  72356    0    0  6624     0 26379 26840  1  0 97  2  0	
 1  0      0 69364128   6460  72356    0    0  8240    12 29819 29434  1  0 97  2  0	
 0  1      0 69364128   6460  72356    0    0  6848     0 26420 26897  0  0 97  2  0	
 1  0      0 69364128   6460  72356    0    0  7136     0 26270 26797  1  0 97  2  0	
 1  0      0 69364128   6460  72356    0    0  6656     0 26599 27084  0  0 98  2  0	
procs -----------memory---------- ---swap-- -----io---- --system-- -----cpu-----
 r  b   swpd   free   buff  cache   si   so    bi    bo   in   cs us sy id wa st
 1  0      0 69364128   6460  72356    0    0  6928     0 26289 26773  0  0 98  2  0	
 1  0      0 69364128   6468  72356    0    0  6720    16 26527 27022  0  0 97  2  0	
 2  0      0 69364128   6468  72360    0    0  7152     0 25974 26480  0  0 97  2  0	
 0  1      0 69364128   6468  72360    0    0  6544     0 26425 26881  1  0 97  2  0	
 2  0      0 69364128   6468  72360    0    0  7008     0 25687 26206  0  0 97  2  0	
 1  0      0 69364128   6468  72360    0    0  7424     0 25781 26318  0  0 97  2  0	
 1  0      0 69364128   6468  72360    0    0  7216     0 26170 26686  0  0 97  2  0	
 0  1      0 69364128   6476  72360    0    0  6496    12 26495 26944  1  0 97  2  0	
 1  0      0 69364128   6476  72360    0    0  7456     0 25083 25629  0  0 97  2  0	
 0  1      0 69364128   6476  72360    0    0  7216     0 25561 26056  1  0 97  2  0	
 1  0      0 69364128   6476  72360    0    0  6592    16 26365 26866  0  0 98  2  0	
 1  0      0 69364128   6476  72360    0    0  6640     0 26091 26572  1  0 97  2  0	
 1  0      0 69364128   6484  72352    0    0  7264    20 24984 25501  0  0 97  2  0	
 0  1      0 69364128   6484  72352    0    0  6704     0 25940 26419  0  0 97  2  0	
 1  0      0 69364128   6484  72352    0    0  6480     0 26528 27023  0  0 97  2  0	
 1  0      0 69364128   6484  72352    0    0  6832     8 25103 25584  1  0 97  2  0	
 1  0      0 69364128   6484  72352    0    0  6656     0 26334 26820  0  0 98  2  0	
 1  0      0 69364128   6484  72360    0    0  6736     0 26177 26662  0  0 98  2  0	
 1  0      0 69364128   6492  72360    0    0  6784    12 25663 26158  0  0 98  2  0	
 1  0      0 69364128   6492  72360    0    0  6752     0 26785 27270  0  0 98  2  0	
 1  0      0 69364128   6492  72360    0    0  7104     0 25652 26164  1  0 97  2  0	
procs -----------memory---------- ---swap-- -----io---- --system-- -----cpu-----
 r  b   swpd   free   buff  cache   si   so    bi    bo   in   cs us sy id wa st
 0  1      0 69364128   6492  72360    0    0  7024     0 25813 26315  1  0 97  2  0	
 2  0      0 69364128   6492  72364    0    0  7008     0 26146 26645  1  0 97  2  0	
 2  0      0 69364128   6500  72356    0    0  7184    12 25518 26032  1  0 97  2  0	
 1  0      0 69364128   6500  72356    0    0  7296     0 25358 25872  1  0 97  2  0	
 1  0      0 69364128   6500  72364    0    0  6832     0 26366 26868  0  0 98  2  0	
 2  0      0 69364128   6500  72364    0    0  6432     0 26632 27089  1  0 98  2  0	
 1  0      0 69364128   6500  72364    0    0  7120     0 25420 25928  0  0 97  2  0	
 1  0      0 69364128   6500  72364    0    0  7312     0 24950 25484  1  0 97  2  0	
 1  0      0 69364128   6508  72364    0    0  6656    12 25813 26283  0  0 98  2  0	
 0  1      0 69364128   6508  72364    0    0  6416    12 25780 26254  0  0 97  2  0	
 0  1      0 69364128   6508  72364    0    0  7456     0 24662 25192  0  0 97  2  0	
 1  0      0 69364128   6508  72364    0    0  7088     0 25977 26500  0  0 97  2  0	
 1  0      0 69364128   6508  72364    0    0  7200     0 25120 25624  0  0 98  2  0	
 1  0      0 69364128   6516  72356    0    0  7152    12 25630 26149  1  0 97  2  0	
 1  0      0 69364128   6516  72356    0    0  7072     0 25505 26021  1  0 97  2  0	
 2  0      0 69364128   6516  72356    0    0  7216     0 25118 25614  1  0 97  2  0	
 1  0      0 69364128   6516  72356    0    0  6656     0 26033 26518  0  0 97  2  0	
 0  1      0 69364128   6516  72356    0    0  7168     0 25924 26433  0  0 98  2  0	
 1  0      0 69364128   6516  72356    0    0  7136     0 25578 26105  0  0 98  2  0	
 1  0      0 69364128   6524  72364    0    0  6720    12 26469 26960  0  0 97  2  0	
 1  0      0 69364128   6524  72364    0    0  6896     0 26299 26778  1  0 97  2  0	
procs -----------memory---------- ---swap-- -----io---- --system-- -----cpu-----
 r  b   swpd   free   buff  cache   si   so    bi    bo   in   cs us sy id wa st
 1  0      0 69364128   6524  72364    0    0  6960     0 26107 26617  0  0 97  2  0	
 1  0      0 69364128   6524  72364    0    0  7504     0 25132 25654  1  0 97  2  0	
 0  1      0 69364128   6524  72364    0    0  6592     0 26372 26817  1  0 97  2  0	
 1  0      0 69364128   6532  72356    0    0  6816    32 26382 26892  0  0 98  2  0	
 2  0      0 69364128   6532  72356    0    0  6576     0 26944 27421  0  0 98  2  0	
 1  0      0 69364128   6532  72356    0    0  6848     0 26318 26807  0  0 97  2  0	
 1  0      0 69364128   6532  72356    0    0  6832     0 25720 26202  0  0 97  2  0	
 0  1      0 69364128   6532  72368    0    0  7040     0 25637 26133  0  0 97  2  0	
 1  0      0 69364128   6532  72368    0    0  6320     0 26715 27181  0  0 98  2  0	
 1  0      0 69364128   6540  72368    0    0  7072    12 25799 26300  0  0 98  2  0	
 1  0      0 69364128   6540  72368    0    0  6752     0 25971 26455  1  0 97  2  0	
 2  0      0 69364128   6540  72368    0    0  6432     0 26092 26552  1  0 97  2  0	
 1  0      0 69364128   6540  72368    0    0  7072     0 25548 26056  0  0 97  2  0	
 1  0      0 69364128   6540  72368    0    0  7424     0 25167 25688  0  0 98  2  0	
 0  1      0 69364128   6548  72368    0    0  6704    12 26567 27046  1  0 97  2  0	
 1  0      0 69364128   6548  72372    0    0  7040     0 25251 25766  0  0 97  2  0	
 1  0      0 69364128   6548  72372    0    0  6896     0 26218 26715  1  0 97  2  0	
 1  0      0 69364128   6548  72372    0    0  6768     0 25331 25814  0  0 97  2  0	
 1  0      0 69364128   6548  72372    0    0  6704     0 25360 25855  0  0 97  2  0	
 1  0      0 69364128   6548  72372    0    0  6912     0 25527 26028  0  0 97  2  0	
 1  0      0 69364128   6556  72372    0    0  6576    12 25534 26021  1  0 97  2  0	
procs -----------memory---------- ---swap-- -----io---- --system-- -----cpu-----
 r  b   swpd   free   buff  cache   si   so    bi    bo   in   cs us sy id wa st
 0  1      0 69364128   6556  72372    0    0  6800     0 25844 26317  1  0 97  2  0	
 2  0      0 69364128   6556  72372    0    0  7008     0 25971 26495  0  0 98  2  0	
 1  0      0 69364128   6556  72372    0    0  7120     0 25919 26418  1  0 97  2  0	
 1  0      0 69364128   6556  72372    0    0  6704     8 26396 26876  1  0 98  2  0	
 0  1      0 69364128   6564  72364    0    0  7168    12 25667 26177  1  0 97  2  0	
 2  0      0 69364128   6564  72364    0    0  6816     0 26228 26731  1  0 97  2  0	
 1  0      0 69364128   6564  72364    0    0  6976     0 25400 25894  1  0 97  2  0	
 0  1      0 69364128   6564  72364    0    0  7360     0 25823 26343  1  0 97  2  0	
 1  0      0 69364128   6564  72364    0    0  6752     0 26432 26907  1  0 98  2  0	
 1  0      0 69364128   6564  72372    0    0  7312     0 25928 26459  0  0 97  2  0	
 1  0      0 69364128   6572  72372    0    0  7056    12 26123 26638  0  0 98  2  0	
 2  0      0 69364128   6572  72372    0    0  7616     0 25368 25912  1  0 97  2  0	
 1  0      0 69364128   6572  72372    0    0  7056     0 25959 26466  1  0 97  2  0	
 1  0      0 69364128   6572  72372    0    0  7232    16 25598 26104  0  0 97  2  0	
 0  1      0 69364128   6572  72372    0    0  6976     0 26607 27096  0  0 98  2  0	
 1  0      0 69364128   6580  72364    0    0  6912    20 26254 26758  0  0 98  2  0	
 1  0      0 69364128   6580  72364    0    0  6656     0 26520 27010  0  0 98  2  0	
 1  0      0 69364128   6580  72364    0    0  6976     0 25713 26206  1  0 97  2  0	
 1  0      0 69364128   6580  72372    0    0  7440     0 25179 25696  0  0 97  2  0	
 0  1      0 69364128   6580  72372    0    0  6800     0 26079 26552  1  0 97  2  0	
 1  0      0 69364128   6580  72372    0    0  7232     0 25959 26498  0  0 97  2  0	
procs -----------memory---------- ---swap-- -----io---- --system-- -----cpu-----
 r  b   swpd   free   buff  cache   si   so    bi    bo   in   cs us sy id wa st
 1  0      0 69364128   6588  72372    0    0  7104    12 26364 26870  0  0 98  2  0	
 0  1      0 69364128   6588  72372    0    0  6720     0 26218 26706  0  0 97  2  0	
 1  0      0 69364128   6588  72372    0    0  7312     0 25790 26308  0  0 98  2  0	
 0  1      0 69364128   6588  72372    0    0  6944     0 25456 25959  0  0 97  2  0	
 1  0      0 69364128   6588  72372    0    0  7248     0 25543 26069  0  0 97  2  0	
 0  1      0 69364128   6596  72372    0    0  6928    12 25483 25967  1  0 98  2  0	
 1  0      0 69364128   6596  72372    0    0  7088     0 25740 26268  0  0 98  2  0	
 1  0      0 69364128   6596  72380    0    0  7024     0 26217 26722  1  0 97  2  0	
 1  0      0 69364128   6596  72380    0    0  7296     0 25637 26173  0  0 98  2  0	
 2  0      0 69364128   6596  72380    0    0  7024     0 25668 26156  1  0 97  2  0	
 2  0      0 69364128   6596  72380    0    0  6832     0 25775 26263  1  0 97  2  0	
 0  1      0 69364128   6604  72380    0    0  7024    12 25054 25547  0  0 97  2  0	
 1  0      0 69364128   6604  72380    0    0  6864     0 25664 26170  0  0 98  2  0	
 1  0      0 69364128   6604  72380    0    0  6784     0 26476 26968  0  0 98  2  0	
 0  1      0 69364128   6604  72380    0    0  6272     0 26557 26999  1  0 98  2  0	
 1  0      0 69364128   6604  72380    0    0  7168     0 25165 25677  0  0 97  2  0	
 1  0      0 69364008   6612  72380    0    0  7024    20 26299 26793  1  0 97  2  0	
 0  1      0 69364008   6612  72380    0    0  7184     0 26197 26719  0  0 98  2  0	
 1  0      0 69364008   6612  72380    0    0  6576    16 26862 27348  0  0 98  2  0	
 1  0      0 69364008   6612  72380    0    0  7280     0 25622 26143  0  0 97  2  0	
 1  0      0 69364008   6612  72380    0    0  6656     0 25693 26193  0  1 97  2  0	
procs -----------memory---------- ---swap-- -----io---- --system-- -----cpu-----
 r  b   swpd   free   buff  cache   si   so    bi    bo   in   cs us sy id wa st
 1  1      0 69364008   6612  72384    0    0  6592    16 25792 26262  1  0 97  2  0	
 1  0      0 69364008   6620  72380    0    0  6864     4 24876 25362  1  0 97  2  0	
 1  0      0 69364008   6628  72372    0    0  7216    16 25218 25737  0  0 97  2  0	
 1  0      0 69364008   6628  72384    0    0  6736     0 25864 26340  1  0 97  2  0	
 0  1      0 69364008   6628  72384    0    0  6736     0 25670 26153  1  0 97  2  0	
 2  0      0 69364008   6628  72384    0    0  6720     0 25272 25761  0  0 97  2  0	
 0  1      0 69364008   6636  72384    0    0  6592    32 25011 25491  1  0 97  2  0	
 1  0      0 69364008   6636  72384    0    0  6352     0 25198 25664  0  0 97  2  0	
 1  0      0 69364008   6636  72384    0    0  6752     0 25765 26254  0  0 97  2  0	
 0  1      0 69364008   6636  72384    0    0  6464     0 25629 26087  1  0 97  2  0	
 1  0      0 69364008   6636  72384    0    0  6256     0 26385 26862  0  0 98  2  0	
 1  0      0 69364008   6644  72376    0    0  6640    12 26180 26660  0  0 97  2  0	
 1  0      0 69364008   6644  72376    0    0  6720     0 26340 26813  0  0 97  2  0	
 2  0      0 69364008   6644  72376    0    0  6320     0 25392 25861  0  0 97  2  0	
 2  0      0 69364008   6644  72376    0    0  6576     0 24860 25343  0  0 97  2  0	
 1  0      0 69364008   6644  72376    0    0  6656     0 24415 24878  1  0 97  2  0	
 1  0      0 69364008   6644  72384    0    0  7120     0 25263 25776  0  0 97  2  0	
 1  0      0 69364008   6652  72384    0    0  7200    12 25956 26475  0  0 97  2  0	
 1  0      0 69364008   6652  72384    0    0  6848     0 25688 26180  1  0 97  2  0	
 0  1      0 69364008   6652  72384    0    0  7040     0 25796 26295  0  0 97  2  0	
 1  0      0 69364008   6652  72384    0    0  7280     0 25670 26205  0  0 97  2  0	
procs -----------memory---------- ---swap-- -----io---- --system-- -----cpu-----
 r  b   swpd   free   buff  cache   si   so    bi    bo   in   cs us sy id wa st
 1  0      0 69364008   6652  72384    0    0  7280     0 25738 26254  0  0 98  2  0	
 1  0      0 69364008   6660  72376    0    0  7264    16 24945 25464  0  0 97  2  0	
 1  0      0 69364008   6660  72376    0    0  6672     0 26637 27119  0  0 97  2  0	
 0  1      0 69364008   6660  72388    0    0  7088     0 25495 25995  1  0 97  2  0	
 1  0      0 69364008   6660  72388    0    0  6848     0 25778 26278  1  0 98  2  0	
 1  0      0 69364008   6660  72388    0    0  6976     0 25526 26031  0  0 97  2  0	
 2  0      0 69364008   6660  72388    0    0  7264    12 25563 26068  1  0 97  2  0	
 1  0      0 69364008   6668  72388    0    0  7472    28 25290 25828  0  0 97  2  0	
 0  1      0 69364008   6668  72392    0    0  7408     0 24972 25492  1  0 97  2  0	
 1  0      0 69364008   6668  72392    0    0  7136     0 24930 25437  1  0 97  2  0	
 1  0      0 69364008   6668  72392    0    0  6816     0 25918 26409  1  0 97  2  0	
 0  1      0 69364008   6668  72392    0    0  6768    48 25823 26298  1  0 97  2  0	
 1  0      0 69364008   6676  72384    0    0  6720    24 25577 26074  0  0 97  2  0	
 1  0      0 69364008   6676  72384    0    0  6656     0 25906 26393  0  0 98  2  0	
 1  0      0 69364008   6676  72384    0    0  6912     0 25009 25513  1  0 97  2  0	
 0  1      0 69364008   6676  72384    0    0  6560     0 25658 26124  0  0 97  2  0	
 1  0      0 69364008   6676  72392    0    0  6528     0 26369 26853  1  0 98  2  0	
 1  0      0 69364008   6680  72388    0    0  6740     8 26139 26624  0  0 98  2  0	
 1  0      0 69364008   6688  72384    0    0  7040    24 25904 26418  1  0 97  2  0	
 1  0      0 69364008   6688  72392    0    0  7040     0 25645 26157  1  0 97  2  0	
 1  0      0 69364008   6688  72392    0    0  6576     0 26986 27458  0  0 98  2  0	
procs -----------memory---------- ---swap-- -----io---- --system-- -----cpu-----
 r  b   swpd   free   buff  cache   si   so    bi    bo   in   cs us sy id wa st
 1  0      0 69364008   6688  72392    0    0  6592     0 25919 26384  1  0 97  2  0	
 1  0      0 69364008   6688  72392    0    0  7360     0 25599 26124  0  0 98  2  0	
 1  0      0 69364008   6696  72388    0    0  6976    12 25579 26090  0  0 97  2  0	
 1  0      0 69364008   6696  72388    0    0  7232     0 25131 25650  1  0 97  2  0	
 1  0      0 69364008   6696  72392    0    0  7248     0 25900 26423  0  0 97  2  0	
 1  0      0 69364008   6696  72392    0    0  6864     0 25967 26467  0  0 98  2  0	
 0  1      0 69364008   6696  72392    0    0  7504     0 25598 26118  1  0 97  2  0	
 1  0      0 69364008   6696  72392    0    0  7072     0 25864 26381  0  0 98  2  0	
 1  0      0 69364008   6704  72384    0    0  6272    12 26212 26680  1  0 97  2  0	
 0  1      0 69364008   6704  72384    0    0  6736     0 25463 25934  0  0 97  2  0	
 1  0      0 69364008   6704  72384    0    0  6688     0 25946 26437  0  0 97  2  0	
 0  1      0 69364008   6704  72384    0    0  7424     4 25484 26012  0  0 97  2  0	
 1  0      0 69364008   6704  72384    0    0  6496     0 25525 26007  1  0 97  2  0	
 1  0      0 69364008   6712  72392    0    0  6608    12 25650 26094  1  0 97  2  0	
 0  1      0 69364008   6712  72396    0    0  7328     0 25307 25813  1  0 97  2  0	
 1  0      0 69364008   6712  72396    0    0  7152     0 25587 26107  1  0 97  2  0	
 1  0      0 69364008   6712  72396    0    0  7120     0 25877 26390  0  0 97  2  0	
 1  0      0 69364008   6712  72396    0    0  6800     0 26060 26556  0  0 98  2  0	
 1  0      0 69364008   6712  72396    0    0  6736     0 26281 26754  0  0 97  2  0	
 1  0      0 69364008   6720  72388    0    0  6672    12 24812 25306  0  0 97  2  0	
 1  0      0 69364008   6720  72388    0    0  6912     0 24606 25106  0  0 97  2  0	
procs -----------memory---------- ---swap-- -----io---- --system-- -----cpu-----
 r  b   swpd   free   buff  cache   si   so    bi    bo   in   cs us sy id wa st
 2  0      0 69364008   6720  72388    0    0  6624     0 26048 26522  1  0 97  2  0	
 1  0      0 69364008   6720  72396    0    0  7088     0 25072 25586  1  0 97  2  0	
 0  1      0 69364008   6720  72396    0    0  6816     0 25732 26215  0  0 98  2  0	
 2  0      0 69364008   6728  72388    0    0  6656    12 25574 26066  1  0 97  2  0	
 0  1      0 69364008   6728  72396    0    0  7168     0 25987 26492  1  0 97  2  0	
 0  1      0 69364008   6728  72396    0    0  7264    16 25085 25598  0  0 97  2  0	
 1  0      0 69364008   6728  72396    0    0  6784     0 26547 27040  1  0 97  2  0	
 0  1      0 69364008   6728  72396    0    0  7104     0 25716 26211  1  0 97  2  0	
 0  1      0 69364008   6728  72396    0    0  6864     0 25293 25807  0  0 97  2  0	
 0  1      0 69364008   6736  72396    0    0  7312    24 25083 25612  0  0 97  2  0	
 1  0      0 69364008   6736  72400    0    0  7072     8 25328 25852  1  0 97  2  0	
 1  0      0 69364008   6736  72400    0    0  6784     0 25961 26432  0  0 97  2  0	
 1  0      0 69364008   6736  72400    0    0  6608     0 24947 25429  1  0 97  2  0	
 1  0      0 69364008   6736  72400    0    0  6768     0 25259 25737  1  0 97  2  0	
 1  0      0 69364008   6744  72400    0    0  6928    24 25518 26024  0  0 97  2  0	
 1  0      0 69364008   6744  72400    0    0  6464     0 26097 26562  0  0 98  2  0	
 0  1      0 69364008   6744  72400    0    0  6688     0 25733 26220  0  0 97  2  0	
 1  0      0 69364008   6744  72400    0    0  6848     0 25101 25608  1  0 97  2  0	
 0  1      0 69364008   6744  72400    0    0  6704     0 25717 26192  0  0 97  2  0	
 1  0      0 69364008   6744  72400    0    0  6864     0 25588 26085  1  0 97  2  0	
 0  1      0 69364008   6752  72392    0    0  7472    12 24969 25503  0  0 98  2  0	
procs -----------memory---------- ---swap-- -----io---- --system-- -----cpu-----
 r  b   swpd   free   buff  cache   si   so    bi    bo   in   cs us sy id wa st
 0  1      0 69364008   6752  72392    0    0  6784     0 25476 25976  0  0 98  2  0	
 2  0      0 69364008   6752  72392    0    0  6864     0 25166 25663  1  0 97  2  0	
 1  0      0 69364008   6752  72392    0    0  7344     0 24615 25153  0  0 97  2  0	
 1  0      0 69364008   6752  72400    0    0  6928     0 24530 25022  0  0 97  2  0	
 2  0      0 69364008   6760  72400    0    0  6400    12 25478 25952  1  0 97  2  0	
 0  1      0 69364008   6760  72400    0    0  6976     0 25071 25559  0  0 97  2  0	
 1  0      0 69364008   6760  72400    0    0  6752     0 25922 26425  0  0 97  2  0	
 1  0      0 69364008   6760  72400    0    0  6992     0 24950 25445  0  0 97  2  0	
 1  0      0 69364008   6760  72400    0    0  6976     0 25332 25846  0  0 97  2  0	
 1  0      0 69364008   6760  72400    0    0  6880     0 25670 26160  0  0 97  2  0	
 0  1      0 69364008   6768  72392    0    0  7104    12 25181 25693  1  0 97  2  0	
 1  0      0 69364008   6768  72392    0    0  6608     0 25416 25912  1  0 97  2  0	
 2  0      0 69364008   6768  72404    0    0  6704     0 25528 26001  1  0 97  2  0	
 1  0      0 69364008   6768  72404    0    0  7136     0 25365 25869  0  0 97  2  0	
 0  1      0 69364008   6768  72404    0    0  6928     0 25460 25947  0  0 98  2  0	
 1  0      0 69364008   6776  72396    0    0  6800    32 26368 26873  0  0 98  2  0	
 2  0      0 69364008   6776  72396    0    0  7008     0 25472 25993  0  0 97  2  0	
 1  0      0 69364008   6776  72396    0    0  6784     0 25795 26278  0  0 98  2  0	
 1  1      0 69364008   6776  72396    0    0  6480     0 24837 25310  0  0 97  2  0	
 0  1      0 69364008   6776  72396    0    0  6656     0 25211 25684  1  0 97  2  0	
 2  0      0 69364008   6776  72404    0    0  6752    20 24825 25321  0  0 97  2  0	
procs -----------memory---------- ---swap-- -----io---- --system-- -----cpu-----
 r  b   swpd   free   buff  cache   si   so    bi    bo   in   cs us sy id wa st
 0  1      0 69364008   6784  72396    0    0  6624    12 24955 25436  0  0 97  2  0	
 1  0      0 69364008   6784  72396    0    0  6848     0 25563 26068  1  0 97  2  0	
 1  0      0 69364008   6784  72404    0    0  6768     0 26082 26568  1  0 97  2  0	
 1  0      0 69364008   6784  72404    0    0  6576     0 25991 26462  0  0 97  2  0	
 2  0      0 69364008   6784  72404    0    0  6704     0 25810 26304  0  0 98  2  0	
 0  1      0 69364008   6792  72404    0    0  7088    12 25994 26492  1  0 97  2  0	
 1  0      0 69364008   6792  72404    0    0  6768     0 25759 26272  0  0 97  2  0	
 0  1      0 69364008   6792  72404    0    0  6752     0 25529 26005  0  0 97  2  0	
 1  0      0 69364008   6792  72404    0    0  6624     0 24202 24695  1  0 97  2  0	
 1  0      0 69364008   6792  72404    0    0  6432     0 25069 25527  1  0 97  2  0	
 1  0      0 69364008   6792  72404    0    0  6352     0 26387 26859  0  0 98  2  0	
 1  0      0 69364008   6800  72404    0    0  6608    12 25398 25884  0  0 97  2  0	
 0  1      0 69364008   6800  72408    0    0  6800     0 25153 25634  1  0 97  2  0	
 1  0      0 69364008   6800  72408    0    0  6752     0 25370 25869  0  0 98  2  0	
 0  1      0 69364008   6800  72408    0    0  6416     0 25838 26291  0  0 98  2  0	
 1  0      0 69364008   6800  72408    0    0  6640     0 25706 26189  1  0 97  2  0	
 1  0      0 69364008   6808  72400    0    0  6208    12 26441 26898  0  0 98  2  0	
 1  0      0 69364008   6808  72400    0    0  6496     0 25727 26197  0  1 97  2  0	
 1  0      0 69364008   6808  72400    0    0  6336     0 25936 26410  0  0 97  2  0	
 2  0      0 69364008   6808  72408    0    0  7040     0 25230 25736  0  0 97  2  0	
 2  0      0 69364008   6808  72408    0    0  6816     0 25336 25826  0  0 97  2  0	
procs -----------memory---------- ---swap-- -----io---- --system-- -----cpu-----
 r  b   swpd   free   buff  cache   si   so    bi    bo   in   cs us sy id wa st
 0  2      0 69364008   6808  72408    0    0  6896     8 25330 25817  0  0 97  2  0	
 2  0      0 69364008   6816  72412    0    0  6928     4 25664 26183  0  0 97  2  0	
 1  0      0 69364008   6816  72412    0    0  6528     0 25080 25560  0  0 97  2  0	
 1  0      0 69364008   6816  72412    0    0  6848     0 25122 25612  0  0 97  2  0	
 0  1      0 69364008   6816  72412    0    0  6832     8 25104 25587  1  0 97  2  0	
 0  1      0 69364008   6816  72412    0    0  6784     0 25831 26326  0  0 97  2  0	
 1  0      0 69364008   6824  72404    0    0  6928    24 25110 25620  0  0 97  2  0	
 2  0      0 69364008   6824  72412    0    0  7232     0 24803 25322  1  0 97  2  0	
 0  1      0 69364008   6824  72412    0    0  6848     0 24527 25015  0  0 97  2  0	
 0  1      0 69364008   6824  72412    0    0  6752    12 24953 25435  1  0 97  2  0	
 1  0      0 69364008   6824  72412    0    0  6704     0 25249 25745  0  0 97  2  0	
 0  1      0 69364008   6832  72412    0    0  7264    28 24154 24665  0  0 97  2  0	
 1  0      0 69364008   6832  72412    0    0  6576     0 26025 26524  0  0 97  2  0	
 1  0      0 69364008   6832  72412    0    0  6816     0 24717 25208  1  0 97  2  0	
 2  0      0 69364008   6832  72412    0    0  7248     0 25391 25904  1  0 97  2  0	
 1  0      0 69364008   6832  72412    0    0  6848     0 25265 25756  1  0 97  2  0	
 3  0      0 69364008   6832  72412    0    0  6624     0 25311 25791  0  0 97  2  0	
 0  1      0 69364008   6840  72404    0    0  6432    12 25194 25645  1  0 97  2  0	
 1  0      0 69364008   6840  72412    0    0  6720     0 24317 24816  0  0 97  2  0	
 1  0      0 69364008   6840  72412    0    0  6384     0 25369 25841  0  0 97  2  0	
 1  0      0 69364008   6840  72412    0    0  6640     0 25115 25580  0  0 97  2  0	
procs -----------memory---------- ---swap-- -----io---- --system-- -----cpu-----
 r  b   swpd   free   buff  cache   si   so    bi    bo   in   cs us sy id wa st
 0  1      0 69364008   6840  72412    0    0  6240     0 26741 27184  1  0 98  2  0	
 1  0      0 69364008   6848  72404    0    0  7280    12 24967 25503  1  0 97  2  0	
 1  0      0 69364008   6848  72404    0    0  6912     0 25172 25667  1  0 97  2  0	
 1  0      0 69364008   6848  72412    0    0  7024     0 25916 26426  0  0 97  2  0	
 1  0      0 69364008   6848  72412    0    0  6976     0 25716 26194  1  0 97  2  0	
 1  0      0 69364008   6848  72412    0    0  6976     0 24311 24819  0  0 97  2  0	
 1  0      0 69364008   6848  72412    0    0  7008     0 25062 25569  0  0 97  2  0	
 1  0      0 69364008   6856  72404    0    0  6720    12 25523 26014  1  0 97  2  0	
 1  0      0 69364008   6856  72404    0    0  6800     0 24763 25240  0  0 98  2  0	
 1  0      0 69364008   6856  72404    0    0  7072     0 25383 25905  1  0 97  2  0	
 1  0      0 69364008   6856  72412    0    0  5904     0 27156 27589  1  0 97  1  0	
 1  0      0 69364008   6856  72412    0    0  7024     0 25360 25856  0  0 98  2  0	
 0  1      0 69364008   6864  72404    0    0  6784    12 24926 25419  0  0 97  2  0	
 1  0      0 69364008   6864  72412    0    0  6672     8 24703 25198  1  0 97  2  0	
 0  1      0 69364008   6864  72416    0    0  6832     0 24973 25451  0  0 97  2  0	
 0  1      0 69364008   6864  72416    0    0  6880     0 25538 26036  0  0 97  2  0	
 2  0      0 69364008   6864  72416    0    0  6272     0 25755 26225  1  0 97  2  0	
 1  0      0 69364008   6864  72416    0    0  6864     0 24544 25033  0  0 97  2  0	
 1  0      0 69364008   6872  72408    0    0  6752    36 24947 25436  0  0 97  2  0	
 1  0      0 69364008   6872  72408    0    0  6704     0 25944 26422  1  0 97  2  0	
 1  0      0 69364008   6872  72420    0    0  7408     0 25376 25893  1  0 97  2  0	
procs -----------memory---------- ---swap-- -----io---- --system-- -----cpu-----
 r  b   swpd   free   buff  cache   si   so    bi    bo   in   cs us sy id wa st
 1  0      0 69364008   6872  72420    0    0  6896     0 25337 25834  0  0 97  2  0	
 1  0      0 69364008   6872  72420    0    0  7200     0 25672 26194  0  0 97  2  0	
 1  0      0 69364008   6880  72412    0    0  6496    24 25614 26095  0  0 97  2  0	
 0  1      0 69364008   6880  72412    0    0  6704    20 25787 26253  0  0 98  2  0	
 1  0      0 69364008   6880  72412    0    0  6976     0 25258 25762  1  0 97  2  0	
 1  0      0 69364008   6880  72412    0    0  6688     0 25993 26480  0  0 97  2  0	
 1  0      0 69364008   6880  72412    0    0  6832     0 23916 24399  1  0 97  2  0	
 1  0      0 69364008   6880  72412    0    0  6560     0 26177 26638  1  1 97  2  0	
 1  0      0 69364008   6888  72420    0    0  7104    12 24851 25356  1  0 97  2  0	
 0  1      0 69364008   6888  72420    0    0  6944     0 24878 25368  0  0 97  2  0	
 2  0      0 69364008   6888  72420    0    0  7120     0 23905 24419  1  0 97  2  0	
 1  0      0 69364008   6888  72420    0    0  6736     0 24450 24948  0  0 97  2  0	
 2  0      0 69364008   6888  72420    0    0  6544     0 25229 25704  0  0 98  2  0	
 2  0      0 69364008   6896  72420    0    0  6416    12 25239 25701  1  0 97  2  0	
 0  1      0 69364008   6896  72420    0    0  7072     0 24826 25332  0  0 97  2  0	
 1  0      0 69364008   6896  72420    0    0  6880     0 25152 25650  1  0 97  2  0	
 1  0      0 69364008   6896  72420    0    0  6800     0 25047 25535  1  0 97  2  0	
 2  0      0 69364008   6896  72420    0    0  6352     0 26649 27103  1  0 97  2  0	
 2  0      0 69364008   6896  72420    0    0  6560     0 24979 25455  0  0 97  2  0	
 1  0      0 69364008   6904  72420    0    0  6624    12 25045 25522  0  0 97  2  0	
 0  1      0 69364008   6904  72420    0    0  6256     0 25017 25453  1  0 97  2  0	
procs -----------memory---------- ---swap-- -----io---- --system-- -----cpu-----
 r  b   swpd   free   buff  cache   si   so    bi    bo   in   cs us sy id wa st
 1  0      0 69364008   6904  72420    0    0  7024     0 25243 25744  1  0 97  2  0	
 1  0      0 69364008   6904  72420    0    0  6368     0 26139 26587  1  0 97  2  0	
 0  1      0 69364008   6904  72420    0    0  7296     0 24912 25414  1  0 97  2  0	
 2  0      0 69364008   6912  72420    0    0  6848    12 25553 26055  1  0 97  2  0	
 0  1      0 69364008   6912  72420    0    0  6528     0 24984 25451  0  0 98  2  0	
 2  0      0 69364008   6912  72420    0    0  6896     0 24901 25414  0  0 97  2  0	
 0  1      0 69364008   6912  72420    0    0  7120     0 25255 25758  0  0 97  2  0	
 0  1      0 69364008   6912  72420    0    0  6944    12 24967 25473  0  0 97  2  0	
 1  0      0 69364008   6912  72424    0    0  6576     0 26249 26727  0  0 97  2  0	
 2  0      0 69364008   6920  72420    0    0  7072    24 24940 25455  0  0 98  2  0	
 1  0      0 69364008   6920  72420    0    0  6832     0 25388 25880  1  0 97  2  0	
 1  0      0 69364008   6920  72424    0    0  7200     0 24859 25368  1  0 97  2  0	
 1  0      0 69364008   6920  72424    0    0  6816     0 25555 26048  1  0 97  2  0	
 1  0      0 69364008   6920  72424    0    0  6704     0 25559 26046  1  0 97  2  0	
 1  0      0 69364008   6928  72416    0    0  6400    12 26120 26586  0  0 98  2  0	
 0  1      0 69364008   6928  72416    0    0  6800     0 25019 25495  1  0 97  2  0	
 0  1      0 69364008   6928  72416    0    0  7168     0 24183 24703  0  0 97  2  0	
 1  0      0 69364008   6928  72416    0    0  7024    12 24836 25349  0  0 97  2  0	
 1  0      0 69364008   6928  72428    0    0  6880     0 25196 25689  0  0 97  2  0	
 0  1      0 69364008   6928  72428    0    0  6592     0 24989 25454  1  0 97  2  0	
 1  0      0 69364008   6936  72420    0    0  7792    12 27436 28045  0  0 97  2  0	
procs -----------memory---------- ---swap-- -----io---- --system-- -----cpu-----
 r  b   swpd   free   buff  cache   si   so    bi    bo   in   cs us sy id wa st
 2  0      0 69364008   6936  72420    0    0  7808     0 27847 28472  1  0 97  2  0	
 2  0      0 69364008   6936  72420    0    0  6976     0 28899 29468  0  0 97  2  0	
 1  0      0 69364008   6936  72420    0    0  7984     0 28224 28779  1  0 97  2  0	
 0  1      0 69364008   6936  72420    0    0  7776     0 28520 29071  0  0 97  2  0	
 1  0      0 69364008   6944  72412    0    0  7648    12 27806 28462  1  0 97  2  0	
 0  1      0 69364008   6944  72412    0    0  7744     0 27744 28592  1  0 97  2  0	
 1  0      0 69364008   6944  72428    0    0  7520     0 28806 29357  1  0 97  2  0	
 1  0      0 69364008   6944  72428    0    0  8208     0 27913 28630  1  0 97  2  0	
 0  1      0 69364008   6944  72428    0    0  7552     0 28437 29052  1  0 97  2  0	
 2  0      0 69364008   6944  72428    0    0  8144     0 27688 28325  0  0 97  2  0	
 1  0      0 69363888   6952  72428    0    0  7120    12 28887 29480  0  0 97  2  0	
 0  1      0 69363888   6952  72428    0    0  7824     0 27968 28623  1  0 97  2  0	
 1  0      0 69363888   6952  72428    0    0  7760     0 28456 29143  1  0 97  2  0	
 1  0      0 69363888   6952  72428    0    0  7248     0 29606 30268  1  0 97  2  0	
 0  1      0 69364008   6952  72428    0    0  7216     0 27957 28500  0  0 97  2  0	
 1  0      0 69364008   6960  72420    0    0  6864    12 27969 28568  0  0 97  2  0	
 1  0      0 69364008   6960  72420    0    0  7600     0 28449 29044  0  0 97  2  0	
 1  0      0 69364008   6960  72428    0    0  7296    12 28600 29164  1  0 97  2  0	
 1  0      0 69364008   6960  72428    0    0  7552     0 28452 29057  1  0 97  2  0	
 0  1      0 69364008   6960  72428    0    0  7888     0 27765 28361  1  0 97  2  0	
 2  0      0 69364008   6960  72428    0    0  7344     0 27990 28579  0  0 97  2  0	
procs -----------memory---------- ---swap-- -----io---- --system-- -----cpu-----
 r  b   swpd   free   buff  cache   si   so    bi    bo   in   cs us sy id wa st
 1  0      0 69364008   6968  72420    0    0  7616    24 27751 28317  1  0 97  2  0	
 0  1      0 69364008   6968  72432    0    0  7888     0 27304 28010  0  0 97  2  0	
 1  0      0 69364008   6968  72432    0    0  8016     0 28545 29191  0  0 97  2  0	
 1  0      0 69364008   6968  72432    0    0  7408     0 27444 28074  1  0 97  2  0	
 1  0      0 69364008   6968  72432    0    0  7328     0 28518 29152  1  0 97  2  0	
 1  0      0 69364008   6976  72424    0    0  7856    12 28203 28832  1  0 97  2  0	
 1  0      0 69364008   6976  72432    0    0  7648     0 28365 28993  1  0 97  2  0	
 1  0      0 69364008   6976  72432    0    0  7296     0 29204 29921  1  0 97  2  0	
 0  1      0 69364008   6976  72432    0    0  8208     0 28216 28884  1  0 97  2  0	
 1  0      0 69364008   6976  72432    0    0  7648     0 28098 29224  1  0 97  2  0	
 0  1      0 69364008   6976  72432    0    0  7344     0 27407 27990  1  0 97  2  0	
 1  0      0 69364008   6984  72424    0    0  8272    28 26610 27221  1  0 97  2  0	
 0  1      0 69364008   6984  72424    0    0  7168     0 28601 29134  1  0 97  2  0	
 1  0      0 69364008   6984  72424    0    0  7792     0 27338 27917  1  0 97  2  0	
 0  1      0 69364008   6984  72424    0    0  7808     0 28406 28983  0  0 97  2  0	
 2  0      0 69364008   6984  72424    0    0  7616     0 28313 28896  1  0 97  2  0	
 0  1      0 69364008   6992  72428    0    0  7888    12 27219 27823  1  0 97  2  0	
 1  0      0 69364008   6992  72436    0    0  7344     0 29516 30065  1  0 97  2  0	
 1  1      0 69364008   6992  72436    0    0  7264     0 28264 28799  1  0 97  2  0	
 0  1      0 69364008   6992  72436    0    0  7472     0 27933 28494  1  0 97  2  0	
 1  0      0 69364008   6992  72436    0    0  7536     0 28531 29151  1  0 97  2  0	
procs -----------memory---------- ---swap-- -----io---- --system-- -----cpu-----
 r  b   swpd   free   buff  cache   si   so    bi    bo   in   cs us sy id wa st
 0  2      0 69364008   6992  72436    0    0  7536     8 27433 28019  1  0 97  2  0	
 1  0      0 69364008   7000  72428    0    0  7568     4 27632 28199  1  0 97  2  0	
 0  1      0 69364008   7000  72428    0    0  7056     0 28112 28658  1  0 97  2  0	
 1  0      0 69364008   7000  72428    0    0  7552     0 27724 28290  0  0 97  2  0	
 0  1      0 69364008   7000  72436    0    0  7648     0 27801 28491  1  0 97  2  0	
 0  1      0 69364008   7000  72436    0    0  7680     0 28782 29427  0  0 97  2  0	
 0  1      0 69364008   7008  72436    0    0  7984    28 27625 28236  1  0 97  2  0	
 2  0      0 69364008   7008  72436    0    0  7152     0 28113 28683  1  0 97  2  0	
 1  0      0 69364008   7008  72436    0    0  7280     0 28265 28838  1  0 97  2  0	
 0  1      0 69364008   7008  72436    0    0  7504     0 28289 28882  0  0 97  2  0	
 1  0      0 69364008   7008  72436    0    0  7408     0 27963 28569  0  0 97  2  0	
 1  0      0 69364008   7016  72428    0    0  7648    32 28282 28918  1  0 97  2  0	
 0  1      0 69364008   7016  72436    0    0  7584     0 28126 28746  0  0 97  2  0	
 1  0      0 69364008   7016  72436    0    0  7248     0 28145 28735  0  0 97  2  0	
 0  1      0 69364008   7016  72436    0    0  7664     0 28217 28827  1  0 97  2  0	
 1  0      0 69364008   7016  72440    0    0  7920     0 28167 28818  0  0 98  2  0	
 0  1      0 69364008   7024  72440    0    0  8032    12 27657 28337  1  0 97  2  0	
 2  0      0 69364008   7024  72440    0    0  8048     0 26891 27523  0  0 97  2  0	
 1  0      0 69364008   7024  72440    0    0  7792     0 27936 28538  1  0 97  2  0	
 1  0      0 69364008   7024  72440    0    0  7424     0 29290 29882  1  0 97  2  0	
 0  1      0 69364008   7024  72440    0    0  7456     0 28532 29103  1  0 97  2  0	
procs -----------memory---------- ---swap-- -----io---- --system-- -----cpu-----
 r  b   swpd   free   buff  cache   si   so    bi    bo   in   cs us sy id wa st
 2  1      0 69364008   7024  72440    0    0  7648     8 28694 29287  1  0 97  2  0	
 0  1      0 69364008   7032  72432    0    0  7392     4 28902 29477  1  0 97  2  0	
 1  0      0 69364008   7032  72432    0    0  7632     0 28135 28762  1  0 97  2  0	
 1  0      0 69364008   7032  72432    0    0  7664     0 28051 28690  1  0 97  2  0	
 0  1      0 69364008   7032  72440    0    0  7856     0 28027 28658  1  0 97  2  0	
 1  0      0 69364008   7032  72440    0    0  7904    20 28286 28904  0  0 97  2  0	
 2  0      0 69364008   7040  72440    0    0  7920    16 28392 29024  1  0 97  2  0	
 1  0      0 69364008   7040  72440    0    0  8000     0 28098 28710  0  0 97  2  0	
 1  0      0 69364008   7040  72440    0    0  7760     0 28408 29041  1  0 97  2  0	
 1  0      0 69364008   7040  72440    0    0  7888     0 27624 28249  0  0 97  2  0	
 1  0      0 69364008   7040  72440    0    0  7664     0 27914 28507  1  0 97  2  0	
 0  1      0 69364008   7048  72432    0    0  7632    12 27362 27988  1  0 97  2  0	
 1  0      0 69364008   7048  72432    0    0  7056     0 28048 28553  1  0 97  2  0	
 2  0      0 69364008   7048  72432    0    0  7264     0 28222 28797  1  0 97  2  0	
 0  1      0 69364008   7048  72440    0    0  7344     0 28884 29545  1  0 97  2  0	
 1  0      0 69364008   7048  72440    0    0  7280     8 28115 28780  1  0 97  2  0	
 1  0      0 69364008   7048  72440    0    0  7536     0 29140 29802  1  0 97  2  0	
 1  0      0 69364008   7056  72432    0    0  7680    24 28674 29318  1  0 97  2  0	
 0  1      0 69364008   7056  72432    0    0  7936     0 28532 29155  1  0 97  2  0	
 0  1      0 69364008   7056  72432    0    0  7904     0 27198 27798  1  0 97  2  0	
 1  0      0 69364008   7056  72432    0    0  8144    12 27985 28668  0  0 97  2  0	
procs -----------memory---------- ---swap-- -----io---- --system-- -----cpu-----
 r  b   swpd   free   buff  cache   si   so    bi    bo   in   cs us sy id wa st
 0  1      0 69364008   7056  72432    0    0  7808     0 28485 28954  0  0 97  2  0	
 1  0      0 69364008   7064  72424    0    0  7856    32 28360 29091  1  0 97  2  0	
 0  1      0 69364008   7064  72448    0    0  7872     0 28673 29105  1  0 97  2  0	
 1  0      0 69364008   7064  72448    0    0  7312     0 29438 29389  1  0 97  2  0	
 0  1      0 69364008   7064  72448    0    0  8272     0 27674 28250  1  0 97  2  0	
 1  0      0 69364008   7064  72448    0    0  7344     0 28695 29232  1  0 97  2  0	
 1  0      0 69364008   7064  72448    0    0  7408     0 29042 29632  0  0 97  2  0	
 1  1      0 69364008   7072  72444    0    0  7520    12 29828 30420  1  0 97  2  0	
 1  0      0 69364008   7072  72444    0    0  7808     0 28621 29277  1  0 97  2  0	
 1  0      0 69364008   7072  72444    0    0  7616     0 29078 29741  1  0 97  2  0	
 1  0      0 69364008   7072  72452    0    0  7728     0 26563 27226  0  0 97  2  0	
 1  0      0 69364008   7072  72452    0    0  7904     0 27176 27796  0  0 97  2  0	
 0  1      0 69364008   7080  72444    0    0  7536    12 28398 29053  1  0 97  2  0	
 0  1      0 69364008   7080  72452    0    0  7584     0 28286 28886  1  0 97  2  0	
 1  0      0 69364008   7080  72452    0    0  7328     0 28511 29113  0  0 97  2  0	
 3  0      0 69364008   7080  72452    0    0  8176    24 28803 29434  1  0 97  2  0	
 1  0      0 69364008   7080  72452    0    0  7344     0 28618 29221  1  0 97  2  0	
 0  1      0 69364008   7080  72452    0    0  7408     0 29768 30390  1  0 97  2  0	
 0  1      0 69364008   7088  72452    0    0  7824    28 28377 29018  1  0 97  2  0	
 1  0      0 69364008   7088  72452    0    0  7408     0 28997 29622  0  0 97  2  0	
 1  0      0 69364008   7088  72452    0    0  7520     0 28101 28696  1  0 97  2  0	
procs -----------memory---------- ---swap-- -----io---- --system-- -----cpu-----
 r  b   swpd   free   buff  cache   si   so    bi    bo   in   cs us sy id wa st
 2  0      0 69364008   7088  72452    0    0  7312     0 29700 30299  0  0 97  2  0	
 1  0      0 69364008   7088  72452    0    0  7648     0 29635 30250  1  0 97  2  0	
 0  1      0 69364008   7096  72444    0    0  7984    12 28775 29401  1  0 97  2  0	
 1  0      0 69364008   7096  72444    0    0  7568     0 29290 29912  0  0 97  2  0	
 1  0      0 69364008   7096  72444    0    0  7648     0 29337 29993  1  0 97  2  0	
 2  0      0 69364008   7096  72452    0    0  7200     0 29616 30183  1  0 97  2  0	
 1  0      0 69364008   7096  72452    0    0  7760     0 29712 30325  1  0 97  2  0	
 1  0      0 69364008   7096  72452    0    0  7584     0 28807 29396  1  0 97  2  0	
 0  1      0 69364008   7104  72444    0    0  7856    12 29006 29637  1  0 97  2  0	
 1  0      0 69364008   7104  72444    0    0  7648    12 27953 28602  1  0 97  2  0	
 2  0      0 69364008   7104  72444    0    0  7264     0 28063 28893  0  0 97  2  0	
 0  1      0 69364008   7104  72444    0    0  7840     0 26817 27415  1  0 97  2  0	
 1  0      0 69364008   7104  72452    0    0  7504     0 26619 27255  1  0 97  2  0	
 1  0      0 69364008   7112  72452    0    0  7712    24 27059 27683  0  0 97  2  0	
 1  0      0 69364008   7112  72452    0    0  7136     4 29004 29594  1  0 97  2  0	
 1  0      0 69364008   7112  72452    0    0  7584     0 28017 28648  1  0 97  2  0	
 1  0      0 69364008   7112  72452    0    0  7552     0 28333 28924  0  0 97  2  0	
 0  1      0 69364008   7112  72452    0    0  7264     0 29177 29723  1  0 97  2  0	
 1  0      0 69364008   7112  72452    0    0  7616     0 28142 28749  1  0 97  2  0	
 0  1      0 69364008   7120  72444    0    0  7248    12 28225 28782  0  0 97  2  0	
 0  1      0 69364008   7120  72444    0    0  7600     0 27843 28448  0  0 97  2  0	
procs -----------memory---------- ---swap-- -----io---- --system-- -----cpu-----
 r  b   swpd   free   buff  cache   si   so    bi    bo   in   cs us sy id wa st
 1  0      0 69364008   7120  72460    0    0  7392     0 27614 28220  0  0 97  2  0	
 0  1      0 69364008   7120  72460    0    0  7648     0 27661 28220  1  0 97  2  0	
 0  1      0 69364008   7120  72460    0    0  7360     0 28763 29372  1  0 97  2  0	
 1  0      0 69364008   7128  72456    0    0  7744    12 28711 29311  1  0 97  2  0	
 1  0      0 69364008   7128  72456    0    0  7872     0 28470 29145  1  0 97  2  0	
 0  1      0 69364008   7128  72456    0    0  7408     0 28476 29079  1  0 97  2  0	
 2  0      0 69364008   7128  72456    0    0  7584     0 28261 28905  1  0 97  2  0	
 1  0      0 69364008   7128  72456    0    0  7488     0 28161 28760  1  0 97  2  0	
 0  1      0 69364008   7128  72460    0    0  7568     0 27601 28180  0  0 97  2  0	
 2  0      0 69364008   7136  72452    0    0  7744    40 28792 29421  1  0 97  2  0	
 0  1      0 69364008   7136  72452    0    0  7968     0 27612 28244  1  0 97  2  0	
 1  0      0 69364008   7136  72452    0    0  7840     0 27954 28561  1  0 97  2  0	
 1  0      0 69364008   7136  72452    0    0  7872     0 27465 28086  1  0 97  2  0	
 0  1      0 69364008   7136  72452    0    0  6992     0 28622 29166  1  0 97  2  0	
 1  0      0 69364008   7144  72444    0    0  7376    12 26927 27520  1  0 97  2  0	
 2  0      0 69364008   7144  72444    0    0  7680     0 28606 29210  0  0 97  2  0	
 0  1      0 69364008   7144  72460    0    0  6960     0 27994 28566  0  0 97  2  0	
 1  0      0 69364008   7144  72460    0    0  7600     0 26099 26693  1  0 97  2  0	
 1  0      0 69364008   7144  72460    0    0  7232     0 27228 27827  0  0 97  2  0	
 2  0      0 69364008   7144  72460    0    0  7744    16 28051 28665  1  0 97  2  0	
 0  1      0 69364008   7152  72452    0    0  8096    28 26981 27615  1  0 97  2  0	
procs -----------memory---------- ---swap-- -----io---- --system-- -----cpu-----
 r  b   swpd   free   buff  cache   si   so    bi    bo   in   cs us sy id wa st
 0  1      0 69364008   7152  72452    0    0  7792     0 27929 28546  1  0 97  2  0	
 1  0      0 69364008   7152  72452    0    0  7504     0 27218 27797  0  0 97  2  0	
 0  1      0 69364008   7152  72452    0    0  7472     0 27400 27963  1  0 97  2  0	
 0  1      0 69364008   7152  72460    0    0  7760     0 28209 28824  1  0 97  2  0	
 0  1      0 69364008   7160  72460    0    0  7632    12 28692 29296  1  0 97  2  0	
 1  0      0 69364008   7160  72460    0    0  7552     0 28233 28838  1  0 97  2  0	
 2  0      0 69364008   7160  72460    0    0  7232     0 27848 28428  0  0 97  2  0	
 2  0      0 69364008   7160  72460    0    0  7824     0 26873 27524  0  0 97  2  0	
 1  0      0 69364008   7160  72460    0    0  7856     0 27286 27912  1  0 97  2  0	
 1  0      0 69364008   7160  72460    0    0  7808     0 28704 29276  1  0 97  2  0	
 0  1      0 69364008   7168  72452    0    0  7616    12 28827 29416  1  0 97  2  0	
 0  1      0 69364008   7168  72460    0    0  7424     0 28177 28759  1  0 97  2  0	
 0  1      0 69364008   7168  72460    0    0  7920     0 27635 28263  1  0 97  2  0	
 1  1      0 69364008   7168  72460    0    0  7408     0 28655 29254  0  0 97  2  0	
 1  0      0 69364008   7168  72460    0    0  7312     0 27685 28259  1  0 97  2  0	
 2  0      0 69364008   7176  72452    0    0  7504    12 27629 28221  0  0 97  2  0	
 1  0      0 69364008   7176  72452    0    0  7360     0 28124 28701  1  0 97  2  0	
 1  0      0 69364008   7176  72452    0    0  6848     0 29396 29996  1  0 97  2  0	
 1  0      0 69364008   7176  72452    0    0  7200     0 28318 28924  0  0 97  2  0	
 1  0      0 69364008   7176  72464    0    0  7440     0 28912 29480  1  0 97  2  0	
 2  0      0 69364008   7176  72464    0    0  7728     0 28277 28884  0  0 97  2  0	
procs -----------memory---------- ---swap-- -----io---- --system-- -----cpu-----
 r  b   swpd   free   buff  cache   si   so    bi    bo   in   cs us sy id wa st
 0  1      0 69364008   7184  72456    0    0  7328    16 27633 28193  1  0 97  2  0	
 1  0      0 69364008   7184  72456    0    0  7472     0 27886 28485  0  0 97  2  0	
 0  1      0 69364008   7184  72456    0    0  7872    20 28220 28859  1  0 97  2  0	
 0  1      0 69364008   7184  72456    0    0  7856     0 28001 28636  1  0 97  2  0	
 0  1      0 69364008   7184  72456    0    0  7168     0 28981 29530  0  0 97  2  0	
 0  1      0 69364008   7192  72448    0    0  7984    12 28474 29087  1  0 97  2  0	
 1  0      0 69364008   7192  72468    0    0  7568     0 29013 29619  1  0 97  2  0	
 1  0      0 69364008   7192  72468    0    0  7680     0 28447 29055  1  0 97  2  0	
 1  0      0 69364008   7192  72468    0    0  8000    16 28228 28842  1  0 97  2  0	
 1  0      0 69364008   7192  72468    0    0  7696     0 29336 29943  1  0 97  2  0	
 1  0      0 69364008   7192  72468    0    0  7712     0 28295 28958  1  0 97  2  0	
 1  0      0 69364008   7200  72460    0    0  7712    32 28326 28944  1  0 97  2  0	
 1  0      0 69364008   7200  72460    0    0  7696     0 28032 28662  0  0 97  2  0	
 1  0      0 69364008   7200  72460    0    0  8400     0 27812 28438  1  0 97  2  0	
 0  1      0 69364008   7200  72476    0    0  7136     0 28298 28879  0  0 97  2  0	
 1  1      0 69364008   7200  72476    0    0  7712     0 27946 28548  1  0 97  2  0	
 2  0      0 69364008   7208  72468    0    0  7424    12 27804 28461  0  0 97  2  0	
 1  0      0 69364008   7208  72468    0    0  7920     0 27329 27936  0  0 97  2  0	
 0  1      0 69364008   7208  72468    0    0  8016     0 27925 28593  1  0 97  2  0	
 1  0      0 69364008   7208  72468    0    0  7120     0 29149 29725  0  0 97  2  0	
 0  1      0 69363888   7208  72476    0    0  8528     0 28291 28943  1  0 97  2  0	
procs -----------memory---------- ---swap-- -----io---- --system-- -----cpu-----
 r  b   swpd   free   buff  cache   si   so    bi    bo   in   cs us sy id wa st
 1  1      0 69363888   7208  72476    0    0  7920     8 28495 29104  1  0 97  2  0	
 0  1      0 69363888   7216  72476    0    0  7824     4 28644 29239  1  0 97  2  0	
 1  0      0 69363888   7216  72476    0    0  7456     0 29084 29682  0  0 97  2  0	
 0  1      0 69363888   7216  72476    0    0  7616     0 28662 29251  1  0 97  2  0	
 1  0      0 69363888   7216  72476    0    0  7760     0 28717 29339  1  0 97  2  0	
 1  0      0 69363888   7216  72476    0    0  7808     0 27162 27810  0  0 97  2  0	
 1  0      0 69363888   7224  72480    0    0  7296    12 28546 29124  1  0 97  2  0	
 2  0      0 69363888   7224  72480    0    0  7520     4 27348 27926  1  0 97  2  0	
 0  1      0 69363888   7224  72480    0    0  7760     0 28851 29439  0  0 97  2  0	
 1  1      0 69363888   7224  72480    0    0  7200     0 29630 30212  1  0 97  2  0	
 1  0      0 69363888   7224  72480    0    0  7392     0 28530 29105  1  0 97  2  0	
 1  0      0 69363888   7232  72472    0    0  7712    12 27888 28504  0  0 97  2  0	
 0  1      0 69363888   7232  72472    0    0  7088     0 28526 29076  1  0 97  2  0	
 1  0      0 69363888   7232  72472    0    0  7408     0 26972 27599  0  0 97  2  0	
 1  0      0 69363888   7232  72472    0    0  7424     0 29156 29751  1  0 97  2  0	
 1  0      0 69363888   7232  72472    0    0  7456     0 27367 27958  0  0 97  2  0	
 1  0      0 69363888   7232  72472    0    0  7968     0 27960 28570  1  0 97  2  0	
 1  0      0 69363888   7240  72480    0    0  7280    40 28250 28820  0  0 97  2  0	
 0  1      0 69363888   7240  72480    0    0  7904     0 27834 28472  1  0 97  2  0	
 0  1      0 69363888   7240  72480    0    0  7440     0 28194 28780  1  0 97  2  0	
 1  0      0 69363888   7240  72480    0    0  7488     0 28254 28895  0  0 97  2  0	
procs -----------memory---------- ---swap-- -----io---- --system-- -----cpu-----
 r  b   swpd   free   buff  cache   si   so    bi    bo   in   cs us sy id wa st
 1  0      0 69363888   7240  72480    0    0  7584     0 29102 29727  1  0 97  2  0	
 0  1      0 69363888   7248  72472    0    0  7696    28 29037 29657  1  0 97  2  0	
 1  0      0 69363888   7248  72472    0    0  8032     0 29369 30069  1  0 97  2  0	
 0  1      0 69363888   7248  72472    0    0  7536     0 29571 30177  1  0 97  2  0	
 0  1      0 69363888   7248  72484    0    0  7456     0 28321 28988  0  0 97  2  0	
 2  0      0 69363888   7248  72484    0    0  7632     0 27951 28621  1  0 97  2  0	
 1  0      0 69363888   7248  72484    0    0  7696     0 29603 30227  1  0 97  2  0	
 1  0      0 69363888   7256  72476    0    0  7888    12 28976 29593  1  0 97  2  0	
 0  1      0 69363888   7256  72476    0    0  8048     0 28043 28671  0  0 97  2  0	
 1  0      0 69363888   7256  72476    0    0  7632     0 27215 27823  0  0 97  2  0	
 1  0      0 69363888   7256  72476    0    0  7088     0 27787 28622  1  0 97  2  0	
 2  0      0 69363888   7256  72476    0    0  7632     0 28314 28954  1  0 97  2  0	
 0  1      0 69363888   7264  72484    0    0  8032    12 28767 29371  1  0 97  2  0	
 1  0      0 69363888   7264  72484    0    0  7680     0 29242 29802  1  0 97  2  0	
 0  1      0 69363888   7264  72484    0    0  7968     0 28079 28702  1  0 97  2  0	
 1  0      0 69363888   7264  72484    0    0  7712     0 28308 28949  1  0 97  2  0	
 1  0      0 69363888   7264  72484    0    0  7984     0 28137 28790  1  0 97  2  0	
 1  0      0 69363888   7264  72484    0    0  8112     0 28662 29295  0  0 97  2  0	
 2  0      0 69363888   7272  72476    0    0  7264    12 29646 30308  0  0 97  2  0	
 1  0      0 69363888   7272  72476    0    0  7456     0 28369 29019  1  0 97  2  0	
 0  1      0 69363888   7272  72484    0    0  7904     0 27998 28769  1  0 97  2  0	
procs -----------memory---------- ---swap-- -----io---- --system-- -----cpu-----
 r  b   swpd   free   buff  cache   si   so    bi    bo   in   cs us sy id wa st
 0  1      0 69363888   7272  72484    0    0  7968     0 28039 28646  1  0 97  2  0	
 0  1      0 69363888   7272  72484    0    0  7808     0 28082 28694  1  0 97  2  0	
 1  0      0 69363888   7280  72476    0    0  7664    12 29377 29983  0  0 97  2  0	
 1  0      0 69363888   7280  72476    0    0  7440     0 29322 29916  0  0 97  2  0	
 1  0      0 69363888   7280  72476    0    0  7888     0 27993 28644  1  0 97  2  0	
 0  1      0 69363888   7280  72476    0    0  7632     0 28461 29080  1  0 97  2  0	
 1  0      0 69363888   7280  72476    0    0  7376     0 28700 29286  1  0 97  2  0	
 1  0      0 69363888   7280  72488    0    0  7904     0 28348 29022  1  0 97  2  0	
 1  0      0 69363888   7288  72484    0    0  7712    12 27832 28473  1  0 97  2  0	
 0  1      0 69363888   7288  72484    0    0  7600     0 29749 30336  1  0 97  2  0	
 2  0      0 69363888   7288  72484    0    0  7408     0 29843 30437  0  0 97  2  0	
 2  0      0 69363888   7288  72484    0    0  8000    16 28662 29288  1  0 97  2  0	
 0  1      0 69363888   7288  72484    0    0  8128     0 28393 29017  1  0 97  2  0	
 2  0      0 69363888   7296  72476    0    0  7488    32 28074 28682  1  0 97  2  0	
 1  0      0 69363888   7296  72476    0    0  7040     0 29324 29907  1  0 97  2  0	
 2  0      0 69363888   7296  72488    0    0  7760     0 28231 28898  0  0 97  2  0	
 0  1      0 69363888   7296  72488    0    0  8080     0 28425 29055  1  0 97  2  0	
 1  0      0 69363888   7296  72488    0    0  7264     0 28841 29433  1  0 97  2  0	
 1  0      0 69363888   7296  72488    0    0  7648     0 28345 28944  0  0 97  2  0	
 1  1      0 69363888   7304  72484    0    0  7648    12 28221 28821  1  0 97  2  0	
 1  0      0 69363888   7304  72484    0    0  8144     0 27846 28494  1  0 97  2  0	
procs -----------memory---------- ---swap-- -----io---- --system-- -----cpu-----
 r  b   swpd   free   buff  cache   si   so    bi    bo   in   cs us sy id wa st
 2  0      0 69363888   7304  72484    0    0  7312     0 28536 29118  0  0 97  2  0	
 0  1      0 69363888   7304  72484    0    0  7008     0 28904 29463  1  0 97  2  0	
 2  0      0 69363888   7304  72488    0    0  7216     0 27227 27834  0  0 97  2  0	
 1  0      0 69363888   7312  72480    0    0  7744    12 27373 27989  0  0 97  2  0	
 0  1      0 69363888   7312  72480    0    0  7648     0 28943 29543  0  0 97  2  0	
 0  1      0 69363888   7312  72480    0    0  7792     0 29054 29671  1  0 97  2  0	
 1  0      0 69363888   7312  72480    0    0  7536     0 29180 29751  1  0 97  2  0	
 0  1      0 69363888   7312  72480    0    0  7952     0 28871 29494  1  0 97  2  0	
 1  0      0 69363888   7312  72480    0    0  7872     0 27988 28626  0  0 97  2  0	
 1  0      0 69363888   7320  72472    0    0  7744    12 29017 29619  1  0 97  2  0	
 1  0      0 69363888   7320  72492    0    0  8368     0 27981 28674  1  0 97  2  0	
 1  0      0 69363888   7320  72492    0    0  7696     0 27111 27724  1  0 97  2  0	
 1  0      0 69363888   7320  72492    0    0  7072     0 27967 28567  1  0 97  2  0	
 2  0      0 69363888   7320  72492    0    0  7776     0 29151 29744  1  0 97  2  0	
 0  1      0 69363888   7328  72484    0    0  8032    12 28581 29195  1  0 97  2  0	
 1  0      0 69363888   7328  72484    0    0  7856     0 27906 28519  0  0 97  2  0	
 0  1      0 69363888   7328  72484    0    0  7216     0 28733 29309  1  0 97  2  0	
 0  1      0 69363888   7328  72484    0    0  7936     0 28692 29321  0  0 97  2  0	
 0  1      0 69363888   7328  72496    0    0  7920     0 28924 29606  0  0 97  2  0	
 0  1      0 69363888   7328  72496    0    0  7920     0 28952 29560  1  0 97  2  0	
 1  0      0 69363888   7336  72488    0    0  8112    12 28248 28904  1  0 97  2  0	
procs -----------memory---------- ---swap-- -----io---- --system-- -----cpu-----
 r  b   swpd   free   buff  cache   si   so    bi    bo   in   cs us sy id wa st
 1  0      0 69363888   7336  72488    0    0  7472    16 28191 28794  0  0 97  2  0	
 0  1      0 69363888   7336  72488    0    0  7696     0 27856 28467  0  0 97  2  0	
 2  0      0 69363888   7336  72488    0    0  7536     0 29455 30078  1  0 97  2  0	
 1  0      0 69363888   7336  72488    0    0  7600     0 29162 29776  1  0 97  2  0	
 1  0      0 69363888   7344  72480    0    0  7536    32 29225 29820  0  0 97  2  0	
 1  0      0 69363760   7344  72496    0    0  7088    20 28864 29494  0  0 97  2  0	
 1  0      0 69363760   7344  72496    0    0  7280     0 28816 29408  0  0 97  2  0	
 2  0      0 69363760   7344  72496    0    0  7280     0 28956 29515  1  0 97  2  0	
 1  0      0 69363760   7344  72496    0    0  7744     0 28206 28808  1  0 97  2  0	
 2  0      0 69363760   7344  72496    0    0  7568     0 28506 29096  1  0 97  2  0	
 1  0      0 69363760   7352  72488    0    0  7680    12 28388 28996  0  0 97  2  0	
 1  0      0 69363760   7352  72488    0    0  7824     0 27664 28282  1  0 97  2  0	
 1  0      0 69363760   7352  72488    0    0  8000     0 28074 28684  1  0 97  2  0	
 1  0      0 69363760   7352  72496    0    0  7376     0 29360 29949  1  0 97  2  0	
 0  1      0 69363760   7352  72496    0    0  7152     0 29329 29890  0  0 97  2  0	
 1  0      0 69363760   7360  72496    0    0  8096    16 28135 28767  0  0 97  2  0	
 0  1      0 69363760   7360  72496    0    0  7712     0 28531 29153  1  0 97  2  0	
 1  0      0 69363760   7360  72496    0    0  7776     0 28043 28667  1  0 97  2  0	
 1  0      0 69363760   7360  72496    0    0  7136     0 29707 30262  1  0 97  2  0	
 0  1      0 69363760   7360  72496    0    0  7856     0 28619 29249  0  0 97  2  0	
 1  0      0 69363760   7360  72496    0    0  7280     0 30015 30629  1  0 97  2  0	
procs -----------memory---------- ---swap-- -----io---- --system-- -----cpu-----
 r  b   swpd   free   buff  cache   si   so    bi    bo   in   cs us sy id wa st
 0  1      0 69363760   7368  72496    0    0  7728    12 28713 29363  1  0 97  2  0	
 0  1      0 69363760   7368  72496    0    0  8016     0 27936 28561  1  0 97  2  0	
 1  0      0 69363760   7368  72496    0    0  7696     0 28989 29648  1  0 97  2  0	
 1  0      0 69363760   7368  72496    0    0  7872     0 28809 29413  1  0 97  2  0	
 1  0      0 69363760   7368  72496    0    0  7184     0 29509 30101  0  0 97  2  0	
 1  0      0 69363760   7376  72488    0    0  7408    12 28942 29516  0  0 97  2  0	
 0  1      0 69363760   7376  72488    0    0  8128     0 28369 29010  1  0 97  2  0	
 0  1      0 69363760   7376  72488    0    0  7888     0 28350 28966  1  0 97  2  0	
 2  0      0 69363760   7376  72504    0    0  7904     0 27293 27906  0  0 97  2  0	
 1  0      0 69363760   7376  72504    0    0  7744     0 28523 29135  1  0 97  2  0	
 1  0      0 69363760   7376  72504    0    0  7760    16 28593 29242  1  0 97  2  0	
 0  1      0 69363760   7384  72496    0    0  7504    28 28073 28673  0  0 97  2  0	
 1  0      0 69363760   7384  72496    0    0  7824     0 28750 29352  0  0 97  2  0	
 0  1      0 69363760   7384  72496    0    0  7888     0 27031 27683  1  0 97  2  0	
 0  1      0 69363760   7384  72496    0    0  7280     0 28857 29434  1  0 97  2  0	
 2  0      0 69363760   7384  72496    0    0  7696     0 28754 29345  1  0 97  2  0	
 1  0      0 69363760   7392  72504    0    0  7632    12 29277 29895  0  0 98  2  0	
 1  0      0 69363760   7392  72504    0    0  8032     0 28779 29386  1  0 97  2  0	
 1  0      0 69363760   7392  72504    0    0  7856     0 28512 29102  1  0 97  2  0	
 1  0      0 69363760   7392  72504    0    0  7936     0 28087 28681  0  0 97  2  0	
 2  0      0 69363760   7392  72504    0    0  7424    20 28034 28700  1  0 97  2  0	
procs -----------memory---------- ---swap-- -----io---- --system-- -----cpu-----
 r  b   swpd   free   buff  cache   si   so    bi    bo   in   cs us sy id wa st
 1  1      0 69363760   7392  72504    0    0  7200     8 30022 30588  1  0 97  2  0	
 1  0      0 69363760   7400  72496    0    0  8144     4 28115 28722  1  0 97  2  0	
 1  0      0 69363760   7400  72496    0    0  7872     0 29243 29872  1  0 97  2  0	
 0  1      0 69363760   7400  72504    0    0  7232     0 29151 29723  0  0 97  2  0	
 2  0      0 69363760   7400  72504    0    0  7744     4 28842 29462  0  0 97  2  0	
 0  1      0 69363760   7400  72504    0    0  7760     0 27980 28576  1  0 97  2  0	
 0  1      0 69363760   7408  72496    0    0  8016    12 28428 29076  1  0 97  2  0	
 1  0      0 69363760   7408  72496    0    0  7808     0 28748 29409  0  0 97  2  0	
 0  1      0 69363760   7408  72496    0    0  7088     0 29896 30470  0  0 98  2  0	
 2  0      0 69363760   7408  72496    0    0  7632     0 27937 28555  1  0 97  2  0	
 0  1      0 69363760   7408  72496    0    0  7328     0 29417 29971  1  0 97  2  0	
 1  0      0 69363760   7416  72504    0    0  7536    12 28269 28880  0  0 97  2  0	
 0  1      0 69363760   7416  72504    0    0  8224     0 27528 28119  1  0 97  2  0	
 1  0      0 69363760   7416  72504    0    0  7984     0 27790 28445  0  0 97  2  0	
 0  1      0 69363760   7416  72504    0    0  7280     0 29049 29609  1  0 97  2  0	
 0  1      0 69363760   7416  72504    0    0  7360     0 28460 29064  1  0 97  2  0	
 0  1      0 69363760   7416  72504    0    0  7808     0 28878 29470  1  0 97  2  0	
 1  0      0 69363760   7424  72496    0    0  7680    12 29539 30144  1  0 97  2  0	
 1  0      0 69363760   7424  72496    0    0  7648     0 28064 28636  0  0 97  2  0	
 0  1      0 69363760   7424  72504    0    0  7568     4 29124 29741  0  0 97  2  0	
 1  0      0 69363760   7424  72508    0    0  7696     0 29421 30003  1  0 97  2  0	
procs -----------memory---------- ---swap-- -----io---- --system-- -----cpu-----
 r  b   swpd   free   buff  cache   si   so    bi    bo   in   cs us sy id wa st
 2  0      0 69363760   7424  72508    0    0  7520     0 28613 29221  0  0 97  2  0	
 0  1      0 69363760   7432  72500    0    0  7824    12 29072 29683  1  0 97  2  0	
 1  0      0 69363760   7432  72500    0    0  7904     0 28621 29285  0  0 97  2  0	
 1  0      0 69363760   7432  72500    0    0  7808     0 29530 30138  1  0 97  2  0	
 0  1      0 69363760   7432  72500    0    0  7712     4 29666 30253  1  0 97  2  0	
 2  0      0 69363760   7432  72500    0    0  7872     0 28913 29551  1  0 97  2  0	
 1  0      0 69363760   7432  72508    0    0  7648     0 29280 29930  1  0 97  2  0	
 1  0      0 69363760   7440  72508    0    0  7152    12 29635 30191  1  0 97  2  0	
 1  0      0 69363760   7440  72508    0    0  7648     0 28494 29085  1  0 97  2  0	
 1  0      0 69363760   7440  72508    0    0  7552     0 29251 29817  1  0 97  2  0	
 2  0      0 69363760   7440  72508    0    0  7776     0 28576 29245  1  0 97  2  0	
 1  0      0 69363760   7440  72508    0    0  8112     0 28665 29296  1  0 97  2  0	
 0  1      0 69363760   7448  72504    0    0  7840    12 29493 30126  1  0 97  2  0	
 1  0      0 69363760   7448  72504    0    0  7552     0 29219 29834  1  0 97  2  0	
 1  0      0 69363760   7448  72512    0    0  7984     0 28473 29123  1  0 97  2  0	
 1  0      0 69363760   7448  72512    0    0  7696     0 28826 29401  1  0 97  2  0	
 0  1      0 69363760   7448  72512    0    0  7632     0 29284 29891  1  0 97  2  0	
 0  1      0 69363760   7456  72504    0    0  7568    12 29859 30462  1  0 97  2  0	
 0  1      0 69363760   7456  72504    0    0  7920     0 28557 29228  0  0 97  2  0	
 2  0      0 69363760   7456  72504    0    0  7248     0 29627 30232  0  0 97  2  0	
 0  1      0 69363760   7456  72504    0    0  7536     0 29528 30135  0  0 98  2  0	
procs -----------memory---------- ---swap-- -----io---- --system-- -----cpu-----
 r  b   swpd   free   buff  cache   si   so    bi    bo   in   cs us sy id wa st
 1  0      0 69363760   7456  72504    0    0  7856     0 29113 29736  0  0 97  2  0	
 1  0      0 69363760   7456  72512    0    0  8384     0 28654 29296  1  1 97  2  0	
 1  0      0 69363760   7464  72508    0    0  7936    12 27422 28032  1  0 97  2  0	
 0  1      0 69363760   7464  72508    0    0  7568     0 29156 29737  0  0 97  2  0	
 1  0      0 69363760   7464  72508    0    0  7760     0 28192 28831  0  0 97  2  0	
 1  0      0 69363760   7464  72508    0    0  7360     0 29191 29821  1  0 97  2  0	
 1  0      0 69363760   7464  72508    0    0  8176     0 28972 29582  1  0 97  2  0	
 1  0      0 69363760   7472  72500    0    0  7472    12 28831 29446  1  0 97  2  0	
 1  0      0 69363760   7472  72500    0    0  7984     8 29035 29656  1  0 97  2  0	
 1  0      0 69363760   7472  72512    0    0  7440     0 29745 30334  0  0 97  2  0	
 1  0      0 69363760   7472  72512    0    0  7808     0 29423 30009  1  0 97  2  0	
 0  1      0 69363760   7472  72512    0    0  8000     0 28995 29593  1  0 97  2  0	
 2  0      0 69363760   7472  72512    0    0  7648     0 28968 29581  1  0 97  2  0	
 1  0      0 69363760   7480  72504    0    0  7840    24 28538 29208  1  0 97  2  0	
 1  0      0 69363760   7480  72504    0    0  7344     0 28044 28623  1  0 97  2  0	
 1  0      0 69363760   7480  72504    0    0  7648     0 28862 29450  1  0 97  2  0	
 1  0      0 69363760   7480  72504    0    0  7648     0 29503 30100  0  0 97  2  0	
 0  1      0 69363760   7480  72516    0    0  7920     0 28209 28821  1  0 97  2  0	
 0  1      0 69363760   7488  72508    0    0  7920    20 28595 29236  1  0 97  2  0	
 2  0      0 69363760   7488  72508    0    0  7968     0 28779 29401  1  1 97  2  0	
 1  0      0 69363760   7488  72508    0    0  7696     0 29365 29962  1  0 97  2  0	
procs -----------memory---------- ---swap-- -----io---- --system-- -----cpu-----
 r  b   swpd   free   buff  cache   si   so    bi    bo   in   cs us sy id wa st
 1  0      0 69363760   7488  72508    0    0  7568     0 29044 29679  1  0 97  2  0	
 1  0      0 69363760   7488  72508    0    0  7872     0 28465 29080  1  0 97  2  0	
 1  0      0 69363760   7488  72508    0    0  7392     0 29418 30030  1  0 97  2  0	
 0  1      0 69363760   7496  72500    0    0  7520    24 29458 30043  0  0 97  2  0	
 1  0      0 69363760   7496  72516    0    0  7920     0 28464 29084  1  0 97  2  0	
 1  0      0 69363760   7496  72516    0    0  7568     0 29398 29987  0  0 97  2  0	
 1  0      0 69363512   7496  72516    0    0  7840     0 28650 29251  0  0 97  2  0	
 1  0      0 69363512   7496  72516    0    0  7904     0 28657 29309  0  0 97  2  0	
 0  1      0 69363512   7504  72508    0    0  8320    20 28442 29098  0  0 97  2  0	
 1  0      0 69363512   7504  72508    0    0  7392     0 29655 30238  1  0 97  2  0	
 0  1      0 69363512   7504  72508    0    0  7824     0 29102 29707  1  0 97  2  0	
 1  0      0 69363512   7504  72508    0    0  7936     0 28583 29218  1  0 97  2  0	
 1  0      0 69363888   7504  72520    0    0  8128     0 28278 28879  1  0 97  2  0	
 2  0      0 69363888   7504  72520    0    0  7584    24 28035 28618  1  0 97  2  0	
 0  1      0 69363888   7512  72516    0    0  7696    12 27986 28606  1  0 97  2  0	
 0  1      0 69363888   7512  72516    0    0  8192     0 28565 29250  0  0 97  2  0	
 1  0      0 69363888   7512  72516    0    0  7520     0 28382 28993  0  0 97  2  0	
 0  1      0 69363888   7512  72516    0    0  8080     0 27982 28610  1  0 97  2  0	
 1  0      0 69363888   7512  72516    0    0  7744     0 29311 29978  1  0 97  2  0	
 1  0      0 69363888   7520  72508    0    0  7648    20 30011 30670  0  0 97  2  0	
 2  0      0 69363888   7520  72520    0    0  7968     0 28578 29209  1  0 97  2  0	
procs -----------memory---------- ---swap-- -----io---- --system-- -----cpu-----
 r  b   swpd   free   buff  cache   si   so    bi    bo   in   cs us sy id wa st
 2  0      0 69363888   7520  72520    0    0  7728     0 29762 30397  0  0 97  2  0	
 0  1      0 69363888   7520  72520    0    0  8224     0 28441 29102  0  0 97  2  0	
 1  0      0 69363888   7520  72520    0    0  7952     8 29616 30267  1  0 97  2  0	
 0  1      0 69363888   7520  72520    0    0  7680     0 29347 29966  1  0 97  2  0	
 0  1      0 69363888   7528  72512    0    0  7840    28 29980 30643  1  0 97  2  0	
 0  0      0 69363888   7528  72512    0    0  8080     0 28954 29646  0  0 97  2  0	
 1  0      0 69363888   7528  72512    0    0  7616     0 29960 30587  1  0 97  2  0	
 1  0      0 69363888   7528  72524    0    0  7952     8 29757 30381  1  0 97  2  0	
 0  0      0 69363888   7528  72524    0    0  7168     0 30868 31458  0  0 97  2  0	
 0  1      0 69363888   7536  72524    0    0  7968    24 29465 30118  1  0 97  2  0	
 1  1      0 69363888   7536  72524    0    0  7712     0 29031 29688  1  0 97  2  0	
 1  0      0 69363888   7536  72524    0    0  7568     0 30081 30707  1  0 97  2  0	
 1  0      0 69363888   7536  72524    0    0  7936     0 29109 29744  1  0 97  2  0	
 1  0      0 69363888   7536  72524    0    0  8112     0 29071 29757  1  0 97  2  0	
 1  0      0 69363888   7536  72524    0    0  8288     0 29142 29829  0  0 97  2  0	
 1  0      0 69363888   7544  72524    0    0  7952    12 29587 30224  1  0 97  2  0	
 1  0      0 69363888   7544  72524    0    0  8080     0 29129 29772  1  0 97  2  0	
 0  1      0 69363888   7544  72524    0    0  7504     8 28885 29513  0  0 97  2  0	
 1  0      0 69363888   7544  72524    0    0  7584     0 30309 30928  1  0 97  2  0	
 0  1      0 69363888   7544  72524    0    0  7360     0 31059 31645  1  0 97  2  0	
 2  0      0 69363888   7552  72516    0    0  8160    12 29018 29684  0  0 97  2  0	
procs -----------memory---------- ---swap-- -----io---- --system-- -----cpu-----
 r  b   swpd   free   buff  cache   si   so    bi    bo   in   cs us sy id wa st
 0  1      0 69363888   7552  72516    0    0  8288     0 29515 30175  1  0 97  2  0	
 2  0      0 69363888   7552  72516    0    0  7968     0 29979 30623  1  0 97  2  0	
 0  1      0 69363888   7552  72524    0    0  7856     0 29689 30323  1  0 97  2  0	
 1  0      0 69363888   7552  72524    0    0  8032     0 29809 30457  1  0 97  2  0	
 1  0      0 69363888   7552  72524    0    0  7552     0 29693 30322  1  0 97  2  0	
 1  0      0 69363888   7560  72516    0    0  7952    12 29623 30240  0  0 97  2  0	
 1  0      0 69363888   7560  72516    0    0  7936     0 29212 29845  1  0 97  2  0	
 1  0      0 69363888   7560  72516    0    0  7776    28 29220 29846  1  0 97  2  0	
 1  0      0 69363888   7560  72516    0    0  8368     0 29318 30004  1  0 97  2  0	
 0  1      0 69363888   7560  72516    0    0  7936     0 28889 29529  1  0 97  2  0	
 1  0      0 69363888   7568  72524    0    0  7888    12 30168 30827  1  0 97  2  0	
 1  0      0 69363888   7568  72528    0    0  7904     0 29025 29672  1  0 97  2  0	
 1  0      0 69363888   7568  72528    0    0  7424    12 27824 28403  0  0 97  2  0	
 2  0      0 69363888   7568  72528    0    0  7680     0 28649 29262  1  0 97  2  0	
 1  0      0 69363888   7568  72528    0    0  6848     0 28937 29510  1  0 97  2  0	
 2  0      0 69363888   7568  72528    0    0  7712     0 28921 29551  1  0 97  2  0	
 0  1      0 69363888   7576  72524    0    0  7280    24 30229 30863  1  0 97  2  0	
 2  0      0 69363888   7576  72528    0    0  7856     8 30206 30849  1  0 97  2  0	
 2  0      0 69363888   7576  72528    0    0  7760     0 29314 29955  1  0 97  2  0	
 1  0      0 69363888   7576  72528    0    0  7632     0 30327 30931  1  0 97  2  0	
 1  0      0 69363888   7576  72528    0    0  7712     0 29820 30464  1  0 97  2  0	
procs -----------memory---------- ---swap-- -----io---- --system-- -----cpu-----
 r  b   swpd   free   buff  cache   si   so    bi    bo   in   cs us sy id wa st
 1  0      0 69363888   7584  72520    0    0  8448    24 29266 29938  0  0 97  2  0	
 1  0      0 69363888   7584  72532    0    0  8080     0 29520 30181  1  0 97  2  0	
 2  0      0 69363888   7584  72532    0    0  8096     0 28898 29556  1  0 97  2  0	
 1  0      0 69363888   7584  72532    0    0  7856     0 29302 29986  1  0 97  2  0	
 1  0      0 69363888   7584  72532    0    0  7792     0 30221 30869  0  0 98  2  0	
 0  1      0 69363888   7584  72532    0    0  8064     0 29507 30146  1  0 97  2  0	
 1  0      0 69363888   7592  72532    0    0  7712    12 29929 30548  1  0 97  2  0	
 2  0      0 69363888   7592  72532    0    0  7792     0 29277 29876  1  0 97  2  0	
 1  0      0 69363888   7592  72532    0    0  8304     0 29099 29789  1  0 97  2  0	
 0  1      0 69363888   7592  72532    0    0  8128     0 29467 30104  1  0 97  2  0	
 2  0      0 69363888   7592  72532    0    0  7776     0 29414 30037  1  0 97  2  0	
 0  1      0 69363888   7600  72532    0    0  8080    12 29345 30038  1  0 97  2  0	
 1  0      0 69363888   7600  72532    0    0  7904     0 29484 30138  1  0 97  2  0	
 0  1      0 69363888   7600  72532    0    0  7600     0 28430 29021  0  0 97  2  0	
 1  0      0 69363888   7600  72532    0    0  7952     0 29590 30250  1  0 97  2  0	
 1  0      0 69363888   7600  72532    0    0  7584     0 30081 30708  1  0 97  2  0	
 1  0      0 69363888   7600  72532    0    0  8400     0 28842 29500  1  0 97  2  0	
 1  0      0 69363888   7608  72524    0    0  7888    12 29672 30326  0  0 97  2  0	
 1  0      0 69363888   7608  72524    0    0  8064     0 29337 29970  1  0 97  2  0	
 1  0      0 69363888   7608  72524    0    0  7840     0 29721 30374  1  0 97  2  0	
 1  0      0 69363888   7608  72524    0    0  7936     0 29090 29760  0  0 97  2  0	
procs -----------memory---------- ---swap-- -----io---- --system-- -----cpu-----
 r  b   swpd   free   buff  cache   si   so    bi    bo   in   cs us sy id wa st
 2  0      0 69363888   7608  72532    0    0  7984    24 28956 29582  1  0 97  2  0	
 1  0      0 69363888   7616  72528    0    0  8096    24 29081 29752  1  0 97  2  0	
 1  0      0 69363888   7616  72528    0    0  7520     0 29695 30326  0  0 97  2  0	
 1  0      0 69363888   7616  72528    0    0  8352     0 28599 29252  0  0 97  2  0	
 0  1      0 69363888   7616  72528    0    0  8304     0 28226 28861  1  0 97  2  0	
 1  0      0 69363888   7616  72532    0    0  7312     0 30098 30665  1  0 97  2  0	
 0  1      0 69363888   7616  72532    0    0  7712     0 28410 29073  0  0 97  2  0	
 0  1      0 69363888   7624  72528    0    0  8208    12 28635 29276  1  0 97  2  0	
 1  0      0 69363888   7624  72532    0    0  7712     0 29923 30560  1  0 97  2  0	
 1  0      0 69363888   7624  72532    0    0  8400     0 28540 29198  1  0 97  2  0	
 1  0      0 69363888   7624  72532    0    0  8128     0 28693 29353  1  0 97  2  0	
 1  0      0 69363888   7624  72532    0    0  8096     4 28836 29475  1  0 97  2  0	
 0  1      0 69363888   7632  72524    0    0  7792    12 28850 29501  1  0 97  2  0	
 1  0      0 69363888   7632  72524    0    0  8368     0 29105 29773  1  0 97  2  0	
 1  0      0 69363888   7632  72524    0    0  7824     0 29336 29991  1  0 97  2  0	
 1  0      0 69363888   7632  72524    0    0  7552     0 29793 30430  0  0 97  2  0	
 2  0      0 69363888   7632  72540    0    0  7600     0 29555 30166  1  0 97  2  0	
 2  0      0 69363888   7632  72540    0    0  7440     0 29723 30334  1  0 97  2  0	
 0  1      0 69363888   7640  72536    0    0  7600    12 29948 30549  1  0 97  2  0	
 1  0      0 69363888   7640  72536    0    0  8064     0 30125 30753  0  0 97  2  0	
 1  0      0 69363888   7640  72536    0    0  7552     0 29712 30343  1  0 97  2  0	
procs -----------memory---------- ---swap-- -----io---- --system-- -----cpu-----
 r  b   swpd   free   buff  cache   si   so    bi    bo   in   cs us sy id wa st
 1  0      0 69363888   7640  72536    0    0  8000     0 28750 29416  1  0 97  2  0	
 0  1      0 69363888   7640  72536    0    0  8112     0 29351 30029  0  0 97  2  0	
 1  0      0 69363888   7648  72528    0    0  8240    12 29684 30346  1  0 97  2  0	
 1  0      0 69363888   7648  72540    0    0  8112     0 29341 30000  0  0 97  2  0	
 2  0      0 69363888   7648  72540    0    0  7680     0 30035 30632  1  0 97  2  0	
 1  0      0 69363888   7648  72540    0    0  8320     0 29445 30123  1  0 97  2  0	
 1  0      0 69363888   7648  72540    0    0  7728     0 29776 30386  1  0 97  2  0	
 1  0      0 69363888   7648  72540    0    0  8272     0 28732 29376  1  0 97  2  0	
 1  0      0 69363888   7656  72532    0    0  8224    12 29473 30148  1  0 97  2  0	
 0  1      0 69363888   7656  72532    0    0  7744     0 29605 30279  1  0 97  2  0	
 1  0      0 69363888   7656  72532    0    0  8048     8 28865 29537  0  0 97  2  0	
 1  0      0 69363888   7656  72540    0    0  8336     0 27862 28556  0  0 97  2  0	
 0  1      0 69363888   7656  72540    0    0  7248     0 28700 29282  1  0 97  2  0	
 0  1      0 69363888   7664  72532    0    0  7888    24 28382 29004  1  0 97  2  0	
 2  0      0 69363888   7664  72532    0    0  7712     0 29611 30250  1  0 97  2  0	
 0  1      0 69363888   7664  72532    0    0  8096     0 29498 30131  1  0 97  2  0	
 1  0      0 69363888   7664  72532    0    0  7808     0 29754 30413  1  0 97  2  0	
 0  1      0 69363888   7664  72532    0    0  8528     0 28219 28937  1  0 97  2  0	
