procs -----------memory---------- ---swap-- -----io---- --system-- -----cpu-----
 r  b   swpd   free   buff  cache   si   so    bi    bo   in   cs us sy id wa st
 1  0      0 97512776   7872  69448    0    0  2025  1875  103    9 26  6 61  7  0	
 1  1      0 97508312   7872  69480    0    0 27424     0 36912 36166  1  0 92  7  0	
 0  2      0 97507696   7872  69480    0    0 28288     0 36863 37408  1  0 92  7  0	
 1  1      0 97507696   7872  69480    0    0 28240     0 35642 36129  1  0 92  7  0	
 0  2      0 97507696   7872  69480    0    0 28400     0 36357 36792  1  0 92  7  0	
 1  1      0 97507696   7872  69480    0    0 28096     0 35841 36255  1  0 92  7  0	
 1  1      0 97507696   7880  69472    0    0 28768    36 37147 37514  1  0 92  7  0	
 1  1      0 97507696   7880  69472    0    0 27488     0 37559 37972  1  0 92  7  0	
 1  1      0 97507696   7880  69472    0    0 27168     0 35856 36258  1  0 92  7  0	
 3  0      0 97507696   7880  69480    0    0 28480     0 37717 37997  1  0 92  7  0	
 4  0      0 97507696   7880  69480    0    0 28768     0 38540 38930  1  0 92  7  0	
 1  1      0 97507696   7888  69476    0    0 28960    12 37565 37969  1  0 92  7  0	
 2  0      0 97507696   7888  69476    0    0 28400     0 37267 37721  0  0 92  7  0	
 1  1      0 97507696   7888  69476    0    0 28928     0 36396 36760  1  0 92  7  0	
 1  1      0 97507696   7888  69480    0    0 28432    48 36282 36661  1  0 92  7  0	
 0  2      0 97507696   7888  69480    0    0 29568     0 37389 37948  1  0 92  7  0	
 1  1      0 97507696   7888  69480    0    0 28288     0 36653 37049  1  0 92  7  0	
 1  1      0 97507696   7896  69480    0    0 28784    12 36107 36500  1  0 92  7  0	
 2  0      0 97507696   7896  69480    0    0 27776     0 37405 37749  1  0 92  7  0	
 1  1      0 97507696   7896  69480    0    0 27616     0 34115 34419  1  0 92  7  0	
 1  1      0 97507696   7896  69480    0    0 28784     0 36644 37108  0  0 92  7  0	
procs -----------memory---------- ---swap-- -----io---- --system-- -----cpu-----
 r  b   swpd   free   buff  cache   si   so    bi    bo   in   cs us sy id wa st
 0  2      0 97507696   7896  69480    0    0 27600     0 35854 36181  1  0 92  7  0	
 1  1      0 97507696   7904  69480    0    0 28672    12 36607 36902  1  0 92  7  0	
 1  1      0 97507696   7904  69480    0    0 28448     0 36486 36886  1  0 92  7  0	
 1  1      0 97507696   7904  69480    0    0 29008     8 34882 35204  1  0 92  7  0	
 3  0      0 97507696   7904  69480    0    0 28560     0 36263 36683  1  0 92  7  0	
 4  0      0 97507696   7904  69480    0    0 27168     0 34037 34388  1  0 91  8  0	
 2  1      0 97507696   7904  69480    0    0 27792     0 35529 35909  0  0 92  7  0	
 2  1      0 97507696   7912  69480    0    0 27200    12 34569 34948  1  0 92  7  0	
 2  0      0 97507696   7912  69480    0    0 27808     0 34978 35359  0  0 92  7  0	
 1  1      0 97507696   7912  69480    0    0 26640     0 35413 35795  1  0 92  7  0	
 0  2      0 97507696   7912  69480    0    0 28512     0 36890 37223  1  0 92  7  0	
 2  1      0 97507696   7912  69480    0    0 28880     0 37206 37568  0  0 92  7  0	
 1  1      0 97507696   7920  69480    0    0 29008    12 36623 37021  1  0 92  7  0	
 1  1      0 97507696   7920  69484    0    0 28944    20 35981 36311  1  0 92  7  0	
 2  0      0 97507696   7920  69484    0    0 29488     0 36956 37431  1  0 92  7  0	
 0  2      0 97507696   7920  69484    0    0 28736     0 37231 37526  1  0 92  7  0	
 2  1      0 97507696   7920  69484    0    0 27664     0 36365 36682  1  0 92  7  0	
 0  2      0 97507696   7920  69484    0    0 27408     0 36533 36858  1  0 92  7  0	
 2  0      0 97507696   7928  69484    0    0 28576    24 36963 37372  1  0 92  7  0	
 0  2      0 97507696   7928  69484    0    0 27728     0 34932 35452  1  0 92  7  0	
 0  2      0 97507696   7928  69484    0    0 28384     0 35709 36088  1  0 92  7  0	
procs -----------memory---------- ---swap-- -----io---- --system-- -----cpu-----
 r  b   swpd   free   buff  cache   si   so    bi    bo   in   cs us sy id wa st
 0  2      0 97507696   7928  69484    0    0 28528     0 35490 35833  1  0 92  7  0	
 2  0      0 97507696   7928  69484    0    0 28224     0 36358 36850  1  0 92  7  0	
 2  0      0 97507696   7936  69488    0    0 29104    12 37602 37936  1  0 92  7  0	
 1  1      0 97507696   7936  69488    0    0 28752     0 36649 37046  1  0 92  7  0	
 0  2      0 97507696   7936  69488    0    0 28432     0 36533 36899  1  0 92  7  0	
 1  1      0 97507696   7936  69488    0    0 28480     0 37776 38227  1  0 92  7  0	
 1  1      0 97507696   7936  69488    0    0 27968     0 35950 36307  1  0 92  7  0	
 2  1      0 97507696   7936  69488    0    0 28752     0 36061 36572  1  0 92  7  0	
 1  2      0 97507696   7944  69480    0    0 28448    24 34983 35513  1  0 92  7  0	
 1  2      0 97507696   7944  69480    0    0 28688     0 36287 36704  0  0 92  7  0	
 1  2      0 97507696   7944  69480    0    0 28032     0 36376 36839  1  0 92  7  0	
 2  2      0 97507696   7944  69480    0    0 27824     0 36501 36893  1  0 92  7  0	
 0  3      0 97507200   7948  69476    0    0 28768     8 37821 38292  1  0 92  7  0	
 3  0      0 97506704   7952  69472    0    0 28688     4 37646 38079  1  0 92  7  0	
 1  2      0 97506328   7952  69488    0    0 27808     0 35646 35989  1  0 92  7  0	
 2  1      0 97506328   7952  69488    0    0 24672     0 33258 33653  0  0 92  7  0	
 1  1      0 97506328   7952  69488    0    0 25504     0 34278 34761  1  0 92  7  0	
 0  2      0 97506768   7964  69480    0    0 26668    44 34070 34354  1  0 91  8  0	
 0  2      0 97506768   7964  69480    0    0 27200     0 35821 36137  1  0 92  7  0	
 2  0      0 97506768   7964  69480    0    0 27424     0 35706 36083  1  0 92  7  0	
 1  1      0 97506768   7964  69480    0    0 26896     0 35549 35836  1  0 92  7  0	
procs -----------memory---------- ---swap-- -----io---- --system-- -----cpu-----
 r  b   swpd   free   buff  cache   si   so    bi    bo   in   cs us sy id wa st
 2  0      0 97506768   7964  69480    0    0 27632     0 34806 35053  1  0 91  7  0	
 1  1      0 97506768   7972  69472    0    0 27648    12 34615 34893  1  0 92  7  0	
 2  0      0 97506944   7972  69532    0    0 27184    12 34235 34576  0  0 92  7  0	
 1  1      0 97506944   7972  69532    0    0 29520     0 37437 37770  1  0 92  7  0	
 0  2      0 97506944   7972  69532    0    0 27728     0 36565 36932  1  0 92  7  0	
 0  2      0 97506944   7972  69532    0    0 29072     0 37851 38226  1  0 92  7  0	
 0  2      0 97506944   7972  69536    0    0 29072     0 37295 37558  1  0 92  7  0	
 1  1      0 97506944   7980  69528    0    0 28544    20 36382 36771  1  0 92  7  0	
 2  1      0 97506944   7980  69528    0    0 29712     0 38537 39126  1  0 92  7  0	
 1  1      0 97506944   7980  69528    0    0 27584     0 35249 35878  1  0 92  7  0	
 0  2      0 97506944   7980  69536    0    0 27824     0 35281 35666  1  0 92  7  0	
 1  1      0 97506944   7980  69536    0    0 27200     0 35473 35949  1  0 92  7  0	
 0  2      0 97506944   7988  69536    0    0 28304    16 35910 36384  1  0 92  7  0	
 1  1      0 97506944   7988  69536    0    0 28704     0 37164 37805  1  0 92  7  0	
 2  1      0 97506944   7988  69536    0    0 27120     0 34313 34845  1  0 92  7  0	
 0  2      0 97506944   7988  69536    0    0 27056     0 34304 34826  1  0 92  7  0	
 2  1      0 97506944   7988  69536    0    0 27552     0 34871 35529  1  0 92  7  0	
 0  2      0 97506944   7988  69536    0    0 27488     0 35213 35949  1  0 92  7  0	
 0  2      0 97506944   7996  69528    0    0 28176    12 35987 36875  1  0 92  6  0	
 2  1      0 97506944   7996  69528    0    0 27680     0 34036 34771  1  0 92  7  0	
 0  2      0 97506944   7996  69536    0    0 26848     0 35351 35797  1  0 92  7  0	
procs -----------memory---------- ---swap-- -----io---- --system-- -----cpu-----
 r  b   swpd   free   buff  cache   si   so    bi    bo   in   cs us sy id wa st
 0  2      0 97506944   7996  69536    0    0 27008     0 34227 34861  1  0 92  7  0	
 0  2      0 97506944   7996  69536    0    0 27024     0 35114 35500  1  0 92  7  0	
 2  1      0 97506944   8004  69540    0    0 27904    12 36482 36331  1  0 92  7  0	
 1  2      0 97506944   8004  69540    0    0 26896     0 34550 35099  1  0 92  7  0	
 3  0      0 97506944   8004  69540    0    0 27408     0 35720 36285  1  0 92  7  0	
 2  2      0 97506944   8004  69540    0    0 28624     0 36130 36652  1  0 92  7  0	
 1  1      0 97506944   8004  69540    0    0 27616    36 34952 35522  1  0 92  7  0	
 1  1      0 97506944   8004  69540    0    0 28432     0 35857 36464  0  0 93  7  0	
 1  1      0 97506944   8012  69532    0    0 27584    12 34798 35330  1  0 92  7  0	
 1  1      0 97506944   8012  69532    0    0 26624     0 34232 34708  1  0 92  7  0	
 0  2      0 97506944   8012  69532    0    0 26448     0 35891 36416  1  0 92  7  0	
 0  2      0 97506944   8012  69532    0    0 26688     0 35056 35674  1  0 92  7  0	
 0  2      0 97506944   8012  69540    0    0 27632    16 35665 36178  0  0 92  7  0	
 2  1      0 97506944   8020  69540    0    0 26496    20 34251 34885  1  0 92  7  0	
 1  1      0 97506944   8020  69540    0    0 27616     0 34224 34665  1  0 92  7  0	
 2  1      0 97506944   8020  69540    0    0 25936     0 33888 34273  1  0 92  7  0	
 0  2      0 97506944   8020  69540    0    0 27936     0 35038 35749  1  0 92  7  0	
 1  1      0 97506944   8020  69540    0    0 28336     0 36165 36817  1  0 92  7  0	
 2  1      0 97506944   8020  69540    0    0 28688     0 36385 36939  1  0 92  7  0	
 2  1      0 97506944   8028  69532    0    0 26480    12 35136 35943  1  0 92  7  0	
 1  1      0 97506944   8028  69544    0    0 27376     0 35712 36241  1  0 92  7  0	
procs -----------memory---------- ---swap-- -----io---- --system-- -----cpu-----
 r  b   swpd   free   buff  cache   si   so    bi    bo   in   cs us sy id wa st
 2  0      0 97506944   8028  69544    0    0 27632     0 35140 35922  1  0 92  7  0	
 2  0      0 97506944   8028  69544    0    0 27008     4 34501 35073  1  0 92  7  0	
 0  2      0 97506944   8028  69544    0    0 28704     0 37695 38055  1  0 92  7  0	
 0  2      0 97506944   8036  69540    0    0 27568    12 37074 37464  0  0 92  7  0	
 0  2      0 97506944   8036  69540    0    0 27200     0 36797 37171  1  0 92  7  0	
 1  1      0 97506944   8036  69540    0    0 29040     0 36013 36597  1  0 92  7  0	
 0  2      0 97506944   8036  69544    0    0 27776     0 35925 36382  1  0 92  7  0	
 0  2      0 97506944   8036  69544    0    0 29040     0 37003 37468  1  0 92  7  0	
 1  1      0 97506944   8036  69544    0    0 29328     0 35750 36080  1  0 92  7  0	
 0  2      0 97506944   8044  69544    0    0 28160    12 36250 36573  1  0 92  7  0	
 1  1      0 97506944   8044  69544    0    0 27904     0 36259 35325  1  0 91  7  0	
 1  1      0 97506944   8044  69544    0    0 27296     0 36481 36866  1  0 92  7  0	
 0  2      0 97506944   8044  69544    0    0 28000     0 36034 36346  1  0 92  7  0	
 0  2      0 97506944   8044  69544    0    0 29008     0 36068 36402  1  0 92  7  0	
 0  2      0 97506944   8052  69536    0    0 28944    12 36277 36732  0  0 92  7  0	
 1  1      0 97506944   8052  69544    0    0 27520     0 35538 35928  1  0 92  7  0	
 2  1      0 97506944   8052  69544    0    0 28096     0 34899 35307  0  0 92  7  0	
 2  0      0 97506944   8052  69544    0    0 27968     0 37070 37421  1  0 92  7  0	
 2  1      0 97506944   8052  69544    0    0 27616     0 36549 36927  1  0 92  7  0	
 0  2      0 97506944   8052  69544    0    0 28720     0 35611 36011  1  0 92  7  0	
 2  1      0 97506944   8060  69536    0    0 28416    12 35886 36293  1  0 92  7  0	
procs -----------memory---------- ---swap-- -----io---- --system-- -----cpu-----
 r  b   swpd   free   buff  cache   si   so    bi    bo   in   cs us sy id wa st
 0  2      0 97506944   8060  69536    0    0 29040     8 36587 36933  1  0 92  7  0	
 3  0      0 97506944   8060  69536    0    0 28864     0 36427 36813  1  0 92  7  0	
 1  1      0 97506944   8060  69544    0    0 27920     0 36540 37010  1  0 92  7  0	
 2  0      0 97506944   8060  69544    0    0 28352     0 35948 36377  1  0 92  7  0	
 1  1      0 97506944   8068  69544    0    0 27120    12 36644 36977  1  0 91  7  0	
 1  1      0 97506944   8068  69544    0    0 27936    16 35836 36198  1  0 92  7  0	
 1  1      0 97506944   8068  69544    0    0 29360     0 36402 36760  1  0 92  7  0	
 2  0      0 97506944   8068  69548    0    0 27792     0 36096 36479  0  0 92  7  0	
 1  1      0 97506944   8068  69548    0    0 27888     0 35772 36101  1  0 92  7  0	
 0  2      0 97506944   8068  69548    0    0 28592     0 35613 35997  1  0 92  7  0	
 0  2      0 97506944   8076  69548    0    0 28448    20 37014 37406  1  0 92  7  0	
 1  1      0 97506944   8076  69548    0    0 28592     0 37453 37778  1  0 92  7  0	
 1  1      0 97506944   8076  69548    0    0 28912     0 38678 39043  1  0 92  7  0	
 1  1      0 97506944   8076  69548    0    0 28640     0 37825 38192  1  0 92  7  0	
 0  2      0 97506944   8076  69548    0    0 28800     0 37374 37828  1  0 92  7  0	
 1  1      0 97506944   8084  69544    0    0 28736    12 37910 38275  1  0 92  7  0	
 0  2      0 97506944   8084  69544    0    0 29344     0 38450 38782  1  0 92  7  0	
 2  0      0 97506944   8084  69544    0    0 28768     0 37894 38331  1  0 92  7  0	
 2  1      0 97506944   8084  69552    0    0 29184     0 37139 37472  1  0 92  7  0	
 1  1      0 97506944   8084  69552    0    0 29552     0 37269 37644  1  0 92  7  0	
 3  0      0 97506944   8084  69552    0    0 28576     0 37430 37727  0  0 92  7  0	
procs -----------memory---------- ---swap-- -----io---- --system-- -----cpu-----
 r  b   swpd   free   buff  cache   si   so    bi    bo   in   cs us sy id wa st
 1  1      0 97506944   8092  69544    0    0 29872    12 37626 37919  1  0 92  7  0	
 1  1      0 97506944   8092  69544    0    0 29344     0 38683 38994  1  0 92  7  0	
 1  1      0 97506944   8092  69544    0    0 27888     0 37946 38288  1  0 92  7  0	
 0  2      0 97506944   8092  69544    0    0 27648     0 36725 37147  0  0 92  7  0	
 2  0      0 97506944   8092  69544    0    0 29632     0 37346 37772  1  0 92  7  0	
 2  0      0 97506944   8100  69552    0    0 29584    12 36741 37146  1  0 92  7  0	
 0  2      0 97506944   8100  69552    0    0 28432     0 36176 36574  1  0 92  7  0	
 2  0      0 97506944   8100  69552    0    0 28176     0 36569 36949  1  0 92  7  0	
 1  1      0 97506944   8100  69552    0    0 28464     0 35756 36081  1  0 92  7  0	
 1  1      0 97506944   8100  69552    0    0 29184     0 36820 37338  1  0 92  7  0	
 1  1      0 97506944   8100  69552    0    0 27888     0 36537 36890  0  0 92  7  0	
 1  1      0 97506944   8108  69544    0    0 28304    12 35175 35502  1  0 92  7  0	
 2  0      0 97506944   8108  69544    0    0 29024     0 36871 37225  0  0 92  7  0	
 1  1      0 97506944   8108  69552    0    0 28304     0 35128 35637  1  0 92  7  0	
 2  0      0 97506944   8108  69552    0    0 28256     0 36546 36925  1  0 92  7  0	
 3  0      0 97506944   8108  69552    0    0 29312    20 36186 36600  0  0 92  7  0	
 0  2      0 97506944   8116  69544    0    0 28944    20 37902 38288  1  0 92  7  0	
 2  1      0 97506944   8116  69544    0    0 27568     0 35513 35857  1  0 92  7  0	
 0  2      0 97506944   8116  69544    0    0 28256     0 35198 35652  1  0 92  7  0	
 1  1      0 97506944   8116  69544    0    0 28688     0 36659 37009  1  0 92  7  0	
 2  1      0 97506944   8116  69544    0    0 27232     0 36349 36703  1  0 92  7  0	
procs -----------memory---------- ---swap-- -----io---- --system-- -----cpu-----
 r  b   swpd   free   buff  cache   si   so    bi    bo   in   cs us sy id wa st
 0  3      0 97506944   8116  69552    0    0 27920     8 35154 35579  1  0 92  7  0	
 2  0      0 97506944   8124  69552    0    0 28304     4 35689 36080  0  0 92  7  0	
 0  2      0 97506944   8124  69552    0    0 28432     0 36379 36792  1  0 92  7  0	
 0  2      0 97506944   8124  69552    0    0 27808     0 35469 35913  1  0 92  7  0	
 2  0      0 97506944   8124  69552    0    0 28192     0 36531 36970  0  0 92  7  0	
 0  2      0 97506944   8124  69552    0    0 27136     0 36211 36529  1  0 92  7  0	
 2  1      0 97506944   8132  69544    0    0 28560    12 36487 36856  1  0 92  7  0	
 3  0      0 97506944   8132  69544    0    0 28816     0 35607 36047  1  0 92  7  0	
 1  1      0 97506944   8132  69560    0    0 27808     0 36576 37102  1  0 92  7  0	
 3  0      0 97506944   8132  69560    0    0 28144     0 36253 36587  1  0 92  7  0	
 1  1      0 97506944   8132  69560    0    0 28128     0 36882 37241  1  0 92  7  0	
 1  1      0 97506944   8140  69560    0    0 28016    12 36555 36862  1  0 92  7  0	
 2  1      0 97506944   8140  69560    0    0 28144     0 36719 37310  0  0 92  7  0	
 1  1      0 97506944   8140  69560    0    0 28864     0 37102 37521  1  0 92  7  0	
 1  1      0 97506944   8140  69560    0    0 29328     0 37261 37584  1  0 92  7  0	
 1  1      0 97506944   8140  69560    0    0 28496     0 35440 35788  1  0 92  7  0	
 1  1      0 97506944   8140  69560    0    0 28352     0 36708 37055  1  0 92  7  0	
 1  1      0 97506944   8148  69552    0    0 28080    12 36095 36566  1  0 92  7  0	
 2  0      0 97506944   8148  69560    0    0 28400     0 36589 36999  1  0 92  7  0	
 0  2      0 97506944   8148  69560    0    0 28368     0 35217 35581  1  0 92  7  0	
 0  2      0 97506944   8148  69560    0    0 28864     0 36977 37312  1  0 92  7  0	
procs -----------memory---------- ---swap-- -----io---- --system-- -----cpu-----
 r  b   swpd   free   buff  cache   si   so    bi    bo   in   cs us sy id wa st
 2  1      0 97506944   8148  69560    0    0 28432     0 36977 37299  1  0 92  7  0	
 1  1      0 97506944   8156  69552    0    0 28896    12 35980 36466  1  0 92  7  0	
 0  2      0 97506944   8156  69552    0    0 28208     0 36464 36907  1  0 92  7  0	
 1  1      0 97506944   8156  69560    0    0 28064     0 36213 36639  1  0 92  7  0	
 1  1      0 97506944   8164  69552    0    0 27984    16 36642 37014  1  0 91  7  0	
 2  0      0 97506944   8164  69552    0    0 28320     0 38014 38405  1  0 92  7  0	
 1  2      0 97506944   8164  69552    0    0 27056     0 36541 36884  1  0 92  7  0	
 0  2      0 97506944   8172  69544    0    0 28080    32 37098 37512  1  0 92  7  0	
 0  2      0 97506944   8172  69544    0    0 27696     0 36034 36332  1  0 92  7  0	
 2  0      0 97506944   8172  69560    0    0 27712    24 36010 36390  1  0 92  7  0	
 1  1      0 97506944   8172  69560    0    0 28608     0 37106 37467  0  0 92  7  0	
 1  2      0 97506944   8172  69560    0    0 29008     0 36099 36587  1  0 92  7  0	
 2  0      0 97506944   8180  69560    0    0 27776    16 37413 37791  1  0 92  7  0	
 2  1      0 97506944   8180  69560    0    0 29328     0 37053 37342  1  0 92  7  0	
 1  1      0 97506944   8180  69560    0    0 28160     0 37943 38270  1  0 92  7  0	
 1  1      0 97506944   8180  69560    0    0 27728     0 36133 36426  1  0 92  7  0	
 1  1      0 97506944   8180  69560    0    0 28960     0 36303 36627  0  0 92  7  0	
 2  0      0 97506944   8180  69560    0    0 27968     0 36872 37172  1  0 92  7  0	
 0  2      0 97506944   8188  69552    0    0 27344    12 36744 37040  1  0 92  7  0	
 1  1      0 97506944   8188  69564    0    0 28368     0 35735 36060  1  0 92  7  0	
 0  2      0 97506944   8188  69564    0    0 28464     0 36530 36862  1  0 92  7  0	
procs -----------memory---------- ---swap-- -----io---- --system-- -----cpu-----
 r  b   swpd   free   buff  cache   si   so    bi    bo   in   cs us sy id wa st
 1  0      0 97506944   8188  69564    0    0 28464     0 36691 37001  1  0 92  7  0	
 0  2      0 97506944   8188  69564    0    0 28368     0 36016 36295  1  0 92  7  0	
 1  1      0 97506944   8196  69556    0    0 27984    12 37885 38177  0  0 92  7  0	
 2  0      0 97506944   8196  69556    0    0 28288     0 37747 38065  1  0 92  7  0	
 1  1      0 97506944   8196  69556    0    0 29040     0 37114 37413  1  0 92  7  0	
 1  1      0 97506944   8196  69556    0    0 28304     0 39012 39314  1  0 92  7  0	
 0  2      0 97506944   8196  69564    0    0 28912     0 37427 37720  1  0 92  7  0	
 2  1      0 97506944   8196  69564    0    0 28800     0 36657 36977  1  0 92  7  0	
 0  2      0 97506944   8204  69556    0    0 28608    12 37077 37462  1  0 92  7  0	
 1  1      0 97506944   8204  69556    0    0 29088     0 37439 37731  1  0 92  7  0	
 2  0      0 97506944   8204  69556    0    0 28608     0 36699 37003  1  0 92  7  0	
 1  1      0 97506944   8204  69556    0    0 28560     0 37877 38237  1  0 92  7  0	
 1  1      0 97506944   8204  69556    0    0 28816     0 37346 37617  1  0 92  7  0	
 2  1      0 97506944   8212  69548    0    0 29056    12 37052 37350  1  0 92  7  0	
 0  2      0 97506944   8212  69568    0    0 28816    16 38917 39253  1  0 92  7  0	
 1  1      0 97506944   8212  69568    0    0 27968     0 37426 37741  1  0 92  7  0	
 0  2      0 97506944   8212  69568    0    0 29616     0 38843 39159  1  0 92  7  0	
 0  2      0 97506944   8212  69568    0    0 28976     0 37005 37330  0  0 92  7  0	
 1  1      0 97506944   8212  69568    0    0 27984     0 36685 36960  1  0 92  7  0	
 1  1      0 97506944   8220  69560    0    0 27680    28 36618 36940  1  0 92  7  0	
 2  0      0 97506944   8220  69560    0    0 28368     0 36860 37173  1  0 92  7  0	
procs -----------memory---------- ---swap-- -----io---- --system-- -----cpu-----
 r  b   swpd   free   buff  cache   si   so    bi    bo   in   cs us sy id wa st
 0  2      0 97506944   8220  69560    0    0 28320     0 37485 37796  1  0 92  7  0	
 1  1      0 97506944   8220  69568    0    0 27760     0 36487 36857  1  0 92  7  0	
 2  1      0 97506944   8220  69568    0    0 28048     0 37316 37669  1  0 92  7  0	
 3  0      0 97506944   8228  69568    0    0 28032    36 37725 38046  1  0 92  7  0	
 2  1      0 97506944   8228  69568    0    0 28896     0 37492 37821  1  0 92  7  0	
 2  0      0 97506944   8228  69568    0    0 28416     0 37203 37523  1  0 92  7  0	
 0  2      0 97506944   8228  69568    0    0 28432     0 37604 37867  1  0 92  7  0	
 2  0      0 97506944   8228  69568    0    0 28592     0 36639 36981  1  0 92  7  0	
 0  2      0 97506944   8228  69568    0    0 28208     0 36853 37233  1  0 92  7  0	
 0  2      0 97506944   8236  69568    0    0 27888    16 37226 37552  1  0 92  7  0	
 0  2      0 97506944   8236  69568    0    0 28368     0 36789 37234  0  0 92  7  0	
 1  1      0 97506944   8236  69568    0    0 27872     0 35714 36302  1  0 92  7  0	
 1  1      0 97506944   8236  69568    0    0 27360     0 36075 36398  1  0 92  7  0	
 0  2      0 97506944   8236  69568    0    0 27456     0 35718 36021  1  0 92  7  0	
 1  1      0 97506944   8244  69560    0    0 27472    12 37653 38015  1  0 92  7  0	
 0  2      0 97506944   8244  69560    0    0 27520     0 37113 37533  1  0 92  7  0	
 1  1      0 97506944   8244  69560    0    0 28368     0 37187 37658  1  0 92  7  0	
 1  1      0 97506944   8244  69572    0    0 29136     0 37145 37598  0  0 92  7  0	
 1  1      0 97506944   8244  69572    0    0 28992     0 36981 37386  1  0 92  7  0	
 2  0      0 97506944   8244  69572    0    0 29696     0 36945 37501  1  0 92  7  0	
 1  1      0 97506944   8252  69568    0    0 28656    12 36422 36835  1  0 92  7  0	
procs -----------memory---------- ---swap-- -----io---- --system-- -----cpu-----
 r  b   swpd   free   buff  cache   si   so    bi    bo   in   cs us sy id wa st
 1  1      0 97506944   8252  69568    0    0 29104     0 37068 37406  1  0 92  7  0	
 2  1      0 97506944   8252  69568    0    0 28224     0 36825 37261  1  0 92  7  0	
 1  1      0 97506944   8252  69568    0    0 28224     8 36901 37304  1  0 92  7  0	
 0  2      0 97506944   8252  69568    0    0 27936     0 38094 38382  1  0 92  7  0	
 1  1      0 97506704   8260  69576    0    0 29392    32 37726 38102  1  0 92  7  0	
 0  2      0 97506704   8260  69576    0    0 28032     0 38311 38581  1  0 91  7  0	
 0  2      0 97506704   8260  69576    0    0 28240     0 37415 37751  1  0 92  7  0	
 1  1      0 97506704   8260  69576    0    0 29504     0 36873 37211  1  0 92  7  0	
 1  1      0 97506704   8260  69576    0    0 28576     4 36162 36526  1  0 92  7  0	
 1  1      0 97506704   8260  69576    0    0 28096     0 37445 37796  1  0 92  7  0	
 1  1      0 97506704   8268  69568    0    0 28144    12 37512 37879  1  0 92  7  0	
 2  0      0 97506704   8268  69568    0    0 28880     0 35853 36168  1  0 92  7  0	
 0  2      0 97506704   8268  69580    0    0 28912     0 37258 37557  1  0 92  7  0	
 0  2      0 97506704   8268  69580    0    0 28016    20 37039 37480  1  0 92  7  0	
 0  2      0 97506704   8268  69580    0    0 27920     0 37905 38308  1  0 92  7  0	
 0  2      0 97506704   8276  69580    0    0 28496    12 37095 37456  1  0 92  7  0	
 1  1      0 97506704   8276  69580    0    0 28144     0 36762 37133  1  0 92  7  0	
 0  2      0 97506704   8276  69580    0    0 28432     0 36756 36989  1  0 91  7  0	
 1  1      0 97506704   8276  69580    0    0 27312     4 36772 37087  1  0 92  7  0	
 1  1      0 97506704   8276  69580    0    0 28112     0 36154 36470  1  0 91  7  0	
 0  2      0 97506704   8276  69580    0    0 26704     0 36590 36942  0  0 92  7  0	
procs -----------memory---------- ---swap-- -----io---- --system-- -----cpu-----
 r  b   swpd   free   buff  cache   si   so    bi    bo   in   cs us sy id wa st
 2  1      0 97506704   8284  69572    0    0 27344    12 37472 37807  1  0 92  7  0	
 1  2      0 97506704   8284  69572    0    0 29280     0 36302 36704  1  0 92  7  0	
 1  1      0 97506704   8284  69572    0    0 27520     0 36842 37225  1  0 92  7  0	
 3  0      0 97506704   8284  69572    0    0 28256     0 35940 36292  1  0 92  7  0	
 2  0      0 97506704   8284  69572    0    0 28032     0 36313 36780  1  0 92  7  0	
 2  0      0 97506704   8292  69564    0    0 27328    12 35586 36031  1  0 92  7  0	
 0  2      0 97506704   8292  69564    0    0 28384     0 37605 38077  1  0 92  7  0	
 1  1      0 97506704   8292  69584    0    0 29088     0 38017 38434  1  0 92  7  0	
 0  2      0 97506704   8292  69584    0    0 28800     0 36586 36945  1  0 92  7  0	
 2  1      0 97506704   8292  69584    0    0 28528     0 37602 38037  1  0 92  7  0	
 1  1      0 97506704   8300  69584    0    0 29424    12 36819 37310  1  0 92  7  0	
 0  2      0 97506704   8300  69584    0    0 29152     0 37115 37519  1  0 92  7  0	
 3  0      0 97506704   8300  69584    0    0 28512     8 37252 37698  1  0 92  7  0	
 1  1      0 97506704   8300  69584    0    0 28944     0 37386 37743  1  0 91  7  0	
 2  1      0 97506704   8300  69584    0    0 28384     0 35946 36419  1  0 92  7  0	
 0  2      0 97506704   8300  69584    0    0 27824     0 36602 37039  1  0 92  7  0	
 0  2      0 97506704   8308  69584    0    0 27952    28 35981 36444  1  0 92  7  0	
 2  1      0 97506704   8308  69584    0    0 27008     8 33801 34366  1  0 92  7  0	
 1  1      0 97506704   8308  69584    0    0 27536     0 34732 35145  1  0 92  7  0	
 2  0      0 97506704   8308  69584    0    0 28048     0 37076 37531  1  0 92  7  0	
 1  1      0 97506704   8308  69584    0    0 28048     0 36397 36785  1  0 92  7  0	
procs -----------memory---------- ---swap-- -----io---- --system-- -----cpu-----
 r  b   swpd   free   buff  cache   si   so    bi    bo   in   cs us sy id wa st
 0  2      0 97506704   8316  69576    0    0 28064    24 36793 36386  1  0 92  7  0	
 2  0      0 97506704   8316  69576    0    0 27568     8 35942 36341  1  0 91  7  0	
 0  2      0 97506704   8316  69584    0    0 28560     0 36173 36589  1  0 92  7  0	
 2  0      0 97506704   8316  69584    0    0 28336     0 36506 36986  1  0 92  7  0	
 1  1      0 97506704   8316  69584    0    0 26560     0 34749 35156  1  0 92  7  0	
 0  2      0 97506704   8316  69584    0    0 26112     0 34015 34539  1  0 92  7  0	
 2  0      0 97506704   8324  69580    0    0 26752    24 34959 35544  1  0 92  7  0	
 2  0      0 97506704   8324  69580    0    0 27680    28 35196 35807  1  0 92  7  0	
 1  1      0 97506704   8324  69584    0    0 27392     0 34762 35453  1  0 92  7  0	
 2  1      0 97506704   8324  69584    0    0 26848     0 35014 35601  1  0 92  7  0	
 2  1      0 97506704   8324  69584    0    0 26048     0 33521 34038  1  0 92  7  0	
 1  1      0 97506704   8332  69576    0    0 27120    12 35134 35672  1  0 92  7  0	
 1  1      0 97506704   8332  69576    0    0 27056     0 33805 34473  1  0 92  7  0	
 2  1      0 97506704   8332  69576    0    0 26096     0 34999 35683  1  0 92  7  0	
 1  1      0 97506704   8332  69576    0    0 26688     0 33740 34136  1  0 92  7  0	
 2  0      0 97506704   8332  69576    0    0 26368     0 34089 34541  1  0 92  7  0	
 1  1      0 97506704   8332  69576    0    0 27152     0 35330 36027  1  0 92  7  0	
 0  2      0 97506704   8340  69568    0    0 27840    12 36349 36819  0  0 93  7  0	
 1  1      0 97506704   8340  69592    0    0 27232     0 36470 36975  1  0 92  7  0	
 1  1      0 97506704   8340  69592    0    0 25376     0 33375 33788  1  0 92  7  0	
 1  1      0 97506704   8340  69592    0    0 26832     0 34191 34527  1  0 92  7  0	
procs -----------memory---------- ---swap-- -----io---- --system-- -----cpu-----
 r  b   swpd   free   buff  cache   si   so    bi    bo   in   cs us sy id wa st
 1  1      0 97506704   8340  69592    0    0 26736     0 33957 34456  1  0 92  7  0	
 1  1      0 97506704   8348  69584    0    0 26592    16 33673 34226  0  0 92  7  0	
 2  0      0 97506704   8348  69584    0    0 26864     0 35977 36606  1  0 92  7  0	
 1  1      0 97506704   8348  69584    0    0 27888     0 35360 35908  1  0 92  7  0	
 2  0      0 97506704   8348  69584    0    0 26784     0 33940 34504  1  0 92  7  0	
 1  1      0 97506704   8348  69592    0    0 26912     0 37411 37942  1  0 92  6  0	
 3  0      0 97506704   8348  69592    0    0 28112     8 35642 36450  1  0 92  6  0	
 0  2      0 97506704   8356  69584    0    0 28064    24 35813 36386  1  0 92  7  0	
 2  0      0 97506704   8356  69584    0    0 27072     0 36756 37474  1  0 92  7  0	
 1  1      0 97506704   8356  69584    0    0 26816     0 33791 34388  1  0 92  7  0	
 1  1      0 97506704   8356  69584    0    0 27344     0 36107 36802  1  0 92  7  0	
 1  1      0 97506704   8356  69584    0    0 26704     8 34737 35294  1  1 92  7  0	
 0  2      0 97506704   8364  69576    0    0 27616    24 33946 34457  1  0 92  7  0	
 0  2      0 97506704   8364  69592    0    0 26560     0 33506 34163  1  0 92  7  0	
 0  2      0 97506704   8364  69592    0    0 27120     0 35189 35779  1  0 92  7  0	
 1  1      0 97506704   8364  69592    0    0 27408     0 35333 35761  1  0 92  7  0	
 0  2      0 97506704   8364  69592    0    0 27440     0 36061 36696  1  0 92  7  0	
 1  1      0 97506704   8364  69592    0    0 25792     0 34094 34763  1  0 92  7  0	
 0  2      0 97506704   8372  69584    0    0 27808    12 35646 36054  0  0 92  7  0	
 1  1      0 97506704   8372  69584    0    0 26656     0 34923 35412  1  0 92  7  0	
 0  2      0 97506704   8372  69584    0    0 26064     0 34292 34690  1  0 91  7  0	
procs -----------memory---------- ---swap-- -----io---- --system-- -----cpu-----
 r  b   swpd   free   buff  cache   si   so    bi    bo   in   cs us sy id wa st
 0  2      0 97506704   8372  69592    0    0 27248    20 34967 35485  1  0 92  7  0	
 1  1      0 97506704   8372  69592    0    0 26080     0 35688 36118  1  0 92  7  0	
 2  1      0 97506704   8380  69588    0    0 26928    12 36043 36762  1  0 92  7  0	
 2  0      0 97506704   8380  69588    0    0 27056     0 35695 36245  1  0 92  7  0	
 1  1      0 97506704   8380  69588    0    0 27536     0 36751 37224  1  0 92  7  0	
 1  1      0 97506704   8380  69588    0    0 27504     0 37273 37821  1  0 92  7  0	
 2  1      0 97506704   8380  69588    0    0 27184     0 35933 36474  1  0 92  7  0	
 1  1      0 97506704   8380  69588    0    0 27568     0 34728 35266  1  0 92  7  0	
 1  1      0 97506704   8388  69592    0    0 26032    12 33105 33622  1  0 92  7  0	
 1  1      0 97506704   8388  69592    0    0 26512     0 33859 34230  1  0 92  7  0	
 1  1      0 97506704   8388  69592    0    0 26640     0 35962 36449  1  0 92  7  0	
 0  2      0 97506704   8388  69592    0    0 27376     4 35363 36054  1  0 92  7  0	
 0  2      0 97506704   8388  69592    0    0 27264     0 36593 37182  1  0 92  7  0	
 1  1      0 97506704   8396  69588    0    0 27104    12 35357 35877  1  0 92  7  0	
 1  1      0 97506704   8396  69592    0    0 27408     0 35193 35621  1  0 92  7  0	
 1  1      0 97506704   8396  69592    0    0 27040     0 35470 35915  1  0 92  7  0	
 0  2      0 97506704   8396  69600    0    0 28352     8 34500 34991  1  0 92  7  0	
 2  0      0 97506704   8396  69600    0    0 28000     0 36348 37007  1  0 92  7  0	
 0  2      0 97506704   8396  69600    0    0 27536     0 35745 36406  1  0 92  7  0	
 2  0      0 97506704   8404  69596    0    0 27040    24 36319 36814  1  0 92  7  0	
 1  1      0 97506704   8404  69596    0    0 27344     0 35127 35570  1  0 92  7  0	
procs -----------memory---------- ---swap-- -----io---- --system-- -----cpu-----
 r  b   swpd   free   buff  cache   si   so    bi    bo   in   cs us sy id wa st
 0  2      0 97506704   8404  69596    0    0 26928     8 35667 36236  1  0 92  7  0	
 1  1      0 97506704   8404  69596    0    0 27408     0 36796 37491  1  0 92  7  0	
 2  0      0 97506704   8404  69596    0    0 27568     0 36026 36447  1  0 92  7  0	
 0  2      0 97506704   8412  69600    0    0 27136    24 35211 35894  1  0 92  7  0	
 2  0      0 97506704   8412  69600    0    0 28256     0 35241 35700  1  0 92  7  0	
 0  2      0 97506704   8412  69600    0    0 27776     0 36155 36589  1  0 92  7  0	
 3  0      0 97506704   8412  69600    0    0 28576     0 36478 37014  1  0 92  7  0	
 1  1      0 97506704   8412  69600    0    0 27664     0 34120 34694  1  0 92  7  0	
 1  1      0 97506704   8412  69600    0    0 26864     0 35792 36206  1  0 92  6  0	
 0  2      0 97506704   8420  69592    0    0 27040    12 36201 36759  1  0 92  7  0	
 0  2      0 97506704   8420  69592    0    0 27792     0 34191 34734  1  0 92  7  0	
 1  1      0 97506704   8420  69600    0    0 28400     0 35891 36378  1  0 92  7  0	
 2  1      0 97506704   8420  69600    0    0 27344     0 34730 35302  1  0 92  7  0	
 1  1      0 97506704   8420  69600    0    0 27360     0 34784 35364  1  0 92  7  0	
 2  1      0 97506704   8428  69592    0    0 27376    12 35788 36368  1  0 92  7  0	
 1  2      0 97506704   8428  69592    0    0 27152    16 34869 35497  1  0 92  7  0	
 1  1      0 97506704   8428  69592    0    0 27328     0 35230 35936  1  1 92  7  0	
 1  1      0 97506704   8428  69592    0    0 26304     0 35313 35780  1  0 92  7  0	
 1  1      0 97506704   8428  69592    0    0 27968     0 35324 35784  1  0 92  7  0	
 2  0      0 97506704   8428  69600    0    0 27744     0 35384 35860  1  0 92  7  0	
 0  2      0 97506704   8436  69600    0    0 26848    12 34046 34673  1  0 91  7  0	
procs -----------memory---------- ---swap-- -----io---- --system-- -----cpu-----
 r  b   swpd   free   buff  cache   si   so    bi    bo   in   cs us sy id wa st
 2  0      0 97506704   8436  69600    0    0 27808     0 36403 36720  1  0 92  7  0	
 0  2      0 97506704   8436  69600    0    0 28032     0 36225 36858  1  0 92  7  0	
 2  0      0 97506704   8436  69600    0    0 27136     0 35644 36004  1  0 92  7  0	
 2  0      0 97506704   8436  69600    0    0 26976     0 35257 35756  1  0 92  7  0	
 1  1      0 97506704   8444  69592    0    0 26480    20 34692 35221  1  0 92  7  0	
 0  2      0 97506704   8444  69592    0    0 27600     0 35151 35779  1  0 92  7  0	
 2  1      0 97506704   8444  69604    0    0 26800     0 34699 35271  1  0 92  7  0	
 3  0      0 97506704   8444  69604    0    0 26416     0 33768 34253  1  0 92  7  0	
 2  0      0 97506704   8444  69604    0    0 26896     0 36340 37126  1  0 92  7  0	
 0  2      0 97506704   8444  69604    0    0 28208     0 35974 36451  0  0 92  7  0	
 1  1      0 97506704   8452  69600    0    0 26848    28 36572 37457  1  0 92  7  0	
 1  1      0 97506704   8452  69604    0    0 27184     0 36241 36812  1  0 92  7  0	
 0  2      0 97506704   8452  69604    0    0 28048     0 35119 35927  1  0 92  7  0	
 2  0      0 97506704   8452  69604    0    0 27856     0 35908 36426  0  0 92  7  0	
 2  0      0 97506704   8452  69604    0    0 28144     0 35497 36245  1  0 92  7  0	
 2  0      0 97506704   8460  69604    0    0 28352    12 35358 36002  0  0 92  7  0	
 1  1      0 97506704   8460  69604    0    0 27376     0 35781 36249  1  0 92  7  0	
 2  1      0 97506704   8460  69604    0    0 28144     0 35124 35938  1  0 92  7  0	
 1  1      0 97506704   8460  69608    0    0 27616     0 37479 38078  1  0 92  7  0	
 1  1      0 97506704   8460  69608    0    0 28128     0 36100 36796  1  0 92  7  0	
 3  0      0 97506704   8468  69600    0    0 27424    12 36078 36853  1  0 92  7  0	
procs -----------memory---------- ---swap-- -----io---- --system-- -----cpu-----
 r  b   swpd   free   buff  cache   si   so    bi    bo   in   cs us sy id wa st
 1  1      0 97506704   8468  69600    0    0 28544     0 37153 37795  1  0 92  7  0	
 1  1      0 97506704   8468  69608    0    0 27888     0 35735 36227  1  0 92  7  0	
 1  1      0 97506704   8468  69608    0    0 28304     0 35538 36050  0  0 92  7  0	
 1  1      0 97506704   8468  69608    0    0 28224     0 35685 36301  1  0 92  7  0	
 0  2      0 97506704   8468  69608    0    0 28224     0 36861 37444  1  0 92  7  0	
 1  1      0 97506704   8476  69608    0    0 27920    12 35833 36565  1  0 92  7  0	
 0  2      0 97506704   8476  69608    0    0 27712     0 35776 36259  1  0 92  7  0	
 1  1      0 97506704   8476  69608    0    0 27376     0 35747 36321  1  0 92  7  0	
 1  1      0 97506080   8476  69608    0    0 27920     0 35756 36331  1  0 92  7  0	
 1  1      0 97505920   8476  69608    0    0 27488    12 35436 35781  1  0 92  7  0	
 0  2      0 97505920   8484  69608    0    0 28864    16 36115 36777  1  0 92  7  0	
 1  1      0 97506416   8484  69608    0    0 28160     0 35811 36371  0  0 92  7  0	
 0  2      0 97506416   8484  69608    0    0 28592     0 36475 37195  1  0 92  7  0	
 1  1      0 97506576   8484  69612    0    0 29488     0 38602 39255  1  0 92  7  0	
 2  1      0 97506576   8484  69612    0    0 28688     0 37459 37676  1  0 92  7  0	
 0  2      0 97506576   8484  69612    0    0 28096     0 37521 37790  1  0 92  7  0	
 2  1      0 97506576   8492  69604    0    0 28288    20 38091 38632  0  0 92  7  0	
 1  1      0 97506576   8492  69612    0    0 28272     0 37392 37791  1  0 92  7  0	
 0  2      0 97506576   8492  69612    0    0 28448     0 37471 37851  1  0 92  7  0	
 1  1      0 97506576   8492  69612    0    0 29712     8 40056 40469  1  0 92  6  0	
 0  2      0 97506576   8492  69612    0    0 29488     0 38565 38916  1  0 92  7  0	
procs -----------memory---------- ---swap-- -----io---- --system-- -----cpu-----
 r  b   swpd   free   buff  cache   si   so    bi    bo   in   cs us sy id wa st
 1  1      0 97506576   8500  69604    0    0 29200    24 36409 36839  1  0 92  7  0	
 0  2      0 97506576   8500  69604    0    0 28816     0 37040 37467  1  0 92  7  0	
 0  2      0 97506576   8500  69604    0    0 28416     0 37289 37658  1  0 92  7  0	
 0  2      0 97506576   8500  69616    0    0 28688     8 38050 38427  1  0 92  7  0	
 1  1      0 97506576   8500  69616    0    0 28688     0 37465 37854  1  0 92  7  0	
 1  2      0 97506576   8500  69616    0    0 28976     0 36567 36941  1  0 92  7  0	
 0  2      0 97506576   8508  69616    0    0 27968    24 37238 37618  1  0 92  7  0	
 0  2      0 97506576   8508  69616    0    0 28624     0 39229 39614  1  0 92  7  0	
 0  2      0 97506576   8508  69616    0    0 27456     0 38565 38997  1  0 92  7  0	
 1  1      0 97506576   8508  69616    0    0 28320     0 38357 38803  1  0 92  7  0	
 1  1      0 97506576   8508  69616    0    0 28704     0 36924 37276  1  0 92  7  0	
 0  2      0 97506576   8516  69608    0    0 28496    12 38133 38535  1  0 92  7  0	
 0  2      0 97506576   8516  69616    0    0 27920     0 38617 39018  1  0 92  7  0	
 1  1      0 97506576   8516  69616    0    0 28512     0 38097 38531  1  0 92  7  0	
 2  1      0 97506576   8516  69616    0    0 28480     0 36185 36616  1  0 92  7  0	
 1  1      0 97506576   8516  69616    0    0 28560     0 38860 39215  1  0 92  7  0	
 1  1      0 97506576   8516  69616    0    0 27344     0 36918 37251  1  0 92  7  0	
 0  2      0 97506576   8524  69608    0    0 27136    16 37134 37551  1  0 92  7  0	
 1  1      0 97506576   8524  69608    0    0 28896     0 37936 38335  1  0 92  7  0	
 0  2      0 97506576   8524  69620    0    0 29312     8 37392 37844  1  0 92  7  0	
 1  1      0 97506576   8524  69620    0    0 28432     0 34800 35343  1  0 92  7  0	
procs -----------memory---------- ---swap-- -----io---- --system-- -----cpu-----
 r  b   swpd   free   buff  cache   si   so    bi    bo   in   cs us sy id wa st
 1  1      0 97506576   8524  69620    0    0 27888     0 37223 37690  1  0 92  7  0	
 0  2      0 97506576   8532  69620    0    0 28368    28 37153 37748  1  0 92  7  0	
 0  2      0 97506576   8532  69620    0    0 27600     0 37426 38003  1  0 92  7  0	
 1  1      0 97506576   8532  69620    0    0 28368    36 38944 39532  1  0 92  7  0	
 1  2      0 97506576   8532  69620    0    0 29472     0 37331 37825  1  0 92  7  0	
 1  1      0 97506576   8532  69620    0    0 28272     0 37770 38349  1  0 92  7  0	
 2  0      0 97506576   8532  69620    0    0 28032     0 36984 37494  0  0 92  7  0	
 0  2      0 97506576   8540  69620    0    0 28592    12 36637 37207  1  0 92  7  0	
 1  1      0 97506576   8540  69620    0    0 29168     4 36177 36737  1  0 91  7  0	
 2  0      0 97506576   8540  69620    0    0 29024     0 36003 36438  1  0 92  7  0	
 2  1      0 97506576   8540  69620    0    0 28400     0 36650 37225  1  0 92  7  0	
 2  1      0 97506576   8540  69624    0    0 29136     0 37607 38098  1  0 92  7  0	
 1  1      0 97506576   8548  69616    0    0 29024    12 37231 37791  1  0 92  7  0	
 0  2      0 97506576   8548  69616    0    0 28048     8 37278 37811  1  0 92  7  0	
 0  2      0 97506576   8548  69624    0    0 28192     0 36249 36848  1  0 92  7  0	
 1  1      0 97506576   8548  69624    0    0 29296     0 36619 37174  1  0 92  7  0	
 1  1      0 97506576   8548  69624    0    0 29040     0 36961 37485  1  0 92  7  0	
 2  0      0 97506576   8548  69624    0    0 28928     0 35674 36361  1  0 92  7  0	
 1  1      0 97506576   8556  69616    0    0 27296    24 35932 36358  1  0 92  7  0	
 0  2      0 97506560   8556  69624    0    0 27392     0 36042 36571  1  0 92  7  0	
 2  1      0 97506560   8556  69624    0    0 27760     0 36492 37034  1  0 92  7  0	
procs -----------memory---------- ---swap-- -----io---- --system-- -----cpu-----
 r  b   swpd   free   buff  cache   si   so    bi    bo   in   cs us sy id wa st
 0  2      0 97506560   8564  69616    0    0 27712    16 36855 37337  1  0 92  7  0	
 0  2      0 97506560   8564  69616    0    0 27488     0 35525 36056  1  0 92  7  0	
 0  2      0 97506560   8572  69624    0    0 27952    12 35794 36325  1  0 92  7  0	
 3  0      0 97506560   8572  69624    0    0 27728     0 36551 37241  1  0 92  7  0	
 1  1      0 97506560   8572  69624    0    0 29024     0 36766 37367  1  0 92  7  0	
 3  0      0 97506560   8572  69624    0    0 27728     4 36948 37474  1  0 92  7  0	
 1  1      0 97506560   8572  69624    0    0 28544     0 37729 38330  1  0 92  7  0	
 1  1      0 97506560   8572  69624    0    0 28864     4 36982 37642  0  0 92  7  0	
 0  2      0 97506560   8580  69624    0    0 28704    12 37363 37938  1  0 92  7  0	
 0  2      0 97506560   8580  69624    0    0 28304     0 37523 38058  1  0 92  7  0	
 1  1      0 97506560   8580  69624    0    0 28208     0 37786 38421  1  0 92  7  0	
 1  1      0 97506560   8580  69624    0    0 27984     0 37631 38210  1  0 92  7  0	
 1  1      0 97506560   8580  69624    0    0 28288     0 36803 37308  1  0 92  7  0	
 0  2      0 97506560   8588  69624    0    0 28224    12 36996 37539  1  0 92  7  0	
 1  1      0 97506560   8588  69624    0    0 29088     0 37609 38171  0  0 92  7  0	
 0  2      0 97506560   8588  69624    0    0 28112     0 37041 37571  1  0 92  7  0	
 2  0      0 97506560   8588  69624    0    0 28096     0 37047 37642  1  0 92  7  0	
 1  1      0 97506560   8588  69624    0    0 29760     0 38170 38859  1  0 92  7  0	
 2  1      0 97506560   8588  69624    0    0 29488    20 37450 38063  1  0 92  7  0	
 2  1      0 97506560   8596  69628    0    0 29792    24 37556 38101  1  0 92  7  0	
 0  2      0 97506560   8596  69628    0    0 29472     0 37439 38061  1  0 92  7  0	
procs -----------memory---------- ---swap-- -----io---- --system-- -----cpu-----
 r  b   swpd   free   buff  cache   si   so    bi    bo   in   cs us sy id wa st
 1  1      0 97506560   8596  69628    0    0 29328     0 37757 38367  1  0 92  7  0	
 0  2      0 97506560   8596  69628    0    0 27824     0 36132 36537  1  0 92  7  0	
 2  1      0 97506560   8596  69628    0    0 27136     8 38795 39151  1  0 92  7  0	
 1  1      0 97506560   8604  69624    0    0 28352    24 37795 38130  1  0 92  7  0	
 2  0      0 97506560   8604  69624    0    0 27728     0 35806 36212  1  0 92  7  0	
 1  1      0 97506560   8604  69632    0    0 28592     0 37151 37503  1  0 92  7  0	
 0  2      0 97506560   8604  69632    0    0 28832     0 36821 37313  1  0 92  7  0	
 2  1      0 97506560   8604  69632    0    0 27872     0 37240 37836  1  0 92  7  0	
 1  1      0 97506560   8604  69632    0    0 28096     0 37171 37718  1  0 92  7  0	
 1  1      0 97506560   8612  69624    0    0 28144    12 37154 37705  1  0 92  7  0	
 1  1      0 97506560   8612  69624    0    0 28672     0 37498 38034  1  0 92  7  0	
 1  1      0 97506560   8612  69624    0    0 28736     0 38480 39002  1  0 92  7  0	
 1  1      0 97506560   8612  69632    0    0 27968     0 38018 38620  1  0 92  7  0	
 1  1      0 97506560   8612  69632    0    0 28768     0 37149 37704  1  0 92  7  0	
 1  1      0 97506560   8620  69628    0    0 28960    12 37224 37874  1  0 92  7  0	
 1  2      0 97506560   8620  69628    0    0 28640     0 37153 37722  1  0 92  7  0	
 2  1      0 97506560   8620  69628    0    0 29200     0 37906 38501  1  0 92  7  0	
 1  1      0 97506560   8620  69632    0    0 28896     0 37773 38328  1  0 92  7  0	
 0  2      0 97506560   8620  69632    0    0 27776     0 37969 38593  1  0 92  7  0	
 0  2      0 97506560   8620  69632    0    0 27792     0 37576 38143  1  0 92  7  0	
 2  0      0 97506560   8628  69624    0    0 28528    12 36388 36930  1  0 92  7  0	
procs -----------memory---------- ---swap-- -----io---- --system-- -----cpu-----
 r  b   swpd   free   buff  cache   si   so    bi    bo   in   cs us sy id wa st
 1  1      0 97506560   8628  69632    0    0 28576     0 37442 37720  1  0 92  7  0	
 1  1      0 97506560   8628  69632    0    0 29984     0 38093 38324  1  0 92  7  0	
 0  2      0 97506560   8628  69632    0    0 28672     0 38232 38516  1  0 92  7  0	
 1  1      0 97506560   8628  69632    0    0 28544     0 37838 38211  1  0 92  7  0	
 0  2      0 97506560   8636  69624    0    0 28512    12 37443 37811  1  0 92  7  0	
 0  2      0 97506560   8636  69624    0    0 29072     0 36861 37164  1  0 92  7  0	
 1  1      0 97506560   8636  69632    0    0 28080     8 38036 38531  1  0 92  7  0	
 1  1      0 97506560   8636  69632    0    0 28160     0 37586 38292  1  0 92  7  0	
 0  2      0 97506560   8636  69632    0    0 29488     0 38779 39322  1  0 92  7  0	
 2  0      0 97506560   8636  69632    0    0 27408     0 35162 35607  1  0 92  7  0	
 0  2      0 97506560   8644  69632    0    0 29168    24 36608 37148  1  0 92  7  0	
 1  1      0 97506560   8644  69632    0    0 27312    16 36015 36462  1  0 92  7  0	
 2  1      0 97506560   8644  69632    0    0 27888     0 37873 38359  1  0 92  7  0	
 2  0      0 97506560   8644  69632    0    0 28496     0 37585 38135  1  0 92  7  0	
 1  1      0 97506560   8644  69632    0    0 28768     0 37763 38301  0  0 92  7  0	
 1  1      0 97506560   8652  69624    0    0 28592    12 36879 37460  1  0 92  7  0	
 0  2      0 97506688   8652  69632    0    0 27600     0 36175 36681  1  0 92  7  0	
 1  1      0 97506688   8652  69632    0    0 28032     4 37007 37479  1  0 92  7  0	
 1  1      0 97506688   8652  69632    0    0 29264     0 37202 37609  1  0 92  7  0	
 2  0      0 97506688   8652  69636    0    0 28736     0 38322 38755  1  0 92  7  0	
 1  1      0 97506688   8652  69636    0    0 27632     0 37602 38030  1  0 92  7  0	
procs -----------memory---------- ---swap-- -----io---- --system-- -----cpu-----
 r  b   swpd   free   buff  cache   si   so    bi    bo   in   cs us sy id wa st
 2  0      0 97506688   8660  69640    0    0 28976    12 38159 38504  1  0 92  7  0	
 2  1      0 97506688   8660  69640    0    0 29248     0 38692 39355  1  0 92  7  0	
 1  1      0 97506688   8660  69640    0    0 28896     0 38364 39048  1  0 92  7  0	
 0  2      0 97506688   8660  69640    0    0 27552     0 37680 38356  1  0 92  7  0	
 1  1      0 97506688   8660  69640    0    0 28224     0 37641 38175  1  0 92  7  0	
 0  2      0 97506688   8668  69640    0    0 28384    12 37823 38269  1  0 92  7  0	
 0  2      0 97506688   8668  69640    0    0 28080     0 36818 37287  1  0 92  7  0	
 2  1      0 97506688   8668  69640    0    0 28272     0 38373 38499  1  0 92  7  0	
 0  2      0 97506688   8668  69640    0    0 28400     0 37250 37304  1  0 92  7  0	
 2  0      0 97506688   8668  69640    0    0 26880     0 35158 35494  1  0 92  7  0	
 0  2      0 97506688   8676  69640    0    0 27712    12 36602 37000  1  0 92  7  0	
 1  1      0 97506688   8676  69640    0    0 28576     0 37874 38289  1  0 92  7  0	
 1  1      0 97506688   8676  69640    0    0 28624     0 37819 38178  1  0 92  7  0	
 0  2      0 97506688   8676  69640    0    0 28352     0 36621 36948  1  0 92  7  0	
 2  0      0 97506688   8676  69640    0    0 28048     0 38012 38343  1  0 92  7  0	
 2  0      0 97506688   8676  69640    0    0 28272     0 37723 38033  1  0 92  7  0	
 3  0      0 97506688   8684  69632    0    0 28464    12 37113 37457  1  0 92  7  0	
 0  2      0 97506688   8684  69632    0    0 28992     0 38192 38466  1  0 92  7  0	
 2  1      0 97506688   8684  69640    0    0 28816     0 35898 36292  0  0 92  7  0	
 2  0      0 97506688   8684  69640    0    0 27552     0 36923 37311  1  0 92  7  0	
 1  1      0 97506688   8684  69640    0    0 29056     0 38446 38451  1  0 92  7  0	
procs -----------memory---------- ---swap-- -----io---- --system-- -----cpu-----
 r  b   swpd   free   buff  cache   si   so    bi    bo   in   cs us sy id wa st
 1  1      0 97506688   8692  69632    0    0 28192    40 38474 38822  1  0 92  7  0	
 1  1      0 97506688   8692  69632    0    0 27536     0 36765 37084  1  0 92  7  0	
 1  1      0 97506688   8692  69632    0    0 28192     0 38433 38801  1  0 92  7  0	
 0  2      0 97506688   8692  69632    0    0 27712     0 36911 37248  1  0 92  7  0	
 1  1      0 97506688   8692  69640    0    0 26656     0 36426 36793  1  0 92  7  0	
 0  2      0 97506688   8692  69640    0    0 28752    20 38125 38527  1  0 92  7  0	
 1  1      0 97506688   8700  69640    0    0 28640    12 36317 36618  1  0 92  7  0	
 0  2      0 97506688   8700  69640    0    0 28816     0 37072 37425  1  0 92  7  0	
 1  1      0 97506688   8700  69640    0    0 28624     0 37323 37528  1  0 92  7  0	
 0  2      0 97506312   8700  69644    0    0 27776     0 38309 37857  1  0 92  7  0	
 1  1      0 97506312   8700  69644    0    0 27696     8 35976 36380  1  0 92  7  0	
 2  0      0 97506312   8708  69644    0    0 28912    32 37079 37553  1  0 92  7  0	
 0  2      0 97506312   8708  69644    0    0 28240     0 36436 36898  1  0 92  7  0	
 2  0      0 97506312   8708  69644    0    0 27376     0 36117 36746  1  0 92  7  0	
 1  1      0 97506312   8708  69648    0    0 26880     0 35526 35929  0  0 92  7  0	
 0  2      0 97506312   8708  69648    0    0 27744     0 36961 37581  1  0 92  7  0	
 0  2      0 97506312   8708  69648    0    0 27408     0 35230 35709  1  0 92  7  0	
 0  2      0 97506312   8716  69648    0    0 27472    12 35805 36272  1  0 92  7  0	
 1  1      0 97506312   8716  69648    0    0 27456     0 35455 36057  1  0 92  7  0	
 2  1      0 97506312   8716  69648    0    0 27680     0 36595 37149  1  0 92  6  0	
 1  1      0 97506312   8716  69648    0    0 27920     0 35932 36604  1  0 92  7  0	
procs -----------memory---------- ---swap-- -----io---- --system-- -----cpu-----
 r  b   swpd   free   buff  cache   si   so    bi    bo   in   cs us sy id wa st
 1  1      0 97506312   8716  69648    0    0 28208     0 36727 37531  1  0 92  7  0	
 0  2      0 97506312   8724  69652    0    0 27936    16 35740 36555  1  0 92  7  0	
 1  1      0 97506312   8724  69652    0    0 27056     0 36433 36981  1  1 92  7  0	
 2  1      0 97506312   8724  69652    0    0 26352     0 34745 35269  1  0 92  7  0	
 2  0      0 97506312   8724  69652    0    0 27216     0 35696 36454  1  0 92  7  0	
 0  2      0 97506312   8724  69652    0    0 27136     0 34372 34978  1  0 92  7  0	
 1  1      0 97506312   8724  69652    0    0 25984     0 35001 35673  1  0 92  7  0	
 1  1      0 97506312   8732  69644    0    0 26384    12 35049 35839  1  0 92  7  0	
 0  2      0 97506312   8732  69652    0    0 27872     0 34913 35441  1  0 92  7  0	
 0  2      0 97506312   8732  69652    0    0 27504     0 36414 37066  1  0 92  6  0	
 0  2      0 97506312   8732  69652    0    0 27248    20 37196 37752  1  0 92  7  0	
 0  2      0 97506312   8732  69652    0    0 26832     0 34996 35728  1  0 92  7  0	
 1  1      0 97506312   8740  69652    0    0 24560    32 31905 32499  0  0 92  7  0	
 1  1      0 97506312   8740  69652    0    0 27488     0 35283 35883  1  0 92  7  0	
 1  1      0 97506312   8740  69652    0    0 27600     0 36810 37297  1  0 92  7  0	
 0  2      0 97506312   8740  69652    0    0 28240    36 36917 37451  1  0 92  7  0	
 2  0      0 97506312   8740  69652    0    0 27008     0 34654 35080  1  0 92  7  0	
 1  1      0 97506312   8740  69652    0    0 27776     0 35485 35775  1  0 92  7  0	
 0  2      0 97506312   8748  69652    0    0 27552    12 35620 36193  1  0 92  7  0	
 3  0      0 97506312   8748  69652    0    0 27968     0 36256 36934  1  0 92  7  0	
 1  1      0 97506312   8748  69652    0    0 27344     8 36850 37589  1  0 92  7  0	
procs -----------memory---------- ---swap-- -----io---- --system-- -----cpu-----
 r  b   swpd   free   buff  cache   si   so    bi    bo   in   cs us sy id wa st
 0  2      0 97506312   8748  69652    0    0 27936     0 35486 36315  1  0 92  7  0	
 2  1      0 97506312   8748  69652    0    0 27968     0 35627 36215  1  0 92  7  0	
 1  1      0 97506312   8756  69652    0    0 26480    24 36103 36603  1  0 92  7  0	
 1  1      0 97506312   8756  69652    0    0 26784     0 35188 35650  1  0 92  7  0	
 2  1      0 97506312   8756  69656    0    0 27504     0 33829 34483  1  0 92  7  0	
 2  0      0 97506312   8756  69656    0    0 27712     0 34881 35499  0  0 92  7  0	
 1  1      0 97506312   8756  69656    0    0 27984     0 36697 37361  1  0 92  7  0	
 0  2      0 97506312   8756  69656    0    0 27632     0 35032 35799  1  0 92  7  0	
 0  2      0 97506312   8764  69648    0    0 27040    12 35679 36332  1  0 92  7  0	
 2  1      0 97506312   8764  69648    0    0 28416     4 36843 37581  1  0 92  7  0	
 2  0      0 97506312   8764  69656    0    0 28288     0 39717 39277  1  0 92  7  0	
 2  0      0 97506312   8764  69656    0    0 28080     0 36214 36845  1  0 92  7  0	
 2  0      0 97506312   8764  69656    0    0 27824     0 36998 37446  1  0 92  7  0	
 0  2      0 97506312   8772  69648    0    0 27936    12 36998 37626  0  0 92  7  0	
 3  1      0 97506312   8772  69648    0    0 27296     0 36770 37359  1  0 92  7  0	
 0  2      0 97506312   8772  69656    0    0 27552     0 36575 37207  1  0 92  7  0	
 2  0      0 97506312   8772  69656    0    0 27392     0 36900 37674  1  0 92  7  0	
 2  0      0 97506312   8772  69656    0    0 27808     0 37141 37828  1  0 93  6  0	
 0  2      0 97506312   8772  69656    0    0 27424     0 35659 36312  1  0 92  7  0	
 1  1      0 97506312   8780  69656    0    0 27456    12 36338 36924  1  0 92  7  0	
 0  2      0 97506312   8780  69656    0    0 27264     8 36394 37015  1  0 92  7  0	
procs -----------memory---------- ---swap-- -----io---- --system-- -----cpu-----
 r  b   swpd   free   buff  cache   si   so    bi    bo   in   cs us sy id wa st
 2  0      0 97506312   8780  69656    0    0 27104     0 36459 37139  1  0 92  7  0	
 1  1      0 97506312   8780  69656    0    0 27824     0 37754 38345  1  0 92  6  0	
 2  0      0 97506312   8780  69656    0    0 26656     0 34650 35248  1  0 92  7  0	
 1  1      0 97506312   8788  69648    0    0 26720    24 35314 35803  1  0 92  7  0	
 0  2      0 97506312   8788  69648    0    0 27792     0 34375 35035  1  0 92  7  0	
 2  0      0 97506312   8788  69660    0    0 26528     0 34600 35260  1  1 92  7  0	
 0  2      0 97506312   8788  69660    0    0 27232     0 35955 36473  1  0 92  7  0	
 2  1      0 97506312   8788  69660    0    0 26352     0 35219 35783  1  0 92  7  0	
 1  1      0 97506312   8788  69660    0    0 27168     0 36821 37588  1  0 92  7  0	
 0  2      0 97506312   8796  69652    0    0 26128    44 35657 36292  1  0 92  7  0	
 1  1      0 97506312   8796  69660    0    0 26912     0 36016 36506  1  0 92  7  0	
 2  0      0 97506312   8796  69660    0    0 28448     0 36226 37042  1  0 92  7  0	
 2  0      0 97506312   8796  69660    0    0 28128     0 36393 36992  1  0 92  7  0	
 2  1      0 97506312   8796  69660    0    0 27152     0 36843 37371  1  0 92  7  0	
 1  1      0 97506312   8804  69652    0    0 27072    24 36071 36766  1  0 92  7  0	
 1  1      0 97506312   8804  69660    0    0 27504     0 37247 38004  1  0 92  7  0	
 2  0      0 97506312   8804  69664    0    0 27248     0 35227 35981  1  0 92  7  0	
 0  2      0 97506312   8804  69664    0    0 28352     0 35256 35997  1  0 92  7  0	
 1  1      0 97506312   8804  69664    0    0 27312     0 35949 36581  1  0 92  7  0	
 1  1      0 97505200   8812  69656    0    0 27600    16 36972 37519  1  0 92  7  0	
 1  1      0 97505200   8812  69656    0    0 28240     0 35452 36184  1  0 92  7  0	
procs -----------memory---------- ---swap-- -----io---- --system-- -----cpu-----
 r  b   swpd   free   buff  cache   si   so    bi    bo   in   cs us sy id wa st
 2  0      0 97505200   8812  69656    0    0 27488     0 38854 39391  1  0 92  6  0	
 1  1      0 97504912   8812  69664    0    0 27296     0 36248 36878  1  0 92  7  0	
 0  2      0 97504912   8812  69664    0    0 27104     0 36864 37475  1  0 92  6  0	
 1  1      0 97505640   8812  69664    0    0 28400     0 36157 36733  1  0 92  7  0	
 1  1      0 97505640   8820  69656    0    0 27440    20 36125 36822  1  0 92  7  0	
 0  2      0 97505696   8820  69664    0    0 26720     0 36793 37387  1  0 92  6  0	
 1  1      0 97505696   8820  69664    0    0 26560     0 35800 36509  0  0 93  7  0	
 0  2      0 97505696   8820  69664    0    0 27392     0 37471 38028  0  0 92  7  0	
 0  2      0 97505696   8820  69664    0    0 27648     8 36609 37190  1  0 92  7  0	
 0  2      0 97505696   8828  69656    0    0 27840    24 35486 36219  1  0 92  7  0	
 2  1      0 97505696   8828  69664    0    0 27840     0 35628 36243  1  0 92  7  0	
 0  2      0 97505696   8828  69664    0    0 27712     0 36051 36733  1  0 92  7  0	
 1  1      0 97505696   8828  69664    0    0 27616     0 36036 36914  1  0 92  7  0	
 1  1      0 97505696   8828  69664    0    0 27552     0 37723 38283  1  0 92  7  0	
 0  2      0 97505696   8828  69664    0    0 27856     0 35417 35965  1  0 92  7  0	
 0  2      0 97505696   8836  69656    0    0 27728    12 36527 37260  1  0 92  7  0	
 1  1      0 97505696   8836  69664    0    0 28240     0 35713 36344  1  0 92  7  0	
 0  2      0 97505696   8836  69664    0    0 27504     0 36384 37021  1  0 92  7  0	
 1  1      0 97505696   8836  69664    0    0 28272     4 38135 38702  1  0 92  7  0	
 2  0      0 97505696   8836  69664    0    0 28736     0 36369 36855  1  0 92  7  0	
 1  1      0 97505696   8844  69656    0    0 27232    12 35959 36554  1  0 92  7  0	
procs -----------memory---------- ---swap-- -----io---- --system-- -----cpu-----
 r  b   swpd   free   buff  cache   si   so    bi    bo   in   cs us sy id wa st
 2  1      0 97505696   8844  69656    0    0 28224     0 36456 37056  1  0 92  7  0	
 0  2      0 97505696   8844  69664    0    0 28144     0 36502 37044  1  0 92  7  0	
 2  0      0 97505696   8844  69664    0    0 27632     0 36231 36647  1  0 92  7  0	
 0  2      0 97505696   8844  69664    0    0 27696    28 34659 35168  1  0 92  7  0	
 1  1      0 97505696   8844  69664    0    0 27488     0 36003 36692  1  0 92  7  0	
 1  1      0 97505696   8852  69668    0    0 28272    12 36261 36851  1  0 92  7  0	
 1  1      0 97505696   8852  69668    0    0 27248     0 37418 38148  1  0 92  7  0	
 0  2      0 97505696   8852  69668    0    0 27744     0 36283 36924  1  0 92  7  0	
 0  2      0 97505696   8852  69668    0    0 26864     4 36128 36559  1  0 92  7  0	
 0  2      0 97505696   8852  69668    0    0 27040     0 34107 34831  1  0 92  7  0	
 2  0      0 97505696   8860  69660    0    0 26352    12 35338 35848  1  0 92  7  0	
 2  0      0 97505696   8860  69660    0    0 27696     0 34935 35424  1  0 92  7  0	
 2  0      0 97505696   8860  69660    0    0 27280     0 37271 37710  1  0 92  7  0	
 1  1      0 97505696   8860  69672    0    0 27280     4 35724 36251  1  0 92  7  0	
 1  1      0 97505696   8860  69672    0    0 27920     0 36526 37113  1  0 92  7  0	
 1  1      0 97505696   8860  69672    0    0 27728     0 36012 36645  1  0 92  7  0	
 0  2      0 97505696   8868  69664    0    0 26912    12 36352 36757  1  0 92  7  0	
 1  1      0 97505696   8868  69664    0    0 26976     0 35445 36065  1  0 92  7  0	
 0  2      0 97505696   8868  69664    0    0 26208     0 35206 35881  1  0 92  7  0	
 1  1      0 97505696   8868  69672    0    0 27152     0 36132 36949  1  0 92  7  0	
 2  0      0 97505696   8868  69672    0    0 26544     0 36493 37170  1  0 92  7  0	
procs -----------memory---------- ---swap-- -----io---- --system-- -----cpu-----
 r  b   swpd   free   buff  cache   si   so    bi    bo   in   cs us sy id wa st
 2  0      0 97505696   8876  69672    0    0 27952    12 36378 37149  1  0 92  7  0	
 3  0      0 97505696   8876  69672    0    0 27888     0 36360 36993  1  0 92  7  0	
 1  1      0 97505696   8876  69672    0    0 28000     8 36277 36862  1  0 92  7  0	
 1  0      0 97505696   8876  69672    0    0 28688     0 38234 38755  1  0 92  7  0	
 1  1      0 97505696   8876  69672    0    0 28976     0 37361 37716  1  0 92  7  0	
 1  1      0 97505696   8876  69672    0    0 29488     0 36773 37192  1  0 92  7  0	
 1  1      0 97505696   8884  69664    0    0 27744    24 36331 36786  0  0 92  7  0	
 0  2      0 97505696   8884  69664    0    0 28496     8 37282 37865  1  0 92  7  0	
 1  1      0 97505696   8884  69672    0    0 27904     0 35740 36109  1  0 92  7  0	
 2  1      0 97505696   8884  69672    0    0 28032     0 37495 37826  1  0 92  7  0	
 1  1      0 97505696   8884  69672    0    0 27984     0 36783 37153  1  0 92  7  0	
 1  1      0 97505696   8892  69664    0    0 29264    24 38574 38914  1  0 92  7  0	
 1  1      0 97505696   8892  69664    0    0 29184     0 38702 39120  1  0 92  7  0	
 2  0      0 97505696   8892  69664    0    0 28160     0 38448 38875  1  0 92  7  0	
 0  2      0 97505696   8892  69664    0    0 28336     0 37365 37786  1  0 92  7  0	
 1  1      0 97505696   8892  69664    0    0 28496     0 37643 38009  1  0 92  7  0	
 0  2      0 97505696   8892  69672    0    0 27040     0 35753 36128  1  0 92  7  0	
 1  1      0 97505696   8900  69672    0    0 28128    32 37451 37846  1  0 92  7  0	
 0  2      0 97505696   8900  69672    0    0 28480     0 36344 36736  1  0 92  7  0	
 0  2      0 97505696   8900  69672    0    0 28976     0 36936 37310  1  0 92  7  0	
 0  2      0 97505696   8900  69672    0    0 29120     0 37852 38242  1  0 92  7  0	
procs -----------memory---------- ---swap-- -----io---- --system-- -----cpu-----
 r  b   swpd   free   buff  cache   si   so    bi    bo   in   cs us sy id wa st
 0  2      0 97505696   8900  69672    0    0 28512     0 38769 39179  1  0 92  7  0	
 1  2      0 97505696   8908  69664    0    0 28048    16 37484 37880  1  0 92  7  0	
 2  0      0 97505696   8908  69664    0    0 27920     0 38081 38524  1  0 92  7  0	
 0  2      0 97505696   8908  69676    0    0 29056     0 38803 39157  1  0 92  7  0	
 0  2      0 97505696   8908  69676    0    0 28432     0 36670 37070  1  0 92  7  0	
 0  2      0 97505696   8908  69676    0    0 27840     0 37253 37608  1  0 92  7  0	
 1  1      0 97505696   8908  69676    0    0 29168     0 37717 38152  1  0 92  7  0	
 2  0      0 97505696   8916  69668    0    0 28688    12 37204 37630  1  0 92  7  0	
 1  1      0 97505696   8916  69668    0    0 28720     0 38093 38468  1  0 92  7  0	
 1  1      0 97505696   8916  69668    0    0 28720     0 37528 37975  1  0 92  7  0	
 1  1      0 97505696   8916  69668    0    0 27536     0 35931 36417  1  0 92  7  0	
 3  0      0 97505696   8916  69680    0    0 27712     0 35144 35539  1  0 92  7  0	
 0  2      0 97505696   8924  69680    0    0 28800    32 36812 37256  1  0 92  7  0	
 2  1      0 97505696   8924  69680    0    0 27952     0 38000 38387  0  0 92  7  0	
 2  1      0 97505696   8924  69680    0    0 28400     0 37703 38030  1  0 92  7  0	
 1  1      0 97505696   8924  69680    0    0 29168     0 36084 36466  1  0 92  7  0	
 0  2      0 97505696   8924  69680    0    0 28928     0 36310 36686  1  0 92  7  0	
 0  2      0 97505696   8924  69680    0    0 29184     8 37881 38211  1  0 92  7  0	
 0  2      0 97505696   8932  69672    0    0 28672    24 37981 38399  1  0 92  7  0	
 2  0      0 97505696   8932  69680    0    0 28784     0 37518 37944  1  0 92  7  0	
 2  1      0 97505696   8932  69680    0    0 28592     0 37832 38230  1  0 92  7  0	
procs -----------memory---------- ---swap-- -----io---- --system-- -----cpu-----
 r  b   swpd   free   buff  cache   si   so    bi    bo   in   cs us sy id wa st
 1  1      0 97505696   8932  69680    0    0 28320     0 38603 38961  1  0 92  7  0	
 1  1      0 97505696   8932  69680    0    0 29408     0 38195 38600  0  0 92  7  0	
 2  0      0 97505696   8940  69672    0    0 28896    12 38124 38553  0  0 92  7  0	
 0  2      0 97505696   8940  69672    0    0 29312     0 39142 39498  1  0 92  7  0	
 0  2      0 97505696   8940  69672    0    0 28848     0 39484 39863  1  0 92  7  0	
 0  2      0 97505696   8940  69672    0    0 29088     0 38411 38764  1  0 92  7  0	
 0  2      0 97505696   8940  69680    0    0 28192     0 37657 38089  1  0 92  7  0	
 0  2      0 97505696   8940  69680    0    0 28880     0 39840 40160  1  0 92  7  0	
 2  1      0 97505696   8948  69680    0    0 28656    12 38971 39375  1  0 92  7  0	
 0  2      0 97505696   8948  69680    0    0 28560     0 38305 38710  1  0 92  7  0	
 3  1      0 97505696   8948  69680    0    0 27776     0 37192 37579  1  0 92  7  0	
 2  0      0 97505696   8948  69680    0    0 28336    24 37079 37417  0  0 92  7  0	
 0  2      0 97505696   8948  69680    0    0 28624     0 38795 39078  0  0 92  7  0	
 2  0      0 97505696   8956  69672    0    0 28272    12 37127 37380  1  0 92  7  0	
 1  1      0 97505696   8956  69680    0    0 28176     0 36359 36679  1  0 92  7  0	
 0  2      0 97505696   8956  69680    0    0 27872     0 36638 36940  1  0 92  7  0	
 1  1      0 97505696   8956  69680    0    0 28592     0 37916 38283  1  0 92  7  0	
 3  0      0 97505696   8956  69680    0    0 28576     0 37300 37511  1  0 92  7  0	
 0  2      0 97505696   8956  69680    0    0 28832     0 38122 38436  1  0 92  7  0	
 1  1      0 97505696   8964  69672    0    0 28608    12 37398 37757  0  0 92  7  0	
 1  1      0 97505696   8964  69684    0    0 28928     0 37454 37736  1  0 92  7  0	
procs -----------memory---------- ---swap-- -----io---- --system-- -----cpu-----
 r  b   swpd   free   buff  cache   si   so    bi    bo   in   cs us sy id wa st
 1  1      0 97505696   8964  69684    0    0 27680     8 37975 38241  1  0 92  7  0	
 1  1      0 97505696   8964  69684    0    0 27936     0 37592 37946  1  0 92  7  0	
 1  1      0 97505696   8964  69684    0    0 27888     0 38132 38408  1  0 92  7  0	
 1  1      0 97505696   8972  69676    0    0 27568    24 38322 38609  0  0 92  7  0	
 0  2      0 97505696   8972  69676    0    0 27728     0 36312 36679  1  0 92  7  0	
 0  2      0 97505696   8972  69676    0    0 28544     0 35967 36218  1  0 92  7  0	
 2  1      0 97505696   8972  69676    0    0 28272     4 38370 38705  1  0 92  7  0	
 3  0      0 97505568   8972  69688    0    0 29104     0 37655 37936  1  0 92  7  0	
 1  1      0 97505568   8972  69688    0    0 27664     0 38035 38307  1  0 92  7  0	
 0  2      0 97505568   8980  69688    0    0 27232    12 36412 36749  0  0 92  7  0	
 3  0      0 97505568   8980  69688    0    0 28784     0 36515 36785  1  0 92  7  0	
 1  1      0 97505568   8980  69688    0    0 26848     0 36687 37014  0  0 92  7  0	
 0  2      0 97505568   8980  69688    0    0 28128     0 37457 37783  1  0 92  7  0	
 1  1      0 97505568   8980  69688    0    0 28064     0 37100 37416  1  0 92  7  0	
 1  1      0 97505568   8988  69688    0    0 28048    12 37283 37636  1  0 92  7  0	
 1  1      0 97505568   8988  69688    0    0 28000     0 37543 38057  1  0 92  7  0	
 2  0      0 97505568   8988  69688    0    0 27200     0 37368 37859  1  0 92  7  0	
 2  1      0 97505568   8988  69688    0    0 28480     0 38683 39189  1  0 92  7  0	
 2  0      0 97505568   8988  69688    0    0 28096     0 36658 37119  1  0 92  7  0	
 1  1      0 97505568   8988  69688    0    0 26784     0 37031 37496  1  0 92  7  0	
 0  2      0 97505568   8996  69688    0    0 27392    12 35974 35848  1  0 92  7  0	
procs -----------memory---------- ---swap-- -----io---- --system-- -----cpu-----
 r  b   swpd   free   buff  cache   si   so    bi    bo   in   cs us sy id wa st
 0  2      0 97505568   8996  69688    0    0 27936     0 35971 36322  1  0 92  7  0	
 3  0      0 97505568   8996  69688    0    0 27984     0 37312 37668  1  0 92  7  0	
 1  1      0 97505568   8996  69688    0    0 28064     0 37277 37580  1  0 92  7  0	
 0  2      0 97505568   8996  69688    0    0 28320     0 37612 38086  1  0 92  7  0	
 4  0      0 97505568   9004  69688    0    0 27408    12 37906 38385  1  0 92  7  0	
 1  1      0 97505568   9004  69688    0    0 26768    12 35514 36043  1  0 92  7  0	
 1  1      0 97505568   9004  69688    0    0 27328     0 37004 37433  1  0 92  7  0	
 1  1      0 97505568   9004  69688    0    0 27664     0 38282 38704  1  0 92  7  0	
 0  2      0 97505568   9004  69688    0    0 27680     0 36634 37114  1  0 92  7  0	
 1  1      0 97505568   9004  69692    0    0 27840     0 37214 37683  1  0 92  7  0	
 0  2      0 97505568   9012  69684    0    0 27056    20 35599 35949  1  0 92  7  0	
 1  1      0 97505568   9012  69684    0    0 27040     0 35649 35895  1  0 92  7  0	
 1  1      0 97505568   9012  69692    0    0 28656     0 39067 37701  1  0 92  7  0	
 2  1      0 97505568   9012  69692    0    0 27648     0 39783 38519  1  0 92  7  0	
 2  0      0 97505568   9012  69692    0    0 27488     0 36383 36373  1  0 92  7  0	
 1  2      0 97505568   9020  69684    0    0 26064    24 34955 35182  0  0 92  7  0	
 1  1      0 97505568   9020  69684    0    0 26528     0 36680 36967  1  0 92  7  0	
 0  2      0 97505568   9020  69684    0    0 26400     0 35915 36078  1  0 92  7  0	
 1  1      0 97505568   9020  69684    0    0 27792     0 35779 35965  1  0 92  7  0	
 2  0      0 97505568   9020  69692    0    0 26608     0 36611 36867  1  0 92  7  0	
 1  1      0 97505568   9020  69692    0    0 27216     8 35547 36140  1  0 92  7  0	
procs -----------memory---------- ---swap-- -----io---- --system-- -----cpu-----
 r  b   swpd   free   buff  cache   si   so    bi    bo   in   cs us sy id wa st
 3  0      0 97505568   9028  69692    0    0 27680    24 36205 36868  1  0 92  7  0	
 2  0      0 97505568   9028  69692    0    0 26624     0 35168 35729  1  0 92  7  0	
 0  2      0 97505568   9028  69692    0    0 26480     0 35237 35845  1  0 92  7  0	
 0  2      0 97505568   9028  69692    0    0 27424     0 35870 36387  1  0 92  7  0	
 1  1      0 97505568   9028  69692    0    0 27904     0 37045 37717  1  0 92  7  0	
 2  0      0 97505568   9036  69684    0    0 26928    12 36172 36601  0  0 92  7  0	
 1  1      0 97505568   9036  69684    0    0 26560     0 35836 36415  1  0 92  7  0	
 0  2      0 97505568   9036  69692    0    0 26560     0 34864 35453  1  0 92  7  0	
 2  0      0 97505568   9036  69692    0    0 27136     0 36203 36748  1  0 92  7  0	
 3  0      0 97505568   9036  69696    0    0 26400     0 35462 36114  1  0 92  7  0	
 1  1      0 97505568   9036  69696    0    0 27616     0 36793 37493  1  0 92  7  0	
 2  0      0 97505568   9044  69688    0    0 28064    12 37020 37639  1  0 92  7  0	
 0  2      0 97505568   9044  69688    0    0 26736     0 36432 37042  1  0 92  7  0	
 0  2      0 97505568   9044  69688    0    0 28000     0 37481 38019  1  0 92  7  0	
 1  1      0 97505568   9044  69688    0    0 27504     0 35454 35826  1  0 92  7  0	
 0  2      0 97505568   9044  69696    0    0 27216     0 35140 35637  1  0 92  7  0	
 0  2      0 97505568   9052  69696    0    0 28272    12 37315 37970  1  0 92  7  0	
 1  1      0 97505568   9052  69696    0    0 26544     0 36179 36978  1  0 92  6  0	
 0  2      0 97505568   9052  69696    0    0 27856     0 37140 37673  1  0 92  7  0	
 3  0      0 97505568   9052  69696    0    0 27696     0 36511 36985  1  0 92  7  0	
 1  1      0 97505568   9052  69696    0    0 26544    16 36372 37072  0  0 92  7  0	
procs -----------memory---------- ---swap-- -----io---- --system-- -----cpu-----
 r  b   swpd   free   buff  cache   si   so    bi    bo   in   cs us sy id wa st
 0  3      0 97505568   9052  69696    0    0 25632     8 33633 34139  1  0 92  7  0	
 2  0      0 97505568   9060  69692    0    0 26768     4 34589 35113  1  0 92  7  0	
 2  0      0 97505568   9060  69700    0    0 27376     0 36704 37376  1  0 92  7  0	
 1  1      0 97505568   9060  69700    0    0 26960     0 35484 35931  1  0 92  7  0	
 2  0      0 97505568   9060  69700    0    0 26816     8 36546 37231  1  0 92  7  0	
 1  1      0 97505568   9060  69700    0    0 26416     0 34648 35274  1  0 92  7  0	
 1  1      0 97505568   9068  69692    0    0 26976    24 35276 35581  1  0 92  7  0	
 1  1      0 97505568   9068  69692    0    0 28192     0 35745 36138  1  0 92  7  0	
 0  2      0 97505568   9068  69700    0    0 25792     0 32622 33213  0  0 92  7  0	
 1  1      0 97505568   9068  69700    0    0 27232     8 35558 36263  1  0 92  7  0	
 1  1      0 97505568   9068  69700    0    0 27088     0 34299 34874  0  0 92  7  0	
 2  0      0 97505568   9076  69700    0    0 27184    28 36527 37128  1  0 92  7  0	
 0  2      0 97505568   9076  69700    0    0 27248     0 36670 37206  1  0 92  7  0	
 2  0      0 97505568   9076  69700    0    0 27232     0 35564 36277  1  0 92  7  0	
 0  2      0 97505568   9076  69700    0    0 27168     0 35795 36471  1  0 92  7  0	
 0  2      0 97505568   9076  69700    0    0 27120     0 35296 35961  1  0 92  7  0	
 0  2      0 97505568   9076  69700    0    0 27824     0 35062 35586  1  0 92  7  0	
 1  1      0 97505568   9084  69692    0    0 27040    12 35070 35504  1  0 92  7  0	
 3  0      0 97505568   9084  69700    0    0 28160     0 36551 36997  1  0 92  7  0	
 2  1      0 97505568   9084  69700    0    0 28880     0 36648 37105  1  0 92  7  0	
 0  2      0 97505568   9084  69700    0    0 27424     0 37458 37865  0  0 92  7  0	
procs -----------memory---------- ---swap-- -----io---- --system-- -----cpu-----
 r  b   swpd   free   buff  cache   si   so    bi    bo   in   cs us sy id wa st
 1  1      0 97505568   9084  69700    0    0 28272     0 37976 38647  1  0 92  6  0	
 1  1      0 97505568   9092  69692    0    0 28080    12 36171 36767  1  0 92  7  0	
 1  1      0 97505568   9092  69692    0    0 28320     0 37960 38293  1  0 92  7  0	
 3  0      0 97505568   9092  69692    0    0 28352     0 38286 38536  1  0 92  7  0	
 0  2      0 97505568   9092  69692    0    0 28528     0 36951 37236  1  0 92  7  0	
 1  1      0 97505568   9092  69700    0    0 26672     0 37280 37587  1  0 92  7  0	
 2  1      0 97505568   9092  69700    0    0 27312     0 36804 37124  0  0 92  7  0	
 2  0      0 97505568   9100  69692    0    0 27008    12 38116 38392  1  0 92  7  0	
 1  1      0 97505568   9100  69692    0    0 26992     0 35386 35863  1  0 92  7  0	
 3  1      0 97505568   9100  69700    0    0 27104     0 36931 37277  1  0 92  7  0	
 2  1      0 97505568   9100  69700    0    0 27696     0 36751 37105  1  0 92  7  0	
 3  0      0 97505568   9100  69704    0    0 26880     0 36438 36833  1  0 92  7  0	
 1  1      0 97505568   9108  69700    0    0 27344    12 35460 35991  1  0 92  7  0	
 2  0      0 97505568   9108  69704    0    0 26960     0 36774 37117  0  0 92  7  0	
 1  1      0 97505568   9108  69704    0    0 28608     4 36540 36912  1  0 92  7  0	
 0  2      0 97505568   9108  69704    0    0 27120     0 36035 36340  1  0 92  7  0	
 2  0      0 97505568   9108  69704    0    0 28144     0 36736 37156  1  0 92  7  0	
 2  0      0 97505568   9108  69708    0    0 28512     0 37331 37697  1  0 92  7  0	
 1  1      0 97505568   9116  69708    0    0 28320    12 38158 38463  1  0 92  7  0	
 2  1      0 97505568   9116  69708    0    0 27872    32 38309 38673  0  0 92  7  0	
 2  0      0 97505568   9116  69708    0    0 28144     0 36868 37218  1  0 92  7  0	
procs -----------memory---------- ---swap-- -----io---- --system-- -----cpu-----
 r  b   swpd   free   buff  cache   si   so    bi    bo   in   cs us sy id wa st
 0  2      0 97505568   9116  69708    0    0 29264     0 37182 37473  1  0 92  7  0	
 2  0      0 97505568   9116  69708    0    0 29088     0 38577 38950  1  0 92  7  0	
 2  1      0 97505568   9124  69704    0    0 29168    24 39006 39430  1  0 92  7  0	
 0  2      0 97505568   9124  69704    0    0 28832     0 36510 36927  1  0 92  7  0	
 2  0      0 97505568   9124  69704    0    0 28048     0 36506 36944  1  0 92  7  0	
 0  2      0 97505568   9124  69708    0    0 27888     0 38747 39110  1  0 92  7  0	
 2  1      0 97505568   9124  69708    0    0 27280     0 37395 37743  1  0 92  7  0	
 1  1      0 97505568   9124  69708    0    0 28336     0 36181 36530  1  0 92  7  0	
 1  1      0 97505568   9132  69708    0    0 27584    12 36589 36971  1  0 92  7  0	
 2  1      0 97505568   9132  69708    0    0 27648     0 38168 38567  1  0 92  7  0	
 0  2      0 97505568   9132  69708    0    0 27808     0 38175 38567  1  0 92  7  0	
 1  1      0 97505568   9132  69708    0    0 28096     0 37008 37397  1  0 92  7  0	
 2  0      0 97505568   9132  69708    0    0 28736     0 37077 37526  1  0 92  7  0	
 1  2      0 97505568   9140  69700    0    0 28640    12 37400 37721  1  0 92  7  0	
 2  0      0 97505568   9140  69700    0    0 28800     0 37620 37951  1  0 92  7  0	
 0  2      0 97505568   9140  69700    0    0 28416     0 37945 38419  1  0 92  7  0	
 0  2      0 97505568   9140  69708    0    0 28224     0 37252 37789  1  0 92  7  0	
 2  0      0 97505568   9140  69708    0    0 28144     0 37521 37917  1  0 92  7  0	
 1  1      0 97505568   9140  69708    0    0 28256     0 37443 37860  1  0 92  7  0	
 0  2      0 97505568   9148  69708    0    0 27968    20 37335 37728  1  0 92  7  0	
 1  1      0 97505568   9148  69708    0    0 27344     0 37819 38212  1  0 92  7  0	
procs -----------memory---------- ---swap-- -----io---- --system-- -----cpu-----
 r  b   swpd   free   buff  cache   si   so    bi    bo   in   cs us sy id wa st
 0  2      0 97505568   9148  69708    0    0 28480     0 37801 38275  1  0 92  7  0	
 2  0      0 97505568   9148  69708    0    0 28496     0 37331 37770  1  0 92  7  0	
 2  0      0 97505568   9148  69708    0    0 28720     8 38880 39401  0  0 92  7  0	
 0  2      0 97505568   9156  69708    0    0 27952    24 35664 36048  1  0 92  7  0	
 0  2      0 97505568   9156  69708    0    0 27280     0 37871 38146  1  0 92  7  0	
 1  1      0 97505568   9156  69708    0    0 26608     0 34770 35149  1  0 92  7  0	
 0  2      0 97505568   9156  69708    0    0 27248     0 35520 35835  1  0 92  7  0	
 3  0      0 97505568   9156  69708    0    0 28896     0 38941 39314  0  0 92  7  0	
 1  1      0 97505568   9156  69708    0    0 28224     4 37556 37929  1  0 92  7  0	
 2  0      0 97505568   9164  69700    0    0 28144    12 38532 38991  1  0 92  7  0	
 0  2      0 97505568   9164  69700    0    0 27888     0 38079 38496  1  0 92  7  0	
 2  0      0 97505568   9164  69712    0    0 28736     0 36885 37255  1  0 92  7  0	
 0  2      0 97505568   9164  69712    0    0 28912     0 36621 36996  1  0 92  7  0	
 0  2      0 97505568   9164  69716    0    0 28080    24 38049 38390  1  0 92  7  0	
 0  2      0 97505568   9172  69716    0    0 28592    12 37845 38323  1  0 92  7  0	
 1  2      0 97505568   9172  69716    0    0 27088     0 37125 37499  1  0 92  7  0	
 0  2      0 97505568   9172  69716    0    0 28720     0 38064 38480  1  0 92  7  0	
 0  2      0 97505568   9172  69716    0    0 27792     0 37265 37580  1  0 92  7  0	
 2  0      0 97505568   9172  69716    0    0 28448     0 37362 37812  1  0 92  7  0	
 3  0      0 97505568   9172  69716    0    0 26768     0 35492 36089  0  0 92  7  0	
 0  2      0 97505568   9180  69708    0    0 25440    12 35987 36438  1  0 92  7  0	
procs -----------memory---------- ---swap-- -----io---- --system-- -----cpu-----
 r  b   swpd   free   buff  cache   si   so    bi    bo   in   cs us sy id wa st
 0  2      0 97505568   9180  69708    0    0 24448     0 30993 31655  0  0 91  8  0	
 1  1      0 97505568   9180  69708    0    0 28080     0 36177 36681  1  0 92  7  0	
 3  0      0 97505568   9180  69708    0    0 27392     0 37537 38167  1  0 92  7  0	
 2  1      0 97505568   9180  69708    0    0 27184     0 36388 37066  0  0 92  7  0	
 0  2      0 97505568   9188  69700    0    0 27120    12 36509 37179  1  0 92  7  0	
 1  1      0 97505568   9188  69700    0    0 28048     0 36632 37237  1  0 93  6  0	
 3  0      0 97505568   9188  69716    0    0 27488     0 35797 36234  0  0 92  7  0	
 1  2      0 97505568   9188  69716    0    0 27680     8 36045 36596  1  0 92  7  0	
 0  2      0 97505568   9188  69716    0    0 27216     0 36760 37086  1  0 92  7  0	
 1  1      0 97505568   9188  69716    0    0 27168     0 37008 37663  1  0 92  7  0	
 1  1      0 97505568   9196  69716    0    0 28000    12 36996 37701  1  0 92  7  0	
 0  2      0 97505568   9196  69716    0    0 27216     0 33822 34464  1  0 92  7  0	
 1  1      0 97505568   9196  69716    0    0 28384     8 36678 37027  1  0 92  7  0	
 1  1      0 97505568   9196  69716    0    0 28384     0 36992 37379  1  0 92  7  0	
 0  2      0 97505568   9196  69716    0    0 27456     0 36862 37223  1  0 92  7  0	
 1  1      0 97505568   9204  69716    0    0 26768    32 36514 37137  1  0 92  7  0	
 1  1      0 97505568   9204  69716    0    0 27440     0 36464 36994  1  0 92  7  0	
 0  2      0 97505568   9204  69716    0    0 27264     0 37014 37586  1  0 92  7  0	
