procs -----------memory---------- ---swap-- -----io---- --system-- -----cpu-----
 r  b   swpd   free   buff  cache   si   so    bi    bo   in   cs us sy id wa st
 1  0      0 97509648   9248  69728    0    0  2016  1808   74   92 25  6 62  7  0	
 6  4      0 97498240   9248  69744    0    0 100432     0 143650 141513  6  2 63 28  1	
 5  3      0 97496992   9248  69744    0    0 102656     0 138239 138597  4  2 63 30  1	
 5  4      0 97496992   9248  69744    0    0 101072     0 135539 136221  4  2 62 31  1	
 5  3      0 97496992   9248  69744    0    0 103712     0 135524 135834  4  2 62 30  1	
 7  3      0 97496992   9248  69744    0    0 102208     0 138998 138277  5  2 63 29  1	
 3  6      0 97496992   9256  69744    0    0 104256    36 137377 137228  5  2 62 29  1	
 4  4      0 97496992   9256  69744    0    0 102352     0 137554 136790  5  1 63 31  1	
 5  4      0 97496992   9256  69744    0    0 103552     0 139992 140088  5  2 63 30  1	
 7  2      0 97496992   9256  69744    0    0 85168     0 114022 113213  3  2 60 34  1	
 6  3      0 97496992   9256  69744    0    0 102096     0 136944 136485  4  1 63 31  1	
 5  5      0 97496992   9264  69744    0    0 104736    12 139711 139560  4  2 63 30  1	
 6  4      0 97496992   9264  69744    0    0 105552     0 141519 140638  4  2 63 30  1	
 6  5      0 97496992   9264  69744    0    0 105776     0 139219 138990  5  2 62 30  1	
 7  2      0 97496992   9264  69744    0    0 102464     0 139418 139515  5  2 63 30  1	
 8  2      0 97496992   9264  69744    0    0 103456     0 139311 138797  5  1 63 30  1	
 5  3      0 97496992   9264  69744    0    0 103376    52 138699 138534  5  1 63 30  1	
 5  3      0 97496992   9272  69744    0    0 105152    12 140881 140367  5  2 62 29  1	
 4  4      0 97496992   9272  69744    0    0 104048     0 139682 139684  5  2 63 30  1	
 6  2      0 97496992   9272  69744    0    0 106144     0 142699 142123  5  2 63 30  1	
 6  4      0 97496992   9272  69744    0    0 105680     0 138153 138365  5  1 63 30  1	
procs -----------memory---------- ---swap-- -----io---- --system-- -----cpu-----
 r  b   swpd   free   buff  cache   si   so    bi    bo   in   cs us sy id wa st
 6  3      0 97496992   9272  69744    0    0 104928     4 142359 142272  4  2 63 30  1	
 3  5      0 97496992   9280  69744    0    0 106576    12 140277 140621  5  2 62 30  1	
 1  7      0 97496992   9280  69744    0    0 104160     0 140900 140299  4  2 63 30  1	
 5  3      0 97496992   9280  69744    0    0 102080     0 136151 135913  5  2 62 31  1	
 4  4      0 97496992   9280  69744    0    0 103696     0 139850 139206  5  2 62 30  1	
 4  5      0 97496992   9280  69744    0    0 103520     0 140010 139893  5  1 62 30  1	
 8  1      0 97496992   9280  69744    0    0 103728     0 137934 137316  4  2 63 30  1	
 4  5      0 97496992   9288  69744    0    0 103120    12 140581 140186  4  2 63 30  1	
 4  6      0 97496992   9288  69744    0    0 105008     0 137600 138218  5  1 63 30  1	
 2  6      0 97496992   9288  69744    0    0 101008     0 136586 135807  4  2 63 30  1	
 9  0      0 97496992   9288  69744    0    0 105744    16 143366 143192  5  2 63 29  1	
 7  3      0 97496992   9288  69744    0    0 105536     0 141268 141557  5  2 63 29  1	
 3  5      0 97496992   9296  69744    0    0 106720    24 140335 140497  6  1 62 30  1	
 3  6      0 97496992   9296  69748    0    0 103952     0 138338 137666  4  2 63 30  1	
 5  4      0 97496992   9296  69748    0    0 104928     0 141022 140088  4  2 63 30  1	
 4  4      0 97496992   9296  69748    0    0 105328     0 142570 142229  5  2 63 29  1	
 7  1      0 97496992   9296  69748    0    0 101824     0 136847 136362  5  2 62 30  1	
 7  2      0 97496992   9296  69748    0    0 101712     0 138535 138459  5  1 63 30  1	
 4  4      0 97496992   9304  69740    0    0 105184    12 139676 139290  5  1 63 30  1	
 6  3      0 97496992   9304  69748    0    0 106144     0 139085 138844  5  2 62 29  1	
 6  3      0 97496992   9304  69748    0    0 106144     0 141411 142402  4  2 63 29  1	
procs -----------memory---------- ---swap-- -----io---- --system-- -----cpu-----
 r  b   swpd   free   buff  cache   si   so    bi    bo   in   cs us sy id wa st
 3  5      0 97496992   9304  69748    0    0 107584     0 139658 139617  4  2 64 30  1	
 3  5      0 97496992   9304  69752    0    0 104816     0 138727 139149  4  2 63 30  1	
 7  3      0 97496992   9312  69744    0    0 102656    12 136185 137017  4  2 63 30  1	
 4  4      0 97496992   9312  69752    0    0 104112     0 140451 140561  5  2 63 29  1	
 4  4      0 97496992   9312  69752    0    0 104320     0 139958 140553  5  2 63 29  1	
 1  7      0 97496992   9312  69752    0    0 101328     0 138410 138228  5  1 62 30  1	
 7  2      0 97496992   9312  69752    0    0 103552     0 139988 139485  5  2 62 29  1	
 2  6      0 97496992   9312  69752    0    0 104368     0 137663 137567  5  2 62 30  1	
 7  1      0 97496992   9320  69752    0    0 103744    12 140095 139660  5  2 63 30  1	
 4  4      0 97496992   9320  69752    0    0 103488     0 139475 139767  5  2 62 30  1	
 5  4      0 97496992   9320  69752    0    0 101568    12 138262 138172  5  2 63 30  1	
 7  2      0 97496992   9320  69752    0    0 103776     0 136480 137295  4  2 63 30  1	
 7  3      0 97496992   9320  69752    0    0 104560     0 139854 140333  5  2 63 30  1	
 4  4      0 97496872   9328  69752    0    0 103184    12 137010 137427  5  2 63 30  1	
 3  6      0 97496872   9328  69752    0    0 104576     0 139745 140207  5  2 63 30  1	
 5  4      0 97496872   9328  69752    0    0 102016     0 136682 136880  5  2 62 30  1	
 5  4      0 97496872   9328  69752    0    0 103120     0 137625 137520  5  2 62 30  1	
11  1      0 97496872   9328  69752    0    0 102016     0 138834 139512  5  2 63 30  1	
 4  5      0 97496872   9328  69752    0    0 104384     0 137714 137613  4  2 62 30  1	
 6  4      0 97496872   9336  69752    0    0 102720    12 137719 138108  6  2 62 29  1	
 8  1      0 97496872   9336  69752    0    0 99168    16 133139 133748  4  2 63 31  1	
procs -----------memory---------- ---swap-- -----io---- --system-- -----cpu-----
 r  b   swpd   free   buff  cache   si   so    bi    bo   in   cs us sy id wa st
 3  5      0 97496872   9336  69752    0    0 104304     0 138703 138175  5  2 62 30  1	
 4  4      0 97496872   9336  69752    0    0 102288     0 136103 136179  5  1 63 30  1	
 4  5      0 97496872   9344  69744    0    0 102752    20 137259 137272  4  1 63 31  1	
 4  5      0 97496872   9344  69752    0    0 103024     0 137279 137032  4  1 63 30  1	
 4  4      0 97496872   9344  69752    0    0 103696     0 138913 138934  4  2 63 30  1	
 5  4      0 97496872   9344  69752    0    0 103152     0 137952 137889  4  2 63 30  1	
 3  5      0 97496872   9344  69756    0    0 101936     0 139103 139015  5  2 63 29  1	
 4  4      0 97496872   9344  69756    0    0 102368     0 140575 141122  5  2 63 29  1	
 7  2      0 97496872   9352  69756    0    0 104496    12 139894 140868  5  2 63 30  1	
 1  7      0 97496872   9352  69756    0    0 105408     0 141417 141105  5  2 63 30  1	
 8  1      0 97496872   9352  69756    0    0 106112     0 140147 139348  4  2 62 30  1	
 7  3      0 97496872   9352  69756    0    0 103888     0 137607 138293  5  2 63 30  1	
 5  4      0 97496872   9352  69756    0    0 102048     0 137289 137528  5  2 63 30  1	
 6  3      0 97496872   9360  69748    0    0 103824    12 137152 137003  5  1 62 30  1	
 3  5      0 97496872   9360  69756    0    0 102544     0 138997 139861  5  2 63 30  1	
 7  3      0 97496872   9360  69756    0    0 103712     0 137615 137966  5  1 62 30  1	
 6  4      0 97496872   9360  69756    0    0 105056     0 138356 138674  4  1 63 30  1	
 3  5      0 97496872   9360  69756    0    0 106144     0 141842 142063  5  2 63 29  1	
 7  2      0 97496872   9360  69756    0    0 105536     0 137589 137198  4  1 63 30  1	
 5  3      0 97496872   9368  69748    0    0 104064    12 138235 137879  5  1 62 30  1	
 4  5      0 97496872   9368  69756    0    0 104768     0 139650 139676  5  2 63 30  1	
procs -----------memory---------- ---swap-- -----io---- --system-- -----cpu-----
 r  b   swpd   free   buff  cache   si   so    bi    bo   in   cs us sy id wa st
 6  3      0 97496872   9368  69756    0    0 103312     0 139568 139689  5  1 63 30  1	
 4  4      0 97496872   9368  69760    0    0 105952     0 141187 140774  5  2 63 29  1	
 4  4      0 97496872   9368  69760    0    0 105664     0 140429 139927  5  2 63 29  1	
 6  3      0 97496872   9376  69752    0    0 104848    20 141212 141887  5  2 63 29  1	
 4  4      0 97496872   9376  69760    0    0 104400     0 141352 142029  5  2 62 29  1	
 4  4      0 97496872   9376  69760    0    0 106448     0 142941 142781  4  2 63 29  1	
 8  2      0 97496872   9376  69760    0    0 105808     0 143109 142636  4  2 64 29  1	
 5  4      0 97496872   9376  69760    0    0 104880     0 140725 140257  4  2 63 30  1	
 7  4      0 97496872   9384  69752    0    0 105664    36 138528 138723  5  2 63 29  1	
 6  3      0 97496752   9384  69760    0    0 102464     0 139499 138756  5  1 63 30  1	
 4  5      0 97496752   9384  69760    0    0 103168     0 138857 138512  5  2 62 30  1	
 8  3      0 97496752   9384  69760    0    0 105056     0 139322 138990  4  2 63 30  1	
 7  3      0 97496752   9384  69760    0    0 106336     0 142673 141941  5  2 63 29  1	
 8  2      0 97496752   9384  69760    0    0 106992     0 141424 141643  4  1 63 30  1	
 1  7      0 97496752   9392  69760    0    0 105760    12 139529 139333  5  2 63 30  1	
 5  3      0 97496752   9392  69760    0    0 102976     0 136556 136811  5  2 63 30  1	
 6  3      0 97496752   9392  69760    0    0 101888     0 137405 137852  4  2 63 30  1	
 5  3      0 97496752   9392  69764    0    0 99616     0 137431 137719  5  1 63 30  1	
 4  5      0 97496752   9392  69764    0    0 103744     0 139345 139835  5  2 63 30  1	
 3  6      0 97496752   9400  69756    0    0 103440    12 138284 138573  4  2 63 30  1	
 6  4      0 97496752   9400  69756    0    0 105344     0 143326 143647  5  2 63 29  1	
procs -----------memory---------- ---swap-- -----io---- --system-- -----cpu-----
 r  b   swpd   free   buff  cache   si   so    bi    bo   in   cs us sy id wa st
 5  3      0 97496752   9400  69764    0    0 106320     0 142657 142669  5  2 63 29  1	
 3  5      0 97496752   9400  69764    0    0 103584     0 139497 139100  5  2 62 30  1	
 3  5      0 97496752   9400  69764    0    0 104976     0 140221 140863  5  2 63 30  1	
 6  2      0 97496752   9400  69764    0    0 102544     0 137817 137895  5  1 63 30  1	
 5  3      0 97496752   9408  69756    0    0 103824    12 140951 141916  5  2 63 29  1	
 4  5      0 97496752   9408  69764    0    0 105600     0 137649 138741  5  2 63 29  1	
 1  7      0 97496752   9408  69764    0    0 101712     0 136520 136047  5  2 63 30  1	
 3  5      0 97496752   9408  69764    0    0 102272     0 137717 138203  5  1 63 30  1	
 7  2      0 97496752   9408  69764    0    0 106560     0 139412 139948  5  2 63 29  1	
 9  1      0 97496752   9416  69756    0    0 104448    16 141492 141544  5  2 63 29  1	
 5  4      0 97496752   9416  69756    0    0 101824     0 137926 138251  4  2 63 30  1	
 4  4      0 97496752   9416  69764    0    0 103168     0 139369 140108  5  2 63 30  1	
 5  3      0 97496752   9416  69764    0    0 104080     0 139505 139665  5  1 63 30  1	
 7  3      0 97496752   9416  69764    0    0 106224    12 142162 141964  5  2 63 29  1	
 0  8      0 97496752   9416  69764    0    0 104832     0 139930 139343  4  2 62 30  1	
 8  1      0 97496752   9424  69764    0    0 106736    12 140264 140868  4  2 63 30  1	
 5  3      0 97496752   9424  69764    0    0 103920     0 139683 140005  4  2 63 30  1	
 3  5      0 97496752   9424  69764    0    0 104688     0 140578 140269  5  2 62 30  1	
 7  2      0 97496752   9424  69764    0    0 104368     4 138385 139633  5  2 62 30  1	
 3  6      0 97496752   9424  69764    0    0 103088     0 136215 135714  4  2 63 30  1	
 6  2      0 97496752   9432  69756    0    0 102832    12 140365 139943  5  2 62 30  1	
procs -----------memory---------- ---swap-- -----io---- --system-- -----cpu-----
 r  b   swpd   free   buff  cache   si   so    bi    bo   in   cs us sy id wa st
 2  6      0 97496752   9432  69764    0    0 102080     0 134913 134444  4  1 63 31  1	
 4  4      0 97496752   9432  69764    0    0 101232     0 135652 135736  5  2 62 30  1	
 7  3      0 97496752   9432  69768    0    0 98688     8 136170 136330  4  2 63 30  1	
 3  5      0 97496752   9432  69768    0    0 104192     0 138173 138611  5  2 62 30  1	
 7  2      0 97496752   9432  69768    0    0 103680     0 137809 138143  5  1 62 30  1	
 5  3      0 97496752   9440  69760    0    0 103600    20 140835 140737  5  2 63 30  1	
 4  4      0 97496752   9440  69768    0    0 104384     0 138986 139280  4  2 63 30  1	
 2  6      0 97496752   9440  69768    0    0 103136     0 141015 140828  4  2 63 30  1	
 6  2      0 97496752   9440  69768    0    0 104288     0 138959 138933  5  2 62 30  1	
 0  8      0 97496752   9440  69768    0    0 103904     0 135674 135516  4  2 63 31  1	
 1  7      0 97496752   9448  69760    0    0 104016    12 142070 141796  5  2 63 29  1	
 5  4      0 97496624   9448  69772    0    0 102592     0 137372 137885  5  2 62 30  1	
 5  4      0 97496624   9448  69772    0    0 105328     0 137113 137227  5  2 62 31  1	
 6  4      0 97496624   9448  69772    0    0 104784     0 141005 141905  5  1 63 29  1	
 5  2      0 97496624   9448  69772    0    0 104848     0 139993 140596  5  1 63 29  1	
 2  6      0 97496624   9448  69772    0    0 104960     0 140695 140923  5  2 62 30  1	
 4  5      0 97496624   9456  69772    0    0 104352    12 140619 140465  5  1 63 30  1	
 4  4      0 97496624   9456  69772    0    0 107168     0 140633 140114  5  1 63 30  1	
 7  4      0 97496624   9456  69772    0    0 105056     4 138091 138656  5  2 62 30  1	
 2  5      0 97496624   9456  69772    0    0 101088     0 138183 137728  5  2 63 29  1	
 5  3      0 97496624   9456  69772    0    0 102352     0 138074 137801  5  2 62 30  1	
procs -----------memory---------- ---swap-- -----io---- --system-- -----cpu-----
 r  b   swpd   free   buff  cache   si   so    bi    bo   in   cs us sy id wa st
 7  3      0 97496624   9464  69764    0    0 106112    12 142470 142160  4  2 63 29  1	
 6  4      0 97496624   9464  69772    0    0 104560     0 139900 139386  4  1 63 30  1	
 6  2      0 97496624   9464  69772    0    0 102496     0 139415 139369  4  1 63 30  1	
 3  5      0 97496624   9464  69772    0    0 103840     0 136950 137288  5  2 62 30  1	
 4  6      0 97496624   9464  69772    0    0 105200     0 141042 140095  4  2 63 30  1	
 3  6      0 97496624   9464  69772    0    0 103760     0 138952 138768  4  2 63 30  1	
 4  4      0 97496624   9472  69772    0    0 101616    12 137433 137860  5  1 62 30  1	
 3  5      0 97496624   9472  69772    0    0 101728    16 136900 136704  5  2 62 30  1	
 4  4      0 97496624   9472  69772    0    0 103632     0 136462 136571  5  1 62 30  1	
 5  3      0 97496624   9472  69772    0    0 102544     0 138409 138287  4  2 62 30  1	
 6  3      0 97496624   9472  69772    0    0 104208     0 141139 140721  4  2 63 30  1	
 7  2      0 97496624   9480  69764    0    0 105104    20 137799 138230  5  1 62 30  1	
 4  4      0 97496624   9484  69772    0    0 104768     8 141486 141954  5  2 63 29  1	
 5  3      0 97496624   9484  69772    0    0 102320     0 140794 141585  5  2 63 30  1	
 6  4      0 97496624   9484  69772    0    0 106880     0 140016 140285  5  2 62 30  1	
 7  1      0 97496624   9484  69772    0    0 106512     0 139681 141011  5  2 63 30  1	
 3  5      0 97496624   9484  69772    0    0 103360     0 139072 139526  5  1 63 30  1	
 4  5      0 97496624   9492  69772    0    0 104448    28 140055 139611  4  2 63 30  1	
 4  4      0 97496624   9492  69772    0    0 102320     0 138191 137275  5  2 62 30  1	
 2  6      0 97496624   9492  69772    0    0 104208     0 141041 140247  5  2 62 30  1	
 5  4      0 97496624   9492  69772    0    0 104160     0 139968 140588  5  2 63 30  1	
procs -----------memory---------- ---swap-- -----io---- --system-- -----cpu-----
 r  b   swpd   free   buff  cache   si   so    bi    bo   in   cs us sy id wa st
 5  3      0 97496624   9492  69772    0    0 106976     0 141746 141945  6  2 62 29  1	
 1  7      0 97496624   9500  69772    0    0 105184    12 140662 140624  5  2 62 29  1	
 5  3      0 97496624   9500  69780    0    0 107264     0 142380 141636  5  2 63 30  1	
 4  4      0 97496624   9500  69780    0    0 107104     0 140886 141152  5  2 63 30  1	
 4  5      0 97496624   9500  69780    0    0 107136     0 142701 142277  5  2 63 29  1	
 5  3      0 97496624   9500  69780    0    0 105568     0 140962 141109  4  2 63 30  1	
 5  4      0 97496624   9500  69780    0    0 103584     0 138477 137856  5  1 63 30  1	
 3  5      0 97496624   9508  69772    0    0 105424    12 138533 138618  5  2 62 30  1	
 1  7      0 97496624   9508  69780    0    0 103728     0 139623 140488  5  2 63 30  1	
 7  3      0 97496624   9508  69780    0    0 102336     0 135064 135328  5  2 62 30  1	
 3  5      0 97496624   9508  69780    0    0 106496     0 142423 142277  6  2 62 29  1	
 4  5      0 97496624   9508  69780    0    0 106096     0 140933 142048  5  2 63 29  1	
 3  5      0 97496624   9516  69780    0    0 105984    12 138683 139649  5  1 62 30  1	
 4  5      0 97496624   9516  69780    0    0 105296     0 140441 140756  5  2 62 30  1	
 4  5      0 97496624   9516  69780    0    0 107056     0 140887 140619  4  2 63 30  1	
 5  4      0 97496624   9516  69780    0    0 105584     0 139067 139575  5  1 63 30  1	
 3  5      0 97496624   9516  69780    0    0 102944     0 140146 139723  5  2 63 29  1	
 7  1      0 97496624   9520  69780    0    0 103504     8 139312 138728  5  2 63 29  1	
 7  3      0 97496624   9528  69780    0    0 106288    28 139753 139319  4  1 63 30  1	
 5  3      0 97496624   9528  69780    0    0 102432     0 137153 136485  5  1 62 30  1	
 2  6      0 97496624   9528  69780    0    0 105312     0 137894 138280  5  2 63 30  1	
procs -----------memory---------- ---swap-- -----io---- --system-- -----cpu-----
 r  b   swpd   free   buff  cache   si   so    bi    bo   in   cs us sy id wa st
 5  4      0 97496624   9528  69780    0    0 103408     0 141441 141429  5  2 63 29  1	
 3  5      0 97496624   9528  69780    0    0 106672    28 143081 143176  5  2 63 29  1	
 6  3      0 97496624   9536  69772    0    0 106960    24 144056 143743  5  2 63 29  1	
 1  7      0 97496624   9536  69780    0    0 105520     0 142995 143326  5  2 63 29  1	
 6  3      0 97496624   9536  69780    0    0 105600     0 142328 142558  5  2 63 29  1	
 3  5      0 97496624   9536  69780    0    0 106160     0 142901 142163  6  1 63 29  1	
 4  4      0 97495352   9536  69784    0    0 106720     0 142026 141718  6  2 62 30  1	
 5  4      0 97495232   9536  69784    0    0 105232     0 143512 143414  5  2 63 29  1	
 3  5      0 97495232   9544  69784    0    0 104576    16 138772 139038  5  2 62 30  1	
 5  3      0 97495632   9544  69784    0    0 104272     0 140569 140939  5  2 63 29  1	
 4  4      0 97495632   9544  69784    0    0 108640     0 145627 145754  5  2 63 29  1	
 3  6      0 97495632   9544  69784    0    0 107328     0 143273 142760  5  2 63 29  1	
 2  6      0 97495632   9544  69784    0    0 108912     0 143618 144917  5  2 63 29  1	
 5  4      0 97495632   9552  69776    0    0 107568    20 143259 143840  5  2 63 29  1	
10  1      0 97495632   9552  69788    0    0 107808     0 141548 141734  5  2 62 29  1	
 4  4      0 97495632   9552  69788    0    0 104976     0 141141 140739  5  2 63 29  1	
 6  3      0 97495632   9552  69788    0    0 106976     0 142176 142315  6  2 63 29  1	
 3  5      0 97495632   9552  69788    0    0 107344     0 142531 141783  4  2 63 29  1	
 7  2      0 97495632   9552  69788    0    0 107488     0 141038 140924  5  2 63 29  1	
 8  2      0 97495632   9560  69788    0    0 105840    12 139715 140778  5  2 63 29  1	
 7  2      0 97495632   9560  69788    0    0 107344     0 140384 140711  4  2 63 30  1	
procs -----------memory---------- ---swap-- -----io---- --system-- -----cpu-----
 r  b   swpd   free   buff  cache   si   so    bi    bo   in   cs us sy id wa st
 8  4      0 97495632   9560  69788    0    0 106240     0 141539 141052  5  1 63 29  1	
 3  5      0 97495632   9560  69792    0    0 106784     0 140871 140353  5  1 63 30  1	
 4  5      0 97495632   9560  69792    0    0 103328     0 138299 137769  5  2 62 30  1	
 6  4      0 97495632   9568  69792    0    0 103840    16 138399 138805  4  1 63 30  1	
 6  3      0 97495632   9568  69792    0    0 104048     0 138411 138433  5  2 63 29  1	
 4  4      0 97495632   9568  69792    0    0 105824     0 140552 140399  4  2 63 30  1	
 1  7      0 97495632   9568  69792    0    0 104800     0 140344 140260  5  2 63 30  1	
 4  5      0 97495632   9568  69792    0    0 107040     0 141360 141641  5  2 63 29  1	
 7  1      0 97495632   9576  69784    0    0 106064    12 141778 141948  5  2 63 29  1	
 6  3      0 97495632   9576  69792    0    0 107104     0 141591 141807  5  2 63 30  1	
 3  5      0 97495632   9576  69792    0    0 109152    16 141821 142696  5  2 63 29  1	
 6  3      0 97495632   9576  69792    0    0 107680     0 141548 141772  6  1 63 29  1	
 7  2      0 97494640   9576  69792    0    0 104288     0 141447 141976  6  2 63 29  1	
 5  3      0 97494240   9576  69796    0    0 103360     0 138750 138654  5  1 63 30  1	
 6  3      0 97494240   9584  69796    0    0 103680    32 142152 142094  5  1 63 29  1	
 5  4      0 97493864   9584  69796    0    0 106688     0 141953 141174  5  2 63 30  1	
 1  7      0 97493864   9584  69796    0    0 106672    40 139956 140253  5  2 63 29  1	
 5  3      0 97493864   9584  69796    0    0 104112     0 137732 138675  5  2 63 29  1	
 3  5      0 97493864   9584  69796    0    0 106416     0 141022 141662  5  2 63 29  1	
 5  3      0 97495008   9592  69792    0    0 106192    40 139537 139284  5  2 62 30  1	
 5  3      0 97495008   9592  69796    0    0 106016     0 140546 141274  5  1 63 30  1	
procs -----------memory---------- ---swap-- -----io---- --system-- -----cpu-----
 r  b   swpd   free   buff  cache   si   so    bi    bo   in   cs us sy id wa st
 4  4      0 97495008   9592  69796    0    0 107552     4 141952 141739  5  2 63 29  1	
 3  5      0 97495008   9592  69796    0    0 107616     0 139630 139712  4  2 63 29  1	
 4  5      0 97495008   9592  69796    0    0 103376     0 139653 140452  5  2 63 30  1	
 5  4      0 97495008   9592  69796    0    0 106416     0 141217 140322  6  1 63 29  1	
 5  4      0 97495008   9600  69796    0    0 107376    12 143563 143728  4  2 64 29  1	
 7  3      0 97495008   9600  69796    0    0 107552     0 139990 139421  5  2 63 30  1	
 7  3      0 97495008   9600  69800    0    0 108496     0 142471 142761  5  2 63 29  1	
 6  4      0 97495008   9600  69800    0    0 107200     0 142357 142679  4  2 64 29  1	
 4  4      0 97495008   9600  69800    0    0 106352     0 142470 142762  5  1 63 29  1	
 5  3      0 97495008   9608  69792    0    0 108464    12 141979 142005  5  2 63 29  1	
 5  3      0 97495008   9608  69800    0    0 107088     4 143136 143428  5  2 63 29  1	
 6  2      0 97495008   9608  69800    0    0 108768     0 141790 142252  5  1 63 30  1	
 7  2      0 97495008   9608  69800    0    0 108064     0 144623 144269  5  2 63 29  1	
 3  5      0 97495008   9608  69800    0    0 106992     0 140625 140420  6  1 62 29  1	
 6  6      0 97495008   9608  69800    0    0 107984     0 141784 141694  5  2 63 29  1	
 2  6      0 97495008   9616  69800    0    0 107312    12 142943 142087  5  2 63 29  1	
 6  3      0 97495008   9616  69800    0    0 105792     0 140949 140365  5  2 63 29  1	
 2  7      0 97495008   9616  69800    0    0 107216     0 142790 142211  5  2 63 29  1	
 6  2      0 97495008   9616  69800    0    0 106320     0 140540 140941  5  2 63 30  1	
 3  5      0 97495008   9616  69800    0    0 106864     0 145340 144919  5  2 63 29  1	
 5  3      0 97495008   9624  69792    0    0 107152    16 142438 143353  5  2 63 29  1	
procs -----------memory---------- ---swap-- -----io---- --system-- -----cpu-----
 r  b   swpd   free   buff  cache   si   so    bi    bo   in   cs us sy id wa st
 6  3      0 97495008   9624  69800    0    0 106224     0 142701 142588  5  2 63 29  1	
 6  3      0 97495008   9624  69804    0    0 108224     0 143738 144090  4  1 64 29  1	
 3  5      0 97495008   9624  69804    0    0 105120     0 141514 141446  6  2 63 29  1	
 5  3      0 97495008   9624  69804    0    0 105840     0 138984 139618  4  2 63 29  1	
 4  4      0 97495008   9624  69804    0    0 106336    12 139902 140037  5  2 62 30  1	
 6  3      0 97495008   9632  69804    0    0 106784    24 139739 140732  5  2 62 30  1	
 5  4      0 97495008   9632  69804    0    0 107504     0 141729 142061  5  2 63 30  1	
 3  5      0 97495008   9632  69804    0    0 105712     0 141349 141373  5  2 63 30  1	
 4  4      0 97495008   9632  69804    0    0 107296     0 144070 144129  5  2 63 29  1	
 4  5      0 97495008   9632  69804    0    0 107216    44 143111 143365  5  2 63 29  1	
 3  5      0 97495008   9640  69804    0    0 107232    12 140752 140223  5  1 63 30  1	
 3  5      0 97495008   9640  69804    0    0 107520     0 142846 143297  5  2 63 29  1	
 6  2      0 97495008   9640  69804    0    0 105568     0 141655 141566  5  2 63 29  1	
 6  2      0 97495008   9640  69804    0    0 102800     0 138293 138484  5  2 63 30  1	
 1  7      0 97495008   9640  69804    0    0 107888     0 143318 143402  5  2 63 29  1	
 9  2      0 97495008   9640  69804    0    0 109088     0 143089 143408  5  2 63 29  1	
 7  3      0 97495008   9648  69796    0    0 107424    12 144990 144909  6  2 63 29  1	
 7  1      0 97495008   9648  69804    0    0 108592     0 143516 143799  5  2 63 29  1	
 4  4      0 97495008   9648  69804    0    0 107888     0 141461 141908  5  2 63 29  1	
 9  1      0 97495008   9648  69808    0    0 109488     0 143420 143908  5  2 63 29  1	
 3  6      0 97495008   9648  69808    0    0 109264     0 145720 146029  5  2 64 29  1	
procs -----------memory---------- ---swap-- -----io---- --system-- -----cpu-----
 r  b   swpd   free   buff  cache   si   so    bi    bo   in   cs us sy id wa st
 7  2      0 97495008   9656  69808    0    0 106960    12 142993 143763  5  2 63 28  1	
 5  4      0 97495008   9656  69808    0    0 108864     0 141740 141587  5  2 63 29  1	
 7  2      0 97495008   9656  69808    0    0 107008     0 144171 143818  4  2 64 29  1	
 7  3      0 97492064   9656  69808    0    0 106128     0 144222 143737  6  3 61 28  1	
 4  4      0 97492064   9656  69808    0    0 106560     0 140350 140674  5  2 63 30  1	
 5  3      0 97492064   9656  69808    0    0 103904     0 140510 140432  5  1 63 30  1	
 4  5      0 97492064   9664  69808    0    0 107360    20 141903 141686  4  2 63 30  1	
 5  4      0 97492064   9664  69808    0    0 105488     0 141365 141336  6  2 63 29  1	
 2  6      0 97492064   9664  69808    0    0 106832     0 139287 140171  5  2 62 30  1	
 3  5      0 97492064   9664  69808    0    0 105840     8 140478 141069  5  2 63 30  1	
 7  1      0 97492064   9664  69808    0    0 106528     0 139769 140577  5  2 62 30  1	
 6  3      0 97492064   9672  69808    0    0 107040    24 138649 138552  5  2 63 30  1	
 4  5      0 97492064   9672  69808    0    0 106592     0 141203 141634  5  2 63 29  1	
 2  7      0 97492064   9672  69808    0    0 103824     0 137585 137246  5  2 62 30  1	
 2  6      0 97492064   9672  69808    0    0 104016     8 137422 137977  5  2 62 29  1	
 4  5      0 97492064   9672  69808    0    0 104208     0 139501 139590  4  1 63 30  1	
 3  6      0 97492064   9672  69808    0    0 104832     0 139850 140827  4  2 63 30  1	
 7  2      0 97492064   9680  69808    0    0 103472    24 136777 135954  5  2 63 30  1	
 6  4      0 97492064   9680  69808    0    0 104208     0 139158 138814  5  2 62 30  1	
 3  5      0 97492064   9680  69808    0    0 106160     0 140621 141171  5  2 62 30  1	
 3  6      0 97492064   9680  69808    0    0 106576     0 143243 143650  5  2 63 29  1	
procs -----------memory---------- ---swap-- -----io---- --system-- -----cpu-----
 r  b   swpd   free   buff  cache   si   so    bi    bo   in   cs us sy id wa st
 8  2      0 97492064   9680  69808    0    0 108272     0 142696 142405  4  2 63 29  1	
 5  3      0 97492064   9688  69804    0    0 108384    12 144602 144705  5  2 64 29  1	
10  1      0 97492064   9688  69812    0    0 107360     0 140406 139898  5  2 63 29  1	
 6  4      0 97492064   9688  69812    0    0 105072    24 142182 142552  5  1 63 29  1	
 6  4      0 97492064   9688  69812    0    0 105904     0 143693 143402  5  2 64 29  1	
 4  4      0 97492064   9688  69812    0    0 108400     0 144186 144560  5  2 63 29  1	
 6  3      0 97492064   9688  69812    0    0 106960     0 141996 141685  5  1 63 30  1	
 8  1      0 97492064   9696  69812    0    0 106944    12 141540 141847  5  2 63 30  1	
 6  4      0 97492064   9696  69812    0    0 105472     0 140430 141043  5  2 63 29  1	
 4  4      0 97492064   9696  69812    0    0 105984     0 141181 140766  5  2 63 30  1	
 6  4      0 97492064   9696  69812    0    0 105040     0 141655 141126  5  2 63 29  1	
 3  5      0 97492064   9696  69812    0    0 108160     0 142030 142251  5  2 63 29  1	
 8  2      0 97492064   9704  69808    0    0 104768    12 141693 142141  6  2 63 29  1	
 3  5      0 97492064   9704  69816    0    0 105728     8 144217 143810  5  2 63 29  1	
 5  3      0 97492064   9704  69816    0    0 105232     0 140206 141253  5  2 63 30  1	
 6  3      0 97492064   9704  69816    0    0 108160     0 141358 142844  5  2 63 29  1	
 4  5      0 97492064   9704  69816    0    0 106256     0 140814 141958  5  2 63 29  1	
 3  5      0 97492064   9704  69816    0    0 103792     0 140970 141906  5  2 63 30  1	
 5  4      0 97492064   9712  69816    0    0 107088    12 140413 140386  5  2 63 30  1	
 8  1      0 97492064   9712  69816    0    0 106128     8 141641 142004  5  2 63 29  1	
 4  4      0 97492064   9712  69816    0    0 107520     0 142356 141361  5  2 63 29  1	
procs -----------memory---------- ---swap-- -----io---- --system-- -----cpu-----
 r  b   swpd   free   buff  cache   si   so    bi    bo   in   cs us sy id wa st
 2  6      0 97492064   9712  69816    0    0 107856     0 141494 142026  4  2 63 30  1	
 3  5      0 97492064   9712  69816    0    0 103520     0 138261 138312  5  2 62 29  1	
 4  4      0 97492064   9720  69816    0    0 103200    24 138355 138783  5  2 62 30  1	
 5  3      0 97492064   9720  69816    0    0 107280     8 139698 139534  5  1 63 30  1	
 4  6      0 97492064   9720  69816    0    0 104272     0 140478 139789  5  2 63 29  1	
 6  3      0 97492064   9720  69816    0    0 106800     0 140790 140138  4  2 63 30  1	
 7  2      0 97492064   9720  69816    0    0 104080     0 138513 139992  5  1 63 30  1	
 4  4      0 97492064   9720  69816    0    0 104752     0 137893 137905  4  1 63 30  1	
 6  3      0 97492064   9728  69816    0    0 106480    24 140005 139782  4  2 63 29  1	
 4  6      0 97492064   9728  69816    0    0 105584     0 140724 139728  6  1 63 29  1	
 4  4      0 97492064   9728  69816    0    0 108256     0 144276 144069  5  2 63 28  1	
 4  4      0 97492064   9728  69816    0    0 104496     0 140171 140573  5  1 63 29  1	
 6  2      0 97492064   9728  69816    0    0 105344     0 139425 140591  5  2 63 29  1	
 3  5      0 97492064   9736  69808    0    0 107264    12 140855 141127  5  2 63 29  1	
 3  5      0 97492064   9736  69816    0    0 108624     0 142747 142482  5  2 63 29  1	
 2  6      0 97492064   9736  69816    0    0 106112     0 141896 142735  5  2 63 29  1	
 3  5      0 97492064   9736  69816    0    0 105760     0 140004 140091  5  2 63 30  1	
 4  5      0 97492064   9736  69816    0    0 104608     0 138343 138477  5  2 62 30  1	
 4  4      0 97492064   9736  69816    0    0 101888    16 132663 132727  4  2 61 31  1	
 3  5      0 97492064   9744  69816    0    0 101744    12 136668 136681  5  2 62 30  1	
 3  5      0 97492064   9744  69816    0    0 105440     0 135695 136492  5  2 62 30  1	
procs -----------memory---------- ---swap-- -----io---- --system-- -----cpu-----
 r  b   swpd   free   buff  cache   si   so    bi    bo   in   cs us sy id wa st
 6  2      0 97492064   9744  69816    0    0 102304     0 138747 138169  5  2 62 29  1	
 4  5      0 97492064   9744  69816    0    0 104128     0 138206 138623  4  2 63 30  1	
 5  4      0 97492064   9744  69824    0    0 106096     0 143096 143158  4  2 64 29  1	
 3  5      0 97492064   9752  69824    0    0 106304    12 140941 140312  5  2 63 30  1	
 3  5      0 97492064   9752  69824    0    0 107472     0 142027 142781  5  1 63 29  1	
 5  4      0 97492064   9752  69824    0    0 108304     0 140239 140605  5  2 63 30  1	
 5  3      0 97492064   9752  69824    0    0 105008     0 143419 143908  6  2 63 29  1	
 6  2      0 97492064   9752  69824    0    0 105440     0 141538 141161  5  2 63 30  1	
 5  4      0 97492064   9752  69824    0    0 105680     0 139624 139417  4  1 64 29  1	
 3  5      0 97492064   9760  69824    0    0 104240    12 139402 139024  5  1 63 29  1	
 3  5      0 97492064   9760  69824    0    0 106064     0 138547 138565  4  2 63 30  1	
 4  5      0 97492064   9760  69824    0    0 107424     0 141932 142405  4  1 64 29  1	
 5  4      0 97492064   9760  69824    0    0 107408    16 142510 143290  5  2 63 29  1	
 7  3      0 97492064   9760  69824    0    0 106128     0 139838 140649  5  2 62 30  1	
 6  4      0 97492064   9768  69816    0    0 105712    28 139436 139641  5  2 62 30  1	
 6  2      0 97492064   9768  69824    0    0 107712     0 141802 141852  5  2 63 29  1	
 3  6      0 97492064   9768  69824    0    0 107616     0 142514 143330  5  1 64 29  1	
 8  2      0 97492064   9768  69824    0    0 108816     0 144703 144784  5  2 63 29  1	
 4  4      0 97492064   9768  69824    0    0 107328     0 141584 141051  5  2 63 29  1	
 6  3      0 97492064   9768  69824    0    0 103824     0 139153 139063  5  1 63 29  1	
 4  5      0 97492064   9776  69824    0    0 107232    16 142087 142567  5  2 64 29  1	
procs -----------memory---------- ---swap-- -----io---- --system-- -----cpu-----
 r  b   swpd   free   buff  cache   si   so    bi    bo   in   cs us sy id wa st
 3  5      0 97492064   9776  69824    0    0 106480     0 143470 144427  5  2 64 29  1	
 5  4      0 97492064   9776  69824    0    0 106528     0 143085 142692  4  2 64 29  1	
 5  4      0 97492064   9776  69824    0    0 106384     0 140219 139946  4  2 63 30  1	
 5  4      0 97492064   9776  69824    0    0 104352     0 140324 140357  4  2 63 29  1	
 2  6      0 97492064   9784  69816    0    0 106576    12 143318 143454  4  2 64 29  1	
 6  2      0 97492064   9784  69824    0    0 106672     0 142401 142760  5  2 63 29  1	
 3  5      0 97492064   9784  69824    0    0 103904     0 140043 139914  5  2 63 30  1	
 6  2      0 97492064   9784  69824    0    0 105712    20 140770 141047  4  2 64 29  1	
 6  3      0 97492064   9784  69824    0    0 102480     0 138278 138652  5  2 63 29  1	
 5  3      0 97492064   9784  69824    0    0 106176     0 140484 139832  4  2 63 30  1	
 3  5      0 97492064   9792  69824    0    0 108240    12 143139 142837  5  2 63 29  1	
 3  5      0 97492064   9792  69824    0    0 102928     0 137027 137714  4  2 63 30  1	
 3  5      0 97492064   9792  69824    0    0 102864     0 137612 137865  5  2 62 31  1	
 6  2      0 97492064   9792  69824    0    0 102736     0 138015 138256  5  2 63 30  1	
 5  4      0 97492064   9792  69824    0    0 105232     0 141502 141782  5  1 63 30  1	
 4  6      0 97492064   9800  69828    0    0 103792    12 138196 138879  4  2 63 30  1	
 3  5      0 97492064   9800  69828    0    0 104368     0 137658 138353  5  2 63 29  1	
 6  2      0 97492064   9800  69828    0    0 103136     0 136868 136701  5  2 63 29  1	
 7  3      0 97492064   9800  69828    0    0 104832     0 141611 141929  5  2 63 29  1	
 4  4      0 97492064   9800  69828    0    0 108736     0 141977 142313  5  2 63 29  1	
 7  2      0 97492064   9800  69828    0    0 106368     0 141066 141026  5  2 63 30  1	
procs -----------memory---------- ---swap-- -----io---- --system-- -----cpu-----
 r  b   swpd   free   buff  cache   si   so    bi    bo   in   cs us sy id wa st
 5  5      0 97492064   9808  69828    0    0 103872    12 136331 136404  4  2 62 30  1	
 7  3      0 97492064   9808  69828    0    0 100064     4 135914 136575  5  2 62 30  1	
 4  4      0 97492064   9808  69832    0    0 102528     0 138505 138835  4  2 63 30  1	
 4  5      0 97492064   9808  69832    0    0 105184     0 137801 137750  4  2 63 29  1	
 4  5      0 97492064   9808  69832    0    0 104432     0 138643 139453  5  2 63 30  1	
 5  3      0 97492064   9816  69824    0    0 105216    12 141194 140742  4  2 63 30  1	
 8  1      0 97492064   9816  69832    0    0 99712     8 135911 135482  5  1 62 30  1	
 4  5      0 97492064   9816  69832    0    0 104736     0 138089 138366  4  1 63 30  1	
 9  0      0 97492064   9816  69832    0    0 102224     0 135776 135463  4  1 63 30  1	
 4  5      0 97492064   9816  69832    0    0 102944     0 137711 138098  5  2 62 30  1	
 3  6      0 97492064   9816  69832    0    0 102656     0 137530 137286  4  1 63 31  1	
 8  3      0 97492064   9824  69832    0    0 105680    28 140446 140667  5  2 63 29  1	
 6  4      0 97492064   9824  69832    0    0 105776     0 138569 139392  5  1 63 30  1	
 7  4      0 97492064   9824  69832    0    0 104320     0 138703 138226  4  2 62 30  1	
 6  2      0 97492064   9824  69832    0    0 105504     0 140101 139422  5  2 62 30  1	
 3  6      0 97492064   9824  69832    0    0 106432     0 142285 142307  5  2 63 30  1	
 3  5      0 97492064   9832  69832    0    0 104768    12 138081 138182  5  2 62 30  1	
 6  2      0 97492064   9832  69832    0    0 104848     0 138070 136789  5  2 62 30  1	
 8  2      0 97492064   9832  69832    0    0 104272     0 137855 137686  5  2 62 30  1	
 6  5      0 97492064   9832  69832    0    0 105984     0 141664 141027  5  2 63 30  1	
 3  5      0 97492064   9832  69832    0    0 106512     0 141305 141168  5  2 62 30  1	
procs -----------memory---------- ---swap-- -----io---- --system-- -----cpu-----
 r  b   swpd   free   buff  cache   si   so    bi    bo   in   cs us sy id wa st
 7  3      0 97492064   9832  69832    0    0 105408     8 142968 143238  4  2 64 29  1	
 5  3      0 97492064   9840  69824    0    0 105312    16 142873 143032  4  2 63 30  1	
 5  4      0 97492064   9840  69832    0    0 105536     0 140840 141292  4  2 63 30  1	
 5  3      0 97492064   9840  69832    0    0 105344     0 139816 140493  6  2 62 29  1	
 2  6      0 97492064   9840  69832    0    0 106384     0 140469 141328  5  2 62 30  1	
 7  2      0 97492064   9840  69832    0    0 104432     0 141844 141986  5  2 63 29  1	
 4  4      0 97492064   9848  69836    0    0 103872    12 138605 137907  5  1 63 30  1	
 4  4      0 97492064   9848  69836    0    0 105936     0 138847 139438  5  2 63 30  1	
 5  4      0 97492064   9848  69836    0    0 106768     0 139648 140015  4  2 63 30  1	
 2  6      0 97492064   9848  69836    0    0 104128     0 140059 140834  5  2 63 29  1	
 2  6      0 97492064   9848  69836    0    0 105136     0 139395 139402  4  2 63 30  1	
 2  6      0 97492064   9856  69828    0    0 103648    32 140012 139423  5  1 63 30  1	
 3  5      0 97492064   9856  69836    0    0 108000     0 144081 143534  5  2 63 29  1	
 3  5      0 97492064   9856  69836    0    0 108080     0 141013 141161  5  2 63 30  1	
 6  3      0 97492064   9856  69836    0    0 104288     0 137747 138220  5  2 63 30  1	
 6  3      0 97492064   9856  69836    0    0 104016     0 138304 137548  5  2 63 30  1	
 3  6      0 97492064   9856  69836    0    0 103392     8 138435 138412  5  2 63 29  1	
 4  5      0 97492064   9864  69836    0    0 103632    24 136972 136279  5  2 62 30  1	
 7  2      0 97492064   9864  69836    0    0 107680     0 142044 142000  5  2 63 30  1	
 9  1      0 97492064   9864  69836    0    0 105696     0 140241 140642  5  2 63 29  1	
 6  2      0 97492064   9864  69836    0    0 105120     0 138856 139834  4  2 63 30  1	
procs -----------memory---------- ---swap-- -----io---- --system-- -----cpu-----
 r  b   swpd   free   buff  cache   si   so    bi    bo   in   cs us sy id wa st
 4  4      0 97492064   9864  69836    0    0 103888     0 136468 135611  4  1 62 31  1	
 4  4      0 97492064   9872  69836    0    0 104656    12 139288 139266  5  1 63 30  1	
 5  3      0 97492064   9872  69836    0    0 104448     0 138616 138072  4  2 62 30  1	
 4  4      0 97492064   9872  69840    0    0 104400     0 135789 136629  5  2 62 31  1	
 5  3      0 97492064   9872  69840    0    0 101248     0 136264 136105  4  2 63 30  1	
 7  2      0 97492064   9872  69840    0    0 104816     0 137803 138343  4  2 62 30  1	
 3  5      0 97492064   9872  69840    0    0 102432     0 138295 138607  5  2 63 30  1	
 3  5      0 97492064   9880  69840    0    0 102608    12 137181 137854  5  1 62 30  1	
 6  2      0 97492064   9880  69840    0    0 103056     0 138539 138425  4  2 63 30  1	
 3  5      0 97492064   9880  69840    0    0 104976     0 136670 136183  4  2 62 31  1	
 6  2      0 97492064   9880  69840    0    0 103200     0 137491 138400  5  2 62 30  1	
 7  3      0 97492064   9880  69840    0    0 104048     0 138954 140009  5  1 62 30  1	
 3  5      0 97492064   9888  69832    0    0 103760    12 139938 140026  5  2 62 30  1	
 4  5      0 97492064   9888  69840    0    0 104864     0 141379 141114  5  2 63 30  1	
 8  2      0 97492064   9888  69840    0    0 102288     0 136570 136591  5  1 62 30  1	
 2  6      0 97492064   9888  69840    0    0 105712    16 140702 140240  4  2 63 30  1	
 7  3      0 97490920   9888  69844    0    0 107520     0 138844 139033  5  2 62 30  1	
 3  5      0 97490920   9888  69844    0    0 104192     0 137441 137990  5  2 62 30  1	
 5  3      0 97490920   9896  69844    0    0 106688    16 140238 140894  4  2 63 30  1	
 2  6      0 97490920   9896  69848    0    0 106608     0 141186 141182  5  2 63 29  1	
 5  3      0 97491944   9904  69852    0    0 101984    40 137621 137736  5  1 63 30  1	
procs -----------memory---------- ---swap-- -----io---- --system-- -----cpu-----
 r  b   swpd   free   buff  cache   si   so    bi    bo   in   cs us sy id wa st
 6  3      0 97491944   9904  69852    0    0 105296     0 139099 139311  5  2 62 30  1	
 6  3      0 97491944   9904  69852    0    0 105728     0 139118 139458  5  2 62 29  1	
 5  3      0 97491944   9904  69852    0    0 104560     0 141309 141301  5  1 63 30  1	
 5  4      0 97491944   9904  69852    0    0 104272     0 140621 140438  4  2 63 29  1	
 5  4      0 97491944   9912  69844    0    0 105216    12 140023 140567  5  2 63 30  1	
 7  4      0 97491944   9912  69852    0    0 103648    16 135996 136652  5  2 62 30  1	
 3  5      0 97491944   9912  69852    0    0 104448     0 138984 139084  4  2 63 30  1	
 3  5      0 97491944   9912  69852    0    0 103648     0 139763 140106  4  2 63 30  1	
 5  4      0 97491944   9912  69852    0    0 107680     0 140726 140993  5  2 62 29  1	
 3  5      0 97491944   9912  69852    0    0 107104     0 141168 141920  5  2 63 30  1	
 7  4      0 97491944   9920  69852    0    0 102720    28 140691 140803  5  2 63 30  1	
 6  3      0 97491944   9920  69852    0    0 105616     0 140253 140451  4  2 64 29  1	
 2  6      0 97491944   9920  69852    0    0 103952     0 138579 138702  5  2 63 30  1	
 3  5      0 97491944   9920  69852    0    0 101792     0 134197 134541  5  2 63 30  1	
 3  5      0 97491944   9920  69852    0    0 103360     0 136506 136865  5  2 62 29  1	
 8  3      0 97491944   9928  69844    0    0 102576    12 138565 138259  4  2 63 30  1	
 1  8      0 97491944   9928  69852    0    0 105008     0 139703 139437  5  2 63 29  1	
 3  5      0 97491944   9928  69852    0    0 103552     0 139422 139155  5  1 63 30  1	
 2  6      0 97491944   9928  69852    0    0 101552     0 134018 133821  4  2 62 30  1	
 3  5      0 97491944   9928  69852    0    0 101904     0 135910 135984  4  2 62 30  1	
 5  4      0 97491944   9928  69852    0    0 102016     0 136326 135415  4  1 63 30  1	
procs -----------memory---------- ---swap-- -----io---- --system-- -----cpu-----
 r  b   swpd   free   buff  cache   si   so    bi    bo   in   cs us sy id wa st
 5  4      0 97491944   9936  69852    0    0 104064    12 136000 135935  4  1 63 30  1	
 6  3      0 97491944   9936  69852    0    0 103984     0 140379 140164  4  2 63 30  1	
 5  5      0 97491944   9936  69852    0    0 102944     0 138048 138565  5  2 63 29  1	
 4  5      0 97491944   9936  69856    0    0 102864     0 136667 137038  4  2 63 30  1	
 3  6      0 97491944   9936  69856    0    0 102544     4 134604 134170  5  1 62 30  1	
 6  2      0 97491944   9944  69848    0    0 104736    12 137785 137645  4  2 63 30  1	
 2  6      0 97491944   9944  69856    0    0 105968     0 139765 140362  5  2 63 29  1	
 8  1      0 97491944   9944  69856    0    0 104752     0 140825 141095  5  1 62 30  1	
 3  5      0 97491944   9944  69856    0    0 107056     0 141526 142131  4  2 63 29  1	
 4  5      0 97491944   9944  69856    0    0 105104    40 139766 139043  4  2 63 30  1	
 4  4      0 97491944   9944  69856    0    0 104560     0 139428 139442  5  2 63 30  1	
 5  3      0 97491944   9952  69860    0    0 106224    28 142152 141983  4  2 63 30  1	
 7  3      0 97491944   9952  69860    0    0 106048     0 140229 139364  5  2 63 29  1	
 3  4      0 97491944   9952  69860    0    0 106368     0 139794 140123  5  2 63 30  1	
 6  3      0 97491944   9952  69860    0    0 106880     8 140017 139277  5  2 63 29  1	
 1  7      0 97491944   9952  69860    0    0 107264     0 140870 140254  4  2 63 30  1	
 7  4      0 97491944   9960  69860    0    0 101120    24 139239 138888  5  2 63 30  1	
 4  4      0 97491944   9960  69860    0    0 108464     0 139548 139489  4  2 63 30  1	
 5  4      0 97491944   9960  69860    0    0 107152     0 143006 143007  4  2 64 29  1	
 4  4      0 97491944   9960  69860    0    0 106512     8 141160 141776  5  2 63 30  1	
 4  4      0 97491944   9960  69860    0    0 105728     0 140580 140912  5  2 62 29  1	
procs -----------memory---------- ---swap-- -----io---- --system-- -----cpu-----
 r  b   swpd   free   buff  cache   si   so    bi    bo   in   cs us sy id wa st
 9  2      0 97491944   9964  69856    0    0 105360    24 138498 138738  5  1 63 30  1	
 3  5      0 97491944   9968  69860    0    0 101216     4 137801 137586  5  1 63 30  1	
 3  6      0 97491944   9968  69860    0    0 106048     0 139934 140128  5  2 62 30  1	
 7  2      0 97491944   9968  69860    0    0 104560     0 136172 136519  5  1 63 30  1	
 6  2      0 97491944   9968  69860    0    0 104704     0 142622 143223  5  2 63 29  1	
 4  4      0 97491944   9968  69860    0    0 104608     0 138477 139058  5  2 63 29  1	
 3  5      0 97491944   9976  69860    0    0 105792    12 138930 139811  4  1 63 30  1	
 2  6      0 97491944   9976  69860    0    0 105360     0 139139 140010  5  2 63 30  1	
 6  2      0 97491944   9976  69860    0    0 104160     0 140833 141802  5  2 63 29  1	
 6  2      0 97491944   9976  69860    0    0 104160     0 139386 139972  4  2 63 30  1	
 4  4      0 97491944   9976  69860    0    0 104176     0 140851 140605  4  2 63 30  1	
 6  2      0 97491944   9984  69852    0    0 101808    12 136919 137041  5  1 63 30  1	
 9  1      0 97491944   9984  69860    0    0 105632     0 141537 141513  5  2 63 30  1	
 2  6      0 97491944   9984  69860    0    0 103376     0 135370 135771  5  1 62 30  1	
 4  4      0 97491944   9984  69860    0    0 103888     0 139248 139424  5  2 62 30  1	
 3  6      0 97491944   9984  69860    0    0 105648     0 139739 139894  5  2 62 30  1	
 0  8      0 97491944   9984  69860    0    0 107616     0 142035 141664  5  2 63 30  1	
 7  2      0 97491944   9992  69860    0    0 105056    12 141005 140175  5  1 63 30  1	
 6  2      0 97491944   9992  69860    0    0 106880     0 139401 140008  5  2 63 29  1	
 4  4      0 97491944   9992  69860    0    0 106352     0 141556 141382  5  2 63 29  1	
 4  4      0 97491944   9992  69860    0    0 106352     0 139709 139957  5  2 62 30  1	
procs -----------memory---------- ---swap-- -----io---- --system-- -----cpu-----
 r  b   swpd   free   buff  cache   si   so    bi    bo   in   cs us sy id wa st
 4  4      0 97491944   9992  69860    0    0 105504     0 139338 139226  5  2 63 29  1	
 1  8      0 97491944  10000  69860    0    0 107424    12 140000 139531  5  2 63 30  1	
 6  2      0 97491944  10000  69860    0    0 104160     0 138788 139275  5  2 63 29  1	
 3  5      0 97491944  10000  69864    0    0 106864    28 139444 140490  5  2 63 29  1	
 3  5      0 97491944  10000  69868    0    0 105808     0 143321 143635  5  2 63 29  1	
 3  5      0 97491944  10000  69868    0    0 107216     0 140482 141238  5  2 63 29  1	
 4  6      0 97491944  10000  69868    0    0 104496     0 139346 139467  5  1 63 29  1	
 5  4      0 97491944  10008  69868    0    0 105088    12 139823 139775  5  2 63 29  1	
 4  5      0 97491944  10008  69868    0    0 104512    20 137417 137005  5  2 62 29  1	
 6  3      0 97491944  10008  69868    0    0 104432     0 137103 137090  4  1 63 30  1	
 5  4      0 97491944  10008  69868    0    0 107248     0 141936 142209  5  2 64 29  1	
 7  2      0 97491944  10008  69868    0    0 105952     0 141563 141712  5  2 62 29  1	
 5  3      0 97491944  10016  69860    0    0 103968    28 137192 136235  5  2 63 30  1	
 3  5      0 97491944  10016  69868    0    0 105504     0 138555 138481  4  1 63 30  1	
 7  2      0 97491944  10016  69868    0    0 107376     0 140392 140179  5  2 63 30  1	
 5  3      0 97491944  10016  69868    0    0 107120     0 143934 144601  6  2 63 29  1	
 0  8      0 97491944  10016  69868    0    0 107872     0 140183 139766  5  1 63 30  1	
 6  3      0 97491944  10016  69868    0    0 104352     0 139945 140324  5  1 63 29  1	
 4  4      0 97491944  10024  69868    0    0 104688    12 139389 140666  5  2 63 29  1	
 5  4      0 97491944  10024  69868    0    0 102912     0 138579 138087  4  2 63 30  1	
 3  6      0 97491944  10024  69868    0    0 106128     0 140622 140583  5  2 63 29  1	
procs -----------memory---------- ---swap-- -----io---- --system-- -----cpu-----
 r  b   swpd   free   buff  cache   si   so    bi    bo   in   cs us sy id wa st
 4  4      0 97491824  10024  69872    0    0 106752     0 142896 143557  5  2 63 29  1	
 7  2      0 97491824  10024  69872    0    0 104496     0 140762 140978  5  1 63 29  1	
 6  3      0 97491824  10032  69872    0    0 107632    20 142295 142610  5  2 63 29  1	
 3  5      0 97491824  10032  69872    0    0 106976     0 141280 141633  5  2 63 29  1	
 6  4      0 97491824  10032  69872    0    0 106368     0 142945 143480  5  2 63 29  1	
 5  4      0 97491824  10032  69872    0    0 107968     0 139348 138891  4  2 63 30  1	
 3  6      0 97491824  10032  69872    0    0 104656     0 140286 140600  5  2 63 30  1	
 3  6      0 97491824  10032  69872    0    0 105456     0 138533 138628  5  1 62 30  1	
 6  4      0 97491824  10040  69872    0    0 108016    12 142044 141724  5  2 63 29  1	
 7  3      0 97491824  10040  69872    0    0 104160     0 139422 139448  4  2 63 30  1	
 3  5      0 97491824  10040  69872    0    0 105376     0 139428 139537  5  2 62 30  1	
 6  3      0 97491824  10040  69872    0    0 104416     0 140817 140323  5  1 63 29  1	
 5  3      0 97491824  10040  69872    0    0 105968     0 142614 143319  6  2 63 29  1	
 4  5      0 97491824  10048  69864    0    0 106192    12 143271 143858  5  2 63 29  1	
 4  4      0 97491824  10048  69872    0    0 106064     0 141204 141463  5  2 63 29  1	
 4  6      0 97491824  10048  69872    0    0 104464     0 135970 135679  5  1 62 31  1	
 4  4      0 97491824  10048  69872    0    0 104640     0 142297 141724  5  2 63 30  1	
 4  4      0 97491824  10048  69876    0    0 104272     0 139487 139209  4  2 63 30  1	
 1  7      0 97491824  10048  69876    0    0 101808    36 136763 137512  5  2 62 30  1	
 4  4      0 97491824  10056  69876    0    0 101840    24 135793 135339  5  1 62 30  1	
 6  2      0 97491824  10056  69876    0    0 104672     0 138237 138392  5  2 62 30  1	
procs -----------memory---------- ---swap-- -----io---- --system-- -----cpu-----
 r  b   swpd   free   buff  cache   si   so    bi    bo   in   cs us sy id wa st
 9  2      0 97491824  10056  69876    0    0 102928     0 138112 137989  4  2 63 30  1	
 5  4      0 97491824  10056  69876    0    0 107120     0 139811 140266  5  2 63 30  1	
 2  6      0 97491824  10056  69876    0    0 105776     0 138775 139380  5  1 63 30  1	
 6  4      0 97491824  10064  69868    0    0 106896    12 142262 141923  5  2 62 29  1	
 6  3      0 97491824  10064  69880    0    0 106640     0 140834 141072  5  1 63 30  1	
 3  5      0 97491824  10064  69880    0    0 104592     0 139764 140387  5  2 63 30  1	
 3  4      0 97491824  10064  69880    0    0 104816     0 139694 139631  5  1 63 29  1	
 7  4      0 97491824  10064  69880    0    0 106912     0 142370 142713  4  2 63 29  1	
 4  5      0 97491824  10064  69880    0    0 103504     0 138106 137859  6  2 63 29  1	
 6  5      0 97491824  10072  69872    0    0 107568    12 143168 143944  5  2 63 29  1	
 4  4      0 97491824  10072  69880    0    0 105968     0 141846 141706  5  2 63 29  1	
 3  5      0 97491824  10072  69880    0    0 105968     0 143048 143410  5  2 64 29  1	
 6  3      0 97491824  10072  69880    0    0 109168    12 141317 142011  4  2 64 29  1	
 6  2      0 97491824  10072  69880    0    0 108032     0 144829 145667  5  2 64 28  1	
 3  5      0 97491824  10080  69880    0    0 106272    28 142440 142968  4  1 65 29  1	
 4  5      0 97491824  10080  69880    0    0 107216     0 142668 142799  5  1 64 29  1	
 6  4      0 97491824  10080  69880    0    0 108240     0 143193 143092  5  2 64 29  1	
 7  2      0 97491824  10080  69880    0    0 108880     0 143799 144044  5  2 63 29  1	
 2  6      0 97491824  10080  69880    0    0 106160     0 140411 139917  4  2 63 29  1	
 1  7      0 97491824  10080  69880    0    0 104032     0 138058 138001  5  2 62 29  1	
 4  4      0 97491824  10088  69880    0    0 103648    12 136886 136850  5  2 63 29  1	
procs -----------memory---------- ---swap-- -----io---- --system-- -----cpu-----
 r  b   swpd   free   buff  cache   si   so    bi    bo   in   cs us sy id wa st
 6  2      0 97491824  10088  69880    0    0 104832     0 140135 141202  5  2 63 30  1	
 4  5      0 97491824  10088  69880    0    0 107936     0 141744 141796  5  2 63 29  1	
 3  6      0 97491824  10088  69880    0    0 105168     0 141730 142011  5  2 63 29  1	
 7  2      0 97491824  10088  69880    0    0 106336     0 141775 141607  4  2 63 30  1	
 8  2      0 97491824  10096  69872    0    0 104384    12 138153 137862  5  2 62 30  1	
 7  3      0 97491824  10096  69880    0    0 105392     0 139209 139812  5  2 63 29  1	
 5  4      0 97491824  10096  69880    0    0 105856     4 141162 141551  5  2 63 29  1	
 2  6      0 97491824  10096  69880    0    0 104240     0 137351 137626  5  2 63 29  1	
 5  4      0 97491824  10096  69884    0    0 100272     0 134776 134912  4  1 63 31  1	
 4  5      0 97491824  10096  69884    0    0 102112     0 138623 138171  5  2 63 29  1	
 2  6      0 97491824  10104  69884    0    0 106384    12 139205 139385  4  2 63 30  1	
 4  6      0 97491824  10104  69884    0    0 102960     0 138935 139090  4  2 64 29  1	
 5  3      0 97491824  10104  69884    0    0 107040    24 140273 140024  4  2 64 29  1	
 2  6      0 97491824  10104  69884    0    0 106080     0 140641 140886  5  1 63 29  1	
 5  3      0 97491824  10104  69884    0    0 106688     0 139110 139578  5  2 63 30  1	
 4  4      0 97491824  10112  69876    0    0 104192    24 138209 138914  4  2 63 30  1	
 4  5      0 97491824  10112  69884    0    0 106992     0 140934 140839  5  2 63 30  1	
 6  3      0 97491824  10112  69884    0    0 101792     0 135003 133952  5  2 63 30  1	
 6  3      0 97491824  10112  69884    0    0 103376     0 138642 138895  5  2 62 30  1	
 5  5      0 97491824  10112  69884    0    0 104256     0 138134 138086  4  2 63 30  1	
 9  3      0 97491824  10112  69884    0    0 104960     0 138603 139350  4  1 63 30  1	
procs -----------memory---------- ---swap-- -----io---- --system-- -----cpu-----
 r  b   swpd   free   buff  cache   si   so    bi    bo   in   cs us sy id wa st
 5  5      0 97491824  10120  69884    0    0 104400    12 136760 136848  5  2 63 30  1	
 4  5      0 97491824  10120  69884    0    0 104544     0 138340 138919  5  2 63 29  1	
 7  2      0 97491824  10120  69884    0    0 105216     0 139544 139551  5  1 63 30  1	
 3  5      0 97491824  10120  69884    0    0 101776     0 135579 135528  5  2 62 30  1	
 6  2      0 97491824  10120  69888    0    0 104384     0 136228 136485  5  1 62 30  1	
 6  2      0 97491824  10128  69880    0    0 106560    12 139943 139830  5  2 62 30  1	
 5  3      0 97491824  10128  69888    0    0 104960     0 140811 140746  5  2 63 29  1	
 8  1      0 97491824  10128  69888    0    0 106000     0 138076 137775  5  1 63 30  1	
 5  3      0 97491824  10128  69888    0    0 105808     0 140295 139904  5  2 63 29  1	
 6  3      0 97491824  10128  69888    0    0 105248     0 138614 139136  5  2 63 30  1	
 3  5      0 97491824  10128  69888    0    0 107984     0 140310 141608  5  2 63 29  1	
 4  5      0 97491824  10136  69888    0    0 106304    16 139327 140192  5  2 63 30  1	
 5  4      0 97491824  10136  69888    0    0 105280     0 140280 140633  5  2 63 29  1	
 5  4      0 97491824  10136  69888    0    0 106240     0 142535 142226  4  2 63 29  1	
10  2      0 97491824  10136  69888    0    0 106656     0 140521 141321  6  2 63 29  1	
 1  7      0 97491824  10136  69888    0    0 105456     0 143883 144072  5  2 64 29  1	
 4  5      0 97491824  10144  69880    0    0 104624    20 141777 141453  6  2 63 28  1	
 3  7      0 97491824  10144  69888    0    0 105584     0 143209 143798  5  2 63 29  1	
 5  4      0 97491824  10144  69888    0    0 107200     0 140572 139725  5  2 63 29  1	
 5  4      0 97491824  10144  69888    0    0 107344     0 142869 143553  5  2 63 29  1	
 8  3      0 97491824  10144  69888    0    0 106368     0 140558 141647  5  2 63 29  1	
procs -----------memory---------- ---swap-- -----io---- --system-- -----cpu-----
 r  b   swpd   free   buff  cache   si   so    bi    bo   in   cs us sy id wa st
 2  7      0 97491824  10144  69892    0    0 106880    20 139674 140563  5  2 63 30  1	
 3  6      0 97491824  10152  69892    0    0 106992     4 140583 140959  5  2 63 30  1	
 9  1      0 97491824  10152  69892    0    0 104400     0 137299 137051  5  1 62 31  1	
 6  2      0 97491824  10152  69892    0    0 107280     0 141007 141241  5  1 63 30  1	
 4  4      0 97491824  10152  69892    0    0 107248     0 144969 145196  5  2 63 29  1	
 5  4      0 97491824  10152  69892    0    0 106304    20 140872 140960  5  2 62 29  1	
 4  5      0 97491824  10160  69892    0    0 104048    24 137453 138527  5  2 62 30  1	
 5  3      0 97491824  10160  69892    0    0 101008     0 136727 136682  5  2 63 30  1	
 3  5      0 97491824  10160  69892    0    0 109088     0 144074 144432  5  2 63 29  1	
 5  3      0 97491824  10160  69892    0    0 108144     0 143213 143789  5  2 63 29  1	
 4  4      0 97491824  10160  69892    0    0 105136     0 140618 140938  5  2 63 30  1	
 3  5      0 97491824  10168  69884    0    0 106192    12 142106 142153  5  2 62 30  1	
 5  3      0 97491824  10168  69892    0    0 108048     0 144080 144355  5  2 63 29  1	
 6  3      0 97491824  10168  69892    0    0 103728     0 139013 138378  5  1 63 30  1	
 4  4      0 97491824  10168  69892    0    0 108208     0 142285 141748  4  2 63 30  1	
 8  4      0 97491824  10168  69892    0    0 105248     0 141139 140989  5  2 63 29  1	
 5  4      0 97491824  10168  69892    0    0 108064     0 141830 142442  4  1 64 29  1	
 3  5      0 97491824  10176  69892    0    0 106080    12 143081 143118  5  2 63 29  1	
 5  3      0 97491824  10176  69892    0    0 106496     0 142235 141919  5  2 63 29  1	
 5  3      0 97491824  10176  69892    0    0 105968     0 141805 142049  4  2 63 29  1	
 2  6      0 97491824  10176  69892    0    0 106992     0 142473 142991  5  2 63 29  1	
procs -----------memory---------- ---swap-- -----io---- --system-- -----cpu-----
 r  b   swpd   free   buff  cache   si   so    bi    bo   in   cs us sy id wa st
 6  3      0 97491824  10176  69892    0    0 109312     4 142259 142579  5  2 63 30  1	
 6  2      0 97491824  10184  69892    0    0 109760    12 144087 144022  5  2 64 29  1	
 5  5      0 97491824  10184  69892    0    0 108752     0 142686 142439  4  2 63 29  1	
 4  4      0 97491824  10184  69892    0    0 106592     0 139345 139874  5  2 63 29  1	
 7  2      0 97491824  10184  69892    0    0 106576     0 139060 138340  5  1 63 30  1	
 5  4      0 97491824  10184  69896    0    0 107536     0 142506 142629  5  2 63 29  1	
 2  6      0 97491824  10184  69896    0    0 104384     0 138038 137463  5  2 63 29  1	
 3  5      0 97491824  10192  69896    0    0 107248    12 139800 140586  5  2 63 30  1	
 5  3      0 97491824  10192  69896    0    0 106032     0 139301 139791  4  2 63 30  1	
 6  2      0 97491824  10192  69896    0    0 108736     0 141883 142276  6  2 63 29  1	
 5  2      0 97491824  10192  69896    0    0 106848     8 140415 140562  5  2 63 29  1	
 4  4      0 97491824  10192  69896    0    0 108752     0 141647 141702  5  2 63 29  1	
 7  3      0 97491824  10200  69900    0    0 105360    24 142322 142679  5  2 63 29  1	
 4  4      0 97491824  10200  69900    0    0 107280     0 141540 141990  5  2 63 30  1	
 3  6      0 97491824  10200  69900    0    0 107040     0 142194 142408  5  2 63 29  1	
 4  4      0 97491824  10200  69900    0    0 106640    16 143806 143172  4  2 63 29  1	
 5  3      0 97491824  10200  69900    0    0 108912     0 143206 142580  5  2 63 29  1	
 4  5      0 97491824  10208  69892    0    0 107696    24 141078 141185  5  1 63 30  1	
 4  4      0 97490544  10208  69900    0    0 104320     0 139749 140206  5  2 63 29  1	
 3  5      0 97490544  10208  69900    0    0 106368     0 140792 141065  4  2 63 30  1	
 7  2      0 97490544  10208  69900    0    0 100192     0 134515 134285  5  1 63 30  1	
procs -----------memory---------- ---swap-- -----io---- --system-- -----cpu-----
 r  b   swpd   free   buff  cache   si   so    bi    bo   in   cs us sy id wa st
 3  5      0 97490544  10208  69900    0    0 107104     0 140234 140047  5  2 63 29  1	
 6  3      0 97490544  10208  69900    0    0 106736     0 143390 143499  5  2 63 29  1	
 7  1      0 97490544  10216  69900    0    0 106112    16 141549 141036  5  2 63 30  1	
 3  5      0 97490544  10216  69900    0    0 106784     0 140747 140880  5  2 63 29  1	
 5  4      0 97490544  10216  69900    0    0 104944     0 139173 139763  5  2 63 29  1	
 2  5      0 97490544  10216  69900    0    0 104928     0 138898 139140  5  2 63 30  1	
 7  3      0 97490544  10216  69900    0    0 106544     0 143179 143291  5  2 63 29  1	
 0  8      0 97491448  10224  69896    0    0 109200    20 143808 144111  5  2 63 29  1	
 7  1      0 97491448  10224  69904    0    0 106112     0 143143 143533  6  2 62 29  1	
 7  2      0 97491448  10224  69904    0    0 105584     0 140768 141036  4  2 63 29  1	
 8  2      0 97491448  10224  69904    0    0 108064     0 142284 142412  5  2 63 29  1	
 3  6      0 97491448  10224  69904    0    0 108080     0 143613 144282  5  2 63 29  1	
 4  5      0 97491448  10224  69904    0    0 103360     0 138742 139046  5  1 63 30  1	
 5  3      0 97491448  10232  69904    0    0 100336    12 135233 134603  5  2 62 30  1	
 2  6      0 97491448  10232  69904    0    0 104944     0 142250 142929  6  1 63 29  1	
 3  5      0 97491448  10232  69904    0    0 106048     0 139573 138753  5  2 62 30  1	
 5  4      0 97491448  10232  69904    0    0 105104     0 138337 138612  6  2 63 29  1	
 1  7      0 97491448  10232  69904    0    0 106304     0 141728 142100  5  2 63 30  1	
 1  7      0 97491448  10240  69896    0    0 105392    12 143321 143420  5  2 63 29  1	
 5  3      0 97491448  10240  69904    0    0 107088     0 141872 142238  4  2 64 29  1	
 5  4      0 97491448  10240  69904    0    0 107984     8 144008 144400  6  2 63 29  1	
procs -----------memory---------- ---swap-- -----io---- --system-- -----cpu-----
 r  b   swpd   free   buff  cache   si   so    bi    bo   in   cs us sy id wa st
 6  4      0 97491448  10240  69904    0    0 106368     0 141841 142140  5  2 63 29  1	
 6  2      0 97491448  10240  69904    0    0 106160     0 139811 139982  4  2 63 30  1	
 6  3      0 97491448  10240  69904    0    0 103968     0 142724 142488  5  2 64 28  1	
 3  5      0 97491448  10248  69904    0    0 108272    24 140205 141915  6  2 63 29  1	
 3  6      0 97491448  10248  69904    0    0 108816     4 142176 141803  5  2 63 29  1	
 6  3      0 97491448  10248  69912    0    0 109488     0 143526 143538  5  2 63 29  1	
 3  5      0 97491448  10248  69912    0    0 107424     0 142747 143037  6  1 63 29  1	
 4  5      0 97491448  10248  69912    0    0 107296     0 143715 143840  5  2 63 29  1	
 7  4      0 97491448  10256  69904    0    0 109776    12 142706 142017  5  2 63 29  1	
 1  7      0 97491448  10256  69912    0    0 104704    36 141552 141804  5  2 63 29  1	
 8  2      0 97491448  10256  69912    0    0 106880     0 142463 143238  5  2 63 29  1	
 6  4      0 97491448  10256  69912    0    0 108192     0 142844 143241  5  2 63 29  1	
 5  4      0 97491448  10256  69912    0    0 107504     0 142256 141531  5  2 63 29  1	
 2  7      0 97491448  10256  69912    0    0 106512     0 143301 143300  5  2 64 29  1	
 2  6      0 97491448  10264  69912    0    0 105120    28 138525 137962  5  2 62 29  1	
 4  4      0 97491448  10264  69912    0    0 107984     0 143131 143669  6  2 63 29  1	
 1  7      0 97491448  10264  69912    0    0 106912     0 141728 141722  5  2 63 29  1	
 2  6      0 97491448  10264  69912    0    0 106656     0 140446 140697  5  2 63 29  1	
 4  4      0 97491448  10264  69912    0    0 108704     0 142822 143130  6  1 63 29  1	
 5  3      0 97491448  10272  69904    0    0 107616    16 142998 142980  5  2 63 29  1	
 5  3      0 97491448  10272  69912    0    0 106384     0 143787 144389  4  2 64 29  1	
procs -----------memory---------- ---swap-- -----io---- --system-- -----cpu-----
 r  b   swpd   free   buff  cache   si   so    bi    bo   in   cs us sy id wa st
 3  5      0 97491448  10272  69912    0    0 106432     0 139160 139433  4  2 63 29  1	
 4  4      0 97491448  10272  69912    0    0 104288     0 141316 140942  5  2 63 29  1	
 4  4      0 97491448  10272  69912    0    0 106528     0 140863 140871  5  2 64 29  1	
 7  3      0 97491448  10272  69912    0    0 101824     0 137235 136554  5  2 63 30  1	
 3  5      0 97491448  10280  69912    0    0 107024    12 141856 141934  5  2 63 29  1	
 4  5      0 97491448  10280  69912    0    0 108960     0 140970 141689  5  2 62 29  1	
 7  1      0 97491448  10280  69912    0    0 108112     0 143068 142797  5  2 64 29  1	
 4  4      0 97491448  10280  69912    0    0 107040     0 142497 142664  5  2 63 29  1	
 6  3      0 97491448  10280  69912    0    0 106064     8 138941 139177  5  1 63 30  1	
 4  4      0 97491448  10288  69912    0    0 105536    24 140723 140268  4  1 64 30  1	
 4  4      0 97491448  10288  69912    0    0 104704     0 139680 140745  5  2 62 30  1	
 5  3      0 97491448  10288  69912    0    0 103280     0 139917 140156  5  2 63 29  1	
 6  2      0 97491448  10288  69912    0    0 107696     0 141790 142232  5  2 63 29  1	
 3  5      0 97491448  10288  69912    0    0 104912     0 140813 140915  5  1 63 29  1	
 2  6      0 97491448  10288  69912    0    0 107168     8 142162 142275  5  2 63 29  1	
 4  4      0 97491448  10296  69912    0    0 105808    24 140778 141093  4  2 64 30  1	
 6  2      0 97491448  10296  69912    0    0 108688     0 140385 140985  5  2 63 29  1	
 5  3      0 97491448  10296  69912    0    0 104672     0 139768 140200  4  2 63 29  1	
 4  5      0 97491448  10296  69916    0    0 106992     0 140940 140674  5  2 62 30  1	
 7  4      0 97491448  10296  69916    0    0 105168     0 141430 141993  5  2 63 29  1	
 3  6      0 97491448  10304  69908    0    0 105296    16 141215 140969  5  2 63 29  1	
procs -----------memory---------- ---swap-- -----io---- --system-- -----cpu-----
 r  b   swpd   free   buff  cache   si   so    bi    bo   in   cs us sy id wa st
 8  3      0 97491448  10304  69916    0    0 104192     0 136954 137167  4  2 63 30  1	
 4  5      0 97491448  10304  69916    0    0 106208     0 141819 141432  4  2 63 30  1	
 6  3      0 97491448  10304  69916    0    0 106592     0 141725 141787  5  1 63 29  1	
 5  4      0 97491448  10304  69916    0    0 107760    28 142332 142143  5  2 63 29  1	
 6  4      0 97491448  10304  69916    0    0 106992     0 143171 143442  5  2 63 29  1	
 5  3      0 97491448  10312  69920    0    0 107568    12 141697 141689  5  1 63 29  1	
 4  4      0 97491448  10312  69920    0    0 103424     0 137268 136071  5  1 62 30  1	
 3  5      0 97491448  10312  69920    0    0 105856     0 142924 143456  5  2 64 28  1	
 5  3      0 97491448  10312  69920    0    0 106256     0 142243 142225  5  2 63 29  1	
 2  6      0 97491448  10312  69920    0    0 104160     0 141022 140596  5  2 63 29  1	
 3  5      0 97491448  10320  69912    0    0 103744    12 138395 137653  5  2 63 29  1	
 6  3      0 97491448  10320  69920    0    0 105792     0 139332 139818  5  2 62 30  1	
 4  5      0 97491448  10320  69920    0    0 103888     0 138111 137521  5  2 62 30  1	
 3  6      0 97491448  10320  69920    0    0 105312     0 138219 138683  5  1 63 30  1	
 3  5      0 97491448  10320  69920    0    0 106048     0 140227 140056  5  1 63 30  1	
 3  5      0 97491448  10320  69920    0    0 105456     0 140375 140246  5  1 62 30  1	
 5  3      0 97491448  10328  69920    0    0 104736    12 140695 141094  5  1 63 30  1	
 4  5      0 97491448  10328  69920    0    0 104400     0 140440 140941  5  1 63 30  1	
 7  1      0 97491448  10328  69920    0    0 107104     8 141232 141234  5  2 62 30  1	
 6  4      0 97491448  10328  69920    0    0 105104     0 140691 141206  5  2 63 30  1	
 2  6      0 97491448  10328  69920    0    0 105024     0 139227 138813  5  2 63 30  1	
procs -----------memory---------- ---swap-- -----io---- --system-- -----cpu-----
 r  b   swpd   free   buff  cache   si   so    bi    bo   in   cs us sy id wa st
 6  4      0 97491448  10336  69912    0    0 107088    24 144907 144576  5  2 63 29  1	
 5  3      0 97491448  10336  69920    0    0 105728     0 141014 142338  5  2 63 29  1	
 2  6      0 97491448  10336  69920    0    0 106208     0 139737 139909  5  2 63 29  1	
 5  5      0 97491448  10336  69920    0    0 108016     0 142435 142212  4  2 63 29  1	
 5  4      0 97491448  10336  69920    0    0 106768     0 142290 142577  5  2 63 29  1	
 2  5      0 97491448  10336  69920    0    0 103776     0 139778 140730  5  2 63 30  1	
 5  3      0 97491448  10344  69912    0    0 105136    12 140423 141099  4  2 63 29  1	
 7  2      0 97491448  10344  69920    0    0 106800    12 141978 142005  5  2 63 29  1	
 6  3      0 97491448  10344  69920    0    0 110080     0 142690 142909  4  2 63 29  1	
 5  4      0 97491448  10344  69920    0    0 107456     0 141036 140409  5  2 63 29  1	
 4  4      0 97491448  10344  69924    0    0 109360     0 145172 145333  5  2 64 29  1	
 3  6      0 97491448  10352  69920    0    0 107008    24 145977 145633  5  2 63 28  1	
 5  3      0 97491448  10352  69924    0    0 109120     0 145751 145194  5  2 63 29  1	
 5  3      0 97491448  10352  69924    0    0 108176     0 142659 143466  5  2 63 29  1	
 4  4      0 97491448  10352  69924    0    0 109296     0 145273 145113  5  2 64 28  1	
 7  1      0 97491448  10352  69924    0    0 104784     0 145042 145095  6  2 63 28  1	
 3  6      0 97491448  10352  69924    0    0 106592     0 145987 145881  5  2 63 29  1	
 7  3      0 97491448  10360  69924    0    0 108320    12 145370 145151  5  1 64 29  1	
 5  3      0 97491448  10360  69924    0    0 107952    16 142571 142973  5  1 63 29  1	
 3  6      0 97491448  10360  69924    0    0 106656     0 141730 141160  5  1 64 29  1	
 5  4      0 97491448  10360  69924    0    0 107920     0 144378 143788  5  2 63 29  1	
procs -----------memory---------- ---swap-- -----io---- --system-- -----cpu-----
 r  b   swpd   free   buff  cache   si   so    bi    bo   in   cs us sy id wa st
 7  3      0 97491448  10360  69924    0    0 106608     0 140334 140083  5  2 63 29  1	
 7  1      0 97491448  10368  69916    0    0 108144    12 142770 142857  5  2 63 29  1	
 4  4      0 97491448  10368  69924    0    0 107664     0 143667 144062  5  2 64 29  1	
 4  4      0 97491448  10368  69924    0    0 108688     0 146047 145167  5  2 64 29  1	
 6  3      0 97491448  10368  69924    0    0 107616     0 144165 143832  5  2 63 29  1	
 3  6      0 97491448  10368  69924    0    0 108464     0 143968 144303  5  2 64 28  1	
 4  4      0 97491448  10368  69928    0    0 107584     0 142666 143008  5  2 63 29  1	
 5  3      0 97491448  10376  69928    0    0 106320    12 143847 144174  5  2 63 29  1	
 5  5      0 97491448  10376  69928    0    0 106560     0 141685 142356  5  2 63 29  1	
 3  5      0 97491448  10376  69928    0    0 107824     0 140578 140574  5  2 63 30  1	
 6  3      0 97491448  10376  69928    0    0 106656     0 141321 141388  4  2 63 29  1	
 4  4      0 97491448  10376  69928    0    0 106208     0 142548 142967  4  2 64 29  1	
 3  5      0 97491448  10384  69920    0    0 108048    32 144357 145064  5  2 63 28  1	
 6  3      0 97491448  10384  69928    0    0 106496     0 140697 140975  5  2 63 29  1	
 4  4      0 97491448  10384  69928    0    0 103872     0 137717 138311  5  2 62 30  1	
 3  6      0 97491448  10384  69928    0    0 106112     0 141790 142329  5  2 63 29  1	
 5  4      0 97491448  10384  69928    0    0 105904     0 141819 142143  5  1 63 29  1	
 5  4      0 97491448  10384  69928    0    0 109136     8 142991 143265  5  2 64 29  1	
 5  3      0 97491448  10392  69928    0    0 106720    24 142402 142635  5  2 63 29  1	
 3  5      0 97491448  10392  69928    0    0 107456     0 142209 142450  5  2 63 29  1	
 7  2      0 97491448  10392  69928    0    0 104944     0 139229 139684  5  2 63 29  1	
procs -----------memory---------- ---swap-- -----io---- --system-- -----cpu-----
 r  b   swpd   free   buff  cache   si   so    bi    bo   in   cs us sy id wa st
 4  4      0 97491448  10392  69928    0    0 106448     0 140114 139632  5  2 62 29  1	
 4  4      0 97491448  10392  69928    0    0 108352     0 143440 143793  5  2 63 29  1	
 4  5      0 97491448  10400  69924    0    0 107200    12 143251 143416  5  2 63 29  1	
 7  3      0 97491448  10400  69932    0    0 108336     0 143456 144234  5  2 63 29  1	
 5  3      0 97491448  10400  69932    0    0 107104     0 141953 142392  5  2 63 29  1	
 6  3      0 97491448  10400  69932    0    0 108528     0 143687 142905  5  2 63 29  1	
 6  5      0 97491448  10400  69932    0    0 107616     0 141283 141169  5  2 63 29  1	
 7  2      0 97491448  10400  69932    0    0 104368     0 140351 140395  4  2 64 29  1	
 4  5      0 97491448  10408  69932    0    0 106320    12 141711 141668  5  2 63 29  1	
 4  6      0 97491448  10408  69932    0    0 103632     0 138156 137631  6  2 63 29  1	
 5  4      0 97491448  10408  69932    0    0 105984     0 140182 140354  5  1 63 29  1	
 6  4      0 97491448  10408  69932    0    0 104672    16 138174 139224  5  1 62 30  1	
 4  4      0 97491448  10408  69932    0    0 107696     0 142405 142495  6  1 63 29  1	
 3  5      0 97491448  10416  69924    0    0 106112    12 139950 139596  5  2 62 30  1	
 5  4      0 97491448  10416  69932    0    0 105264     0 141979 142112  5  2 63 29  1	
 5  4      0 97491448  10416  69932    0    0 107040     0 142668 142727  5  2 63 29  1	
 5  5      0 97491448  10416  69932    0    0 106496     0 143613 142755  6  2 63 29  1	
 2  6      0 97491448  10416  69932    0    0 105520     0 139608 139133  5  2 63 29  1	
 4  4      0 97491448  10416  69932    0    0 108288     0 144129 144323  5  2 63 29  1	
 9  1      0 97491448  10424  69924    0    0 105904    12 140805 141147  5  2 63 29  1	
 5  4      0 97491448  10424  69932    0    0 106736     0 141037 141638  5  2 63 29  1	
procs -----------memory---------- ---swap-- -----io---- --system-- -----cpu-----
 r  b   swpd   free   buff  cache   si   so    bi    bo   in   cs us sy id wa st
 4  4      0 97491448  10424  69932    0    0 109200     0 142778 143047  5  2 63 29  1	
 3  5      0 97491448  10424  69932    0    0 106048     8 139247 139202  4  2 63 30  1	
 3  5      0 97491448  10424  69932    0    0 107536     0 141199 140546  5  2 63 29  1	
 5  3      0 97491448  10432  69932    0    0 108128    24 144221 143615  6  2 62 29  1	
 5  4      0 97491448  10432  69932    0    0 108336     0 142054 142770  5  1 63 29  1	
 5  3      0 97491448  10432  69932    0    0 106400     0 144116 143811  4  2 64 29  1	
 4  5      0 97491448  10432  69936    0    0 104176     8 140095 139976  5  1 63 30  1	
 5  4      0 97491448  10432  69936    0    0 107280     0 143355 143217  5  2 63 29  1	
 0  8      0 97491448  10432  69936    0    0 107088     0 139430 139657  5  2 63 30  1	
 7  2      0 97491448  10440  69936    0    0 106832    24 142778 143828  4  1 64 29  1	
 4  4      0 97491448  10440  69936    0    0 107040     0 145076 144765  4  2 63 29  1	
 6  4      0 97491448  10440  69936    0    0 109152     0 142764 142767  5  2 63 29  1	
 3  6      0 97491448  10440  69936    0    0 105392     0 139681 139965  4  1 63 30  1	
 6  2      0 97491448  10440  69936    0    0 106032     0 141686 141785  5  2 63 29  1	
 4  4      0 97491448  10448  69928    0    0 104304    12 138053 138936  5  2 63 29  1	
 4  4      0 97491448  10448  69940    0    0 105520     0 140560 140379  5  2 63 29  1	
 7  2      0 97491448  10448  69940    0    0 106624     0 139316 138939  6  2 63 29  1	
 4  4      0 97491448  10448  69940    0    0 108624     0 144579 144637  5  2 64 28  1	
 2  6      0 97491448  10448  69940    0    0 105472     0 139584 139415  5  2 63 29  1	
 5  3      0 97491448  10448  69940    0    0 105824     0 141513 141563  5  2 63 29  1	
 5  3      0 97491448  10456  69932    0    0 106256    12 143890 144764  5  2 64 29  1	
procs -----------memory---------- ---swap-- -----io---- --system-- -----cpu-----
 r  b   swpd   free   buff  cache   si   so    bi    bo   in   cs us sy id wa st
 4  4      0 97491448  10456  69940    0    0 106800     0 142207 142107  5  2 63 29  1	
 3  5      0 97491448  10456  69940    0    0 107440     0 140753 140938  4  1 64 30  1	
 4  4      0 97491448  10456  69940    0    0 104672     0 141179 141125  5  2 63 29  1	
 6  2      0 97491448  10456  69940    0    0 106192     0 142404 142912  5  2 63 29  1	
 4  5      0 97491448  10464  69944    0    0 105552    20 142554 143109  5  2 63 29  1	
 2  6      0 97491448  10464  69944    0    0 106000    24 140548 140210  5  2 63 29  1	
 6  3      0 97491328  10464  69944    0    0 105792     0 139338 138868  5  2 63 29  1	
 6  4      0 97491328  10464  69944    0    0 104768     0 138093 138684  5  2 62 30  1	
 7  3      0 97490832  10464  69944    0    0 105216     0 139408 139461  5  2 62 30  1	
 2  6      0 97490512  10464  69944    0    0 106976     0 142480 141840  4  2 63 30  1	
 7  2      0 97490512  10472  69944    0    0 108992    32 144843 145160  5  2 64 29  1	
 4  4      0 97491296  10472  69948    0    0 106928     0 141115 141050  5  2 63 29  1	
 2  6      0 97491296  10472  69948    0    0 105856     0 139904 139923  4  2 63 30  1	
 7  2      0 97491296  10472  69948    0    0 104064     0 136151 135931  5  2 62 30  1	
 4  4      0 97491296  10472  69948    0    0 103232     0 135308 135066  5  2 62 30  1	
 4  4      0 97491296  10480  69940    0    0 102944    32 139326 139087  5  2 62 30  1	
 4  4      0 97491296  10480  69948    0    0 104192     0 138373 138593  4  2 63 30  1	
 2  6      0 97491296  10480  69948    0    0 104224     0 139316 138934  5  2 63 30  1	
 5  4      0 97491296  10480  69948    0    0 104016     0 139798 139619  5  1 63 30  1	
 5  4      0 97491296  10480  69948    0    0 102720     0 136421 136373  4  1 63 31  1	
 3  5      0 97491296  10480  69948    0    0 104096     0 138366 139061  4  1 63 30  1	
procs -----------memory---------- ---swap-- -----io---- --system-- -----cpu-----
 r  b   swpd   free   buff  cache   si   so    bi    bo   in   cs us sy id wa st
 5  3      0 97491296  10488  69948    0    0 108560    16 141289 141180  5  2 63 29  1	
 5  4      0 97491296  10488  69948    0    0 101952     0 136596 137100  4  2 63 30  1	
 4  5      0 97491296  10488  69948    0    0 100864     0 136552 136532  4  2 62 31  1	
 3  5      0 97491296  10488  69948    0    0 104512     0 138597 139368  5  1 63 30  1	
 4  4      0 97491296  10488  69948    0    0 104096     0 137917 138179  5  1 63 30  1	
 6  3      0 97491296  10496  69948    0    0 105136    16 137931 137499  4  2 63 30  1	
 3  6      0 97491296  10496  69956    0    0 104064     0 140107 139423  5  2 63 29  1	
 3  5      0 97491296  10496  69956    0    0 105040     0 142848 142406  5  2 63 30  1	
 1  7      0 97491296  10496  69956    0    0 106960     0 138555 138426  5  1 63 30  1	
 4  5      0 97491296  10496  69956    0    0 104208     0 139823 139918  4  1 63 30  1	
 4  6      0 97491296  10504  69948    0    0 106352    12 140248 139405  5  1 62 30  1	
 6  3      0 97491296  10504  69956    0    0 105728     0 141389 141287  5  2 63 30  1	
 6  4      0 97491296  10504  69956    0    0 105088     0 140165 140750  5  2 62 29  1	
 5  5      0 97491296  10504  69956    0    0 100800     0 134946 135437  5  2 63 30  1	
 5  4      0 97491296  10504  69956    0    0 101840     0 134550 134562  5  1 63 30  1	
 7  3      0 97491296  10504  69956    0    0 103872    12 136065 135167  4  2 62 31  1	
 5  3      0 97491296  10512  69956    0    0 102192    28 136153 136251  5  2 63 30  1	
 4  4      0 97491296  10512  69956    0    0 103984     0 138298 138984  5  2 63 30  1	
 2  6      0 97491296  10512  69956    0    0 103616     0 138260 138679  5  2 63 30  1	
 5  4      0 97491296  10512  69956    0    0 103344     0 137253 136802  4  1 62 31  1	
 3  7      0 97491296  10512  69956    0    0 105296    40 138810 138987  4  2 63 30  1	
procs -----------memory---------- ---swap-- -----io---- --system-- -----cpu-----
 r  b   swpd   free   buff  cache   si   so    bi    bo   in   cs us sy id wa st
 4  4      0 97491296  10520  69956    0    0 107120    32 140903 141092  5  2 62 29  1	
 2  6      0 97491296  10520  69956    0    0 107360     0 139447 140322  5  2 63 29  1	
 6  2      0 97491296  10520  69956    0    0 106064     0 140917 141154  4  2 64 29  1	
 6  3      0 97491296  10520  69956    0    0 104784     0 140650 140304  5  2 63 29  1	
 2  6      0 97491296  10520  69956    0    0 108144     0 145920 145765  5  2 64 29  1	
 6  3      0 97491296  10520  69956    0    0 106752     0 143242 143271  5  2 63 29  1	
 2  6      0 97491296  10528  69956    0    0 107552    12 140146 140049  5  2 63 29  1	
 7  2      0 97491296  10528  69956    0    0 106096     0 139649 140002  4  2 63 30  1	
 8  3      0 97491296  10528  69956    0    0 104592     0 138074 138223  4  2 64 30  1	
 1  7      0 97491296  10528  69956    0    0 102448     0 140257 140149  5  2 62 29  1	
 5  4      0 97491296  10528  69956    0    0 106080     0 140529 141686  5  2 63 29  1	
 4  6      0 97491296  10536  69956    0    0 107392    12 143283 142856  5  2 63 29  1	
 6  4      0 97491296  10536  69956    0    0 107216     0 139617 140162  5  2 63 30  1	
 6  3      0 97491296  10536  69956    0    0 99616     0 131621 131999  4  2 62 31  1	
 9  1      0 97491296  10536  69956    0    0 104528    12 136768 136963  4  2 62 30  1	
 8  2      0 97491296  10536  69956    0    0 101984     0 134607 134983  4  2 63 30  1	
 5  3      0 97491296  10536  69956    0    0 106704     0 145160 144600  5  2 64 29  1	
 5  3      0 97491296  10544  69956    0    0 103680    24 137661 137396  4  2 63 30  1	
 7  5      0 97491296  10544  69956    0    0 107312     0 139672 139879  5  2 63 30  1	
 3  5      0 97491296  10544  69960    0    0 105664     0 144159 144651  6  2 63 28  1	
 5  4      0 97491296  10544  69960    0    0 104896     0 141380 141822  5  2 62 29  1	
procs -----------memory---------- ---swap-- -----io---- --system-- -----cpu-----
 r  b   swpd   free   buff  cache   si   so    bi    bo   in   cs us sy id wa st
 5  3      0 97491296  10544  69960    0    0 107440     0 143227 142699  5  2 63 29  1	
 6  4      0 97491296  10552  69952    0    0 106000    12 141666 141742  5  2 63 29  1	
 5  5      0 97491296  10552  69960    0    0 104016     0 137196 137012  5  2 62 30  1	
 6  3      0 97491296  10552  69960    0    0 105424     0 142819 143485  5  2 63 29  1	
 5  5      0 97491296  10552  69960    0    0 108352     0 143364 143298  5  2 63 29  1	
 4  5      0 97491296  10552  69960    0    0 109136     0 143840 143762  5  2 63 29  1	
 5  3      0 97491296  10552  69960    0    0 109312     0 141839 142375  5  2 63 29  1	
 3  5      0 97491296  10560  69964    0    0 106848    20 141376 141888  5  2 63 29  1	
 2  5      0 97491296  10560  69964    0    0 103552     0 140493 140058  5  2 63 29  1	
 5  3      0 97491296  10560  69964    0    0 106816     0 141755 141968  5  2 63 29  1	
 6  3      0 97491296  10560  69964    0    0 105248     0 140438 140583  5  2 63 29  1	
 5  4      0 97491296  10560  69964    0    0 107104     0 143392 143662  5  2 63 29  1	
 3  6      0 97491296  10568  69960    0    0 105392    20 140394 140447  5  2 63 29  1	
 6  3      0 97491416  10568  69968    0    0 107504     0 142853 143631  5  2 63 29  1	
 7  2      0 97491416  10568  69968    0    0 105504    20 142998 143678  5  2 63 29  1	
 8  2      0 97491416  10568  69968    0    0 105328     0 140558 140853  5  2 63 29  1	
 6  3      0 97491416  10568  69968    0    0 106912     0 142182 142377  5  2 63 29  1	
 1  7      0 97491416  10568  69968    0    0 109504     0 143150 143340  6  2 63 29  1	
