procs -----------memory---------- ---swap-- -----io---- --system-- -----cpu-----
 r  b   swpd   free   buff  cache   si   so    bi    bo   in   cs us sy id wa st
 1  0      0 47347816   9648  68672    0    0  2067     6 1147  569 24  8 61  7  0	
 2  0      0 47343632   9648  68696    0    0   272     0 77742 78142  2  1 96  0  1	
 3  0      0 47343136   9648  68696    0    0   336     0 78004 79195  1  1 98  0  0	
 3  0      0 47342640   9648  68696    0    0   256     0 78299 79478  2  1 97  0  0	
 2  0      0 47342516   9648  68696    0    0   512     0 77768 79338  1  1 97  0  1	
 2  0      0 47342020   9648  68696    0    0   400     0 76638 78328  1  1 97  0  1	
 2  0      0 47342020   9656  68696    0    0   240    44 76809 77758  2  1 97  0  1	
 3  0      0 47342020   9656  68696    0    0   176     0 77821 78829  2  1 96  0  1	
 2  0      0 47342020   9656  68696    0    0   240     0 78758 79821  2  1 97  0  0	
 2  0      0 47341028   9656  68696    0    0   320     0 78400 79409  2  1 97  0  0	
 2  0      0 47341028   9656  68696    0    0   272     0 78185 79266  1  1 98  0  0	
 2  0      0 47341028   9664  68696    0    0   320    12 78258 79450  2  1 97  0  0	
 2  0      0 47340036   9664  68696    0    0   464     0 77889 79004  1  1 97  0  1	
 3  0      0 47340036   9664  68696    0    0   208     0 78213 79270  2  1 97  0  0	
 2  0      0 47339416   9664  68696    0    0   288     0 77388 79031  1  1 97  0  1	
 2  0      0 47339416   9664  68696    0    0   304     0 76745 77834  1  1 97  0  1	
 3  0      0 47339416   9664  68696    0    0   272     0 77973 78857  1  1 97  0  0	
 3  0      0 47338920   9672  68688    0    0   368    12 77065 77832  1  1 97  0  1	
 2  0      0 47338424   9672  68688    0    0   528     0 77057 77777  1  1 97  0  0	
 3  0      0 47337928   9672  68688    0    0   240     0 76827 77587  1  1 97  0  1	
 2  0      0 47337928   9672  68688    0    0   352     0 77476 78303  1  1 97  0  0	
procs -----------memory---------- ---swap-- -----io---- --system-- -----cpu-----
 r  b   swpd   free   buff  cache   si   so    bi    bo   in   cs us sy id wa st
 3  0      0 47337432   9672  68688    0    0   320     0 77759 78467  2  0 97  0  0	
 2  0      0 47336812   9680  68696    0    0   352    12 77288 78263  2  1 97  0  0	
 2  0      0 47336688   9680  68696    0    0   464     0 78167 79094  2  1 97  0  0	
 2  0      0 47336688   9680  68696    0    0   368     0 79459 80345  2  1 97  0  0	
 3  0      0 47336688   9680  68696    0    0   272     0 79331 80106  2  1 97  0  0	
 3  0      0 47336192   9680  68696    0    0   256     0 76641 77635  2  1 97  0  1	
 2  0      0 47336192   9680  68696    0    0   288     0 77464 78573  1  1 97  0  1	
 2  0      0 47335696   9688  68696    0    0   480    12 77427 79061  2  1 97  0  0	
 2  0      0 47335696   9688  68696    0    0   320    40 77782 79410  1  1 97  0  0	
 2  0      0 47334952   9688  68696    0    0   288     0 76915 79675  2  0 97  0  1	
 3  0      0 47334952   9688  68696    0    0   320     0 77235 79553  2  1 97  0  0	
 2  0      0 47334952   9688  68696    0    0   336     0 77334 78713  2  1 96  0  0	
 3  0      0 47334456   9696  68696    0    0   288    12 77049 78573  1  1 97  0  0	
 2  0      0 47333960   9696  68696    0    0   416    28 77050 78372  2  1 97  0  1	
 2  0      0 47333960   9696  68696    0    0   288     0 76384 77423  1  1 97  0  1	
 2  0      0 47333464   9696  68696    0    0   288     0 76434 77702  1  1 97  0  0	
 2  0      0 47332968   9696  68696    0    0   208     0 76681 77859  2  1 97  0  1	
 3  0      0 47332224   9696  68700    0    0   512     0 74654 76519  1  1 97  0  1	
 2  0      0 47332224   9704  68692    0    0   288    24 76932 78696  2  1 97  0  1	
 2  0      0 47332224   9704  68692    0    0   320     0 77248 78492  2  1 97  0  0	
 3  0      0 47331728   9704  68692    0    0   400     0 77175 78471  1  1 97  0  0	
procs -----------memory---------- ---swap-- -----io---- --system-- -----cpu-----
 r  b   swpd   free   buff  cache   si   so    bi    bo   in   cs us sy id wa st
 3  0      0 47331232   9704  68692    0    0   352     0 77252 78517  1  1 97  0  0	
 3  0      0 47331232   9704  68692    0    0   320     0 76991 78211  1  1 97  0  0	
 3  0      0 47330736   9712  68684    0    0   352    12 76884 78330  1  1 97  0  0	
 2  0      0 47330240   9712  68684    0    0   208     0 76772 77905  2  1 97  0  1	
 2  0      0 47329744   9712  68704    0    0   368     0 79702 80230  1  1 97  0  0	
 2  0      0 47329744   9712  68704    0    0   288     0 78501 79006  1  1 97  0  1	
 2  0      0 47329620   9720  68704    0    0   256    12 79424 80096  2  1 97  0  0	
 3  0      0 47329124   9720  68704    0    0   368     0 78093 78674  2  1 97  0  0	
 2  0      0 47329124   9720  68704    0    0   288     0 78248 78921  1  1 97  0  1	
 2  0      0 47329124   9720  68704    0    0   352     0 78084 78768  1  1 97  0  0	
 2  0      0 47328628   9720  68704    0    0   368     0 77643 78409  2  1 97  0  0	
 2  0      0 47328628   9720  68704    0    0   288     0 78037 78721  2  1 97  0  0	
 2  0      0 47327636   9728  68704    0    0   352    12 76707 77394  1  1 97  0  0	
 2  0      0 47327636   9728  68704    0    0   304     0 76245 76641  2  1 97  0  0	
 2  0      0 47327636   9728  68704    0    0   256     0 75483 75852  1  1 97  0  1	
 2  0      0 47327636   9728  68704    0    0   288     0 76598 76882  1  1 98  0  0	
 2  0      0 47326644   9728  68704    0    0   368     0 76897 77190  2  1 97  0  0	
 2  0      0 47326644   9736  68700    0    0   288    12 77221 77492  1  1 97  0  0	
 2  0      0 47326148   9736  68700    0    0   288     0 76771 77188  1  1 97  0  0	
 2  0      0 47325652   9736  68700    0    0   272     0 77213 77557  2  1 97  0  0	
 3  0      0 47325280   9736  68704    0    0   368     0 76771 77241  1  1 97  0  0	
procs -----------memory---------- ---swap-- -----io---- --system-- -----cpu-----
 r  b   swpd   free   buff  cache   si   so    bi    bo   in   cs us sy id wa st
 2  0      0 47325156   9736  68704    0    0   384     0 76731 77203  1  1 97  0  0	
 2  0      0 47325032   9736  68704    0    0   208     0 77050 77398  2  1 97  0  0	
 3  0      0 47325032   9744  68696    0    0   304    40 75776 76079  1  1 97  0  0	
 3  0      0 47324040   9744  68696    0    0   320     0 77087 77419  1  1 97  0  0	
 2  0      0 47324040   9744  68696    0    0   304     0 76452 76765  1  1 97  0  0	
 2  0      0 47324040   9744  68696    0    0   272     0 77619 78029  1  1 97  0  0	
 2  0      0 47323544   9744  68696    0    0   272     0 77576 77968  1  1 97  0  0	
 3  0      0 47322800   9752  68704    0    0   304    20 77500 78009  1  1 97  0  0	
 3  0      0 47322676   9752  68704    0    0   208     0 77804 78194  2  1 97  0  0	
 2  0      0 47322676   9752  68704    0    0   144     0 77681 78087  2  1 97  0  0	
 2  0      0 47322676   9752  68704    0    0   208     0 76823 77135  1  1 97  0  0	
 2  0      0 47322676   9752  68704    0    0   256     0 76813 77177  2  1 97  0  0	
 2  0      0 47321684   9752  68704    0    0   288     0 76922 77204  1  1 97  0  0	
 2  0      0 47321684   9760  68704    0    0   320    16 77416 78514  2  1 97  0  0	
 2  0      0 47321684   9760  68704    0    0   352     0 76010 76945  2  1 97  0  1	
 2  1      0 47320816   9760  68708    0    0   208     0 76928 79025  2  1 97  0  1	
 2  0      0 47320692   9760  68708    0    0   208     0 79470 80002  1  1 97  0  0	
 2  0      0 47320692   9760  68708    0    0   176     0 78967 79622  1  1 97  0  0	
 2  0      0 47320320   9768  68700    0    0   272    12 78925 79735  1  1 97  0  0	
 2  0      0 47320072   9768  68708    0    0   336     0 77829 78519  2  1 97  0  0	
 2  0      0 47319700   9768  68708    0    0   384     0 78871 79641  2  1 97  0  0	
procs -----------memory---------- ---swap-- -----io---- --system-- -----cpu-----
 r  b   swpd   free   buff  cache   si   so    bi    bo   in   cs us sy id wa st
 3  0      0 47319452   9768  68708    0    0   352     0 79060 79832  1  1 97  0  0	
 2  0      0 47319080   9768  68708    0    0   256     0 77940 78577  2  1 97  0  0	
 2  0      0 47318708   9768  68712    0    0   400     0 78700 79427  2  1 97  0  0	
 2  0      0 47318336   9776  68712    0    0   320    12 78717 79349  2  0 97  0  0	
 2  0      0 47318336   9776  68712    0    0   304     0 79245 79979  1  1 98  0  0	
 2  0      0 47318336   9776  68712    0    0   448     0 78285 78788  2  1 97  0  0	
 2  0      0 47317344   9776  68712    0    0   400     0 78808 79347  1  1 97  0  0	
 2  0      0 47317344   9776  68712    0    0   224     0 78785 79340  1  1 97  0  1	
 3  0      0 47317344   9784  68704    0    0   352    12 79059 79658  2  1 97  0  0	
 3  0      0 47316352   9784  68704    0    0   272     0 79352 79963  1  1 97  0  0	
 3  0      0 47316104   9784  68712    0    0   352     0 78868 79603  1  1 97  0  0	
 3  0      0 47316104   9784  68712    0    0   304     0 78756 79334  2  1 97  0  1	
 4  0      0 47316104   9784  68712    0    0   336    16 79277 79834  2  1 97  0  0	
 2  0      0 47315608   9784  68712    0    0   336     0 77935 78485  2  1 97  0  0	
 3  0      0 47315112   9792  68704    0    0   416    20 78696 79191  1  1 97  0  0	
 2  0      0 47314616   9792  68704    0    0   368     0 79130 79632  2  1 97  0  0	
 2  0      0 47314120   9792  68704    0    0   256     0 79429 80015  1  1 97  0  0	
 2  0      0 47314120   9792  68704    0    0   368    16 78590 79029  2  1 97  0  0	
 2  0      0 47313500   9792  68716    0    0   304     0 79131 79890  1  1 98  0  0	
 5  0      0 47313500   9800  68716    0    0   272    12 79150 79681  1  1 97  0  0	
 3  0      0 47313500   9800  68716    0    0   224     0 79591 80099  2  1 97  0  0	
procs -----------memory---------- ---swap-- -----io---- --system-- -----cpu-----
 r  b   swpd   free   buff  cache   si   so    bi    bo   in   cs us sy id wa st
 2  0      0 47312508   9800  68716    0    0   336     0 78430 78903  2  1 97  0  0	
 3  0      0 47312508   9800  68716    0    0   304     4 78566 79031  1  1 97  0  1	
 2  0      0 47312508   9800  68716    0    0   224     0 78509 79024  2  1 97  0  0	
 3  0      0 47312508   9800  68716    0    0   176     0 79433 79996  1  1 97  0  0	
 2  0      0 47312508   9808  68708    0    0   160    12 79518 80039  2  1 97  0  0	
 3  0      0 47311392   9808  68716    0    0   384     0 78901 79680  2  1 97  0  0	
 3  0      0 47311392   9808  68716    0    0   192     0 79402 80058  1  0 98  0  0	
 2  0      0 47311392   9808  68716    0    0   320     0 79143 79673  1  0 98  0  0	
 2  0      0 47310896   9808  68716    0    0   256     0 79382 79932  1  1 97  0  0	
 3  0      0 47310400   9816  68708    0    0   272    12 77729 78785  1  1 97  0  0	
 2  0      0 47310400   9816  68708    0    0   224     0 75599 76692  2  1 97  0  1	
 2  0      0 47310400   9816  68708    0    0   272     0 76812 78063  1  1 97  0  1	
 2  0      0 47309904   9816  68708    0    0   272     0 75992 77226  2  1 97  0  0	
 2  0      0 47309408   9816  68716    0    0   176     0 76202 78254  2  1 97  0  0	
 2  0      0 47309284   9816  68716    0    0   288     0 75768 77144  2  1 97  0  1	
 2  0      0 47309284   9824  68716    0    0   240    12 76723 77938  1  1 97  0  0	
 2  0      0 47308788   9824  68716    0    0   496     0 76387 77607  2  1 97  0  0	
 2  0      0 47308292   9824  68716    0    0   272     0 76814 78121  1  1 97  0  1	
 2  0      0 47308292   9824  68716    0    0   240     0 76864 78101  1  1 97  0  0	
 2  0      0 47308292   9824  68716    0    0   320     0 76635 78014  2  1 97  0  0	
 2  0      0 47307300   9832  68712    0    0   176    12 76396 77517  1  1 97  0  1	
procs -----------memory---------- ---swap-- -----io---- --system-- -----cpu-----
 r  b   swpd   free   buff  cache   si   so    bi    bo   in   cs us sy id wa st
 2  0      0 47307300   9832  68716    0    0   192     0 79794 80250  1  1 97  0  1	
 2  0      0 47307300   9832  68716    0    0   272    12 78598 79229  1  1 97  0  0	
 3  0      0 47307300   9832  68716    0    0   256     0 79248 79947  2  1 97  0  0	
 2  0      0 47306308   9832  68716    0    0   352     0 79269 79872  2  1 97  0  1	
 2  0      0 47306308   9832  68716    0    0   224     0 79501 80189  2  1 97  0  0	
 3  0      0 47306308   9840  68708    0    0   336    20 79222 79824  2  0 97  0  0	
 2  0      0 47305812   9840  68708    0    0   256     0 79269 79905  2  1 97  0  1	
 3  0      0 47305316   9840  68708    0    0   288     0 79013 79477  2  1 97  0  0	
 2  0      0 47304820   9840  68720    0    0   288     0 79108 79835  2  1 97  0  0	
 2  0      0 47304820   9840  68724    0    0   240     0 77640 78156  2  1 96  0  1	
 2  0      0 47304820   9848  68716    0    0   176    12 79122 79659  1  0 98  0  0	
 3  0      0 47304820   9848  68716    0    0   224     8 78491 78959  1  1 97  0  0	
 2  0      0 47304324   9848  68716    0    0   320     0 78736 79434  1  1 97  0  1	
 2  0      0 47303828   9848  68716    0    0   416     0 78918 79721  2  1 97  0  0	
 2  0      0 47303828   9848  68716    0    0   368     0 79176 79894  2  1 97  0  0	
 2  0      0 47302836   9848  68716    0    0   368     0 79191 79814  2  1 97  0  0	
 2  0      0 47302464   9856  68724    0    0   240    12 79175 80042  2  1 97  0  1	
 3  0      0 47302464   9856  68724    0    0   304     0 79391 79995  1  1 97  0  0	
 3  0      0 47302464   9856  68724    0    0   336     0 79056 79667  2  1 97  0  0	
 2  0      0 47301968   9856  68724    0    0   304     0 78368 78857  2  1 97  0  0	
 2  0      0 47301472   9856  68724    0    0   176     0 79442 80088  2  1 97  0  1	
procs -----------memory---------- ---swap-- -----io---- --system-- -----cpu-----
 r  b   swpd   free   buff  cache   si   so    bi    bo   in   cs us sy id wa st
 2  0      0 47301472   9864  68716    0    0   272    12 77472 78098  2  1 97  0  0	
 2  0      0 47301472   9864  68716    0    0   288     0 68074 70223  2  1 97  0  0	
 2  0      0 47300976   9864  68716    0    0   352     0 67918 70303  2  1 97  0  0	
 2  0      0 47300480   9864  68724    0    0   320     0 68224 71647  2  1 97  0  0	
 2  0      0 47300480   9864  68724    0    0   528     0 75783 75991  2  1 97  0  0	
 2  0      0 47299984   9864  68724    0    0   288     0 75987 76201  2  1 97  0  0	
 2  0      0 47299488   9872  68716    0    0   208    12 76914 77270  1  1 97  0  0	
 3  0      0 47299488   9872  68716    0    0   304     0 76312 78092  1  1 97  0  1	
 2  0      0 47298992   9872  68716    0    0   368     0 75839 77622  1  1 97  0  1	
 2  0      0 47298496   9872  68716    0    0   256     0 76431 77848  1  1 97  0  1	
 2  0      0 47298496   9872  68716    0    0   256    16 76436 78191  1  1 97  0  1	
 2  0      0 47298000   9880  68720    0    0   256    20 80216 80714  2  1 97  0  0	
 3  0      0 47298000   9880  68720    0    0   416     0 79729 80217  2  1 97  0  0	
 2  0      0 47297504   9880  68720    0    0   448     0 78402 79274  2  1 97  0  0	
 2  0      0 47297008   9880  68720    0    0   256     0 76759 78336  2  1 97  0  0	
 3  0      0 47297008   9880  68720    0    0   224     0 76928 78446  1  1 97  0  1	
 2  0      0 47296264   9880  68724    0    0   336     0 76425 77211  2  1 97  0  0	
 2  0      0 47296264   9888  68716    0    0   224    12 77112 78003  1  1 97  0  0	
 3  0      0 47295768   9888  68724    0    0   304     0 76479 76991  2  1 97  0  1	
 2  0      0 47295520   9888  68724    0    0   288     0 77174 78270  2  1 97  0  0	
 2  0      0 47295520   9888  68724    0    0   224     0 77039 77670  1  1 97  0  0	
procs -----------memory---------- ---swap-- -----io---- --system-- -----cpu-----
 r  b   swpd   free   buff  cache   si   so    bi    bo   in   cs us sy id wa st
 3  0      0 47295520   9888  68728    0    0   160     0 77869 78606  2  1 97  0  1	
 2  0      0 47295520   9896  68724    0    0   192    12 78332 78948  1  1 98  0  0	
 2  0      0 47295024   9896  68724    0    0   256     0 78087 78686  1  1 97  0  0	
 3  0      0 47294528   9896  68724    0    0   352     0 77809 78480  1  1 97  0  0	
 3  0      0 47294032   9896  68724    0    0   400     0 77543 78332  1  1 97  0  0	
 3  0      0 47294032   9896  68724    0    0   304     8 78318 78977  1  1 98  0  1	
 2  0      0 47293288   9896  68732    0    0   320     0 77636 78594  1  1 97  0  0	
 2  0      0 47293164   9904  68724    0    0   368    20 76721 77349  2  1 97  0  0	
 2  0      0 47293164   9904  68724    0    0   320     0 78087 78850  2  1 97  0  0	
 3  0      0 47293164   9904  68724    0    0   160     0 77572 78322  1  1 97  0  1	
 3  0      0 47292668   9904  68724    0    0   320     0 77918 78662  1  1 97  0  0	
 2  0      0 47292172   9904  68724    0    0   160     0 78310 78985  1  1 97  0  0	
 2  0      0 47292172   9912  68720    0    0   144    12 78175 78946  1  1 97  0  0	
 2  0      0 47292172   9912  68720    0    0   336     0 77850 78595  1  1 97  0  1	
 2  0      0 47291180   9912  68732    0    0   208     0 77894 78806  2  1 97  0  0	
 2  0      0 47291180   9912  68732    0    0   432     0 77703 78487  1  1 97  0  1	
 3  0      0 47291180   9912  68732    0    0   224     0 78097 78844  2  1 97  0  0	
 2  0      0 47290684   9912  68732    0    0   224     0 76721 77294  2  1 97  0  0	
 3  0      0 47290188   9920  68732    0    0   288    12 77848 78497  2  1 97  0  1	
 2  0      0 47290188   9920  68732    0    0   336     0 76983 77594  1  1 98  0  0	
 2  0      0 47290188   9924  68728    0    0   224     8 77340 78110  1  1 97  0  0	
procs -----------memory---------- ---swap-- -----io---- --system-- -----cpu-----
 r  b   swpd   free   buff  cache   si   so    bi    bo   in   cs us sy id wa st
 3  0      0 47289692   9924  68728    0    0   256     0 77531 78319  2  1 97  0  0	
 2  0      0 47288824   9924  68732    0    0   352     0 77239 78116  2  0 97  0  0	
 2  0      0 47288824   9932  68724    0    0   256    32 77150 77760  1  1 97  0  0	
 5  0      0 47288824   9932  68724    0    0   304     0 77123 77470  2  0 97  0  0	
 2  0      0 47288328   9936  68720    0    0   336     8 77331 77999  2  1 97  0  1	
 2  0      0 47287832   9936  68720    0    0   400     0 78039 79144  1  1 97  0  0	
 2  0      0 47287832   9936  68720    0    0   256     0 77161 78294  2  1 97  0  0	
 2  0      0 47287336   9936  68720    0    0   208     0 78236 79534  1  1 98  0  1	
 2  0      0 47286840   9944  68712    0    0   352    28 77250 78358  1  1 97  0  1	
 2  0      0 47286344   9944  68732    0    0   304     0 77388 79567  1  1 97  0  0	
 2  0      0 47286344   9944  68732    0    0   192     0 77804 79146  1  1 97  0  0	
 2  0      0 47285848   9944  68732    0    0   336     0 71454 72699  2  1 97  0  0	
 3  0      0 47285848   9944  68732    0    0   176     0 71873 72802  1  1 97  0  0	
 3  0      0 47285848   9952  68724    0    0   304    12 71529 72186  1  1 97  0  1	
 2  0      0 47285352   9952  68724    0    0   288     0 71796 72630  1  1 97  0  0	
 2  0      0 47284856   9952  68724    0    0   368     8 72488 73205  1  1 97  0  0	
 3  0      0 47284856   9952  68724    0    0   176     0 71887 72422  1  1 97  0  0	
 3  0      0 47284484   9952  68736    0    0   256     0 69146 72457  2  1 97  0  1	
 2  0      0 47284484   9952  68736    0    0   208     0 65240 69544  2  1 97  0  0	
 2  0      0 47284484   9960  68736    0    0   304    12 71492 73977  2  1 97  0  0	
 2  0      0 47284484   9960  68736    0    0   224    32 77457 78207  2  1 97  0  0	
procs -----------memory---------- ---swap-- -----io---- --system-- -----cpu-----
 r  b   swpd   free   buff  cache   si   so    bi    bo   in   cs us sy id wa st
 2  0      0 47283492   9960  68736    0    0   272     0 77319 77957  1  1 97  0  0	
 2  0      0 47283492   9960  68736    0    0   272     0 77444 77964  2  1 97  0  1	
 2  0      0 47283492   9960  68736    0    0   288     0 77238 77809  1  1 97  0  0	
 2  0      0 47283492   9968  68732    0    0   160    12 76699 77689  1  1 97  0  0	
 2  0      0 47282624   9968  68736    0    0   208     0 77784 78343  2  1 97  0  0	
 3  0      0 47282128   9968  68736    0    0   288     0 77709 78057  1  1 97  0  0	
 2  0      0 47282128   9968  68736    0    0   160     0 79036 79357  2  1 97  0  0	
 2  0      0 47282004   9968  68736    0    0   224     0 77600 77836  1  1 97  0  1	
 3  0      0 47281756   9968  68740    0    0   192     0 78419 78683  2  1 97  0  0	
 2  0      0 47281508   9976  68740    0    0   192    24 78962 79327  2  1 97  0  0	
 2  0      0 47281384   9976  68740    0    0   288     0 78872 79072  2  1 97  0  0	
 2  0      0 47280888   9976  68740    0    0   320     0 78867 79191  1  1 97  0  0	
 2  0      0 47280640   9976  68740    0    0   304     0 78819 79040  2  1 97  0  0	
 2  0      0 47280392   9976  68740    0    0   368     0 77714 77948  1  1 97  0  0	
 2  0      0 47280392   9984  68732    0    0   240    36 77148 77505  1  1 97  0  0	
 2  0      0 47280392   9984  68732    0    0   208     0 75428 75727  2  1 97  0  1	
 3  0      0 47279896   9984  68732    0    0   304     0 77029 77364  2  1 97  0  0	
 2  0      0 47279400   9984  68732    0    0   384     0 76264 76666  1  1 97  0  0	
 2  0      0 47279400   9984  68732    0    0   304     0 77126 77509  2  1 97  0  0	
 3  0      0 47278904   9992  68728    0    0   256    12 77195 77620  1  1 97  0  0	
 2  0      0 47278284   9992  68740    0    0   176     0 76972 77555  1  1 97  0  1	
procs -----------memory---------- ---swap-- -----io---- --system-- -----cpu-----
 r  b   swpd   free   buff  cache   si   so    bi    bo   in   cs us sy id wa st
 3  0      0 47278284   9992  68740    0    0   368     0 76988 77382  1  1 97  0  0	
 3  0      0 47278284   9992  68740    0    0   144     0 77259 77672  2  1 97  0  0	
 3  0      0 47277788   9992  68740    0    0   384     0 76988 77311  2  1 97  0  0	
 2  0      0 47277292   9992  68740    0    0   416     0 76976 77346  2  1 97  0  1	
 3  0      0 47277292  10000  68740    0    0   176    12 76188 76660  1  1 97  0  1	
 2  0      0 47277292  10000  68744    0    0   208     0 76215 76604  1  1 97  0  0	
 2  0      0 47276300  10000  68744    0    0   352     0 75928 76337  1  1 97  0  0	
 2  0      0 47275928  10000  68744    0    0   208     0 77157 77610  2  1 97  0  0	
 2  0      0 47275928  10000  68744    0    0   240     0 77004 77338  1  1 97  0  0	
 2  0      0 47275928  10008  68736    0    0   160    12 77302 77597  2  1 97  0  0	
 2  0      0 47275432  10008  68736    0    0   368     0 76678 76924  1  1 97  0  0	
 3  0      0 47275432  10008  68736    0    0   304     0 78954 79074  2  1 97  0  0	
 3  0      0 47275432  10008  68736    0    0   304     0 78503 78746  2  1 97  0  0	
 2  0      0 47274440  10008  68736    0    0   384    16 78936 79082  2  1 97  0  1	
 2  0      0 47274068  10008  68744    0    0   256     0 78393 78627  1  1 97  0  0	
 3  0      0 47273944  10016  68744    0    0   272    12 78963 79244  1  1 97  0  1	
 2  0      0 47273944  10016  68744    0    0   208     0 77946 78170  1  1 97  0  0	
 3  0      0 47273324  10016  68744    0    0   304     0 78447 78665  2  1 97  0  0	
 3  0      0 47272952  10016  68744    0    0   224     0 78569 78953  2  1 97  0  0	
 2  0      0 47272952  10016  68744    0    0   176     4 80103 80400  2  1 97  0  0	
 2  0      0 47272952  10024  68736    0    0   288    12 79266 79558  1  1 97  0  0	
procs -----------memory---------- ---swap-- -----io---- --system-- -----cpu-----
 r  b   swpd   free   buff  cache   si   so    bi    bo   in   cs us sy id wa st
 2  0      0 47272952  10024  68736    0    0   304     0 79231 79513  2  1 97  0  0	
 2  0      0 47271960  10024  68736    0    0   400     0 79208 79578  2  1 97  0  0	
 2  0      0 47271588  10024  68744    0    0   224     0 79264 79800  1  1 98  0  1	
 2  0      0 47271464  10024  68744    0    0   240     8 78069 78423  1  1 97  0  0	
 2  0      0 47271464  10024  68744    0    0   240     0 79661 80123  1  1 98  0  0	
 2  0      0 47271464  10032  68736    0    0   288    24 79116 79598  1  1 97  0  0	
 2  0      0 47270472  10032  68736    0    0   416     0 79133 79805  2  0 97  0  0	
 3  0      0 47270472  10032  68736    0    0   352     0 79293 79688  2  1 97  0  0	
 2  0      0 47270472  10032  68736    0    0   304     0 79535 79932  1  0 98  0  0	
 2  0      0 47269480  10032  68736    0    0   384     0 79433 79853  1  1 98  0  0	
 3  0      0 47268860  10040  68744    0    0   304    12 78761 79255  2  1 97  0  0	
 2  0      0 47268860  10040  68744    0    0   224     0 77600 77735  1  1 97  0  0	
 2  0      0 47268860  10040  68744    0    0   320     0 78809 79021  1  1 97  0  0	
 2  0      0 47268364  10040  68744    0    0   272     0 77807 78067  1  1 97  0  1	
 3  0      0 47268364  10040  68744    0    0   320     0 78352 78843  2  1 97  0  0	
 2  0      0 47268364  10040  68744    0    0   240     0 77818 78053  2  1 97  0  1	
 2  0      0 47267868  10048  68744    0    0   272    12 79022 79290  2  1 97  0  0	
 2  0      0 47266752  10048  68748    0    0   272     0 79144 79443  1  1 97  0  1	
 3  0      0 47266380  10048  68748    0    0   384     0 77139 77356  2  1 97  0  0	
 2  0      0 47266380  10048  68748    0    0   320     0 76999 77091  1  1 97  0  0	
 3  0      0 47266380  10048  68748    0    0   368     0 77498 77587  1  1 97  0  0	
procs -----------memory---------- ---swap-- -----io---- --system-- -----cpu-----
 r  b   swpd   free   buff  cache   si   so    bi    bo   in   cs us sy id wa st
 2  0      0 47265884  10056  68744    0    0   224    12 78867 79136  1  1 97  0  0	
 2  0      0 47265388  10056  68744    0    0   400     0 78391 78608  2  1 97  0  0	
 3  0      0 47265388  10056  68744    0    0   240     0 77101 77304  1  1 97  0  0	
 4  0      0 47265388  10056  68744    0    0   272     0 79052 79304  1  1 97  0  0	
 2  0      0 47264396  10056  68752    0    0   272     0 78485 78853  2  1 97  0  0	
 2  0      0 47264272  10056  68752    0    0   224     0 77013 77638  1  1 97  0  0	
 2  0      0 47264272  10064  68752    0    0   208    12 78811 79099  2  1 97  0  1	
 2  0      0 47264272  10064  68752    0    0   256    12 79401 79786  1  1 97  0  0	
 3  0      0 47263776  10064  68752    0    0   288     0 79210 79660  1  1 97  0  1	
 2  0      0 47263280  10064  68752    0    0   352     0 79084 79464  1  1 98  0  0	
 2  0      0 47263280  10064  68752    0    0   304     0 79084 79631  1  1 97  0  0	
 2  0      0 47262784  10072  68748    0    0   272    12 79345 79864  1  1 97  0  0	
 3  0      0 47262288  10072  68752    0    0   288    16 78108 78582  2  1 97  0  0	
 2  0      0 47261916  10072  68752    0    0   224     0 78380 78882  1  1 97  0  1	
 2  0      0 47261916  10072  68752    0    0   208     0 79552 79849  1  1 97  0  0	
 2  0      0 47261916  10072  68752    0    0    96     0 80144 80690  1  1 97  0  0	
 2  0      0 47261916  10072  68752    0    0   336     0 78970 79413  1  1 97  0  0	
 2  0      0 47261792  10080  68752    0    0   256    28 77896 78480  2  1 97  0  0	
 3  0      0 47261792  10080  68752    0    0   176     0 78070 78606  2  1 97  0  0	
 3  0      0 47260800  10080  68752    0    0   208     0 77976 78542  2  1 97  0  0	
 2  0      0 47260180  10080  68752    0    0   240     0 78048 78557  1  1 97  0  0	
procs -----------memory---------- ---swap-- -----io---- --system-- -----cpu-----
 r  b   swpd   free   buff  cache   si   so    bi    bo   in   cs us sy id wa st
 2  0      0 47259932  10080  68752    0    0   336     0 77498 78347  2  1 97  0  0	
 3  0      0 47259932  10088  68744    0    0   224    12 75985 76933  1  1 97  0  1	
 2  0      0 47259932  10088  68744    0    0   224     0 76770 78354  1  1 97  0  0	
 3  0      0 47259932  10088  68744    0    0   288     0 77018 78959  1  1 97  0  1	
 3  0      0 47258940  10088  68744    0    0   192     0 77390 79592  2  1 97  0  1	
 3  0      0 47258940  10088  68744    0    0   112     0 77340 79645  1  1 97  0  0	
 2  0      0 47258940  10088  68744    0    0   224     0 77809 79369  1  1 97  0  0	
 3  0      0 47258320  10096  68752    0    0   240    16 77546 78734  2  1 97  0  1	
 3  0      0 47258196  10096  68752    0    0   256     0 75316 79696  2  1 97  0  0	
 2  0      0 47258072  10096  68752    0    0   272     0 77478 79458  1  1 97  0  1	
 3  0      0 47257692  10096  68756    0    0   176     0 77291 79788  1  1 97  0  0	
 3  0      0 47257692  10096  68756    0    0   432     0 76106 78192  1  1 97  0  1	
 2  0      0 47256700  10104  68756    0    0   240    20 77014 79486  1  1 97  0  1	
 2  0      0 47256700  10104  68756    0    0   176     0 75898 77848  1  1 97  0  0	
 2  0      0 47256700  10104  68756    0    0   272     0 77123 79254  2  1 97  0  0	
 3  0      0 47255592  10104  68760    0    0   240     0 77468 79642  1  1 97  0  1	
 2  0      0 47255220  10104  68760    0    0   288     0 76140 79682  2  1 96  0  1	
 2  0      0 47255220  10104  68760    0    0   192     0 77354 79496  2  1 97  0  0	
 3  0      0 47255220  10112  68752    0    0   256    12 77098 79033  1  1 97  0  0	
 2  0      0 47255220  10112  68752    0    0   240     0 76560 78169  2  1 97  0  1	
 3  0      0 47254724  10112  68752    0    0   272     0 76878 79026  1  1 97  0  1	
procs -----------memory---------- ---swap-- -----io---- --system-- -----cpu-----
 r  b   swpd   free   buff  cache   si   so    bi    bo   in   cs us sy id wa st
 3  0      0 47254228  10112  68752    0    0   176     0 77016 78733  2  1 97  0  1	
 2  0      0 47254228  10112  68752    0    0   288    36 77260 79238  2  1 97  0  1	
 2  0      0 47253608  10120  68760    0    0   272    24 76576 78314  1  1 98  0  1	
 2  0      0 47253360  10120  68760    0    0   176     0 77202 78881  1  1 97  0  0	
 3  0      0 47253360  10120  68760    0    0   256     0 77561 78355  1  1 98  0  0	
 2  0      0 47252988  10120  68760    0    0   192     0 74488 75711  1  1 97  0  0	
 2  0      0 47252864  10120  68760    0    0   176     8 68227 70258  2  1 97  0  0	
 2  0      0 47252864  10120  68760    0    0   176     0 77465 77867  1  1 97  0  1	
 2  0      0 47252864  10128  68752    0    0   176    24 77527 78485  2  1 97  0  0	
 2  0      0 47252864  10128  68752    0    0   272     0 77722 79018  1  1 97  0  1	
 3  0      0 47251996  10128  68760    0    0   160     0 76891 77880  1  1 97  0  1	
 2  0      0 47251872  10128  68760    0    0   256     0 77992 78906  2  1 97  0  1	
 3  0      0 47251872  10128  68760    0    0   384     0 79579 80138  2  1 97  0  1	
 2  0      0 47251376  10136  68756    0    0   256    12 80832 81368  2  1 97  0  0	
 2  0      0 47250880  10136  68756    0    0   272     0 80674 81222  1  1 97  0  1	
 3  0      0 47250880  10136  68756    0    0   192     0 80797 81393  1  0 98  0  0	
 3  0      0 47250880  10136  68756    0    0   304     4 80446 81098  1  1 97  0  0	
 2  0      0 47250384  10136  68756    0    0   352     0 80435 80987  2  1 97  0  0	
 2  0      0 47249764  10136  68760    0    0   192     0 80588 81221  1  1 97  0  1	
 2  0      0 47249640  10144  68760    0    0   240    12 77884 79352  2  1 97  0  0	
 2  0      0 47249640  10144  68760    0    0   240     0 76878 78080  1  1 98  0  1	
procs -----------memory---------- ---swap-- -----io---- --system-- -----cpu-----
 r  b   swpd   free   buff  cache   si   so    bi    bo   in   cs us sy id wa st
 2  0      0 47249640  10144  68760    0    0   224     0 77963 79154  1  1 97  0  0	
 3  0      0 47249640  10144  68760    0    0   224     8 77388 78575  1  1 97  0  1	
 2  0      0 47248648  10144  68760    0    0   256     0 77998 79075  1  1 97  0  0	
 2  0      0 47248648  10152  68752    0    0   352    12 77863 79264  1  1 97  0  0	
 3  0      0 47248648  10152  68752    0    0   288     0 77821 79250  1  1 97  0  1	
 2  0      0 47247656  10152  68764    0    0   224     0 76869 77963  2  1 97  0  1	
 2  0      0 47247532  10152  68764    0    0   224     0 76441 77091  1  1 97  0  1	
 2  0      0 47247284  10152  68764    0    0   224     0 77647 78344  1  1 98  0  0	
 2  0      0 47247036  10152  68764    0    0   224     0 78030 78658  1  1 97  0  0	
 2  0      0 47246788  10160  68764    0    0   240    12 77100 77524  1  1 97  0  0	
 2  0      0 47246540  10160  68764    0    0   208     0 77985 78641  2  1 97  0  1	
 2  0      0 47246292  10160  68764    0    0   288     4 77260 78024  1  1 97  0  1	
 3  0      0 47246044  10160  68764    0    0   272     0 77555 78537  1  1 97  0  0	
 2  0      0 47245672  10160  68764    0    0   448     0 77455 78196  1  1 97  0  1	
 2  0      0 47245672  10168  68760    0    0   144    12 78182 78770  1  1 97  0  0	
 2  0      0 47245052  10168  68768    0    0   336     0 77960 78608  2  1 97  0  1	
 2  0      0 47244928  10168  68768    0    0   304    24 79012 80147  2  1 97  0  0	
 2  0      0 47244680  10168  68768    0    0   256     0 80439 81107  2  1 97  0  1	
 3  0      0 47244680  10168  68768    0    0   224     0 80576 81141  2  1 97  0  0	
 3  0      0 47244680  10168  68768    0    0   224     0 79123 79536  1  0 98  0  1	
 2  0      0 47244680  10176  68768    0    0   320    24 79818 80430  2  1 97  0  0	
procs -----------memory---------- ---swap-- -----io---- --system-- -----cpu-----
 r  b   swpd   free   buff  cache   si   so    bi    bo   in   cs us sy id wa st
 3  0      0 47243688  10176  68768    0    0   144     0 79382 79924  1  1 97  0  1	
 3  0      0 47243440  10176  68768    0    0   336     0 79541 80060  2  1 97  0  1	
 2  0      0 47243316  10176  68768    0    0   368     0 78500 78761  2  1 97  0  0	
 2  0      0 47243316  10176  68768    0    0   304     0 78797 78968  1  1 97  0  0	
 2  0      0 47242820  10184  68760    0    0   160    12 77964 78167  1  1 97  0  0	
 2  0      0 47242820  10184  68760    0    0   160     0 79072 79253  2  1 97  0  0	
 4  0      0 47242324  10184  68760    0    0   384     0 78593 78743  2  1 97  0  1	
 3  0      0 47242324  10184  68760    0    0   240     0 79147 79311  2  1 97  0  0	
 2  0      0 47241456  10184  68768    0    0   272     0 78734 78991  2  1 97  0  0	
 2  0      0 47241332  10184  68768    0    0   208     0 78710 79287  1  1 97  0  0	
 2  0      0 47241332  10192  68764    0    0   160    12 77841 78180  1  1 97  0  0	
 2  0      0 47241332  10192  68764    0    0   208     0 78798 79039  2  1 97  0  0	
 2  0      0 47241332  10192  68764    0    0   320     0 78827 79065  2  1 97  0  0	
 2  0      0 47240836  10192  68764    0    0   208     0 79741 80138  1  1 97  0  0	
 2  0      0 47240340  10192  68764    0    0   208     0 80132 80583  2  1 97  0  0	
 3  0      0 47240340  10200  68756    0    0   256    12 80069 80559  2  1 97  0  0	
 2  0      0 47239720  10200  68772    0    0   192     0 79405 79782  1  1 98  0  0	
 2  0      0 47239472  10200  68772    0    0   288     0 77020 78216  1  1 97  0  0	
 2  0      0 47239472  10200  68772    0    0   208     0 76166 77205  1  1 97  0  0	
 2  0      0 47239472  10200  68772    0    0   192     0 77443 78697  1  1 97  0  1	
 2  0      0 47238976  10200  68772    0    0   192     0 77236 78175  1  1 97  0  0	
procs -----------memory---------- ---swap-- -----io---- --system-- -----cpu-----
 r  b   swpd   free   buff  cache   si   so    bi    bo   in   cs us sy id wa st
 2  0      0 47238976  10208  68768    0    0   272    20 77613 78824  2  1 97  0  0	
 2  0      0 47238480  10208  68768    0    0   272     0 77516 78795  1  1 97  0  1	
 2  0      0 47238480  10208  68768    0    0   192     0 77542 78919  2  1 97  0  0	
 3  0      0 47237612  10208  68772    0    0   352     0 77050 78626  2  1 97  0  1	
 2  0      0 47237364  10208  68772    0    0   304     0 76180 78770  1  1 97  0  0	
 2  0      0 47237240  10216  68768    0    0   208    32 77335 78769  1  1 97  0  1	
 2  0      0 47237240  10216  68768    0    0   256     0 77108 78669  2  1 97  0  0	
 2  0      0 47237240  10216  68768    0    0   288     0 75902 77148  1  1 97  0  1	
 2  0      0 47236744  10216  68768    0    0   304     0 76775 78139  1  1 97  0  1	
 2  0      0 47236744  10216  68768    0    0   112     0 77060 78421  2  1 97  0  1	
 2  0      0 47236248  10224  68760    0    0   320    32 77157 78616  1  1 97  0  0	
 2  0      0 47235752  10224  68772    0    0   192     0 77266 78371  1  1 97  0  0	
 2  0      0 47235628  10224  68772    0    0   272     0 79872 80351  2  1 97  0  0	
 2  0      0 47235628  10224  68772    0    0   208     0 79314 79729  2  1 97  0  0	
 2  0      0 47235628  10224  68772    0    0   256     0 79027 79289  1  1 97  0  0	
 2  0      0 47235132  10224  68776    0    0   256     0 78964 79232  1  1 97  0  0	
 4  0      0 47234636  10232  68772    0    0   208    12 79473 79728  2  1 97  0  0	
 2  0      0 47234636  10232  68772    0    0   272     0 77800 77950  1  1 97  0  0	
 2  0      0 47234264  10232  68776    0    0   112     0 78230 78707  1  1 97  0  1	
 2  0      0 47233644  10232  68776    0    0   368     0 76158 76517  1  1 97  0  0	
 2  0      0 47233520  10232  68776    0    0   368     0 77469 77874  1  1 97  0  0	
procs -----------memory---------- ---swap-- -----io---- --system-- -----cpu-----
 r  b   swpd   free   buff  cache   si   so    bi    bo   in   cs us sy id wa st
 2  0      0 47233520  10240  68768    0    0   160    12 77640 78103  1  1 97  0  0	
 3  0      0 47233520  10240  68768    0    0   192     0 77235 77851  1  1 97  0  1	
 2  0      0 47233520  10240  68768    0    0   208     0 77780 78128  2  1 97  0  0	
 2  0      0 47233024  10240  68768    0    0   192     0 77134 77507  1  1 97  0  0	
 2  0      0 47233024  10240  68768    0    0   176     0 77375 77782  1  1 97  0  0	
 2  0      0 47232528  10240  68768    0    0   272     0 76905 77475  1  1 97  0  0	
 2  0      0 47232032  10248  68780    0    0   176    12 76146 76865  2  1 97  0  0	
 3  0      0 47231784  10248  68780    0    0   208     0 75880 78412  2  1 97  0  1	
 3  0      0 47231784  10248  68780    0    0   304     0 76765 77997  1  1 97  0  1	
 2  0      0 47231784  10248  68780    0    0   256     0 77884 79373  1  1 97  0  0	
 3  0      0 47231784  10248  68780    0    0   144     0 78049 79533  1  1 97  0  0	
 3  0      0 47230792  10256  68772    0    0   320    12 77822 79345  2  1 97  0  1	
 2  0      0 47230792  10256  68772    0    0   224     0 77083 78434  1  1 97  0  1	
 3  0      0 47230792  10256  68772    0    0   256     0 77938 79454  1  1 97  0  0	
 2  0      0 47229924  10256  68780    0    0   240    16 77805 79324  1  1 97  0  1	
 2  0      0 47229676  10256  68780    0    0   272     0 76920 79260  1  1 97  0  0	
 3  0      0 47229676  10256  68780    0    0    96     0 76871 78074  1  1 97  0  1	
 2  0      0 47229676  10264  68776    0    0   240    28 77576 78993  1  1 97  0  1	
 3  0      0 47229676  10264  68776    0    0   288     0 77231 78790  2  1 97  0  1	
 2  0      0 47229180  10264  68776    0    0   224    20 77946 79576  2  1 97  0  0	
 2  0      0 47228684  10264  68776    0    0   256     0 77681 79278  2  1 96  0  0	
procs -----------memory---------- ---swap-- -----io---- --system-- -----cpu-----
 r  b   swpd   free   buff  cache   si   so    bi    bo   in   cs us sy id wa st
 2  0      0 47228684  10264  68776    0    0   256     0 77886 79580  1  1 97  0  1	
 4  0      0 47228064  10272  68780    0    0   176    16 78178 79770  1  0 98  0  0	
 2  0      0 47227816  10272  68780    0    0   208     0 80464 81379  1  1 97  0  1	
 2  0      0 47227816  10272  68780    0    0   288     0 80308 81165  1  1 97  0  0	
 2  0      0 47227816  10272  68780    0    0   240     0 80362 81194  2  1 97  0  1	
 3  0      0 47227816  10272  68780    0    0   224     0 79090 79800  1  1 97  0  1	
 2  0      0 47226824  10272  68780    0    0   336     0 80424 81172  2  1 96  0  1	
 1  1      0 47226824  10280  68772    0    0   352    12 78891 79525  1  1 97  0  1	
 2  0      0 47226824  10280  68772    0    0   192     0 78447 79361  1  1 97  0  0	
 2  0      0 47226204  10280  68780    0    0   112     0 76487 79035  1  1 97  0  0	
 2  0      0 47225956  10280  68780    0    0   176     0 77331 79026  2  1 97  0  1	
 3  0      0 47225956  10280  68780    0    0   224     0 77193 78729  1  1 97  0  0	
 2  0      0 47225956  10288  68776    0    0   160    12 77507 78955  2  1 97  0  0	
 2  0      0 47225956  10288  68776    0    0   208     0 77436 77852  1  1 97  0  1	
 2  0      0 47225460  10288  68776    0    0   240     0 76941 77222  2  1 97  0  0	
 2  0      0 47224964  10288  68776    0    0   224     0 76284 76580  1  1 97  0  0	
 2  0      0 47224964  10288  68776    0    0   176     0 76911 77280  2  1 97  0  0	
 3  0      0 47224468  10288  68784    0    0   272     0 76733 76983  1  1 97  0  0	
 4  0      0 47224344  10296  68776    0    0   128    12 76927 77461  1  1 97  0  0	
 2  0      0 47224096  10296  68784    0    0   240     0 76812 77951  2  1 97  0  1	
 2  0      0 47223972  10296  68784    0    0   160     0 76427 77959  1  1 97  0  0	
procs -----------memory---------- ---swap-- -----io---- --system-- -----cpu-----
 r  b   swpd   free   buff  cache   si   so    bi    bo   in   cs us sy id wa st
 3  0      0 47223724  10296  68788    0    0   368     0 69000 70945  2  1 97  0  0	
 3  0      0 47223600  10296  68788    0    0   176     0 64196 66843  2  1 97  0  0	
 2  0      0 47223600  10304  68780    0    0   288    12 64184 66932  2  1 96  0  0	
 3  0      0 47223600  10304  68780    0    0   176     8 64363 67030  2  1 96  0  0	
 2  0      0 47222980  10304  68788    0    0   112     0 63059 65806  2  1 96  0  0	
 2  0      0 47222856  10304  68788    0    0   224     0 77095 77544  2  1 97  0  0	
 3  0      0 47222856  10304  68788    0    0   224     0 78094 78296  1  1 97  0  0	
 4  0      0 47222856  10304  68788    0    0   256     0 78922 79168  2  1 97  0  0	
 1  1      0 47222360  10312  68780    0    0   192    36 78355 78442  1  1 97  0  0	
 3  0      0 47222360  10312  68780    0    0   240     0 78330 78469  2  1 97  0  0	
 2  0      0 47221864  10312  68780    0    0   304     0 79579 80060  2  1 97  0  0	
 4  0      0 47221864  10312  68780    0    0   112     0 80204 80676  2  1 97  0  0	
 2  0      0 47221120  10312  68788    0    0   288     0 79542 80230  2  1 97  0  0	
 3  0      0 47220748  10320  68788    0    0   272    48 78367 79794  1  1 97  0  1	
 2  0      0 47220748  10320  68788    0    0   192     0 77977 78477  1  1 97  0  0	
 3  0      0 47220748  10320  68788    0    0   224     0 79815 80429  2  1 97  0  0	
 2  0      0 47220748  10320  68788    0    0   288     0 78333 78886  1  1 97  0  0	
 2  0      0 47220252  10320  68788    0    0   128     0 79941 80480  1  1 97  0  0	
 4  0      0 47220252  10320  68788    0    0   208     0 79962 80595  2  1 97  0  0	
 2  0      0 47219756  10328  68780    0    0   144    16 80144 80794  1  1 97  0  0	
 2  0      0 47219508  10328  68788    0    0   112     0 80228 80771  1  0 98  0  0	
procs -----------memory---------- ---swap-- -----io---- --system-- -----cpu-----
 r  b   swpd   free   buff  cache   si   so    bi    bo   in   cs us sy id wa st
 2  0      0 47219384  10328  68788    0    0   128     0 79805 80483  2  1 97  0  0	
 3  0      0 47219384  10328  68788    0    0   240     0 79978 80424  2  1 97  0  0	
 4  0      0 47219384  10328  68788    0    0   224     0 80082 80596  1  1 97  0  1	
 3  0      0 47218888  10336  68788    0    0   304    12 78227 78713  1  1 97  0  0	
 3  0      0 47218392  10336  68788    0    0   272     0 79933 80492  2  1 96  0  1	
 2  0      0 47218392  10336  68788    0    0   240     0 79062 79534  2  1 97  0  0	
 2  0      0 47218392  10336  68788    0    0   288     0 80050 80638  2  1 97  0  1	
 2  0      0 47217524  10336  68788    0    0   272     0 79940 80585  1  1 97  0  0	
 2  0      0 47217276  10336  68788    0    0   256     0 79769 80405  1  1 97  0  0	
 2  0      0 47217276  10344  68780    0    0   160    12 79837 80443  2  1 97  0  1	
 3  0      0 47217276  10344  68780    0    0   272     0 79619 80190  1  1 97  0  0	
 2  0      0 47217276  10344  68780    0    0   208     0 79133 79472  1  1 97  0  1	
 2  0      0 47216780  10344  68780    0    0   240     0 79476 79874  2  1 97  0  0	
 3  0      0 47216284  10344  68780    0    0   272     4 77195 77467  1  1 97  0  0	
 2  0      0 47216284  10352  68772    0    0   256    12 78094 78335  1  1 98  0  0	
 3  0      0 47215664  10352  68792    0    0   208     0 78369 78890  2  1 97  0  0	
 2  0      0 47215416  10352  68792    0    0   208     0 79198 79959  2  1 97  0  0	
 2  0      0 47215416  10352  68792    0    0   272     0 79355 79740  2  1 96  0  0	
 2  0      0 47215416  10352  68792    0    0   192     8 79208 79668  1  1 97  0  0	
 2  0      0 47215416  10352  68792    0    0   320     0 79336 79720  1  1 97  0  0	
 2  0      0 47214424  10360  68796    0    0   224    24 78086 78750  2  1 97  0  1	
procs -----------memory---------- ---swap-- -----io---- --system-- -----cpu-----
 r  b   swpd   free   buff  cache   si   so    bi    bo   in   cs us sy id wa st
 2  0      0 47214424  10360  68796    0    0   192     0 77687 77801  1  1 97  0  0	
 2  0      0 47214424  10360  68796    0    0   192     0 78861 79378  1  1 97  0  0	
 2  0      0 47213680  10360  68796    0    0   352     0 76916 77091  1  1 97  0  1	
 2  0      0 47213308  10360  68796    0    0   384     0 78497 78830  2  1 97  0  0	
 2  0      0 47213308  10368  68788    0    0   112    12 77550 77854  2  1 97  0  0	
 2  0      0 47213308  10368  68788    0    0   176     0 78721 79058  2  1 97  0  1	
 2  0      0 47213308  10368  68788    0    0   240     0 79129 79338  2  1 97  0  0	
 2  0      0 47212812  10368  68788    0    0   256    20 78995 79183  2  1 97  0  0	
 2  0      0 47212812  10368  68788    0    0   224     0 78932 79139  1  1 97  0  0	
 3  0      0 47212316  10368  68788    0    0   144     0 79046 79291  2  1 97  0  0	
 2  0      0 47212068  10376  68796    0    0   176    12 78907 79056  2  1 97  0  0	
 3  0      0 47211820  10376  68796    0    0   208     0 78854 79022  1  1 97  0  0	
 2  0      0 47211820  10376  68796    0    0   304     0 77817 77934  2  0 97  0  0	
 3  0      0 47211820  10376  68796    0    0   208     0 79111 79326  1  1 97  0  0	
 2  0      0 47211324  10376  68796    0    0   176     0 78609 78815  1  1 97  0  0	
 2  0      0 47211324  10384  68788    0    0   208    12 79093 79346  1  1 97  0  1	
 2  0      0 47211324  10384  68788    0    0    96     0 79023 79229  1  1 97  0  0	
 2  0      0 47210828  10384  68788    0    0   112     0 79262 79456  1  1 97  0  0	
 2  0      0 47210456  10384  68796    0    0   224     0 78669 78839  1  1 97  0  0	
 4  0      0 47210208  10384  68796    0    0   208     0 78414 78588  2  1 97  0  0	
 2  0      0 47210208  10384  68796    0    0   240     0 78518 78653  1  1 97  0  0	
procs -----------memory---------- ---swap-- -----io---- --system-- -----cpu-----
 r  b   swpd   free   buff  cache   si   so    bi    bo   in   cs us sy id wa st
 2  0      0 47210208  10392  68796    0    0   192    12 78547 78672  2  1 97  0  0	
 2  0      0 47210208  10392  68796    0    0   176     0 77052 77187  2  1 97  0  0	
 2  0      0 47210208  10392  68796    0    0   112     0 78040 78247  1  1 97  0  1	
 2  0      0 47209712  10392  68796    0    0   192     0 78035 78190  1  1 97  0  0	
 3  0      0 47209712  10392  68796    0    0   208     0 78748 78957  1  1 98  0  0	
 2  0      0 47208968  10400  68800    0    0   144    12 79040 79491  1  0 98  0  0	
 2  0      0 47208720  10400  68800    0    0   240     0 78339 78730  1  1 97  0  0	
 2  0      0 47208720  10400  68800    0    0   272    16 77613 77852  1  1 97  0  0	
 2  0      0 47208720  10400  68800    0    0   112     0 78965 79242  2  1 97  0  0	
 2  0      0 47208720  10400  68800    0    0   224     0 78023 78505  2  1 97  0  0	
 2  0      0 47208720  10400  68800    0    0   224     0 77706 78231  2  1 97  0  0	
 2  0      0 47208224  10408  68800    0    0   208    28 76846 77795  1  1 97  0  1	
 3  0      0 47207728  10408  68800    0    0   304     0 77348 78732  1  1 97  0  0	
 3  0      0 47207232  10408  68800    0    0   224     0 76236 77441  1  1 97  0  1	
 2  0      0 47206984  10408  68800    0    0   176     0 77462 79050  2  1 97  0  0	
 2  0      0 47206984  10408  68800    0    0    64     0 78033 78807  2  1 97  0  0	
 2  0      0 47206736  10416  68800    0    0   176    12 72708 73744  2  1 97  0  0	
 2  0      0 47206612  10416  68800    0    0   176     0 77331 77730  1  1 97  0  0	
 2  0      0 47206612  10416  68800    0    0   160     0 76919 77218  1  1 97  0  0	
 2  0      0 47206612  10416  68800    0    0   288     0 77088 77388  1  1 97  0  0	
 2  0      0 47206612  10416  68800    0    0   160     0 77325 77644  1  1 97  0  1	
procs -----------memory---------- ---swap-- -----io---- --system-- -----cpu-----
 r  b   swpd   free   buff  cache   si   so    bi    bo   in   cs us sy id wa st
 3  1      0 47205744  10416  68808    0    0   256    20 76079 76842  1  1 97  0  0	
 3  0      0 47205496  10424  68804    0    0   288    32 77290 78023  2  1 97  0  0	
 1  1      0 47205496  10424  68804    0    0   256     0 76933 77403  1  1 97  0  0	
 3  0      0 47205496  10424  68804    0    0   288     0 73764 74299  2  1 97  0  1	
 2  0      0 47205496  10424  68804    0    0   160     0 73551 74260  1  1 97  0  0	
 3  0      0 47205000  10424  68804    0    0   256     0 76975 77170  1  1 97  0  0	
 2  0      0 47205000  10432  68796    0    0   192    20 76924 77174  1  1 97  0  0	
 2  0      0 47204504  10432  68796    0    0   144     0 76923 77211  1  1 97  0  0	
 2  0      0 47203884  10432  68812    0    0   304     0 77052 77251  1  1 97  0  0	
 3  0      0 47203760  10432  68812    0    0   288     0 78698 78853  2  1 97  0  0	
 3  0      0 47203760  10432  68812    0    0   160     0 77332 77445  2  1 97  0  1	
 2  0      0 47203760  10440  68804    0    0   224    20 77922 78107  1  1 97  0  0	
 2  0      0 47203264  10440  68804    0    0   208     0 78063 78234  1  1 97  0  0	
 3  0      0 47202768  10440  68804    0    0   192     0 78828 78981  1  1 97  0  0	
 2  0      0 47202768  10440  68804    0    0   192     0 78606 78738  2  1 97  0  1	
 2  0      0 47202768  10440  68804    0    0   144     0 78819 78982  2  1 97  0  0	
 2  0      0 47202272  10440  68816    0    0   176     8 77284 77473  1  1 97  0  1	
 3  0      0 47202024  10448  68816    0    0   208    32 78572 78737  2  1 97  0  0	
 2  0      0 47201776  10448  68816    0    0   176     0 79153 79282  1  0 98  0  1	
 2  0      0 47201776  10448  68816    0    0   160     0 78875 78949  2  1 97  0  0	
 2  0      0 47201776  10448  68816    0    0   224     0 77482 77604  1  1 97  0  0	
procs -----------memory---------- ---swap-- -----io---- --system-- -----cpu-----
 r  b   swpd   free   buff  cache   si   so    bi    bo   in   cs us sy id wa st
 2  0      0 47201776  10448  68816    0    0   176     8 78993 79050  1  0 98  0  0	
 2  0      0 47201776  10456  68808    0    0   208    32 78226 78311  2  1 97  0  0	
 2  0      0 47200784  10456  68808    0    0   192     0 79109 79508  2  1 97  0  0	
 2  0      0 47200412  10456  68816    0    0   256     0 79371 79887  2  1 97  0  0	
 2  0      0 47200164  10456  68816    0    0   224     0 79390 80001  2  1 97  0  0	
 2  0      0 47200164  10456  68816    0    0   192     0 79827 80313  2  0 97  0  0	
 2  0      0 47200164  10456  68816    0    0   224     0 79677 80157  2  1 97  0  0	
 3  0      0 47200164  10464  68808    0    0   224    20 79664 80103  2  0 97  0  0	
 3  0      0 47199668  10464  68808    0    0   192     0 79604 80044  2  1 97  0  0	
 3  0      0 47199668  10464  68808    0    0   176     0 78086 78431  2  1 97  0  1	
 2  0      0 47199668  10464  68808    0    0   144     0 79688 80218  2  1 97  0  0	
 2  0      0 47198924  10464  68816    0    0   208    20 78835 79341  2  1 97  0  0	
 2  0      0 47198676  10472  68812    0    0   176    36 79535 80202  2  1 97  0  0	
 2  0      0 47198428  10472  68816    0    0   192     0 79770 80386  2  1 96  0  0	
 2  0      0 47198304  10472  68816    0    0   144     0 79329 80062  2  1 97  0  0	
 3  0      0 47198304  10472  68816    0    0   256     0 77879 78398  2  0 97  0  0	
 3  0      0 47198304  10472  68816    0    0   224    36 77486 78241  2  1 97  0  0	
 2  0      0 47198304  10472  68816    0    0   224     0 77932 78441  1  1 97  0  0	
 2  0      0 47197808  10480  68808    0    0   192    12 77400 77850  2  1 97  0  0	
 2  0      0 47197312  10480  68816    0    0   160     0 75611 75884  1  1 97  0  0	
 2  0      0 47197188  10480  68816    0    0   128     0 76856 77038  1  1 97  0  0	
procs -----------memory---------- ---swap-- -----io---- --system-- -----cpu-----
 r  b   swpd   free   buff  cache   si   so    bi    bo   in   cs us sy id wa st
 2  0      0 47197188  10480  68816    0    0   192     0 76217 76348  1  1 97  0  0	
 3  0      0 47196692  10480  68820    0    0   208     0 77074 77315  1  1 97  0  0	
 3  0      0 47196568  10488  68812    0    0   128    12 76845 77090  2  1 97  0  0	
 2  0      0 47196568  10488  68812    0    0   160     0 76975 77154  1  1 97  0  0	
 2  0      0 47196568  10488  68812    0    0   208     0 76833 77029  1  1 97  0  0	
 2  0      0 47196568  10488  68812    0    0   160     0 76958 77201  1  1 97  0  0	
 3  0      0 47195948  10488  68820    0    0   112     0 77008 77198  1  1 97  0  1	
 2  0      0 47195824  10488  68820    0    0   256     0 77297 77678  1  1 97  0  0	
 3  0      0 47195824  10496  68824    0    0   256    12 76052 76541  1  1 97  0  1	
 2  0      0 47195824  10496  68824    0    0   160     0 76779 77183  1  1 97  0  0	
 3  0      0 47195824  10496  68824    0    0   240    16 76612 76985  2  1 97  0  0	
 2  0      0 47194832  10496  68824    0    0   160     0 77438 77813  1  1 97  0  0	
 2  0      0 47194832  10496  68824    0    0   144     0 77272 77567  1  1 97  0  0	
 3  0      0 47194460  10504  68820    0    0   240    32 77262 77725  1  1 97  0  0	
 3  0      0 47194336  10504  68820    0    0   176     0 77250 77717  1  1 97  0  1	
 2  0      0 47194336  10504  68820    0    0   144     0 77317 77592  2  1 97  0  0	
 3  0      0 47194336  10504  68820    0    0   304     0 77419 77644  1  1 97  0  0	
 3  0      0 47194336  10504  68820    0    0   208     0 77524 77726  1  1 97  0  1	
 2  0      0 47193840  10504  68820    0    0   256     0 76342 76586  2  1 97  0  0	
 2  0      0 47193344  10512  68812    0    0   112    12 77393 77631  2  1 97  0  0	
 4  0      0 47193344  10512  68812    0    0   208     0 76158 76390  1  1 97  0  0	
procs -----------memory---------- ---swap-- -----io---- --system-- -----cpu-----
 r  b   swpd   free   buff  cache   si   so    bi    bo   in   cs us sy id wa st
 2  0      0 47193344  10512  68812    0    0   272     0 77529 77819  1  1 97  0  0	
 3  0      0 47192600  10512  68824    0    0   224     0 77329 77619  2  1 97  0  0	
 2  0      0 47192476  10512  68824    0    0   144     0 77561 77853  2  1 97  0  0	
 3  0      0 47192476  10520  68820    0    0    96    12 77607 77876  2  1 97  0  0	
 2  0      0 47192476  10520  68820    0    0    96     0 77688 77950  2  1 97  0  0	
 2  0      0 47192476  10520  68820    0    0   208     0 77490 77711  2  1 97  0  0	
 3  0      0 47192476  10520  68820    0    0   192     0 77859 78044  2  1 97  0  0	
 2  0      0 47191980  10520  68820    0    0   112     0 75863 76061  1  1 97  0  0	
 2  0      0 47191980  10520  68820    0    0   112     0 77744 77962  2  1 97  0  0	
 3  0      0 47191360  10528  68824    0    0   256    12 77313 77612  2  1 97  0  0	
 2  0      0 47191236  10528  68824    0    0   192    20 77558 77817  2  1 97  0  1	
 2  0      0 47191236  10528  68824    0    0   240     0 77529 77736  1  1 97  0  0	
 3  0      0 47191236  10528  68824    0    0   112     0 77567 77846  2  1 97  0  0	
 3  0      0 47191236  10528  68824    0    0   192     0 77076 77346  1  1 97  0  1	
 2  0      0 47191236  10536  68816    0    0   192    12 77518 77739  2  1 97  0  0	
 2  0      0 47190244  10536  68816    0    0   224     0 77379 77620  1  1 97  0  0	
 2  0      0 47190244  10536  68816    0    0   128     0 77827 78111  1  1 97  0  0	
 2  0      0 47189624  10536  68828    0    0    96     0 76013 76277  2  1 97  0  0	
 2  0      0 47189500  10536  68828    0    0   192     0 77214 77749  1  1 97  0  0	
 2  0      0 47189500  10536  68828    0    0    64     0 77737 78448  2  1 97  0  1	
 2  0      0 47189500  10544  68828    0    0   336    28 78187 79482  1  1 97  0  0	
procs -----------memory---------- ---swap-- -----io---- --system-- -----cpu-----
 r  b   swpd   free   buff  cache   si   so    bi    bo   in   cs us sy id wa st
 2  0      0 47189500  10544  68828    0    0   128     0 78458 79790  2  1 97  0  0	
 2  0      0 47189004  10544  68828    0    0   224     0 78192 79536  2  1 97  0  0	
 2  0      0 47188508  10544  68828    0    0   224     0 77378 78560  2  1 97  0  1	
 2  0      0 47188508  10544  68828    0    0   144     0 78160 79541  2  0 97  0  0	
 3  0      0 47188136  10552  68836    0    0   128    12 77644 78436  1  1 97  0  0	
 2  0      0 47188012  10552  68836    0    0   192     0 77923 78881  2  1 97  0  0	
 2  0      0 47188012  10552  68836    0    0   192     0 76849 77345  2  1 97  0  0	
 2  0      0 47188012  10552  68836    0    0   144     0 78180 78915  2  1 96  0  0	
 2  0      0 47188012  10552  68836    0    0   160     0 77654 78246  1  1 97  0  1	
 3  0      0 47188012  10552  68836    0    0   192     0 78244 78985  2  1 97  0  0	
 3  0      0 47187516  10560  68828    0    0   144    12 78395 79107  2  1 97  0  0	
 2  0      0 47187020  10560  68828    0    0   256     0 78046 78843  2  1 97  0  0	
 2  0      0 47186648  10560  68836    0    0   240     0 77597 78377  2  1 97  0  1	
 2  0      0 47186400  10560  68836    0    0   144     0 77951 78935  2  1 97  0  0	
 2  0      0 47186400  10560  68836    0    0    96     0 78315 79050  2  1 97  0  0	
 2  0      0 47186400  10568  68828    0    0   272    12 78120 78816  2  1 97  0  0	
 2  0      0 47186400  10568  68828    0    0   144     0 76573 77071  1  1 97  0  1	
 2  0      0 47186400  10568  68828    0    0   240     0 77854 78532  1  1 97  0  0	
 2  0      0 47185904  10568  68828    0    0   224     0 76419 76954  1  1 97  0  1	
 2  0      0 47185408  10568  68828    0    0   144     0 78143 78778  2  1 97  0  0	
 3  0      0 47185160  10568  68836    0    0   208     0 77876 78658  2  1 97  0  0	
procs -----------memory---------- ---swap-- -----io---- --system-- -----cpu-----
 r  b   swpd   free   buff  cache   si   so    bi    bo   in   cs us sy id wa st
 3  0      0 47184912  10576  68836    0    0   192    12 77837 78729  1  1 97  0  0	
 2  0      0 47184912  10576  68836    0    0   128     0 77783 78423  1  1 97  0  0	
 2  0      0 47184912  10576  68836    0    0   112     0 77626 78187  2  1 97  0  1	
 3  0      0 47184912  10576  68836    0    0   160     8 77967 78631  2  1 97  0  0	
 2  0      0 47184912  10576  68836    0    0    80     0 78313 79072  2  1 96  0  0	
 2  0      0 47184912  10584  68828    0    0   128    12 77492 78103  1  1 97  0  0	
 2  0      0 47184416  10584  68828    0    0   192     0 78285 78972  2  1 96  0  1	
 3  0      0 47183920  10584  68836    0    0   160     0 76660 77193  2  1 97  0  0	
 2  0      0 47183920  10584  68836    0    0   144     0 77521 78579  2  1 97  0  0	
 2  0      0 47183920  10584  68836    0    0    96    28 77955 78726  1  1 97  0  1	
 3  0      0 47183920  10584  68836    0    0   160     0 78177 78899  1  1 97  0  0	
 3  0      0 47183920  10592  68828    0    0   208    44 78222 78995  1  1 98  0  0	
 2  0      0 47183920  10592  68828    0    0   256     0 77766 78423  1  1 97  0  0	
 3  0      0 47183424  10592  68828    0    0   240     0 77027 77903  2  1 97  0  0	
 3  0      0 47183424  10592  68828    0    0   208     0 77076 77844  1  1 97  0  0	
 3  0      0 47182680  10592  68840    0    0   144     0 75581 76158  1  1 97  0  0	
 2  0      0 47182308  10600  68836    0    0   224    12 77120 77970  2  1 97  0  0	
 2  0      0 47182308  10600  68836    0    0   144     0 76627 77319  2  1 97  0  1	
 3  0      0 47182308  10600  68836    0    0   128     0 77274 77880  2  1 97  0  0	
 2  0      0 47182308  10600  68836    0    0   128     0 77369 78354  2  1 97  0  0	
 4  0      0 47182308  10600  68836    0    0   160     0 77103 78470  1  1 97  0  1	
procs -----------memory---------- ---swap-- -----io---- --system-- -----cpu-----
 r  b   swpd   free   buff  cache   si   so    bi    bo   in   cs us sy id wa st
 2  1      0 47182308  10600  68836    0    0    96     8 77387 78551  1  1 97  0  0	
 2  0      0 47181812  10608  68828    0    0   240     4 77756 78403  1  1 97  0  0	
 2  0      0 47181068  10608  68840    0    0   272     0 77614 78325  2  1 97  0  0	
 2  0      0 47180944  10608  68840    0    0   112     0 77811 78668  2  1 97  0  0	
 3  0      0 47180944  10608  68844    0    0   224     0 76774 77290  1  1 97  0  0	
 2  0      0 47180944  10608  68844    0    0   160     0 79524 80059  2  0 97  0  1	
 2  0      0 47180944  10616  68836    0    0   128    12 79531 80033  2  1 97  0  0	
 2  0      0 47180944  10616  68836    0    0   176     0 79760 80231  2  1 97  0  1	
 2  0      0 47180944  10616  68836    0    0   112     0 79831 80372  2  1 97  0  0	
 2  0      0 47179952  10616  68836    0    0   240     0 79556 80191  2  1 97  0  0	
 2  0      0 47179828  10616  68844    0    0   144     0 78221 78713  2  1 97  0  1	
 2  0      0 47179580  10624  68840    0    0   208    12 79216 79983  2  0 97  0  0	
 2  0      0 47179580  10624  68840    0    0   144     0 77368 78395  2  1 97  0  1	
 2  0      0 47179580  10624  68840    0    0   224     0 76669 78228  1  1 97  0  0	
 4  0      0 47179580  10624  68840    0    0   176     0 75784 77330  2  1 97  0  1	
 2  0      0 47179084  10624  68840    0    0   224     0 76738 78107  1  1 97  0  1	
 2  0      0 47179084  10624  68840    0    0   160     0 75602 76847  1  1 97  0  1	
 2  0      0 47179084  10632  68832    0    0   112    12 76837 78406  2  1 97  0  1	
 2  0      0 47178340  10632  68844    0    0   176    44 76527 78256  1  1 97  0  0	
 2  0      0 47178092  10632  68844    0    0   240     0 76106 78192  2  1 97  0  0	
 2  0      0 47178092  10632  68844    0    0   160     0 76820 78305  2  1 97  0  0	
procs -----------memory---------- ---swap-- -----io---- --system-- -----cpu-----
 r  b   swpd   free   buff  cache   si   so    bi    bo   in   cs us sy id wa st
 2  0      0 47178092  10632  68844    0    0   176     0 76467 77979  1  1 97  0  1	
 3  0      0 47178092  10640  68836    0    0   112    24 76229 77545  2  1 97  0  1	
 3  0      0 47177596  10640  68836    0    0   304     8 76588 78019  1  1 97  0  0	
 2  0      0 47177100  10640  68836    0    0   272     0 76139 77409  1  1 97  0  1	
 2  0      0 47177100  10640  68836    0    0   208     0 76721 78024  2  1 97  0  0	
 4  0      0 47176728  10640  68848    0    0   144     0 75679 77056  2  1 97  0  1	
 2  0      0 47176604  10640  68848    0    0   192     0 76260 78209  1  1 97  0  1	
 3  0      0 47176604  10648  68844    0    0   208    24 76740 78225  1  1 97  0  0	
 2  0      0 47176604  10648  68844    0    0   208     0 76864 78286  1  1 97  0  0	
 2  0      0 47176604  10648  68844    0    0   176     0 76738 78135  2  1 97  0  0	
 2  0      0 47176108  10648  68844    0    0   128     0 77044 78463  2  1 97  0  0	
 3  0      0 47176108  10648  68844    0    0   144     0 76772 77951  1  1 97  0  0	
 2  0      0 47175612  10656  68836    0    0   192    12 76879 77066  1  1 97  0  0	
 3  0      0 47175240  10656  68848    0    0   192     0 74808 75087  1  1 97  0  0	
 2  0      0 47175116  10656  68848    0    0   176     0 76197 76527  1  1 97  0  1	
 2  0      0 47175116  10656  68848    0    0   112     0 76583 76822  2  1 97  0  0	
 3  0      0 47175116  10656  68848    0    0   256     0 76782 76988  1  1 97  0  0	
 3  0      0 47175116  10656  68848    0    0   160     0 76939 77161  2  1 97  0  1	
 2  0      0 47175116  10664  68840    0    0   144    12 77022 77291  1  1 98  0  0	
 2  0      0 47174620  10664  68840    0    0   224     0 76735 76982  1  1 97  0  1	
 3  0      0 47174124  10664  68840    0    0   128     0 76877 77162  1  1 97  0  0	
procs -----------memory---------- ---swap-- -----io---- --system-- -----cpu-----
 r  b   swpd   free   buff  cache   si   so    bi    bo   in   cs us sy id wa st
 4  0      0 47174000  10664  68848    0    0   160     0 76821 77099  1  1 97  0  0	
 2  0      0 47173752  10664  68848    0    0   176     0 76716 76989  1  1 97  0  0	
 2  0      0 47173752  10672  68840    0    0   304    12 75138 75315  1  1 97  0  1	
 3  0      0 47173752  10672  68840    0    0   144     0 76907 77121  1  1 97  0  0	
 2  0      0 47173752  10672  68840    0    0   224     0 75444 75672  1  1 97  0  0	
 3  0      0 47172760  10672  68840    0    0   256     0 76770 76985  1  1 97  0  0	
 2  0      0 47172760  10672  68840    0    0   208     0 76850 77138  1  1 97  0  0	
 2  0      0 47172760  10672  68840    0    0    96     0 76925 77208  1  1 97  0  0	
 2  0      0 47172388  10680  68852    0    0   160    12 76819 77193  1  1 97  0  0	
 2  0      0 47172264  10680  68852    0    0   176     0 76694 76998  1  1 97  0  0	
 2  0      0 47172264  10680  68852    0    0   256     0 76895 77086  2  1 97  0  0	
 2  0      0 47172264  10680  68852    0    0   192     0 76826 77060  1  1 97  0  0	
 2  0      0 47171768  10680  68852    0    0   272    24 75958 76122  1  1 97  0  1	
 2  0      0 47171768  10688  68844    0    0   144    28 76976 77171  1  1 98  0  0	
 2  0      0 47171272  10688  68844    0    0   224     0 75316 75524  1  1 97  0  0	
 2  0      0 47171272  10688  68844    0    0    96     0 77021 77329  1  1 97  0  0	
 2  0      0 47170900  10688  68852    0    0   112     0 77088 77355  1  1 97  0  0	
 2  0      0 47170776  10688  68856    0    0   192     0 76645 76902  2  1 97  0  0	
 2  0      0 47170776  10688  68856    0    0   144     0 77012 77225  1  1 97  0  0	
 3  0      0 47170776  10696  68856    0    0   192    12 76727 77023  1  1 97  0  1	
 3  0      0 47170776  10696  68856    0    0   192     0 76797 77026  1  1 97  0  0	
procs -----------memory---------- ---swap-- -----io---- --system-- -----cpu-----
 r  b   swpd   free   buff  cache   si   so    bi    bo   in   cs us sy id wa st
 3  0      0 47170776  10696  68856    0    0   112     0 77044 77304  1  1 98  0  0	
 2  0      0 47170280  10696  68856    0    0   128     0 75392 75564  2  1 97  0  0	
 3  0      0 47169784  10696  68856    0    0   288     0 76812 77064  1  1 97  0  0	
 3  0      0 47169412  10704  68856    0    0   144    12 76153 76405  1  1 97  0  1	
 2  0      0 47169288  10704  68856    0    0   256     0 76644 76969  1  1 97  0  0	
 2  0      0 47169288  10704  68856    0    0   176     0 76915 77186  2  1 97  0  0	
 2  0      0 47169288  10704  68856    0    0   224     0 76946 77144  1  1 97  0  0	
 2  0      0 47169288  10704  68856    0    0   176     0 77051 77239  1  1 97  0  0	
 2  0      0 47168792  10704  68856    0    0   160     0 77036 77206  1  1 97  0  0	
 3  0      0 47168792  10712  68848    0    0   160    12 77892 78552  2  1 97  0  0	
 2  0      0 47168792  10712  68848    0    0   160     0 77843 78608  1  1 97  0  1	
 2  0      0 47168048  10712  68856    0    0   144     0 76121 76755  1  1 97  0  1	
 2  0      0 47167924  10712  68856    0    0   208     0 77118 78072  1  1 98  0  0	
 2  0      0 47167924  10712  68856    0    0   224     0 77224 77971  1  1 97  0  1	
 3  0      0 47167924  10720  68848    0    0   208    12 77644 78509  1  1 97  0  0	
 2  0      0 47167428  10720  68848    0    0   192     0 77456 77827  1  1 97  0  0	
 3  0      0 47167428  10720  68848    0    0   272     0 77729 78489  2  1 97  0  1	
 2  0      0 47166932  10720  68848    0    0   208     0 77507 78289  2  1 97  0  0	
 3  0      0 47166932  10720  68848    0    0   160     0 77612 78419  2  1 97  0  1	
 3  0      0 47166436  10720  68856    0    0    96     0 77382 78245  1  1 97  0  0	
 2  0      0 47166436  10728  68852    0    0   240    12 77281 78326  1  1 97  0  1	
procs -----------memory---------- ---swap-- -----io---- --system-- -----cpu-----
 r  b   swpd   free   buff  cache   si   so    bi    bo   in   cs us sy id wa st
 2  0      0 47166436  10728  68852    0    0   208     0 74525 75592  2  1 97  0  1	
 2  0      0 47166436  10728  68852    0    0   192    12 76488 78009  2  1 97  0  0	
 2  0      0 47166436  10728  68852    0    0    96     0 76330 77812  2  1 97  0  0	
 3  0      0 47166436  10728  68852    0    0   128     0 76727 78458  1  1 97  0  0	
 3  0      0 47165940  10736  68844    0    0   176    24 77132 78500  2  1 97  0  1	
 2  0      0 47165444  10736  68844    0    0   240     0 77097 78440  2  1 97  0  0	
 2  0      0 47165072  10736  68856    0    0   160    16 76579 78281  2  1 97  0  1	
 2  0      0 47164948  10736  68860    0    0   112     0 75984 78394  2  1 97  0  1	
 2  0      0 47164948  10736  68860    0    0   208     0 76732 78150  2  1 97  0  0	
 2  0      0 47164948  10736  68860    0    0   144     0 76413 78088  2  1 97  0  0	
 2  0      0 47164948  10744  68852    0    0   192    12 75925 77112  1  1 97  0  1	
 2  0      0 47164948  10744  68852    0    0   208     0 76768 78372  1  1 97  0  0	
 3  0      0 47164452  10744  68852    0    0   128     0 75668 77077  1  1 97  0  1	
 2  0      0 47163956  10744  68852    0    0   176     0 76858 78333  2  1 97  0  0	
 1  1      0 47163832  10744  68864    0    0   112     0 76405 78182  2  1 97  0  0	
 3  0      0 47163460  10752  68860    0    0   272    12 75951 78011  2  1 97  0  1	
 4  0      0 47163460  10752  68860    0    0   208     0 76694 77881  1  1 97  0  0	
 3  0      0 47163460  10752  68860    0    0   144     0 76701 78117  1  1 97  0  1	
 2  0      0 47163460  10752  68860    0    0   176     0 76551 78124  1  1 97  0  1	
 2  0      0 47163460  10752  68860    0    0    96     0 76720 78453  1  1 97  0  0	
 2  0      0 47162964  10752  68860    0    0   160     0 75152 76522  1  1 97  0  1	
procs -----------memory---------- ---swap-- -----io---- --system-- -----cpu-----
 r  b   swpd   free   buff  cache   si   so    bi    bo   in   cs us sy id wa st
 2  0      0 47162964  10760  68852    0    0   192    12 76689 78422  1  1 97  0  0	
 2  0      0 47162468  10760  68864    0    0    96     0 76951 78144  1  1 97  0  1	
 2  0      0 47162468  10760  68864    0    0   160     0 80027 80447  1  1 97  0  0	
 3  0      0 47162468  10760  68864    0    0   240     0 79475 80056  2  1 97  0  0	
 2  0      0 47161972  10760  68864    0    0   144     0 79717 80259  1  1 97  0  0	
 2  0      0 47161972  10768  68856    0    0   112    12 79082 79404  1  1 97  0  0	
 3  0      0 47161972  10768  68856    0    0   128     0 79716 80134  2  1 97  0  0	
 2  0      0 47161972  10768  68856    0    0   160     0 79973 80336  2  1 97  0  0	
 2  0      0 47161972  10768  68856    0    0   112     0 79998 80445  2  1 97  0  0	
 3  0      0 47161104  10768  68864    0    0   176     0 78555 78842  2  1 97  0  1	
 3  0      0 47161104  10768  68864    0    0   144     8 79258 79384  1  1 97  0  0	
 2  0      0 47161104  10776  68856    0    0   176    28 77658 77745  2  1 97  0  0	
 2  0      0 47161104  10776  68856    0    0   112     0 79022 79128  1  1 97  0  0	
 2  0      0 47161104  10776  68856    0    0   256     0 78834 78887  2  1 97  0  0	
 2  0      0 47161104  10776  68856    0    0   160     0 79002 79107  2  1 97  0  0	
 3  0      0 47160112  10776  68856    0    0   192     0 78895 78977  1  1 98  0  0	
 2  0      0 47160112  10784  68848    0    0   224    32 78825 78977  1  0 98  0  0	
 2  0      0 47159616  10784  68864    0    0   144     0 78865 78970  2  1 97  0  0	
 2  0      0 47159616  10784  68864    0    0   112     0 78806 78914  1  1 97  0  0	
 2  0      0 47159616  10784  68864    0    0   144     0 77434 77530  1  1 97  0  0	
 2  0      0 47159616  10784  68864    0    0   224     0 78776 78846  2  1 97  0  0	
procs -----------memory---------- ---swap-- -----io---- --system-- -----cpu-----
 r  b   swpd   free   buff  cache   si   so    bi    bo   in   cs us sy id wa st
 2  1      0 47159616  10784  68864    0    0   224    28 78414 78489  1  1 97  0  0	
 2  0      0 47159616  10792  68856    0    0   160     4 78899 79016  1  1 97  0  0	
 2  0      0 47158624  10792  68856    0    0   192     0 78999 79066  2  0 97  0  0	
 2  0      0 47158624  10792  68856    0    0   208     0 78995 79046  2  1 97  0  0	
 4  0      0 47158376  10792  68868    0    0    48     0 79028 79153  2  1 97  0  0	
 2  0      0 47158252  10792  68868    0    0   144     0 78869 78952  1  1 97  0  0	
 2  0      0 47158252  10800  68868    0    0   272    12 78801 78863  1  1 97  0  0	
 2  0      0 47158252  10800  68868    0    0   288     0 78670 78697  2  1 97  0  0	
 2  0      0 47158252  10800  68868    0    0   144     0 77863 77938  1  1 97  0  0	
 2  0      0 47158252  10800  68868    0    0    96     0 78802 78860  2  1 97  0  0	
 3  0      0 47157756  10800  68868    0    0    96     0 76888 77024  1  1 97  0  0	
 2  0      0 47157260  10808  68860    0    0   160    20 78367 78436  2  1 97  0  0	
 2  0      0 47157012  10808  68876    0    0   208     0 74502 75072  2  1 97  0  0	
 2  0      0 47156888  10808  68876    0    0   240     0 63636 66535  2  1 96  0  0	
 3  0      0 47156888  10808  68876    0    0    80     0 63287 66223  2  1 97  0  0	
 4  0      0 47156640  10808  68876    0    0    64     0 63132 66442  2  1 96  0  0	
 2  0      0 47156516  10808  68876    0    0   176     0 63562 66434  2  1 96  0  0	
 2  0      0 47156516  10816  68876    0    0   112    12 64024 66726  2  1 96  0  0	
 2  0      0 47156392  10816  68876    0    0   240     0 63275 66135  2  1 96  0  1	
 2  0      0 47156020  10816  68876    0    0   144     0 69819 71713  2  1 97  0  0	
 2  0      0 47156020  10816  68876    0    0    96    12 76713 76727  1  1 97  0  0	
procs -----------memory---------- ---swap-- -----io---- --system-- -----cpu-----
 r  b   swpd   free   buff  cache   si   so    bi    bo   in   cs us sy id wa st
 2  0      0 47155772  10816  68876    0    0   208     0 77041 77057  2  1 97  0  1	
 2  0      0 47155524  10824  68876    0    0   240    24 77359 77385  2  1 97  0  0	
 2  0      0 47155028  10824  68876    0    0   160     0 77616 77672  2  1 97  0  1	
 2  0      0 47155028  10824  68876    0    0   160     0 77483 77533  1  1 98  0  0	
 2  0      0 47155028  10824  68876    0    0   176     0 77574 77591  1  1 97  0  0	
 4  0      0 47154656  10824  68876    0    0    96     0 78246 78391  1  1 97  0  0	
 2  0      0 47154656  10824  68876    0    0   112     0 78060 78318  2  1 97  0  0	
 3  0      0 47154284  10832  68876    0    0   272    12 78520 78974  2  1 97  0  0	
 2  0      0 47154160  10832  68876    0    0   160     0 80031 80860  1  1 98  0  0	
 2  0      0 47154160  10832  68876    0    0   208     8 78939 79481  2  1 97  0  1	
 2  0      0 47154160  10832  68876    0    0   176     0 80184 80786  1  1 97  0  0	
 2  0      0 47154160  10832  68876    0    0   240     0 79866 80532  1  1 98  0  0	
 2  0      0 47153168  10840  68868    0    0   272    24 80224 80836  2  1 97  0  0	
 3  0      0 47153168  10840  68868    0    0   144     0 79412 80049  1  1 98  0  1	
 3  0      0 47153168  10840  68868    0    0   128    24 80199 80891  2  1 97  0  0	
 2  0      0 47152672  10840  68880    0    0   208     0 80109 80798  1  1 97  0  0	
 2  0      0 47152548  10840  68880    0    0   176     0 79806 80855  2  1 97  0  0	
 2  0      0 47152548  10840  68880    0    0   112     0 78443 78961  1  1 97  0  1	
 2  0      0 47152548  10848  68880    0    0   240    12 80128 80764  2  0 97  0  0	
 2  0      0 47152548  10848  68880    0    0   128     0 79619 80141  2  1 97  0  1	
 2  0      0 47152548  10848  68880    0    0   128    12 80360 81029  2  1 97  0  0	
procs -----------memory---------- ---swap-- -----io---- --system-- -----cpu-----
 r  b   swpd   free   buff  cache   si   so    bi    bo   in   cs us sy id wa st
 2  0      0 47152052  10848  68880    0    0   144     0 80607 81157  1  1 97  0  0	
 2  0      0 47152052  10848  68880    0    0   192     0 80425 81002  2  1 97  0  0	
 2  0      0 47151432  10856  68880    0    0   128    28 80555 81148  2  1 97  0  0	
 3  0      0 47151432  10856  68880    0    0   112     0 79965 80937  2  1 97  0  0	
 3  0      0 47151432  10856  68880    0    0   112     0 80248 80863  2  1 97  0  1	
 3  0      0 47151432  10856  68880    0    0   128     0 80398 81190  2  1 97  0  0	
 3  0      0 47151432  10856  68880    0    0   128     0 78639 79235  1  1 97  0  1	
 2  0      0 47151432  10856  68880    0    0   128     0 79680 80133  2  1 97  0  0	
 2  0      0 47150936  10864  68872    0    0   176    12 77988 78450  1  1 97  0  1	
 3  0      0 47150936  10864  68872    0    0   160     0 79602 80109  2  1 97  0  1	
 3  0      0 47150440  10864  68880    0    0   128     0 79554 80126  2  0 97  0  0	
 2  0      0 47150316  10864  68884    0    0    96     0 79520 80197  2  1 97  0  1	
 2  0      0 47150316  10864  68884    0    0   144     0 79657 80102  2  1 97  0  1	
 2  0      0 47150316  10872  68876    0    0   160    12 79604 80037  2  1 97  0  0	
 2  0      0 47150316  10872  68876    0    0   192     8 79546 80012  1  0 98  0  0	
 2  0      0 47150316  10872  68876    0    0   144     0 79686 80131  2  1 97  0  0	
 2  0      0 47149324  10872  68876    0    0   304     0 77604 78232  1  1 97  0  0	
 2  0      0 47149324  10872  68876    0    0    96     0 79555 79991  2  1 96  0  0	
 2  0      0 47149200  10872  68884    0    0   128     0 79261 79846  1  0 98  0  1	
 2  0      0 47148952  10880  68880    0    0   192    32 79250 80034  1  1 98  0  0	
 2  0      0 47148952  10880  68880    0    0    96     0 79267 79802  1  1 97  0  1	
procs -----------memory---------- ---swap-- -----io---- --system-- -----cpu-----
 r  b   swpd   free   buff  cache   si   so    bi    bo   in   cs us sy id wa st
 2  0      0 47148952  10880  68880    0    0   112     0 79716 80125  1  1 97  0  0	
 3  0      0 47148952  10880  68880    0    0   192     0 77341 77672  2  1 96  0  1	
 3  0      0 47148952  10880  68880    0    0   176     0 79214 79602  2  1 97  0  0	
 3  0      0 47148952  10888  68872    0    0    64    24 79655 80157  1  1 98  0  1	
 2  0      0 47148952  10888  68872    0    0   144     0 79383 79842  2  1 97  0  0	
 3  0      0 47147960  10888  68888    0    0   192     0 78606 79149  1  1 98  0  0	
 2  0      0 47147960  10888  68888    0    0   128     0 79353 79906  1  1 97  0  1	
 2  0      0 47147960  10888  68888    0    0   128     0 77374 77894  1  1 98  0  0	
 2  0      0 47147960  10888  68888    0    0   112    24 77810 78408  1  1 98  0  0	
 3  0      0 47147960  10896  68888    0    0    96    12 77961 78610  1  1 98  0  0	
 2  0      0 47147960  10896  68888    0    0   208     0 77922 78499  1  1 97  0  0	
 2  0      0 47147464  10896  68888    0    0   224     0 78139 78605  2  1 97  0  0	
 2  0      0 47146968  10896  68888    0    0   160     0 77269 77775  1  1 97  0  0	
 2  0      0 47146844  10896  68888    0    0    96     0 77898 78572  1  1 98  0  0	
 2  0      0 47146720  10904  68884    0    0    80    12 77584 78417  1  1 97  0  0	
 2  0      0 47146720  10904  68884    0    0    96     0 76895 77440  1  1 98  0  1	
 2  0      0 47146720  10904  68884    0    0    96     0 78098 78618  2  1 96  0  0	
 2  0      0 47146720  10904  68884    0    0   112     0 76860 77340  2  1 97  0  0	
 2  0      0 47146720  10904  68884    0    0    80     0 78035 78726  1  1 97  0  0	
 3  0      0 47146720  10904  68884    0    0   192     0 77812 78435  2  1 97  0  0	
 2  0      0 47146720  10912  68876    0    0    80    12 78152 78688  2  1 97  0  0	
procs -----------memory---------- ---swap-- -----io---- --system-- -----cpu-----
 r  b   swpd   free   buff  cache   si   so    bi    bo   in   cs us sy id wa st
 2  0      0 47145976  10912  68888    0    0   144     0 77793 78430  1  1 97  0  0	
 2  0      0 47145852  10912  68888    0    0    96     0 77797 78607  1  1 97  0  0	
 2  0      0 47145852  10912  68888    0    0   192     0 77948 78575  1  1 97  0  0	
 2  0      0 47145852  10912  68888    0    0    96     8 78137 78739  1  1 97  0  0	
 3  0      0 47145480  10920  68888    0    0   112    24 76935 77392  2  1 97  0  1	
 3  0      0 47145108  10920  68888    0    0   192     0 79477 80115  2  0 97  0  0	
 3  0      0 47144984  10920  68888    0    0   160     0 78869 79456  1  1 97  0  0	
 2  0      0 47144984  10920  68888    0    0   128     0 79401 80066  1  1 97  0  0	
 2  0      0 47144736  10920  68888    0    0   160     4 79410 79960  1  1 98  0  0	
 2  0      0 47144736  10920  68888    0    0   112     0 79579 80138  1  1 97  0  0	
 2  0      0 47144488  10928  68888    0    0   160    12 79277 79968  2  1 97  0  0	
 3  0      0 47144364  10928  68888    0    0   112     0 79356 79898  2  1 96  0  1	
 2  0      0 47144116  10928  68888    0    0   208     0 79014 79792  1  1 97  0  0	
 2  0      0 47143992  10928  68892    0    0   256     0 79475 80041  1  1 97  0  1	
 3  0      0 47143744  10928  68892    0    0   112     0 78371 78953  1  1 98  0  0	
 3  0      0 47143620  10936  68892    0    0   160    12 79665 80213  2  1 96  0  0	
 2  0      0 47143496  10936  68892    0    0   128     0 77295 77848  2  1 97  0  0	
 3  0      0 47143248  10936  68892    0    0   224     0 79267 79927  1  1 98  0  1	
 4  0      0 47143124  10936  68896    0    0   160    12 79599 80352  2  1 97  0  0	
 2  0      0 47143124  10936  68896    0    0   176     0 80317 80750  2  1 97  0  1	
 2  0      0 47143124  10936  68896    0    0   208     0 79836 80330  2  1 97  0  0	
procs -----------memory---------- ---swap-- -----io---- --system-- -----cpu-----
 r  b   swpd   free   buff  cache   si   so    bi    bo   in   cs us sy id wa st
 2  0      0 47143124  10944  68892    0    0   176    12 79782 80338  1  1 97  0  0	
 3  0      0 47142628  10944  68892    0    0    64     0 79934 80449  1  1 97  0  1	
 2  0      0 47142628  10944  68892    0    0   208     0 79180 79671  2  1 97  0  0	
 2  0      0 47142008  10944  68896    0    0   144     0 78381 78660  1  1 97  0  0	
 2  0      0 47142008  10944  68896    0    0    96     0 79395 80212  2  1 97  0  1	
 2  0      0 47142008  10952  68888    0    0   112    12 78421 78640  2  1 97  0  0	
 2  0      0 47142008  10952  68888    0    0   128     0 78077 78559  2  1 97  0  0	
 2  0      0 47142008  10952  68888    0    0    96     0 78018 78526  2  1 97  0  0	
 2  0      0 47142008  10952  68888    0    0   224     0 77907 78663  1  1 97  0  0	
 2  0      0 47141512  10952  68888    0    0   144     0 78080 78833  2  1 97  0  0	
 2  0      0 47141512  10952  68888    0    0    80     0 77359 78094  1  1 97  0  0	
 2  0      0 47141140  10960  68896    0    0   160    16 77709 78512  2  1 97  0  1	
 2  0      0 47141016  10960  68896    0    0   176     8 77676 78625  1  1 97  0  0	
 3  0      0 47141016  10960  68896    0    0   128     0 75944 76516  2  1 97  0  1	
 3  0      0 47141016  10960  68896    0    0    96     0 78186 78852  1  1 97  0  0	
 2  0      0 47141016  10960  68896    0    0   128     0 77887 78548  2  1 97  0  0	
 2  0      0 47141016  10968  68888    0    0   208    24 77950 78675  2  1 97  0  0	
 2  0      0 47140520  10968  68888    0    0   192     0 77884 78594  2  0 97  0  0	
