procs -----------memory---------- ---swap-- -----io---- --system-- -----cpu-----
 r  b   swpd   free   buff  cache   si   so    bi    bo   in   cs us sy id wa st
 1  1      0 97524640   6232  68420    0    0  3546     2   15  143 39 13 40  8  1	
 0  2      0 97522848   6232  68424    0    0 41392     0 24468 22028  0  0 90 10  0	
 0  2      0 97522472   6232  68424    0    0 41568     0 24916 22590  0  0 90 10  0	
 0  2      0 97522472   6232  68424    0    0 41296     0 21081 21898  1  0 90  9  0	
 0  2      0 97522472   6232  68424    0    0 38224     0 20299 21174  0  0 90 10  0	
 0  2      0 97522592   6232  68424    0    0 39712     0 21761 21821  0  0 90  9  0	
 0  2      0 97522592   6240  68416    0    0 38704    40 20842 20922  0  0 90  9  0	
 0  2      0 97522592   6240  68416    0    0 38320     4 21270 21387  0  0 91  9  0	
 1  1      0 97522592   6240  68424    0    0 39360     0 21152 21323  0  0 90  9  0	
 1  1      0 97522592   6240  68424    0    0 39216     0 21139 21206  1  0 90  9  0	
 1  1      0 97522592   6240  68424    0    0 41376     0 22292 22113  0  0 91  9  0	
 0  2      0 97522592   6248  68424    0    0 39152    12 20761 20958  0  0 91  9  0	
 1  1      0 97522592   6248  68424    0    0 38096    40 21848 21877  0  0 90  9  0	
 1  1      0 97522592   6248  68424    0    0 38272     0 21822 22053  1  0 90  9  0	
 0  2      0 97522592   6248  68424    0    0 39088     0 21288 21466  0  0 90  9  0	
 0  2      0 97522592   6248  68424    0    0 38496     0 21474 21543  0  0 90  9  0	
 0  2      0 97522592   6248  68424    0    0 37712     0 20968 20976  0  0 91  9  0	
 0  2      0 97522592   6256  68424    0    0 38448    12 20518 20446  0  0 90  9  0	
 1  1      0 97522592   6256  68424    0    0 38576     0 20530 20966  0  0 90  9  0	
 1  1      0 97522592   6256  68424    0    0 40400     0 20600 21162  0  0 90  9  0	
 0  2      0 97522592   6256  68424    0    0 42032     0 21893 22141  1  0 90  9  0	
procs -----------memory---------- ---swap-- -----io---- --system-- -----cpu-----
 r  b   swpd   free   buff  cache   si   so    bi    bo   in   cs us sy id wa st
 1  1      0 97522592   6256  68424    0    0 39152     0 20503 20666  0  0 91  9  0	
 1  1      0 97522592   6264  68416    0    0 40432    12 21730 21382  0  0 90  9  0	
 1  1      0 97522592   6264  68416    0    0 39248     0 22088 22202  0  0 90  9  0	
 0  2      0 97522592   6264  68424    0    0 38848     0 21514 21752  0  0 90  9  0	
 1  1      0 97522592   6264  68424    0    0 39024     0 21633 21455  0  0 90  9  0	
 0  2      0 97522592   6264  68424    0    0 39936     0 21103 21021  0  0 90  9  0	
 1  1      0 97522592   6264  68424    0    0 36816     0 20567 20489  0  0 90  9  0	
 1  1      0 97522592   6272  68424    0    0 38288    16 20365 20494  0  0 90  9  0	
 0  2      0 97522592   6272  68424    0    0 37712     0 21178 21064  0  0 90  9  0	
 0  2      0 97522592   6272  68424    0    0 38816     0 21542 21784  0  0 90  9  0	
 0  2      0 97522592   6272  68424    0    0 40304     0 21518 21704  1  0 91  9  0	
 0  2      0 97522592   6272  68424    0    0 41136     0 21919 21724  0  0 90  9  0	
 1  2      0 97522592   6284  68412    0    0 42036    28 22756 22760  0  0 90  9  0	
 3  1      0 97522592   6284  68412    0    0 41792     0 22698 22626  0  0 90  9  0	
 3  1      0 97522592   6284  68412    0    0 38256     0 21495 21399  0  0 90  9  0	
 1  1      0 97522592   6284  68412    0    0 40144     0 22139 21957  0  0 90  9  0	
 0  2      0 97522592   6284  68412    0    0 39712     0 21075 21465  0  0 90  9  0	
 0  3      0 97522592   6292  68404    0    0 39280    24 20928 21218  0  0 91  9  0	
 0  2      0 97522592   6292  68404    0    0 38224     0 20970 21184  0  0 90  9  0	
 1  1      0 97522592   6292  68436    0    0 39376     0 21189 21437  0  0 90  9  0	
 2  1      0 97522592   6292  68436    0    0 38752     0 21763 21656  0  0 90  9  0	
procs -----------memory---------- ---swap-- -----io---- --system-- -----cpu-----
 r  b   swpd   free   buff  cache   si   so    bi    bo   in   cs us sy id wa st
 0  2      0 97522592   6292  68436    0    0 35792     0 20744 20528  0  0 90  9  0	
 0  2      0 97522592   6300  68428    0    0 35776    12 20929 20991  0  0 90  9  0	
 0  2      0 97522592   6300  68428    0    0 35776     0 20009 20213  0  0 90  9  0	
 1  1      0 97522592   6300  68440    0    0 36768     0 21116 21362  0  0 90  9  0	
 1  1      0 97522592   6300  68440    0    0 36176     0 20454 20821  0  0 90  9  0	
 1  1      0 97522592   6300  68440    0    0 38240     0 21043 21230  0  0 90 10  0	
 0  2      0 97522592   6300  68440    0    0 36144    12 20360 20472  0  0 90  9  0	
 2  1      0 97522592   6308  68432    0    0 39360    12 21896 21864  0  0 90  9  0	
 0  2      0 97522592   6308  68432    0    0 37600     0 21003 20825  0  0 91  9  0	
 1  1      0 97522592   6308  68432    0    0 36208     0 20028 20197  0  0 90  9  0	
 0  2      0 97522592   6308  68432    0    0 37632     0 20815 20865  1  0 90  9  0	
 0  2      0 97522592   6308  68432    0    0 39360     0 22513 22414  0  0 90  9  0	
 0  2      0 97522592   6316  68424    0    0 39152    12 21964 21954  0  0 90  9  0	
 2  1      0 97522592   6316  68424    0    0 38224     0 21342 21129  0  0 90  9  0	
 0  2      0 97522592   6316  68440    0    0 39168     0 21816 21717  0  0 91  9  0	
 1  1      0 97522592   6316  68440    0    0 39840     0 21087 21215  0  0 90  9  0	
 1  1      0 97522592   6316  68440    0    0 39536     0 22041 21785  0  0 91  9  0	
 1  1      0 97522592   6316  68440    0    0 40480     0 22337 22538  0  0 90  9  0	
 1  1      0 97522592   6324  68432    0    0 39936    12 21770 21906  0  0 91  9  0	
 0  2      0 97522592   6324  68432    0    0 40160     0 22762 22690  1  0 90  9  0	
 0  2      0 97522592   6324  68440    0    0 37504     0 20349 20533  0  0 90  9  0	
procs -----------memory---------- ---swap-- -----io---- --system-- -----cpu-----
 r  b   swpd   free   buff  cache   si   so    bi    bo   in   cs us sy id wa st
 1  1      0 97522592   6324  68440    0    0 38224     0 21465 21453  0  0 90  9  0	
 1  1      0 97522592   6324  68440    0    0 40224    16 20689 21325  0  0 90  9  0	
 0  2      0 97522592   6332  68436    0    0 37520    20 20626 20701  0  0 90  9  0	
 1  1      0 97522592   6332  68436    0    0 37984     0 21427 21398  0  0 90  9  0	
 1  1      0 97522592   6332  68436    0    0 39376     0 21197 21604  0  0 90  9  0	
 0  2      0 97522592   6332  68436    0    0 41488     0 20885 21415  0  0 90  9  0	
 1  1      0 97522592   6332  68436    0    0 39184     0 20908 20893  0  0 90  9  0	
 0  2      0 97522592   6332  68436    0    0 38016     0 20499 20457  0  0 91  9  0	
 1  1      0 97522592   6340  68428    0    0 39296    16 21365 21253  0  0 90  9  0	
 1  1      0 97522592   6340  68444    0    0 41056     0 22836 22926  0  0 90  9  0	
 0  2      0 97522592   6340  68444    0    0 38960     0 21647 21804  1  0 90  9  0	
 0  2      0 97522592   6340  68444    0    0 41056     0 22087 21814  0  0 90  9  0	
 1  1      0 97522592   6340  68444    0    0 39184     0 20838 20772  0  0 90  9  0	
 0  2      0 97522592   6348  68436    0    0 37328    12 19540 19801  0  0 90  9  0	
 0  2      0 97522592   6348  68436    0    0 39504     0 20851 20987  1  0 90  9  0	
 1  1      0 97522592   6348  68436    0    0 38496     0 20811 21124  0  0 90  9  0	
 1  1      0 97522592   6348  68436    0    0 41008    12 22365 22361  0  0 90  9  0	
 0  2      0 97522592   6348  68444    0    0 38960     0 21066 21084  0  0 90  9  0	
 0  2      0 97522592   6348  68444    0    0 38672     0 20755 20687  1  0 90  9  0	
 0  2      0 97522592   6356  68444    0    0 38448    12 20787 21076  0  0 90  9  0	
 0  2      0 97522592   6356  68444    0    0 39856     0 22057 22163  0  0 91  9  0	
procs -----------memory---------- ---swap-- -----io---- --system-- -----cpu-----
 r  b   swpd   free   buff  cache   si   so    bi    bo   in   cs us sy id wa st
 1  1      0 97522592   6356  68444    0    0 40144     0 21156 21306  0  0 90  9  0	
 2  1      0 97522592   6356  68444    0    0 40064     0 21366 21260  0  0 90  9  0	
 1  1      0 97522592   6356  68444    0    0 37552     0 20637 20936  0  0 90  9  0	
 0  2      0 97522592   6364  68436    0    0 39008    12 20951 20813  1  0 90  9  0	
 2  1      0 97522592   6364  68448    0    0 36432     0 20870 20963  0  0 90  9  0	
 0  2      0 97522592   6364  68448    0    0 38912     0 21495 21815  0  0 90  9  0	
 1  1      0 97522592   6440  68372    0    0 39564     4 20578 20868  0  0 90  9  0	
 1  1      0 97522592   6448  69028    0    0 38716     0 20705 20932  0  0 90  9  0	
 0  2      0 97522592   6448  69028    0    0 38448     0 21243 21340  0  0 90  9  0	
 0  2      0 97522592   6456  69020    0    0 38768    52 22117 22360  1  0 90  9  0	
 0  2      0 97522592   6456  69020    0    0 40544     0 20922 21418  0  0 90  9  0	
 1  2      0 97522592   6456  69020    0    0 39440     0 21519 21729  0  0 90  9  0	
 0  2      0 97522208   6456  68880    0    0 37216     0 21049 21113  0  0 90  9  0	
 0  2      0 97522208   6456  68880    0    0 39744     0 21119 21478  1  0 90  9  0	
 1  1      0 97522208   6464  68880    0    0 40576    12 22197 22657  0  0 90  9  0	
 0  2      0 97522208   6464  68880    0    0 40720    20 22414 22185  0  0 90  9  0	
 1  1      0 97522208   6464  68880    0    0 37056     0 23224 21171  0  0 89 10  0	
 1  1      0 97522208   6464  68880    0    0 38656     0 20656 20752  0  0 91  9  0	
 1  1      0 97522208   6464  68880    0    0 38640     0 21494 21832  0  0 90  9  0	
 0  2      0 97522208   6464  68880    0    0 37696     0 21098 20781  1  0 90  9  0	
 0  2      0 97522208   6472  68880    0    0 39424    20 21781 21991  0  0 91  9  0	
procs -----------memory---------- ---swap-- -----io---- --system-- -----cpu-----
 r  b   swpd   free   buff  cache   si   so    bi    bo   in   cs us sy id wa st
 1  1      0 97522208   6472  68880    0    0 40368     0 21075 21303  0  0 90  9  0	
 0  2      0 97522208   6472  68880    0    0 39136     0 20714 20697  1  0 90  9  0	
 1  1      0 97522208   6472  68880    0    0 39840     0 20722 21451  0  0 90  9  0	
 0  2      0 97522208   6472  68880    0    0 35488     0 19798 20084  0  0 90  9  0	
 1  1      0 97522208   6480  68872    0    0 38576    12 20928 20879  0  0 91  9  0	
 0  2      0 97522208   6480  68872    0    0 40368     0 22065 21989  0  0 90  9  0	
 1  1      0 97522208   6480  68872    0    0 38208     0 20675 20683  0  0 90  9  0	
 0  2      0 97522208   6480  68884    0    0 39312     0 20885 21136  0  0 90  9  0	
 0  2      0 97522208   6480  68884    0    0 37312     0 21408 21448  0  0 90  9  0	
 0  2      0 97522208   6480  68884    0    0 38704     0 20894 20742  0  0 91  9  0	
 0  2      0 97522208   6488  68884    0    0 38320    60 21361 21241  0  0 90  9  0	
 1  1      0 97522208   6488  68884    0    0 38976     0 20457 20703  1  0 90  9  0	
 0  2      0 97522208   6488  68884    0    0 37888     0 21231 21257  0  0 90  9  0	
 1  1      0 97522208   6488  68884    0    0 39504     0 20636 20514  0  0 90  9  0	
 1  1      0 97522208   6488  68884    0    0 39264     0 19919 20120  0  0 90  9  0	
 1  1      0 97522208   6496  68884    0    0 36448    24 19555 19667  0  0 90  9  0	
 0  2      0 97522208   6496  68884    0    0 38208     0 20532 20390  0  0 90  9  0	
 1  1      0 97522208   6496  68884    0    0 39856     0 20759 21162  0  0 90  9  0	
 1  1      0 97522208   6496  68884    0    0 38832     0 21035 21128  0  0 90  9  0	
 1  1      0 97522208   6496  68884    0    0 35904     0 19649 19892  0  0 90  9  0	
 1  1      0 97522208   6496  68884    0    0 38176     0 19929 20486  0  0 90  9  0	
procs -----------memory---------- ---swap-- -----io---- --system-- -----cpu-----
 r  b   swpd   free   buff  cache   si   so    bi    bo   in   cs us sy id wa st
 1  1      0 97521560   6672  69108    0    0 36836    12 20500 20457  0  0 90  9  0	
 1  1      0 97521560   6672  69108    0    0 37456     0 20253 20291  0  0 90  9  0	
 1  1      0 97521560   6672  69108    0    0 36832     0 19997 19843  0  0 90  9  0	
 0  2      0 97521560   6672  69108    0    0 34832     0 18555 18778  0  0 90  9  0	
 0  2      0 97521560   6672  69108    0    0 36960    16 19605 19763  0  0 91  9  0	
 0  2      0 97521560   6680  69100    0    0 38160    28 21048 21520  1  0 90  9  0	
 2  2      0 97521560   6680  69100    0    0 37616     0 20435 20626  0  0 90  9  0	
 1  1      0 97521560   6680  69100    0    0 37360     0 21136 21233  0  0 90  9  0	
 0  2      0 97521560   6680  69112    0    0 35952     0 19834 19748  0  0 90  9  0	
 0  2      0 97521560   6680  69112    0    0 37776     0 19471 19994  0  0 90  9  0	
 0  2      0 97521560   6688  69112    0    0 35984    12 18364 18749  0  0 91  9  0	
 0  2      0 97521560   6688  69112    0    0 35968     0 19264 19335  0  0 90  9  0	
 2  1      0 97521560   6688  69112    0    0 36736     0 19550 19845  0  0 90  9  0	
 1  1      0 97521560   6688  69112    0    0 35984     0 20060 20274  0  0 90  9  0	
 3  1      0 97521560   6688  69116    0    0 38768     0 19811 20041  0  0 91  9  0	
 0  2      0 97521560   6688  69116    0    0 38512     0 20682 20367  0  0 90  9  0	
 0  2      0 97521560   6696  69108    0    0 38000    12 19687 20111  0  0 91  9  0	
 0  2      0 97521560   6696  69108    0    0 37072     0 20089 20209  0  0 90  9  0	
 1  1      0 97521560   6696  69116    0    0 38016     0 19433 20000  0  0 90  9  0	
 1  1      0 97521560   6696  69116    0    0 36288     0 19276 19222  1  0 90  9  0	
 1  1      0 97521560   6696  69116    0    0 36608     0 21513 21417  0  0 90  9  0	
procs -----------memory---------- ---swap-- -----io---- --system-- -----cpu-----
 r  b   swpd   free   buff  cache   si   so    bi    bo   in   cs us sy id wa st
 1  1      0 97521560   6704  69116    0    0 37056    12 20082 20033  1  0 90  9  0	
 1  1      0 97521560   6704  69116    0    0 37056     0 19800 19748  0  0 90  9  0	
 1  1      0 97521560   6704  69116    0    0 37888     0 21034 21028  0  0 90  9  0	
 0  2      0 97521560   6704  69116    0    0 40112     0 20541 20768  0  0 91  9  0	
 0  2      0 97521560   6704  69116    0    0 40064    28 21101 21296  0  0 90  9  0	
 1  1      0 97521560   6704  69116    0    0 41168     0 21322 21502  1  0 90  9  0	
 2  1      0 97521560   6712  69116    0    0 38160    12 20367 20325  0  0 90  9  0	
 0  2      0 97521560   6712  69116    0    0 37808     0 19513 19848  0  0 91  9  0	
 1  1      0 97521560   6712  69116    0    0 37488     0 20353 20445  0  0 90  9  0	
 2  2      0 97521560   6712  69116    0    0 38320     0 20072 20378  0  0 91  9  0	
 1  1      0 97521560   6712  69116    0    0 37440     0 20401 20398  0  0 90  9  0	
 2  1      0 97521560   6720  69108    0    0 39792    12 21079 21076  1  0 90  9  0	
 2  1      0 97521560   6720  69116    0    0 38128     0 20200 20075  0  0 91  9  0	
 0  2      0 97521560   6720  69116    0    0 37664     0 19870 20000  1  0 90  9  0	
 1  1      0 97521560   6724  69112    0    0 37104    20 20208 20216  0  0 91  9  0	
 0  2      0 97521560   6724  69112    0    0 36656     0 19881 20171  1  0 90  9  0	
 2  0      0 97521560   6724  69112    0    0 38240     0 21310 21122  1  0 90  9  0	
 1  1      0 97521560   6732  69104    0    0 37296    28 21026 20982  0  0 90  9  0	
 0  2      0 97521560   6732  69104    0    0 36304     0 19086 19186  0  0 91  9  0	
 1  1      0 97521560   6732  69104    0    0 36960     0 19917 19719  0  0 90  9  0	
 0  2      0 97521560   6732  69104    0    0 36592     0 19257 19294  0  0 90  9  0	
procs -----------memory---------- ---swap-- -----io---- --system-- -----cpu-----
 r  b   swpd   free   buff  cache   si   so    bi    bo   in   cs us sy id wa st
 0  2      0 97521560   6732  69116    0    0 37456     0 20554 20517  0  0 90  9  0	
 1  2      0 97521560   6740  69116    0    0 37168    12 20476 20436  1  0 90  9  0	
 0  2      0 97521560   6740  69116    0    0 36640     0 19548 19568  0  0 90  9  0	
 1  1      0 97521560   6740  69116    0    0 39200     0 20982 20994  1  0 90  9  0	
 0  2      0 97521560   6740  69116    0    0 39008     0 21671 21656  0  0 90  9  0	
 1  1      0 97521560   6740  69116    0    0 38544     0 20825 21033  0  0 90  9  0	
 0  2      0 97521560   6740  69116    0    0 38864     0 21488 21374  0  0 90  9  0	
 1  1      0 97521560   6748  69116    0    0 39056    12 20454 20591  0  0 90  9  0	
 0  2      0 97521560   6748  69124    0    0 38368     0 21427 21420  0  0 90  9  0	
 1  1      0 97521560   6748  69124    0    0 37792     0 20610 20657  0  0 90  9  0	
 0  2      0 97521560   6748  69124    0    0 40384     0 21223 21313  0  0 91  9  0	
 0  2      0 97521560   6748  69124    0    0 36944     0 20421 20560  1  0 90  9  0	
 1  1      0 97521560   6756  69116    0    0 37344    12 20459 20393  0  0 90  9  0	
 1  1      0 97521560   6756  69116    0    0 37440     0 19827 19854  1  0 90  9  0	
 1  1      0 97521560   6756  69116    0    0 36368     0 20316 20332  0  0 90  9  0	
 2  1      0 97521560   6756  69116    0    0 35456     0 19658 19880  0  0 90  9  0	
 1  1      0 97521560   6756  69124    0    0 37424     0 19485 19710  0  0 90  9  0	
 1  1      0 97521560   6756  69124    0    0 38656     0 19710 19776  1  0 90  9  0	
 1  1      0 97521560   6764  69124    0    0 38592    36 21032 20937  0  0 91  9  0	
 0  2      0 97521560   6764  69124    0    0 39024     0 21475 21475  0  0 90  9  0	
 0  2      0 97521560   6764  69124    0    0 39552     0 21826 22204  0  0 91  9  0	
procs -----------memory---------- ---swap-- -----io---- --system-- -----cpu-----
 r  b   swpd   free   buff  cache   si   so    bi    bo   in   cs us sy id wa st
 0  2      0 97521560   6764  69124    0    0 41008     0 21304 21162  0  0 90  9  0	
 1  2      0 97521560   6764  69124    0    0 39968     0 21159 21232  0  0 90  9  0	
 0  2      0 97521560   6772  69124    0    0 39760    12 21838 21532  0  0 90  9  0	
 2  1      0 97521560   6772  69124    0    0 38272    16 21721 21543  0  0 91  9  0	
 0  2      0 97521560   6772  69124    0    0 39536     0 21524 21767  0  0 90  9  0	
 1  1      0 97521560   6772  69124    0    0 38928     0 20015 19949  0  0 90  9  0	
 0  2      0 97521560   6772  69124    0    0 39328     0 23400 22114  1  0 90  9  0	
 0  2      0 97521560   6772  69124    0    0 40128     0 23474 22420  0  0 90  9  0	
 1  0      0 97521560   6780  69116    0    0 39568    24 22064 22465  0  0 90  9  0	
 1  1      0 97521560   6780  69116    0    0 38560     0 21154 20934  1  0 90  9  0	
 1  0      0 97521560   6780  69116    0    0 30128     0 18827 19177  0  0 92  8  0	
 0  1      0 97521560   6780  69124    0    0 13616     0 16937 17890  0  0 96  4  0	
 1  0      0 97521560   6780  69124    0    0 13552     0 16683 17685  0  0 96  4  0	
 1  0      0 97521560   6788  69124    0    0 13984    12 17139 18136  0  0 96  4  0	
 1  0      0 97521560   6788  69124    0    0 13808     0 16747 17717  0  0 96  4  0	
 0  1      0 97521560   6796  69116    0    0 14224    16 17398 18398  0  0 96  4  0	
 2  0      0 97521560   6796  69116    0    0 13712     0 16124 17079  0  0 96  4  0	
 0  1      0 97521560   6796  69124    0    0 14656     0 16686 17756  1  0 96  4  0	
 1  0      0 97521560   6796  69124    0    0 13904     0 17187 18170  0  0 96  4  0	
 1  0      0 97521560   6804  69124    0    0 13712    12 15921 16908  0  0 96  4  0	
 1  0      0 97521560   6804  69124    0    0 13952     4 16150 17161  0  0 96  4  0	
procs -----------memory---------- ---swap-- -----io---- --system-- -----cpu-----
 r  b   swpd   free   buff  cache   si   so    bi    bo   in   cs us sy id wa st
 0  1      0 97521560   6808  69120    0    0 14160     4 17790 18767  1  0 96  3  0	
 0  1      0 97521560   6808  69120    0    0 13920     0 17109 18086  0  0 96  4  0	
 0  1      0 97521560   6808  69120    0    0 12864     0 15828 16721  0  0 96  4  0	
 0  1      0 97521560   6816  69120    0    0 13488    12 17277 17142  0  0 96  4  0	
 0  1      0 97521560   6816  69120    0    0 13248     0 17799 17104  0  0 96  4  0	
 0  1      0 97521560   6816  69128    0    0 14256     0 18187 17480  0  0 96  4  0	
 0  1      0 97521560   6816  69128    0    0 13936     0 18333 17650  0  0 96  4  0	
 0  1      0 97521560   6816  69128    0    0 13664     4 19033 18394  0  0 96  4  0	
 0  1      0 97521560   6816  69128    0    0 14304     0 18438 18276  1  0 96  4  0	
 2  0      0 97521560   6824  69120    0    0 13760    12 16245 17212  0  0 96  4  0	
 0  1      0 97521560   6824  69132    0    0 14208     0 16498 17471  0  0 96  4  0	
 2  0      0 97521560   6824  69132    0    0 13744     0 17599 18541  0  0 96  3  0	
 1  0      0 97521560   6824  69132    0    0 14176    12 17731 18724  0  0 96  3  0	
 2  0      0 97521560   6824  69132    0    0 14000     0 17291 18267  0  0 96  4  0	
 0  1      0 97521560   6832  69132    0    0 13744    12 17198 18162  0  0 96  4  0	
 1  0      0 97521560   6832  69132    0    0 13728     0 17670 18655  0  0 96  3  0	
 0  1      0 97521560   6832  69132    0    0 13392     0 16606 17555  0  0 96  4  0	
 0  1      0 97521560   6836  69128    0    0 13904    16 16865 17823  1  0 96  4  0	
 0  1      0 97521560   6836  69128    0    0 13456     0 16477 17410  0  0 96  4  0	
 0  1      0 97521560   6836  69128    0    0 13664     0 16870 17835  0  0 96  4  0	
 1  0      0 97521560   6844  69120    0    0 13408    32 17842 18797  0  0 96  4  0	
procs -----------memory---------- ---swap-- -----io---- --system-- -----cpu-----
 r  b   swpd   free   buff  cache   si   so    bi    bo   in   cs us sy id wa st
 1  0      0 97521560   6844  69120    0    0 13872     0 17780 18759  0  0 96  3  0	
 0  1      0 97521560   6844  69132    0    0 14032     0 16503 17487  0  0 96  4  0	
 1  0      0 97521560   6844  69132    0    0 13760     0 17154 18143  0  0 96  3  0	
 1  1      0 97521560   6844  69132    0    0 13872     0 15291 16319  0  0 96  4  0	
 2  0      0 97522056   6852  69140    0    0 12528    20 16053 16899  0  0 96  4  0	
 0  1      0 97522056   6852  69140    0    0 13280     0 16077 17013  1  0 96  4  0	
 1  0      0 97522056   6852  69140    0    0 13488     0 16878 17842  1  0 96  4  0	
 0  1      0 97522056   6852  69140    0    0 14144     0 16316 17312  0  0 96  4  0	
 0  1      0 97522056   6852  69140    0    0 13200     0 16375 17299  0  0 96  4  0	
 1  0      0 97522056   6852  69140    0    0 13776     0 16883 17864  0  0 96  4  0	
 0  1      0 97522056   6860  69140    0    0 13728    12 16615 17560  1  0 96  4  0	
 0  1      0 97522056   6860  69140    0    0 14688     0 17247 18224  0  0 96  4  0	
 1  0      0 97522056   6860  69140    0    0 14352     0 18255 19273  1  0 96  3  0	
 2  0      0 97522056   6860  69140    0    0 13840     0 16953 17890  0  0 96  4  0	
 0  1      0 97522056   6860  69140    0    0 13984     0 17858 18797  1  0 96  3  0	
 0  1      0 97522056   6868  69136    0    0 13888    12 16447 17429  0  0 96  4  0	
 2  0      0 97522056   6868  69136    0    0 13792     0 16510 17462  0  0 96  4  0	
 0  1      0 97522056   6868  69144    0    0 14096     0 17029 17970  1  0 96  4  0	
 3  0      0 97522056   6868  69144    0    0 13648     0 17010 17945  0  0 96  3  0	
 1  0      0 97522056   6868  69144    0    0 13696     0 17344 18302  1  0 96  3  0	
 0  1      0 97522056   6868  69144    0    0 14128     0 16654 17609  0  0 96  4  0	
procs -----------memory---------- ---swap-- -----io---- --system-- -----cpu-----
 r  b   swpd   free   buff  cache   si   so    bi    bo   in   cs us sy id wa st
 0  1      0 97522056   6876  69144    0    0 14576    12 16871 17958  1  0 95  4  0	
 0  1      0 97522056   6876  69144    0    0 14144     0 16887 17869  0  0 96  4  0	
 1  0      0 97522056   6876  69144    0    0 14160     0 17220 18197  0  0 96  3  0	
 1  0      0 97522056   6876  69144    0    0 14272     0 17487 18484  0  0 96  4  0	
 0  1      0 97522056   6876  69144    0    0 13088     0 16580 17550  0  0 96  4  0	
 1  0      0 97522056   6884  69136    0    0 14352    12 17368 18433  0  0 96  4  0	
 0  1      0 97522056   6884  69136    0    0 13888    40 17346 18374  0  0 96  4  0	
 0  1      0 97522056   6884  69144    0    0 14560     0 17342 18395  0  0 96  4  0	
 0  1      0 97522056   6884  69144    0    0 14320     0 16819 17821  0  0 96  4  0	
 0  1      0 97522056   6884  69144    0    0 13840     0 17930 18943  0  0 96  3  0	
 1  0      0 97522056   6884  69144    0    0 14576     0 16671 17687  0  0 96  4  0	
 0  1      0 97522056   6892  69148    0    0 14272    24 17651 18623  0  0 96  4  0	
 2  0      0 97522056   6892  69148    0    0 14576     0 18041 19045  0  0 96  3  0	
 0  1      0 97522056   6892  69148    0    0 14576     0 17549 18556  0  0 96  3  0	
 0  1      0 97522056   6892  69148    0    0 13984     0 16903 17874  0  0 96  4  0	
 1  0      0 97522056   6892  69148    0    0 14128     0 17316 18302  0  0 96  3  0	
 1  0      0 97522056   6900  69140    0    0 14304    52 17772 18802  0  0 96  4  0	
 0  1      0 97522056   6900  69140    0    0 14448     0 16823 17863  1  0 96  4  0	
 1  0      0 97522056   6900  69148    0    0 14320     0 17549 18580  0  0 96  3  0	
 0  1      0 97522056   6900  69148    0    0 14144     0 17741 18731  1  0 96  3  0	
 1  0      0 97522056   6900  69148    0    0 14208     0 17283 18315  0  0 96  4  0	
procs -----------memory---------- ---swap-- -----io---- --system-- -----cpu-----
 r  b   swpd   free   buff  cache   si   so    bi    bo   in   cs us sy id wa st
 0  2      0 97522056   6900  69148    0    0 14000     8 16424 17410  0  0 96  4  0	
 1  0      0 97522056   6908  69140    0    0 13824     4 17439 18421  0  0 96  3  0	
 1  0      0 97522056   6908  69148    0    0 13472     0 16628 17584  0  0 96  4  0	
 0  1      0 97522056   6908  69148    0    0 13712     0 17331 18247  0  0 96  3  0	
 0  1      0 97522056   6908  69148    0    0 13744     0 17549 18482  0  0 96  3  0	
 1  0      0 97522056   6908  69148    0    0 14096     0 17969 18947  0  0 96  3  0	
 0  1      0 97522056   6916  69144    0    0 14480    12 16434 17409  0  0 96  4  0	
 1  0      0 97522056   6916  69152    0    0 14032     0 16662 17657  0  0 96  4  0	
 0  1      0 97522056   6916  69152    0    0 14256     0 17202 18173  0  0 96  3  0	
 0  1      0 97522056   6916  69152    0    0 14656     0 16530 17572  0  0 96  4  0	
 0  1      0 97522056   6916  69152    0    0 14448     0 17515 18552  0  0 96  3  0	
 1  0      0 97522056   6924  69144    0    0 14512    12 17834 18852  0  0 96  3  0	
 1  0      0 97522056   6924  69144    0    0 14048     0 17985 18948  0  0 96  3  0	
 1  0      0 97522056   6924  69152    0    0 14656     0 16431 17500  0  0 96  4  0	
 0  1      0 97522056   6924  69152    0    0 14608     0 17591 18587  0  0 96  3  0	
 0  1      0 97522056   6924  69152    0    0 13984     0 18096 19064  1  0 96  3  0	
 0  1      0 97522056   6924  69152    0    0 14544    16 16929 17930  0  0 96  4  0	
 1  0      0 97522056   6932  69144    0    0 14272    28 16317 17327  0  0 96  4  0	
 0  1      0 97522056   6932  69152    0    0 14224     0 17017 18015  0  0 96  4  0	
 0  1      0 97522056   6932  69152    0    0 14096     0 16851 17832  0  0 96  4  0	
 2  0      0 97522056   6932  69152    0    0 13712     0 17600 18551  0  0 96  3  0	
procs -----------memory---------- ---swap-- -----io---- --system-- -----cpu-----
 r  b   swpd   free   buff  cache   si   so    bi    bo   in   cs us sy id wa st
 0  1      0 97522056   6932  69152    0    0 14624    36 17599 18633  0  0 96  3  0	
 0  1      0 97522056   6940  69148    0    0 14192    16 17073 18050  0  0 96  4  0	
 0  1      0 97522056   6940  69148    0    0 14272     0 16802 17824  0  0 96  4  0	
 0  1      0 97522056   6940  69152    0    0 13920     0 17352 18308  0  0 96  4  0	
 2  0      0 97522056   6940  69152    0    0 13472     0 16415 17353  0  0 96  4  0	
 0  1      0 97522056   6940  69152    0    0 12864     0 16330 17219  0  0 96  4  0	
 1  0      0 97522056   6940  69152    0    0 14160     0 16867 17859  0  0 96  4  0	
 1  0      0 97522056   6948  69152    0    0 14064    12 16670 17697  0  0 96  4  0	
 1  0      0 97522056   6948  69152    0    0 13584     0 17636 18578  0  0 96  3  0	
 1  0      0 97522056   6948  69152    0    0 14544     0 16848 17864  0  0 96  4  0	
 1  1      0 97522056   6948  69152    0    0 13648     0 16476 17405  0  0 96  4  0	
 1  0      0 97522056   6948  69152    0    0 14448     0 16763 17789  0  0 96  4  0	
 1  0      0 97522056   6956  69152    0    0 14384    12 17698 18690  0  0 96  3  0	
 1  0      0 97522056   6956  69152    0    0 14384     0 17893 18881  0  0 96  3  0	
 2  0      0 97522056   6956  69156    0    0 13904     0 18215 19189  0  0 96  3  0	
 0  1      0 97522056   6956  69156    0    0 13728     0 17198 18172  0  0 96  4  0	
 2  0      0 97522056   6956  69156    0    0 14672     0 17114 18151  0  0 96  4  0	
 0  1      0 97522056   6956  69156    0    0 14288     0 17275 18280  0  0 96  4  0	
 1  0      0 97522056   6964  69148    0    0 14496    12 17954 18951  0  0 96  3  0	
 0  1      0 97522056   6964  69156    0    0 15056     0 17630 18681  0  0 96  3  0	
 0  1      0 97522056   6964  69160    0    0 14368     0 17588 18574  0  0 96  3  0	
procs -----------memory---------- ---swap-- -----io---- --system-- -----cpu-----
 r  b   swpd   free   buff  cache   si   so    bi    bo   in   cs us sy id wa st
 0  1      0 97522056   6964  69160    0    0 15024     0 16898 17932  0  0 96  4  0	
 1  0      0 97522056   6964  69160    0    0 13808     0 18062 19063  0  0 96  3  0	
 0  1      0 97522056   6972  69152    0    0 14800    12 17910 18964  0  0 96  4  0	
 1  0      0 97522056   6972  69152    0    0 14304     0 18246 19264  0  0 96  3  0	
 1  0      0 97522056   6972  69160    0    0 14544     8 17678 18640  0  0 96  4  0	
 0  1      0 97522056   6972  69160    0    0 14256     0 17939 18919  0  0 96  3  0	
 0  1      0 97522056   6972  69160    0    0 14496     0 17885 18895  0  0 96  4  0	
 0  1      0 97522056   6972  69160    0    0 14400     0 18363 19362  0  0 96  3  0	
 0  1      0 97522056   6980  69160    0    0 14576    24 17023 18036  1  0 96  4  0	
 0  1      0 97522056   6980  69160    0    0 14832     0 17680 18702  0  0 96  3  0	
 1  0      0 97522056   6980  69160    0    0 14496    12 17087 18138  1  0 96  3  0	
 1  0      0 97522056   6980  69160    0    0 14352     0 17822 18824  0  0 96  3  0	
 0  1      0 97522056   6980  69160    0    0 14128     0 16234 17212  0  0 96  4  0	
 0  1      0 97522056   6988  69156    0    0 13296    24 17106 18027  0  0 96  4  0	
 0  1      0 97522056   6988  69156    0    0 14720     0 16772 17774  0  0 96  4  0	
 0  1      0 97522056   6988  69160    0    0 14000    20 16816 17771  0  0 96  4  0	
 0  1      0 97522056   6988  69160    0    0 13568     0 17649 18589  0  0 96  3  0	
 0  1      0 97522056   6988  69160    0    0 13712     0 16740 17694  0  0 96  4  0	
 1  0      0 97522056   6988  69160    0    0 12992     0 16949 17875  0  0 96  4  0	
 0  1      0 97522056   6996  69152    0    0 13136    12 16600 17519  0  0 96  4  0	
 0  1      0 97522056   6996  69152    0    0 13664     0 16381 17315  0  0 96  4  0	
procs -----------memory---------- ---swap-- -----io---- --system-- -----cpu-----
 r  b   swpd   free   buff  cache   si   so    bi    bo   in   cs us sy id wa st
 0  1      0 97522056   6996  69160    0    0 13888     0 16807 17784  0  0 96  4  0	
 1  0      0 97522056   6996  69160    0    0 14224     0 17145 18143  0  0 96  3  0	
 0  1      0 97522056   6996  69160    0    0 13904     0 16258 17231  0  0 96  4  0	
 1  0      0 97522056   7004  69156    0    0 13920    12 16768 17763  0  0 96  4  0	
 0  1      0 97522056   7004  69156    0    0 13680     0 17330 18273  1  0 96  3  0	
 0  1      0 97522056   7004  69156    0    0 14224     0 17688 18709  0  0 96  3  0	
 0  1      0 97522056   7004  69156    0    0 14656     0 18242 19253  0  0 96  3  0	
 1  0      0 97522056   7004  69156    0    0 13840     0 17177 18124  1  0 96  4  0	
 0  1      0 97522056   7004  69160    0    0 15328     0 16940 17980  0  0 96  4  0	
 0  1      0 97522056   7012  69160    0    0 14208    12 17982 18955  0  0 96  3  0	
 1  1      0 97522056   7012  69160    0    0 14048     0 17949 18946  0  0 96  3  0	
 1  0      0 97522056   7012  69160    0    0 14016     0 17173 18147  0  0 96  4  0	
 0  1      0 97522056   7012  69160    0    0 13840     0 17321 18343  0  0 96  3  0	
 0  1      0 97522056   7012  69160    0    0 14384     0 17404 18394  0  0 96  4  0	
 0  1      0 97522056   7020  69152    0    0 14480    12 17401 18395  0  0 96  3  0	
 0  1      0 97522056   7020  69152    0    0 14384     0 16677 17660  0  0 96  4  0	
 1  0      0 97522056   7020  69168    0    0 14992     0 17537 18583  0  0 96  4  0	
 1  0      0 97522056   7020  69168    0    0 14080     0 16654 17648  0  0 96  4  0	
 1  0      0 97522056   7020  69168    0    0 14448     0 16351 17395  0  0 96  4  0	
 1  0      0 97522056   7020  69168    0    0 13936     8 17321 18303  0  0 96  4  0	
 1  0      0 97522056   7028  69164    0    0 14224    24 17467 18460  0  0 96  3  0	
procs -----------memory---------- ---swap-- -----io---- --system-- -----cpu-----
 r  b   swpd   free   buff  cache   si   so    bi    bo   in   cs us sy id wa st
 0  1      0 97522056   7028  69164    0    0 14112     0 17524 18501  0  0 96  3  0	
 1  0      0 97522056   7028  69164    0    0 14128     0 17152 18145  0  0 96  4  0	
 1  1      0 97522056   7028  69164    0    0 14176     0 17030 18013  0  0 96  4  0	
 0  1      0 97522056   7028  69168    0    0 14256     8 17142 18147  0  0 96  3  0	
 1  0      0 97522056   7036  69160    0    0 14512    24 17448 18454  0  0 96  4  0	
 0  1      0 97522056   7036  69160    0    0 14112     0 17576 18561  0  0 96  3  0	
 2  0      0 97522056   7036  69160    0    0 13808     0 17405 18371  0  0 96  4  0	
 1  0      0 97522056   7036  69160    0    0 14768     0 17764 18825  0  0 96  3  0	
 0  1      0 97522056   7036  69160    0    0 13856     0 16838 17813  0  0 96  4  0	
 0  1      0 97522056   7036  69160    0    0 14000    16 16821 17790  0  0 96  4  0	
 0  1      0 97522056   7044  69156    0    0 13856    12 17536 18508  0  0 96  4  0	
 1  0      0 97522056   7044  69168    0    0 14176     0 16868 17857  0  0 96  4  0	
 0  1      0 97522056   7044  69168    0    0 14000     0 16917 17887  0  0 96  4  0	
 0  1      0 97522056   7044  69168    0    0 14240     0 16746 17722  0  0 96  4  0	
 1  0      0 97522056   7044  69168    0    0 13648     0 16853 17834  0  0 96  4  0	
 1  0      0 97522056   7052  69160    0    0 14048    12 17418 18406  0  0 96  4  0	
 0  1      0 97522056   7052  69160    0    0 13520     0 16917 17865  0  0 96  4  0	
 0  1      0 97522056   7052  69160    0    0 13184     0 16453 17352  1  0 96  4  0	
 0  1      0 97522056   7052  69160    0    0 13184     0 16889 17838  1  0 96  4  0	
 0  1      0 97522056   7052  69168    0    0 13888     0 16520 17385  0  0 96  4  0	
 0  1      0 97522056   7052  69168    0    0 13904     0 17588 17787  0  0 96  4  0	
procs -----------memory---------- ---swap-- -----io---- --system-- -----cpu-----
 r  b   swpd   free   buff  cache   si   so    bi    bo   in   cs us sy id wa st
 1  0      0 97522056   7060  69160    0    0 13616    12 16956 17916  0  0 96  4  0	
 0  1      0 97522056   7060  69160    0    0 14624     0 17187 18177  0  0 96  4  0	
 0  1      0 97522056   7060  69160    0    0 14400     0 17606 18648  0  0 96  3  0	
 0  1      0 97522056   7060  69160    0    0 14144     0 17564 18561  0  0 96  3  0	
 1  0      0 97522056   7060  69160    0    0 13552     0 17668 18633  0  0 96  4  0	
 0  1      0 97522056   7068  69152    0    0 14288    12 17780 18751  0  0 96  3  0	
 0  0      0 97522056   7068  69168    0    0 14592     0 17321 18340  0  0 96  4  0	
 0  1      0 97522056   7068  69168    0    0 13984     0 17865 18825  0  0 96  3  0	
 2  0      0 97522056   7068  69168    0    0 14464     8 17471 18490  0  0 96  3  0	
 0  1      0 97522056   7068  69168    0    0 15040     0 18069 19106  0  0 96  3  0	
 0  1      0 97522056   7068  69168    0    0 14624     0 17560 18584  0  0 96  4  0	
 0  1      0 97522056   7076  69168    0    0 14480    24 17606 18614  0  0 96  3  0	
 0  1      0 97522056   7076  69168    0    0 14608     0 17875 18890  0  0 96  3  0	
 1  0      0 97522056   7076  69168    0    0 13968     4 17799 18795  0  0 96  3  0	
 1  1      0 97522056   7076  69172    0    0 14224     0 17549 18530  0  0 96  3  0	
 0  1      0 97522056   7076  69176    0    0 14624     0 17248 18269  0  0 96  4  0	
 1  0      0 97522056   7084  69168    0    0 13712    12 17216 18191  0  0 96  3  0	
 1  0      0 97522056   7084  69168    0    0 14192     0 17822 18805  0  0 96  3  0	
 0  1      0 97522056   7084  69168    0    0 14576     0 16902 17937  0  0 96  3  0	
 0  1      0 97522056   7084  69168    0    0 14384     0 17492 18486  0  0 96  4  0	
 2  0      0 97522056   7084  69168    0    0 14224     0 16649 17647  0  0 96  4  0	
procs -----------memory---------- ---swap-- -----io---- --system-- -----cpu-----
 r  b   swpd   free   buff  cache   si   so    bi    bo   in   cs us sy id wa st
 1  1      0 97522056   7084  69168    0    0 14160     8 16674 17650  0  0 96  4  0	
 1  0      0 97522056   7092  69176    0    0 14720     4 17418 18444  0  0 96  4  0	
 0  1      0 97522056   7092  69176    0    0 14656    12 16861 17902  0  0 96  4  0	
 1  0      0 97522056   7092  69176    0    0 14544     0 17739 18760  0  0 96  3  0	
 1  0      0 97522056   7092  69176    0    0 14208     0 17731 18709  0  0 96  3  0	
 0  1      0 97522056   7092  69176    0    0 13488     0 17168 18128  0  0 96  4  0	
 0  1      0 97522056   7100  69172    0    0 13840    12 17548 18516  0  0 96  4  0	
 2  0      0 97522056   7100  69172    0    0 14432     0 17896 18895  0  0 96  3  0	
 0  1      0 97522056   7100  69172    0    0 14560     0 16999 18012  0  0 96  4  0	
 2  0      0 97522056   7100  69176    0    0 14752     0 16887 17908  0  0 96  4  0	
 1  0      0 97522056   7100  69176    0    0 13840     0 16957 17905  1  0 96  4  0	
 0  1      0 97522056   7108  69172    0    0 13568    16 17450 18382  0  0 96  4  0	
 1  0      0 97522056   7108  69172    0    0 13936     0 16752 17735  0  0 96  4  0	
 0  1      0 97522056   7108  69172    0    0 12928     0 17024 17984  0  0 96  3  0	
 0  1      0 97522056   7108  69172    0    0 14288     0 16767 17742  0  0 96  4  0	
 1  0      0 97522056   7108  69172    0    0 14272     0 17566 18555  0  0 96  3  0	
 1  0      0 97522056   7108  69172    0    0 13792     0 16362 17308  0  0 96  4  0	
 1  0      0 97522056   7116  69176    0    0 14576    12 17096 18121  0  0 96  3  0	
 1  0      0 97522056   7116  69176    0    0 14560     4 17709 18733  0  0 96  3  0	
 1  0      0 97522056   7116  69176    0    0 13872     0 17381 18396  0  0 96  3  0	
 0  1      0 97522056   7116  69176    0    0 14416     0 16262 17265  0  0 96  4  0	
procs -----------memory---------- ---swap-- -----io---- --system-- -----cpu-----
 r  b   swpd   free   buff  cache   si   so    bi    bo   in   cs us sy id wa st
 1  0      0 97522056   7116  69176    0    0 14496     0 17839 18873  0  0 96  3  0	
 1  0      0 97522056   7124  69168    0    0 14416    12 17190 18208  0  0 96  4  0	
 0  1      0 97522056   7124  69168    0    0 14640     8 17392 18407  0  0 96  3  0	
 0  1      0 97522056   7124  69168    0    0 15200     0 17974 19042  0  0 96  3  0	
 0  1      0 97522056   7124  69180    0    0 14528     0 17808 18822  0  0 96  3  0	
 1  0      0 97522056   7124  69180    0    0 14512     0 17467 18497  0  0 96  3  0	
 0  0      0 97522056   7124  69180    0    0 14592     0 18094 19088  0  0 96  3  0	
 1  0      0 97522056   7132  69172    0    0 14560    24 18174 19198  0  0 96  3  0	
 0  1      0 97522056   7132  69172    0    0 14656     0 18273 19307  0  0 96  3  0	
 0  1      0 97522056   7132  69172    0    0 14656     0 17829 18847  0  0 96  3  0	
 1  0      0 97522056   7132  69172    0    0 14320     0 17323 18315  0  0 96  4  0	
 0  1      0 97522056   7132  69172    0    0 14608     0 18148 19161  0  0 96  3  0	
 1  0      0 97522056   7140  69172    0    0 14192    12 17900 18906  0  0 96  3  0	
 0  1      0 97522056   7140  69172    0    0 14640     0 17648 18667  0  0 96  3  0	
 1  0      0 97522056   7140  69172    0    0 14160     0 17822 18809  0  0 96  3  0	
 0  1      0 97522056   7140  69172    0    0 13840     0 17512 18471  0  0 96  3  0	
 1  0      0 97522056   7140  69172    0    0 14800     0 16921 17969  0  0 96  3  0	
 0  1      0 97522056   7140  69172    0    0 14672    16 17949 18953  0  0 96  3  0	
 0  0      0 97522056   7148  69168    0    0 14640    12 17882 18906  1  0 96  3  0	
 0  1      0 97522056   7148  69168    0    0 14592     0 17756 18775  0  0 96  3  0	
 0  1      0 97522056   7148  69184    0    0 14896     0 17235 18271  0  0 96  3  0	
procs -----------memory---------- ---swap-- -----io---- --system-- -----cpu-----
 r  b   swpd   free   buff  cache   si   so    bi    bo   in   cs us sy id wa st
 0  1      0 97522056   7148  69184    0    0 14928     0 17020 18097  0  0 96  3  0	
 1  0      0 97522056   7148  69184    0    0 14800     4 18162 19205  0  0 96  3  0	
 0  1      0 97522056   7156  69184    0    0 14656    12 17064 18058  0  0 96  4  0	
 0  1      0 97522056   7156  69184    0    0 14400     0 17833 18866  0  0 96  3  0	
 0  1      0 97522056   7156  69184    0    0 14704     0 17959 18968  0  0 96  3  0	
 1  0      0 97522056   7156  69184    0    0 14864     0 17652 18709  0  0 96  3  0	
 0  1      0 97522056   7156  69184    0    0 14480     8 18162 19166  0  0 96  3  0	
 0  1      0 97522056   7156  69184    0    0 14976     0 17746 18782  0  0 96  3  0	
 1  0      0 97522056   7164  69184    0    0 14656    24 17491 18513  0  0 96  3  0	
 0  1      0 97522056   7164  69184    0    0 14160     0 16947 17959  0  0 96  4  0	
 0  1      0 97522056   7164  69184    0    0 14288     0 16749 17746  0  0 96  4  0	
 0  1      0 97522056   7164  69184    0    0 13984     0 18528 19536  0  0 96  3  0	
 0  1      0 97522056   7164  69184    0    0 15232     8 17558 18601  0  0 96  4  0	
 0  1      0 97522056   7172  69180    0    0 14256    32 17081 18094  0  0 96  4  0	
 0  1      0 97522056   7172  69188    0    0 14480     0 17562 18570  1  0 96  3  0	
 0  1      0 97522056   7172  69188    0    0 14112     0 17425 18419  0  0 96  4  0	
 1  0      0 97522056   7172  69188    0    0 14160     0 17561 18553  0  0 96  3  0	
 0  1      0 97522056   7172  69188    0    0 14112     0 17215 18182  0  0 96  4  0	
 1  0      0 97522056   7172  69188    0    0 14624     0 17068 18108  0  0 96  4  0	
 0  1      0 97522056   7180  69180    0    0 14208    20 17184 18161  0  0 96  4  0	
 0  1      0 97522056   7180  69188    0    0 14192     0 17278 18275  0  0 96  3  0	
procs -----------memory---------- ---swap-- -----io---- --system-- -----cpu-----
 r  b   swpd   free   buff  cache   si   so    bi    bo   in   cs us sy id wa st
 1  0      0 97522056   7180  69188    0    0 14496     0 18142 19159  0  0 96  3  0	
 0  1      0 97522056   7180  69188    0    0 14320     0 18384 19367  0  0 96  3  0	
 0  1      0 97522056   7180  69188    0    0 14560     0 17535 18542  0  0 96  3  0	
 1  0      0 97522056   7188  69180    0    0 13616    20 16879 17837  0  0 96  4  0	
 0  1      0 97522056   7188  69188    0    0 13936     0 17954 18915  0  0 96  3  0	
 1  0      0 97522056   7188  69188    0    0 14992     0 18521 19551  0  0 96  3  0	
 1  0      0 97522056   7188  69188    0    0 14928    16 16751 17760  1  0 96  4  0	
 0  1      0 97522056   7188  69188    0    0 14384     0 17249 18235  0  0 96  4  0	
 1  0      0 97522056   7188  69188    0    0 14272     0 18787 19775  0  0 96  3  0	
 0  1      0 97522056   7196  69180    0    0 14784    20 18489 19552  0  0 96  3  0	
 0  1      0 97522056   7196  69192    0    0 14096     0 17150 18162  0  0 96  3  0	
 2  0      0 97522056   7196  69192    0    0 14432     0 17653 18666  0  0 96  3  0	
 1  0      0 97522056   7196  69192    0    0 13920     0 16479 17452  0  0 96  4  0	
 0  1      0 97522056   7196  69192    0    0 13088     0 17219 18123  0  0 96  4  0	
 0  1      0 97522056   7204  69184    0    0 14480    20 16657 17698  0  0 96  4  0	
 1  0      0 97522056   7204  69184    0    0 13712     0 16973 17940  0  0 96  4  0	
 0  1      0 97522056   7204  69184    0    0 13744     0 17261 18203  0  0 96  4  0	
 0  1      0 97522056   7204  69184    0    0 14032     0 17341 18306  0  0 96  3  0	
 0  1      0 97522056   7204  69192    0    0 14256     0 17133 18110  0  0 96  4  0	
 2  0      0 97522056   7204  69196    0    0 14192     0 17431 18419  0  0 96  3  0	
 0  1      0 97522056   7212  69192    0    0 14288    12 17784 18758  1  0 96  3  0	
procs -----------memory---------- ---swap-- -----io---- --system-- -----cpu-----
 r  b   swpd   free   buff  cache   si   so    bi    bo   in   cs us sy id wa st
 0  1      0 97522056   7212  69192    0    0 14032    20 17866 18834  0  0 96  3  0	
 1  0      0 97522056   7212  69192    0    0 13952     0 17074 18074  0  0 96  4  0	
 2  0      0 97522056   7212  69192    0    0 13600     0 17919 18867  0  0 96  3  0	
 1  0      0 97522056   7212  69192    0    0 13968     0 16898 17891  0  0 96  4  0	
 1  0      0 97522056   7220  69184    0    0 14528    36 17270 18295  0  0 96  3  0	
 0  1      0 97522056   7220  69196    0    0 14400     8 18132 19125  0  0 96  3  0	
 0  1      0 97522056   7220  69200    0    0 14560     0 17899 18886  0  0 96  3  0	
 1  0      0 97522056   7220  69200    0    0 14320     0 18302 19310  0  0 96  3  0	
 0  1      0 97522056   7220  69200    0    0 14656     0 17345 18347  0  0 96  4  0	
 1  0      0 97522056   7220  69200    0    0 15104     0 17756 18864  0  0 96  3  0	
 0  1      0 97522056   7228  69192    0    0 14960    24 18002 19027  0  0 96  3  0	
 1  0      0 97522056   7228  69192    0    0 14256     0 17736 18727  0  0 96  3  0	
 0  1      0 97522056   7228  69192    0    0 13632     0 17276 18215  0  0 96  4  0	
 0  1      0 97522056   7228  69200    0    0 14112     0 17071 18083  0  0 96  3  0	
 1  0      0 97522056   7228  69200    0    0 14096     0 16727 17752  0  0 96  4  0	
 0  1      0 97521936   7236  69200    0    0 13552    12 17049 17986  0  0 96  4  0	
 0  1      0 97521936   7236  69200    0    0 14144     0 17264 18254  0  0 96  4  0	
 0  1      0 97521936   7236  69200    0    0 14112     0 16585 17586  0  0 96  4  0	
 0  1      0 97521936   7236  69200    0    0 13296     0 16650 17583  1  0 96  4  0	
 0  1      0 97521936   7236  69200    0    0 13424     0 16317 17268  0  0 96  4  0	
 0  1      0 97521936   7236  69200    0    0 14576     0 17067 18099  0  0 96  4  0	
procs -----------memory---------- ---swap-- -----io---- --system-- -----cpu-----
 r  b   swpd   free   buff  cache   si   so    bi    bo   in   cs us sy id wa st
 1  0      0 97521936   7244  69200    0    0 14528    48 17555 18555  0  0 96  3  0	
 0  1      0 97521936   7244  69200    0    0 14032     0 17093 18094  0  0 96  4  0	
 0  1      0 97521936   7244  69200    0    0 14656     0 17366 18374  0  0 96  3  0	
 2  0      0 97521936   7244  69200    0    0 13760     0 18185 19144  1  0 96  3  0	
 0  1      0 97521936   7244  69200    0    0 14528     0 18490 19534  0  0 96  3  0	
 0  1      0 97521936   7252  69192    0    0 15344    12 17864 18910  0  0 96  3  0	
 1  0      0 97521936   7252  69192    0    0 14896     0 17297 18347  0  0 96  4  0	
 0  1      0 97521936   7252  69192    0    0 14656     0 18671 19679  0  0 96  3  0	
 1  0      0 97521936   7252  69200    0    0 14640     0 17657 18691  0  0 96  3  0	
 1  0      0 97521936   7252  69200    0    0 14176     0 17196 18200  0  0 96  4  0	
 0  1      0 97521936   7252  69200    0    0 14560     8 17799 18842  0  0 96  3  0	
 0  1      0 97521936   7260  69192    0    0 14592    24 16744 17736  0  0 96  4  0	
 1  0      0 97521936   7260  69192    0    0 14144     0 17610 18618  1  0 96  3  0	
 1  0      0 97521936   7260  69192    0    0 14672     0 17328 18331  0  0 96  3  0	
 1  0      0 97521936   7260  69192    0    0 14224     0 16556 17532  0  0 96  4  0	
 1  0      0 97521936   7260  69192    0    0 14384     4 17786 18822  0  0 96  3  0	
 0  1      0 97521936   7268  69200    0    0 14336    12 16762 17741  0  0 96  4  0	
 1  0      0 97521936   7268  69200    0    0 13936     0 16891 17879  1  0 96  4  0	
 1  0      0 97521936   7268  69200    0    0 14848     0 17840 18846  0  0 96  3  0	
 0  1      0 97521936   7268  69200    0    0 14768     0 17897 18901  0  0 96  3  0	
 0  1      0 97521936   7268  69200    0    0 13840     0 18175 19173  0  0 96  3  0	
procs -----------memory---------- ---swap-- -----io---- --system-- -----cpu-----
 r  b   swpd   free   buff  cache   si   so    bi    bo   in   cs us sy id wa st
 0  2      0 97521936   7268  69200    0    0 14672     8 18003 19046  0  0 96  3  0	
 0  1      0 97521936   7276  69200    0    0 14416     4 17819 18884  1  0 96  3  0	
 0  1      0 97521936   7276  69200    0    0 14192     0 18702 19694  0  0 96  3  0	
 2  0      0 97521936   7276  69208    0    0 14320     0 17969 19012  0  0 96  3  0	
 0  1      0 97521936   7276  69208    0    0 14944     0 17639 18683  1  0 96  3  0	
 1  0      0 97521936   7276  69208    0    0 14464     0 17915 19018  1  0 96  3  0	
 0  1      0 97521936   7284  69200    0    0 14528    16 17997 19000  0  0 96  3  0	
 0  1      0 97521936   7284  69200    0    0 14192     0 16602 17626  0  0 96  4  0	
 0  1      0 97521936   7284  69200    0    0 14032     0 17069 18184  0  0 96  4  0	
 1  0      0 97521920   7284  69208    0    0 14240     0 17910 18944  0  0 96  3  0	
 1  0      0 97521936   7284  69208    0    0 14816     0 16721 17758  0  0 96  4  0	
 1  0      0 97521936   7292  69200    0    0 14416    20 16958 17729  0  0 96  4  0	
 1  0      0 97521936   7292  69208    0    0 14608     0 18202 18545  0  0 96  3  0	
 1  0      0 97521936   7292  69208    0    0 14176     0 18061 19046  1  0 96  3  0	
 0  1      0 97521936   7292  69208    0    0 14384     0 17612 18612  0  0 96  3  0	
 0  1      0 97521936   7292  69208    0    0 14608    24 17625 18648  0  0 96  3  0	
 0  1      0 97521936   7292  69208    0    0 14048     0 18115 19090  0  0 96  3  0	
 0  1      0 97521936   7300  69208    0    0 14896    12 18046 19070  0  0 96  3  0	
 0  1      0 97521936   7300  69208    0    0 14528     0 18512 19517  0  0 96  3  0	
 0  1      0 97521936   7300  69208    0    0 14704     0 18302 19361  0  0 96  3  0	
 1  0      0 97521936   7300  69208    0    0 14480     8 17743 18723  0  0 96  3  0	
procs -----------memory---------- ---swap-- -----io---- --system-- -----cpu-----
 r  b   swpd   free   buff  cache   si   so    bi    bo   in   cs us sy id wa st
 1  0      0 97521936   7300  69208    0    0 14624     0 17198 18222  0  0 96  4  0	
 0  1      0 97521936   7308  69208    0    0 14320    24 18567 19563  0  0 96  3  0	
 1  0      0 97521936   7308  69208    0    0 14704     0 17396 18425  0  0 96  3  0	
 1  0      0 97521936   7308  69208    0    0 14000     0 18001 18969  0  0 96  3  0	
 2  0      0 97521936   7308  69208    0    0 14384     8 16828 17842  0  0 96  4  0	
 0  1      0 97521936   7308  69208    0    0 14400     0 17946 18943  0  0 96  3  0	
 0  1      0 97521936   7308  69208    0    0 14560     0 17823 18823  0  0 96  3  0	
 1  0      0 97521936   7316  69200    0    0 14704    24 18141 19158  0  0 96  3  0	
 0  1      0 97521936   7316  69200    0    0 14592     0 19135 20144  0  0 96  3  0	
 0  1      0 97521936   7316  69200    0    0 15152     0 18115 19158  0  0 96  3  0	
 0  1      0 97521936   7316  69200    0    0 14336     0 17329 18418  0  0 96  3  0	
 0  1      0 97521936   7316  69200    0    0 14976     0 17413 18432  0  0 96  3  0	
 0  1      0 97521936   7324  69192    0    0 14080    12 17676 18696  0  0 96  3  0	
 1  0      0 97521936   7324  69192    0    0 14576     0 17758 18755  0  0 96  3  0	
 0  1      0 97521936   7324  69212    0    0 14560     4 18256 19276  0  0 96  3  0	
 1  0      0 97521936   7324  69212    0    0 14864     0 17409 18468  0  0 96  3  0	
 0  1      0 97521936   7324  69212    0    0 14192     0 17690 18667  1  0 96  3  0	
 1  0      0 97521936   7324  69212    0    0 14176     0 17464 18448  1  0 96  3  0	
 0  1      0 97521936   7332  69212    0    0 14320    12 16983 17989  0  0 96  4  0	
 0  1      0 97521936   7332  69212    0    0 14400     8 17619 18618  0  0 96  3  0	
 0  1      0 97521936   7332  69212    0    0 14832     0 17234 18270  0  0 96  3  0	
procs -----------memory---------- ---swap-- -----io---- --system-- -----cpu-----
 r  b   swpd   free   buff  cache   si   so    bi    bo   in   cs us sy id wa st
 0  1      0 97521936   7332  69212    0    0 14176     0 17393 18394  0  0 96  3  0	
 0  1      0 97521936   7332  69216    0    0 14272     0 18131 19132  1  0 96  3  0	
 1  0      0 97521936   7340  69208    0    0 14736    12 17740 18762  1  0 96  3  0	
 1  0      0 97521936   7340  69208    0    0 14464     0 17323 18334  0  0 96  3  0	
 1  0      0 97521936   7340  69208    0    0 14240     0 18495 19471  1  0 96  3  0	
 0  1      0 97521936   7340  69208    0    0 14976     0 17310 18399  0  0 96  3  0	
 0  1      0 97521936   7340  69216    0    0 14432     0 17285 18296  0  0 96  4  0	
 1  0      0 97521936   7340  69216    0    0 14736     0 17835 18850  0  0 96  3  0	
 1  0      0 97521936   7348  69216    0    0 14480    36 17768 18777  0  0 96  3  0	
 1  0      0 97521936   7348  69224    0    0 14464     0 17965 18994  0  0 96  3  0	
 1  0      0 97521936   7348  69224    0    0 14368     0 17656 18656  0  0 96  3  0	
 0  1      0 97521936   7348  69224    0    0 14608     0 17225 18231  1  0 96  4  0	
 1  0      0 97521936   7348  69224    0    0 14560     0 17677 18679  1  0 96  3  0	
 0  1      0 97521936   7356  69216    0    0 14592    24 18453 19490  1  0 96  3  0	
 0  1      0 97521936   7356  69216    0    0 13968     0 18360 19302  1  0 96  3  0	
 0  1      0 97521936   7356  69216    0    0 14464     0 17176 18184  0  0 96  4  0	
 1  0      0 97521936   7356  69216    0    0 14704     0 16845 17869  1  0 96  4  0	
 0  1      0 97521936   7356  69224    0    0 14624     0 17733 18734  0  0 96  3  0	
 0  1      0 97521936   7356  69224    0    0 14576     0 17776 18774  0  0 96  3  0	
 2  0      0 97521936   7364  69224    0    0 14368    20 17882 18897  0  0 96  3  0	
 1  0      0 97521936   7364  69224    0    0 14208     0 18133 19132  0  0 96  3  0	
procs -----------memory---------- ---swap-- -----io---- --system-- -----cpu-----
 r  b   swpd   free   buff  cache   si   so    bi    bo   in   cs us sy id wa st
 1  0      0 97521936   7364  69224    0    0 14912     0 17787 18848  0  0 96  3  0	
 0  1      0 97521936   7364  69224    0    0 14992     0 16688 17697  0  0 96  4  0	
 0  1      0 97521936   7364  69224    0    0 14928     0 16740 17768  0  0 96  3  0	
 1  0      0 97521936   7372  69224    0    0 14432    24 17341 18339  0  0 96  4  0	
 1  0      0 97521936   7372  69224    0    0 14080     0 16971 17944  0  0 96  4  0	
 0  1      0 97521936   7372  69224    0    0 14384     0 17603 18623  0  0 96  4  0	
 0  1      0 97521936   7372  69224    0    0 14256     0 16778 17746  0  0 96  4  0	
 1  0      0 97521936   7372  69224    0    0 14576     0 17633 18646  0  0 96  3  0	
 1  0      0 97521936   7372  69224    0    0 14720     0 18287 19336  0  0 96  3  0	
 0  1      0 97521936   7380  69216    0    0 14512    12 17380 18371  1  0 96  4  0	
 1  0      0 97521936   7380  69216    0    0 14704     0 17526 18561  0  0 96  3  0	
 1  0      0 97521936   7380  69216    0    0 13888     0 18506 19495  0  0 96  3  0	
 0  1      0 97521936   7380  69228    0    0 14768     0 17480 18490  0  0 96  3  0	
 0  1      0 97521936   7380  69228    0    0 13824     0 17877 18848  0  0 96  3  0	
 1  0      0 97521808   7388  69228    0    0 14784    12 17252 18275  0  0 96  4  0	
 1  0      0 97521808   7388  69228    0    0 14400     0 17486 18475  0  0 96  3  0	
 1  0      0 97521808   7388  69228    0    0 14704     0 16934 18008  0  0 96  4  0	
 0  1      0 97521808   7388  69228    0    0 14864     0 17416 18421  0  0 96  4  0	
 1  0      0 97521808   7388  69228    0    0 14784     0 17950 18992  0  0 96  3  0	
 0  1      0 97521808   7388  69228    0    0 14640     0 18758 19752  0  0 96  3  0	
 0  1      0 97521808   7396  69228    0    0 14768    12 18676 19686  1  0 96  3  0	
procs -----------memory---------- ---swap-- -----io---- --system-- -----cpu-----
 r  b   swpd   free   buff  cache   si   so    bi    bo   in   cs us sy id wa st
 1  0      0 97521808   7396  69228    0    0 14736     0 18346 19359  0  0 96  3  0	
 0  1      0 97521808   7396  69228    0    0 15088     0 17544 18593  0  0 96  3  0	
 2  0      0 97521808   7396  69228    0    0 14384    16 16620 17633  0  0 96  4  0	
 0  1      0 97521808   7396  69228    0    0 14304     0 18362 19353  0  0 96  3  0	
 2  0      0 97521808   7404  69220    0    0 14608    24 17418 18452  1  0 96  3  0	
 0  1      0 97521808   7404  69220    0    0 13584     0 17156 18081  0  0 96  4  0	
 2  0      0 97521808   7404  69220    0    0 14352     0 17212 18223  0  0 96  4  0	
 0  1      0 97521808   7404  69232    0    0 14032     0 16242 17204  0  0 96  4  0	
 0  1      0 97521808   7404  69232    0    0 14560     0 17417 18450  0  0 96  3  0	
 0  1      0 97521808   7404  69232    0    0 14176     0 17052 18016  1  0 96  4  0	
 1  0      0 97521808   7412  69232    0    0 14176    12 17869 18871  0  0 96  3  0	
 0  1      0 97521808   7412  69232    0    0 14048     0 17277 18279  0  0 96  3  0	
 1  0      0 97521808   7412  69232    0    0 14080     8 16930 17916  0  0 96  4  0	
 0  1      0 97521808   7412  69232    0    0 14896     0 17616 18635  0  0 96  4  0	
 0  1      0 97521808   7412  69232    0    0 14560     0 16793 17782  0  0 96  4  0	
 1  0      0 97521808   7420  69232    0    0 14608    24 17629 18681  1  0 96  3  0	
 0  1      0 97521808   7420  69232    0    0 14304     0 17560 18537  0  0 96  3  0	
 0  1      0 97521808   7420  69232    0    0 14560     0 18110 19117  1  0 96  3  0	
 1  1      0 97521808   7420  69232    0    0 14432     0 18221 19209  0  0 96  3  0	
 0  1      0 97521808   7420  69232    0    0 14544     0 17829 18860  0  0 96  3  0	
 1  0      0 97521808   7420  69232    0    0 15120     0 17535 18593  0  0 96  3  0	
procs -----------memory---------- ---swap-- -----io---- --system-- -----cpu-----
 r  b   swpd   free   buff  cache   si   so    bi    bo   in   cs us sy id wa st
 1  0      0 97521808   7428  69224    0    0 14528    12 18643 19662  0  0 96  3  0	
 0  1      0 97521808   7428  69236    0    0 14400     0 18302 19262  0  0 96  3  0	
 1  0      0 97521808   7428  69236    0    0 14576     0 17705 18748  0  0 96  3  0	
 0  1      0 97521808   7428  69236    0    0 14000     0 17758 18713  1  0 96  3  0	
 0  1      0 97521808   7428  69236    0    0 14416     0 17393 18400  0  0 96  3  0	
 1  0      0 97521808   7436  69228    0    0 14176    12 17418 18425  0  0 96  4  0	
 0  1      0 97521808   7436  69228    0    0 14400     0 17032 18059  0  0 96  4  0	
 0  1      0 97521808   7436  69228    0    0 14096     0 18269 19260  0  0 96  3  0	
 0  1      0 97521808   7436  69228    0    0 14096     0 17988 18964  0  0 96  3  0	
 0  1      0 97521808   7436  69228    0    0 14176     0 18273 19244  0  0 96  3  0	
 2  0      0 97521808   7436  69236    0    0 14000     0 16542 17522  1  0 96  4  0	
 1  0      0 97521808   7444  69236    0    0 14160    12 17876 18859  0  0 96  3  0	
 2  0      0 97521808   7444  69236    0    0 14512     8 18010 19054  0  0 96  3  0	
 0  1      0 97521808   7444  69236    0    0 14736     0 18114 19120  0  0 96  3  0	
 0  1      0 97521808   7444  69236    0    0 14576     0 18348 19368  0  0 96  3  0	
 0  1      0 97521808   7444  69236    0    0 14832     0 18455 19474  1  0 96  3  0	
 1  0      0 97521808   7452  69236    0    0 14592    28 18272 19300  0  0 96  3  0	
 1  0      0 97521808   7452  69236    0    0 14576    24 17879 18880  0  0 96  3  0	
 0  1      0 97521808   7452  69236    0    0 14912     0 18311 19347  0  0 96  3  0	
 1  0      0 97521808   7452  69236    0    0 14240     0 16639 17689  0  0 96  4  0	
 0  1      0 97521808   7452  69236    0    0 14352     0 18058 19037  0  0 96  3  0	
procs -----------memory---------- ---swap-- -----io---- --system-- -----cpu-----
 r  b   swpd   free   buff  cache   si   so    bi    bo   in   cs us sy id wa st
 0  2      0 97521808   7452  69236    0    0 14448     8 17707 18730  0  0 96  3  0	
 1  0      0 97521808   7460  69228    0    0 14592     8 18145 19207  0  0 96  3  0	
 0  1      0 97521808   7460  69228    0    0 14096     0 18335 19311  0  0 96  3  0	
 0  1      0 97521808   7460  69228    0    0 14480     0 17475 18475  1  0 96  3  0	
 0  1      0 97521808   7460  69228    0    0 14016     0 17242 18216  0  0 96  3  0	
 0  1      0 97521808   7460  69240    0    0 14128     0 17966 18948  0  0 96  3  0	
 0  1      0 97521808   7468  69240    0    0 14304    12 17992 19000  0  0 96  3  0	
 0  1      0 97521808   7468  69240    0    0 14192     0 17902 18884  1  0 96  3  0	
 0  1      0 97521808   7468  69240    0    0 14656     0 17237 18240  0  0 96  4  0	
 0  1      0 97521808   7468  69240    0    0 14320     0 17130 18115  0  0 96  4  0	
 0  1      0 97521808   7468  69240    0    0 14640     0 17594 18594  0  0 96  3  0	
 0  1      0 97521808   7476  69240    0    0 14224    12 17359 18346  0  0 96  4  0	
 0  1      0 97521808   7476  69240    0    0 14208     0 17666 18694  0  0 96  3  0	
 1  0      0 97521808   7476  69240    0    0 13264     0 16717 17661  0  0 96  4  0	
 2  0      0 97521808   7476  69240    0    0 14192     0 17482 18505  0  0 96  3  0	
 1  0      0 97521808   7476  69240    0    0 14608     0 17571 18547  0  0 96  3  0	
 2  0      0 97521808   7476  69244    0    0 14608     0 16681 17697  0  0 96  4  0	
 0  1      0 97521808   7484  69236    0    0 14560    12 17098 18137  1  0 96  4  0	
 1  0      0 97521808   7484  69236    0    0 14640     0 17938 18963  0  0 96  3  0	
 0  1      0 97521808   7484  69236    0    0 14576     0 18265 19267  0  0 96  3  0	
 1  0      0 97521808   7484  69236    0    0 14528     0 17482 18463  0  0 96  3  0	
procs -----------memory---------- ---swap-- -----io---- --system-- -----cpu-----
 r  b   swpd   free   buff  cache   si   so    bi    bo   in   cs us sy id wa st
 0  1      0 97521808   7484  69244    0    0 14096     0 17822 18820  0  0 96  3  0	
 1  0      0 97521808   7492  69244    0    0 13552    32 17834 18795  1  0 96  3  0	
 0  1      0 97521808   7492  69244    0    0 13920     0 17227 18198  1  0 96  4  0	
 0  1      0 97521808   7492  69244    0    0 14048     0 17148 18166  0  0 96  4  0	
 0  1      0 97521808   7492  69244    0    0 14320     0 17794 18790  0  0 96  3  0	
 1  0      0 97521808   7492  69244    0    0 14304     0 17791 18796  0  0 96  3  0	
 1  1      0 97521808   7492  69244    0    0 14160     4 17772 18760  0  0 96  3  0	
 0  1      0 97521808   7500  69240    0    0 14208    12 17051 18080  0  0 96  4  0	
 2  0      0 97521808   7500  69244    0    0 14976     0 17271 18319  0  0 96  4  0	
 0  1      0 97521808   7500  69244    0    0 14416     0 17618 18629  0  0 96  3  0	
 1  0      0 97521808   7500  69244    0    0 14592     0 18138 19205  0  0 96  3  0	
 0  1      0 97521808   7500  69244    0    0 14496     8 17264 18248  0  0 96  4  0	
 0  1      0 97521808   7508  69244    0    0 14336    24 17681 18698  0  0 96  4  0	
 0  1      0 97521808   7508  69244    0    0 14000     0 16997 17949  1  0 96  4  0	
 1  0      0 97521808   7508  69244    0    0 14144     0 17208 18218  0  0 96  3  0	
 0  1      0 97521808   7508  69244    0    0 14096     0 17718 18687  0  0 96  3  0	
 1  0      0 97521808   7508  69244    0    0 14336    20 17603 18614  0  0 96  3  0	
 1  0      0 97521808   7508  69244    0    0 14560     0 17403 18388  0  0 96  3  0	
 0  1      0 97521808   7516  69236    0    0 13872    12 17615 18581  1  0 96  3  0	
 0  1      0 97521808   7516  69236    0    0 14032     0 16927 17900  1  0 96  4  0	
 1  0      0 97521808   7516  69236    0    0 14096     0 17174 18172  0  0 96  4  0	
procs -----------memory---------- ---swap-- -----io---- --system-- -----cpu-----
 r  b   swpd   free   buff  cache   si   so    bi    bo   in   cs us sy id wa st
 2  0      0 97521808   7516  69236    0    0 14720     0 17794 18820  0  0 96  3  0	
 2  0      0 97521808   7516  69236    0    0 14544     0 16991 18000  0  0 96  4  0	
 1  0      0 97521808   7524  69228    0    0 14096    12 16924 17954  0  0 96  4  0	
 0  1      0 97521808   7524  69244    0    0 14064     0 17207 18219  0  0 96  4  0	
 1  0      0 97521808   7524  69244    0    0 13888     0 16988 17968  0  0 96  4  0	
 2  0      0 97521808   7524  69244    0    0 13952     0 17248 18218  0  0 96  4  0	
 0  1      0 97521808   7524  69248    0    0 14400     0 17631 18599  1  0 96  3  0	
 0  1      0 97521808   7524  69248    0    0 14048     0 16475 17504  0  0 96  4  0	
 0  1      0 97521808   7532  69248    0    0 14160    12 17154 18144  0  0 96  3  0	
 0  1      0 97521808   7532  69248    0    0 13904     0 16568 17520  0  0 96  4  0	
 2  0      0 97521808   7532  69248    0    0 13728     8 17096 18089  0  0 96  4  0	
 0  1      0 97521808   7532  69252    0    0 14160     0 17558 18525  0  0 96  3  0	
 0  1      0 97521808   7532  69252    0    0 14016     0 17660 18663  0  0 96  3  0	
 1  0      0 97521808   7540  69244    0    0 14272    24 16707 17715  0  0 96  3  0	
 0  1      0 97521808   7540  69244    0    0 14688     0 17155 18254  0  0 96  4  0	
 0  1      0 97521680   7540  69256    0    0 13824     0 17710 18700  1  0 96  3  0	
 1  0      0 97521680   7540  69256    0    0 14816     0 17440 18489  0  0 96  4  0	
 1  0      0 97521680   7540  69256    0    0 14464     0 17004 17978  0  0 96  3  0	
 0  1      0 97521680   7540  69256    0    0 14400     0 17901 18887  0  0 96  3  0	
 1  0      0 97521680   7548  69256    0    0 13968    20 17687 18664  1  0 96  3  0	
 0  1      0 97521680   7548  69256    0    0 13776     0 17703 18668  0  0 96  3  0	
procs -----------memory---------- ---swap-- -----io---- --system-- -----cpu-----
 r  b   swpd   free   buff  cache   si   so    bi    bo   in   cs us sy id wa st
 0  1      0 97521680   7548  69256    0    0 14160     8 17504 18528  0  0 96  3  0	
 1  0      0 97521680   7548  69256    0    0 14544     0 17297 18315  0  0 96  4  0	
 1  0      0 97521680   7548  69256    0    0 14848     0 17629 18658  0  0 96  4  0	
 0  1      0 97521680   7556  69248    0    0 13904    24 18327 19313  0  0 96  3  0	
 0  1      0 97521680   7556  69248    0    0 14480     0 17039 18052  0  0 96  4  0	
 1  0      0 97521680   7556  69248    0    0 14032     0 17309 18283  1  0 96  3  0	
 0  1      0 97521680   7556  69256    0    0 13984     0 18042 19018  0  0 96  3  0	
 0  1      0 97521680   7556  69256    0    0 13488     0 16616 17579  0  0 96  4  0	
 0  1      0 97521680   7556  69256    0    0 13840     0 16649 17684  0  0 96  4  0	
 1  0      0 97521680   7564  69248    0    0 13840    12 17395 18413  0  0 96  4  0	
 0  1      0 97521680   7564  69248    0    0 14032    24 17579 18549  0  0 96  3  0	
 0  1      0 97521680   7564  69248    0    0 13888     0 16985 17981  0  0 96  4  0	
 1  0      0 97521680   7564  69248    0    0 14208     0 18054 19110  0  0 96  3  0	
 0  1      0 97521680   7564  69248    0    0 14432     0 17240 18241  0  0 96  3  0	
 0  1      0 97521680   7572  69256    0    0 14464    12 16396 17410  0  0 96  4  0	
 1  0      0 97521680   7572  69256    0    0 14720     0 17993 19019  0  0 96  3  0	
 1  0      0 97521680   7572  69256    0    0 14848     0 18199 19266  0  0 96  3  0	
 1  0      0 97521680   7572  69256    0    0 14368     0 18314 19332  1  0 96  3  0	
 0  1      0 97521680   7572  69256    0    0 14656     0 17922 18940  0  0 96  3  0	
 0  1      0 97521680   7572  69256    0    0 14320     0 17914 18914  0  0 96  3  0	
 0  1      0 97521680   7580  69256    0    0 14176    12 18372 19360  1  0 96  3  0	
procs -----------memory---------- ---swap-- -----io---- --system-- -----cpu-----
 r  b   swpd   free   buff  cache   si   so    bi    bo   in   cs us sy id wa st
 1  0      0 97521680   7580  69256    0    0 14272     0 17877 18900  1  0 96  3  0	
 2  0      0 97521680   7580  69260    0    0 14608     0 18209 19242  0  0 96  3  0	
 2  0      0 97521680   7580  69260    0    0 14928     0 17492 18543  0  0 96  3  0	
 0  1      0 97521680   7580  69260    0    0 14720     0 17624 18672  0  0 96  3  0	
 1  0      0 97521680   7588  69252    0    0 13856    52 16945 17927  0  0 96  4  0	
 1  0      0 97521680   7588  69252    0    0 14880     0 18233 19278  0  0 96  3  0	
 1  0      0 97521680   7588  69252    0    0 14640     0 17564 18629  0  0 96  3  0	
 1  0      0 97521680   7588  69252    0    0 15248     0 18243 19313  0  0 96  3  0	
 0  1      0 97521680   7588  69252    0    0 14496     0 18264 19296  0  0 96  3  0	
 1  0      0 97521680   7588  69264    0    0 14624     0 17798 18831  0  0 96  3  0	
 1  0      0 97521680   7596  69256    0    0 14816    12 17924 18973  0  0 96  3  0	
 0  1      0 97521680   7596  69256    0    0 14496     0 17951 18933  1  0 96  3  0	
 0  1      0 97521680   7596  69256    0    0 13504     0 17297 18247  0  0 96  4  0	
 2  0      0 97521680   7596  69256    0    0 14080     0 16984 17977  0  0 96  4  0	
 0  1      0 97521680   7596  69256    0    0 14304     8 17283 18285  0  0 96  3  0	
 0  1      0 97521680   7604  69248    0    0 13424    24 16999 17941  0  0 96  4  0	
 0  1      0 97521680   7604  69248    0    0 14032     0 17515 18510  0  0 96  3  0	
 0  1      0 97521680   7604  69264    0    0 13968     0 17741 18718  0  0 96  3  0	
 0  1      0 97521680   7604  69264    0    0 13648     0 16085 17042  0  0 96  4  0	
 1  0      0 97521680   7604  69264    0    0 14496     0 17230 18340  0  0 96  3  0	
 0  1      0 97521680   7604  69264    0    0 13856     0 17452 18426  0  0 96  4  0	
procs -----------memory---------- ---swap-- -----io---- --system-- -----cpu-----
 r  b   swpd   free   buff  cache   si   so    bi    bo   in   cs us sy id wa st
 1  0      0 97521680   7612  69256    0    0 14512    12 17547 18562  0  0 96  3  0	
 1  0      0 97521680   7612  69264    0    0 14272     0 17862 18851  0  0 96  3  0	
 0  1      0 97521680   7612  69264    0    0 13344     0 16832 17731  0  0 96  4  0	
 1  0      0 97521680   7612  69264    0    0 13680     0 16983 17962  0  0 96  4  0	
 1  0      0 97521680   7612  69264    0    0 14096    24 17312 18300  0  0 96  3  0	
 1  0      0 97521680   7620  69264    0    0 14240    16 17249 18261  0  0 96  4  0	
 0  1      0 97521680   7620  69264    0    0 14768     0 17755 18803  0  0 96  3  0	
 1  0      0 97521680   7620  69264    0    0 14464     0 17762 18803  0  0 96  3  0	
 0  1      0 97521680   7620  69264    0    0 14176     0 17845 18828  0  0 96  3  0	
 0  1      0 97521680   7620  69264    0    0 14912     0 17680 18733  0  0 96  4  0	
 0  1      0 97521680   7620  69264    0    0 14704     0 17286 18326  0  0 96  3  0	
 0  1      0 97521680   7628  69256    0    0 14288    12 17641 18640  1  0 96  3  0	
 1  0      0 97521680   7628  69264    0    0 14240     0 17154 18154  0  0 96  4  0	
 2  0      0 97521680   7628  69264    0    0 14672     0 17363 18380  0  0 96  3  0	
 0  1      0 97521680   7628  69264    0    0 15344     8 17582 18661  0  0 96  3  0	
 2  0      0 97521680   7628  69264    0    0 14416     0 17405 18422  0  0 96  4  0	
 1  0      0 97521680   7636  69256    0    0 14400    24 17260 18274  0  0 96  3  0	
 0  1      0 97521680   7636  69256    0    0 14784     0 18465 19483  0  0 96  3  0	
 2  0      0 97521680   7636  69256    0    0 14560     0 18282 19283  0  0 96  3  0	
 1  0      0 97521680   7636  69256    0    0 14608     0 18133 19198  0  0 96  3  0	
 2  0      0 97521680   7636  69268    0    0 14496     0 17772 18858  0  0 96  3  0	
procs -----------memory---------- ---swap-- -----io---- --system-- -----cpu-----
 r  b   swpd   free   buff  cache   si   so    bi    bo   in   cs us sy id wa st
 1  1      0 97521680   7636  69268    0    0 14736     8 18246 19290  0  0 96  3  0	
 0  1      0 97521680   7644  69260    0    0 15184     4 17290 18359  0  0 96  4  0	
 1  0      0 97521680   7644  69260    0    0 14432     0 18154 19165  0  0 96  3  0	
 0  1      0 97521680   7644  69260    0    0 14432     4 18086 19083  0  0 96  3  0	
 0  1      0 97521680   7644  69260    0    0 14512     0 18774 19768  1  0 96  3  0	
 0  1      0 97521680   7644  69260    0    0 14224     0 17586 18552  0  0 96  3  0	
 0  1      0 97521680   7652  69252    0    0 14432    12 17103 18086  0  0 96  3  0	
 0  1      0 97521680   7652  69268    0    0 14704     0 17474 18481  0  0 96  3  0	
 1  0      0 97521680   7652  69268    0    0 14464     0 17996 19029  0  0 96  3  0	
 0  1      0 97521680   7652  69272    0    0 14272     0 18005 19033  0  0 96  3  0	
 1  0      0 97521680   7652  69272    0    0 14496     0 17228 18252  0  0 96  4  0	
 1  0      0 97521680   7660  69272    0    0 14384    12 17559 18555  0  0 96  4  0	
 0  1      0 97521680   7660  69272    0    0 14784     0 17508 18509  0  0 96  4  0	
 0  1      0 97521680   7660  69272    0    0 13888     4 17905 18870  0  0 96  3  0	
 0  1      0 97521680   7660  69272    0    0 14672     0 16774 17827  0  0 96  4  0	
 2  0      0 97521680   7660  69272    0    0 13568     0 17597 18541  0  0 96  4  0	
 0  1      0 97521680   7660  69272    0    0 14224     0 17880 18879  0  0 96  3  0	
 0  1      0 97521680   7668  69264    0    0 14496    12 18410 19404  0  0 96  3  0	
 0  1      0 97521680   7668  69264    0    0 14208    16 18345 19322  0  0 96  3  0	
 2  0      0 97521680   7668  69264    0    0 14320     0 17313 18361  1  0 96  3  0	
 0  1      0 97521680   7668  69264    0    0 14528     0 17532 18578  1  0 96  3  0	
procs -----------memory---------- ---swap-- -----io---- --system-- -----cpu-----
 r  b   swpd   free   buff  cache   si   so    bi    bo   in   cs us sy id wa st
 1  0      0 97521680   7668  69264    0    0 14224     0 18210 19235  0  0 96  3  0	
 1  0      0 97521680   7676  69256    0    0 14304    12 17690 18696  0  0 96  3  0	
 1  0      0 97521680   7676  69272    0    0 14528     4 17426 18441  0  0 96  4  0	
 1  1      0 97521680   7676  69272    0    0 14576     0 18479 19501  0  0 96  3  0	
 0  1      0 97521680   7676  69272    0    0 14576     0 17876 18879  0  0 96  3  0	
 1  0      0 97521680   7676  69272    0    0 14624     0 18588 19608  1  0 96  3  0	
 1  0      0 97521680   7676  69272    0    0 14496     0 18234 19212  0  0 96  3  0	
 1  0      0 97521680   7684  69268    0    0 14464    12 17989 18987  0  0 96  3  0	
 0  1      0 97521680   7684  69268    0    0 14400     0 18287 19274  0  0 96  3  0	
 0  1      0 97521680   7684  69268    0    0 13920     0 18172 19116  0  0 96  3  0	
 0  1      0 97521680   7684  69276    0    0 14448     0 17509 18494  1  0 96  3  0	
 0  1      0 97521680   7684  69276    0    0 14880     0 18121 19172  0  0 96  3  0	
 0  1      0 97521680   7692  69276    0    0 14096    12 18247 19257  0  0 96  3  0	
 0  1      0 97521680   7692  69276    0    0 14432     8 17649 18622  0  0 96  3  0	
 1  0      0 97521680   7692  69276    0    0 14624     0 17783 18795  0  0 96  3  0	
 2  0      0 97521680   7692  69276    0    0 14560     0 18143 19180  0  0 96  3  0	
 1  0      0 97521680   7692  69276    0    0 14880     0 17562 18619  0  0 96  3  0	
 1  0      0 97521680   7692  69276    0    0 13920     0 18613 19596  0  0 96  3  0	
 0  1      0 97521680   7700  69276    0    0 14768    24 18372 19425  0  0 96  3  0	
 1  0      0 97521680   7700  69276    0    0 14224     0 18045 19035  0  0 96  3  0	
 0  1      0 97521680   7700  69276    0    0 13936     0 18531 19540  0  0 96  3  0	
procs -----------memory---------- ---swap-- -----io---- --system-- -----cpu-----
 r  b   swpd   free   buff  cache   si   so    bi    bo   in   cs us sy id wa st
 0  1      0 97521680   7700  69276    0    0 14112     0 17265 18240  0  0 96  3  0	
 0  1      0 97521680   7700  69276    0    0 14512     0 17810 18844  0  0 96  3  0	
 0  1      0 97521680   7708  69276    0    0 14624    12 18092 19114  0  0 96  3  0	
 2  0      0 97521680   7708  69276    0    0 14416     0 17877 18923  0  0 96  3  0	
 1  1      0 97521680   7708  69276    0    0 14992     0 18466 19499  0  0 96  3  0	
 1  0      0 97521680   7708  69276    0    0 14832     0 17721 18777  0  0 96  3  0	
 1  0      0 97521680   7708  69276    0    0 14592     0 18904 19941  0  0 96  3  0	
 0  1      0 97521680   7708  69276    0    0 14560     0 17792 18817  0  0 96  3  0	
 0  1      0 97521680   7716  69268    0    0 14672    12 17400 18432  0  0 96  3  0	
 0  1      0 97521680   7716  69268    0    0 14080     0 17525 18508  0  0 96  4  0	
 0  1      0 97521680   7716  69268    0    0 13840     0 17347 18320  0  0 96  3  0	
 0  1      0 97521680   7716  69268    0    0 13744     0 16763 17712  0  0 96  4  0	
 0  1      0 97521680   7716  69268    0    0 13744    20 16538 17505  0  0 96  4  0	
 1  0      0 97521680   7724  69280    0    0 14368    24 17418 18463  0  0 96  3  0	
 2  0      0 97521680   7724  69280    0    0 14208     0 17629 18648  0  0 96  3  0	
 1  0      0 97521680   7724  69280    0    0 13952     0 16991 17997  0  0 96  4  0	
 2  0      0 97521680   7724  69280    0    0 14000     0 17268 18241  0  0 96  3  0	
 2  0      0 97522056   7724  69280    0    0 14608     0 17791 18818  0  0 96  3  0	
 0  1      0 97522056   7724  69280    0    0 14752     0 18451 19504  0  0 96  3  0	
 1  0      0 97522056   7732  69280    0    0 14704    20 17197 18266  0  0 96  4  0	
 1  0      0 97522056   7732  69280    0    0 14192     0 17689 18666  0  0 96  3  0	
procs -----------memory---------- ---swap-- -----io---- --system-- -----cpu-----
 r  b   swpd   free   buff  cache   si   so    bi    bo   in   cs us sy id wa st
 1  0      0 97522056   7732  69284    0    0 14800     0 18074 19091  0  0 96  3  0	
 0  1      0 97522056   7732  69284    0    0 14624     0 18215 19232  0  0 96  3  0	
 1  0      0 97522056   7732  69284    0    0 14224     0 17035 18115  0  0 96  4  0	
 0  1      0 97522056   7740  69276    0    0 14048    12 17169 18131  0  0 96  3  0	
 0  1      0 97522056   7740  69276    0    0 13792     0 16599 17556  0  0 96  4  0	
 1  0      0 97522056   7740  69284    0    0 14336     0 18466 19559  0  0 96  3  0	
 0  1      0 97522056   7740  69284    0    0 14432     0 17927 18930  0  0 96  3  0	
 1  0      0 97522056   7740  69284    0    0 14720     8 18169 19192  0  0 96  3  0	
 0  1      0 97522056   7740  69284    0    0 14496     0 18538 19528  0  0 96  3  0	
 0  1      0 97522056   7748  69276    0    0 13904    24 17469 18445  0  0 96  3  0	
 0  1      0 97522056   7748  69276    0    0 14064     0 16909 17934  0  0 96  4  0	
 0  1      0 97522056   7748  69276    0    0 14272     0 17476 18480  0  0 96  3  0	
 1  0      0 97522056   7748  69284    0    0 14736     0 17486 18548  0  0 96  3  0	
 1  1      0 97522056   7748  69284    0    0 14304     0 17095 18097  0  0 96  4  0	
 0  1      0 97522056   7756  69276    0    0 13504    12 17186 18145  0  0 96  4  0	
 0  1      0 97522056   7756  69276    0    0 13680     0 16369 17355  0  0 96  4  0	
 0  1      0 97522056   7756  69284    0    0 13616     0 16599 17606  0  0 96  3  0	
 0  1      0 97522056   7756  69284    0    0 14144     0 17874 18867  0  0 96  3  0	
 0  1      0 97522056   7756  69284    0    0 14368     0 17615 18622  0  0 96  3  0	
 0  1      0 97522056   7756  69284    0    0 14176     0 16948 17948  0  0 96  4  0	
 1  1      0 97521936   7764  69280    0    0 13712    12 18033 19060  0  0 96  3  0	
procs -----------memory---------- ---swap-- -----io---- --system-- -----cpu-----
 r  b   swpd   free   buff  cache   si   so    bi    bo   in   cs us sy id wa st
 0  1      0 97521936   7764  69284    0    0 14208     0 17123 18135  0  0 96  4  0	
 0  1      0 97521936   7764  69284    0    0 13424     0 17062 18025  0  0 96  4  0	
 0  1      0 97521936   7764  69284    0    0 13904     0 17086 18026  0  0 96  4  0	
 0  1      0 97521936   7764  69284    0    0 13744     0 16450 17388  0  0 96  4  0	
 0  1      0 97521936   7772  69276    0    0 14016    12 16382 17346  0  0 96  4  0	
 0  1      0 97521936   7772  69276    0    0 14368     0 16852 17830  0  0 96  4  0	
 0  1      0 97521936   7772  69284    0    0 13712    28 16992 17937  0  0 96  4  0	
 0  1      0 97521936   7772  69284    0    0 14144     0 18022 19010  0  0 96  3  0	
 0  1      0 97521936   7772  69284    0    0 14224     0 17293 18279  0  0 96  4  0	
 1  1      0 97521936   7772  69284    0    0 13888     0 16839 17796  0  0 96  4  0	
 1  0      0 97521936   7780  69280    0    0 14128    24 17681 18684  0  0 96  3  0	
 0  1      0 97521936   7780  69284    0    0 14880     0 17650 18678  0  0 96  3  0	
 1  0      0 97521936   7780  69284    0    0 14784     0 18004 19059  0  0 96  3  0	
 1  0      0 97521936   7780  69292    0    0 14544     0 17507 18520  1  0 96  3  0	
 0  1      0 97521936   7780  69292    0    0 13840     0 17603 18600  0  0 96  3  0	
 1  0      0 97521936   7788  69292    0    0 13968    12 17943 18927  0  0 96  3  0	
 0  1      0 97521936   7788  69292    0    0 14208     0 16502 17490  0  0 96  4  0	
 0  1      0 97521936   7788  69292    0    0 14144     0 17149 18144  0  0 96  4  0	
 0  1      0 97521936   7788  69292    0    0 13776     0 17004 17952  0  0 96  4  0	
 0  1      0 97521936   7788  69292    0    0 14176     0 16585 17591  0  0 96  4  0	
 2  0      0 97521936   7788  69292    0    0 14096     0 16950 17951  0  0 96  4  0	
procs -----------memory---------- ---swap-- -----io---- --system-- -----cpu-----
 r  b   swpd   free   buff  cache   si   so    bi    bo   in   cs us sy id wa st
 0  1      0 97521936   7796  69292    0    0 14048    20 17557 18555  0  0 96  4  0	
 0  1      0 97521936   7796  69292    0    0 14080     0 17500 18484  0  0 96  3  0	
 0  1      0 97521936   7796  69292    0    0 13840     0 17054 18036  0  0 96  4  0	
 1  0      0 97521936   7796  69292    0    0 14592     0 18106 19137  0  0 96  3  0	
 2  0      0 97521936   7796  69292    0    0 14080     0 17135 18148  1  0 96  3  0	
 0  1      0 97521936   7804  69284    0    0 14592    28 18173 19199  1  0 96  3  0	
 1  0      0 97521936   7804  69284    0    0 14288     0 18075 19083  0  0 96  3  0	
 1  0      0 97521936   7804  69292    0    0 14224     0 18284 19306  0  0 96  3  0	
 2  0      0 97521936   7804  69292    0    0 14080     0 16806 17857  0  0 96  4  0	
 0  1      0 97521936   7804  69292    0    0 13920     0 17720 18703  0  0 96  3  0	
 2  0      0 97521936   7804  69292    0    0 14320     0 18076 19081  0  0 96  3  0	
 0  1      0 97521936   7812  69292    0    0 14432    12 17275 18299  0  0 96  4  0	
 1  0      0 97521936   7812  69292    0    0 13952     0 17871 18855  0  0 96  3  0	
 1  0      0 97521936   7812  69292    0    0 14016     0 17648 18652  0  0 96  3  0	
 0  1      0 97521936   7812  69292    0    0 14176     0 17913 18905  0  0 96  3  0	
 0  1      0 97521936   7812  69292    0    0 14368     0 17956 18973  0  0 96  3  0	
 1  0      0 97521936   7820  69292    0    0 13968    32 18291 19265  0  0 96  3  0	
 1  1      0 97521936   7820  69292    0    0 14528     0 17705 18718  0  0 96  3  0	
