procs -----------memory---------- ---swap-- -----io---- --system-- -----cpu-----
 r  b   swpd   free   buff  cache   si   so    bi    bo   in   cs us sy id wa st
 1  0      0 42619204  17604 116888    0    0   353  3257   29   44 12  2 81  5  0	
20  0      0 42591304  17604 116908    0    0     0     0 42087 254504 72 19  9  0  0	
19  0      0 42590808  17604 116908    0    0     0     8 4104 258404 79 21  0  0  0	
23  0      0 42590808  17604 116908    0    0    16     0 4125 258011 81 19  0  0  0	
17  0      0 42590684  17604 116908    0    0    48     0 4230 258654 81 19  0  0  0	
21  0      0 42590684  17604 116908    0    0     0     0 4126 257210 80 20  0  0  0	
19  0      0 42590684  17612 116908    0    0    16    24 4144 258819 80 20  0  0  0	
19  0      0 42590684  17612 116908    0    0    16     0 4131 258448 79 21  0  0  0	
17  0      0 42590684  17612 116908    0    0    32     0 4148 257984 80 20  0  0  0	
20  0      0 42590560  17612 116908    0    0    16     0 4128 258410 80 20  0  0  0	
16  0      0 42590560  17612 116908    0    0     0     0 4121 258263 81 19  0  0  0	
19  0      0 42590560  17620 116908    0    0     0    12 4118 258328 79 21  0  0  0	
20  0      0 42590560  17620 116908    0    0     0     0 4089 258341 79 21  0  0  0	
20  0      0 42590560  17620 116908    0    0    32     0 4157 258435 79 20  0  0  0	
21  0      0 42590436  17620 116908    0    0    16     0 4122 258765 79 21  0  0  0	
20  0      0 42590436  17620 116908    0    0    16     0 4138 256537 80 20  0  0  0	
18  0      0 42590436  17620 116908    0    0    16     0 4141 258382 81 19  0  0  0	
18  0      0 42590312  17628 116908    0    0     0    12 4111 258854 81 19  0  0  0	
19  0      0 42590312  17628 116908    0    0     0     0 4116 258675 79 21  0  0  0	
19  0      0 42590312  17628 116908    0    0     0     0 4102 258552 80 20  0  0  0	
20  0      0 42590312  17628 116908    0    0    32     0 4146 258616 79 21  0  0  0	
procs -----------memory---------- ---swap-- -----io---- --system-- -----cpu-----
 r  b   swpd   free   buff  cache   si   so    bi    bo   in   cs us sy id wa st
18  0      0 42590312  17628 116908    0    0     0     0 4109 258590 80 20  0  0  0	
19  0      0 42590312  17636 116908    0    0     0    12 4124 258466 79 21  0  0  0	
18  0      0 42590312  17636 116908    0    0     0     0 4110 258488 80 20  0  0  0	
18  0      0 42590312  17636 116908    0    0     0     0 4114 258060 79 21  0  0  0	
18  0      0 42590312  17636 116908    0    0     0     0 4111 256254 81 19  0  0  0	
20  0      0 42590312  17636 116908    0    0     0     0 4095 255962 80 20  0  0  0	
18  0      0 42590312  17636 116908    0    0     0     0 4093 258603 80 20  0  0  0	
21  0      0 42590312  17644 116908    0    0    16    64 4135 259112 81 19  0  0  0	
19  0      0 42590312  17644 116908    0    0    16     0 4133 258515 81 19  0  0  0	
16  0      0 42590312  17644 116908    0    0    32     0 4162 258649 81 19  0  0  0	
18  0      0 42590312  17644 116908    0    0     0     0 4111 258491 79 21  0  0  0	
17  0      0 42590312  17644 116912    0    0     0     0 4108 258336 81 19  0  0  0	
18  0      0 42590312  17652 116912    0    0     0    48 4109 257974 80 20  0  0  0	
20  0      0 42590188  17652 116912    0    0    32     0 4157 258431 80 20  0  0  0	
20  0      0 42590188  17652 116912    0    0     0     0 4109 256747 80 20  0  0  0	
19  0      0 42590188  17652 116912    0    0    16     0 4140 258639 80 20  0  0  0	
18  0      0 42590188  17652 116912    0    0    16     0 4132 258331 80 20  0  0  0	
18  0      0 42590188  17652 116912    0    0     0     0 4102 258542 81 19  0  0  0	
17  0      0 42590188  17660 116912    0    0     0    24 4115 258441 79 21  0  0  0	
20  0      0 42590188  17660 116912    0    0    16     0 4152 258508 80 20  0  0  0	
21  0      0 42590188  17660 116912    0    0    16     0 4135 258583 79 21  0  0  0	
procs -----------memory---------- ---swap-- -----io---- --system-- -----cpu-----
 r  b   swpd   free   buff  cache   si   so    bi    bo   in   cs us sy id wa st
22  0      0 42590188  17660 116912    0    0     0     0 4094 258574 79 21  0  0  0	
19  0      0 42590188  17660 116916    0    0     0     0 4131 258389 80 20  0  0  0	
19  0      0 42590188  17668 116916    0    0     0    20 4121 258321 79 21  0  0  0	
17  0      0 42590188  17668 116916    0    0     0     0 4136 256995 80 20  0  0  0	
20  0      0 42590188  17668 116916    0    0     0     0 4112 258492 80 21  0  0  0	
19  0      0 42590188  17668 116916    0    0     0     0 4104 258619 79 21  0  0  0	
19  0      0 42590188  17668 116916    0    0     0     0 4125 258569 80 20  0  0  0	
16  0      0 42590188  17668 116916    0    0    32     0 4129 257049 80 20  0  0  0	
18  0      0 42590188  17676 116916    0    0    16    20 4165 259472 78 22  0  0  0	
21  0      0 42590188  17676 116916    0    0     0     0 4106 258667 81 19  0  0  0	
17  0      0 42590188  17676 116916    0    0    16     0 4134 258943 80 20  0  0  0	
20  0      0 42590188  17676 116920    0    0    16     0 4115 258427 80 20  0  0  0	
18  0      0 42590188  17676 116920    0    0     0     0 4108 258534 80 20  0  0  0	
19  0      0 42590188  17684 116920    0    0    16    20 4169 257837 78 22  0  0  0	
18  0      0 42590188  17684 116920    0    0     0     0 4109 258484 80 20  0  0  0	
19  0      0 42590188  17684 116920    0    0    16     0 4137 258513 81 19  0  0  0	
16  0      0 42590188  17684 116920    0    0     0     0 4099 258824 79 21  0  0  0	
18  0      0 42590188  17684 116920    0    0    16     0 4133 258808 80 20  0  0  0	
22  0      0 42590188  17692 116920    0    0     0    20 4122 258843 80 20  0  0  0	
19  0      0 42590188  17692 116920    0    0     0     0 4112 258390 79 21  0  0  0	
19  0      0 42590188  17692 116924    0    0     0     0 4106 258684 81 19  0  0  0	
procs -----------memory---------- ---swap-- -----io---- --system-- -----cpu-----
 r  b   swpd   free   buff  cache   si   so    bi    bo   in   cs us sy id wa st
19  0      0 42590188  17692 116924    0    0     0     0 4098 258490 81 19  0  0  0	
23  0      0 42590188  17692 116924    0    0     0    32 4118 258971 79 21  0  0  0	
21  0      0 42590188  17692 116928    0    0     0     0 4124 256734 81 19  0  0  0	
20  0      0 42590188  17700 116928    0    0     0    28 4110 259040 80 20  0  0  0	
21  0      0 42590188  17700 116928    0    0     0     0 4094 259218 80 20  0  0  0	
19  0      0 42590188  17700 116928    0    0     0     0 4101 258530 80 20  0  0  0	
22  0      0 42590188  17700 116928    0    0    16     0 4139 258594 80 20  0  0  0	
22  0      0 42590188  17700 116928    0    0     0     0 4115 258818 80 20  0  0  0	
18  0      0 42589940  17708 116928    0    0    16    12 4142 258568 79 21  0  0  0	
21  0      0 42589940  17708 116928    0    0     0     0 4110 258860 81 19  0  0  0	
17  0      0 42589940  17708 116928    0    0     0     0 4105 258651 79 21  0  0  0	
18  0      0 42589940  17708 116928    0    0     0    16 4103 258936 79 21  0  0  0	
20  0      0 42589940  17708 116928    0    0     0     0 4141 254988 79 21  0  0  0	
18  0      0 42589940  17708 116928    0    0     0     0 4112 258766 80 20  0  0  0	
23  0      0 42589940  17716 116928    0    0     0    40 4109 259018 81 19  0  0  0	
19  0      0 42589940  17716 116928    0    0     0     0 4111 259002 81 20  0  0  0	
18  0      0 42589940  17716 116928    0    0     0     0 4110 258770 80 20  0  0  0	
22  0      0 42589940  17716 116928    0    0     0     0 4122 258742 79 21  0  0  0	
19  0      0 42589940  17716 116928    0    0     0     0 4110 258645 81 19  0  0  0	
22  0      0 42589940  17724 116928    0    0    16    16 4135 258708 81 19  0  0  0	
20  0      0 42589940  17724 116928    0    0     0     0 4113 258222 79 21  0  0  0	
procs -----------memory---------- ---swap-- -----io---- --system-- -----cpu-----
 r  b   swpd   free   buff  cache   si   so    bi    bo   in   cs us sy id wa st
17  0      0 42589940  17724 116928    0    0     0     0 4094 258585 80 20  0  0  0	
18  0      0 42589940  17724 116928    0    0    16     0 4136 257576 79 21  0  0  0	
24  0      0 42589940  17724 116932    0    0     0     0 4120 258754 79 21  0  0  0	
18  0      0 42589940  17724 116932    0    0     0     0 4098 258943 80 20  0  0  0	
18  0      0 42589940  17732 116932    0    0    16    12 4113 258452 80 20  0  0  0	
20  0      0 42589940  17732 116932    0    0     0     0 4109 258519 80 20  0  0  0	
20  0      0 42589940  17732 116932    0    0    16     0 4134 259077 80 20  0  0  0	
17  0      0 42589940  17732 116932    0    0    16     0 4129 258659 79 21  0  0  0	
18  0      0 42589816  17732 116932    0    0    16     0 4160 258617 80 20  0  0  0	
23  0      0 42589816  17740 116932    0    0    16    12 4118 257787 80 20  0  0  0	
18  0      0 42589816  17740 116932    0    0    16     0 4121 259089 80 20  0  0  0	
20  0      0 42589816  17740 116932    0    0     0     0 4126 256077 79 21  0  0  0	
18  0      0 42589816  17740 116932    0    0     0     0 4104 257459 81 19  0  0  0	
18  0      0 42589816  17740 116932    0    0     0     0 4104 258785 81 19  0  0  0	
21  0      0 42589816  17740 116932    0    0    16     0 4136 258607 81 19  0  0  0	
20  0      0 42589692  17748 116936    0    0     0    12 4122 258530 80 20  0  0  0	
21  0      0 42589692  17748 116936    0    0     0    48 4117 258822 79 21  0  0  0	
19  0      0 42589692  17748 116936    0    0     0     0 4102 258585 80 20  0  0  0	
17  0      0 42589692  17748 116936    0    0     0     0 4098 258410 80 20  0  0  0	
19  0      0 42589692  17748 116936    0    0     0     0 4108 256281 79 21  0  0  0	
18  0      0 42589692  17756 116936    0    0     0    20 4117 258321 80 20  0  0  0	
procs -----------memory---------- ---swap-- -----io---- --system-- -----cpu-----
 r  b   swpd   free   buff  cache   si   so    bi    bo   in   cs us sy id wa st
19  0      0 42589692  17756 116936    0    0     0     0 4128 257474 79 21  0  0  0	
19  0      0 42589692  17756 116936    0    0    16     0 4125 258536 79 21  0  0  0	
19  0      0 42589692  17756 116936    0    0     0     0 4100 258766 79 21  0  0  0	
17  0      0 42589692  17756 116936    0    0     0     0 4106 258481 79 21  0  0  0	
17  0      0 42589692  17756 116936    0    0     0     0 4102 258500 80 20  0  0  0	
18  0      0 42589692  17764 116936    0    0     0    16 4140 258575 80 20  0  0  0	
22  0      0 42589692  17764 116936    0    0     0     0 4107 258664 80 20  0  0  0	
17  0      0 42589692  17764 116936    0    0     0     0 4102 258215 79 21  0  0  0	
19  0      0 42589692  17764 116936    0    0    16     0 4134 258070 81 19  0  0  0	
19  0      0 42589692  17764 116936    0    0     0     0 4108 258405 80 20  0  0  0	
20  0      0 42589692  17772 116936    0    0     0    12 4130 256821 80 20  0  0  0	
19  0      0 42589692  17772 116936    0    0     0     0 4097 258599 79 21  0  0  0	
20  0      0 42589692  17772 116936    0    0     0     0 4106 258535 80 20  0  0  0	
17  0      0 42589692  17772 116936    0    0    16     0 4136 258599 81 19  0  0  0	
21  0      0 42589692  17772 116936    0    0     0     0 4111 259110 80 20  0  0  0	
17  0      0 42589692  17772 116936    0    0     0     0 4116 258485 79 21  0  0  0	
21  0      0 42589692  17780 116936    0    0     0    12 4112 258393 79 21  0  0  0	
18  0      0 42589692  17780 116936    0    0    16     0 4126 258147 79 21  0  0  0	
21  0      0 42589692  17780 116936    0    0    16     0 4131 258627 80 20  0  0  0	
20  0      0 42589692  17780 116936    0    0    16     0 4117 258146 80 20  0  0  0	
19  0      0 42589692  17780 116936    0    0     0     0 4123 256964 80 20  0  0  0	
procs -----------memory---------- ---swap-- -----io---- --system-- -----cpu-----
 r  b   swpd   free   buff  cache   si   so    bi    bo   in   cs us sy id wa st
17  0      0 42589692  17788 116936    0    0    16    12 4123 258781 80 20  0  0  0	
19  0      0 42589692  17788 116936    0    0     0     0 4108 258569 80 20  0  0  0	
19  0      0 42589692  17788 116936    0    0    16     0 4132 258545 79 21  0  0  0	
17  0      0 42589692  17788 116936    0    0    16     0 4112 258746 80 20  0  0  0	
19  0      0 42589568  17788 116940    0    0     0     0 4122 257985 78 22  0  0  0	
21  0      0 42589568  17788 116944    0    0     0     0 4100 257996 80 20  0  0  0	
18  0      0 42589568  17796 116944    0    0    16    12 4159 258957 78 22  0  0  0	
19  0      0 42589568  17796 116944    0    0     0     0 4105 258437 80 20  0  0  0	
19  0      0 42589568  17796 116944    0    0     0     0 4110 258981 79 21  0  0  0	
18  0      0 42589568  17796 116944    0    0     0    16 4117 255402 80 20  0  0  0	
17  0      0 42589568  17804 116936    0    0     0    20 4124 259102 80 20  0  0  0	
18  0      0 42589568  17804 116944    0    0     0     0 4107 258289 80 20  0  0  0	
21  0      0 42589568  17804 116944    0    0    16     0 4123 259070 80 20  0  0  0	
20  0      0 42589568  17804 116944    0    0     0     0 4102 259155 80 20  0  0  0	
20  0      0 42589568  17804 116944    0    0    16     0 4136 258908 79 21  0  0  0	
16  0      0 42589568  17804 116944    0    0     0     0 4106 258755 79 21  0  0  0	
17  0      0 42589568  17812 116944    0    0     0    12 4110 258808 79 21  0  0  0	
20  0      0 42589568  17812 116944    0    0     0     0 4101 258674 80 20  0  0  0	
17  0      0 42589568  17812 116944    0    0     0     0 4104 258329 80 20  0  0  0	
18  0      0 42589568  17812 116944    0    0     0     0 4122 256663 80 20  0  0  0	
18  0      0 42589568  17812 116944    0    0     0     0 4107 258944 79 21  0  0  0	
procs -----------memory---------- ---swap-- -----io---- --system-- -----cpu-----
 r  b   swpd   free   buff  cache   si   so    bi    bo   in   cs us sy id wa st
23  0      0 42589568  17820 116936    0    0     0    12 4102 258578 80 20  0  0  0	
18  0      0 42589568  17820 116944    0    0    16     0 4138 258146 80 20  0  0  0	
17  0      0 42589568  17820 116944    0    0    16     0 4126 258200 79 21  0  0  0	
20  0      0 42589568  17820 116944    0    0     0     0 4114 258456 80 20  0  0  0	
18  0      0 42589568  17820 116944    0    0     0     0 4101 258218 79 21  0  0  0	
18  0      0 42589568  17820 116944    0    0     0     0 4101 258400 80 20  0  0  0	
20  0      0 42589568  17828 116944    0    0     0    12 4105 258182 79 21  0  0  0	
22  0      0 42589568  17828 116944    0    0     0     0 4109 258874 80 20  0  0  0	
20  0      0 42589568  17828 116944    0    0     0     0 4108 256814 80 20  0  0  0	
19  0      0 42589568  17828 116944    0    0     0     0 4093 259142 80 20  0  0  0	
19  0      0 42589568  17828 116944    0    0    16     0 4146 258473 79 21  0  0  0	
21  0      0 42589568  17836 116936    0    0    32    12 4131 258641 81 19  0  0  0	
19  0      0 42589568  17836 116944    0    0    16     0 4120 258707 79 21  0  0  0	
20  0      0 42589444  17836 116944    0    0     0     0 4131 256819 80 20  0  0  0	
21  0      0 42589444  17836 116944    0    0     0     0 4095 258817 80 20  0  0  0	
19  0      0 42589444  17836 116944    0    0    16     0 4125 258849 80 20  0  0  0	
19  0      0 42589444  17836 116944    0    0     0     0 4103 258631 80 20  0  0  0	
20  0      0 42589444  17844 116948    0    0     0    12 4112 258951 80 20  0  0  0	
20  0      0 42589444  17844 116948    0    0     0     0 4111 257635 79 21  0  0  0	
24  0      0 42589444  17844 116948    0    0     0    12 4114 258703 81 19  0  0  0	
20  0      0 42589444  17844 116948    0    0     0     0 4110 258463 81 19  0  0  0	
procs -----------memory---------- ---swap-- -----io---- --system-- -----cpu-----
 r  b   swpd   free   buff  cache   si   so    bi    bo   in   cs us sy id wa st
21  0      0 42589444  17844 116948    0    0    16     0 4128 258805 81 19  0  0  0	
17  0      0 42589444  17852 116940    0    0     0    20 4108 258599 81 19  0  0  0	
16  0      0 42589320  17852 116948    0    0     0     0 4112 258499 80 20  0  0  0	
21  0      0 42589320  17852 116948    0    0     0     8 4101 258352 79 21  0  0  0	
19  0      0 42589320  17852 116948    0    0     0     0 4094 256945 81 19  0  0  0	
18  0      0 42589320  17852 116948    0    0     0     0 4098 257698 81 19  0  0  0	
20  0      0 42589320  17852 116952    0    0     0     0 4108 258513 80 20  0  0  0	
21  0      0 42589196  17860 116952    0    0     0    12 4120 257088 79 21  0  0  0	
21  0      0 42589196  17860 116952    0    0     0     0 4101 258547 80 20  0  0  0	
17  0      0 42589196  17860 116952    0    0     0     0 4096 258239 79 21  0  0  0	
17  0      0 42589196  17860 116952    0    0    16     0 4124 258876 79 21  0  0  0	
18  0      0 42589196  17860 116952    0    0     0     0 4105 258961 82 18  0  0  0	
19  0      0 42589196  17868 116944    0    0     0    12 4135 258806 80 20  0  0  0	
22  0      0 42589196  17868 116952    0    0    16     0 4119 258334 80 20  0  0  0	
18  0      0 42589196  17868 116952    0    0    16     0 4147 258640 80 20  0  0  0	
19  0      0 42589196  17868 116952    0    0     0     0 4095 257769 80 20  0  0  0	
17  0      0 42589196  17868 116952    0    0     0     0 4108 258134 80 20  0  0  0	
19  0      0 42589196  17868 116952    0    0    16     0 4150 257888 79 21  0  0  0	
18  0      0 42589196  17876 116952    0    0     0    12 4112 258128 79 21  0  0  0	
20  0      0 42589196  17876 116952    0    0     0     0 4099 257830 80 20  0  0  0	
18  0      0 42589196  17876 116952    0    0    16     0 4130 258226 81 19  0  0  0	
procs -----------memory---------- ---swap-- -----io---- --system-- -----cpu-----
 r  b   swpd   free   buff  cache   si   so    bi    bo   in   cs us sy id wa st
17  0      0 42589196  17876 116952    0    0     0     0 4104 258380 79 21  0  0  0	
22  0      0 42589196  17876 116952    0    0     0     0 4096 258475 79 21  0  0  0	
17  0      0 42589196  17884 116944    0    0     0    12 4113 258556 80 20  0  0  0	
16  0      0 42589196  17884 116952    0    0    16     0 4139 258733 79 21  0  0  0	
16  0      0 42589196  17884 116952    0    0     0     0 4109 256220 80 20  0  0  0	
21  0      0 42589196  17884 116952    0    0     0     0 4123 258457 80 20  0  0  0	
21  0      0 42589196  17884 116952    0    0     0     0 4101 257374 80 20  0  0  0	
16  0      0 42589196  17884 116952    0    0     0     0 4124 258577 80 20  0  0  0	
18  0      0 42589196  17892 116956    0    0     0    28 4106 258677 80 20  0  0  0	
19  0      0 42589196  17892 116956    0    0    16     0 4102 259225 80 20  0  0  0	
17  0      0 42589196  17892 116956    0    0     0     0 4107 258837 81 19  0  0  0	
20  0      0 42589196  17892 116956    0    0     0     0 4098 258538 80 20  0  0  0	
19  0      0 42589196  17892 116956    0    0    16     0 4138 259259 79 21  0  0  0	
17  0      0 42589196  17900 116948    0    0     0    24 4103 259015 80 20  0  0  0	
16  0      0 42589196  17900 116956    0    0     0     0 4102 258564 80 20  0  0  0	
20  0      0 42589196  17900 116956    0    0    16     0 4139 259027 81 19  0  0  0	
22  0      0 42589196  17900 116956    0    0     0     0 4107 257095 80 20  0  0  0	
19  0      0 42589196  17900 116956    0    0    16     0 4119 258348 80 20  0  0  0	
17  0      0 42589196  17900 116956    0    0     0    12 4099 258457 79 21  0  0  0	
19  0      0 42589196  17908 116956    0    0     0    12 4118 258527 80 20  0  0  0	
18  0      0 42589196  17908 116956    0    0     0     0 4119 257746 80 20  0  0  0	
procs -----------memory---------- ---swap-- -----io---- --system-- -----cpu-----
 r  b   swpd   free   buff  cache   si   so    bi    bo   in   cs us sy id wa st
20  0      0 42589196  17908 116956    0    0     0     0 4107 258467 80 20  0  0  0	
19  0      0 42589196  17908 116956    0    0     0     0 4111 257795 80 20  0  0  0	
19  0      0 42589196  17908 116956    0    0     0     0 4104 258329 79 21  0  0  0	
22  0      0 42589196  17916 116948    0    0     0    12 4101 258237 79 21  0  0  0	
19  0      0 42589196  17916 116956    0    0     0     0 4121 258441 80 20  0  0  0	
17  0      0 42589196  17916 116956    0    0     0     0 4099 254889 79 21  0  0  0	
20  0      0 42589196  17916 116956    0    0     0     0 4101 258750 79 21  0  0  0	
17  0      0 42589196  17916 116956    0    0     0     0 4111 257896 81 19  0  0  0	
18  0      0 42589196  17916 116960    0    0     0     0 4102 258439 80 20  0  0  0	
19  0      0 42589196  17924 116960    0    0     0    12 4125 258882 81 19  0  0  0	
18  0      0 42589196  17924 116960    0    0     0     0 4122 258406 80 21  0  0  0	
21  0      0 42589196  17924 116960    0    0     0     0 4103 258203 81 20  0  0  0	
21  0      0 42589196  17924 116960    0    0    16     0 4257 258501 80 20  0  0  0	
19  0      0 42589196  17924 116960    0    0     0     0 4113 258012 79 21  0  0  0	
18  0      0 42589196  17932 116952    0    0     0    12 4122 258217 78 22  0  0  0	
17  0      0 42589072  17932 116960    0    0     0     0 4123 256714 80 20  0  0  0	
18  0      0 42589072  17932 116960    0    0    16     0 4107 258586 79 21  0  0  0	
20  0      0 42589072  17932 116960    0    0     0    12 4113 258531 80 20  0  0  0	
19  0      0 42589072  17932 116960    0    0     0     0 4110 258476 79 21  0  0  0	
19  0      0 42589072  17932 116960    0    0     0     0 4102 258510 80 20  0  0  0	
18  0      0 42589072  17940 116964    0    0     0    20 4102 258793 80 21  0  0  0	
procs -----------memory---------- ---swap-- -----io---- --system-- -----cpu-----
 r  b   swpd   free   buff  cache   si   so    bi    bo   in   cs us sy id wa st
16  0      0 42589072  17940 116964    0    0     0     0 4100 258365 81 19  0  0  0	
20  0      0 42589072  17940 116964    0    0     0     0 4109 258740 80 20  0  0  0	
18  0      0 42589072  17940 116964    0    0     0     4 4104 257661 81 19  0  0  0	
18  0      0 42589072  17940 116964    0    0     0     0 4118 258390 79 21  0  0  0	
17  0      0 42589072  17948 116956    0    0     0    12 4107 256885 79 21  0  0  0	
20  0      0 42589072  17948 116964    0    0     0     0 4101 258487 79 21  0  0  0	
21  0      0 42589072  17948 116964    0    0     0     0 4109 258756 80 20  0  0  0	
18  0      0 42589072  17948 116964    0    0     0     8 4121 258243 79 21  0  0  0	
18  0      0 42589072  17948 116964    0    0    16     0 4124 258702 79 21  0  0  0	
19  0      0 42588948  17948 116964    0    0     0     0 4113 258657 81 19  0  0  0	
21  0      0 42588948  17956 116964    0    0     0    12 4116 258301 80 20  0  0  0	
19  0      0 42588948  17956 116964    0    0     0     0 4107 258681 81 19  0  0  0	
20  0      0 42588948  17956 116964    0    0     0     0 4099 256032 81 19  0  0  0	
21  0      0 42588948  17956 116964    0    0     0     0 4120 258959 80 20  0  0  0	
20  0      0 42588948  17956 116964    0    0     0     0 4097 255540 79 21  0  0  0	
20  0      0 42588948  17964 116956    0    0     0    12 4111 259100 80 20  0  0  0	
19  0      0 42588948  17964 116964    0    0    16     0 4120 258948 79 21  0  0  0	
18  0      0 42588824  17964 116964    0    0     0     0 4097 258908 80 20  0  0  0	
17  0      0 42588824  17964 116964    0    0     0     0 4119 258558 80 20  0  0  0	
18  0      0 42588824  17964 116964    0    0     0     0 4094 258738 79 21  0  0  0	
20  0      0 42588824  17964 116964    0    0     0     0 4102 258419 79 21  0  0  0	
procs -----------memory---------- ---swap-- -----io---- --system-- -----cpu-----
 r  b   swpd   free   buff  cache   si   so    bi    bo   in   cs us sy id wa st
16  0      0 42588824  17972 116964    0    0     0    12 4092 258956 79 21  0  0  0	
18  0      0 42588824  17972 116964    0    0     0     0 4092 258332 79 21  0  0  0	
17  0      0 42588824  17972 116964    0    0     0     0 4107 258633 80 20  0  0  0	
19  0      0 42588824  17972 116964    0    0     0     0 4101 256749 80 20  0  0  0	
19  0      0 42588824  17972 116964    0    0    32     0 4147 258590 79 21  0  0  0	
20  0      0 42588824  17980 116956    0    0     0    12 4112 258503 80 20  0  0  0	
20  0      0 42588824  17980 116964    0    0     0     4 4100 258390 80 20  0  0  0	
21  0      0 42588824  17980 116964    0    0     0     0 4123 258485 79 21  0  0  0	
20  0      0 42588824  17980 116964    0    0     0     0 4097 258539 80 20  0  0  0	
24  0      0 42588824  17980 116964    0    0     0     0 4090 258351 80 20  0  0  0	
23  0      0 42588824  17980 116972    0    0     0     0 4096 258781 79 21  0  0  0	
20  0      0 42588824  17988 116972    0    0     0    24 4106 257632 80 20  0  0  0	
22  0      0 42588824  17988 116972    0    0     0     0 4108 258141 81 19  0  0  0	
19  0      0 42588824  17988 116972    0    0     0     0 4098 257588 79 21  0  0  0	
20  0      0 42588824  17988 116972    0    0    16     0 4121 258182 79 21  0  0  0	
20  0      0 42588824  17988 116972    0    0     0     0 4095 258265 80 20  0  0  0	
22  0      0 42588824  17996 116964    0    0     0    20 4103 258564 81 19  0  0  0	
22  0      0 42588824  17996 116972    0    0     0     0 4125 258502 80 20  0  0  0	
20  0      0 42588824  17996 116972    0    0     0     0 4098 258414 81 19  0  0  0	
20  0      0 42588824  17996 116972    0    0     0     0 4087 258127 81 19  0  0  0	
20  0      0 42588824  17996 116972    0    0     0     0 4102 258262 80 20  0  0  0	
procs -----------memory---------- ---swap-- -----io---- --system-- -----cpu-----
 r  b   swpd   free   buff  cache   si   so    bi    bo   in   cs us sy id wa st
21  0      0 42588824  17996 116972    0    0     0     0 4106 257636 81 19  0  0  0	
23  0      0 42588824  18004 116972    0    0     0    24 4121 258460 80 20  0  0  0	
22  0      0 42588824  18004 116972    0    0     0     0 4098 254508 80 20  0  0  0	
20  0      0 42588824  18004 116972    0    0     0     0 4098 258169 79 21  0  0  0	
19  0      0 42588824  18004 116972    0    0     0     0 4098 258289 79 21  0  0  0	
20  0      0 42588824  18004 116972    0    0     0     0 4106 258395 80 20  0  0  0	
19  0      0 42588824  18012 116964    0    0     0    12 4116 258955 80 20  0  0  0	
22  0      0 42588824  18012 116972    0    0     0     0 4104 258931 80 20  0  0  0	
21  0      0 42588824  18012 116972    0    0     0     0 4105 258768 79 21  0  0  0	
21  0      0 42588824  18012 116972    0    0     0     0 4100 258330 79 21  0  0  0	
24  0      0 42588824  18012 116972    0    0     0     0 4100 258122 80 20  0  0  0	
21  0      0 42588824  18012 116972    0    0     0     0 4099 258465 79 21  0  0  0	
21  0      0 42588824  18020 116972    0    0     0    12 4107 257653 79 21  0  0  0	
22  0      0 42588824  18020 116972    0    0     0     0 4098 258584 81 19  0  0  0	
19  0      0 42588824  18020 116972    0    0     0     0 4107 258722 79 21  0  0  0	
21  0      0 42588824  18020 116972    0    0     0     0 4098 258440 79 21  0  0  0	
20  0      0 42588824  18024 116968    0    0     0     8 4109 258172 80 20  0  0  0	
19  0      0 42588824  18032 116964    0    0     0    28 4109 258551 79 21  0  0  0	
18  0      0 42588824  18032 116972    0    0     0     0 4098 258472 80 20  0  0  0	
22  0      0 42588824  18032 116972    0    0     0     0 4104 258659 80 20  0  0  0	
22  0      0 42588824  18032 116972    0    0     0     0 4108 258049 80 20  0  0  0	
procs -----------memory---------- ---swap-- -----io---- --system-- -----cpu-----
 r  b   swpd   free   buff  cache   si   so    bi    bo   in   cs us sy id wa st
19  0      0 42588824  18032 116972    0    0     0     4 4121 258537 78 22  0  0  0	
21  0      0 42588824  18032 116976    0    0     0     0 4228 254251 80 20  0  0  0	
19  0      0 42588576  18040 116976    0    0     0    20 4115 258218 79 21  0  0  0	
20  0      0 42588576  18040 116976    0    0    16     0 4119 258800 79 21  0  0  0	
20  0      0 42588452  18040 116976    0    0     0     0 4095 258491 80 20  0  0  0	
22  0      0 42588452  18040 116976    0    0     0     0 4108 258452 79 21  0  0  0	
21  0      0 42588452  18040 116976    0    0     0     0 4092 258456 79 21  0  0  0	
20  0      0 42588452  18048 116968    0    0     0    20 4101 258586 81 19  0  0  0	
26  0      0 42588452  18048 116976    0    0     0     0 4096 258022 80 20  0  0  0	
21  0      0 42588452  18048 116976    0    0    16     0 4130 258104 80 20  0  0  0	
22  0      0 42588452  18048 116976    0    0     0     0 4115 258659 79 21  0  0  0	
21  0      0 42588452  18048 116976    0    0     0     0 4112 257201 79 21  0  0  0	
24  0      0 42588452  18056 116972    0    0     0    12 4106 259011 80 20  0  0  0	
20  0      0 42588328  18056 116980    0    0     0     0 4099 256058 80 20  0  0  0	
23  0      0 42588328  18056 116980    0    0     0     0 4092 259055 80 20  0  0  0	
20  0      0 42588328  18056 116980    0    0     0     0 4111 258603 79 21  0  0  0	
22  0      0 42588328  18056 116980    0    0    16     0 4118 258716 80 20  0  0  0	
24  0      0 42588328  18056 116980    0    0     0     0 4094 258543 80 20  0  0  0	
23  0      0 42588328  18064 116980    0    0     0    12 4097 258419 79 21  0  0  0	
21  0      0 42588328  18064 116980    0    0     0     0 4112 258319 79 21  0  0  0	
24  0      0 42588328  18064 116980    0    0     0    24 4112 258541 80 20  0  0  0	
procs -----------memory---------- ---swap-- -----io---- --system-- -----cpu-----
 r  b   swpd   free   buff  cache   si   so    bi    bo   in   cs us sy id wa st
23  0      0 42588328  18064 116980    0    0    16     0 4123 257431 80 20  0  0  0	
21  0      0 42588328  18064 116980    0    0     0     0 4096 258620 81 19  0  0  0	
22  0      0 42588328  18072 116972    0    0     0    12 4113 258599 80 20  0  0  0	
22  0      0 42588328  18072 116980    0    0     0     0 4110 258314 80 20  0  0  0	
21  0      0 42588328  18072 116980    0    0    16     0 4143 258757 80 20  0  0  0	
23  0      0 42588328  18072 116980    0    0     0     8 4114 258510 79 21  0  0  0	
24  0      0 42588328  18072 116980    0    0     0     0 4093 258529 80 20  0  0  0	
22  0      0 42588328  18072 116980    0    0     0     0 4102 258285 80 20  0  0  0	
21  0      0 42588328  18080 116980    0    0     0    28 4106 258472 81 19  0  0  0	
21  0      0 42588328  18080 116980    0    0    16     0 4149 258346 80 20  0  0  0	
21  0      0 42588328  18084 116980    0    0     0     8 4108 253906 80 20  0  0  0	
20  0      0 42588328  18084 116980    0    0     0     0 4093 258336 80 20  0  0  0	
21  0      0 42588328  18084 116980    0    0     0     0 4102 258468 79 21  0  0  0	
20  0      0 42588328  18092 116976    0    0     0    28 4105 257953 79 21  0  0  0	
19  0      0 42588328  18092 116984    0    0     0     0 4122 258298 79 21  0  0  0	
25  0      0 42588328  18092 116984    0    0     0     8 4091 258480 80 20  0  0  0	
24  0      0 42588328  18092 116984    0    0     0     0 4097 258156 79 21  0  0  0	
23  0      0 42588328  18092 116984    0    0     0     0 4090 258446 80 20  0  0  0	
20  0      0 42588328  18092 116984    0    0     0     0 4112 258346 80 20  0  0  0	
24  0      0 42588328  18100 116984    0    0     0    12 4104 258652 79 21  0  0  0	
23  0      0 42588328  18100 116984    0    0     0     0 4102 256789 79 21  0  0  0	
procs -----------memory---------- ---swap-- -----io---- --system-- -----cpu-----
 r  b   swpd   free   buff  cache   si   so    bi    bo   in   cs us sy id wa st
21  0      0 42588328  18100 116984    0    0     0     0 4096 258547 79 21  0  0  0	
27  0      0 42588328  18100 116984    0    0    16     0 4118 258815 79 21  0  0  0	
23  0      0 42588328  18100 116984    0    0     0     0 4109 258325 80 20  0  0  0	
19  0      0 42588328  18108 116976    0    0     0    12 4100 258565 80 20  0  0  0	
24  0      0 42588328  18108 116984    0    0     0     0 4096 258589 80 20  0  0  0	
20  0      0 42588328  18108 116984    0    0     0     0 4089 258584 80 20  0  0  0	
23  0      0 42588328  18108 116984    0    0     0     0 4092 258565 79 21  0  0  0	
21  0      0 42588328  18108 116984    0    0     0     0 4101 258200 80 20  0  0  0	
21  0      0 42588328  18108 116984    0    0     0     0 4097 258367 80 20  0  0  0	
20  0      0 42588328  18116 116984    0    0     0    12 4111 257466 80 20  0  0  0	
23  0      0 42588328  18116 116984    0    0     0     0 4102 258370 80 20  0  0  0	
24  0      0 42588328  18116 116984    0    0     0     0 4098 258344 81 19  0  0  0	
21  0      0 42588328  18116 116984    0    0     0     0 4114 258516 81 19  0  0  0	
24  0      0 42588328  18116 116984    0    0    16     0 4128 258048 80 21  0  0  0	
22  0      0 42588204  18124 116980    0    0     0    40 4119 258271 79 21  0  0  0	
23  0      0 42588204  18124 116988    0    0     0     0 4093 258428 81 19  0  0  0	
25  0      0 42588204  18124 116988    0    0     0     0 4098 258396 81 19  0  0  0	
24  0      0 42588204  18124 116988    0    0     0     0 4105 258013 80 20  0  0  0	
23  0      0 42588204  18124 116988    0    0     0     0 4090 258454 80 20  0  0  0	
21  0      0 42588204  18124 116988    0    0     0    16 4093 254114 80 20  0  0  0	
19  0      0 42588204  18132 116988    0    0    16    28 4134 258783 81 20  0  0  0	
procs -----------memory---------- ---swap-- -----io---- --system-- -----cpu-----
 r  b   swpd   free   buff  cache   si   so    bi    bo   in   cs us sy id wa st
24  0      0 42588204  18132 116988    0    0     0     0 4101 258295 80 20  0  0  0	
21  0      0 42588204  18132 116988    0    0     0     0 4095 258299 78 22  0  0  0	
20  0      0 42588204  18132 116988    0    0     0     0 4092 258424 80 20  0  0  0	
23  0      0 42588204  18132 116988    0    0     0     0 4111 258567 79 21  0  0  0	
22  0      0 42588204  18140 116984    0    0     0    12 4116 258184 79 21  0  0  0	
22  0      0 42588204  18140 116992    0    0     0     0 4086 258415 79 21  0  0  0	
26  0      0 42588204  18140 116992    0    0     0     0 4118 258274 81 19  0  0  0	
24  0      0 42588204  18140 116992    0    0     0     0 4095 258334 79 21  0  0  0	
24  0      0 42588204  18140 116992    0    0     0     0 4089 256432 81 19  0  0  0	
22  0      0 42588204  18140 116992    0    0     0     0 4087 258460 79 21  0  0  0	
25  0      0 42588080  18148 116992    0    0     0    12 4112 258536 78 22  0  0  0	
21  0      0 42588080  18148 116992    0    0     0     0 4115 258379 79 21  0  0  0	
19  0      0 42588080  18148 116992    0    0     0     0 4103 258301 80 20  0  0  0	
24  0      0 42588080  18148 116992    0    0     0     0 4099 258653 80 20  0  0  0	
20  0      0 42588080  18148 116992    0    0     0     0 4096 258290 80 20  0  0  0	
21  0      0 42588080  18156 116984    0    0     0    12 4111 258300 81 19  0  0  0	
20  0      0 42588080  18156 116992    0    0     0     0 4118 258182 80 20  0  0  0	
22  0      0 42588080  18156 116992    0    0     0     0 4098 258422 79 21  0  0  0	
22  0      0 42588080  18156 116992    0    0     0     0 4089 257103 80 20  0  0  0	
20  0      0 42588080  18156 116992    0    0     0     0 4104 258338 80 20  0  0  0	
22  0      0 42588080  18156 116992    0    0     0     0 4110 255606 81 19  0  0  0	
procs -----------memory---------- ---swap-- -----io---- --system-- -----cpu-----
 r  b   swpd   free   buff  cache   si   so    bi    bo   in   cs us sy id wa st
21  0      0 42588080  18164 116992    0    0     0    12 4113 258555 79 21  0  0  0	
21  0      0 42588080  18164 116992    0    0     0     0 4090 258309 81 19  0  0  0	
22  0      0 42588080  18164 116992    0    0     0     0 4090 258426 80 20  0  0  0	
21  0      0 42588080  18164 116992    0    0     0    16 4101 258031 80 20  0  0  0	
23  0      0 42588080  18164 116992    0    0     0     0 4092 257906 80 20  0  0  0	
21  0      0 42588080  18172 116984    0    0     0    12 4110 256816 80 20  0  0  0	
21  0      0 42588080  18172 116992    0    0    16     0 4112 258475 79 21  0  0  0	
21  0      0 42587956  18172 116992    0    0     0     0 4096 255696 80 20  0  0  0	
23  0      0 42587956  18172 116992    0    0     0     4 4097 258953 79 21  0  0  0	
23  0      0 42587956  18172 116992    0    0     0     0 4107 258777 80 20  0  0  0	
21  0      0 42587956  18172 116992    0    0     0     0 4109 258702 78 22  0  0  0	
23  0      0 42587956  18180 116992    0    0     0    12 4117 258272 80 20  0  0  0	
20  0      0 42587956  18180 116992    0    0     0     0 4090 258186 80 20  0  0  0	
22  0      0 42587956  18180 116992    0    0     0     8 4089 258196 79 21  0  0  0	
22  0      0 42587956  18180 116992    0    0     0     0 4115 258160 79 21  0  0  0	
20  0      0 42587956  18180 117000    0    0     0     0 4100 257812 81 19  0  0  0	
22  0      0 42587956  18188 116992    0    0    16    24 4132 258592 80 21  0  0  0	
22  0      0 42587956  18188 117000    0    0     0     0 4110 256890 81 19  0  0  0	
22  0      0 42587956  18188 117000    0    0     0     0 4093 258807 79 21  0  0  0	
24  0      0 42587956  18188 117000    0    0     0     0 4107 258187 79 21  0  0  0	
22  0      0 42587956  18188 117000    0    0    16     0 4119 258456 80 20  0  0  0	
procs -----------memory---------- ---swap-- -----io---- --system-- -----cpu-----
 r  b   swpd   free   buff  cache   si   so    bi    bo   in   cs us sy id wa st
22  0      0 42587956  18188 117000    0    0     0     0 4091 258752 80 20  0  0  0	
23  0      0 42587956  18196 117000    0    0     0    12 4106 258595 79 21  0  0  0	
21  0      0 42587956  18196 117000    0    0     0     0 4095 258348 80 20  0  0  0	
21  0      0 42587956  18196 117000    0    0     0     0 4112 257844 80 20  0  0  0	
19  0      0 42587956  18196 117000    0    0     0     0 4101 257225 80 20  0  0  0	
23  0      0 42587956  18196 117000    0    0     0     0 4101 258072 80 20  0  0  0	
23  0      0 42587956  18204 116992    0    0     0    12 4114 254110 81 19  0  0  0	
21  0      0 42587956  18204 117000    0    0     0     0 4103 257904 81 19  0  0  0	
24  0      0 42587956  18204 117000    0    0     0     0 4114 258003 80 20  0  0  0	
22  0      0 42587956  18204 117000    0    0     0     0 4110 258113 79 21  0  0  0	
23  0      0 42587956  18204 117000    0    0     0     0 4093 258647 80 20  0  0  0	
25  0      0 42587956  18204 117000    0    0     0     0 4102 258438 80 20  0  0  0	
24  0      0 42587956  18212 117000    0    0     0    12 4107 258349 80 20  0  0  0	
24  0      0 42587956  18212 117000    0    0     0     0 4106 258315 78 22  0  0  0	
25  0      0 42587956  18212 117000    0    0     0     0 4088 258018 79 21  0  0  0	
23  0      0 42587956  18212 117000    0    0     0     0 4105 258329 79 21  0  0  0	
21  0      0 42587956  18212 117000    0    0     0     0 4095 256944 80 20  0  0  0	
23  0      0 42587956  18220 116992    0    0     0    12 4102 258413 79 21  0  0  0	
23  0      0 42587956  18220 117000    0    0     0    20 4135 258541 80 20  0  0  0	
23  0      0 42587956  18220 117000    0    0     0     0 4115 258465 80 20  0  0  0	
22  0      0 42587956  18220 117000    0    0     0     0 4112 258479 80 20  0  0  0	
procs -----------memory---------- ---swap-- -----io---- --system-- -----cpu-----
 r  b   swpd   free   buff  cache   si   so    bi    bo   in   cs us sy id wa st
20  0      0 42587956  18220 117000    0    0     0     0 4100 258609 80 20  0  0  0	
21  0      0 42587956  18220 117000    0    0     0     0 4097 257683 80 20  0  0  0	
22  0      0 42587956  18228 117000    0    0     0    32 4125 258241 80 20  0  0  0	
24  0      0 42587956  18228 117000    0    0     0     0 4098 258156 79 21  0  0  0	
22  0      0 42587956  18228 117000    0    0     0     0 4101 258247 79 21  0  0  0	
21  0      0 42587956  18228 117000    0    0     0     0 4113 256527 79 21  0  0  0	
23  0      0 42587956  18228 117004    0    0     0     0 4116 258337 80 20  0  0  0	
21  0      0 42587956  18236 116996    0    0     0    24 4122 258335 80 20  0  0  0	
23  0      0 42587956  18236 117004    0    0     0     0 4101 258413 81 19  0  0  0	
21  0      0 42587956  18236 117004    0    0     0     0 4100 258344 79 21  0  0  0	
26  0      0 42587956  18236 117004    0    0     0     0 4092 258287 78 22  0  0  0	
21  0      0 42587956  18236 117004    0    0     0     0 4095 258137 80 20  0  0  0	
21  0      0 42587956  18236 117004    0    0     0     0 4116 258247 80 20  0  0  0	
25  0      0 42587956  18244 117004    0    0     0    12 4111 258023 80 20  0  0  0	
22  0      0 42587956  18244 117004    0    0     0     0 4098 258303 79 21  0  0  0	
22  0      0 42587956  18244 117004    0    0     0     0 4097 256134 80 20  0  0  0	
21  0      0 42587956  18244 117004    0    0     0     0 4114 258780 80 20  0  0  0	
22  0      0 42587956  18244 117008    0    0     0     0 4105 259077 81 19  0  0  0	
23  0      0 42587956  18252 117000    0    0     0    16 4100 258471 79 21  0  0  0	
20  0      0 42587956  18252 117008    0    0     0     0 4093 258782 79 21  0  0  0	
21  0      0 42587956  18252 117008    0    0    16     0 4121 258686 82 18  0  0  0	
procs -----------memory---------- ---swap-- -----io---- --system-- -----cpu-----
 r  b   swpd   free   buff  cache   si   so    bi    bo   in   cs us sy id wa st
22  0      0 42587956  18252 117008    0    0     0     0 4112 257936 80 20  0  0  0	
23  0      0 42587956  18252 117008    0    0     0     0 4087 258241 77 23  0  0  0	
23  0      0 42587956  18252 117008    0    0     0     0 4098 257766 79 21  0  0  0	
21  0      0 42587956  18260 117008    0    0     0    12 4098 258549 80 21  0  0  0	
21  0      0 42587956  18260 117008    0    0     0     0 4105 253957 80 20  0  0  0	
20  0      0 42587956  18260 117008    0    0     0     0 4109 258598 79 21  0  0  0	
23  0      0 42587956  18260 117008    0    0     0     0 4108 258521 81 19  0  0  0	
21  0      0 42587956  18260 117008    0    0     0     0 4098 258436 80 20  0  0  0	
23  0      0 42587956  18268 117000    0    0     0    12 4106 258544 79 21  0  0  0	
22  0      0 42587956  18268 117008    0    0     0     0 4095 258644 80 20  0  0  0	
24  0      0 42587956  18268 117008    0    0     0     0 4118 258226 79 21  0  0  0	
23  0      0 42587956  18268 117008    0    0     0     0 4109 258585 80 20  0  0  0	
20  0      0 42587956  18268 117008    0    0     0    24 4109 258265 80 20  0  0  0	
21  0      0 42587956  18268 117008    0    0     0     0 4109 258366 80 20  0  0  0	
21  0      0 42587832  18276 117008    0    0     0    28 4103 256622 80 20  0  0  0	
19  0      0 42587832  18276 117008    0    0     0     0 4112 258367 80 20  0  0  0	
25  0      0 42587832  18276 117008    0    0     0     0 4101 258426 80 20  0  0  0	
23  0      0 42587832  18276 117008    0    0     0     0 4107 258557 79 21  0  0  0	
24  0      0 42587832  18276 117012    0    0     0     0 4114 258547 79 21  0  0  0	
23  0      0 42587832  18284 117004    0    0     0    12 4102 258786 80 20  0  0  0	
24  0      0 42587832  18284 117012    0    0     0     0 4107 258782 80 20  0  0  0	
procs -----------memory---------- ---swap-- -----io---- --system-- -----cpu-----
 r  b   swpd   free   buff  cache   si   so    bi    bo   in   cs us sy id wa st
22  0      0 42587832  18284 117012    0    0     0     0 4111 258771 80 20  0  0  0	
23  0      0 42587832  18284 117012    0    0     0     0 4094 259118 80 20  0  0  0	
23  0      0 42587832  18284 117012    0    0     0     0 4114 258694 80 20  0  0  0	
24  0      0 42587832  18284 117012    0    0     0     0 4099 256478 80 20  0  0  0	
21  0      0 42587832  18292 117012    0    0     0    12 4120 258712 79 21  0  0  0	
21  0      0 42587832  18292 117012    0    0     0     0 4094 258574 79 21  0  0  0	
25  0      0 42587832  18292 117012    0    0     0     4 4100 258545 80 20  0  0  0	
22  0      0 42587832  18292 117012    0    0     0     0 4105 258650 79 21  0  0  0	
21  0      0 42587832  18292 117012    0    0    16     0 4186 258648 80 20  0  0  0	
27  0      0 42587832  18300 117004    0    0     0    12 4120 259025 79 21  0  0  0	
23  0      0 42587832  18300 117012    0    0     0     0 4101 258874 79 21  0  0  0	
19  0      0 42587832  18300 117012    0    0     0     0 4106 258448 80 20  0  0  0	
19  0      0 42587832  18300 117012    0    0     0     0 4089 258844 80 20  0  0  0	
21  0      0 42587832  18300 117012    0    0     0     0 4103 255609 80 20  0  0  0	
22  0      0 42587832  18300 117012    0    0     0     0 4119 258493 79 21  0  0  0	
22  0      0 42587832  18308 117012    0    0     0    12 4100 258624 81 19  0  0  0	
20  0      0 42587832  18308 117012    0    0     0     0 4090 258971 81 19  0  0  0	
22  0      0 42587832  18308 117012    0    0     0     0 4093 258525 81 19  0  0  0	
21  0      0 42587832  18308 117012    0    0     0     0 4109 258363 80 20  0  0  0	
23  0      0 42587832  18308 117016    0    0     0     0 4104 257970 81 19  0  0  0	
20  0      0 42587832  18316 117008    0    0     0    12 4101 258506 79 21  0  0  0	
procs -----------memory---------- ---swap-- -----io---- --system-- -----cpu-----
 r  b   swpd   free   buff  cache   si   so    bi    bo   in   cs us sy id wa st
21  0      0 42587832  18316 117016    0    0     0     8 4099 257990 80 20  0  0  0	
23  0      0 42587832  18316 117016    0    0     0     0 4105 258240 80 20  0  0  0	
22  0      0 42587832  18316 117016    0    0     0     0 4124 258092 79 21  0  0  0	
25  0      0 42587832  18316 117016    0    0    16     0 4119 258974 80 20  0  0  0	
25  0      0 42587832  18316 117016    0    0     0     0 4093 258628 79 21  0  0  0	
21  0      0 42587832  18324 117016    0    0     0    36 4108 258621 80 20  0  0  0	
22  0      0 42587832  18324 117016    0    0     0     0 4116 258722 80 20  0  0  0	
22  0      0 42587832  18324 117016    0    0     0     0 4111 258454 81 19  0  0  0	
25  0      0 42587832  18324 117016    0    0     0     0 4098 258564 80 20  0  0  0	
22  0      0 42587832  18324 117020    0    0     0     0 4103 258983 80 20  0  0  0	
24  0      0 42587832  18332 117012    0    0     0    24 4103 258173 80 20  0  0  0	
23  0      0 42587832  18332 117020    0    0     0     0 4092 258795 80 20  0  0  0	
25  0      0 42587832  18332 117020    0    0     0     0 4122 256762 78 22  0  0  0	
22  0      0 42587832  18332 117020    0    0     0     0 4107 258537 80 20  0  0  0	
20  0      0 42587832  18332 117020    0    0    16     0 4119 258670 79 21  0  0  0	
20  0      0 42587832  18332 117020    0    0     0     0 4084 258518 81 19  0  0  0	
24  0      0 42587832  18340 117020    0    0     0    12 4110 258739 79 21  0  0  0	
22  0      0 42587832  18340 117020    0    0     0     0 4110 258761 79 21  0  0  0	
20  0      0 42587832  18340 117020    0    0     0     0 4106 258957 80 20  0  0  0	
24  0      0 42587832  18340 117020    0    0     0     0 4095 258709 80 21  0  0  0	
22  0      0 42587832  18340 117020    0    0     0     0 4099 258808 80 20  0  0  0	
procs -----------memory---------- ---swap-- -----io---- --system-- -----cpu-----
 r  b   swpd   free   buff  cache   si   so    bi    bo   in   cs us sy id wa st
24  0      0 42587832  18348 117012    0    0     0    12 4102 259199 80 20  0  0  0	
21  0      0 42587832  18348 117020    0    0     0     0 4118 255647 79 21  0  0  0	
23  0      0 42587832  18348 117020    0    0     0     0 4102 258586 80 20  0  0  0	
22  0      0 42587832  18348 117020    0    0     0     0 4102 258918 81 19  0  0  0	
23  0      0 42587832  18348 117020    0    0     0     0 4099 259110 80 20  0  0  0	
21  0      0 42587832  18348 117020    0    0     0     0 4111 258060 80 20  0  0  0	
21  0      0 42587832  18356 117020    0    0     0    12 4111 258999 79 21  0  0  0	
23  0      0 42587832  18356 117020    0    0     0     0 4106 258107 81 19  0  0  0	
23  0      0 42587832  18356 117020    0    0     0     0 4098 258690 80 20  0  0  0	
20  0      0 42587832  18356 117020    0    0     0     0 4096 258678 80 20  0  0  0	
23  0      0 42587832  18356 117020    0    0     0     0 4105 258781 79 21  0  0  0	
20  0      0 42587832  18364 117012    0    0     0    12 4103 257663 80 20  0  0  0	
26  0      0 42587832  18364 117020    0    0     0     0 4108 259193 79 21  0  0  0	
24  0      0 42587832  18364 117020    0    0     0     0 4110 255267 79 21  0  0  0	
21  0      0 42587832  18364 117020    0    0     0     0 4100 259023 80 20  0  0  0	
26  0      0 42587832  18364 117020    0    0     0    12 4107 258743 79 21  0  0  0	
24  0      0 42587832  18364 117020    0    0     0     0 4108 258755 80 20  0  0  0	
24  0      0 42587832  18372 117020    0    0     0    24 4103 258646 80 20  0  0  0	
23  0      0 42587832  18372 117020    0    0     0     0 4094 258593 80 20  0  0  0	
22  0      0 42587832  18372 117020    0    0     0     0 4100 258496 80 20  0  0  0	
21  0      0 42587832  18372 117020    0    0     0    16 4110 258960 80 20  0  0  0	
procs -----------memory---------- ---swap-- -----io---- --system-- -----cpu-----
 r  b   swpd   free   buff  cache   si   so    bi    bo   in   cs us sy id wa st
24  0      0 42587832  18372 117028    0    0     0     0 4101 257449 79 21  0  0  0	
21  0      0 42587832  18380 117020    0    0     0    12 4106 258912 80 20  0  0  0	
20  0      0 42587832  18380 117028    0    0     0     0 4112 258853 79 21  0  0  0	
23  0      0 42587832  18380 117028    0    0     0     0 4090 258726 78 22  0  0  0	
24  0      0 42587832  18380 117028    0    0     0     0 4115 259022 79 21  0  0  0	
22  0      0 42587832  18380 117028    0    0     0     0 4101 258861 80 20  0  0  0	
21  0      0 42587832  18380 117028    0    0     0     0 4104 258910 80 20  0  0  0	
22  0      0 42587832  18388 117028    0    0     0    12 4107 258741 81 19  0  0  0	
24  0      0 42587832  18388 117028    0    0     0     0 4110 257316 78 22  0  0  0	
23  0      0 42587832  18388 117028    0    0     0     0 4107 259308 79 21  0  0  0	
23  0      0 42587832  18388 117028    0    0     0     0 4089 257557 79 21  0  0  0	
23  0      0 42587832  18388 117028    0    0     0     0 4103 258933 80 20  0  0  0	
24  0      0 42587832  18396 117020    0    0     0    12 4100 259169 79 21  0  0  0	
22  0      0 42587708  18396 117028    0    0     0     0 4101 258953 80 20  0  0  0	
22  0      0 42587708  18396 117028    0    0     0     0 4119 258881 79 21  0  0  0	
23  0      0 42587708  18396 117028    0    0     0     0 4101 258711 78 22  0  0  0	
22  0      0 42587708  18396 117028    0    0     0     0 4104 259009 80 20  0  0  0	
22  0      0 42587708  18396 117028    0    0     0     0 4087 258592 80 20  0  0  0	
25  0      0 42587708  18404 117028    0    0     0    12 4109 258632 81 19  0  0  0	
22  0      0 42587708  18404 117028    0    0     0     0 4107 258823 80 20  0  0  0	
24  0      0 42587708  18404 117028    0    0     0     0 4109 256536 80 20  0  0  0	
procs -----------memory---------- ---swap-- -----io---- --system-- -----cpu-----
 r  b   swpd   free   buff  cache   si   so    bi    bo   in   cs us sy id wa st
21  0      0 42587708  18404 117028    0    0     0     0 4105 258787 81 20  0  0  0	
23  0      0 42587708  18404 117028    0    0     0     0 4095 258888 80 20  0  0  0	
24  0      0 42587708  18412 117020    0    0     0    12 4118 258672 80 20  0  0  0	
22  0      0 42587708  18412 117028    0    0     0     0 4118 259079 80 20  0  0  0	
23  0      0 42587708  18412 117028    0    0     0    16 4097 258792 80 20  0  0  0	
26  0      0 42587708  18412 117028    0    0     0     0 4112 258788 80 21  0  0  0	
25  0      0 42587708  18412 117028    0    0     0     0 4106 259011 79 21  0  0  0	
25  0      0 42587708  18412 117028    0    0     0     0 4106 257839 80 20  0  0  0	
24  0      0 42587708  18420 117028    0    0     0    32 4137 258496 80 20  0  0  0	
23  0      0 42587708  18420 117028    0    0     0     0 4113 257611 81 20  0  0  0	
23  0      0 42587708  18420 117028    0    0     0     0 4101 258576 80 20  0  0  0	
26  0      0 42587584  18420 117032    0    0     0     0 4107 258797 81 19  0  0  0	
24  0      0 42587584  18420 117032    0    0     0     0 4085 258515 80 20  0  0  0	
26  0      0 42587584  18428 117024    0    0     0    16 4117 258741 80 20  0  0  0	
20  0      0 42587584  18428 117032    0    0     0    24 4110 258814 80 20  0  0  0	
24  0      0 42587584  18428 117032    0    0     0     0 4104 259185 80 20  0  0  0	
23  0      0 42587584  18428 117032    0    0     0     0 4099 259134 80 20  0  0  0	
26  0      0 42587584  18428 117032    0    0     0     0 4088 256605 82 18  0  0  0	
23  0      0 42587584  18428 117032    0    0     0     0 4115 258604 80 20  0  0  0	
22  0      0 42587584  18436 117032    0    0     0    12 4103 257901 80 20  0  0  0	
23  0      0 42587584  18436 117032    0    0     0     0 4104 258725 79 21  0  0  0	
procs -----------memory---------- ---swap-- -----io---- --system-- -----cpu-----
 r  b   swpd   free   buff  cache   si   so    bi    bo   in   cs us sy id wa st
23  0      0 42587584  18436 117032    0    0     0     0 4083 258725 80 20  0  0  0	
24  0      0 42587584  18436 117036    0    0     0     0 4120 258873 79 21  0  0  0	
23  0      0 42587584  18436 117036    0    0     0     0 4099 258678 79 21  0  0  0	
22  0      0 42587584  18444 117028    0    0     0    12 4089 258684 80 20  0  0  0	
24  0      0 42587584  18444 117036    0    0     0     0 4117 258163 81 19  0  0  0	
21  0      0 42587584  18444 117036    0    0     0     0 4109 258655 78 22  0  0  0	
21  0      0 42587584  18444 117036    0    0     0     0 4104 258461 79 21  0  0  0	
22  0      0 42587584  18444 117036    0    0     0     0 4100 258821 80 20  0  0  0	
24  0      0 42587584  18444 117036    0    0     0     0 4099 255758 80 20  0  0  0	
24  0      0 42587584  18452 117036    0    0     0    12 4098 258861 82 18  0  0  0	
24  0      0 42587584  18452 117036    0    0     0     0 4104 258781 79 22  0  0  0	
22  0      0 42587584  18452 117036    0    0     0     0 4108 258395 80 20  0  0  0	
24  0      0 42587584  18452 117036    0    0     0     0 4098 258813 80 20  0  0  0	
22  0      0 42587584  18452 117036    0    0     0     8 4097 258566 80 20  0  0  0	
20  0      0 42587584  18460 117036    0    0     0    28 4102 258818 80 21  0  0  0	
24  0      0 42587584  18460 117036    0    0     0     0 4094 258645 80 20  0  0  0	
23  0      0 42587584  18460 117036    0    0     0     0 4104 258485 80 20  0  0  0	
26  0      0 42587584  18460 117036    0    0     0     0 4108 258347 79 21  0  0  0	
23  0      0 42587584  18460 117036    0    0     0     0 4108 257868 80 20  0  0  0	
23  0      0 42587584  18460 117036    0    0     0     8 4099 258776 80 20  0  0  0	
27  0      0 42587584  18468 117036    0    0     0    24 4113 258520 80 20  0  0  0	
procs -----------memory---------- ---swap-- -----io---- --system-- -----cpu-----
 r  b   swpd   free   buff  cache   si   so    bi    bo   in   cs us sy id wa st
24  0      0 42587584  18468 117036    0    0     0     0 4116 258580 79 21  0  0  0	
24  0      0 42587584  18468 117036    0    0     0     0 4100 254487 80 20  0  0  0	
23  0      0 42587584  18468 117040    0    0     0     0 4098 258643 81 19  0  0  0	
25  0      0 42587584  18468 117040    0    0     0     4 4093 258299 80 20  0  0  0	
22  0      0 42587584  18476 117036    0    0     0    12 4104 258573 79 21  0  0  0	
23  0      0 42587584  18476 117040    0    0     0     0 4117 258296 80 20  0  0  0	
24  0      0 42587584  18476 117040    0    0     0     0 4115 258561 80 20  0  0  0	
21  0      0 42588028  18476 117040    0    0     0     0 4190 257016 79 21  0  0  0	
22  0      0 42587832  18476 117040    0    0     0    20 4102 259085 79 21  0  0  0	
22  0      0 42587832  18476 117040    0    0     0     0 4100 258640 79 21  0  0  0	
24  0      0 42587832  18484 117040    0    0     0    20 4134 259444 80 20  0  0  0	
23  0      0 42587832  18484 117040    0    0     0     0 4089 259131 78 22  0  0  0	
26  0      0 42587832  18484 117040    0    0     0     0 4096 258735 80 20  0  0  0	
26  0      0 42587832  18484 117040    0    0     0     0 4099 258387 81 19  0  0  0	
25  0      0 42587832  18484 117040    0    0     0     0 4093 258561 80 20  0  0  0	
22  0      0 42587832  18492 117032    0    0     0    12 4130 258379 80 20  0  0  0	
22  0      0 42587832  18492 117040    0    0     0     0 4101 258570 80 20  0  0  0	
22  0      0 42587832  18492 117040    0    0     0     0 4103 256372 80 20  0  0  0	
25  0      0 42587832  18492 117040    0    0     0     0 4089 258858 79 21  0  0  0	
23  0      0 42587832  18492 117040    0    0     0     0 4095 258761 80 20  0  0  0	
20  0      0 42587832  18492 117040    0    0     0     0 4127 258705 80 20  0  0  0	
procs -----------memory---------- ---swap-- -----io---- --system-- -----cpu-----
 r  b   swpd   free   buff  cache   si   so    bi    bo   in   cs us sy id wa st
24  0      0 42587708  18500 117040    0    0     0    12 4099 258866 80 20  0  0  0	
25  0      0 42587708  18500 117040    0    0     0     0 4100 258812 80 20  0  0  0	
23  0      0 42587708  18500 117044    0    0     0    12 4101 258596 80 20  0  0  0	
26  0      0 42587708  18500 117044    0    0     0     0 4116 258597 80 20  0  0  0	
23  0      0 42587708  18500 117044    0    0     0     0 4093 258882 80 20  0  0  0	
23  0      0 42587708  18508 117036    0    0     0    24 4107 258644 79 21  0  0  0	
24  0      0 42587708  18508 117044    0    0     0     0 4100 255530 78 22  0  0  0	
27  0      0 42587708  18508 117044    0    0     0     0 4102 258653 80 20  0  0  0	
21  0      0 42587708  18508 117044    0    0     0     0 4112 258734 81 19  0  0  0	
21  0      0 42587708  18508 117044    0    0     0     0 4101 258695 79 21  0  0  0	
22  0      0 42587708  18508 117044    0    0     0     0 4098 258647 80 20  0  0  0	
22  0      0 42587708  18516 117044    0    0     0    12 4121 258989 79 21  0  0  0	
21  0      0 42587708  18516 117044    0    0     0     8 4109 258646 80 20  0  0  0	
23  0      0 42587708  18516 117048    0    0     0     0 4110 258682 80 20  0  0  0	
22  0      0 42587708  18516 117048    0    0     0     0 4100 258679 79 21  0  0  0	
24  0      0 42587708  18516 117048    0    0     0     0 4090 258709 81 19  0  0  0	
23  0      0 42587708  18524 117048    0    0     0    24 4108 257903 79 21  0  0  0	
22  0      0 42587708  18524 117048    0    0     0     0 4090 258737 80 20  0  0  0	
24  0      0 42587708  18524 117048    0    0     0     4 4113 258908 80 20  0  0  0	
23  0      0 42587708  18524 117048    0    0     0     0 4108 259093 79 21  0  0  0	
23  0      0 42587708  18524 117048    0    0     0     0 4082 258715 80 20  0  0  0	
procs -----------memory---------- ---swap-- -----io---- --system-- -----cpu-----
 r  b   swpd   free   buff  cache   si   so    bi    bo   in   cs us sy id wa st
22  0      0 42587708  18524 117048    0    0     0     0 4102 258863 81 19  0  0  0	
21  0      0 42587708  18532 117048    0    0     0    12 4123 258755 79 21  0  0  0	
21  0      0 42587708  18532 117048    0    0     0    28 4133 259077 80 20  0  0  0	
26  0      0 42587708  18532 117048    0    0     0     0 4101 258453 80 20  0  0  0	
21  0      0 42587708  18532 117048    0    0     0     0 4102 258572 79 21  0  0  0	
22  0      0 42587708  18532 117048    0    0     0     0 4091 256603 81 19  0  0  0	
26  0      0 42587584  18540 117048    0    0     0    12 4114 258629 80 20  0  0  0	
25  0      0 42587584  18540 117048    0    0     0     0 4116 258709 80 20  0  0  0	
20  0      0 42587584  18540 117048    0    0     0     0 4095 258526 80 20  0  0  0	
24  0      0 42587584  18540 117048    0    0     0     0 4116 258705 80 20  0  0  0	
25  0      0 42587584  18540 117048    0    0     0     0 4082 258604 81 19  0  0  0	
22  0      0 42587584  18540 117048    0    0     0     0 4098 258713 79 21  0  0  0	
23  0      0 42587584  18548 117040    0    0     0    12 4108 258582 80 20  0  0  0	
25  0      0 42587584  18548 117048    0    0     0     0 4096 258288 80 20  0  0  0	
22  0      0 42587584  18548 117048    0    0     0     0 4100 258309 81 19  0  0  0	
21  0      0 42587584  18548 117048    0    0     0     0 4095 256215 81 19  0  0  0	
25  0      0 42587584  18548 117048    0    0     0     0 4105 258796 81 19  0  0  0	
21  0      0 42587584  18556 117048    0    0     0    32 4112 258885 80 20  0  0  0	
24  0      0 42587584  18556 117048    0    0     0     0 4097 258203 80 20  0  0  0	
22  0      0 42587584  18556 117048    0    0     0     0 4105 258603 80 20  0  0  0	
24  0      0 42587584  18556 117048    0    0     0     0 4107 258601 79 21  0  0  0	
procs -----------memory---------- ---swap-- -----io---- --system-- -----cpu-----
 r  b   swpd   free   buff  cache   si   so    bi    bo   in   cs us sy id wa st
25  0      0 42587584  18556 117048    0    0     0     0 4118 258716 80 20  0  0  0	
24  0      0 42587584  18556 117048    0    0     0     4 4107 258406 80 20  0  0  0	
25  0      0 42587584  18564 117044    0    0     0    12 4104 258600 79 21  0  0  0	
26  0      0 42587584  18564 117048    0    0     0     0 4102 258534 80 20  0  0  0	
22  0      0 42587584  18564 117056    0    0     0     0 4093 254077 80 20  0  0  0	
23  0      0 42587584  18564 117056    0    0     0     0 4114 258595 81 19  0  0  0	
23  0      0 42587584  18564 117056    0    0     0     0 4093 259221 80 20  0  0  0	
23  0      0 42587584  18572 117056    0    0     0    12 4108 258643 80 20  0  0  0	
21  0      0 42587584  18572 117056    0    0     0     0 4090 258609 81 20  0  0  0	
28  0      0 42587584  18572 117056    0    0     0     0 4110 258806 80 20  0  0  0	
23  0      0 42587584  18572 117056    0    0     0     0 4122 258354 80 20  0  0  0	
24  0      0 42587584  18572 117056    0    0     0     0 4093 258727 80 20  0  0  0	
21  0      0 42587584  18572 117056    0    0     0     0 4099 258650 80 21  0  0  0	
21  0      0 42587584  18580 117056    0    0     0    12 4101 258279 79 21  0  0  0	
23  0      0 42587584  18580 117056    0    0     0     0 4098 256406 80 20  0  0  0	
21  0      0 42587584  18580 117056    0    0     0     0 4134 258651 81 19  0  0  0	
23  0      0 42587584  18580 117056    0    0     0    12 4097 259104 80 20  0  0  0	
22  0      0 42587584  18580 117056    0    0     0     0 4110 258807 80 20  0  0  0	
23  0      0 42587584  18588 117056    0    0     0    12 4104 259323 81 19  0  0  0	
22  0      0 42587584  18588 117056    0    0     0     0 4114 259123 79 21  0  0  0	
24  0      0 42587584  18588 117056    0    0     0     0 4091 258871 79 21  0  0  0	
procs -----------memory---------- ---swap-- -----io---- --system-- -----cpu-----
 r  b   swpd   free   buff  cache   si   so    bi    bo   in   cs us sy id wa st
22  0      0 42587584  18588 117056    0    0     0     0 4097 258684 79 21  0  0  0	
23  0      0 42587584  18588 117056    0    0     0     0 4096 258776 80 20  0  0  0	
24  0      0 42587584  18588 117056    0    0     0     0 4118 258412 79 21  0  0  0	
24  0      0 42587584  18596 117056    0    0     0    12 4116 257582 80 20  0  0  0	
24  0      0 42587584  18596 117056    0    0     0     0 4097 258313 80 20  0  0  0	
23  0      0 42587584  18596 117056    0    0     0     0 4101 259038 80 20  0  0  0	
23  0      0 42587584  18596 117056    0    0     0     8 4105 259000 80 20  0  0  0	
24  0      0 42587584  18596 117056    0    0     0     0 4093 258844 80 20  0  0  0	
24  0      0 42587584  18604 117056    0    0     0    24 4119 258487 79 21  0  0  0	
24  0      0 42587584  18604 117056    0    0     0     0 4100 258870 80 20  0  0  0	
22  0      0 42587584  18604 117056    0    0     0     0 4106 258633 80 20  0  0  0	
24  0      0 42587584  18604 117056    0    0     0     8 4111 258881 81 19  0  0  0	
23  0      0 42587584  18604 117056    0    0     0     0 4107 258163 79 21  0  0  0	
22  0      0 42587584  18604 117056    0    0     0     0 4117 257428 80 20  0  0  0	
21  0      0 42587584  18612 117056    0    0     0    24 4099 259105 79 21  0  0  0	
24  0      0 42587584  18612 117060    0    0     0     0 4094 258708 79 21  0  0  0	
20  0      0 42587584  18612 117060    0    0     0     0 4105 258818 80 20  0  0  0	
24  0      0 42587584  18612 117060    0    0     0     0 4088 258641 79 21  0  0  0	
24  0      0 42587584  18612 117060    0    0     0     0 4112 258853 81 19  0  0  0	
22  0      0 42587584  18620 117060    0    0     0    16 4109 258570 80 20  0  0  0	
24  0      0 42587584  18620 117060    0    0     0     0 4104 258401 81 19  0  0  0	
procs -----------memory---------- ---swap-- -----io---- --system-- -----cpu-----
 r  b   swpd   free   buff  cache   si   so    bi    bo   in   cs us sy id wa st
23  0      0 42587584  18620 117060    0    0     0     0 4103 258846 80 20  0  0  0	
23  0      0 42587584  18620 117060    0    0     0     0 4092 258514 78 22  0  0  0	
24  0      0 42587584  18620 117060    0    0     0     0 4114 256463 80 20  0  0  0	
26  0      0 42587584  18620 117060    0    0     0     0 4107 259126 80 20  0  0  0	
25  0      0 42587584  18628 117060    0    0     0    12 4103 258533 79 21  0  0  0	
21  0      0 42587584  18628 117060    0    0     0     0 4102 258711 81 19  0  0  0	
20  0      0 42587584  18628 117064    0    0     0     0 4114 258730 80 20  0  0  0	
24  0      0 42587584  18628 117064    0    0     0     0 4100 258625 80 20  0  0  0	
24  0      0 42587584  18628 117064    0    0     0     0 4096 258741 80 20  0  0  0	
23  0      0 42587584  18636 117064    0    0     0    12 4103 258877 80 20  0  0  0	
20  0      0 42587584  18636 117064    0    0     0    24 4110 258835 80 20  0  0  0	
22  0      0 42587584  18636 117064    0    0     0     0 4107 257878 81 19  0  0  0	
23  0      0 42587584  18636 117064    0    0     0     0 4096 257326 79 21  0  0  0	
26  0      0 42587584  18636 117064    0    0     0     0 4094 259132 81 19  0  0  0	
23  0      0 42587584  18636 117064    0    0     0     0 4096 258816 79 21  0  0  0	
23  0      0 42587584  18644 117064    0    0     0    20 4122 258673 78 22  0  0  0	
22  0      0 42587584  18644 117064    0    0     0     0 4117 259260 80 20  0  0  0	
21  0      0 42587584  18644 117064    0    0     0     0 4090 258697 80 20  0  0  0	
22  0      0 42587584  18644 117064    0    0     0     0 4100 258276 81 19  0  0  0	
24  0      0 42587584  18644 117064    0    0     0     0 4091 258320 80 20  0  0  0	
23  0      0 42587584  18652 117064    0    0     0    32 4101 257723 80 20  0  0  0	
procs -----------memory---------- ---swap-- -----io---- --system-- -----cpu-----
 r  b   swpd   free   buff  cache   si   so    bi    bo   in   cs us sy id wa st
23  0      0 42587584  18652 117064    0    0     0     0 4114 257845 80 20  0  0  0	
23  0      0 42587584  18652 117064    0    0     0     0 4101 255155 81 19  0  0  0	
26  0      0 42587584  18652 117064    0    0     0     0 4093 258268 80 20  0  0  0	
22  0      0 42587584  18652 117064    0    0     0     0 4096 258581 80 20  0  0  0	
22  0      0 42587584  18652 117064    0    0     0     0 4101 258641 80 20  0  0  0	
24  0      0 42587584  18660 117064    0    0     0    24 4119 258768 80 20  0  0  0	
22  0      0 42587584  18660 117068    0    0     0     0 4099 258623 79 21  0  0  0	
20  0      0 42587584  18660 117068    0    0     0     0 4094 258361 80 20  0  0  0	
22  0      0 42587584  18660 117068    0    0     0     0 4094 258187 80 20  0  0  0	
21  0      0 42587584  18660 117068    0    0     0     0 4100 258269 78 22  0  0  0	
21  0      0 42587584  18668 117068    0    0     0    16 4125 257188 79 21  0  0  0	
25  0      0 42587584  18668 117068    0    0     0     0 4096 256169 81 19  0  0  0	
22  0      0 42587584  18668 117068    0    0     0     0 4096 257768 78 22  0  0  0	
23  0      0 42587584  18668 117068    0    0     0     0 4100 258419 80 20  0  0  0	
20  0      0 42587584  18668 117068    0    0     0     0 4107 258645 80 20  0  0  0	
23  0      0 42587584  18668 117068    0    0     0     0 4110 258570 79 21  0  0  0	
23  0      0 42587584  18676 117068    0    0     0    12 4099 258981 79 21  0  0  0	
22  0      0 42587584  18676 117068    0    0     0     0 4095 258387 79 21  0  0  0	
23  0      0 42587584  18676 117068    0    0     0     0 4098 258595 81 19  0  0  0	
21  0      0 42587584  18676 117068    0    0     0     0 4103 258522 79 21  0  0  0	
24  0      0 42587584  18676 117068    0    0     0     0 4113 257785 80 20  0  0  0	
procs -----------memory---------- ---swap-- -----io---- --system-- -----cpu-----
 r  b   swpd   free   buff  cache   si   so    bi    bo   in   cs us sy id wa st
22  0      0 42587584  18684 117068    0    0     0    12 4109 256448 79 21  0  0  0	
21  0      0 42587584  18684 117068    0    0     0     0 4097 258242 80 20  0  0  0	
21  0      0 42587584  18684 117068    0    0     0     0 4098 258379 80 20  0  0  0	
24  0      0 42587584  18684 117068    0    0     0     0 4083 258660 80 20  0  0  0	
24  0      0 42587584  18684 117068    0    0     0    24 4118 258519 80 20  0  0  0	
22  0      0 42583120  18684 117068    0    0     0     0 4200 257815 79 21  0  0  0	
21  0      0 42583492  18692 117068    0    0     0    32 4103 259254 80 20  0  0  0	
23  0      0 42583492  18692 117072    0    0     0     0 4102 258981 80 20  0  0  0	
21  0      0 42583492  18692 117072    0    0     0     0 4115 258596 81 19  0  0  0	
21  0      0 42583492  18692 117072    0    0     0     8 4105 257690 79 21  0  0  0	
22  0      0 42583492  18692 117072    0    0     0     0 4099 256280 79 21  0  0  0	
23  0      0 42583492  18700 117072    0    0     0    24 4110 258405 80 21  0  0  0	
22  0      0 42583492  18700 117072    0    0     0     0 4093 258364 79 21  0  0  0	
22  0      0 42583492  18700 117072    0    0     0     0 4111 258541 79 21  0  0  0	
22  0      0 42583492  18700 117072    0    0     0     0 4090 258514 79 21  0  0  0	
21  0      0 42583492  18700 117072    0    0     0     0 4104 258625 81 19  0  0  0	
22  0      0 42583492  18700 117072    0    0     0     0 4105 258693 81 20  0  0  0	
26  0      0 42583492  18708 117072    0    0     0    12 4117 258373 79 21  0  0  0	
22  0      0 42583492  18708 117076    0    0     0     0 4113 258530 80 20  0  0  0	
25  0      0 42583492  18708 117076    0    0     0     0 4087 257578 80 20  0  0  0	
21  0      0 42583492  18708 117076    0    0     0     0 4102 257477 79 21  0  0  0	
procs -----------memory---------- ---swap-- -----io---- --system-- -----cpu-----
 r  b   swpd   free   buff  cache   si   so    bi    bo   in   cs us sy id wa st
23  0      0 42583492  18708 117076    0    0     0     0 4102 258378 79 21  0  0  0	
21  0      0 42583492  18716 117076    0    0     0    12 4106 258303 80 20  0  0  0	
25  0      0 42583492  18716 117076    0    0     0     0 4107 258367 81 19  0  0  0	
23  0      0 42583492  18716 117076    0    0     0     0 4101 258488 80 20  0  0  0	
25  0      0 42583492  18716 117076    0    0     0     0 4091 258957 79 21  0  0  0	
22  0      0 42583492  18716 117076    0    0     0     0 4093 258896 80 20  0  0  0	
22  0      0 42583492  18716 117076    0    0     0     0 4110 257974 79 20  0  0  0	
25  0      0 42583492  18724 117076    0    0     0    12 4112 258221 80 20  0  0  0	
25  0      0 42583492  18724 117076    0    0     0     0 4096 257812 80 20  0  0  0	
21  0      0 42583492  18724 117076    0    0     0     0 4088 256929 80 20  0  0  0	
26  0      0 42583492  18724 117076    0    0     0     0 4110 259051 79 21  0  0  0	
20  0      0 42583492  18724 117076    0    0     0     0 4099 259086 79 21  0  0  0	
27  0      0 42583492  18732 117076    0    0     0    12 4134 258777 79 21  0  0  0	
21  0      0 42583492  18732 117076    0    0     0     0 4092 258539 80 20  0  0  0	
26  0      0 42583492  18732 117076    0    0     0     0 4085 258587 80 20  0  0  0	
24  0      0 42583492  18732 117076    0    0     0     0 4098 258522 80 20  0  0  0	
22  0      0 42583492  18732 117076    0    0     0     0 4102 257678 79 21  0  0  0	
22  0      0 42583492  18732 117076    0    0     0     0 4120 258416 80 20  0  0  0	
21  0      0 42583492  18740 117076    0    0     0    12 4105 257786 80 20  0  0  0	
22  0      0 42583492  18740 117076    0    0     0    32 4113 257008 78 22  0  0  0	
22  0      0 42583492  18740 117076    0    0     0     0 4095 258435 81 19  0  0  0	
procs -----------memory---------- ---swap-- -----io---- --system-- -----cpu-----
 r  b   swpd   free   buff  cache   si   so    bi    bo   in   cs us sy id wa st
21  0      0 42583492  18740 117076    0    0     0     0 4114 258299 80 20  0  0  0	
22  0      0 42583492  18740 117076    0    0     0     0 4105 258428 81 19  0  0  0	
23  0      0 42583492  18748 117076    0    0     0    24 4105 258444 81 19  0  0  0	
24  0      0 42583492  18748 117076    0    0     0     0 4103 258597 81 19  0  0  0	
22  0      0 42583492  18748 117076    0    0     0     0 4097 258356 79 21  0  0  0	
22  0      0 42583492  18748 117076    0    0     0     0 4112 258050 81 19  0  0  0	
22  0      0 42583492  18748 117076    0    0     0     0 4097 258564 79 21  0  0  0	
25  0      0 42583492  18748 117076    0    0     0     0 4091 257557 80 20  0  0  0	
23  0      0 42583492  18756 117076    0    0     0    12 4100 255542 81 19  0  0  0	
21  0      0 42583492  18756 117084    0    0     0     0 4095 258589 80 20  0  0  0	
21  0      0 42583492  18756 117084    0    0     0     0 4114 258409 80 20  0  0  0	
21  0      0 42583492  18756 117084    0    0     0     0 4107 258142 80 20  0  0  0	
20  0      0 42583492  18756 117084    0    0     0     0 4093 258457 81 19  0  0  0	
25  0      0 42583492  18764 117084    0    0     0    12 4106 258713 80 20  0  0  0	
22  0      0 42583492  18764 117084    0    0     0     0 4100 258534 81 19  0  0  0	
21  0      0 42583492  18764 117084    0    0     0     0 4104 257706 79 21  0  0  0	
26  0      0 42583492  18764 117084    0    0     0     0 4095 257860 80 20  0  0  0	
21  0      0 42583492  18764 117084    0    0     0     0 4091 257581 81 19  0  0  0	
26  0      0 42583492  18764 117084    0    0     0     0 4095 258133 79 21  0  0  0	
27  0      0 42583492  18772 117084    0    0     0    12 4119 258527 80 20  0  0  0	
22  0      0 42583492  18772 117084    0    0     0     0 4114 258498 80 20  0  0  0	
procs -----------memory---------- ---swap-- -----io---- --system-- -----cpu-----
 r  b   swpd   free   buff  cache   si   so    bi    bo   in   cs us sy id wa st
27  0      0 42583492  18772 117084    0    0     0     0 4089 258353 79 21  0  0  0	
26  0      0 42583492  18772 117084    0    0     0     0 4088 258348 79 21  0  0  0	
23  0      0 42583492  18772 117084    0    0     0     0 4102 258571 81 19  0  0  0	
22  0      0 42583492  18780 117084    0    0     0    12 4103 258275 80 20  0  0  0	
25  0      0 42583492  18780 117084    0    0     0     0 4102 258157 80 20  0  0  0	
23  0      0 42583492  18780 117084    0    0     0     0 4089 258580 80 20  0  0  0	
22  0      0 42583492  18780 117084    0    0     0     0 4095 257607 80 20  0  0  0	
22  0      0 42583492  18780 117084    0    0     0     0 4093 257126 81 19  0  0  0	
24  0      0 42583492  18780 117084    0    0     0    16 4106 259216 80 21  0  0  0	
25  0      0 42583492  18788 117084    0    0     0    28 4120 258736 79 21  0  0  0	
23  0      0 42583492  18788 117084    0    0     0     0 4107 257804 79 21  0  0  0	
24  0      0 42583492  18788 117084    0    0     0     0 4096 258541 80 20  0  0  0	
22  0      0 42583492  18788 117084    0    0     0     0 4088 257962 80 20  0  0  0	
24  0      0 42583492  18788 117084    0    0     0    16 4099 258310 80 20  0  0  0	
22  0      0 42583492  18796 117084    0    0     0    12 4128 258425 80 20  0  0  0	
25  0      0 42583492  18796 117084    0    0     0     0 4090 258341 80 20  0  0  0	
21  0      0 42583492  18796 117084    0    0     0     0 4086 257242 80 20  0  0  0	
25  0      0 42583492  18796 117084    0    0     0     0 4102 258182 80 20  0  0  0	
24  0      0 42583492  18796 117084    0    0     0     0 4117 257009 80 20  0  0  0	
23  0      0 42583492  18796 117084    0    0     0     0 4101 257539 79 21  0  0  0	
23  0      0 42583492  18804 117088    0    0     0    12 4101 258286 80 20  0  0  0	
procs -----------memory---------- ---swap-- -----io---- --system-- -----cpu-----
 r  b   swpd   free   buff  cache   si   so    bi    bo   in   cs us sy id wa st
24  0      0 42583492  18804 117088    0    0     0     0 4085 258403 79 21  0  0  0	
24  0      0 42583492  18804 117088    0    0     0     0 4107 258211 80 20  0  0  0	
24  0      0 42583492  18804 117088    0    0     0     0 4107 258217 80 20  0  0  0	
23  0      0 42583492  18804 117088    0    0     0     0 4089 258110 80 20  0  0  0	
25  0      0 42583492  18812 117088    0    0     0    16 4108 258234 80 21  0  0  0	
22  0      0 42583492  18812 117088    0    0     0     0 4091 257630 80 20  0  0  0	
23  0      0 42583492  18812 117088    0    0     0     0 4090 255614 81 19  0  0  0	
22  0      0 42583492  18812 117088    0    0     0     0 4109 258389 79 21  0  0  0	
22  0      0 42583492  18812 117088    0    0     0     0 4095 258509 80 20  0  0  0	
24  0      0 42583492  18812 117088    0    0     0     0 4087 258503 80 20  0  0  0	
26  0      0 42583492  18820 117088    0    0     0    12 4102 258435 80 20  0  0  0	
22  0      0 42583492  18820 117092    0    0     0     0 4104 258597 80 20  0  0  0	
23  0      0 42583492  18820 117092    0    0     0     0 4114 258490 80 20  0  0  0	
25  0      0 42583492  18820 117092    0    0     0     0 4095 257975 79 21  0  0  0	
21  0      0 42583492  18820 117092    0    0    16     0 4179 258711 81 19  0  0  0	
23  0      0 42583492  18828 117092    0    0     0    12 4098 257592 79 21  0  0  0	
21  0      0 42583492  18828 117092    0    0     0     0 4083 258270 81 19  0  0  0	
26  0      0 42583492  18828 117092    0    0     0     8 4124 258345 79 21  0  0  0	
21  0      0 42583492  18828 117092    0    0     0     0 4102 258423 80 20  0  0  0	
22  0      0 42583492  18828 117092    0    0     0     0 4103 258263 81 19  0  0  0	
28  0      0 42583492  18828 117092    0    0     0     0 4106 258487 80 20  0  0  0	
procs -----------memory---------- ---swap-- -----io---- --system-- -----cpu-----
 r  b   swpd   free   buff  cache   si   so    bi    bo   in   cs us sy id wa st
24  0      0 42583492  18836 117092    0    0     0    24 4103 258331 80 20  0  0  0	
26  0      0 42583492  18836 117092    0    0     0     8 4110 258698 80 20  0  0  0	
23  0      0 42583492  18836 117092    0    0     0     0 4117 257912 80 20  0  0  0	
26  0      0 42583492  18836 117092    0    0     0     0 4096 258535 80 20  0  0  0	
22  0      0 42583492  18836 117092    0    0     0     0 4095 257422 80 20  0  0  0	
21  0      0 42583492  18844 117092    0    0     0    24 4121 257708 80 20  0  0  0	
22  0      0 42583492  18844 117092    0    0     0    20 4103 258635 80 20  0  0  0	
23  0      0 42583492  18844 117092    0    0     0     0 4091 258538 80 20  0  0  0	
21  0      0 42583492  18844 117092    0    0     0     0 4098 258947 80 20  0  0  0	
25  0      0 42583492  18844 117092    0    0     0     0 4101 258505 80 20  0  0  0	
24  0      0 42583492  18844 117092    0    0     0     0 4110 258655 79 21  0  0  0	
23  0      0 42583492  18852 117096    0    0     0    12 4099 258531 80 20  0  0  0	
21  0      0 42583492  18852 117096    0    0     0     4 4091 258201 81 19  0  0  0	
23  0      0 42583492  18852 117096    0    0     0     0 4092 258287 80 20  0  0  0	
22  0      0 42583492  18852 117096    0    0     0     0 4099 257442 79 21  0  0  0	
20  0      0 42583492  18852 117096    0    0     0     0 4105 254470 80 20  0  0  0	
23  0      0 42583492  18860 117096    0    0     0    12 4103 258947 79 21  0  0  0	
25  0      0 42583492  18860 117096    0    0     0     0 4100 258613 79 21  0  0  0	
26  0      0 42583492  18860 117096    0    0     0     0 4093 258697 80 20  0  0  0	
24  0      0 42583492  18860 117096    0    0     0     0 4095 258919 79 21  0  0  0	
24  0      0 42583492  18860 117096    0    0     0     0 4111 258354 80 20  0  0  0	
procs -----------memory---------- ---swap-- -----io---- --system-- -----cpu-----
 r  b   swpd   free   buff  cache   si   so    bi    bo   in   cs us sy id wa st
24  0      0 42583492  18860 117096    0    0     0     0 4093 258513 79 21  0  0  0	
23  0      0 42583492  18868 117096    0    0     0    12 4097 258065 80 20  0  0  0	
23  0      0 42583492  18868 117096    0    0     0     0 4102 258323 80 20  0  0  0	
22  0      0 42583492  18868 117096    0    0     0     0 4089 257449 80 20  0  0  0	
24  0      0 42583492  18868 117096    0    0     0     0 4104 258395 79 21  0  0  0	
23  0      0 42583492  18868 117096    0    0     0     0 4119 258465 80 20  0  0  0	
24  0      0 42583492  18876 117096    0    0     0    20 4109 258645 80 20  0  0  0	
23  0      0 42583492  18876 117096    0    0     0     0 4114 258207 80 20  0  0  0	
26  0      0 42583492  18876 117096    0    0     0     0 4088 258923 79 21  0  0  0	
23  0      0 42583492  18876 117096    0    0     0     0 4100 258189 79 21  0  0  0	
23  0      0 42583492  18876 117096    0    0     0     0 4093 257961 80 20  0  0  0	
24  0      0 42583492  18884 117096    0    0     0    28 4104 258131 79 21  0  0  0	
24  0      0 42583492  18884 117096    0    0     0     0 4086 258707 80 20  0  0  0	
23  0      0 42583492  18884 117100    0    0     0     0 4103 257303 79 21  0  0  0	
21  0      0 42583492  18884 117100    0    0     0     0 4105 257116 80 20  0  0  0	
22  0      0 42583492  18884 117100    0    0     0     0 4094 258820 80 20  0  0  0	
23  0      0 42583492  18884 117100    0    0     0     0 4088 258723 80 20  0  0  0	
23  0      0 42583492  18892 117100    0    0     0    12 4105 258698 79 21  0  0  0	
24  0      0 42583492  18892 117100    0    0     0     0 4096 258825 79 21  0  0  0	
26  0      0 42583492  18892 117100    0    0     0     0 4114 258899 80 20  0  0  0	
23  0      0 42583492  18892 117100    0    0     0     0 4101 258633 80 20  0  0  0	
procs -----------memory---------- ---swap-- -----io---- --system-- -----cpu-----
 r  b   swpd   free   buff  cache   si   so    bi    bo   in   cs us sy id wa st
22  0      0 42583492  18892 117100    0    0     0    12 4093 258711 79 21  0  0  0	
21  0      0 42583492  18900 117100    0    0     0    12 4094 258541 81 19  0  0  0	
23  0      0 42583492  18900 117104    0    0     0     0 4111 256798 79 21  0  0  0	
24  0      0 42583492  18900 117104    0    0     0     0 4100 257823 80 20  0  0  0	
22  0      0 42583492  18900 117104    0    0     0     0 4097 258519 79 21  0  0  0	
20  0      0 42583492  18900 117104    0    0     0     0 4095 258065 81 19  0  0  0	
24  0      0 42583492  18900 117104    0    0     0     0 4092 257478 80 20  0  0  0	
23  0      0 42583492  18908 117104    0    0     0    12 4122 258657 78 22  0  0  0	
26  0      0 42583492  18908 117104    0    0     0     0 4105 258423 80 20  0  0  0	
22  0      0 42583492  18908 117104    0    0     0     0 4094 258314 80 20  0  0  0	
21  0      0 42583492  18908 117104    0    0     0     0 4109 258318 79 21  0  0  0	
23  0      0 42583492  18908 117104    0    0     0     0 4104 258517 79 21  0  0  0	
24  0      0 42583492  18916 117104    0    0     0    12 4113 256985 80 20  0  0  0	
23  0      0 42583244  18916 117112    0    0     0     0 4257 256726 80 20  0  0  0	
24  0      0 42583244  18916 117112    0    0     0     0 4102 258053 79 21  0  0  0	
23  0      0 42583244  18916 117112    0    0     0     0 4099 257785 81 19  0  0  0	
21  0      0 42583244  18916 117112    0    0     0     0 4091 258021 80 20  0  0  0	
25  0      0 42583244  18916 117112    0    0     0     0 4101 258578 80 20  0  0  0	
