procs -----------memory---------- ---swap-- -----io---- --system-- -----cpu-----
 r  b   swpd   free   buff  cache   si   so    bi    bo   in   cs us sy id wa st
 1  0      0 69363712  13848  78396    0    0  2567     2    8  185 37 12 46  4  1	
130 29      0 69063680  13848  78396    0    0 27520     0 222610 282324 26 11 61  0  2	
129 82      0 69055616  13848  78412    0    0 115280     0 21375 225163 75 25  0  0  0	
128 76      0 69052016  13848  78412    0    0 124064     0 16878 232390 75 25  0  0  0	
125 73      0 69048544  13848  78412    0    0 122672     0 16350 230773 75 25  0  0  0	
130 87      0 69046560  13848  78412    0    0 126480     0 11696 233738 75 25  0  0  0	
125 86      0 69045568  13856  78412    0    0 124224    36 12299 234123 74 26  0  0  0	
129 86      0 69044080  13856  78412    0    0 126320     0 11704 233742 75 25  0  0  0	
128 75      0 69043088  13856  78412    0    0 125840     0 11490 233867 76 24  0  0  0	
128 74      0 69042720  13856  78412    0    0 125072     0 11392 233853 76 24  0  0  0	
126 85      0 69042352  13856  78412    0    0 125760     0 11435 233884 76 24  0  0  0	
125 69      0 69041480  13864  78412    0    0 123824    12 11430 233971 75 25  0  0  0	
131 77      0 69041104  13864  78412    0    0 123840    44 11403 228993 74 26  0  0  0	
124 74      0 69040864  13864  78412    0    0 124192     0 11306 233792 75 25  0  0  0	
130 72      0 69040736  13864  78412    0    0 122816     0 11332 231841 75 25  0  0  0	
125 73      0 69040736  13864  78412    0    0 124912     0 11390 233732 75 25  0  0  0	
127 82      0 69040368  13864  78412    0    0 127024     0 11467 233924 76 24  0  0  0	
128 70      0 69040240  13872  78412    0    0 124176    20 11338 233699 74 26  0  0  0	
127 71      0 69040112  13872  78412    0    0 128240     0 11549 233443 76 24  0  0  0	
125 81      0 69040112  13872  78412    0    0 125552     0 11401 233127 75 25  0  0  0	
128 78      0 69039992  13872  78412    0    0 122352     0 11256 233056 76 24  0  0  0	
procs -----------memory---------- ---swap-- -----io---- --system-- -----cpu-----
 r  b   swpd   free   buff  cache   si   so    bi    bo   in   cs us sy id wa st
129 76      0 69039992  13872  78412    0    0 125456     0 11400 232994 75 25  0  0  0	
109 77      0 69039992  13880  78404    0    0 125888    12 11464 232972 75 25  0  0  0	
128 58      0 69039872  13880  78412    0    0 126448     0 11448 233325 75 25  0  0  0	
128 86      0 69039872  13880  78412    0    0 124224     0 11325 229604 75 25  0  0  0	
128 80      0 69039872  13880  78412    0    0 124976     0 12147 232189 75 25  0  0  0	
129 86      0 69039744  13880  78412    0    0 123552     0 11352 233864 75 25  0  0  0	
126 81      0 69039744  13880  78412    0    0 126176     0 11469 233857 76 24  0  0  0	
132 80      0 69039616  13888  78404    0    0 123504    12 11357 233814 74 26  0  0  0	
125 84      0 69039616  13888  78412    0    0 125536     0 11482 234144 75 26  0  0  0	
129 69      0 69039616  13888  78412    0    0 128432     0 11538 233773 75 25  0  0  0	
127 77      0 69039616  13888  78412    0    0 126496     0 11504 233849 75 25  0  0  0	
124 74      0 69039616  13888  78412    0    0 124832    20 11336 233862 75 25  0  0  0	
129 66      0 69039616  13896  78416    0    0 125664    24 11430 233597 75 25  0  0  0	
123 80      0 69039616  13896  78416    0    0 120528     0 11322 226401 75 25  0  0  0	
127 80      0 69039616  13896  78416    0    0 125648     0 11432 233883 73 27  0  0  0	
125 76      0 69039616  13896  78416    0    0 125840     0 11464 233786 75 25  0  0  0	
124 85      0 69039616  13896  78416    0    0 127216     0 11542 233772 73 27  0  0  0	
127 77      0 69039616  13896  78416    0    0 126160     0 11379 233858 75 25  0  0  0	
127 72      0 69039616  13904  78416    0    0 124320    12 11384 233958 75 25  0  0  0	
129 82      0 69039616  13904  78416    0    0 127344     0 11539 233743 74 26  0  0  0	
129 77      0 69039496  13904  78416    0    0 124736     0 11354 233801 77 23  0  0  0	
procs -----------memory---------- ---swap-- -----io---- --system-- -----cpu-----
 r  b   swpd   free   buff  cache   si   so    bi    bo   in   cs us sy id wa st
124 72      0 69039496  13904  78416    0    0 124336     0 11413 233222 75 25  0  0  0	
123 79      0 69039496  13904  78420    0    0 126896     0 11456 233820 75 25  0  0  0	
129 72      0 69039496  13912  78412    0    0 123792    12 11328 232182 74 26  0  0  0	
122 83      0 69039496  13912  78420    0    0 124464     0 11347 233802 74 26  0  0  0	
127 82      0 69039496  13912  78420    0    0 125440     0 11390 233855 76 24  0  0  0	
127 71      0 69039496  13912  78420    0    0 127040     0 11512 233899 74 26  0  0  0	
123 78      0 69039496  13912  78420    0    0 122576    12 11224 233862 75 25  0  0  0	
128 84      0 69039496  13912  78420    0    0 123216     0 11450 233919 76 24  0  0  0	
122 77      0 69039496  13920  78420    0    0 125488    12 11435 233299 74 26  0  0  0	
128 81      0 69039496  13920  78420    0    0 123824     0 11327 233855 76 24  0  0  0	
124 81      0 69039496  13920  78420    0    0 126192     0 11429 233777 74 26  0  0  0	
124 71      0 69039496  13920  78420    0    0 126016     0 12324 233390 73 27  0  0  0	
128 74      0 69039376  13920  78420    0    0 122656     0 12057 229222 75 24  0  0  0	
126 81      0 69039376  13928  78420    0    0 124288    12 11336 233347 75 25  0  0  0	
131 70      0 69039376  13928  78420    0    0 124144     0 11404 233638 76 24  0  0  0	
124 87      0 69039376  13928  78420    0    0 125856     0 11463 233485 76 24  0  0  0	
130 75      0 69039376  13928  78420    0    0 127632     0 11640 233580 74 26  0  0  0	
126 76      0 69039248  13928  78420    0    0 125040     0 11373 233780 75 25  0  0  0	
109 73      0 69039248  13928  78420    0    0 128080     0 11520 233788 74 26  0  0  0	
126 73      0 69039248  13936  78420    0    0 122592    12 11222 233773 75 25  0  0  0	
124 72      0 69039248  13936  78420    0    0 124560     0 11325 233747 74 26  0  0  0	
procs -----------memory---------- ---swap-- -----io---- --system-- -----cpu-----
 r  b   swpd   free   buff  cache   si   so    bi    bo   in   cs us sy id wa st
128 82      0 69039248  13936  78420    0    0 125152     8 11431 233933 75 25  0  0  0	
131 77      0 69039248  13936  78420    0    0 120432     0 11180 227341 73 27  0  0  0	
127 76      0 69039248  13936  78424    0    0 125456     0 11395 233691 76 24  0  0  0	
126 80      0 69039120  13944  78424    0    0 125376    24 11524 233930 75 25  0  0  0	
124 72      0 69039120  13944  78424    0    0 123840     0 11311 233925 75 25  0  0  0	
127 83      0 69039120  13944  78424    0    0 124768     8 11348 233935 73 27  0  0  0	
127 75      0 69039120  13944  78424    0    0 125888     0 11463 233850 75 25  0  0  0	
129 82      0 69039120  13944  78424    0    0 124656     0 11357 233732 75 25  0  0  0	
129 77      0 69039120  13944  78424    0    0 125744     0 11414 233849 75 25  0  0  0	
127 73      0 69039120  13952  78424    0    0 123504    20 11423 233899 74 26  0  0  0	
125 81      0 69039120  13952  78424    0    0 127840     0 11736 234040 74 26  0  0  0	
127 82      0 69039120  13952  78424    0    0 123808     0 11407 231125 75 25  0  0  0	
126 85      0 69039120  13952  78424    0    0 125072     0 11349 233848 75 25  0  0  0	
125 84      0 69039000  13952  78424    0    0 123984     0 11287 233836 73 27  0  0  0	
125 88      0 69039000  13960  78424    0    0 126112    12 11518 233747 75 25  0  0  0	
132 72      0 69039000  13960  78424    0    0 127792     0 11660 233996 76 24  0  0  0	
126 76      0 69038880  13960  78424    0    0 125424     0 11410 233792 74 26  0  0  0	
128 81      0 69038880  13960  78424    0    0 125856     0 11397 233956 74 26  0  0  0	
123 77      0 69038880  13960  78424    0    0 126592     0 11465 233863 75 25  0  0  0	
125 72      0 69038880  13960  78424    0    0 127232     0 12140 233684 75 25  0  0  0	
128 71      0 69038880  13968  78424    0    0 126784    12 11512 233787 75 25  0  0  0	
procs -----------memory---------- ---swap-- -----io---- --system-- -----cpu-----
 r  b   swpd   free   buff  cache   si   so    bi    bo   in   cs us sy id wa st
131 71      0 69038880  13968  78424    0    0 122880    12 11453 232133 73 27  0  0  0	
128 77      0 69038880  13968  78428    0    0 124256     0 11383 233846 76 24  0  0  0	
130 78      0 69038880  13968  78428    0    0 124864     0 11366 230634 76 24  0  0  0	
130 84      0 69038880  13968  78428    0    0 124496     0 11393 233822 74 26  0  0  0	
121 75      0 69038880  13976  78428    0    0 126736    12 11415 233840 76 24  0  0  0	
127 79      0 69038880  13976  78428    0    0 125424     0 11366 233782 74 26  0  0  0	
121 86      0 69038880  13976  78428    0    0 122960     0 11244 233717 74 26  0  0  0	
122 79      0 69038880  13976  78428    0    0 124960     0 11349 233810 75 25  0  0  0	
129 81      0 69038752  13976  78428    0    0 124112     0 11335 228761 75 25  0  0  0	
128 72      0 69038752  13976  78428    0    0 121984     0 11526 233975 75 25  0  0  0	
123 87      0 69038624  13984  78428    0    0 125920    20 11544 232030 75 25  0  0  0	
128 69      0 69038624  13984  78428    0    0 124720     0 11411 234016 76 24  0  0  0	
128 80      0 69038624  13984  78428    0    0 124000     0 11322 233922 74 26  0  0  0	
130 79      0 69038624  13984  78428    0    0 125376     0 11415 233733 76 24  0  0  0	
126 84      0 69038624  13984  78432    0    0 124144     0 11336 233845 75 25  0  0  0	
126 73      0 69038624  13992  78432    0    0 126064    24 11433 233896 75 25  0  0  0	
128 78      0 69038624  13992  78432    0    0 127936     0 11562 233899 75 25  0  0  0	
126 73      0 69038624  13992  78432    0    0 125344     0 11406 233594 74 26  0  0  0	
127 77      0 69038624  13992  78432    0    0 124064     0 11338 233278 75 25  0  0  0	
125 86      0 69038624  13992  78432    0    0 126608     0 11424 233874 75 25  0  0  0	
124 79      0 69038624  14000  78432    0    0 123968    28 11561 232822 76 24  0  0  0	
procs -----------memory---------- ---swap-- -----io---- --system-- -----cpu-----
 r  b   swpd   free   buff  cache   si   so    bi    bo   in   cs us sy id wa st
123 79      0 69038624  14000  78432    0    0 124528     0 11373 233717 76 24  0  0  0	
126 79      0 69038624  14000  78432    0    0 126608     0 11471 233988 76 24  0  0  0	
133 73      0 69038624  14000  78432    0    0 123936     0 11309 233851 75 25  0  0  0	
123 76      0 69038624  14000  78432    0    0 127040     0 11504 233875 76 24  0  0  0	
128 81      0 69038624  14000  78432    0    0 124512     0 11349 233893 76 25  0  0  0	
129 75      0 69038624  14008  78432    0    0 127712    12 11508 233902 74 26  0  0  0	
132 82      0 69038624  14008  78432    0    0 123792     0 11299 234030 75 25  0  0  0	
126 81      0 69038624  14008  78432    0    0 126512     0 11507 233608 74 26  0  0  0	
126 83      0 69038624  14008  78432    0    0 125120     0 11387 233878 75 25  0  0  0	
123 80      0 69038624  14008  78432    0    0 125424     0 11446 231252 76 24  0  0  0	
126 76      0 69038624  14016  78432    0    0 125728    12 11374 233445 76 24  0  0  0	
121 80      0 69038624  14016  78432    0    0 127344     0 11538 233757 76 24  0  0  0	
132 80      0 69038624  14016  78432    0    0 122976     0 11303 233819 74 26  0  0  0	
124 78      0 69038624  14016  78432    0    0 123920     0 11314 233837 74 26  0  0  0	
127 84      0 69038624  14016  78432    0    0 122960     8 11270 233882 74 26  0  0  0	
124 79      0 69038624  14016  78432    0    0 126240     0 11475 233883 75 25  0  0  0	
129 82      0 69038624  14024  78432    0    0 124624    12 11374 233811 74 26  0  0  0	
123 62      0 69038624  14024  78432    0    0 128448     0 11515 233842 74 26  0  0  0	
127 78      0 69038624  14024  78432    0    0 128912     0 11581 233937 75 25  0  0  0	
124 73      0 69038624  14024  78432    0    0 122672     0 11192 229400 75 25  0  0  0	
124 87      0 69038624  14024  78432    0    0 123840     4 11388 228950 74 26  0  0  0	
procs -----------memory---------- ---swap-- -----io---- --system-- -----cpu-----
 r  b   swpd   free   buff  cache   si   so    bi    bo   in   cs us sy id wa st
126 80      0 69038624  14032  78432    0    0 125952    12 11397 233720 74 26  0  0  0	
125 86      0 69038624  14032  78436    0    0 125008     0 11413 233324 74 26  0  0  0	
124 78      0 69038624  14032  78436    0    0 127984     0 11559 233788 74 26  0  0  0	
125 81      0 69038624  14032  78436    0    0 127440     0 11531 233902 75 25  0  0  0	
125 82      0 69038624  14032  78440    0    0 122608     0 11261 233794 75 25  0  0  0	
129 69      0 69038624  14032  78440    0    0 125536     0 11470 233775 74 26  0  0  0	
127 80      0 69038624  14040  78440    0    0 123136    12 11262 233542 75 25  0  0  0	
122 78      0 69038624  14040  78440    0    0 123296     0 11417 233939 74 26  0  0  0	
122 83      0 69038624  14040  78440    0    0 126800     0 11548 231820 75 25  0  0  0	
127 78      0 69038624  14040  78440    0    0 125424     8 11422 233877 75 25  0  0  0	
128 81      0 69038624  14040  78440    0    0 125760     0 11435 234003 74 26  0  0  0	
124 82      0 69038624  14048  78440    0    0 126352    24 11423 233983 73 27  0  0  0	
128 70      0 69038624  14048  78440    0    0 123600     0 11296 234090 74 26  0  0  0	
128 80      0 69038624  14048  78440    0    0 122384     0 11270 233814 75 25  0  0  0	
129 79      0 69038624  14048  78440    0    0 124112     0 11372 233211 74 26  0  0  0	
131 76      0 69038624  14048  78440    0    0 126736     0 11479 233081 76 24  0  0  0	
129 86      0 69038624  14048  78440    0    0 123504     0 11352 233679 75 25  0  0  0	
130 80      0 69038624  14056  78440    0    0 126288    12 11466 233874 76 24  0  0  0	
126 79      0 69038624  14056  78440    0    0 122640     0 11298 227276 74 26  0  0  0	
124 80      0 69038624  14056  78440    0    0 128784     0 11557 233957 74 26  0  0  0	
129 74      0 69038624  14056  78440    0    0 126240     0 11410 233833 74 26  0  0  0	
procs -----------memory---------- ---swap-- -----io---- --system-- -----cpu-----
 r  b   swpd   free   buff  cache   si   so    bi    bo   in   cs us sy id wa st
125 76      0 69038624  14056  78440    0    0 128272     0 11516 233980 75 25  0  0  0	
127 81      0 69038624  14064  78440    0    0 126608    12 11483 233879 76 24  0  0  0	
127 78      0 69038624  14064  78440    0    0 126832     0 11475 233883 74 26  0  0  0	
124 87      0 69038624  14064  78440    0    0 125792     0 11372 233799 76 24  0  0  0	
112 36      0 69038624  14064  78440    0    0 125872     0 11431 234001 76 24  0  0  0	
129 82      0 69038624  14064  78440    0    0 125200     0 11359 233920 74 26  0  0  0	
125 80      0 69038624  14064  78440    0    0 127056     0 11479 233925 75 25  0  0  0	
128 76      0 69038504  14072  78440    0    0 124064    20 11398 229466 76 24  0  0  0	
131 81      0 69038504  14072  78440    0    0 125968    16 11494 232998 75 25  0  0  0	
133 77      0 69038504  14072  78440    0    0 123744     0 11444 233928 76 24  0  0  0	
128 73      0 69038504  14072  78440    0    0 123888     0 11255 233689 75 25  0  0  0	
131 82      0 69038504  14072  78440    0    0 128176     0 11517 233786 74 26  0  0  0	
127 74      0 69038504  14080  78440    0    0 127856    12 11776 233837 74 26  0  0  0	
127 75      0 69038504  14080  78440    0    0 123808     8 11300 233185 74 26  0  0  0	
127 68      0 69038504  14080  78440    0    0 125504     0 11371 233515 75 25  0  0  0	
123 82      0 69038504  14080  78440    0    0 124048     0 11324 233302 74 26  0  0  0	
123 75      0 69038504  14080  78444    0    0 126256     0 11571 233532 76 25  0  0  0	
130 83      0 69038504  14080  78444    0    0 125616     0 11397 232424 73 27  0  0  0	
127 84      0 69038504  14088  78444    0    0 124304    28 11317 233604 74 26  0  0  0	
123 69      0 69038504  14088  78444    0    0 126464     0 11393 233666 76 24  0  0  0	
126 77      0 69038504  14088  78444    0    0 123376     0 11292 233677 75 25  0  0  0	
procs -----------memory---------- ---swap-- -----io---- --system-- -----cpu-----
 r  b   swpd   free   buff  cache   si   so    bi    bo   in   cs us sy id wa st
124 79      0 69038504  14088  78444    0    0 127728     0 11532 233906 74 26  0  0  0	
128 79      0 69038504  14088  78448    0    0 126368     0 11481 233839 75 25  0  0  0	
127 84      0 69038504  14096  78448    0    0 125328    20 11375 233640 75 25  0  0  0	
127 79      0 69038504  14096  78448    0    0 126944     4 11417 234028 73 27  0  0  0	
123 71      0 69038504  14096  78448    0    0 126912     0 11515 233140 74 26  0  0  0	
127 76      0 69038504  14096  78448    0    0 126224     0 11394 233702 74 26  0  0  0	
130 71      0 69038504  14096  78448    0    0 124320     0 11407 227413 76 24  0  0  0	
130 81      0 69038504  14096  78448    0    0 123232     0 11245 233847 74 26  0  0  0	
125 79      0 69038504  14104  78448    0    0 127104    12 11471 233798 75 25  0  0  0	
119 86      0 69038504  14104  78448    0    0 128016     0 11533 233940 75 25  0  0  0	
127 85      0 69038504  14104  78448    0    0 126864     0 11494 233895 75 25  0  0  0	
122 77      0 69038384  14104  78448    0    0 127264     0 11535 233933 74 26  0  0  0	
129 62      0 69038384  14104  78448    0    0 123168     0 11287 233665 75 25  0  0  0	
126 70      0 69038384  14112  78448    0    0 125616    16 11520 233993 75 25  0  0  0	
125 75      0 69038384  14112  78448    0    0 123840     0 11363 233993 75 25  0  0  0	
124 79      0 69038384  14112  78448    0    0 127248     0 11425 234044 74 26  0  0  0	
124 75      0 69038384  14112  78448    0    0 124976     0 11540 231485 76 24  0  0  0	
123 70      0 69038384  14112  78448    0    0 126128     0 11518 233927 73 27  0  0  0	
129 79      0 69038384  14112  78448    0    0 125888     0 11420 233914 75 25  0  0  0	
127 77      0 69038384  14120  78448    0    0 122256    16 11232 233800 75 25  0  0  0	
126 88      0 69038384  14120  78448    0    0 126704     0 11481 234177 74 26  0  0  0	
procs -----------memory---------- ---swap-- -----io---- --system-- -----cpu-----
 r  b   swpd   free   buff  cache   si   so    bi    bo   in   cs us sy id wa st
122 82      0 69038384  14120  78448    0    0 125872     0 11469 233988 75 25  0  0  0	
126 83      0 69038384  14120  78448    0    0 126784     0 11438 233168 75 25  0  0  0	
124 77      0 69038256  14124  78448    0    0 127344    20 11526 233871 75 25  0  0  0	
126 81      0 69038256  14132  78448    0    0 126896    28 11494 233654 75 25  0  0  0	
127 72      0 69038256  14132  78448    0    0 124304     0 11532 233432 73 27  0  0  0	
125 73      0 69038256  14132  78448    0    0 122672     0 11380 228762 76 24  0  0  0	
129 79      0 69038256  14132  78452    0    0 124896     0 11380 232818 75 25  0  0  0	
124 73      0 69038256  14136  78452    0    0 126224     8 11448 233233 76 24  0  0  0	
127 73      0 69038256  14136  78452    0    0 126528     0 11544 233312 75 25  0  0  0	
124 89      0 69038256  14144  78452    0    0 123808    28 11276 233159 75 25  0  0  0	
128 76      0 69038256  14144  78452    0    0 127504     0 11514 233464 75 25  0  0  0	
126 81      0 69038256  14144  78452    0    0 128160     0 11494 233457 75 25  0  0  0	
130 76      0 69038256  14144  78452    0    0 126512     0 11491 233825 74 26  0  0  0	
49 89      0 69038256  14144  78452    0    0 127520     0 11466 233591 74 26  0  0  0	
122 72      0 69038256  14152  78452    0    0 123616    12 12269 233586 76 24  0  0  0	
126 82      0 69038128  14152  78452    0    0 121904     0 11270 227838 75 25  0  0  0	
130 65      0 69038128  14152  78452    0    0 127632     0 11774 234103 75 25  0  0  0	
130 79      0 69038128  14152  78452    0    0 125920     0 11428 233852 75 25  0  0  0	
129 76      0 69038128  14152  78452    0    0 126384     0 11422 233888 75 25  0  0  0	
128 80      0 69038128  14152  78452    0    0 125376     0 11404 233929 75 25  0  0  0	
125 79      0 69038128  14160  78452    0    0 122928    12 11808 234023 76 24  0  0  0	
procs -----------memory---------- ---swap-- -----io---- --system-- -----cpu-----
 r  b   swpd   free   buff  cache   si   so    bi    bo   in   cs us sy id wa st
123 80      0 69038128  14160  78452    0    0 127216     0 11516 233358 75 25  0  0  0	
125 90      0 69038128  14160  78456    0    0 126832     0 11475 233985 74 26  0  0  0	
122 83      0 69038128  14160  78456    0    0 127264     0 11645 233989 75 25  0  0  0	
132 75      0 69038128  14160  78456    0    0 125792     0 11404 233946 74 26  0  0  0	
127 64      0 69038128  14168  78456    0    0 123968    12 11393 231925 75 25  0  0  0	
127 80      0 69038128  14168  78456    0    0 126560     0 11406 233696 76 24  0  0  0	
126 74      0 69038128  14168  78456    0    0 122768     0 11250 233637 75 25  0  0  0	
121 70      0 69038128  14168  78456    0    0 125872     4 11390 233818 76 24  0  0  0	
128 74      0 69038128  14168  78456    0    0 126496     0 11468 233807 75 25  0  0  0	
129 74      0 69038128  14168  78456    0    0 127984     0 11523 234018 75 25  0  0  0	
127 76      0 69038128  14176  78456    0    0 122032    12 11240 233148 74 26  0  0  0	
126 74      0 69038128  14176  78456    0    0 124432     0 11360 233711 74 26  0  0  0	
128 89      0 69038128  14176  78456    0    0 125360     8 11453 233772 75 25  0  0  0	
127 75      0 69038128  14176  78456    0    0 128976     0 11580 233926 75 25  0  0  0	
127 75      0 69038128  14176  78456    0    0 124752     0 11636 229117 75 25  0  0  0	
131 81      0 69038128  14184  78456    0    0 125808    24 11476 234059 75 25  0  0  0	
128 83      0 69037104  14184  78456    0    0 123632     0 11281 233275 75 25  0  0  0	
125 81      0 69037152  14192  78448    0    0 125168    60 11473 233819 75 25  0  0  0	
127 68      0 69037232  14192  78464    0    0 127808     0 11485 233812 74 27  0  0  0	
126 85      0 69037232  14192  78464    0    0 124608     0 11318 233873 75 25  0  0  0	
124 85      0 69037232  14192  78464    0    0 122432     0 11149 229411 75 26  0  0  0	
procs -----------memory---------- ---swap-- -----io---- --system-- -----cpu-----
 r  b   swpd   free   buff  cache   si   so    bi    bo   in   cs us sy id wa st
130 81      0 69037232  14192  78464    0    0 125856     0 11411 233777 75 25  0  0  0	
131 76      0 69037232  14192  78464    0    0 124928     8 11341 233177 75 25  0  0  0	
126 84      0 69037232  14200  78464    0    0 123808    24 11300 233808 75 25  0  0  0	
125 85      0 69037232  14200  78464    0    0 125136     0 11448 232281 73 27  0  0  0	
130 76      0 69037232  14200  78464    0    0 125280     0 11394 233928 75 25  0  0  0	
127 75      0 69037232  14200  78464    0    0 123520     0 11354 233941 75 25  0  0  0	
125 77      0 69037232  14200  78464    0    0 124096     0 11350 233911 77 24  0  0  0	
129 79      0 69037232  14208  78464    0    0 126192    12 11439 234046 75 25  0  0  0	
131 80      0 69037232  14208  78464    0    0 125872     0 11416 233936 74 26  0  0  0	
124 77      0 69037232  14208  78464    0    0 127168     0 11479 233835 75 25  0  0  0	
127 76      0 69037232  14208  78464    0    0 126880     0 11514 233781 74 26  0  0  0	
104 69      0 69037232  14208  78464    0    0 125008     0 11304 233689 75 25  0  0  0	
125 77      0 69037232  14208  78464    0    0 120512     0 11185 233513 74 26  0  0  0	
126 88      0 69037232  14216  78464    0    0 123872    12 11416 231168 74 26  0  0  0	
130 77      0 69037232  14216  78464    0    0 124064     0 11340 233419 74 26  0  0  0	
127 73      0 69037232  14216  78464    0    0 126240     0 11545 233570 76 24  0  0  0	
123 81      0 69037232  14216  78464    0    0 124944     0 11391 233481 75 25  0  0  0	
126 89      0 69037232  14216  78464    0    0 123504     0 11341 233430 76 24  0  0  0	
126 78      0 69037232  14224  78464    0    0 126832    12 11464 233461 74 26  0  0  0	
129 75      0 69037232  14224  78464    0    0 124752     0 11289 233527 75 25  0  0  0	
127 73      0 69037232  14224  78464    0    0 125552     0 11408 233961 74 26  0  0  0	
procs -----------memory---------- ---swap-- -----io---- --system-- -----cpu-----
 r  b   swpd   free   buff  cache   si   so    bi    bo   in   cs us sy id wa st
129 76      0 69037232  14224  78464    0    0 127024     0 11458 233874 75 25  0  0  0	
125 81      0 69037232  14224  78468    0    0 123856     0 11336 233875 75 25  0  0  0	
124 74      0 69037232  14224  78468    0    0 122576     0 11313 227419 75 25  0  0  0	
128 78      0 69037232  14232  78468    0    0 125248    12 11382 232063 75 25  0  0  0	
128 80      0 69037232  14232  78468    0    0 125808     0 11445 233951 74 26  0  0  0	
127 75      0 69037232  14232  78468    0    0 126784     0 11500 233889 76 24  0  0  0	
128 87      0 69037232  14232  78468    0    0 125520    32 11394 233982 75 25  0  0  0	
130 75      0 69037232  14232  78468    0    0 124640     0 11362 233871 75 25  0  0  0	
128 75      0 69037232  14240  78472    0    0 127344    24 11524 233844 74 26  0  0  0	
127 74      0 69037232  14240  78472    0    0 128624     0 11590 233551 74 26  0  0  0	
130 84      0 69037232  14240  78472    0    0 125488     0 11410 233448 74 26  0  0  0	
128 83      0 69037232  14240  78472    0    0 129040     8 11572 233803 74 26  0  0  0	
126 72      0 69037232  14240  78472    0    0 126352     0 11468 232363 75 25  0  0  0	
124 85      0 69037232  14240  78472    0    0 125744     0 11421 234050 75 25  0  0  0	
131 81      0 69037104  14248  78472    0    0 125760    24 11421 234097 74 26  0  0  0	
126 79      0 69037104  14248  78472    0    0 125120     0 11466 234143 76 24  0  0  0	
123 74      0 69037104  14248  78472    0    0 125232     0 11386 234023 76 24  0  0  0	
128 80      0 69037104  14248  78472    0    0 124688     0 11382 231994 74 26  0  0  0	
122 74      0 69037104  14248  78472    0    0 126592     0 11448 233830 75 25  0  0  0	
128 81      0 69036984  14256  78472    0    0 125280    12 11404 233863 75 25  0  0  0	
127 86      0 69036984  14256  78472    0    0 125088     0 11322 233795 76 24  0  0  0	
procs -----------memory---------- ---swap-- -----io---- --system-- -----cpu-----
 r  b   swpd   free   buff  cache   si   so    bi    bo   in   cs us sy id wa st
121 71      0 69036984  14256  78472    0    0 125872     0 11410 234005 74 26  0  0  0	
128 75      0 69036984  14256  78472    0    0 125776     0 11492 231492 75 25  0  0  0	
122 77      0 69036984  14256  78472    0    0 123152     0 11300 234073 76 24  0  0  0	
127 83      0 69036984  14256  78472    0    0 123776     0 11365 233865 75 25  0  0  0	
123 81      0 69036984  14264  78472    0    0 123856    12 11310 233922 75 25  0  0  0	
128 80      0 69036984  14264  78472    0    0 122896     0 11315 234010 75 25  0  0  0	
126 81      0 69036984  14264  78472    0    0 125680     0 11360 233870 73 27  0  0  0	
129 84      0 69036984  14264  78472    0    0 126096     0 11460 234063 75 25  0  0  0	
125 85      0 69036984  14264  78472    0    0 129552     0 11595 233935 75 25  0  0  0	
120 75      0 69036984  14272  78472    0    0 126448    12 11480 232922 75 25  0  0  0	
127 72      0 69036576  14272  78472    0    0 124784     0 11530 234050 75 25  0  0  0	
130 73      0 69036576  14272  78472    0    0 125200     0 11497 232062 75 25  0  0  0	
126 94      0 69036576  14272  78472    0    0 127280     0 11524 233997 73 27  0  0  0	
126 81      0 69036576  14272  78472    0    0 123584     0 11416 233969 74 26  0  0  0	
125 84      0 69036576  14272  78472    0    0 126320     0 11456 233757 75 25  0  0  0	
125 82      0 69036576  14280  78472    0    0 123024    20 11272 233875 76 24  0  0  0	
126 80      0 69036576  14280  78472    0    0 125744     0 11432 233861 75 25  0  0  0	
126 79      0 69036576  14280  78472    0    0 127312     0 11419 233978 76 24  0  0  0	
129 75      0 69036576  14280  78472    0    0 127184     0 11486 233801 76 24  0  0  0	
125 81      0 69036576  14280  78472    0    0 127504     0 11471 233462 76 24  0  0  0	
131 78      0 69036456  14288  78476    0    0 125728    52 11412 233909 74 26  0  0  0	
procs -----------memory---------- ---swap-- -----io---- --system-- -----cpu-----
 r  b   swpd   free   buff  cache   si   so    bi    bo   in   cs us sy id wa st
128 73      0 69036456  14288  78476    0    0 122592     0 11296 226135 75 25  0  0  0	
129 76      0 69036456  14288  78480    0    0 123440     0 11307 232667 76 24  0  0  0	
123 82      0 69036456  14288  78480    0    0 125968     0 11430 233914 76 24  0  0  0	
129 85      0 69036456  14288  78480    0    0 127280     0 11410 233533 76 24  0  0  0	
130 77      0 69036456  14288  78480    0    0 125040     0 11566 233267 74 26  0  0  0	
129 74      0 69036456  14296  78480    0    0 126416    24 11484 234028 75 25  0  0  0	
126 76      0 69036456  14296  78480    0    0 124928     0 11395 233882 74 26  0  0  0	
123 76      0 69036456  14296  78480    0    0 127424     0 11520 233932 74 26  0  0  0	
127 80      0 69036456  14296  78480    0    0 124432     0 11343 233680 75 25  0  0  0	
127 78      0 69036456  14296  78480    0    0 126784     0 11468 234031 74 26  0  0  0	
124 87      0 69036456  14304  78480    0    0 121904    12 11290 230749 74 26  0  0  0	
123 76      0 69036456  14304  78480    0    0 127520     0 11533 234032 74 26  0  0  0	
133 83      0 69036456  14304  78480    0    0 125584     0 11430 233920 74 26  0  0  0	
125 77      0 69036456  14304  78480    0    0 125200     0 11322 233887 75 25  0  0  0	
130 71      0 69036456  14304  78480    0    0 126656     0 11446 233929 75 25  0  0  0	
126 77      0 69036456  14312  78472    0    0 126720    16 11469 234132 74 26  0  0  0	
127 76      0 69036456  14312  78480    0    0 123792     0 11306 233972 75 25  0  0  0	
124 81      0 69036456  14312  78480    0    0 126096     0 11437 234018 76 25  0  0  0	
128 85      0 69036456  14312  78480    0    0 123840     0 11297 233726 74 26  0  0  0	
133 70      0 69036456  14312  78480    0    0 126768     0 11484 233870 76 24  0  0  0	
133 76      0 69036456  14312  78480    0    0 121760     8 11345 226272 75 25  0  0  0	
procs -----------memory---------- ---swap-- -----io---- --system-- -----cpu-----
 r  b   swpd   free   buff  cache   si   so    bi    bo   in   cs us sy id wa st
130 70      0 69036456  14320  78480    0    0 126304    12 11433 233977 75 25  0  0  0	
125 78      0 69036456  14320  78480    0    0 124784     0 11506 234057 75 25  0  0  0	
127 82      0 69036456  14320  78480    0    0 124976     0 11386 233940 75 25  0  0  0	
127 74      0 69036456  14320  78480    0    0 123776     0 11329 233828 76 24  0  0  0	
127 77      0 69036456  14320  78480    0    0 125728     0 11457 233879 74 26  0  0  0	
123 76      0 69036456  14328  78480    0    0 124544    12 11300 233317 75 25  0  0  0	
129 74      0 69036456  14328  78480    0    0 124944     0 11381 233788 74 26  0  0  0	
127 76      0 69036456  14328  78480    0    0 127120     0 11435 230920 75 25  0  0  0	
131 76      0 69036456  14328  78480    0    0 126304     0 11409 233830 76 24  0  0  0	
127 84      0 69036456  14328  78480    0    0 126368    12 11494 231745 76 24  0  0  0	
131 69      0 69036456  14328  78484    0    0 126144     0 11458 233795 74 26  0  0  0	
131 78      0 69036456  14336  78484    0    0 125952    24 11435 233820 75 25  0  0  0	
128 78      0 69036456  14336  78484    0    0 126144     0 11457 233817 75 25  0  0  0	
130 76      0 69036456  14336  78484    0    0 122448     0 11266 233778 74 26  0  0  0	
129 71      0 69036456  14336  78484    0    0 125824    20 11399 233897 76 24  0  0  0	
125 75      0 69036456  14336  78484    0    0 125952     0 12339 234021 75 25  0  0  0	
127 65      0 69036456  14344  78484    0    0 125504    12 12028 233931 74 25  0  0  0	
124 78      0 69036456  14344  78484    0    0 124688     0 11395 232522 75 25  0  0  0	
124 76      0 69036456  14344  78484    0    0 123744     0 11264 233765 75 25  0  0  0	
126 74      0 69036456  14344  78484    0    0 126016     4 11401 232185 75 25  0  0  0	
123 82      0 69036456  14344  78484    0    0 125920     0 11413 233744 75 25  0  0  0	
procs -----------memory---------- ---swap-- -----io---- --system-- -----cpu-----
 r  b   swpd   free   buff  cache   si   so    bi    bo   in   cs us sy id wa st
130 75      0 69036456  14344  78484    0    0 126608     0 11455 233896 76 24  0  0  0	
126 76      0 69036456  14352  78484    0    0 125264    12 11438 233658 75 25  0  0  0	
129 84      0 69036456  14352  78488    0    0 125088     0 11383 233928 76 24  0  0  0	
127 80      0 69036456  14352  78488    0    0 126928     0 11510 233960 75 25  0  0  0	
123 74      0 69036456  14352  78488    0    0 123808     0 11334 233863 74 26  0  0  0	
124 89      0 69036456  14352  78488    0    0 123328     0 11580 234172 75 25  0  0  0	
128 83      0 69036456  14360  78488    0    0 127760    12 11541 233500 75 25  0  0  0	
128 89      0 69036456  14360  78488    0    0 123760     0 11333 233699 75 25  0  0  0	
125 85      0 69036456  14360  78488    0    0 126336     0 11442 228005 76 24  0  0  0	
129 77      0 69036456  14360  78488    0    0 124848     0 11324 233809 76 25  0  0  0	
130 84      0 69036456  14360  78488    0    0 126640     0 11455 233949 75 25  0  0  0	
128 78      0 69036456  14360  78488    0    0 127312     0 11487 234069 75 25  0  0  0	
125 81      0 69036456  14368  78488    0    0 128032    12 11503 233992 75 25  0  0  0	
127 82      0 69036456  14368  78488    0    0 123504     0 11332 234022 75 25  0  0  0	
125 77      0 69036456  14368  78488    0    0 124224     0 11319 233808 75 25  0  0  0	
125 77      0 69036456  14368  78488    0    0 127424     0 11462 233868 76 24  0  0  0	
127 71      0 69036456  14368  78488    0    0 124128     0 11370 233461 75 25  0  0  0	
127 69      0 69036456  14376  78488    0    0 124960    12 11691 233913 74 26  0  0  0	
122 71      0 69036456  14376  78488    0    0 119504     0 11086 229351 77 23  0  0  0	
125 85      0 69036456  14376  78488    0    0 127232     8 12462 233166 75 24  0  1  0	
130 72      0 69036456  14376  78488    0    0 125952     0 11378 233860 75 25  0  0  0	
procs -----------memory---------- ---swap-- -----io---- --system-- -----cpu-----
 r  b   swpd   free   buff  cache   si   so    bi    bo   in   cs us sy id wa st
130 81      0 69036456  14376  78488    0    0 127456     0 11511 233771 76 24  0  0  0	
122 86      0 69036456  14376  78492    0    0 128448     0 11623 233359 76 24  0  0  0	
125 81      0 69036456  14384  78492    0    0 124880    24 11403 233878 74 26  0  0  0	
120 85      0 69036456  14384  78492    0    0 129072    12 11579 233751 74 26  0  0  0	
128 73      0 69036456  14384  78492    0    0 126128     0 11429 233572 74 26  0  0  0	
130 72      0 69036456  14384  78492    0    0 126752     0 11483 233809 75 25  0  0  0	
127 88      0 69036456  14384  78492    0    0 124864     0 11305 234078 74 26  0  0  0	
127 85      0 69036456  14392  78492    0    0 126560    24 11654 231275 74 26  0  0  0	
129 82      0 69036456  14392  78492    0    0 125472    16 11381 233686 75 25  0  0  0	
130 70      0 69036456  14392  78492    0    0 124816     0 11413 233940 74 26  0  0  0	
126 81      0 69036456  14392  78492    0    0 126400     0 11416 234030 76 24  0  0  0	
126 85      0 69036456  14392  78492    0    0 124016     0 11317 234036 74 26  0  0  0	
133 81      0 69036456  14392  78492    0    0 124608     0 11344 233934 76 24  0  0  0	
128 87      0 69036456  14400  78492    0    0 124608    12 11355 233789 74 26  0  0  0	
128 82      0 69036456  14400  78492    0    0 123728     0 11361 233659 74 26  0  0  0	
126 78      0 69036456  14400  78492    0    0 123776     0 11440 233860 75 25  0  0  0	
130 85      0 69036456  14400  78492    0    0 125280     0 11370 233808 75 25  0  0  0	
119 88      0 69036456  14400  78492    0    0 121920     0 11265 227081 75 25  0  0  0	
124 77      0 69036456  14408  78492    0    0 123360    12 11311 233839 74 26  0  0  0	
128 81      0 69036456  14408  78492    0    0 124576     0 11392 233829 75 25  0  0  0	
129 80      0 69036456  14408  78492    0    0 125184     0 11430 233838 74 26  0  0  0	
procs -----------memory---------- ---swap-- -----io---- --system-- -----cpu-----
 r  b   swpd   free   buff  cache   si   so    bi    bo   in   cs us sy id wa st
127 75      0 69036456  14408  78492    0    0 124848     0 11383 233849 75 25  0  0  0	
126 78      0 69036456  14408  78492    0    0 126512     0 11445 233910 76 24  0  0  0	
124 83      0 69036456  14408  78496    0    0 124480     0 11366 233785 76 24  0  0  0	
127 87      0 69036456  14416  78496    0    0 126672    12 11483 233880 75 25  0  0  0	
121 79      0 69036456  14416  78496    0    0 130688     0 11621 233803 75 25  0  0  0	
129 81      0 69036456  14416  78496    0    0 125088     0 11383 233849 76 24  0  0  0	
120 85      0 69036456  14416  78496    0    0 123824     0 11334 229475 76 24  0  0  0	
123 83      0 69036456  14416  78496    0    0 125120     0 11350 233958 75 25  0  0  0	
124 86      0 69036456  14424  78496    0    0 126096    12 11483 233772 74 26  0  0  0	
130 83      0 69036456  14424  78496    0    0 125824     0 11411 233983 75 25  0  0  0	
126 85      0 69036456  14424  78496    0    0 126992     0 11465 233978 76 24  0  0  0	
130 76      0 69036456  14424  78496    0    0 127504     0 11533 233968 75 25  0  0  0	
128 84      0 69036456  14424  78500    0    0 123648     0 12056 233593 75 25  0  0  0	
131 80      0 69036456  14424  78500    0    0 123872    16 11252 233857 75 25  0  0  0	
126 77      0 69036456  14432  78500    0    0 125952    28 11427 233573 75 25  0  0  0	
122 79      0 69036456  14432  78500    0    0 125808     0 11379 233848 75 25  0  0  0	
122 71      0 69036456  14432  78500    0    0 126560     0 11507 231853 76 24  0  0  0	
130 71      0 69036456  14432  78500    0    0 124384     0 11815 233328 75 25  0  0  0	
125 79      0 69036456  14432  78500    0    0 126640     0 11426 232505 75 25  0  0  0	
127 83      0 69036456  14440  78500    0    0 125152    12 11351 231132 75 25  0  0  0	
129 81      0 69036456  14440  78500    0    0 125776     0 11408 233931 74 26  0  0  0	
procs -----------memory---------- ---swap-- -----io---- --system-- -----cpu-----
 r  b   swpd   free   buff  cache   si   so    bi    bo   in   cs us sy id wa st
129 85      0 69036456  14440  78500    0    0 126672     0 11476 233749 75 25  0  0  0	
124 95      0 69036456  14440  78500    0    0 122096     0 11153 233873 74 26  0  0  0	
121 74      0 69036456  14440  78500    0    0 126880    16 11418 233930 75 25  0  0  0	
129 72      0 69036456  14440  78500    0    0 126912     0 11454 232987 75 25  0  0  0	
130 86      0 69036336  14448  78500    0    0 123712    12 11273 233742 75 25  0  0  0	
126 86      0 69036336  14448  78500    0    0 125296     0 11438 232782 75 25  0  0  0	
129 80      0 69036336  14448  78500    0    0 125536     0 11350 233906 73 27  0  0  0	
126 68      0 69036336  14448  78500    0    0 124048     0 11282 233892 73 27  0  0  0	
128 74      0 69036336  14448  78500    0    0 124912     0 11319 233930 75 25  0  0  0	
129 82      0 69034016  14456  78500    0    0 123008    16 11320 233331 75 25  0  0  0	
125 79      0 69034064  14456  78500    0    0 126560     0 11526 233539 76 24  0  0  0	
130 76      0 69034064  14456  78500    0    0 124816     0 11348 234017 75 25  0  0  0	
131 80      0 69034064  14456  78500    0    0 123328     0 11329 233889 76 24  0  0  0	
127 78      0 69034064  14456  78500    0    0 124544     0 11429 233321 76 24  0  0  0	
127 75      0 69034064  14456  78500    0    0 125440     0 11420 233778 74 26  0  0  0	
127 70      0 69034064  14464  78500    0    0 123840    20 11456 232267 75 25  0  0  0	
127 82      0 69034064  14464  78500    0    0 123232     0 11314 234042 74 26  0  0  0	
124 87      0 69034064  14464  78500    0    0 125760     0 11386 234080 73 27  0  0  0	
124 77      0 69034064  14464  78500    0    0 126448     0 11458 233874 75 25  0  0  0	
124 84      0 69034064  14464  78500    0    0 124112     0 11351 233951 74 26  0  0  0	
128 76      0 69034064  14472  78500    0    0 125776    12 11426 233749 75 25  0  0  0	
procs -----------memory---------- ---swap-- -----io---- --system-- -----cpu-----
 r  b   swpd   free   buff  cache   si   so    bi    bo   in   cs us sy id wa st
123 79      0 69034064  14472  78500    0    0 124896     0 11353 233670 76 24  0  0  0	
130 79      0 69034064  14472  78500    0    0 123472     4 11338 233810 75 25  0  0  0	
132 80      0 69034064  14472  78500    0    0 124048     0 11361 233507 75 25  0  0  0	
123 81      0 69034064  14472  78508    0    0 126576     0 11677 234240 74 26  0  0  0	
124 72      0 69034064  14472  78508    0    0 122016     0 11263 226906 75 25  0  0  0	
126 80      0 69034064  14480  78508    0    0 124064    12 11423 230422 75 25  0  0  0	
126 79      0 69034064  14480  78508    0    0 123232     8 11298 233330 74 26  0  0  0	
126 78      0 69034064  14480  78508    0    0 126976     0 11532 233955 75 25  0  0  0	
129 77      0 69034064  14480  78508    0    0 128288     0 11565 233923 74 26  0  0  0	
125 83      0 69034064  14480  78508    0    0 126080     0 11430 233970 75 25  0  0  0	
127 78      0 69034064  14488  78508    0    0 125056    28 11446 233437 74 26  0  0  0	
128 85      0 69034064  14488  78508    0    0 125616     0 11435 234055 75 25  0  0  0	
121 82      0 69034064  14488  78508    0    0 125248     0 11364 234085 75 25  0  0  0	
126 78      0 69034064  14488  78508    0    0 124352     0 11338 233795 75 25  0  0  0	
129 72      0 69034064  14488  78508    0    0 121792     0 11295 231417 73 27  0  0  0	
118 76      0 69034064  14488  78508    0    0 124832     0 11327 234072 75 25  0  0  0	
123 80      0 69034064  14496  78508    0    0 127088    12 11459 234018 73 27  0  0  0	
131 70      0 69034064  14496  78508    0    0 124944    20 11332 233946 75 25  0  0  0	
126 79      0 69034064  14496  78508    0    0 126672     0 11469 234026 75 25  0  0  0	
124 86      0 69034064  14496  78508    0    0 125792     0 11491 233846 75 25  0  0  0	
124 81      0 69034064  14496  78508    0    0 127856     0 11517 233836 75 25  0  0  0	
procs -----------memory---------- ---swap-- -----io---- --system-- -----cpu-----
 r  b   swpd   free   buff  cache   si   so    bi    bo   in   cs us sy id wa st
129 81      0 69034064  14504  78508    0    0 126688    12 11449 233854 74 26  0  0  0	
127 84      0 69034064  14504  78508    0    0 124304     8 11412 233515 75 25  0  0  0	
130 74      0 69034064  14504  78508    0    0 124112     0 11372 233907 75 25  0  0  0	
127 78      0 69034064  14504  78508    0    0 126800     0 11489 232577 74 26  0  0  0	
127 75      0 69034064  14504  78508    0    0 127584     0 11478 233949 74 26  0  0  0	
131 81      0 69034064  14504  78508    0    0 128752     0 11643 234006 74 26  0  0  0	
123 84      0 69034064  14512  78508    0    0 127792    12 11567 234014 76 24  0  0  0	
128 87      0 69034064  14512  78508    0    0 128704     0 11656 233815 75 25  0  0  0	
128 84      0 69034064  14512  78508    0    0 124608     0 11360 233958 75 25  0  0  0	
130 78      0 69034064  14512  78508    0    0 126400     0 12410 233727 75 24  0  0  0	
124 80      0 69034064  14512  78508    0    0 123952     0 11261 233877 75 25  0  0  0	
131 76      0 69034064  14520  78512    0    0 126688    20 11529 233733 74 26  0  0  0	
127 67      0 69034064  14520  78512    0    0 123472     0 11321 233614 75 25  0  0  0	
124 71      0 69034064  14520  78512    0    0 122288     0 11229 225029 74 26  0  0  0	
127 85      0 69034064  14520  78516    0    0 125312     0 11408 233583 76 24  0  0  0	
125 77      0 69034064  14520  78516    0    0 126080     0 11394 233864 75 25  0  0  0	
126 75      0 69034064  14528  78520    0    0 125680    36 11638 234073 74 26  0  0  0	
128 79      0 69034064  14528  78520    0    0 124752     0 11383 233810 75 25  0  0  0	
125 75      0 69034064  14528  78520    0    0 127424     0 11507 233910 75 25  0  0  0	
128 83      0 69034064  14528  78520    0    0 124592     0 11356 233810 75 25  0  0  0	
130 81      0 69034064  14528  78520    0    0 124512     0 11351 233910 75 25  0  0  0	
procs -----------memory---------- ---swap-- -----io---- --system-- -----cpu-----
 r  b   swpd   free   buff  cache   si   so    bi    bo   in   cs us sy id wa st
124 69      0 69034064  14528  78520    0    0 124432     0 11383 233537 76 24  0  0  0	
122 86      0 69034064  14536  78520    0    0 126576    20 11563 233976 74 26  0  0  0	
123 73      0 69034064  14536  78520    0    0 125376     0 11519 232112 75 25  0  0  0	
128 86      0 69034064  14536  78524    0    0 125440     0 11424 233850 75 25  0  0  0	
130 89      0 69034064  14536  78524    0    0 127232     0 11505 233858 74 26  0  0  0	
129 79      0 69034064  14536  78524    0    0 127872     0 11521 233940 74 26  0  0  0	
127 86      0 69034064  14544  78524    0    0 125856    20 11369 233985 75 25  0  0  0	
128 86      0 69034064  14544  78524    0    0 127152     0 11488 233931 76 24  0  0  0	
130 81      0 69034064  14544  78524    0    0 126176     0 11501 233912 75 25  0  0  0	
127 77      0 69034064  14544  78524    0    0 127072     0 11429 233792 75 25  0  0  0	
130 81      0 69034064  14544  78524    0    0 126048    12 11927 233549 74 25  0  0  0	
129 81      0 69034064  14544  78524    0    0 125616     0 11435 233805 75 25  0  0  0	
128 80      0 69034064  14552  78524    0    0 126384    20 11527 232213 75 25  0  0  0	
132 77      0 69034064  14552  78524    0    0 124704     0 11534 234089 75 25  0  0  0	
125 82      0 69034064  14552  78524    0    0 123872     0 11340 233743 75 25  0  0  0	
130 76      0 69034064  14552  78524    0    0 123248     0 11289 233937 75 25  0  0  0	
128 80      0 69034064  14552  78524    0    0 127104     0 11476 233864 75 25  0  0  0	
126 82      0 69034064  14560  78524    0    0 126688    20 11430 234030 75 25  0  0  0	
124 84      0 69034064  14560  78524    0    0 126496     0 11511 233846 76 24  0  0  0	
126 83      0 69034064  14560  78524    0    0 126432     0 11492 233443 75 25  0  0  0	
124 73      0 69034064  14560  78524    0    0 126544     0 11464 233241 76 24  0  0  0	
procs -----------memory---------- ---swap-- -----io---- --system-- -----cpu-----
 r  b   swpd   free   buff  cache   si   so    bi    bo   in   cs us sy id wa st
128 81      0 69034064  14560  78524    0    0 126384    16 11493 233873 75 25  0  0  0	
128 82      0 69034064  14560  78524    0    0 117088     0 10982 224542 75 25  0  0  0	
122 76      0 69034064  14568  78524    0    0 124912    36 11405 233816 75 25  0  0  0	
128 76      0 69034064  14568  78524    0    0 124960     0 11372 234084 75 25  0  0  0	
126 70      0 69034064  14568  78524    0    0 126752     0 11660 234174 75 25  0  0  0	
130 81      0 69034064  14568  78528    0    0 127168    16 11499 233822 75 25  0  0  0	
119 70      0 69034064  14568  78528    0    0 126544     0 11464 233950 75 25  0  0  0	
128 84      0 69034064  14576  78528    0    0 124928    28 11454 233826 75 25  0  0  0	
130 78      0 69034064  14576  78528    0    0 126352     0 11597 233994 74 26  0  0  0	
126 78      0 69034064  14576  78528    0    0 126640     0 11480 233854 77 23  0  0  0	
130 68      0 69034064  14576  78528    0    0 124880     0 11376 233780 74 26  0  0  0	
127 80      0 69034064  14576  78528    0    0 125088     0 11384 231701 76 24  0  0  0	
122 81      0 69034064  14576  78528    0    0 128736     0 11604 234017 75 25  0  0  0	
126 87      0 69034064  14584  78528    0    0 126176    12 11471 234011 76 24  0  0  0	
128 74      0 69034064  14584  78528    0    0 125968     0 11401 234021 75 25  0  0  0	
127 75      0 69034064  14584  78528    0    0 125104     0 11331 233817 74 26  0  0  0	
129 81      0 69034064  14584  78528    0    0 127408     0 11544 233873 73 27  0  0  0	
123 72      0 69034064  14584  78528    0    0 126512     0 11436 234011 75 25  0  0  0	
125 84      0 69034064  14592  78528    0    0 122784    12 11329 233763 75 25  0  0  0	
136 81      0 69034064  14592  78528    0    0 123088     0 11263 233505 75 25  0  0  0	
128 88      0 69034064  14592  78528    0    0 127456     0 11490 233801 75 25  0  0  0	
procs -----------memory---------- ---swap-- -----io---- --system-- -----cpu-----
 r  b   swpd   free   buff  cache   si   so    bi    bo   in   cs us sy id wa st
125 84      0 69034064  14592  78528    0    0 125856     0 11458 232783 75 25  0  0  0	
125 75      0 69034064  14592  78528    0    0 124128     0 11369 234032 75 25  0  0  0	
124 81      0 69034064  14592  78528    0    0 126016     0 11467 233917 75 25  0  0  0	
127 73      0 69034064  14600  78532    0    0 125920    12 11469 233995 76 24  0  0  0	
128 85      0 69034064  14600  78532    0    0 126320    36 11380 233878 74 26  0  0  0	
132 85      0 69034064  14600  78532    0    0 126128     0 11507 233947 75 25  0  0  0	
127 84      0 69034064  14600  78532    0    0 125952     0 11447 233910 76 24  0  0  0	
126 74      0 69034064  14600  78532    0    0 125536     0 11407 233788 74 26  0  0  0	
132 73      0 69034064  14608  78532    0    0 127424    12 11585 234025 74 26  0  0  0	
123 76      0 69034064  14608  78532    0    0 125728     0 11360 233640 75 25  0  0  0	
125 70      0 69034064  14608  78532    0    0 122480     0 11330 228261 75 25  0  0  0	
128 77      0 69034064  14608  78532    0    0 123424     0 11285 234000 76 24  0  0  0	
126 83      0 69034064  14608  78532    0    0 124064     0 11326 233790 75 25  0  0  0	
127 70      0 69034064  14608  78532    0    0 124240     0 11330 233885 75 25  0  0  0	
130 78      0 69034064  14616  78532    0    0 125040    20 11452 233817 74 26  0  0  0	
128 85      0 69034064  14616  78532    0    0 123536     0 11282 233681 75 26  0  0  0	
131 85      0 69034064  14616  78536    0    0 124384     0 11394 230798 76 24  0  0  0	
129 80      0 69034064  14616  78536    0    0 123840     0 11293 233745 75 25  0  0  0	
126 80      0 69034064  14616  78536    0    0 124832     0 11333 233828 76 24  0  0  0	
131 83      0 69034064  14624  78536    0    0 127232    24 11543 233657 75 25  0  0  0	
125 86      0 69034064  14624  78536    0    0 125264     8 11409 232313 75 25  0  0  0	
procs -----------memory---------- ---swap-- -----io---- --system-- -----cpu-----
 r  b   swpd   free   buff  cache   si   so    bi    bo   in   cs us sy id wa st
131 87      0 69034064  14624  78536    0    0 124960     0 11339 234011 75 25  0  0  0	
129 84      0 69034064  14624  78536    0    0 127344     0 11504 233946 74 26  0  0  0	
128 81      0 69034064  14624  78536    0    0 125792     0 11494 233937 76 24  0  0  0	
128 78      0 69034064  14624  78536    0    0 126112     0 11375 234009 75 25  0  0  0	
125 80      0 69034064  14632  78536    0    0 126432    24 11447 233989 75 25  0  0  0	
132 78      0 69034064  14632  78536    0    0 125728     0 11427 233886 73 27  0  0  0	
127 79      0 69034064  14632  78536    0    0 129184     0 11590 233704 75 25  0  0  0	
126 56      0 69034064  14632  78536    0    0 125408     0 11338 233886 74 26  0  0  0	
127 83      0 69034064  14632  78536    0    0 125392     0 11385 233682 73 27  0  0  0	
126 80      0 69034064  14640  78536    0    0 125504    12 11456 231571 75 25  0  0  0	
128 79      0 69034064  14640  78536    0    0 127296     0 11493 233896 75 25  0  0  0	
124 78      0 69034064  14640  78536    0    0 124624     0 11322 233931 75 25  0  0  0	
121 76      0 69034064  14640  78536    0    0 126880     0 11450 229507 75 25  0  0  0	
124 82      0 69034064  14640  78536    0    0 125632     0 11564 234089 75 25  0  0  0	
123 79      0 69034064  14640  78536    0    0 127664     0 11490 233445 75 25  0  0  0	
127 79      0 69034064  14648  78536    0    0 122960    12 11257 233649 75 25  0  0  0	
125 83      0 69034064  14648  78536    0    0 125776     0 11411 233691 76 24  0  0  0	
130 72      0 69034064  14648  78536    0    0 123776     0 11268 233532 76 24  0  0  0	
127 76      0 69034064  14648  78536    0    0 125888     0 11420 233620 75 25  0  0  0	
127 74      0 69034064  14648  78536    0    0 125264    16 11558 232644 76 24  0  0  0	
129 85      0 69034064  14656  78536    0    0 126320    12 11431 234009 75 25  0  0  0	
procs -----------memory---------- ---swap-- -----io---- --system-- -----cpu-----
 r  b   swpd   free   buff  cache   si   so    bi    bo   in   cs us sy id wa st
124 79      0 69034064  14656  78536    0    0 125184     0 11393 233970 74 26  0  0  0	
123 84      0 69034064  14656  78536    0    0 126160     0 11482 234085 75 25  0  0  0	
129 85      0 69034064  14656  78536    0    0 125200     0 11368 233875 76 24  0  0  0	
131 74      0 69034064  14656  78536    0    0 126112     8 11363 233927 73 27  0  0  0	
128 86      0 69034064  14656  78548    0    0 124496     0 11355 233934 74 26  0  0  0	
126 85      0 69034064  14664  78548    0    0 125552    24 11434 233945 76 24  0  0  0	
127 83      0 69034064  14664  78548    0    0 128160     0 11605 234035 75 25  0  0  0	
127 77      0 69034064  14664  78552    0    0 123504     0 11298 233661 75 25  0  0  0	
123 80      0 69034064  14664  78552    0    0 124480     0 11316 229438 74 26  0  0  0	
123 79      0 69034064  14664  78552    0    0 128512     0 11490 233903 76 24  0  0  0	
127 79      0 69033936  14672  78552    0    0 122624    16 11240 233966 75 25  0  0  0	
133 76      0 69033936  14672  78552    0    0 122800     0 11274 233694 75 25  0  0  0	
132 74      0 69033936  14672  78552    0    0 125184     0 11400 233718 75 25  0  0  0	
128 78      0 69033936  14672  78552    0    0 125456     8 11394 233911 75 25  0  0  0	
130 79      0 69033936  14672  78552    0    0 122240     0 11266 233819 76 24  0  0  0	
126 84      0 69033936  14672  78552    0    0 127536     0 11494 233468 75 25  0  0  0	
126 81      0 69033936  14680  78552    0    0 124832    24 11330 233627 74 26  0  0  0	
108 36      0 69033936  14680  78552    0    0 124656     0 11486 233652 75 25  0  0  0	
125 84      0 69033936  14680  78552    0    0 124272     0 11429 228182 75 25  0  0  0	
124 80      0 69033936  14680  78552    0    0 123840     0 11322 233838 74 26  0  0  0	
121 78      0 69033936  14680  78552    0    0 127280     0 11532 234109 75 25  0  0  0	
procs -----------memory---------- ---swap-- -----io---- --system-- -----cpu-----
 r  b   swpd   free   buff  cache   si   so    bi    bo   in   cs us sy id wa st
124 86      0 69033816  14688  78552    0    0 126976    12 11565 234121 75 25  0  0  0	
133 84      0 69033816  14688  78552    0    0 126256     0 11495 234049 75 25  0  0  0	
128 84      0 69033816  14688  78552    0    0 128256     0 11552 233865 74 26  0  0  0	
130 74      0 69033816  14688  78552    0    0 125584     0 11490 233940 74 26  0  0  0	
124 74      0 69033816  14688  78552    0    0 125584     0 11457 233761 75 25  0  0  0	
128 82      0 69033816  14688  78552    0    0 125632     0 11409 233783 76 24  0  0  0	
131 73      0 69033816  14696  78552    0    0 124144    12 11303 233026 75 25  0  0  0	
122 79      0 69033816  14696  78552    0    0 125200     0 11350 232742 76 24  0  0  0	
129 78      0 69033816  14696  78552    0    0 124608     0 11373 233853 75 25  0  0  0	
126 68      0 69033816  14696  78552    0    0 125472     0 11540 234005 75 25  0  0  0	
54 16      0 69033816  14696  78552    0    0 123584     0 11443 234122 75 25  0  0  0	
120 80      0 69033816  14704  78552    0    0 128192    12 12659 233762 74 25  0  0  0	
126 75      0 69033816  14704  78552    0    0 123824     0 11318 233522 74 26  0  0  0	
128 72      0 69033816  14704  78552    0    0 123200    32 11341 233712 74 26  0  0  0	
130 79      0 69033816  14704  78552    0    0 126208     0 11431 233925 75 25  0  0  0	
129 81      0 69033312  14704  78552    0    0 125392     0 11478 233669 74 26  0  0  0	
131 81      0 69033568  14704  78556    0    0 123536     0 11245 232756 76 25  0  0  0	
125 82      0 69033568  14712  78556    0    0 123440    32 11341 228452 76 24  0  0  0	
124 86      0 69033568  14712  78560    0    0 123616     4 11295 233148 75 25  0  0  0	
133 76      0 69033568  14712  78560    0    0 126752     0 11452 233178 76 24  0  0  0	
129 76      0 69033568  14712  78560    0    0 123056     0 11239 233347 74 26  0  0  0	
procs -----------memory---------- ---swap-- -----io---- --system-- -----cpu-----
 r  b   swpd   free   buff  cache   si   so    bi    bo   in   cs us sy id wa st
129 78      0 69033568  14712  78560    0    0 124400     0 11341 233752 73 27  0  0  0	
126 89      0 69033568  14720  78560    0    0 124464    12 11322 233518 75 25  0  0  0	
126 79      0 69033568  14720  78560    0    0 128832     4 11583 233530 74 26  0  0  0	
129 79      0 69033568  14720  78560    0    0 126720     0 11481 232775 76 24  0  0  0	
130 78      0 69033568  14720  78564    0    0 126336     0 11430 233545 76 24  0  0  0	
129 85      0 69033568  14720  78564    0    0 125072     0 11367 228751 74 26  0  0  0	
126 77      0 69033568  14720  78564    0    0 124368     0 11394 233443 75 25  0  0  0	
132 79      0 69033568  14728  78564    0    0 125456    12 11416 233940 76 24  0  0  0	
129 85      0 69033568  14728  78564    0    0 125792     0 11436 233837 77 23  0  0  0	
126 82      0 69033568  14728  78564    0    0 125984     0 11401 233368 74 26  0  0  0	
129 72      0 69033568  14728  78564    0    0 127856     0 11541 233575 74 26  0  0  0	
129 86      0 69033568  14728  78564    0    0 124672     0 11356 233840 75 25  0  0  0	
130 79      0 69033568  14736  78564    0    0 125680    12 11432 233993 75 25  0  0  0	
125 83      0 69033568  14736  78564    0    0 126000     0 11438 233796 75 25  0  0  0	
127 80      0 69033568  14736  78564    0    0 126864     0 11444 233885 75 25  0  0  0	
124 73      0 69033568  14736  78564    0    0 127168     0 11485 233423 75 25  0  0  0	
124 78      0 69033568  14736  78564    0    0 123280     0 11351 231821 75 25  0  0  0	
127 72      0 69033568  14736  78564    0    0 123232     0 11284 233844 76 24  0  0  0	
126 88      0 69033568  14744  78564    0    0 126592    12 11461 233956 75 25  0  0  0	
126 77      0 69033568  14744  78564    0    0 124816     0 11360 233924 76 24  0  0  0	
125 81      0 69033568  14744  78564    0    0 125152     0 11374 233814 75 25  0  0  0	
procs -----------memory---------- ---swap-- -----io---- --system-- -----cpu-----
 r  b   swpd   free   buff  cache   si   so    bi    bo   in   cs us sy id wa st
127 83      0 69033568  14744  78564    0    0 126608     0 11452 233860 76 24  0  0  0	
130 76      0 69033568  14744  78564    0    0 124368     0 11362 233890 74 26  0  0  0	
123 84      0 69032032  14752  78564    0    0 121952    12 11218 233796 76 24  0  0  0	
130 82      0 69032032  14752  78564    0    0 126720     0 11392 233879 74 26  0  0  0	
124 82      0 69033072  14752  78568    0    0 127168     0 11512 232960 74 26  0  0  0	
125 75      0 69033072  14752  78568    0    0 124880     0 11371 225302 75 25  0  0  0	
117 43      0 69033072  14752  78568    0    0 127120     0 11612 234030 74 26  0  0  0	
131 78      0 69033072  14752  78568    0    0 123648    24 11344 233912 75 25  0  0  0	
127 78      0 69033072  14760  78568    0    0 126208    40 11402 233875 76 24  0  0  0	
126 73      0 69033072  14760  78572    0    0 126944     0 11484 233899 74 26  0  0  0	
125 77      0 69033072  14760  78572    0    0 126512     0 11409 233877 76 24  0  0  0	
127 82      0 69033072  14760  78572    0    0 126704     0 11445 233852 75 25  0  0  0	
127 76      0 69033072  14760  78572    0    0 127456     8 11465 233704 76 24  0  0  0	
128 82      0 69033072  14768  78572    0    0 125648    24 11399 234030 75 25  0  0  0	
131 83      0 69033072  14768  78572    0    0 124352     0 11344 233041 76 24  0  0  0	
130 82      0 69033072  14768  78572    0    0 126960     0 11530 232572 76 24  0  0  0	
130 85      0 69033072  14768  78572    0    0 125008     0 11399 233895 75 25  0  0  0	
130 87      0 69033072  14768  78572    0    0 124864     0 11370 234018 74 26  0  0  0	
127 83      0 69033072  14768  78572    0    0 125200     0 11359 233736 76 24  0  0  0	
124 83      0 69033072  14776  78572    0    0 125968    12 11404 233989 74 26  0  0  0	
126 86      0 69033072  14776  78572    0    0 127152     0 11401 233793 75 25  0  0  0	
procs -----------memory---------- ---swap-- -----io---- --system-- -----cpu-----
 r  b   swpd   free   buff  cache   si   so    bi    bo   in   cs us sy id wa st
135 89      0 69033072  14776  78572    0    0 126464     0 11475 234031 75 25  0  0  0	
133 79      0 69033072  14776  78572    0    0 125120     0 11369 233731 75 25  0  0  0	
128 71      0 69033072  14776  78572    0    0 126368     0 11730 234152 74 26  0  0  0	
128 79      0 69033072  14784  78572    0    0 120784    12 11221 233000 75 25  0  0  0	
126 41      0 69033072  14784  78576    0    0 124304     0 11391 232518 76 24  0  0  0	
132 79      0 69033072  14784  78576    0    0 126512     0 11496 234048 75 25  0  0  0	
133 80      0 69033072  14784  78576    0    0 126768     0 11409 233813 74 26  0  0  0	
131 76      0 69033072  14784  78576    0    0 126768     0 11526 233838 76 24  0  0  0	
132 73      0 69033072  14784  78576    0    0 126368     0 11429 233791 75 26  0  0  0	
129 80      0 69033072  14792  78576    0    0 125408    12 11373 234044 75 25  0  0  0	
131 89      0 69033072  14792  78576    0    0 126192     0 11462 234053 73 27  0  0  0	
132 77      0 69033072  14792  78576    0    0 125216     8 11390 233075 75 25  0  0  0	
79 71      0 69033072  14792  78576    0    0 122272     0 11237 231256 73 27  0  0  0	
132 70      0 69033072  14792  78576    0    0 124976     0 11470 232930 75 25  0  0  0	
135 76      0 69033072  14800  78576    0    0 121376    28 11225 227803 74 26  0  0  0	
129 76      0 69033072  14800  78576    0    0 124112     0 11303 233999 74 26  0  0  0	
132 78      0 69033072  14800  78576    0    0 127808    12 11549 234024 75 26  0  0  0	
126 75      0 69033072  14800  78576    0    0 127792     0 11532 233955 76 24  0  0  0	
127 70      0 69033072  14800  78576    0    0 126496     0 11466 233997 75 25  0  0  0	
130 71      0 69033072  14800  78576    0    0 122688     0 11348 233666 75 25  0  0  0	
125 74      0 69033072  14808  78580    0    0 126768    24 11462 234045 75 25  0  0  0	
procs -----------memory---------- ---swap-- -----io---- --system-- -----cpu-----
 r  b   swpd   free   buff  cache   si   so    bi    bo   in   cs us sy id wa st
132 79      0 69033072  14808  78580    0    0 126672    40 11463 233364 76 24  0  0  0	
131 77      0 69033072  14808  78580    0    0 125136     0 11468 233998 75 25  0  0  0	
131 76      0 69033072  14808  78580    0    0 125968     0 11460 233142 75 25  0  0  0	
128 81      0 69033072  14808  78580    0    0 127536     0 11516 233644 75 25  0  0  0	
128 86      0 69033072  14816  78580    0    0 125376    12 11284 233671 75 25  0  0  0	
132 87      0 69033072  14816  78580    0    0 126624     0 11565 233738 74 26  0  0  0	
136 74      0 69033072  14816  78580    0    0 124384     8 11356 233312 75 25  0  0  0	
132 82      0 69033072  14816  78580    0    0 126560     0 11415 233768 75 25  0  0  0	
128 75      0 69033072  14816  78580    0    0 125104     0 11335 233840 74 26  0  0  0	
129 79      0 69033072  14816  78580    0    0 127824     0 11549 233533 74 26  0  0  0	
128 84      0 69033072  14824  78580    0    0 127136    24 11487 233840 75 25  0  0  0	
132 75      0 69033072  14824  78580    0    0 125792     0 11388 233978 76 24  0  0  0	
128 84      0 69033072  14824  78580    0    0 122640     0 11228 233011 74 26  0  0  0	
128 81      0 69033072  14824  78580    0    0 127776     0 11535 232530 74 26  0  0  0	
135 82      0 69033072  14824  78580    0    0 126400     0 11429 233929 75 25  0  0  0	
130 84      0 69033072  14832  78580    0    0 123808    12 11378 233985 75 25  0  0  0	
130 86      0 69033072  14832  78580    0    0 127344     0 11504 234060 76 24  0  0  0	
132 81      0 69033072  14832  78580    0    0 125056     0 11424 233970 75 26  0  0  0	
128 84      0 69033072  14832  78580    0    0 125616     0 11521 234360 75 25  0  0  0	
128 81      0 69033072  14832  78580    0    0 128528     0 11547 234065 74 26  0  0  0	
128 83      0 69033072  14832  78580    0    0 126400     0 11464 233692 74 26  0  0  0	
procs -----------memory---------- ---swap-- -----io---- --system-- -----cpu-----
 r  b   swpd   free   buff  cache   si   so    bi    bo   in   cs us sy id wa st
133 76      0 69033072  14840  78580    0    0 125360    16 11377 233967 76 24  0  0  0	
127 84      0 69033072  14840  78580    0    0 124048     0 11296 232910 75 25  0  0  0	
129 78      0 69033072  14840  78580    0    0 121136     0 11151 225901 77 24  0  0  0	
133 86      0 69033072  14840  78580    0    0 125408     0 11426 234031 75 25  0  0  0	
136 81      0 69033072  14840  78580    0    0 127072     0 11440 233924 74 26  0  0  0	
134 80      0 69033072  14848  78584    0    0 125008    20 11376 233821 74 26  0  0  0	
126 78      0 69033072  14848  78584    0    0 120768     0 11170 233709 74 26  0  0  0	
133 76      0 69033072  14848  78584    0    0 123504     0 11304 233512 74 26  0  0  0	
131 77      0 69033072  14848  78584    0    0 125920     0 11475 233649 74 26  0  0  0	
131 70      0 69033072  14848  78584    0    0 124368     0 11329 232921 75 25  0  0  0	
62 11      0 69033072  14848  78584    0    0 124592     0 11353 233305 75 25  0  0  0	
125 69      0 69033072  14856  78588    0    0 126192    24 11548 232589 76 24  0  0  0	
128 82      0 69033072  14856  78588    0    0 125472     0 11449 232966 75 25  0  0  0	
132 87      0 69033072  14856  78588    0    0 126064     0 11419 233483 75 25  0  0  0	
131 83      0 69033072  14856  78588    0    0 125280     0 11332 233780 75 25  0  0  0	
130 75      0 69033072  14856  78588    0    0 124256    24 11352 233969 75 25  0  0  0	
128 76      0 69033072  14864  78588    0    0 125024    12 11369 234021 74 26  0  0  0	
124 76      0 69033072  14864  78588    0    0 124928     0 11344 233879 75 25  0  0  0	
131 85      0 69033072  14864  78588    0    0 126064     0 11436 233841 75 25  0  0  0	
132 76      0 69033072  14864  78588    0    0 124304     0 11328 233778 75 25  0  0  0	
133 81      0 69033072  14864  78588    0    0 126144     8 11414 233842 76 25  0  0  0	
procs -----------memory---------- ---swap-- -----io---- --system-- -----cpu-----
 r  b   swpd   free   buff  cache   si   so    bi    bo   in   cs us sy id wa st
135 82      0 69033072  14864  78588    0    0 125456     0 11391 232658 74 26  0  0  0	
137 79      0 69033072  14872  78588    0    0 123296    24 11284 228533 76 24  0  0  0	
130 80      0 69033072  14872  78588    0    0 125216     0 11362 234063 73 27  0  0  0	
128 89      0 69033072  14872  78588    0    0 122976     0 11243 233787 75 25  0  0  0	
130 76      0 69033072  14872  78588    0    0 126304     0 11481 233925 74 26  0  0  0	
133 80      0 69033072  14872  78588    0    0 126144     0 11453 233904 75 25  0  0  0	
134 80      0 69032944  14880  78588    0    0 121920    12 11192 233892 74 26  0  0  0	
132 81      0 69032944  14880  78588    0    0 126672     0 11420 233566 75 25  0  0  0	
129 85      0 69032944  14880  78588    0    0 122336     0 11238 232892 75 25  0  0  0	
131 82      0 69032944  14880  78588    0    0 123360     0 11238 231149 75 25  0  0  0	
128 76      0 69032944  14880  78588    0    0 123696     4 11328 232743 75 25  0  0  0	
128 86      0 69032944  14880  78588    0    0 124848     0 11345 233721 75 25  0  0  0	
131 75      0 69032944  14888  78588    0    0 126928    12 11450 234054 75 25  0  0  0	
131 77      0 69032944  14888  78588    0    0 125968     0 11412 233991 76 24  0  0  0	
128 85      0 69032944  14888  78588    0    0 128176     0 11613 234025 75 25  0  0  0	
134 84      0 69032944  14888  78588    0    0 124448     8 11412 234004 76 24  0  0  0	
130 71      0 69032944  14888  78588    0    0 127600     0 11483 233919 75 25  0  0  0	
130 84      0 69032944  14896  78588    0    0 126368    24 11418 233995 75 25  0  0  0	
131 78      0 69032944  14896  78588    0    0 123696     0 11459 233174 75 25  0  0  0	
131 77      0 69032944  14896  78588    0    0 125424     0 11452 233374 75 25  0  0  0	
128 84      0 69032944  14896  78588    0    0 125472     0 11424 232471 75 25  0  0  0	
procs -----------memory---------- ---swap-- -----io---- --system-- -----cpu-----
 r  b   swpd   free   buff  cache   si   so    bi    bo   in   cs us sy id wa st
131 78      0 69032944  14896  78588    0    0 127328     0 11781 233429 75 25  0  0  0	
131 86      0 69032944  14896  78592    0    0 124992     0 11426 233528 74 26  0  0  0	
123 81      0 69032944  14904  78592    0    0 125216    12 11425 233698 75 25  0  0  0	
132 75      0 69032944  14904  78592    0    0 125664     0 11447 233866 74 26  0  0  0	
125 82      0 69032944  14904  78592    0    0 124656    16 11353 233966 74 26  0  0  0	
127 86      0 69032944  14904  78596    0    0 127488     0 11446 233906 75 25  0  0  0	
125 79      0 69032944  14904  78596    0    0 125920     0 11429 233930 74 26  0  0  0	
129 77      0 69032944  14912  78596    0    0 127024    12 11456 233762 75 25  0  0  0	
136 77      0 69032944  14912  78596    0    0 122912     0 11305 233881 76 24  0  0  0	
128 83      0 69032944  14912  78596    0    0 127840     8 11553 232457 75 25  0  0  0	
133 83      0 69032944  14912  78596    0    0 122240     0 11244 227993 75 25  0  0  0	
130 82      0 69032944  14912  78596    0    0 124272     0 11321 233671 76 24  0  0  0	
132 79      0 69032944  14912  78596    0    0 127184     0 11490 234026 75 25  0  0  0	
126 85      0 69032944  14920  78596    0    0 125152    24 11376 233906 74 26  0  0  0	
129 74      0 69032944  14920  78596    0    0 124784     0 11312 233700 76 24  0  0  0	
134 76      0 69032944  14920  78596    0    0 120864     0 11170 233479 76 24  0  0  0	
128 78      0 69032944  14920  78596    0    0 125248     0 11309 233606 75 25  0  0  0	
128 77      0 69032944  14920  78596    0    0 124928     0 11378 233244 74 26  0  0  0	
129 40      0 69032944  14928  78596    0    0 124496    12 11401 232995 74 26  0  0  0	
126 74      0 69032944  14928  78596    0    0 120800     0 11153 232399 75 26  0  0  0	
133 67      0 69032944  14928  78596    0    0 122880     0 11249 230153 76 24  0  0  0	
procs -----------memory---------- ---swap-- -----io---- --system-- -----cpu-----
 r  b   swpd   free   buff  cache   si   so    bi    bo   in   cs us sy id wa st
133 85      0 69032944  14928  78596    0    0 128784     0 11575 233822 75 25  0  0  0	
128 77      0 69032944  14928  78596    0    0 125136     0 11496 233968 77 23  0  0  0	
128 72      0 69032944  14928  78596    0    0 124928     0 11333 233796 74 26  0  0  0	
131 83      0 69032944  14936  78596    0    0 129152    12 11574 233936 75 25  0  0  0	
128 76      0 69032944  14936  78596    0    0 123168     0 11182 233772 75 25  0  0  0	
131 81      0 69032944  14936  78596    0    0 128400     0 11508 233964 75 25  0  0  0	
126 69      0 69032944  14936  78596    0    0 125280     0 11845 233404 76 24  0  0  0	
127 87      0 69032944  14936  78596    0    0 125392     0 11470 234071 75 25  0  0  0	
135 76      0 69032944  14944  78596    0    0 123344    12 11332 232523 74 26  0  0  0	
130 77      0 69032944  14944  78596    0    0 124192     8 11273 233928 75 25  0  0  0	
134 80      0 69032944  14944  78596    0    0 125840     0 11416 233884 75 25  0  0  0	
131 78      0 69032944  14944  78596    0    0 125264     0 11377 233486 74 26  0  0  0	
133 82      0 69032944  14944  78596    0    0 126384     0 11441 233844 75 26  0  0  0	
131 76      0 69032944  14944  78600    0    0 123488     0 11332 233851 75 25  0  0  0	
129 71      0 69032944  14952  78600    0    0 124624    24 11317 233822 73 27  0  0  0	
128 75      0 69032944  14952  78600    0    0 123872     0 11313 233899 75 25  0  0  0	
130 84      0 69032944  14952  78600    0    0 125312     0 11399 232995 73 27  0  0  0	
131 78      0 69032944  14952  78600    0    0 124976     0 11359 233997 74 26  0  0  0	
129 72      0 69032944  14952  78600    0    0 124800     0 12305 232576 75 25  0  0  0	
125 86      0 69032944  14960  78600    0    0 123520    36 11345 228673 75 25  0  0  0	
135 72      0 69032944  14960  78600    0    0 124384     0 11314 233883 76 24  0  0  0	
procs -----------memory---------- ---swap-- -----io---- --system-- -----cpu-----
 r  b   swpd   free   buff  cache   si   so    bi    bo   in   cs us sy id wa st
132 82      0 69032944  14960  78600    0    0 122432     0 11247 233918 75 25  0  0  0	
130 84      0 69032944  14960  78600    0    0 126496     0 11441 233956 76 24  0  0  0	
133 80      0 69032944  14960  78600    0    0 125712     0 11390 233922 75 25  0  0  0	
132 80      0 69032944  14968  78600    0    0 125904    12 11410 233843 75 25  0  0  0	
130 73      0 69032944  14968  78600    0    0 125984     0 11365 233808 75 25  0  0  0	
128 83      0 69032944  14968  78600    0    0 125952     0 11380 233533 76 24  0  0  0	
129 76      0 69032944  14968  78604    0    0 123936     0 11298 233763 75 25  0  0  0	
134 84      0 69032944  14968  78604    0    0 124064     0 11306 232441 75 25  0  0  0	
131 81      0 69032944  14968  78604    0    0 124528     0 11348 231037 76 24  0  0  0	
135 60      0 69032824  14976  78704    0    0 125220    12 11525 234028 74 26  0  0  0	
125 85      0 69032824  14976  78708    0    0 124992     0 11360 234015 75 25  0  0  0	
131 76      0 69032824  14976  78708    0    0 124336     0 11424 234144 75 25  0  0  0	
133 78      0 69032824  14976  78708    0    0 127136     0 11524 234053 75 25  0  0  0	
133 80      0 69032824  14976  78708    0    0 127168     0 11510 233728 73 27  0  0  0	
127 79      0 69032824  14984  78708    0    0 127696    20 11503 233955 75 25  0  0  0	
134 72      0 69032824  14984  78708    0    0 125568     0 11395 233145 76 24  0  0  0	
130 78      0 69032824  14984  78708    0    0 129200     0 12264 233786 73 26  0  0  0	
131 77      0 69032824  14984  78708    0    0 123536     0 11390 232840 74 26  0  0  0	
136 77      0 69032824  14984  78708    0    0 126144     8 11461 233638 74 26  0  0  0	
129 77      0 69032824  14984  78708    0    0 123232     0 11232 233773 75 25  0  0  0	
131 82      0 69032824  14992  78708    0    0 122672    24 11216 233949 75 25  0  0  0	
procs -----------memory---------- ---swap-- -----io---- --system-- -----cpu-----
 r  b   swpd   free   buff  cache   si   so    bi    bo   in   cs us sy id wa st
136 75      0 69032824  14992  78708    0    0 126080     0 11495 233936 74 26  0  0  0	
131 86      0 69032824  14992  78708    0    0 126368     0 11406 233946 76 24  0  0  0	
135 85      0 69032824  14992  78708    0    0 127552     0 11549 233718 76 24  0  0  0	
132 81      0 69032824  14992  78712    0    0 128544     0 11541 233883 75 25  0  0  0	
127 78      0 69032824  15000  78712    0    0 124336    12 11316 233450 74 26  0  0  0	
133 83      0 69032824  15000  78712    0    0 125968     0 11393 233851 75 25  0  0  0	
136 83      0 69032824  15000  78712    0    0 125136     0 11405 232129 73 27  0  0  0	
135 82      0 69032824  15000  78712    0    0 123648     0 11228 229849 75 25  0  0  0	
130 75      0 69032824  15000  78712    0    0 125200     0 11376 233466 76 24  0  0  0	
130 84      0 69032824  15000  78712    0    0 123760     0 11279 233804 75 25  0  0  0	
132 85      0 69032704  15008  78712    0    0 122544    12 11251 233786 76 24  0  0  0	
131 77      0 69032704  15008  78712    0    0 125664     0 11352 233862 75 25  0  0  0	
129 86      0 69032704  15008  78712    0    0 124560     0 11365 233912 74 26  0  0  0	
131 79      0 69032704  15008  78712    0    0 126336    20 11521 233873 75 25  0  0  0	
136 90      0 69032704  15008  78712    0    0 127328     0 11451 233820 76 24  0  0  0	
135 70      0 69032704  15016  78712    0    0 124176    24 11323 233949 74 26  0  0  0	
129 82      0 69032704  15016  78712    0    0 125040     0 11405 231922 76 25  0  0  0	
133 83      0 69032704  15016  78712    0    0 124432     0 11359 233454 75 26  0  0  0	
132 72      0 69032704  15016  78712    0    0 125872     0 11473 233870 74 26  0  0  0	
131 70      0 69032704  15016  78712    0    0 126928     0 11523 233996 76 24  0  0  0	
131 81      0 69032704  15016  78712    0    0 127184     0 11500 233968 74 26  0  0  0	
procs -----------memory---------- ---swap-- -----io---- --system-- -----cpu-----
 r  b   swpd   free   buff  cache   si   so    bi    bo   in   cs us sy id wa st
129 79      0 69032704  15024  78712    0    0 126880    16 11506 234066 75 25  0  0  0	
129 72      0 69032704  15024  78712    0    0 125824     0 11385 233739 75 25  0  0  0	
135 80      0 69032704  15024  78712    0    0 126064    12 11380 233796 74 26  0  0  0	
135 86      0 69032704  15024  78712    0    0 124992     0 11314 233777 76 24  0  0  0	
126 87      0 69031136  15024  78712    0    0 125536     0 11420 233313 76 24  0  0  0	
138 74      0 69032016  15032  78712    0    0 123792    32 11248 232089 75 25  0  0  0	
136 78      0 69032048  15032  78720    0    0 125744     0 11397 230814 75 25  0  0  0	
131 82      0 69032048  15032  78720    0    0 126048     8 11374 233916 74 26  0  0  0	
127 80      0 69032048  15032  78720    0    0 125344     0 11406 233934 73 27  0  0  0	
133 78      0 69032048  15032  78720    0    0 125760     0 11409 234156 75 25  0  0  0	
133 70      0 69032048  15032  78720    0    0 127456     0 11487 234096 74 26  0  0  0	
131 82      0 69032048  15040  78720    0    0 125632    32 11368 233458 75 25  0  0  0	
127 85      0 69032048  15040  78720    0    0 127152     0 11377 233974 76 24  0  0  0	
129 77      0 69032048  15040  78720    0    0 124528     0 11359 233658 74 26  0  0  0	
128 79      0 69032048  15040  78720    0    0 127680     0 11522 233796 75 25  0  0  0	
134 84      0 69032048  15040  78724    0    0 121504     0 11197 231975 74 26  0  0  0	
134 77      0 69032048  15048  78724    0    0 121488    12 11216 229201 76 24  0  0  0	
133 81      0 69032048  15048  78724    0    0 126320     0 11444 233966 74 26  0  0  0	
133 82      0 69032048  15048  78724    0    0 126432     0 11435 233923 75 25  0  0  0	
133 83      0 69032048  15048  78724    0    0 126464     0 11436 233874 75 25  0  0  0	
132 88      0 69032048  15048  78724    0    0 127040     0 11482 233958 75 25  0  0  0	
procs -----------memory---------- ---swap-- -----io---- --system-- -----cpu-----
 r  b   swpd   free   buff  cache   si   so    bi    bo   in   cs us sy id wa st
130 77      0 69032048  15048  78724    0    0 125072     0 11388 233434 76 24  0  0  0	
135 81      0 69032048  15056  78724    0    0 125408    12 11431 233928 74 26  0  0  0	
133 77      0 69032048  15056  78724    0    0 126208     0 11432 233152 75 25  0  0  0	
137 80      0 69032048  15056  78724    0    0 125808     0 11379 233950 74 26  0  0  0	
129 84      0 69032048  15056  78724    0    0 126096     0 11456 232273 76 24  0  0  0	
126 82      0 69032048  15056  78724    0    0 124816     0 11365 233943 75 25  0  0  0	
133 84      0 69031920  15064  78724    0    0 127232    44 11560 233924 75 25  0  0  0	
133 81      0 69031920  15064  78724    0    0 124432     0 11490 233964 75 25  0  0  0	
134 81      0 69031920  15064  78724    0    0 127536     0 11596 233971 73 27  0  0  0	
129 81      0 69031920  15064  78724    0    0 125216     0 11421 233864 75 25  0  0  0	
130 81      0 69031920  15064  78724    0    0 128144     0 11521 233891 76 24  0  0  0	
133 76      0 69031920  15064  78724    0    0 125184     0 11368 233800 75 25  0  0  0	
128 79      0 69031920  15072  78724    0    0 124016    24 11554 232378 74 26  0  0  0	
135 68      0 69031920  15072  78724    0    0 121968     0 11990 232384 74 25  0  0  0	
128 75      0 69031920  15072  78724    0    0 125664     0 11459 232179 75 25  0  0  0	
133 74      0 69031920  15072  78724    0    0 127424     0 11528 233557 75 25  0  0  0	
127 80      0 69031920  15072  78724    0    0 123968     0 11346 234043 75 25  0  0  0	
134 76      0 69031920  15080  78724    0    0 125872    32 11325 233794 74 26  0  0  0	
130 76      0 69031920  15080  78724    0    0 122960     0 11358 233857 75 25  0  0  0	
127 82      0 69031920  15080  78724    0    0 126128     0 11458 233650 74 26  0  0  0	
137 76      0 69031920  15080  78724    0    0 125568     0 11536 233710 75 25  0  0  0	
procs -----------memory---------- ---swap-- -----io---- --system-- -----cpu-----
 r  b   swpd   free   buff  cache   si   so    bi    bo   in   cs us sy id wa st
128 79      0 69031920  15080  78724    0    0 121712     0 11258 229515 75 25  0  0  0	
126 77      0 69031920  15088  78724    0    0 126912    32 11455 233694 75 26  0  0  0	
115 68      0 69031920  15088  78724    0    0 124640     0 11376 233934 75 25  0  0  0	
131 72      0 69031920  15088  78724    0    0 123024     0 11308 231451 75 25  0  0  0	
125 76      0 69031920  15088  78724    0    0 126592     0 11506 233772 76 24  0  0  0	
121 75      0 69031920  15088  78728    0    0 123136     0 11281 233525 76 24  0  0  0	
132 79      0 69031920  15088  78732    0    0 125824     0 11415 233530 75 25  0  0  0	
128 79      0 69031920  15096  78732    0    0 123104    12 11235 233493 76 24  0  0  0	
131 73      0 69031920  15096  78732    0    0 122304     0 11215 233590 75 25  0  0  0	
132 77      0 69031920  15096  78732    0    0 124064     0 11336 233574 74 26  0  0  0	
133 72      0 69031920  15096  78732    0    0 125744     0 11399 233817 74 26  0  0  0	
130 77      0 69031920  15096  78732    0    0 126928     0 11508 233720 76 24  0  0  0	
133 81      0 69031920  15104  78732    0    0 125968    12 11462 233977 74 26  0  0  0	
127 74      0 69031920  15104  78732    0    0 124176     0 11492 231907 74 26  0  0  0	
138 82      0 69031920  15104  78732    0    0 127248     0 11543 233351 75 25  0  0  0	
131 69      0 69031920  15104  78732    0    0 126560     0 11444 233933 76 24  0  0  0	
131 81      0 69031920  15104  78732    0    0 125952     8 11425 234036 75 25  0  0  0	
133 81      0 69031920  15104  78732    0    0 124368     0 11355 233883 75 25  0  0  0	
133 72      0 69031920  15112  78732    0    0 124016    24 11346 233876 74 26  0  0  0	
133 82      0 69031920  15112  78732    0    0 125728     0 11410 233871 75 25  0  0  0	
129 71      0 69031920  15112  78732    0    0 124784     0 11370 233995 75 25  0  0  0	
procs -----------memory---------- ---swap-- -----io---- --system-- -----cpu-----
 r  b   swpd   free   buff  cache   si   so    bi    bo   in   cs us sy id wa st
133 76      0 69031920  15112  78732    0    0 124320    24 11317 230782 74 26  0  0  0	
134 81      0 69031920  15112  78732    0    0 127440     0 11480 233986 75 25  0  0  0	
134 62      0 69031920  15120  78732    0    0 123648    12 11351 231850 75 25  0  0  0	
132 80      0 69031920  15120  78732    0    0 124592     0 11379 229255 75 25  0  0  0	
128 77      0 69031920  15120  78732    0    0 127264     0 11465 233898 74 26  0  0  0	
132 71      0 69031920  15120  78732    0    0 126896     0 11489 233811 75 25  0  0  0	
128 76      0 69031920  15120  78732    0    0 125440     0 11458 233799 74 26  0  0  0	
133 82      0 69031920  15120  78732    0    0 128688     0 11568 233976 75 25  0  0  0	
126 79      0 69031920  15128  78732    0    0 123344    12 11471 233818 75 25  0  0  0	
132 76      0 69031920  15128  78732    0    0 127760     0 11469 233915 75 25  0  0  0	
131 76      0 69031920  15128  78732    0    0 126848     8 11600 233968 74 26  0  0  0	
134 87      0 69031920  15128  78732    0    0 128656     0 11624 233905 75 25  0  0  0	
130 78      0 69031920  15128  78732    0    0 127696     0 11551 232171 75 25  0  0  0	
130 85      0 69031920  15136  78732    0    0 126432    24 11435 233905 75 26  0  0  0	
128 77      0 69031920  15136  78732    0    0 125264     0 11379 233822 75 25  0  0  0	
133 76      0 69031920  15136  78732    0    0 124464     0 11335 233963 74 26  0  0  0	
133 71      0 69031920  15136  78732    0    0 124864     0 11386 233932 75 25  0  0  0	
134 82      0 69031920  15136  78736    0    0 125024     0 11319 233934 75 25  0  0  0	
131 78      0 69031920  15136  78736    0    0 126928     0 11538 233268 74 26  0  0  0	
135 81      0 69031920  15144  78736    0    0 126304    12 11479 233983 75 25  0  0  0	
133 78      0 69031920  15144  78736    0    0 123760     0 12067 232394 76 24  0  1  0	
procs -----------memory---------- ---swap-- -----io---- --system-- -----cpu-----
 r  b   swpd   free   buff  cache   si   so    bi    bo   in   cs us sy id wa st
130 82      0 69032368  15144  78736    0    0 125056     0 11572 234023 75 25  0  0  0	
132 77      0 69032048  15144  78736    0    0 129072     0 11659 232862 75 25  0  0  0	
134 87      0 69032048  15144  78736    0    0 123840     0 11324 233879 75 25  0  0  0	
134 78      0 69032048  15152  78736    0    0 124272    20 11329 233087 75 25  0  0  0	
131 77      0 69032048  15152  78736    0    0 125008     0 11412 234166 75 25  0  0  0	
133 76      0 69032048  15152  78736    0    0 125440     4 11424 234130 75 25  0  0  0	
131 72      0 69032048  15152  78736    0    0 128624     0 11620 233986 76 24  0  0  0	
131 74      0 69032048  15152  78740    0    0 125664     0 11608 231433 76 24  0  0  0	
133 76      0 69032048  15152  78740    0    0 126384     0 11392 233801 75 25  0  0  0	
134 87      0 69032048  15160  78740    0    0 125424    12 11397 233433 75 26  0  0  0	
127 74      0 69032048  15160  78740    0    0 127968     0 11530 233745 74 26  0  0  0	
134 76      0 69032048  15160  78740    0    0 122176     0 11822 227936 75 25  0  0  0	
129 84      0 69032048  15160  78740    0    0 123520     0 11348 233751 74 26  0  0  0	
131 81      0 69032048  15168  78732    0    0 122128    12 11252 233867 75 25  0  0  0	
131 83      0 69032048  15168  78740    0    0 127408     0 11497 233989 74 26  0  0  0	
132 70      0 69032048  15168  78740    0    0 125408    20 11408 233027 75 25  0  0  0	
133 78      0 69032048  15168  78740    0    0 127024     0 11439 233718 75 25  0  0  0	
128 83      0 69032048  15168  78740    0    0 128528     0 11470 233823 74 27  0  0  0	
79 14      0 69052496  15176  78732    0    0 124480    12 14623 230773 73 27  0  0  0	
