procs -----------memory---------- ---swap-- -----io---- --system-- -----cpu-----
 r  b   swpd   free   buff  cache   si   so    bi    bo   in   cs us sy id wa st
 1  0      0 69347480  13100  73636    0    0  1424  2092   72   62 25  6 63  5  0	
127 31      0 69044680  13100  73664    0    0 24816     0 239452 280231 25 11 62  1  2	
124 74      0 69037360  13100  73664    0    0 129360     0 21324 243395 79 21  0  0  0	
128 86      0 69032656  13100  73664    0    0 134624     0 18293 246763 79 21  0  0  0	
124 81      0 69028432  13108  73664    0    0 136416    44 15553 252241 79 21  0  0  0	
126 83      0 69026944  13108  73664    0    0 134144     0 12646 251874 80 20  0  0  0	
124 80      0 69025336  13108  73664    0    0 135872     0 12645 252321 79 21  0  0  0	
124 82      0 69024720  13108  73664    0    0 135792     0 12104 251523 79 21  0  0  0	
126 81      0 69023968  13108  73664    0    0 134384     0 11978 252240 80 20  0  0  0	
125 70      0 69022976  13116  73656    0    0 132576    20 12019 248226 80 20  0  0  0	
125 78      0 69022480  13116  73664    0    0 135312     0 12014 252210 80 20  0  0  0	
108 28      0 69022360  13116  73664    0    0 134672     0 12129 252297 79 21  0  0  0	
124 79      0 69022112  13116  73664    0    0 133376     0 11905 252242 79 21  0  0  0	
127 84      0 69021744  13116  73664    0    0 134800     0 12102 248196 80 20  0  0  0	
132 86      0 69021368  13116  73664    0    0 135216     0 11973 251945 79 21  0  0  0	
125 81      0 69021248  13124  73664    0    0 134208    24 12067 250718 79 21  0  0  0	
128 88      0 69021248  13124  73664    0    0 133328     0 11954 251556 80 20  0  0  0	
127 87      0 69021248  13124  73664    0    0 135456     0 12006 252104 80 20  0  0  0	
128 86      0 69021248  13124  73664    0    0 135376     0 12049 252223 79 21  0  0  0	
126 82      0 69021248  13124  73664    0    0 133152     0 11961 251344 78 22  0  0  0	
127 83      0 69021120  13132  73656    0    0 139200    28 12315 252265 81 19  0  0  0	
procs -----------memory---------- ---swap-- -----io---- --system-- -----cpu-----
 r  b   swpd   free   buff  cache   si   so    bi    bo   in   cs us sy id wa st
130 82      0 69020992  13132  73664    0    0 135328     0 12057 250961 80 20  0  0  0	
131 68      0 69020872  13132  73664    0    0 139392     0 12219 251830 80 20  0  0  0	
126 73      0 69020872  13132  73664    0    0 135696     0 12142 250699 79 21  0  0  0	
133 84      0 69020872  13132  73664    0    0 135120     0 12056 252040 80 20  0  0  0	
129 82      0 69020872  13140  73656    0    0 135040    16 12097 248642 79 21  0  0  0	
130 76      0 69020872  13140  73664    0    0 134304     0 11948 252186 79 21  0  0  0	
126 87      0 69020872  13140  73664    0    0 136112     0 12058 251590 78 22  0  0  0	
131 75      0 69020872  13140  73664    0    0 134592     0 11959 252254 79 21  0  0  0	
127 84      0 69020872  13140  73664    0    0 135216     0 12038 251911 78 22  0  0  0	
125 83      0 69020872  13140  73664    0    0 134496     0 12115 252284 78 22  0  0  0	
133 88      0 69020752  13148  73664    0    0 136016    12 12039 251738 80 20  0  0  0	
125 81      0 69020752  13148  73664    0    0 132384     0 11843 252166 78 22  0  0  0	
131 87      0 69020256  13148  73668    0    0 133440     0 12340 246645 80 20  0  0  0	
130 84      0 69020128  13148  73676    0    0 134208     0 12055 251829 80 20  0  0  0	
125 83      0 69020128  13148  73676    0    0 133632    48 12006 250487 80 20  0  0  0	
126 84      0 69020000  13156  73668    0    0 134832    32 12007 251596 79 21  0  0  0	
128 75      0 69020000  13156  73676    0    0 135408     0 12064 251312 79 21  0  0  0	
128 86      0 69020000  13156  73676    0    0 133504     0 11945 251502 80 21  0  0  0	
131 81      0 69020000  13156  73676    0    0 134976     0 12013 250501 80 20  0  0  0	
130 77      0 69020000  13156  73676    0    0 136880     0 12125 251698 79 21  0  0  0	
125 88      0 69020000  13156  73676    0    0 136160     0 12053 252003 80 20  0  0  0	
procs -----------memory---------- ---swap-- -----io---- --system-- -----cpu-----
 r  b   swpd   free   buff  cache   si   so    bi    bo   in   cs us sy id wa st
128 78      0 69020000  13164  73676    0    0 133232    12 11895 252038 80 20  0  0  0	
126 87      0 69020000  13164  73680    0    0 133776     0 12061 247733 80 20  0  0  0	
133 78      0 69020000  13164  73680    0    0 135664     0 12017 252165 79 21  0  0  0	
128 67      0 69020000  13164  73680    0    0 133744     0 11916 251495 80 20  0  0  0	
128 87      0 69020000  13164  73680    0    0 134480     0 11901 251975 80 20  0  0  0	
128 81      0 69020000  13172  73672    0    0 137504    12 12104 252165 79 21  0  0  0	
124 89      0 69020000  13172  73680    0    0 137424     0 12062 252039 79 21  0  0  0	
123 35      0 69020000  13172  73680    0    0 133088     0 11817 252001 80 20  0  0  0	
133 77      0 69020000  13172  73680    0    0 135216     0 11971 252204 81 20  0  0  0	
128 73      0 69020000  13172  73680    0    0 134112     0 11908 251966 79 21  0  0  0	
130 82      0 69020000  13172  73680    0    0 135360     0 11982 252304 78 22  0  0  0	
129 85      0 69020000  13180  73680    0    0 133408    12 12298 246775 79 21  0  0  0	
128 80      0 69020000  13180  73680    0    0 133104     0 11836 252012 80 20  0  0  0	
127 89      0 69020000  13180  73680    0    0 134992     0 11966 250718 78 22  0  0  0	
129 82      0 69020000  13180  73680    0    0 132592     0 11812 252294 80 20  0  0  0	
129 87      0 69020000  13180  73680    0    0 138992     0 12190 252125 79 21  0  0  0	
130 85      0 69020000  13188  73672    0    0 137808    12 12306 252254 79 21  0  0  0	
132 79      0 69020000  13188  73680    0    0 134912     0 11952 251978 79 21  0  0  0	
129 84      0 69020000  13188  73680    0    0 133488     0 11849 252313 80 20  0  0  0	
130 78      0 69020000  13188  73680    0    0 137280     0 12036 252074 79 21  0  0  0	
131 79      0 69020000  13188  73680    0    0 135312     0 12646 251920 80 20  0  0  0	
procs -----------memory---------- ---swap-- -----io---- --system-- -----cpu-----
 r  b   swpd   free   buff  cache   si   so    bi    bo   in   cs us sy id wa st
126 82      0 69020000  13188  73680    0    0 133760     0 12136 247491 80 20  0  0  0	
122 80      0 69020000  13196  73680    0    0 137072    12 12121 252171 79 21  0  0  0	
130 83      0 69020000  13196  73684    0    0 135152     0 12084 251403 80 20  0  0  0	
133 80      0 69020000  13196  73684    0    0 133728    32 11948 252119 80 20  0  0  0	
130 81      0 69020000  13196  73684    0    0 135552     0 12073 251560 79 21  0  0  0	
131 82      0 69020000  13196  73684    0    0 133184     0 11788 252173 80 20  0  0  0	
131 82      0 69020000  13204  73676    0    0 135248    40 11975 251839 80 20  0  0  0	
127 85      0 69020000  13204  73684    0    0 134960     0 11996 251605 79 21  0  0  0	
133 73      0 69020000  13204  73684    0    0 136192    32 12034 251897 80 20  0  0  0	
127 70      0 69020000  13204  73684    0    0 136080     0 12043 252179 78 22  0  0  0	
127 82      0 69020000  13204  73684    0    0 133392     0 11931 249463 79 21  0  0  0	
128 87      0 69020000  13204  73684    0    0 134560     0 11933 252014 79 21  0  0  0	
132 78      0 69020000  13212  73684    0    0 134992    12 12127 248967 80 20  0  0  0	
131 80      0 69020000  13212  73684    0    0 135696     0 12049 251398 79 21  0  0  0	
127 79      0 69020000  13212  73684    0    0 136496     0 12216 251360 79 21  0  0  0	
129 83      0 69020000  13212  73684    0    0 135856     0 12177 251286 80 20  0  0  0	
129 82      0 69020000  13212  73684    0    0 134992     0 12042 251437 80 20  0  0  0	
129 85      0 69020000  13220  73676    0    0 136320    12 12101 251334 80 20  0  0  0	
127 78      0 69020000  13220  73684    0    0 135904     0 12150 250214 78 22  0  0  0	
128 73      0 69020000  13220  73684    0    0 135376     0 12075 251605 79 21  0  0  0	
129 76      0 69020000  13220  73684    0    0 131216     0 12283 247756 80 20  0  0  0	
procs -----------memory---------- ---swap-- -----io---- --system-- -----cpu-----
 r  b   swpd   free   buff  cache   si   so    bi    bo   in   cs us sy id wa st
126 73      0 69020000  13220  73684    0    0 136192     0 12049 252120 80 20  0  0  0	
126 77      0 69020000  13220  73688    0    0 132880     0 11892 251208 80 20  0  0  0	
129 82      0 69020000  13228  73688    0    0 135424    12 11910 252089 79 21  0  0  0	
131 83      0 69020000  13228  73688    0    0 135216     0 12039 251691 79 21  0  0  0	
127 59      0 69020000  13228  73688    0    0 137040     0 12042 252116 79 21  0  0  0	
132 76      0 69020000  13228  73688    0    0 135648     0 12024 251677 80 21  0  0  0	
132 89      0 69020000  13228  73688    0    0 134448     0 11876 252054 79 21  0  0  0	
127 76      0 69020000  13236  73680    0    0 137936    12 12120 251881 79 21  0  0  0	
127 84      0 69020000  13236  73688    0    0 135984     0 12008 252239 79 21  0  0  0	
124 80      0 69020000  13236  73688    0    0 132240     0 11898 247117 79 21  0  0  0	
130 87      0 69020000  13236  73688    0    0 134400     0 11843 252052 79 21  0  0  0	
135 86      0 69020000  13236  73688    0    0 137840     0 12073 251731 80 20  0  0  0	
132 81      0 69020000  13236  73688    0    0 137056     4 12034 251910 80 20  0  0  0	
133 80      0 69020000  13244  73688    0    0 136064    12 12013 252163 79 21  0  0  0	
131 78      0 69020000  13244  73692    0    0 133200     0 11844 252242 79 21  0  0  0	
129 81      0 69020000  13244  73692    0    0 132912     0 11933 247628 78 22  0  0  0	
125 87      0 69020000  13244  73692    0    0 133984     0 11897 252170 80 20  0  0  0	
129 82      0 69020000  13244  73692    0    0 135152     0 11963 251994 80 20  0  0  0	
122 76      0 69020000  13252  73684    0    0 132336    28 11750 252178 80 20  0  0  0	
126 82      0 69020000  13252  73692    0    0 132576     0 11964 249936 80 20  0  0  0	
129 92      0 69020000  13252  73692    0    0 134736     0 11977 252235 80 20  0  0  0	
procs -----------memory---------- ---swap-- -----io---- --system-- -----cpu-----
 r  b   swpd   free   buff  cache   si   so    bi    bo   in   cs us sy id wa st
130 87      0 69020000  13252  73692    0    0 135376     0 11998 251299 80 20  0  0  0	
127 85      0 69020000  13252  73692    0    0 137728     0 12123 252076 80 20  0  0  0	
128 79      0 69020000  13252  73692    0    0 136336     8 12053 251487 79 21  0  0  0	
127 91      0 69020000  13260  73692    0    0 133264    12 11936 252274 80 20  0  0  0	
129 76      0 69020000  13260  73692    0    0 132608     0 11877 251171 78 22  0  0  0	
126 87      0 69020000  13260  73692    0    0 136528     0 12029 252058 79 21  0  0  0	
132 77      0 69020000  13260  73692    0    0 134288     0 11978 252138 79 21  0  0  0	
130 86      0 69020000  13260  73692    0    0 135520     0 12045 252081 80 20  0  0  0	
131 86      0 69020000  13268  73684    0    0 131616    12 11827 248646 79 21  0  0  0	
128 86      0 69020000  13268  73692    0    0 135664     0 11986 252220 80 20  0  0  0	
129 82      0 69020000  13268  73692    0    0 133392     0 11926 248491 80 20  0  0  0	
133 75      0 69020000  13268  73692    0    0 133328     0 11854 252178 78 22  0  0  0	
127 84      0 69020000  13268  73692    0    0 134160     0 11907 252236 79 21  0  0  0	
124 71      0 69020000  13268  73692    0    0 136480     0 12046 252105 80 20  0  0  0	
132 85      0 69020000  13276  73692    0    0 133680    16 11959 252013 80 20  0  0  0	
126 83      0 69020000  13276  73692    0    0 137264     0 12159 251705 80 20  0  0  0	
131 88      0 69020000  13276  73692    0    0 135008     0 11982 251103 78 22  0  0  0	
126 83      0 69020000  13276  73692    0    0 132704     0 11765 251971 80 20  0  0  0	
128 82      0 69020000  13276  73692    0    0 130960     0 13014 246531 79 20  0  1  0	
123 88      0 69020000  13284  73684    0    0 137840    12 12090 252181 79 21  0  0  0	
131 80      0 69020000  13284  73692    0    0 133472     0 11874 252020 80 20  0  0  0	
procs -----------memory---------- ---swap-- -----io---- --system-- -----cpu-----
 r  b   swpd   free   buff  cache   si   so    bi    bo   in   cs us sy id wa st
127 82      0 69019504  13284  73692    0    0 137984     0 12157 252030 80 20  0  0  0	
126 87      0 69019112  13284  73696    0    0 137504     0 12122 251331 80 20  0  0  0	
132 74      0 69018600  13284  73696    0    0 134032     0 11995 252188 80 20  0  0  0	
128 81      0 69018352  13284  73696    0    0 134416     0 12028 251135 79 21  0  0  0	
121 81      0 69018224  13292  73700    0    0 134992    16 11869 252172 80 20  0  0  0	
126 74      0 69018224  13292  73700    0    0 136208     0 12039 252039 81 19  0  0  0	
136 72      0 69018224  13292  73700    0    0 131280    12 11797 252233 79 21  0  0  0	
130 75      0 69018224  13292  73700    0    0 131760     0 11846 247358 80 20  0  0  0	
126 87      0 69018224  13292  73700    0    0 135776     0 11969 252039 79 21  0  0  0	
126 80      0 69018224  13300  73692    0    0 132976    20 11887 248651 81 19  0  0  0	
132 83      0 69018224  13300  73700    0    0 134976     0 11996 252132 79 21  0  0  0	
131 79      0 69018224  13300  73700    0    0 136160     8 12122 252321 79 21  0  0  0	
122 83      0 69018224  13300  73700    0    0 135648     0 11991 252302 80 20  0  0  0	
130 77      0 69018224  13300  73700    0    0 136960     0 12073 252050 79 21  0  0  0	
126 84      0 69018224  13300  73700    0    0 136784     0 12071 252176 80 20  0  0  0	
132 86      0 69018224  13308  73700    0    0 135296    20 12026 252092 79 21  0  0  0	
125 83      0 69018224  13308  73700    0    0 136512    16 12069 251920 80 20  0  0  0	
127 74      0 69018224  13308  73700    0    0 134864     0 12250 248499 81 19  0  0  0	
125 77      0 69018104  13308  73700    0    0 135680     0 12131 252088 80 20  0  0  0	
127 78      0 69018104  13308  73700    0    0 133824     0 11967 251649 78 22  0  0  0	
129 85      0 69018104  13316  73692    0    0 135056    12 12016 252244 78 22  0  0  0	
procs -----------memory---------- ---swap-- -----io---- --system-- -----cpu-----
 r  b   swpd   free   buff  cache   si   so    bi    bo   in   cs us sy id wa st
132 83      0 69018104  13316  73700    0    0 134832     0 11992 251918 80 20  0  0  0	
130 78      0 69018104  13316  73700    0    0 134368     4 11976 251798 78 22  0  0  0	
120 84      0 69018104  13316  73700    0    0 137408     0 12057 252063 79 22  0  0  0	
129 82      0 69018104  13316  73700    0    0 132384     0 11817 252137 81 19  0  0  0	
127 84      0 69018104  13316  73700    0    0 134624     0 12011 252150 80 20  0  0  0	
132 84      0 69018104  13324  73700    0    0 135760    12 12033 252101 80 20  0  0  0	
130 79      0 69018104  13324  73700    0    0 133936     0 12039 248686 80 20  0  0  0	
128 80      0 69018104  13324  73700    0    0 134640     0 11981 252095 80 20  0  0  0	
130 78      0 69018104  13324  73700    0    0 130944     0 12271 245466 79 21  0  0  0	
126 79      0 69018104  13324  73700    0    0 138096     0 12136 251763 80 20  0  0  0	
124 85      0 69018104  13332  73692    0    0 133840    12 11956 251250 79 21  0  0  0	
128 80      0 69018104  13332  73700    0    0 134336     4 12055 251627 78 22  0  0  0	
130 75      0 69018104  13332  73700    0    0 132848     0 11938 250675 79 21  0  0  0	
130 77      0 69018104  13332  73700    0    0 136144     0 12149 251989 79 21  0  0  0	
127 76      0 69018104  13332  73700    0    0 137184     0 12135 251751 80 20  0  0  0	
126 86      0 69018104  13332  73700    0    0 134080     0 11849 252084 79 21  0  0  0	
125 86      0 69017984  13340  73704    0    0 133024    12 12033 250359 79 21  0  0  0	
126 83      0 69017984  13340  73704    0    0 136608     0 12000 252161 80 20  0  0  0	
125 86      0 69017984  13340  73704    0    0 137568     0 12173 251432 80 20  0  0  0	
127 81      0 69017984  13340  73704    0    0 134128     0 11863 251985 80 21  0  0  0	
129 80      0 69017984  13340  73704    0    0 136912     0 12088 252115 80 20  0  0  0	
procs -----------memory---------- ---swap-- -----io---- --system-- -----cpu-----
 r  b   swpd   free   buff  cache   si   so    bi    bo   in   cs us sy id wa st
130 77      0 69017984  13348  73696    0    0 136672    32 12103 252412 79 21  0  0  0	
129 77      0 69017984  13348  73708    0    0 135392     0 11919 252150 81 19  0  0  0	
137 80      0 69017984  13348  73708    0    0 134496     0 11910 252154 79 21  0  0  0	
126 82      0 69017984  13348  73708    0    0 136512     0 12124 251329 80 20  0  0  0	
136 82      0 69017984  13348  73708    0    0 134720     0 11937 252182 79 21  0  0  0	
126 82      0 69017856  13348  73708    0    0 131456     0 11864 244231 79 21  0  0  0	
128 86      0 69017856  13356  73708    0    0 133472    12 11813 252074 80 20  0  0  0	
124 83      0 69017856  13356  73708    0    0 132496     0 11826 251796 79 21  0  0  0	
127 78      0 69017856  13356  73708    0    0 133136     0 11822 252203 80 20  0  0  0	
130 77      0 69017856  13356  73708    0    0 136256     0 12143 252356 79 21  0  0  0	
123 85      0 69017856  13356  73708    0    0 138656     8 12194 252277 80 20  0  0  0	
129 83      0 69017856  13364  73708    0    0 137248    12 12094 251966 79 21  0  0  0	
127 78      0 69017856  13364  73708    0    0 135232     0 11994 252083 80 20  0  0  0	
133 84      0 69017856  13364  73708    0    0 134336     0 11925 252125 81 19  0  0  0	
132 78      0 69017856  13364  73708    0    0 134304     0 11910 251949 81 19  0  0  0	
84 23      0 69017856  13364  73708    0    0 135152     0 12445 250236 79 20  0  0  0	
124 87      0 69017856  13364  73708    0    0 132784     0 11924 251887 80 20  0  0  0	
129 68      0 69017856  13372  73708    0    0 134416    12 12439 251586 80 20  0  0  0	
123 80      0 69017856  13372  73708    0    0 137424     0 12096 251712 80 20  0  0  0	
129 78      0 69017856  13372  73708    0    0 135568     0 12041 251313 79 21  0  0  0	
131 81      0 69017856  13372  73708    0    0 133616     0 11916 249151 81 19  0  0  0	
procs -----------memory---------- ---swap-- -----io---- --system-- -----cpu-----
 r  b   swpd   free   buff  cache   si   so    bi    bo   in   cs us sy id wa st
128 84      0 69017856  13372  73708    0    0 136800     0 12174 251313 78 22  0  0  0	
128 75      0 69017856  13380  73708    0    0 136080    12 11988 252208 81 19  0  0  0	
130 77      0 69017856  13380  73708    0    0 133376     0 11920 252201 78 22  0  0  0	
128 84      0 69017856  13380  73708    0    0 135520     0 11961 251945 78 22  0  0  0	
127 84      0 69017856  13380  73708    0    0 136464     0 12211 250632 79 21  0  0  0	
128 80      0 69017728  13380  73808    0    0 134128     0 11960 251148 78 22  0  0  0	
133 82      0 69017728  13380  73808    0    0 134432     0 11939 250241 81 19  0  0  0	
125 75      0 69017728  13388  73800    0    0 133504    12 11896 252292 78 22  0  0  0	
134 83      0 69017728  13388  73808    0    0 132992     0 11874 252159 79 21  0  0  0	
124 77      0 69017728  13388  73808    0    0 135552     0 12129 252156 81 19  0  0  0	
129 86      0 69017728  13388  73808    0    0 134912    16 12044 252041 80 20  0  0  0	
127 83      0 69017728  13388  73808    0    0 139024     0 12191 252229 80 20  0  0  0	
121 78      0 69017728  13396  73808    0    0 133680    20 11971 252040 79 21  0  0  0	
129 81      0 69017728  13396  73808    0    0 134112     0 11976 251722 80 20  0  0  0	
126 80      0 69017728  13396  73808    0    0 134384     0 12106 249606 80 20  0  0  0	
127 75      0 69017728  13396  73808    0    0 135568     0 11986 251919 79 21  0  0  0	
128 81      0 69017728  13396  73808    0    0 134000     0 11996 251265 78 22  0  0  0	
125 78      0 69017728  13396  73808    0    0 139504     0 12176 252235 80 20  0  0  0	
131 78      0 69017728  13404  73808    0    0 135808    12 12095 251850 78 22  0  0  0	
129 89      0 69017728  13404  73808    0    0 136736     0 12119 251941 79 21  0  0  0	
124 82      0 69017728  13404  73808    0    0 132624     0 11865 249548 80 20  0  0  0	
procs -----------memory---------- ---swap-- -----io---- --system-- -----cpu-----
 r  b   swpd   free   buff  cache   si   so    bi    bo   in   cs us sy id wa st
128 77      0 69017728  13404  73808    0    0 138400     0 12141 252131 78 22  0  0  0	
128 77      0 69017728  13404  73812    0    0 137664     0 12124 252175 80 20  0  0  0	
126 81      0 69017728  13412  73812    0    0 133152    12 11825 251809 80 20  0  0  0	
133 75      0 69017728  13412  73812    0    0 133616     0 12092 248695 80 20  0  0  0	
124 75      0 69017728  13412  73812    0    0 134544     8 11926 251734 80 20  0  0  0	
123 77      0 69017728  13412  73812    0    0 131200     0 11880 250803 80 20  0  0  0	
131 82      0 69017728  13412  73812    0    0 134032     0 12079 251989 79 21  0  0  0	
131 81      0 69017728  13412  73812    0    0 134832     0 11925 252168 79 21  0  0  0	
129 77      0 69017728  13420  73812    0    0 132352    16 11840 251787 80 20  0  0  0	
127 74      0 69017472  13420  73812    0    0 133648     0 11926 250806 80 20  0  0  0	
127 81      0 69017472  13420  73812    0    0 134992     0 12032 252180 80 20  0  0  0	
133 82      0 69017472  13420  73812    0    0 136192     0 12528 252298 79 21  0  0  0	
131 82      0 69017472  13420  73812    0    0 137072     0 12101 251844 79 21  0  0  0	
129 76      0 69017472  13428  73812    0    0 131488    20 11906 251071 79 21  0  0  0	
129 76      0 69017472  13428  73812    0    0 133808     0 11943 251624 80 20  0  0  0	
131 78      0 69017728  13436  73816    0    0 134080    24 12026 248793 79 21  0  0  0	
128 71      0 69017728  13436  73820    0    0 136240     0 12034 252146 79 21  0  0  0	
130 83      0 69017728  13436  73820    0    0 135680     0 11964 252191 79 21  0  0  0	
126 82      0 69017728  13436  73820    0    0 136240     0 12051 251874 78 22  0  0  0	
126 84      0 69017728  13436  73820    0    0 136128     8 12039 251769 79 21  0  0  0	
125 77      0 69017728  13436  73820    0    0 133200     0 12075 252195 78 22  0  0  0	
procs -----------memory---------- ---swap-- -----io---- --system-- -----cpu-----
 r  b   swpd   free   buff  cache   si   so    bi    bo   in   cs us sy id wa st
122 87      0 69017728  13444  73820    0    0 135232    24 11952 252154 80 20  0  0  0	
129 79      0 69017728  13444  73820    0    0 136064     0 12039 251987 81 20  0  0  0	
132 81      0 69017728  13444  73820    0    0 133088     0 11971 250282 79 21  0  0  0	
127 90      0 69017728  13444  73820    0    0 136400     0 12075 251763 79 21  0  0  0	
124 84      0 69017728  13448  73820    0    0 133488     8 11909 248866 80 20  0  0  0	
132 92      0 69017728  13456  73820    0    0 136944    32 12165 252248 79 21  0  0  0	
132 86      0 69017728  13456  73820    0    0 135648     0 12098 252250 80 20  0  0  0	
133 74      0 69018464  13456  73820    0    0 133040     0 11878 252217 79 21  0  0  0	
125 89      0 69018464  13456  73820    0    0 135072     0 11917 252131 79 21  0  0  0	
131 79      0 69018464  13456  73820    0    0 133568     0 12075 252271 80 20  0  0  0	
126 84      0 69018464  13456  73820    0    0 136784     0 12069 252236 80 20  0  0  0	
130 76      0 69018464  13464  73820    0    0 135056    20 12990 251648 79 21  0  0  0	
128 72      0 69018464  13464  73820    0    0 132144     0 12052 246809 80 20  0  0  0	
125 80      0 69018464  13464  73820    0    0 136896     0 12055 252399 79 21  0  0  0	
128 79      0 69016912  13464  73820    0    0 134960     0 12009 251886 78 22  0  0  0	
128 86      0 69016792  13464  73824    0    0 136656     0 12016 252174 79 21  0  0  0	
131 83      0 69016792  13472  73824    0    0 134544    16 11909 252181 78 22  0  0  0	
127 82      0 69016792  13472  73824    0    0 137312     0 12173 251736 79 21  0  0  0	
123 81      0 69017568  13472  73824    0    0 136016     0 12071 252136 80 20  0  0  0	
129 83      0 69017568  13472  73824    0    0 133104    28 11856 252048 79 22  0  0  0	
134 74      0 69017568  13472  73824    0    0 136112     0 11993 251884 79 21  0  0  0	
procs -----------memory---------- ---swap-- -----io---- --system-- -----cpu-----
 r  b   swpd   free   buff  cache   si   so    bi    bo   in   cs us sy id wa st
132 69      0 69017568  13472  73824    0    0 135712     0 12006 251652 80 20  0  0  0	
133 88      0 69017440  13480  73828    0    0 134256    20 12081 250097 80 20  0  0  0	
129 79      0 69017440  13480  73828    0    0 134848     0 12423 251749 79 21  0  0  0	
133 71      0 69017440  13480  73828    0    0 134272     0 11927 249562 79 21  0  0  0	
119 25      0 69017440  13480  73828    0    0 134624     0 11960 252188 78 22  0  0  0	
133 81      0 69017440  13480  73828    0    0 136736     0 12164 252262 79 21  0  0  0	
128 83      0 69017440  13488  73832    0    0 135632    12 12023 252161 78 22  0  0  0	
128 78      0 69017440  13488  73832    0    0 137056     0 12226 252369 79 21  0  0  0	
128 84      0 69017440  13492  73832    0    0 132960    20 11824 252081 79 21  0  0  0	
130 80      0 69017440  13492  73832    0    0 137632     0 12167 251883 80 20  0  0  0	
126 87      0 69017440  13492  73832    0    0 135072     0 12057 251382 80 20  0  0  0	
130 81      0 69017440  13492  73832    0    0 132112     0 11964 246649 78 22  0  0  0	
132 85      0 69017440  13500  73832    0    0 135184    40 12046 251754 79 21  0  0  0	
132 82      0 69017440  13500  73832    0    0 132864     4 11899 251991 80 20  0  0  0	
125 82      0 69017440  13500  73832    0    0 135488     0 11969 252177 79 21  0  0  0	
128 77      0 69017440  13500  73832    0    0 135520     0 12025 252239 79 21  0  0  0	
129 81      0 69017440  13500  73832    0    0 138512     0 12195 252238 79 21  0  0  0	
131 75      0 69017440  13508  73832    0    0 135376    12 11979 252094 78 22  0  0  0	
129 77      0 69017440  13508  73832    0    0 136656     8 12141 252099 80 20  0  0  0	
128 73      0 69017440  13508  73832    0    0 135696     0 12087 252193 79 21  0  0  0	
127 81      0 69017440  13508  73832    0    0 134032     0 11990 251403 79 21  0  0  0	
procs -----------memory---------- ---swap-- -----io---- --system-- -----cpu-----
 r  b   swpd   free   buff  cache   si   so    bi    bo   in   cs us sy id wa st
134 74      0 69017440  13508  73832    0    0 133952     0 11964 250287 80 20  0  0  0	
132 79      0 69016328  13508  73832    0    0 135872     0 12077 251969 80 20  0  0  0	
126 88      0 69015920  13516  73832    0    0 137040    24 12083 252198 80 20  0  0  0	
126 80      0 69015920  13516  73832    0    0 137376     0 12056 252104 79 21  0  0  0	
130 75      0 69015920  13516  73832    0    0 137296     0 12104 252422 79 21  0  0  0	
125 87      0 69015920  13516  73832    0    0 136272     0 12031 252210 80 21  0  0  0	
130 72      0 69015920  13516  73832    0    0 134672     0 12067 251345 80 20  0  0  0	
130 74      0 69015920  13524  73832    0    0 132704    16 11846 249917 80 20  0  0  0	
130 82      0 69015920  13524  73832    0    0 135104     0 11868 252253 80 20  0  0  0	
127 83      0 69015920  13524  73832    0    0 137232     0 12193 251585 80 20  0  0  0	
124 84      0 69015920  13524  73832    0    0 133856     0 11906 247278 79 21  0  0  0	
128 75      0 69015920  13524  73832    0    0 136688     0 12090 251292 80 20  0  0  0	
121 84      0 69017320  13524  73836    0    0 131424     0 11819 251705 79 21  0  0  0	
128 83      0 69017320  13532  73836    0    0 136544    60 12024 251695 80 20  0  0  0	
131 91      0 69017320  13532  73836    0    0 132800     0 11846 252190 79 21  0  0  0	
132 81      0 69017320  13532  73836    0    0 137008     0 12139 251339 79 21  0  0  0	
123 82      0 69017320  13532  73836    0    0 135584     0 11996 252067 80 20  0  0  0	
103 21      0 69017320  13532  73836    0    0 134912     0 12523 252311 80 20  0  0  0	
131 85      0 69017288  13540  73840    0    0 136032    12 12068 252285 80 20  0  0  0	
131 81      0 69017288  13540  73840    0    0 133504     0 12008 251210 79 21  0  0  0	
125 75      0 69017288  13540  73840    0    0 136112     0 12127 251258 79 21  0  0  0	
procs -----------memory---------- ---swap-- -----io---- --system-- -----cpu-----
 r  b   swpd   free   buff  cache   si   so    bi    bo   in   cs us sy id wa st
126 88      0 69017288  13540  73840    0    0 133568     0 11963 251429 80 20  0  0  0	
130 80      0 69017288  13540  73844    0    0 131968     0 11808 244734 79 21  0  0  0	
130 87      0 69017288  13540  73844    0    0 136768     8 12066 252010 79 21  0  0  0	
129 85      0 69017288  13548  73844    0    0 132512    24 11788 252248 80 20  0  0  0	
126 82      0 69017288  13548  73844    0    0 138512     0 12201 251802 79 21  0  0  0	
134 80      0 69017288  13548  73844    0    0 136160     0 12001 251986 79 21  0  0  0	
132 84      0 69017288  13548  73844    0    0 135168     0 11991 252096 81 20  0  0  0	
129 81      0 69017288  13548  73844    0    0 137392     8 12102 252203 79 21  0  0  0	
127 27      0 69017288  13556  73844    0    0 137440    24 12178 251078 81 19  0  0  0	
128 51      0 69017288  13556  73844    0    0 134624     0 12044 250707 79 21  0  0  0	
129 72      0 69017288  13556  73844    0    0 136128     0 12044 251688 81 19  0  0  0	
131 73      0 69017288  13556  73844    0    0 136800     0 11992 252179 79 21  0  0  0	
128 84      0 69016160  13556  73844    0    0 135552     8 12024 251924 79 22  0  0  0	
126 85      0 69015632  13556  73844    0    0 136528     0 12061 252064 79 21  0  0  0	
130 75      0 69015632  13564  73844    0    0 134144    28 12033 251686 80 20  0  0  0	
126 85      0 69016528  13564  73844    0    0 136432     0 12042 252151 80 20  0  0  0	
126 79      0 69016536  13564  73848    0    0 132848     0 13075 251312 78 21  0  1  0	
127 82      0 69016536  13564  73848    0    0 135936     0 12037 251923 80 20  0  0  0	
128 74      0 69016536  13564  73848    0    0 136288     0 12161 251175 79 21  0  0  0	
131 74      0 69016536  13572  73848    0    0 134704    20 12112 247920 80 20  0  0  0	
134 70      0 69016536  13572  73848    0    0 131952     0 11824 251176 80 20  0  0  0	
procs -----------memory---------- ---swap-- -----io---- --system-- -----cpu-----
 r  b   swpd   free   buff  cache   si   so    bi    bo   in   cs us sy id wa st
123 84      0 69016536  13572  73848    0    0 134112     0 12029 246366 79 21  0  0  0	
132 80      0 69016536  13572  73848    0    0 135056     4 11986 252084 79 21  0  0  0	
130 85      0 69016536  13572  73848    0    0 135040     0 11902 252175 79 21  0  0  0	
132 86      0 69016536  13572  73848    0    0 135504     0 12042 251982 78 22  0  0  0	
125 86      0 69016536  13580  73848    0    0 136208    16 12049 252112 79 21  0  0  0	
130 83      0 69016536  13580  73848    0    0 135616     0 12042 251089 79 21  0  0  0	
127 72      0 69016536  13580  73848    0    0 135552    36 12088 251599 79 21  0  0  0	
123 84      0 69016536  13580  73848    0    0 135056     0 12119 250639 78 22  0  0  0	
128 87      0 69016536  13580  73852    0    0 133280     0 11921 251407 79 21  0  0  0	
130 79      0 69016536  13588  73852    0    0 135520    12 12166 250474 80 20  0  0  0	
130 83      0 69016536  13588  73852    0    0 133856     0 12039 251186 80 21  0  0  0	
124 76      0 69016536  13588  73852    0    0 135248     0 12358 251024 79 20  0  0  0	
123 72      0 69016536  13588  73852    0    0 135408     8 12140 251117 79 21  0  0  0	
130 78      0 69016536  13588  73852    0    0 131344     0 11898 251478 79 21  0  0  0	
129 83      0 69016536  13588  73852    0    0 130208     0 11787 251319 79 21  0  0  0	
127 83      0 69016416  13596  73852    0    0 135456    32 12131 251357 79 21  0  0  0	
129 87      0 69016416  13596  73852    0    0 133936     0 11975 248285 79 21  0  0  0	
124 76      0 69016416  13596  73852    0    0 135024     4 12045 251005 79 21  0  0  0	
131 84      0 69016624  13596  73852    0    0 131920     0 12163 246555 80 20  0  0  0	
127 85      0 69016624  13596  73852    0    0 131968     0 11846 251326 78 22  0  0  0	
128 85      0 69016624  13604  73852    0    0 134848    20 12020 252223 79 21  0  0  0	
procs -----------memory---------- ---swap-- -----io---- --system-- -----cpu-----
 r  b   swpd   free   buff  cache   si   so    bi    bo   in   cs us sy id wa st
131 73      0 69016624  13604  73852    0    0 136768     0 12016 252081 79 21  0  0  0	
127 82      0 69016624  13604  73852    0    0 135264     8 12025 251937 80 20  0  0  0	
127 82      0 69016624  13604  73856    0    0 132224     0 11831 252232 79 21  0  0  0	
125 87      0 69016624  13604  73856    0    0 138576     0 12120 252166 79 21  0  0  0	
131 86      0 69016624  13604  73856    0    0 135872     0 12072 252168 79 21  0  0  0	
126 86      0 69016624  13612  73856    0    0 138128    28 12176 251810 79 21  0  0  0	
125 74      0 69016624  13612  73856    0    0 135600     0 11988 250632 79 22  0  0  0	
128 80      0 69016624  13612  73856    0    0 134288     0 12009 248400 79 21  0  0  0	
128 88      0 69016624  13612  73856    0    0 133552     0 11914 250932 79 21  0  0  0	
130 84      0 69016624  13612  73856    0    0 132176     0 11869 251435 79 21  0  0  0	
129 76      0 69016752  13620  73856    0    0 134848    12 11961 251446 78 22  0  0  0	
132 81      0 69016752  13620  73856    0    0 137984     4 12093 252276 80 20  0  0  0	
132 77      0 69016752  13620  73856    0    0 134080     0 11970 251093 79 21  0  0  0	
131 77      0 69016752  13620  73856    0    0 135136     0 12118 250291 80 20  0  0  0	
125 80      0 69016752  13620  73856    0    0 135088     0 12397 252290 78 22  0  0  0	
129 84      0 69016752  13620  73856    0    0 139504     0 12143 252193 80 20  0  0  0	
130 77      0 69016624  13628  73856    0    0 137904    16 12132 250820 79 21  0  0  0	
128 73      0 69016624  13628  73856    0    0 134128     0 11857 251344 80 20  0  0  0	
131 70      0 69016624  13628  73856    0    0 134128     0 11922 250856 80 20  0  0  0	
128 80      0 69016624  13628  73860    0    0 136800     0 12082 251828 79 21  0  0  0	
126 77      0 69016624  13628  73860    0    0 134928     0 11939 252188 79 21  0  0  0	
procs -----------memory---------- ---swap-- -----io---- --system-- -----cpu-----
 r  b   swpd   free   buff  cache   si   so    bi    bo   in   cs us sy id wa st
125 83      0 69016624  13636  73860    0    0 135408    64 12024 252046 80 20  0  0  0	
124 75      0 69016624  13636  73860    0    0 133296     0 11866 252058 80 20  0  0  0	
130 81      0 69016624  13636  73860    0    0 136592     0 12051 251982 81 19  0  0  0	
130 83      0 69016624  13636  73860    0    0 135552     0 11964 252076 79 21  0  0  0	
126 80      0 69016624  13636  73860    0    0 131040     0 11729 251996 80 20  0  0  0	
127 69      0 69016624  13644  73852    0    0 133904    24 12940 250840 79 21  0  0  0	
129 76      0 69016624  13644  73860    0    0 131920     0 11929 247654 80 20  0  0  0	
128 84      0 69016624  13644  73860    0    0 133840     0 11910 251701 79 21  0  0  0	
128 80      0 69016624  13644  73860    0    0 136032     0 12043 252118 80 20  0  0  0	
131 64      0 69016624  13644  73860    0    0 137712     0 12157 251996 80 20  0  0  0	
131 84      0 69016624  13644  73860    0    0 134576     0 11964 252114 81 19  0  0  0	
126 79      0 69016624  13652  73860    0    0 134176    20 11981 251389 79 21  0  0  0	
105 31      0 69016624  13652  73860    0    0 132352     0 11812 252005 81 19  0  0  0	
129 84      0 69016624  13652  73860    0    0 132848     0 11893 252177 80 20  0  0  0	
133 84      0 69016624  13652  73860    0    0 134736     0 12050 251924 80 20  0  0  0	
128 74      0 69016624  13652  73860    0    0 137600     0 12303 250386 79 21  0  0  0	
128 82      0 69016624  13660  73860    0    0 133136    24 12766 249065 79 20  0  0  0	
128 89      0 69016624  13660  73860    0    0 132944     0 11983 250641 79 21  0  0  0	
123 87      0 69016624  13660  73860    0    0 135584     0 12124 247941 80 20  0  0  0	
131 77      0 69016624  13660  73860    0    0 134272     0 11928 251707 79 21  0  0  0	
129 80      0 69016624  13660  73860    0    0 134832     0 12072 251879 81 19  0  0  0	
procs -----------memory---------- ---swap-- -----io---- --system-- -----cpu-----
 r  b   swpd   free   buff  cache   si   so    bi    bo   in   cs us sy id wa st
123 51      0 69016624  13664  73856    0    0 135088     8 12119 251829 78 22  0  0  0	
129 74      0 69016624  13668  73860    0    0 138080     4 12216 252126 79 21  0  0  0	
130 88      0 69016504  13668  73864    0    0 134864     0 11998 251272 80 20  0  0  0	
131 77      0 69016504  13668  73864    0    0 137216     0 12051 251914 79 21  0  0  0	
131 75      0 69016504  13668  73864    0    0 135488     0 12065 250796 79 21  0  0  0	
127 84      0 69016504  13668  73864    0    0 136704     4 12997 250839 80 20  0  0  0	
129 71      0 69016504  13676  73864    0    0 132736    12 11827 251113 80 20  0  0  0	
130 81      0 69016504  13676  73864    0    0 134000     0 11934 251678 79 21  0  0  0	
128 81      0 69016504  13676  73864    0    0 134352     0 12012 251626 80 20  0  0  0	
129 73      0 69016504  13676  73868    0    0 133312     0 11869 252377 81 19  0  0  0	
128 80      0 69016504  13676  73868    0    0 136672     8 12036 252138 78 22  0  0  0	
124 75      0 69016504  13684  73868    0    0 134896    24 12036 251713 79 21  0  0  0	
132 80      0 69016504  13684  73868    0    0 134784     0 11913 251997 80 20  0  0  0	
132 76      0 69016504  13684  73868    0    0 138624     0 12192 252246 79 21  0  0  0	
134 78      0 69016504  13684  73868    0    0 135424     0 12050 250640 79 21  0  0  0	
129 82      0 69016504  13684  73868    0    0 131072    16 11814 245883 80 20  0  0  0	
127 80      0 69016504  13684  73868    0    0 134736     0 12016 250856 78 22  0  0  0	
130 81      0 69016504  13692  73868    0    0 134416    12 12018 250778 79 21  0  0  0	
128 86      0 69016504  13692  73868    0    0 135440     0 11968 252063 80 20  0  0  0	
128 77      0 69016504  13692  73868    0    0 134384     0 11961 251867 78 22  0  0  0	
129 83      0 69016504  13692  73868    0    0 137296     0 12117 251405 78 22  0  0  0	
procs -----------memory---------- ---swap-- -----io---- --system-- -----cpu-----
 r  b   swpd   free   buff  cache   si   so    bi    bo   in   cs us sy id wa st
128 85      0 69016504  13692  73868    0    0 135856     0 11931 252038 79 21  0  0  0	
127 86      0 69016504  13700  73868    0    0 135472    12 11943 252101 80 20  0  0  0	
132 87      0 69016504  13700  73868    0    0 134064     0 12870 251695 80 20  0  0  0	
103 50      0 69016504  13700  73868    0    0 134448     0 12477 250675 79 21  0  0  0	
128 69      0 69016504  13700  73868    0    0 132240     8 11897 251623 79 21  0  0  0	
132 84      0 69016504  13700  73868    0    0 135056     0 12009 251376 80 20  0  0  0	
130 89      0 69016504  13700  73868    0    0 138784     0 12172 252002 78 22  0  0  0	
133 83      0 69016504  13708  73868    0    0 138272    24 12179 252074 78 22  0  0  0	
131 81      0 69016504  13708  73868    0    0 134848     0 11965 252160 79 21  0  0  0	
128 76      0 69016504  13708  73868    0    0 136832     0 12015 252229 80 20  0  0  0	
139 85      0 69016504  13708  73868    0    0 137760     0 12137 251929 79 21  0  0  0	
125 78      0 69016504  13708  73868    0    0 135824     0 12006 252153 80 20  0  0  0	
131 83      0 69016504  13716  73868    0    0 136464    12 12104 252180 80 20  0  0  0	
133 82      0 69016504  13716  73868    0    0 135712     0 12032 250769 79 21  0  0  0	
128 81      0 69016504  13716  73868    0    0 129472     0 11786 246429 80 20  0  0  0	
125 79      0 69016504  13716  73868    0    0 135936     0 12025 250591 79 21  0  0  0	
124 77      0 69016504  13716  73868    0    0 135632     0 11964 252055 80 20  0  0  0	
129 78      0 69016504  13716  73868    0    0 134256     0 11925 252167 80 20  0  0  0	
127 86      0 69016504  13724  73868    0    0 135040    12 11915 252197 79 21  0  0  0	
124 77      0 69016504  13724  73868    0    0 133216     0 11883 252067 79 21  0  0  0	
131 85      0 69016504  13724  73868    0    0 137088     0 12068 251988 80 20  0  0  0	
procs -----------memory---------- ---swap-- -----io---- --system-- -----cpu-----
 r  b   swpd   free   buff  cache   si   so    bi    bo   in   cs us sy id wa st
127 84      0 69016504  13724  73872    0    0 138144     0 12076 252009 80 20  0  0  0	
129 80      0 69016504  13724  73872    0    0 140016     0 12171 252047 80 20  0  0  0	
129 79      0 69016504  13732  73872    0    0 137168    12 12210 250239 79 21  0  0  0	
126 79      0 69016504  13732  73876    0    0 135904     0 12134 250937 80 20  0  0  0	
125 86      0 69016504  13732  73876    0    0 133264     8 11915 252103 80 20  0  0  0	
132 82      0 69016504  13732  73876    0    0 133824     0 11912 252116 78 22  0  0  0	
129 82      0 69016504  13732  73876    0    0 135136     0 12000 252093 79 21  0  0  0	
131 70      0 69016504  13732  73876    0    0 136272     0 11975 252122 79 21  0  0  0	
129 75      0 69016504  13740  73876    0    0 133008    24 11815 250849 80 20  0  0  0	
129 75      0 69016504  13740  73876    0    0 133152    16 11930 249862 79 21  0  0  0	
128 71      0 69016504  13740  73876    0    0 134640     0 11912 252041 78 22  0  0  0	
129 82      0 69016504  13740  73876    0    0 133824     0 11822 252054 79 21  0  0  0	
132 79      0 69016504  13740  73876    0    0 132496     0 11905 250426 80 20  0  0  0	
128 85      0 69016504  13748  73876    0    0 136768    12 12120 249535 80 20  0  0  0	
128 74      0 69016504  13748  73876    0    0 134864     8 12017 251432 79 21  0  0  0	
125 76      0 69016504  13748  73876    0    0 135440     0 11947 252150 80 20  0  0  0	
123 76      0 69016504  13748  73876    0    0 134752     0 12007 252013 80 20  0  0  0	
126 74      0 69016504  13748  73876    0    0 137360     0 12165 252242 80 20  0  0  0	
128 75      0 69016504  13748  73876    0    0 138480     0 12237 250450 80 20  0  0  0	
128 75      0 69016504  13756  73876    0    0 136208    24 12188 250564 80 20  0  0  0	
130 88      0 69016504  13756  73876    0    0 135808     0 11992 252146 80 21  0  0  0	
procs -----------memory---------- ---swap-- -----io---- --system-- -----cpu-----
 r  b   swpd   free   buff  cache   si   so    bi    bo   in   cs us sy id wa st
129 79      0 69016504  13756  73876    0    0 135232     0 11956 251798 79 21  0  0  0	
124 76      0 69016504  13756  73876    0    0 135200     0 11969 250573 80 20  0  0  0	
130 78      0 69016504  13756  73876    0    0 132320     0 12040 248702 80 20  0  0  0	
126 82      0 69016504  13764  73876    0    0 133648    12 11948 251014 79 21  0  0  0	
127 79      0 69016504  13764  73876    0    0 135920     0 11970 252114 80 20  0  0  0	
128 81      0 69016504  13764  73876    0    0 135632     0 12016 252282 80 20  0  0  0	
129 75      0 69016504  13764  73876    0    0 133680     0 11916 252077 80 20  0  0  0	
130 83      0 69016504  13764  73876    0    0 136048     0 11968 252101 79 21  0  0  0	
126 70      0 69016504  13764  73876    0    0 134128     0 11853 251918 78 22  0  0  0	
129 72      0 69016504  13772  73876    0    0 135184    12 11966 251848 81 19  0  0  0	
130 77      0 69016504  13772  73876    0    0 135024     0 12000 251783 80 20  0  0  0	
125 81      0 69016504  13772  73880    0    0 134432     0 12138 250179 79 21  0  0  0	
124 68      0 69016504  13772  73880    0    0 133632     0 11983 248882 80 20  0  0  0	
128 65      0 69016504  13772  73880    0    0 136688     0 12030 251479 80 20  0  0  0	
127 71      0 69016504  13780  73880    0    0 135664    32 11980 252073 80 20  0  0  0	
125 73      0 69016504  13780  73880    0    0 138976     0 12182 252138 80 20  0  0  0	
128 80      0 69016504  13780  73880    0    0 137648     0 12040 252131 78 22  0  0  0	
125 79      0 69016504  13780  73880    0    0 134176     0 11984 250565 81 19  0  0  0	
126 86      0 69016504  13780  73880    0    0 132384     0 11846 248683 80 20  0  0  0	
120 79      0 69016504  13780  73880    0    0 134192     0 11935 252173 81 19  0  0  0	
125 76      0 69016504  13788  73880    0    0 134528    12 11924 252113 80 20  0  0  0	
procs -----------memory---------- ---swap-- -----io---- --system-- -----cpu-----
 r  b   swpd   free   buff  cache   si   so    bi    bo   in   cs us sy id wa st
127 68      0 69016504  13788  73880    0    0 135056     0 12068 250430 80 20  0  0  0	
128 71      0 69016504  13788  73880    0    0 134496     0 11943 252018 80 20  0  0  0	
124 77      0 69016504  13788  73880    0    0 133152     0 11892 251258 78 22  0  0  0	
131 81      0 69016504  13788  73884    0    0 134432    24 11943 252144 79 21  0  0  0	
124 79      0 69016504  13796  73884    0    0 133136    24 11894 252135 81 19  0  0  0	
130 92      0 69016504  13796  73884    0    0 133904     0 11934 252194 79 21  0  0  0	
125 83      0 69016504  13796  73884    0    0 135328     0 11989 252134 79 21  0  0  0	
124 78      0 69016504  13796  73884    0    0 135648     0 11941 251910 80 20  0  0  0	
123 75      0 69016504  13796  73884    0    0 135344     0 12593 252266 79 21  0  0  0	
116 49      0 69016504  13796  73884    0    0 137600     0 12108 252162 79 21  0  0  0	
130 67      0 69016504  13804  73884    0    0 133152    12 12353 250114 80 20  0  0  0	
123 73      0 69016504  13804  73884    0    0 133488     0 12003 249046 79 21  0  0  0	
129 81      0 69016504  13804  73884    0    0 136016     0 12059 249870 79 21  0  0  0	
130 81      0 69016504  13804  73884    0    0 132320     0 11892 247832 80 20  0  0  0	
121 72      0 69016504  13804  73884    0    0 135072     0 12242 251756 78 22  0  0  0	
124 68      0 69016504  13812  73884    0    0 133696    16 11963 251289 79 21  0  0  0	
125 73      0 69016504  13812  73884    0    0 137408     0 12242 251285 79 21  0  0  0	
130 64      0 69016504  13812  73884    0    0 134096     0 12210 251666 80 20  0  0  0	
122 82      0 69016504  13812  73884    0    0 136352     0 12134 251600 79 21  0  0  0	
129 72      0 69016504  13812  73884    0    0 136208     0 12070 251612 78 22  0  0  0	
129 76      0 69016504  13812  73884    0    0 134016     0 12055 250128 80 20  0  0  0	
procs -----------memory---------- ---swap-- -----io---- --system-- -----cpu-----
 r  b   swpd   free   buff  cache   si   so    bi    bo   in   cs us sy id wa st
127 71      0 69016504  13820  73884    0    0 134016    12 11994 251807 80 20  0  0  0	
128 79      0 69016504  13820  73888    0    0 139488     0 12216 251939 80 20  0  0  0	
126 69      0 69016504  13820  73888    0    0 133968     8 11878 252007 80 20  0  0  0	
124 77      0 69016504  13820  73888    0    0 135696     0 11926 252180 79 21  0  0  0	
121 77      0 69016504  13820  73888    0    0 137232     0 12111 252114 80 20  0  0  0	
123 72      0 69016504  13828  73888    0    0 135968    24 11946 252174 80 20  0  0  0	
129 74      0 69016504  13828  73888    0    0 134560     0 11907 251223 79 21  0  0  0	
125 83      0 69016504  13828  73888    0    0 135008     0 11948 252042 81 19  0  0  0	
128 76      0 69016504  13828  73888    0    0 135072     0 11959 252077 80 20  0  0  0	
128 75      0 69016504  13828  73888    0    0 131664     0 11870 250058 80 20  0  0  0	
61 11      0 69016504  13828  73888    0    0 130064     0 12545 247442 79 20  0  0  0	
131 70      0 69016504  13836  73888    0    0 134656    12 12145 250653 80 20  0  0  0	
128 71      0 69016504  13836  73888    0    0 134176     0 11888 252237 80 20  0  0  0	
131 69      0 69016504  13836  73888    0    0 137392     0 12045 252136 79 21  0  0  0	
123 82      0 69016504  13836  73888    0    0 134288     0 11988 252124 80 20  0  0  0	
127 74      0 69016504  13836  73888    0    0 137504     0 12115 252253 81 19  0  0  0	
127 77      0 69016504  13844  73888    0    0 134704    12 11918 251915 79 21  0  0  0	
125 73      0 69016504  13844  73888    0    0 136944     0 12075 252114 79 21  0  0  0	
127 78      0 69016504  13844  73888    0    0 136416    24 12106 251995 79 21  0  0  0	
125 75      0 69016504  13844  73888    0    0 135280     0 12134 249202 80 20  0  0  0	
127 65      0 69016504  13844  73888    0    0 134832     0 11993 251785 79 21  0  0  0	
procs -----------memory---------- ---swap-- -----io---- --system-- -----cpu-----
 r  b   swpd   free   buff  cache   si   so    bi    bo   in   cs us sy id wa st
125 44      0 69016504  13844  73888    0    0 135008     0 12128 250709 79 21  0  0  0	
128 69      0 69016504  13852  73888    0    0 133120    12 11886 252022 78 22  0  0  0	
127 64      0 69016384  13852  73888    0    0 134640     4 11998 252078 80 20  0  0  0	
132 67      0 69016384  13852  73892    0    0 134352     0 11908 252253 79 21  0  0  0	
127 69      0 69016384  13852  73892    0    0 134576     0 11978 252029 79 21  0  0  0	
122 89      0 69016384  13852  73892    0    0 134704     0 11943 252114 80 20  0  0  0	
130 73      0 69016384  13860  73892    0    0 134960    12 12000 252214 79 21  0  0  0	
130 77      0 69016384  13860  73892    0    0 133712     0 11862 252178 80 20  0  0  0	
127 68      0 69016384  13860  73892    0    0 132992     0 12023 250128 79 21  0  0  0	
130 77      0 69016384  13860  73892    0    0 133888     0 11964 247120 79 21  0  0  0	
122 80      0 69016384  13860  73892    0    0 136480     0 12123 250487 79 21  0  0  0	
132 65      0 69016384  13860  73892    0    0 134592     0 11969 252016 79 21  0  0  0	
120 80      0 69016384  13868  73896    0    0 137664    20 12145 252184 80 20  0  0  0	
129 68      0 69016384  13868  73896    0    0 136800     0 12723 251886 80 20  0  0  0	
131 73      0 69016384  13868  73896    0    0 134592     0 11923 249845 78 22  0  0  0	
125 68      0 69016384  13868  73896    0    0 134480     0 11950 252016 79 21  0  0  0	
127 79      0 69016384  13868  73896    0    0 133472     0 11925 251916 79 21  0  0  0	
129 78      0 69016384  13876  73896    0    0 134224    24 12112 252200 79 21  0  0  0	
125 68      0 69016384  13876  73896    0    0 132656     0 11919 249924 79 21  0  0  0	
125 68      0 69016384  13876  73896    0    0 134672     0 12033 249579 80 20  0  0  0	
123 73      0 69016384  13876  73896    0    0 134640     0 12032 251313 79 21  0  0  0	
procs -----------memory---------- ---swap-- -----io---- --system-- -----cpu-----
 r  b   swpd   free   buff  cache   si   so    bi    bo   in   cs us sy id wa st
123 74      0 69016384  13876  73896    0    0 136912     0 11983 252081 80 20  0  0  0	
126 77      0 69016384  13876  73896    0    0 138320     0 12109 252181 79 21  0  0  0	
127 70      0 69016384  13884  73896    0    0 137872    12 12126 252150 80 20  0  0  0	
123 76      0 69016384  13884  73896    0    0 135536     0 12004 252129 79 21  0  0  0	
127 73      0 69016384  13884  73896    0    0 138592     0 12101 252060 78 22  0  0  0	
128 79      0 69016384  13884  73896    0    0 132752     0 11766 252083 80 20  0  0  0	
125 78      0 69016384  13884  73896    0    0 136448     0 11990 252129 80 20  0  0  0	
128 73      0 69016384  13892  73896    0    0 134736    12 12089 249607 79 21  0  0  0	
127 60      0 69016384  13892  73896    0    0 135264     0 11918 250799 80 20  0  0  0	
132 67      0 69016384  13892  73896    0    0 133536     0 11877 250718 80 20  0  0  0	
125 74      0 69016384  13892  73896    0    0 139088     0 12450 252231 80 20  0  0  0	
123 78      0 69016384  13892  73896    0    0 135504    16 11988 252152 79 21  0  0  0	
128 77      0 69016384  13892  73896    0    0 134096     0 11908 252093 80 20  0  0  0	
130 78      0 69016384  13900  73896    0    0 135984    24 12052 252267 79 21  0  0  0	
123 66      0 69016384  13900  73896    0    0 133904     0 11865 251858 80 20  0  0  0	
124 82      0 69016384  13900  73896    0    0 136464     0 12087 251149 79 21  0  0  0	
130 66      0 69016384  13900  73896    0    0 134800     0 11993 251992 80 20  0  0  0	
127 78      0 69016384  13900  73896    0    0 133792     0 11950 249938 80 20  0  0  0	
126 81      0 69016384  13908  73896    0    0 133440    12 11988 248247 79 21  0  0  0	
125 72      0 69016384  13908  73896    0    0 136128     0 12044 251540 79 21  0  0  0	
125 67      0 69016384  13908  73896    0    0 135184     0 11979 251449 79 21  0  0  0	
procs -----------memory---------- ---swap-- -----io---- --system-- -----cpu-----
 r  b   swpd   free   buff  cache   si   so    bi    bo   in   cs us sy id wa st
127 73      0 69016384  13908  73896    0    0 135744     0 12031 251529 79 21  0  0  0	
128 77      0 69016384  13908  73896    0    0 136368     0 12089 252158 79 21  0  0  0	
123 64      0 69016384  13908  73896    0    0 135808     0 11982 251063 79 21  0  0  0	
129 73      0 69016384  13916  73900    0    0 135536    12 12014 252083 80 20  0  0  0	
114 91      0 69016384  13916  73904    0    0 135488     0 11956 252121 80 20  0  0  0	
125 69      0 69016384  13916  73904    0    0 132848     0 11965 252106 79 21  0  0  0	
127 82      0 69016384  13916  73904    0    0 133264     8 12049 249586 79 21  0  0  0	
130 69      0 69016384  13916  73904    0    0 133952     0 11870 248170 80 20  0  0  0	
129 82      0 69016384  13924  73904    0    0 134864    24 12062 250589 80 20  0  0  0	
128 75      0 69016384  13924  73904    0    0 134832     0 11993 252072 79 21  0  0  0	
126 77      0 69016384  13924  73904    0    0 137184     0 12092 252236 79 21  0  0  0	
127 81      0 69016384  13924  73904    0    0 139712     0 12218 252104 78 22  0  0  0	
129 80      0 69016384  13924  73904    0    0 134336     0 11931 252234 78 22  0  0  0	
131 73      0 69016384  13924  73904    0    0 131040     0 11766 251785 80 20  0  0  0	
127 81      0 69016384  13932  73904    0    0 135280    12 12029 251717 80 20  0  0  0	
127 79      0 69016384  13932  73904    0    0 134352     0 12094 251762 79 21  0  0  0	
126 78      0 69016384  13932  73904    0    0 132288     0 12084 247850 80 20  0  0  0	
122 79      0 69016384  13932  73904    0    0 134816     0 12086 251370 80 20  0  0  0	
128 80      0 69016384  13932  73904    0    0 134288     0 11938 251561 80 20  0  0  0	
128 86      0 69016384  13940  73904    0    0 134416    12 11992 251598 79 21  0  0  0	
126 76      0 69016384  13940  73904    0    0 133600     0 11937 251605 79 21  0  0  0	
procs -----------memory---------- ---swap-- -----io---- --system-- -----cpu-----
 r  b   swpd   free   buff  cache   si   so    bi    bo   in   cs us sy id wa st
127 80      0 69016384  13940  73904    0    0 135456     8 12219 252165 81 19  0  0  0	
128 80      0 69016384  13940  73904    0    0 130464     0 11738 251868 80 20  0  0  0	
125 79      0 69016384  13940  73904    0    0 132768     0 11780 251919 80 20  0  0  0	
131 79      0 69016384  13940  73904    0    0 134480     0 11977 252027 79 21  0  0  0	
126 84      0 69016384  13948  73904    0    0 134928    24 11918 252122 79 21  0  0  0	
129 83      0 69016384  13948  73904    0    0 136240    20 12176 249699 80 20  0  0  0	
130 77      0 69016384  13948  73904    0    0 134336     0 11989 249554 79 21  0  0  0	
129 80      0 69016384  13948  73904    0    0 134064     0 11991 252238 79 21  0  0  0	
129 85      0 69016384  13948  73904    0    0 134976     0 11986 252234 79 21  0  0  0	
133 71      0 69016384  13956  73904    0    0 133888    12 12223 252452 78 22  0  0  0	
128 84      0 69016384  13956  73904    0    0 136176     0 12043 252118 79 21  0  0  0	
124 82      0 69016384  13956  73904    0    0 133520     0 11898 252141 80 20  0  0  0	
128 83      0 69016384  13956  73904    0    0 135120     0 12518 252300 78 22  0  0  0	
135 79      0 69016384  13956  73904    0    0 134016     0 12007 250971 78 22  0  0  0	
127 79      0 69016384  13956  73908    0    0 136976     0 12056 251852 79 21  0  0  0	
129 76      0 69016384  13964  73908    0    0 134288    20 12080 248356 80 20  0  0  0	
125 82      0 69016384  13964  73908    0    0 134112     0 11886 252036 80 20  0  0  0	
126 93      0 69016384  13964  73908    0    0 134480     0 12911 249363 80 19  0  0  0	
124 80      0 69016384  13964  73908    0    0 138224     0 12107 252100 80 20  0  0  0	
127 81      0 69016384  13964  73908    0    0 135792     0 12036 251469 79 21  0  0  0	
96 26      0 69016384  13972  73908    0    0 136112    28 12079 252200 81 19  0  0  0	
procs -----------memory---------- ---swap-- -----io---- --system-- -----cpu-----
 r  b   swpd   free   buff  cache   si   so    bi    bo   in   cs us sy id wa st
130 87      0 69016384  13972  73908    0    0 135216     0 12032 249806 80 20  0  0  0	
121 77      0 69016384  13972  73908    0    0 135568     0 12218 250915 79 21  0  0  0	
125 78      0 69016384  13972  73908    0    0 134656     0 11912 252049 80 20  0  0  0	
125 77      0 69016384  13972  73908    0    0 133216     0 11839 252121 81 19  0  0  0	
126 76      0 69016384  13972  73912    0    0 134096     0 12000 249766 81 19  0  0  0	
125 87      0 69016384  13980  73912    0    0 137584    12 12087 252052 79 21  0  0  0	
126 80      0 69016384  13980  73912    0    0 133040     0 12057 249814 78 22  0  0  0	
127 75      0 69016384  13980  73912    0    0 132928     0 11879 252174 78 22  0  0  0	
125 78      0 69016384  13980  73912    0    0 131904     0 11850 252107 79 21  0  0  0	
121 88      0 69016384  13980  73912    0    0 135024     0 11966 252160 79 21  0  0  0	
124 80      0 69016384  13988  73912    0    0 134416    32 11972 251732 78 22  0  0  0	
131 92      0 69016384  13988  73912    0    0 136000     0 12045 251592 80 20  0  0  0	
125 82      0 69016384  13988  73912    0    0 137184     0 12097 252196 79 21  0  0  0	
128 87      0 69016384  13988  73912    0    0 133552     0 11813 252082 81 19  0  0  0	
128 87      0 69016384  13988  73912    0    0 134352     0 12031 249306 80 20  0  0  0	
127 80      0 69016384  13988  73912    0    0 135600     0 12060 247960 80 20  0  0  0	
124 77      0 69016384  13996  73912    0    0 134064    12 11964 251401 79 21  0  0  0	
132 84      0 69016384  13996  73912    0    0 134160     0 11957 252117 79 21  0  0  0	
128 78      0 69016384  13996  73912    0    0 134096     0 11863 252053 79 21  0  0  0	
128 72      0 69016384  13996  73912    0    0 135664     0 11958 252022 79 21  0  0  0	
127 86      0 69016384  13996  73912    0    0 135168    24 11969 252197 80 20  0  0  0	
procs -----------memory---------- ---swap-- -----io---- --system-- -----cpu-----
 r  b   swpd   free   buff  cache   si   so    bi    bo   in   cs us sy id wa st
128 75      0 69016384  14004  73912    0    0 136304    12 12043 252011 78 22  0  0  0	
122 84      0 69016384  14004  73912    0    0 134944     0 11952 252012 78 22  0  0  0	
122 88      0 69016384  14004  73912    0    0 134512     0 11935 252029 80 21  0  0  0	
132 77      0 69016384  14004  73912    0    0 131904     0 11907 248673 81 19  0  0  0	
124 70      0 69016384  14004  73916    0    0 136784    12 12705 252534 79 21  0  0  0	
127 82      0 69016384  14004  73916    0    0 133344     0 11951 249683 80 20  0  0  0	
125 74      0 69016384  14012  73916    0    0 134160    24 11924 248674 82 18  0  0  0	
124 94      0 69016384  14012  73916    0    0 135968     0 11974 251939 79 21  0  0  0	
126 81      0 69016384  14012  73916    0    0 137184     0 12022 252130 79 21  0  0  0	
123 76      0 69016384  14012  73916    0    0 135712     0 12031 252195 80 20  0  0  0	
115 87      0 69016384  14012  73916    0    0 134448     0 11919 252203 80 20  0  0  0	
128 80      0 69016384  14020  73916    0    0 132864    12 11878 251026 80 20  0  0  0	
127 81      0 69016384  14020  73916    0    0 136048     0 12006 251814 79 21  0  0  0	
123 80      0 69016384  14020  73916    0    0 133856     0 12085 250684 80 20  0  0  0	
130 87      0 69016384  14020  73916    0    0 136064     0 12042 251577 78 22  0  0  0	
125 78      0 69016384  14020  73916    0    0 132992     0 11874 251072 80 20  0  0  0	
124 79      0 69016384  14020  73916    0    0 136064     0 12045 252200 80 21  0  0  0	
128 86      0 69016384  14028  73916    0    0 136176    12 12085 251463 79 21  0  0  0	
124 84      0 69016384  14028  73916    0    0 135664     0 12000 252135 80 20  0  0  0	
128 89      0 69016384  14028  73916    0    0 133824     0 11950 251646 80 20  0  0  0	
122 82      0 69016384  14028  73916    0    0 133632     0 12033 251526 80 20  0  0  0	
procs -----------memory---------- ---swap-- -----io---- --system-- -----cpu-----
 r  b   swpd   free   buff  cache   si   so    bi    bo   in   cs us sy id wa st
125 78      0 69016384  14028  73916    0    0 133600     0 11927 251655 79 21  0  0  0	
129 76      0 69016384  14036  73916    0    0 135888    12 12025 252078 80 20  0  0  0	
133 83      0 69016384  14036  73916    0    0 132512     0 12029 249248 81 19  0  0  0	
122 84      0 69016128  14036  73916    0    0 131696     0 11972 247480 80 20  0  0  0	
128 90      0 69016128  14036  73916    0    0 132464     4 11955 249214 80 20  0  0  0	
128 72      0 69016128  14036  73920    0    0 133728     0 11876 252155 79 21  0  0  0	
128 76      0 69016128  14036  73920    0    0 133872     0 11941 251263 80 20  0  0  0	
126 84      0 69016008  14044  73920    0    0 136608    20 12099 252244 79 21  0  0  0	
126 80      0 69016008  14044  73920    0    0 132752     0 11896 251204 79 21  0  0  0	
131 73      0 69016008  14044  73920    0    0 134896     0 12050 251911 81 19  0  0  0	
94 23      0 69016008  14044  73920    0    0 133184     0 11857 252180 80 20  0  0  0	
126 80      0 69016008  14044  73920    0    0 136784     0 12178 252140 78 22  0  0  0	
125 84      0 69016008  14052  73920    0    0 135024    12 12171 250941 78 22  0  0  0	
131 80      0 69016008  14052  73920    0    0 137168     0 12098 252050 78 22  0  0  0	
124 79      0 69016008  14052  73920    0    0 133904    24 11902 249454 79 21  0  0  0	
122 80      0 69016008  14052  73924    0    0 135248     0 12003 249412 81 20  0  0  0	
128 82      0 69016008  14052  73924    0    0 135792     0 12057 252064 79 21  0  0  0	
123 85      0 69016008  14052  73924    0    0 132720     0 11908 252188 80 20  0  0  0	
129 80      0 69016008  14060  73924    0    0 135904    12 12019 252140 78 22  0  0  0	
128 83      0 69016008  14060  73924    0    0 137568     0 12144 251415 79 21  0  0  0	
127 94      0 69016008  14060  73924    0    0 136992     0 11970 251967 81 20  0  0  0	
procs -----------memory---------- ---swap-- -----io---- --system-- -----cpu-----
 r  b   swpd   free   buff  cache   si   so    bi    bo   in   cs us sy id wa st
128 77      0 69016008  14060  73924    0    0 135088     0 11894 252176 79 21  0  0  0	
127 76      0 69016008  14060  73924    0    0 133600     0 12030 248119 79 21  0  0  0	
128 77      0 69016008  14068  73924    0    0 137248    12 12049 251888 80 20  0  0  0	
125 79      0 69016008  14068  73924    0    0 133392     0 11935 251385 79 21  0  0  0	
125 74      0 69016008  14068  73924    0    0 136416     0 12043 251977 80 20  0  0  0	
127 86      0 69016008  14068  73924    0    0 135056     0 11958 252130 79 21  0  0  0	
128 88      0 69016008  14068  73924    0    0 135184     0 11942 251946 79 21  0  0  0	
126 79      0 69016008  14068  73924    0    0 134016     0 11867 252069 80 20  0  0  0	
131 79      0 69015888  14076  73924    0    0 135920    12 11991 252164 79 21  0  0  0	
127 77      0 69015888  14076  73924    0    0 134000     0 11874 252102 80 20  0  0  0	
130 87      0 69015888  14076  73924    0    0 132768     0 11813 252076 81 19  0  0  0	
127 90      0 69015888  14076  73924    0    0 134864     0 12081 249209 79 21  0  0  0	
123 80      0 69015888  14076  73924    0    0 134688     0 12087 249641 79 21  0  0  0	
126 81      0 69015888  14084  73924    0    0 135184    20 11960 252094 80 20  0  0  0	
128 82      0 69015888  14084  73924    0    0 135936     0 12029 252046 80 20  0  0  0	
125 83      0 69015888  14084  73924    0    0 134048     0 11987 252202 80 20  0  0  0	
124 79      0 69015888  14084  73924    0    0 136256     0 11997 252030 79 21  0  0  0	
126 77      0 69015888  14084  73924    0    0 133984     0 12043 250557 79 21  0  0  0	
125 84      0 69015888  14092  73916    0    0 134272    28 11890 251691 80 20  0  0  0	
126 80      0 69015888  14092  73924    0    0 135632     0 12021 252100 78 22  0  0  0	
129 75      0 69015888  14092  73924    0    0 135744     0 11952 252088 79 21  0  0  0	
procs -----------memory---------- ---swap-- -----io---- --system-- -----cpu-----
 r  b   swpd   free   buff  cache   si   so    bi    bo   in   cs us sy id wa st
123 76      0 69015888  14092  73924    0    0 133488     0 11990 248900 79 21  0  0  0	
126 78      0 69015888  14092  73924    0    0 135968     0 11998 252102 79 21  0  0  0	
128 77      0 69015888  14092  73924    0    0 130896     0 11763 247629 80 21  0  0  0	
128 78      0 69015888  14100  73924    0    0 134912    12 12194 251746 80 20  0  0  0	
132 79      0 69015888  14100  73924    0    0 135344     0 11962 251972 79 21  0  0  0	
129 93      0 69015888  14100  73928    0    0 136944     0 12034 252215 80 20  0  0  0	
131 92      0 69015888  14100  73932    0    0 134800     0 11929 251880 80 20  0  0  0	
130 89      0 69015888  14100  73932    0    0 139024     0 12158 251932 79 21  0  0  0	
133 78      0 69015888  14108  73932    0    0 136032    44 12868 251860 79 20  0  0  0	
127 72      0 69015888  14108  73932    0    0 134304     0 12021 251788 79 21  0  0  0	
121 82      0 69015888  14108  73932    0    0 135568     0 12075 250471 78 22  0  0  0	
130 82      0 69015888  14108  73932    0    0 132928     0 11911 251924 80 20  0  0  0	
127 86      0 69015888  14108  73932    0    0 134224     0 12005 250933 79 21  0  0  0	
129 80      0 69015888  14108  73932    0    0 136848     0 12089 251882 79 21  0  0  0	
125 53      0 69015888  14116  73932    0    0 133744    12 12058 251199 80 20  0  0  0	
126 78      0 69015888  14116  73932    0    0 134880     0 12306 252003 80 20  0  0  0	
121 87      0 69015888  14116  73932    0    0 136752     0 12060 252231 79 21  0  0  0	
124 85      0 69015888  14116  73932    0    0 136864     0 12036 252023 80 20  0  0  0	
128 79      0 69015888  14116  73932    0    0 133968     0 11873 251779 80 20  0  0  0	
128 85      0 69015888  14124  73932    0    0 137424    12 12110 252152 79 21  0  0  0	
124 83      0 69015888  14124  73932    0    0 135632     0 12051 248930 81 19  0  0  0	
procs -----------memory---------- ---swap-- -----io---- --system-- -----cpu-----
 r  b   swpd   free   buff  cache   si   so    bi    bo   in   cs us sy id wa st
126 79      0 69015888  14124  73932    0    0 131824     0 11854 247660 80 20  0  0  0	
126 80      0 69015888  14124  73932    0    0 136048     0 12058 251369 78 22  0  0  0	
123 81      0 69015888  14124  73932    0    0 137632     0 12117 252119 79 21  0  0  0	
130 83      0 69015888  14124  73932    0    0 133984     0 11906 252099 79 21  0  0  0	
129 78      0 69015888  14132  73932    0    0 137344    12 12077 252127 79 21  0  0  0	
126 77      0 69015888  14132  73932    0    0 135344     0 11991 251425 79 21  0  0  0	
127 78      0 69015888  14132  73932    0    0 135680     0 12079 252078 80 20  0  0  0	
127 84      0 69015888  14132  73932    0    0 132176     8 11783 251633 78 22  0  0  0	
129 85      0 69015888  14132  73932    0    0 138288     0 12170 251587 78 22  0  0  0	
128 79      0 69015888  14140  73932    0    0 134928    24 12173 250405 79 21  0  0  0	
128 71      0 69015888  14140  73932    0    0 136160     0 12068 252260 80 20  0  0  0	
129 72      0 69015888  14140  73932    0    0 132864     0 12667 248978 79 21  0  0  0	
126 70      0 69015888  14140  73932    0    0 132464     0 11974 250749 80 20  0  0  0	
130 70      0 69015888  14140  73932    0    0 135568     0 12125 252301 78 22  0  0  0	
125 82      0 69015888  14140  73932    0    0 135760     0 11979 252223 80 20  0  0  0	
130 84      0 69015888  14148  73932    0    0 133152    16 11873 252230 79 21  0  0  0	
127 85      0 69015888  14148  73932    0    0 134720     0 11906 251961 79 21  0  0  0	
124 74      0 69015888  14148  73936    0    0 136240    16 12080 252104 80 20  0  0  0	
123 78      0 69015888  14148  73936    0    0 140000     0 12253 252256 79 21  0  0  0	
120 72      0 69015888  14148  73936    0    0 132112     0 13456 247480 79 20  0  0  0	
126 73      0 69015888  14156  73936    0    0 134496    24 12130 251319 79 21  0  0  0	
procs -----------memory---------- ---swap-- -----io---- --system-- -----cpu-----
 r  b   swpd   free   buff  cache   si   so    bi    bo   in   cs us sy id wa st
126 82      0 69015888  14156  73936    0    0 133056     0 11944 251141 79 21  0  0  0	
126 83      0 69015888  14156  73936    0    0 136544     0 12006 252089 79 22  0  0  0	
126 89      0 69015888  14156  73936    0    0 135312     0 11993 252298 80 20  0  0  0	
125 89      0 69015888  14156  73936    0    0 137664     0 12124 252113 80 20  0  0  0	
126 94      0 69015888  14156  73936    0    0 132816     0 11853 251993 80 21  0  0  0	
128 87      0 69015888  14164  73940    0    0 134064    12 11890 252153 80 20  0  0  0	
127 87      0 69015888  14164  73940    0    0 135344     0 12039 251982 80 20  0  0  0	
124 79      0 69015888  14164  73940    0    0 138048     0 12107 252092 79 21  0  0  0	
126 88      0 69015888  14164  73940    0    0 135152     0 11988 249001 78 22  0  0  0	
129 74      0 69015888  14164  73940    0    0 134432     0 12018 250210 79 21  0  0  0	
125 82      0 69015888  14172  73940    0    0 133504    12 11833 251726 79 21  0  0  0	
130 76      0 69015888  14172  73940    0    0 135760     0 12248 252204 79 20  0  0  0	
129 88      0 69015888  14172  73940    0    0 136880     0 12181 252225 79 21  0  0  0	
126 81      0 69015888  14172  73940    0    0 136608     0 12076 252092 81 19  0  0  0	
125 85      0 69015888  14172  73940    0    0 134832     0 11959 252335 79 21  0  0  0	
129 85      0 69015888  14172  73940    0    0 136688     0 12009 252038 79 21  0  0  0	
124 73      0 69015888  14180  73940    0    0 134384    12 11962 252166 81 19  0  0  0	
125 78      0 69015888  14180  73940    0    0 136640     8 13112 251878 79 20  0  0  0	
126 87      0 69015888  14180  73940    0    0 131152     0 11944 247349 80 20  0  0  0	
128 79      0 69015888  14180  73940    0    0 131648     0 12554 250960 79 21  0  0  0	
129 87      0 69015888  14180  73940    0    0 134064     0 11953 251304 78 22  0  0  0	
procs -----------memory---------- ---swap-- -----io---- --system-- -----cpu-----
 r  b   swpd   free   buff  cache   si   so    bi    bo   in   cs us sy id wa st
129 76      0 69015888  14188  73940    0    0 134352    24 11957 252209 80 20  0  0  0	
125 79      0 69016008  14188  73940    0    0 133936     4 11915 252141 80 20  0  0  0	
126 74      0 69016008  14188  73940    0    0 136656     0 12017 252059 78 22  0  0  0	
126 82      0 69016008  14188  73940    0    0 134384     0 12007 252190 79 21  0  0  0	
121 80      0 69016008  14188  73940    0    0 132128     0 11844 251955 79 21  0  0  0	
127 83      0 69016008  14188  73940    0    0 134368     0 11962 251957 79 21  0  0  0	
121 84      0 69016008  14196  73940    0    0 135808    16 11917 251937 79 21  0  0  0	
127 72      0 69015472  14196  73944    0    0 132800     0 12092 246510 79 21  0  0  0	
125 81      0 69014656  14196  73948    0    0 134976     0 12076 251445 79 21  0  0  0	
126 81      0 69014480  14196  73948    0    0 135120     0 12092 248723 80 20  0  0  0	
124 81      0 69014480  14196  73948    0    0 136096     0 12013 251883 79 21  0  0  0	
126 80      0 69014480  14204  73948    0    0 134608    48 12112 252067 79 21  0  0  0	
124 88      0 69014480  14204  73948    0    0 135792     0 11997 252136 79 21  0  0  0	
127 80      0 69014480  14204  73948    0    0 132928     0 11874 252167 80 20  0  0  0	
126 86      0 69014480  14204  73948    0    0 138048     0 12106 251999 79 21  0  0  0	
125 87      0 69014480  14204  73948    0    0 132224     0 11813 252068 79 21  0  0  0	
121 90      0 69014480  14204  73948    0    0 136624     0 12044 252196 80 20  0  0  0	
126 80      0 69014480  14212  73948    0    0 134336    12 12087 248756 80 20  0  0  0	
126 78      0 69014480  14212  73948    0    0 134992     0 12014 249410 79 21  0  0  0	
129 77      0 69014480  14212  73948    0    0 136384     0 12565 250997 79 21  0  0  0	
125 84      0 69014480  14212  73948    0    0 134224     0 11858 252123 80 20  0  0  0	
procs -----------memory---------- ---swap-- -----io---- --system-- -----cpu-----
 r  b   swpd   free   buff  cache   si   so    bi    bo   in   cs us sy id wa st
125 79      0 69014480  14212  73948    0    0 135648     0 12098 251444 80 20  0  0  0	
127 70      0 69014480  14220  73948    0    0 136992    12 12074 252252 79 21  0  0  0	
131 74      0 69014480  14220  73948    0    0 135792     0 12036 251091 79 21  0  0  0	
131 81      0 69014480  14220  73948    0    0 135472     0 11937 251620 80 20  0  0  0	
122 79      0 69014480  14220  73948    0    0 133488     0 11817 251571 80 20  0  0  0	
128 85      0 69014480  14220  73948    0    0 135888     0 12022 251576 79 21  0  0  0	
129 80      0 69014480  14220  73952    0    0 132864     0 11932 249780 79 21  0  0  0	
124 78      0 69014480  14228  73952    0    0 135616    12 12032 251931 80 20  0  0  0	
123 82      0 69014480  14228  73952    0    0 137280     0 12083 248733 78 22  0  0  0	
124 78      0 69014480  14228  73952    0    0 135920     0 11967 250184 79 21  0  0  0	
126 78      0 69014480  14228  73952    0    0 134400     0 12258 252324 79 21  0  0  0	
125 84      0 69014480  14228  73952    0    0 136048     8 12087 252031 80 20  0  0  0	
126 74      0 69014480  14236  73952    0    0 132240    24 11868 252390 79 21  0  0  0	
129 82      0 69014480  14236  73952    0    0 134480     0 11970 252017 80 20  0  0  0	
126 82      0 69014480  14236  73952    0    0 136128     0 12050 252024 79 22  0  0  0	
126 69      0 69014480  14236  73952    0    0 134592     0 12075 252376 79 21  0  0  0	
125 83      0 69014480  14236  73952    0    0 133856     8 12089 248107 80 20  0  0  0	
127 86      0 69014480  14236  73952    0    0 136928     0 12120 252363 80 20  0  0  0	
127 86      0 69014480  14244  73956    0    0 135584    24 12069 251578 80 20  0  0  0	
133 75      0 69014480  14244  73956    0    0 133648     0 11955 252245 79 21  0  0  0	
121 78      0 69014480  14244  73956    0    0 135776     0 12012 252260 79 21  0  0  0	
procs -----------memory---------- ---swap-- -----io---- --system-- -----cpu-----
 r  b   swpd   free   buff  cache   si   so    bi    bo   in   cs us sy id wa st
127 81      0 69014480  14244  73956    0    0 136864    12 12052 252234 79 21  0  0  0	
125 79      0 69014480  14244  73956    0    0 135856     0 12071 252326 79 21  0  0  0	
124 73      0 69014480  14252  73956    0    0 136720    24 11996 252193 79 21  0  0  0	
125 92      0 69014480  14252  73956    0    0 135888     0 12010 251959 79 21  0  0  0	
126 82      0 69014480  14252  73956    0    0 133920     0 11945 252211 79 21  0  0  0	
127 84      0 69014480  14252  73956    0    0 135312    24 12112 248680 81 19  0  0  0	
130 73      0 69014480  14252  73956    0    0 136256     0 12072 251193 79 21  0  0  0	
131 85      0 69014480  14252  73956    0    0 134672     0 11958 251726 80 21  0  0  0	
130 85      0 69014480  14260  73956    0    0 133328    12 11842 252342 80 20  0  0  0	
129 84      0 69014480  14260  73956    0    0 133120     0 11907 252147 80 20  0  0  0	
125 88      0 69014480  14260  73956    0    0 134928     0 11885 252245 80 20  0  0  0	
128 78      0 69014480  14260  73956    0    0 137088     0 12111 251402 80 20  0  0  0	
124 75      0 69014480  14260  73956    0    0 136064     0 12327 252220 81 19  0  0  0	
123 80      0 69014480  14268  73956    0    0 132736    12 11838 252031 80 20  0  0  0	
123 86      0 69014480  14268  73956    0    0 135744     0 12018 252159 79 21  0  0  0	
124 86      0 69014480  14268  73956    0    0 134240     0 12051 247952 78 22  0  0  0	
123 84      0 69014480  14268  73956    0    0 136656     0 12045 252234 79 21  0  0  0	
129 82      0 69014480  14268  73956    0    0 133296     0 11989 249425 80 20  0  0  0	
126 74      0 69014480  14268  73956    0    0 133920     0 11931 252035 80 20  0  0  0	
130 71      0 69014480  14276  73956    0    0 133680    12 11940 252294 78 22  0  0  0	
125 80      0 69014480  14276  73956    0    0 136480     0 12055 252144 80 20  0  0  0	
procs -----------memory---------- ---swap-- -----io---- --system-- -----cpu-----
 r  b   swpd   free   buff  cache   si   so    bi    bo   in   cs us sy id wa st
126 83      0 69014480  14276  73956    0    0 135696     0 12063 251925 79 21  0  0  0	
127 79      0 69014480  14276  73956    0    0 133824     0 11915 252070 80 20  0  0  0	
131 82      0 69014480  14276  73956    0    0 133328     0 11841 251992 77 23  0  0  0	
121 76      0 69014480  14284  73956    0    0 136592    12 12479 251796 79 21  0  0  0	
127 79      0 69014480  14284  73956    0    0 133664     4 11948 248477 79 21  0  0  0	
126 87      0 69014480  14284  73956    0    0 135120     0 12054 251231 79 21  0  0  0	
126 81      0 69014480  14284  73960    0    0 129040     0 11752 251394 79 21  0  0  0	
129 80      0 69014480  14284  73960    0    0 136320     0 12012 252069 78 22  0  0  0	
128 74      0 69014480  14284  73960    0    0 135024     0 11980 252210 80 20  0  0  0	
125 83      0 69014352  14292  73964    0    0 135200    24 11989 252246 79 21  0  0  0	
126 83      0 69014352  14292  73964    0    0 136704     0 12101 252166 80 20  0  0  0	
128 76      0 69014352  14292  73964    0    0 134672     0 12077 250953 79 21  0  0  0	
126 90      0 69014352  14292  73964    0    0 134352     0 11890 250764 79 21  0  0  0	
128 80      0 69014352  14292  73964    0    0 134880     0 11922 252318 78 22  0  0  0	
126 78      0 69014352  14300  73964    0    0 133552    24 12022 248794 80 20  0  0  0	
130 81      0 69014352  14300  73964    0    0 136224     0 12056 252128 79 21  0  0  0	
128 87      0 69014352  14300  73964    0    0 136736     0 12209 248399 79 21  0  0  0	
125 84      0 69014352  14300  73964    0    0 136400     0 12046 251965 79 21  0  0  0	
126 77      0 69014352  14300  73964    0    0 137392     0 12110 252204 80 20  0  0  0	
123 77      0 69014352  14300  73964    0    0 138784     0 12174 252329 79 21  0  0  0	
122 78      0 69014352  14308  73964    0    0 137024    24 12122 251278 81 19  0  0  0	
procs -----------memory---------- ---swap-- -----io---- --system-- -----cpu-----
 r  b   swpd   free   buff  cache   si   so    bi    bo   in   cs us sy id wa st
127 83      0 69014352  14308  73964    0    0 134368     0 11918 252158 79 21  0  0  0	
123 82      0 69014352  14308  73964    0    0 133216     0 11938 252241 79 21  0  0  0	
121 89      0 69014352  14308  73964    0    0 135872     0 11967 252275 79 21  0  0  0	
123 87      0 69014352  14308  73964    0    0 132256     0 11915 250151 79 21  0  0  0	
124 80      0 69014352  14316  73964    0    0 132928    12 11887 252248 79 21  0  0  0	
121 81      0 69014352  14316  73964    0    0 131920     0 11860 248127 81 20  0  0  0	
125 85      0 69014352  14316  73964    0    0 133888     0 11905 252086 78 22  0  0  0	
125 87      0 69014352  14316  73964    0    0 134864     0 11925 252211 80 20  0  0  0	
125 73      0 69014352  14316  73964    0    0 134928     0 11938 252189 80 21  0  0  0	
133 83      0 69014352  14316  73964    0    0 134976     0 11987 252276 80 20  0  0  0	
127 81      0 69013488  14324  73964    0    0 133440    16 11902 252034 79 21  0  0  0	
128 80      0 69013352  14324  73964    0    0 135040     0 11908 249711 80 20  0  0  0	
124 87      0 69013104  14324  73964    0    0 135712     0 11956 252273 80 20  0  0  0	
128 81      0 69012736  14324  73964    0    0 134432     0 12121 249653 79 21  0  0  0	
129 84      0 69012736  14324  73964    0    0 133632     8 12087 251890 80 20  0  0  0	
122 83      0 69013936  14340  73956    0    0 135248    64 12102 250687 79 21  0  0  0	
129 80      0 69013968  14340  73968    0    0 135824     0 12015 252209 80 20  0  0  0	
127 80      0 69013968  14340  73968    0    0 135552     0 11980 252166 79 21  0  0  0	
129 83      0 69013968  14340  73968    0    0 136544     0 12049 252087 79 21  0  0  0	
125 80      0 69013968  14340  73968    0    0 136112     4 12027 252233 79 21  0  0  0	
124 82      0 69013968  14340  73972    0    0 135056     0 11925 252241 78 22  0  0  0	
procs -----------memory---------- ---swap-- -----io---- --system-- -----cpu-----
 r  b   swpd   free   buff  cache   si   so    bi    bo   in   cs us sy id wa st
128 83      0 69013968  14348  73972    0    0 135504    12 12017 252116 79 21  0  0  0	
129 77      0 69013968  14348  73972    0    0 133408     0 11881 252531 79 21  0  0  0	
127 78      0 69013968  14348  73972    0    0 134576     0 12078 248193 81 19  0  0  0	
126 83      0 69013968  14348  73972    0    0 133760     0 11964 250654 79 21  0  0  0	
128 74      0 69013968  14348  73972    0    0 135504     0 12015 251664 79 21  0  0  0	
127 75      0 69013968  14356  73972    0    0 134896    12 12098 252255 79 21  0  0  0	
129 81      0 69013968  14356  73976    0    0 135392     0 11938 252311 78 22  0  0  0	
127 85      0 69013968  14356  73976    0    0 135936     0 11972 252269 79 21  0  0  0	
124 93      0 69013968  14356  73976    0    0 132880     0 11921 247497 80 20  0  0  0	
131 79      0 69013968  14356  73976    0    0 136160     0 12045 252109 79 21  0  0  0	
125 82      0 69013968  14356  73976    0    0 135408     0 11965 251972 80 20  0  0  0	
130 80      0 69013968  14364  73976    0    0 134512    12 11919 252226 79 21  0  0  0	
130 84      0 69013968  14364  73976    0    0 131456     0 11868 249976 80 20  0  0  0	
125 76      0 69013968  14364  73976    0    0 135584     0 12037 252074 80 20  0  0  0	
124 76      0 69013968  14364  73976    0    0 134928    24 12234 250621 80 20  0  0  0	
126 84      0 69013968  14364  73976    0    0 133568     0 11944 252118 78 22  0  0  0	
122 78      0 69013968  14372  73976    0    0 133472    12 11844 252293 79 21  0  0  0	
129 77      0 69013968  14372  73976    0    0 135456     0 12011 252342 79 21  0  0  0	
128 81      0 69013968  14372  73976    0    0 136112     0 12071 252113 78 22  0  0  0	
125 77      0 69013968  14372  73976    0    0 133744     4 11890 252185 79 21  0  0  0	
128 77      0 69013968  14372  73976    0    0 132480     0 11974 249115 79 21  0  0  0	
procs -----------memory---------- ---swap-- -----io---- --system-- -----cpu-----
 r  b   swpd   free   buff  cache   si   so    bi    bo   in   cs us sy id wa st
129 84      0 69013968  14372  73976    0    0 135296     0 11982 252021 79 21  0  0  0	
125 86      0 69013968  14380  73976    0    0 130720    12 11976 250281 80 20  0  0  0	
132 85      0 69013968  14380  73976    0    0 134160     0 12018 252126 79 21  0  0  0	
125 73      0 69013968  14380  73976    0    0 136352     8 12064 251804 79 21  0  0  0	
128 70      0 69013968  14380  73976    0    0 132656     0 11932 251749 80 20  0  0  0	
128 85      0 69013968  14380  73976    0    0 135824     0 12001 252293 80 20  0  0  0	
122 77      0 69013968  14388  73976    0    0 135520    24 12211 252384 79 21  0  0  0	
129 77      0 69013200  14388  73976    0    0 136080     0 12122 251859 80 20  0  0  0	
129 84      0 69014080  14388  73976    0    0 135632    12 12113 251843 79 21  0  0  0	
126 79      0 69014096  14388  73976    0    0 135264     0 11968 252157 79 21  0  0  0	
131 86      0 69014096  14388  73980    0    0 133696     0 11938 252292 80 20  0  0  0	
126 85      0 69014096  14388  73980    0    0 131088     0 12035 246509 80 21  0  0  0	
123 83      0 69014096  14396  73980    0    0 136336    32 12072 249399 81 19  0  0  0	
120 84      0 69014096  14396  73980    0    0 134688     0 11945 251317 80 20  0  0  0	
125 79      0 69014096  14396  73980    0    0 134400     0 11944 252123 81 19  0  0  0	
126 90      0 69014096  14396  73980    0    0 133376     0 11932 252181 80 20  0  0  0	
125 78      0 69014096  14396  73980    0    0 135456     0 11956 252384 79 21  0  0  0	
130 89      0 69014096  14404  73980    0    0 136432    12 12031 252054 80 20  0  0  0	
127 80      0 69014096  14404  73980    0    0 136560     0 12098 252255 79 21  0  0  0	
128 80      0 69014096  14404  73980    0    0 134480     0 12374 251655 80 20  0  0  0	
130 86      0 69014096  14404  73980    0    0 133744     0 11852 252225 80 20  0  0  0	
procs -----------memory---------- ---swap-- -----io---- --system-- -----cpu-----
 r  b   swpd   free   buff  cache   si   so    bi    bo   in   cs us sy id wa st
127 76      0 69014096  14404  73980    0    0 136592     0 12210 249942 80 20  0  0  0	
121 81      0 69014096  14404  73980    0    0 136848     0 12036 252042 79 21  0  0  0	
128 78      0 69014096  14412  73980    0    0 134688    12 12013 251425 79 21  0  0  0	
79 11      0 69014096  14412  73980    0    0 135824     0 12316 252330 80 20  0  0  0	
132 81      0 69014096  14412  73980    0    0 134560     0 12166 252122 79 21  0  0  0	
127 77      0 69014096  14412  73980    0    0 135216     0 11973 252162 79 21  0  0  0	
133 90      0 69014096  14412  73980    0    0 131680     0 11853 248119 79 21  0  0  0	
128 81      0 69014096  14420  73984    0    0 132064    40 11881 248982 80 20  0  0  0	
131 85      0 69014096  14420  73984    0    0 134896     0 11985 252213 79 21  0  0  0	
126 88      0 69014096  14420  73984    0    0 136048     0 12089 252330 78 22  0  0  0	
125 86      0 69014096  14420  73984    0    0 134640     0 12012 250234 79 21  0  0  0	
131 76      0 69014096  14420  73984    0    0 133584     0 11983 251939 79 21  0  0  0	
126 90      0 69014096  14420  73984    0    0 135408     8 11997 250722 80 20  0  0  0	
131 87      0 69014096  14428  73984    0    0 136944    24 12086 252238 79 21  0  0  0	
129 77      0 69014096  14428  73984    0    0 136624     0 12026 251403 80 20  0  0  0	
128 84      0 69014096  14428  73984    0    0 135536     0 11992 252200 79 21  0  0  0	
128 80      0 69014096  14428  73984    0    0 132336     0 11879 251529 80 20  0  0  0	
132 86      0 69014096  14428  73984    0    0 139680     0 12263 252227 80 20  0  0  0	
120 80      0 69014096  14436  73984    0    0 135408    28 12042 252103 80 20  0  0  0	
