procs -----------memory---------- ---swap-- -----io---- --system-- -----cpu-----
 r  b   swpd   free   buff  cache   si   so    bi    bo   in   cs us sy id wa st
 1  0      0 42816020   6196  73452    0    0   422  3894  126  127 14  2 78  6  0	
 1  0      0 42814108   6196  73456    0    0   160     0 41387 41511  1  0 98  0  0	
 1  0      0 42813984   6196  73456    0    0   144     0 41543 41715  1  0 99  0  0	
 2  0      0 42813984   6204  73456    0    0    64    48 41391 41592  1  0 98  0  0	
 2  0      0 42813984   6204  73456    0    0    96     0 41665 41903  1  0 99  0  0	
 1  0      0 42813984   6204  73456    0    0    64     0 41455 41646  1  0 99  0  0	
 1  0      0 42813984   6204  73456    0    0    64     0 41698 41903  1  0 99  0  0	
 1  0      0 42813984   6204  73456    0    0    64     0 41657 41900  1  0 99  0  0	
 1  0      0 42813984   6212  73448    0    0   112    16 41742 41959  1  0 99  0  0	
 1  0      0 42813488   6212  73448    0    0    48     0 41861 42032  1  0 99  0  0	
 2  0      0 42813488   6212  73448    0    0    80     0 41862 42022  1  0 99  0  0	
 1  0      0 42813240   6212  73456    0    0    96     0 41692 41896  1  0 99  0  0	
 1  0      0 42813116   6212  73456    0    0    96     0 41418 41675  1  0 99  0  0	
 1  0      0 42813116   6212  73456    0    0    64     0 41738 41911  1  0 99  0  0	
 2  0      0 42813116   6220  73456    0    0    64    16 41725 41927  1  0 99  0  0	
 1  0      0 42813116   6220  73456    0    0    48     0 41448 41640  1  0 99  0  0	
 1  0      0 42813116   6220  73456    0    0   128    40 41754 41938  1  0 98  0  0	
 1  0      0 42813116   6220  73456    0    0    64     0 41797 42054  1  0 99  0  0	
 1  0      0 42813116   6220  73456    0    0    96     0 41833 42019  1  0 99  0  0	
 2  0      0 42812992   6228  73456    0    0    80    16 41556 41775  1  0 99  0  0	
 1  0      0 42812868   6228  73456    0    0   128     0 41189 41454  1  0 99  0  0	
procs -----------memory---------- ---swap-- -----io---- --system-- -----cpu-----
 r  b   swpd   free   buff  cache   si   so    bi    bo   in   cs us sy id wa st
 1  0      0 42812868   6228  73456    0    0    64     0 41595 41805  1  0 99  0  0	
 1  0      0 42812868   6228  73456    0    0    64     0 41708 41961  1  0 99  0  0	
 1  0      0 42812868   6228  73456    0    0    80     0 41621 41796  1  0 99  0  0	
 1  0      0 42812868   6236  73448    0    0    32    20 41857 42115  1  0 98  0  0	
 2  0      0 42812868   6236  73448    0    0   128     0 41325 41514  1  0 99  0  0	
 1  0      0 42812372   6236  73448    0    0   128     8 41696 41876  1  0 99  0  0	
 1  0      0 42812248   6236  73456    0    0    32     0 41707 42032  1  0 99  0  0	
 3  0      0 42812248   6236  73456    0    0   128     0 41345 41610  1  0 99  0  0	
 2  0      0 42812248   6236  73456    0    0    64     0 41670 41858  1  0 99  0  0	
 1  0      0 42812248   6244  73448    0    0    16    28 41534 41736  1  0 99  0  0	
 1  0      0 42812000   6244  73456    0    0    48    16 41750 41931  1  0 99  0  0	
 1  0      0 42812000   6244  73456    0    0    64     0 41763 42004  1  0 99  0  0	
 1  0      0 42811876   6244  73464    0    0    80     0 41631 41820  1  0 99  0  0	
 1  0      0 42811876   6252  73456    0    0    48    28 41747 41944  1  0 99  0  0	
 1  0      0 42811876   6252  73464    0    0    48     0 41279 41452  1  0 99  0  0	
 1  0      0 42811876   6252  73464    0    0    32     0 41820 42094  1  0 99  0  0	
 1  0      0 42811752   6252  73464    0    0    32     0 41633 41901  1  0 99  0  0	
 1  0      0 42811752   6252  73464    0    0    48     0 41806 42020  1  0 99  0  0	
 1  0      0 42811008   6252  73464    0    0   176     0 41639 41817  1  0 99  0  0	
 2  0      0 42810760   6268  73460    0    0   128    48 41619 41794  1  0 99  0  0	
 1  0      0 42810636   6268  73692    0    0   604     0 41549 41772  1  0 99  0  0	
procs -----------memory---------- ---swap-- -----io---- --system-- -----cpu-----
 r  b   swpd   free   buff  cache   si   so    bi    bo   in   cs us sy id wa st
 1  0      0 42810512   6268  73692    0    0   112     0 41594 41868  1  0 99  0  0	
 2  0      0 42810480   6268  74044    0    0    80     0 41817 41940  1  0 98  0  0	
 1  0      0 42810480   6268  74044    0    0    96     0 41682 41936  1  0 99  0  0	
 1  0      0 42810108   6288  74040    0    0   112    28 41690 41866  1  0 98  0  0	
 1  0      0 42809560   6288  74040    0    0    96     0 42054 42213  1  0 99  0  0	
 1  0      0 42809860   6288  74048    0    0    80     0 42119 42354  1  0 99  0  0	
 1  0      0 42809736   6288  74052    0    0    64     0 42210 42408  1  0 99  0  0	
 1  0      0 42809364   6288  74052    0    0    64     0 42026 42217  1  0 99  0  0	
 1  0      0 42809240   6288  74052    0    0    80     0 41629 41904  1  0 99  0  0	
 2  0      0 42808644   6296  74052    0    0    96    24 42011 42225  1  0 99  0  0	
 1  0      0 42809460   6296  74052    0    0    32    32 42209 42392  1  0 99  0  0	
 1  0      0 42808976   6296  74052    0    0    16     0 41963 42139  1  0 99  0  0	
 1  0      0 42808852   6296  74052    0    0    96     0 41933 42119  1  0 99  0  0	
 2  0      0 42807968   6296  74056    0    0    32     0 41371 41684  1  0 99  0  0	
 1  0      0 42807588   6304  74052    0    0    48    28 41735 41964  0  0 99  0  0	
 2  0      0 42808828   6304  74056    0    0    16     0 42241 42413  1  0 99  0  0	
 2  0      0 42808828   6304  74056    0    0   128     0 41998 42178  1  0 99  0  0	
 1  0      0 42808704   6304  74056    0    0    80     0 42070 42266  1  0 99  0  0	
 2  0      0 42808580   6304  74056    0    0    96     0 41966 42238  1  0 99  0  0	
 1  0      0 42808456   6304  74056    0    0    80     0 41758 41938  1  0 99  0  0	
 2  0      0 42808456   6312  74048    0    0    64    48 42278 42468  1  0 99  0  0	
procs -----------memory---------- ---swap-- -----io---- --system-- -----cpu-----
 r  b   swpd   free   buff  cache   si   so    bi    bo   in   cs us sy id wa st
 1  0      0 42808456   6312  74056    0    0    96     0 42166 42384  1  0 99  0  0	
 1  0      0 42808456   6312  74056    0    0    96     0 42533 42731  1  0 99  0  0	
 1  0      0 42808456   6312  74056    0    0    80     0 41781 41962  1  0 99  0  0	
 1  0      0 42808456   6312  74056    0    0    96     0 42147 42360  1  0 99  0  0	
 1  0      0 42808208   6320  74048    0    0   128    32 42009 42207  1  0 99  0  0	
 1  0      0 42808208   6320  74048    0    0    32     0 42353 42659  1  0 99  0  0	
 1  0      0 42808208   6320  74060    0    0    80     0 42544 42744  1  0 99  0  0	
 2  0      0 42808208   6320  74060    0    0    32     0 42276 42462  1  0 99  0  0	
 1  0      0 42808208   6320  74064    0    0    16     0 42752 42922  1  0 99  0  0	
 1  0      0 42808208   6328  74056    0    0   112    52 42130 42309  1  0 99  0  0	
 1  0      0 42808084   6328  74064    0    0    32     0 42057 42256  1  0 99  0  0	
 1  0      0 42808084   6328  74064    0    0    64     0 41990 42208  1  0 99  0  0	
 1  0      0 42807960   6328  74068    0    0    48     0 42204 42410  1  0 99  0  0	
 1  0      0 42807960   6328  74068    0    0    80     0 42058 42314  1  0 99  0  0	
 2  0      0 42807960   6328  74068    0    0    32     8 42150 42379  1  0 99  0  0	
 2  0      0 42807836   6336  74060    0    0    80    24 42055 42248  1  0 99  0  0	
 1  0      0 42807712   6336  74068    0    0    96     0 41771 41988  1  0 99  0  0	
 1  0      0 42807712   6336  74068    0    0    48     0 42159 42456  1  0 99  0  0	
 1  0      0 42807588   6336  74068    0    0    48     0 41782 41969  1  0 99  0  0	
 1  0      0 42807588   6336  74068    0    0    64     0 42113 42300  1  0 99  0  0	
 1  0      0 42807588   6344  74064    0    0    32    24 41769 41980  1  0 99  0  0	
procs -----------memory---------- ---swap-- -----io---- --system-- -----cpu-----
 r  b   swpd   free   buff  cache   si   so    bi    bo   in   cs us sy id wa st
 1  0      0 42807464   6344  74064    0    0    80     0 41962 42225  1  0 98  0  0	
 1  0      0 42807340   6344  74068    0    0   112     0 41883 42029  1  0 98  0  0	
 1  0      0 42807340   6344  74068    0    0    32     0 42095 42286  1  0 99  0  0	
 1  0      0 42807340   6344  74072    0    0    80     0 42048 42265  1  0 99  0  0	
 1  0      0 42807340   6344  74072    0    0    64    24 42248 42435  1  0 99  0  0	
 1  0      0 42807216   6352  74072    0    0    32    24 42145 42333  1  0 99  0  0	
 1  0      0 42807216   6352  74072    0    0    64     0 41524 41754  1  0 99  0  0	
 1  0      0 42807092   6352  74072    0    0    80     0 41997 42210  1  0 99  0  0	
 1  0      0 42807092   6352  74072    0    0   128     0 41935 42188  1  0 99  0  0	
 1  0      0 42806968   6352  74076    0    0    48    32 41746 41911  1  0 99  0  0	
 2  0      0 42806968   6360  74072    0    0    64    52 42043 42245  1  0 99  0  0	
 1  0      0 42806844   6360  74076    0    0    48     0 41514 41691  1  0 99  0  0	
 1  0      0 42806844   6360  74076    0    0    80     0 42034 42215  1  0 98  0  0	
 1  0      0 42806720   6360  74076    0    0    64     0 42076 42293  1  0 99  0  0	
 1  0      0 42806720   6360  74076    0    0    80     0 41964 42230  1  0 99  0  0	
 1  0      0 42806596   6360  74076    0    0    48     0 42123 42316  1  0 99  0  0	
 1  0      0 42806596   6368  74068    0    0    64    16 41657 41924  1  0 98  0  0	
 1  0      0 42806348   6368  74076    0    0   144     0 41719 41918  1  0 99  0  0	
 1  0      0 42806348   6368  74080    0    0    64     0 42438 42582  1  0 99  0  0	
 1  0      0 42806348   6368  74080    0    0    80     0 42265 42420  1  0 99  0  0	
 1  0      0 42806348   6368  74080    0    0    96     0 42034 42226  1  0 99  0  0	
procs -----------memory---------- ---swap-- -----io---- --system-- -----cpu-----
 r  b   swpd   free   buff  cache   si   so    bi    bo   in   cs us sy id wa st
 1  0      0 42806100   6376  74076    0    0    80    16 41504 41728  1  0 99  0  0	
 1  0      0 42806100   6376  74076    0    0    80     0 41931 42218  1  0 99  0  0	
 1  0      0 42805976   6376  74080    0    0    64     0 42013 42213  1  0 99  0  0	
 1  0      0 42805852   6376  74080    0    0    80     0 42044 42286  1  0 99  0  0	
 2  0      0 42805852   6376  74080    0    0    80     0 42023 42211  1  0 99  0  0	
 1  0      0 42805728   6376  74080    0    0    48     0 41780 42018  1  0 99  0  0	
 1  0      0 42805728   6384  74080    0    0    80    16 41955 42193  1  0 99  0  0	
 1  0      0 42805728   6384  74080    0    0    80     0 42125 42278  1  0 98  0  0	
 1  0      0 42805604   6384  74080    0    0    80     0 41945 42145  1  0 99  0  0	
 1  0      0 42805604   6384  74080    0    0   176     0 41854 42046  1  0 99  0  0	
 1  0      0 42805232   6384  74080    0    0    96     0 41648 41848  1  0 99  0  0	
 1  0      0 42805232   6392  74072    0    0    48    16 42090 42346  1  0 99  0  0	
 1  0      0 42805108   6392  74080    0    0    48     0 41975 42178  1  0 99  0  0	
 2  0      0 42805108   6392  74080    0    0    64     0 42038 42232  1  0 99  0  0	
 1  0      0 42804984   6392  74080    0    0    48     0 42128 42311  1  0 99  0  0	
 1  0      0 42804984   6392  74080    0    0    32     0 41866 42052  1  0 99  0  0	
 1  0      0 42804860   6392  74080    0    0    64     0 42056 42260  1  0 99  0  0	
 1  0      0 42804860   6400  74072    0    0    96    16 42030 42227  1  0 99  0  0	
 1  0      0 42804736   6400  74080    0    0    80    40 41886 42086  1  0 99  0  0	
 1  0      0 42804736   6400  74080    0    0    48     0 42087 42354  1  0 99  0  0	
 1  0      0 42804612   6400  74088    0    0    80     0 41544 41765  1  0 99  0  0	
procs -----------memory---------- ---swap-- -----io---- --system-- -----cpu-----
 r  b   swpd   free   buff  cache   si   so    bi    bo   in   cs us sy id wa st
 1  0      0 42804612   6400  74088    0    0    80     0 42078 42276  1  0 99  0  0	
 1  0      0 42804488   6408  74080    0    0    80    32 42059 42258  1  0 99  0  0	
 1  0      0 42804364   6408  74080    0    0   128    12 42004 42199  1  0 99  0  0	
 1  0      0 42804240   6408  74088    0    0    96     0 42077 42287  1  0 99  0  0	
 1  0      0 42804240   6408  74092    0    0    64     0 41748 41948  1  0 99  0  0	
 1  0      0 42804116   6408  74092    0    0    48     0 42217 42412  1  0 99  0  0	
 1  0      0 42804116   6408  74092    0    0    16     0 42145 42386  1  0 99  0  0	
 1  0      0 42804116   6416  74092    0    0    32    24 41812 42034  1  0 99  0  0	
 1  0      0 42804116   6416  74092    0    0    96     0 41980 42177  1  0 99  0  0	
 1  0      0 42803868   6416  74092    0    0    80     0 41698 41926  1  0 99  0  0	
 1  0      0 42803868   6416  74092    0    0   128     0 42004 42198  1  0 99  0  0	
 1  0      0 42803620   6416  74092    0    0   144     0 41711 42194  1  0 99  0  0	
 2  0      0 42803620   6424  74084    0    0    48    20 42134 42404  1  0 99  0  0	
 1  0      0 42803496   6424  74096    0    0    96     0 41435 41976  1  0 99  0  0	
 1  0      0 42803372   6424  74096    0    0    96     0 39221 43682  1  0 99  0  0	
 1  0      0 42803248   6424  74096    0    0    96     0 37736 43909  1  0 99  0  0	
 2  0      0 42803248   6424  74096    0    0    48     0 39217 43770  1  0 99  0  0	
 1  0      0 42803124   6424  74096    0    0    80     0 37660 43650  1  0 99  0  0	
 1  0      0 42803124   6432  74088    0    0   128    16 39678 43565  1  0 99  0  0	
 1  0      0 42803000   6432  74096    0    0    80     0 39255 42355  1  0 98  0  0	
 1  0      0 42802876   6432  74096    0    0    96     0 40259 42664  1  0 99  0  0	
procs -----------memory---------- ---swap-- -----io---- --system-- -----cpu-----
 r  b   swpd   free   buff  cache   si   so    bi    bo   in   cs us sy id wa st
 1  0      0 42802752   6432  74096    0    0    96     0 37303 44194  1  0 99  0  0	
 2  0      0 42802752   6432  74096    0    0    48     0 39230 43783  1  0 99  0  0	
 2  0      0 42802628   6440  74088    0    0    96    16 37711 44076  1  0 99  0  0	
 1  0      0 42802628   6440  74088    0    0    64     0 39354 43734  1  0 99  0  0	
 1  0      0 42802380   6440  74096    0    0   112     0 38679 42552  1  0 99  0  0	
 2  0      0 42802380   6440  74096    0    0    96     0 39194 43655  1  0 99  0  0	
 1  0      0 42802256   6440  74096    0    0    96     0 37976 43734  1  0 99  0  0	
 1  0      0 42802256   6440  74096    0    0    32     0 39298 43708  1  0 99  0  0	
 1  0      0 42802132   6448  74096    0    0    80    16 38358 43092  1  0 98  0  0	
 1  0      0 42802132   6448  74096    0    0   112     0 38856 43756  1  0 99  0  0	
 1  0      0 42802008   6448  74096    0    0    48     0 37653 43671  1  0 99  0  0	
 1  0      0 42801884   6448  74096    0    0    64     0 38843 43878  1  0 99  0  0	
 1  0      0 42801884   6448  74096    0    0    64    32 36296 44367  1  0 99  0  0	
 2  0      0 42801884   6456  74088    0    0    48    24 38935 43853  1  0 99  0  0	
 2  0      0 42801760   6456  74096    0    0    96     0 37419 43830  1  0 99  0  0	
 1  0      0 42801636   6456  74096    0    0    32     0 39132 43404  1  0 99  0  0	
 1  0      0 42801512   6456  74096    0    0   128     0 37842 43685  1  0 99  0  0	
 1  0      0 42801512   6456  74096    0    0    80     8 39062 43803  1  0 99  0  0	
 1  0      0 42801264   6456  74096    0    0   144     0 37738 43146  1  0 99  0  0	
 1  0      0 42801264   6464  74096    0    0   128    24 38992 43683  1  0 99  0  0	
 1  0      0 42801140   6464  74096    0    0    48     0 36576 44318  1  0 98  0  0	
procs -----------memory---------- ---swap-- -----io---- --system-- -----cpu-----
 r  b   swpd   free   buff  cache   si   so    bi    bo   in   cs us sy id wa st
 1  0      0 42801140   6464  74096    0    0   112     0 38896 43792  1  0 99  0  0	
 1  0      0 42800892   6464  74096    0    0    80     4 35941 44391  1  0 99  0  0	
 1  0      0 42800892   6464  74096    0    0    64     0 38528 43512  1  0 99  0  0	
 1  0      0 42800892   6472  74096    0    0    32    16 36401 44468  1  0 99  0  0	
 1  0      0 42800892   6472  74096    0    0    64     0 39086 43702  1  0 98  0  0	
 1  0      0 42800768   6472  74100    0    0    32     0 42905 43190  1  0 99  0  0	
 1  0      0 42800768   6472  74100    0    0    64     0 43122 43438  1  0 99  0  0	
 1  0      0 42800644   6472  74104    0    0    80     0 41671 42952  1  0 99  0  0	
 1  0      0 42800644   6472  74104    0    0    64     0 40942 43673  1  0 99  0  0	
 1  0      0 42800520   6480  74104    0    0    32    16 37174 44323  1  0 99  0  0	
 1  0      0 42800520   6480  74104    0    0    64     0 39574 43709  1  0 99  0  0	
 2  0      0 42800396   6480  74104    0    0    80     0 36786 44328  1  0 99  0  0	
 1  0      0 42800396   6480  74104    0    0    48     0 39209 43438  1  0 98  0  0	
 1  0      0 42800272   6480  74104    0    0    80     0 37918 43977  1  0 99  0  0	
 1  0      0 42800272   6488  74096    0    0   144    16 40240 43399  1  0 99  0  0	
 2  0      0 42800148   6488  74104    0    0    64     0 39006 43496  1  0 99  0  0	
 1  0      0 42800148   6488  74104    0    0    48     0 39885 43506  1  0 99  0  0	
 1  0      0 42800024   6488  74104    0    0    48     0 37938 43368  1  1 98  0  0	
 1  0      0 42800024   6488  74104    0    0    16     0 40132 44147  1  0 99  0  0	
 1  0      0 42799900   6488  74104    0    0    96     0 37453 44116  1  0 99  0  0	
 1  0      0 42799900   6496  74096    0    0    64    16 39725 43679  1  0 99  0  0	
procs -----------memory---------- ---swap-- -----io---- --system-- -----cpu-----
 r  b   swpd   free   buff  cache   si   so    bi    bo   in   cs us sy id wa st
 1  0      0 42799776   6496  74104    0    0    48     0 36858 44384  1  0 99  0  0	
 1  0      0 42799776   6496  74104    0    0    48     8 38867 43511  1  0 99  0  0	
 1  0      0 42799652   6496  74104    0    0    64     0 36574 44348  1  0 99  0  0	
 1  0      0 42799652   6496  74104    0    0    64     0 39024 43819  1  0 99  0  0	
 1  0      0 42799528   6504  74100    0    0    32    24 36630 44077  1  0 99  0  0	
 1  0      0 42799528   6504  74100    0    0    16     0 39634 43710  1  0 99  0  0	
 1  0      0 42799404   6508  74100    0    0    64    16 37691 43466  1  0 99  0  0	
 1  0      0 42799404   6508  74100    0    0    80     0 39637 43554  1  0 99  0  0	
 1  0      0 42799280   6508  74104    0    0    32     0 36727 44221  1  0 99  0  0	
 2  0      0 42799280   6508  74104    0    0    80     0 34828 43571  1  0 99  0  0	
 1  0      0 42799156   6516  74104    0    0    64    32 36687 44340  1  0 99  0  0	
 1  0      0 42799156   6516  74104    0    0    64     0 38813 43560  1  0 99  0  0	
 1  0      0 42799032   6516  74104    0    0   112     0 36684 43981  1  0 99  0  0	
 2  0      0 42798908   6516  74104    0    0   112     0 39644 43272  1  0 99  0  0	
 1  0      0 42798784   6516  74104    0    0    48     0 37454 43977  1  0 99  0  0	
 1  0      0 42798784   6524  74096    0    0    48    16 39494 43688  1  0 99  0  0	
 1  0      0 42798660   6524  74104    0    0    48     0 38512 43138  1  0 99  0  0	
 1  0      0 42798660   6524  74104    0    0    80     0 39789 43540  1  0 99  0  0	
 1  0      0 42798660   6524  74108    0    0    16     0 36721 44451  1  0 99  0  0	
 1  0      0 42798536   6524  74108    0    0   128     0 39352 43483  1  0 99  0  0	
 1  0      0 42798412   6524  74108    0    0    80     0 37124 44338  1  0 98  0  0	
procs -----------memory---------- ---swap-- -----io---- --system-- -----cpu-----
 r  b   swpd   free   buff  cache   si   so    bi    bo   in   cs us sy id wa st
 1  0      0 42798412   6532  74100    0    0    32    16 39474 43342  1  0 98  0  0	
 1  0      0 42798288   6532  74108    0    0    48     0 37389 44083  1  0 99  0  0	
 1  0      0 42798288   6532  74108    0    0   112     0 39253 43597  1  0 99  0  0	
 1  0      0 42798164   6532  74108    0    0    48     0 37593 43794  1  0 99  0  0	
 1  0      0 42798164   6532  74108    0    0    48     0 39855 43654  1  0 99  0  0	
 1  0      0 42798164   6540  74100    0    0    64    16 42017 42523  1  0 98  0  0	
 1  0      0 42798164   6540  74100    0    0    80     0 42446 43091  1  0 99  0  0	
 1  0      0 42797916   6540  74108    0    0    48     0 37685 44046  1  0 99  0  0	
 1  0      0 42797916   6540  74112    0    0    16     0 39536 43812  1  0 99  0  0	
 1  0      0 42797792   6540  74112    0    0    96     0 37312 44196  1  0 99  0  0	
 1  0      0 42797792   6540  74112    0    0    32     0 39276 43404  1  0 99  0  0	
 2  0      0 42797792   6552  74112    0    0    48    24 36700 44198  1  0 99  0  0	
 1  0      0 42797668   6552  74112    0    0    64     0 39420 43682  1  0 99  0  0	
 1  0      0 42797668   6552  74112    0    0    64     0 42062 42906  1  0 98  0  0	
 1  0      0 42797668   6552  74112    0    0    80     0 41650 43245  1  0 99  0  0	
 1  0      0 42797668   6552  74112    0    0    64     0 41713 42572  1  0 99  0  0	
 1  0      0 42797420   6560  74112    0    0    64    44 36387 44392  1  0 99  0  0	
 2  0      0 42797420   6560  74112    0    0    80     0 38351 44302  1  0 99  0  0	
 1  0      0 42797296   6560  74112    0    0    80     0 39625 44074  1  0 99  0  0	
 2  0      0 42797296   6560  74112    0    0    32     0 42063 43744  1  0 99  0  0	
 1  0      0 42797296   6560  74112    0    0    80     0 42700 43051  1  0 99  0  0	
procs -----------memory---------- ---swap-- -----io---- --system-- -----cpu-----
 r  b   swpd   free   buff  cache   si   so    bi    bo   in   cs us sy id wa st
 1  0      0 42797172   6568  74104    0    0    80    40 40017 44055  1  0 99  0  0	
 2  0      0 42797172   6568  74104    0    0    48     0 41576 43721  1  0 99  0  0	
 1  0      0 42797172   6568  74104    0    0    64     0 42188 42987  1  0 99  0  0	
 1  0      0 42797172   6568  74104    0    0    80     0 42007 43058  1  0 99  0  0	
 1  0      0 42796800   6568  74112    0    0    96     0 39539 42907  1  0 99  0  0	
 1  0      0 42796800   6568  74112    0    0    48     0 39377 43790  1  0 99  0  0	
 2  0      0 42796800   6576  74108    0    0    16    16 42080 43234  1  0 99  0  0	
 1  0      0 42796800   6576  74108    0    0    32     0 42139 43245  1  0 99  0  0	
 1  0      0 42796800   6576  74108    0    0    16     0 42329 43202  1  0 99  0  0	
 2  0      0 42796800   6576  74108    0    0   128     0 41895 42724  1  0 98  0  0	
 1  0      0 42796428   6576  74116    0    0    80     0 39260 43653  1  0 99  0  0	
 1  0      0 42796428   6584  74108    0    0    48    16 39607 43699  1  0 99  0  0	
 1  0      0 42796428   6584  74116    0    0    32     0 41065 42146  1  0 99  0  0	
 2  0      0 42796428   6584  74116    0    0    48     0 40229 43172  1  0 99  0  0	
 1  0      0 42796428   6584  74116    0    0    16     0 41783 42784  1  0 99  0  0	
 2  0      0 42796180   6584  74116    0    0    96     0 39141 43453  1  0 99  0  0	
 1  0      0 42796056   6584  74116    0    0   144     0 34340 44556  1  0 99  0  0	
 1  0      0 42796056   6592  74108    0    0    32    16 39131 43757  1  0 99  0  0	
 1  0      0 42796056   6592  74108    0    0    48     0 41763 43011  1  0 99  0  0	
 1  0      0 42796056   6592  74108    0    0    96     0 42184 43043  1  0 99  0  0	
 1  0      0 42795808   6592  74116    0    0   144     0 39130 43160  1  0 98  0  0	
procs -----------memory---------- ---swap-- -----io---- --system-- -----cpu-----
 r  b   swpd   free   buff  cache   si   so    bi    bo   in   cs us sy id wa st
 2  0      0 42795684   6592  74116    0    0   112     0 39272 43608  1  0 99  0  0	
 1  0      0 42795684   6600  74108    0    0    64    16 41726 42689  1  0 99  0  0	
 1  0      0 42795684   6600  74108    0    0    16     0 41751 42891  1  0 99  0  0	
 2  0      0 42795684   6600  74108    0    0    16     0 41682 42154  1  0 99  0  0	
 1  0      0 42795436   6600  74116    0    0    96    12 41757 42447  0  0 99  0  0	
 1  0      0 42795312   6600  74116    0    0   112     0 41557 42534  1  0 99  0  0	
 1  0      0 42795312   6600  74116    0    0    48     0 42177 42429  1  0 99  0  0	
 1  0      0 42795312   6608  74116    0    0    16    28 42538 42673  1  0 99  0  0	
 1  0      0 42795312   6608  74116    0    0    48     0 42010 42208  1  0 99  0  0	
 1  0      0 42795312   6608  74116    0    0    80     0 42180 42382  1  0 99  0  0	
 1  0      0 42795064   6608  74120    0    0    64    12 42223 42414  1  0 99  0  0	
 1  0      0 42795064   6608  74120    0    0    96     0 41583 41780  1  0 99  0  0	
 1  0      0 42795064   6616  74112    0    0    80    16 42221 42416  1  0 99  0  0	
 1  0      0 42795064   6616  74112    0    0    32     0 41863 42112  1  0 99  0  0	
 1  0      0 42795064   6616  74112    0    0    64     0 42252 42461  1  0 99  0  0	
 2  0      0 42794816   6616  74120    0    0    64     0 42220 42418  1  0 99  0  0	
 1  0      0 42794692   6616  74120    0    0    64     0 42224 42444  1  0 99  0  0	
 1  0      0 42794692   6616  74120    0    0    64     0 42217 42376  1  0 98  0  0	
 1  0      0 42794692   6624  74120    0    0    16    20 42107 42291  1  0 99  0  0	
 1  0      0 42794692   6624  74120    0    0    80     0 42222 42431  1  0 99  0  0	
 1  0      0 42794692   6624  74120    0    0   176     0 42112 42326  1  0 99  0  0	
procs -----------memory---------- ---swap-- -----io---- --system-- -----cpu-----
 r  b   swpd   free   buff  cache   si   so    bi    bo   in   cs us sy id wa st
 1  0      0 42794692   6624  74120    0    0    48     0 41992 42262  1  0 99  0  0	
 1  0      0 42794692   6624  74120    0    0    64     0 42242 42449  1  0 99  0  0	
 1  0      0 42794196   6632  74112    0    0    32    16 41998 42234  1  0 99  0  0	
 1  0      0 42794196   6632  74112    0    0    96     0 42244 42450  1  0 99  0  0	
 1  0      0 42794196   6632  74112    0    0    16     0 42311 42512  1  0 99  0  0	
 1  0      0 42794196   6632  74112    0    0    16     0 42281 42486  1  0 99  0  0	
 2  0      0 42794196   6632  74112    0    0   176     0 42062 42268  1  0 99  0  0	
 2  0      0 42794196   6632  74112    0    0    64     0 42013 42219  1  0 99  0  0	
 1  0      0 42794196   6640  74104    0    0    64    16 42152 42464  0  0 99  0  0	
 1  0      0 42793700   6640  74104    0    0    48     0 42138 42344  1  0 99  0  0	
 1  0      0 42793576   6640  74124    0    0   128     0 41882 42109  0  0 99  0  0	
 1  0      0 42793576   6640  74124    0    0    32     0 40928 41207  1  0 99  0  0	
 1  0      0 42793576   6640  74124    0    0    80     0 41789 41980  1  0 99  0  0	
 1  0      0 42793576   6648  74124    0    0   192    16 41990 42208  1  0 99  0  0	
 1  0      0 42793576   6648  74124    0    0    96     8 41558 41730  1  0 99  0  0	
 1  0      0 42793576   6648  74124    0    0    80     0 41684 41873  1  0 99  0  0	
 1  0      0 42793080   6648  74124    0    0    32     0 41471 41654  1  0 99  0  0	
 1  0      0 42793080   6648  74124    0    0    16     0 41648 41880  1  0 99  0  0	
 2  0      0 42793072   6648  74124    0    0    80     0 41758 41993  1  0 99  0  0	
 1  0      0 42792948   6656  74124    0    0    80    36 42230 42629  0  0 99  0  0	
 1  0      0 42792948   6656  74124    0    0    64     0 41703 41948  1  0 99  0  0	
procs -----------memory---------- ---swap-- -----io---- --system-- -----cpu-----
 r  b   swpd   free   buff  cache   si   so    bi    bo   in   cs us sy id wa st
 1  0      0 42792824   6656  74124    0    0    48     0 41557 41900  1  0 99  0  0	
 1  0      0 42792824   6656  74124    0    0    32     0 41959 42232  1  0 99  0  0	
 1  0      0 42792824   6656  74124    0    0   144     0 42112 42333  1  0 99  0  0	
 1  0      0 42792824   6664  74116    0    0    48    40 42131 42379  1  0 99  0  0	
 1  0      0 42792824   6664  74116    0    0    48     0 42092 42346  1  0 99  0  0	
 1  0      0 42792576   6664  74124    0    0    64     0 41846 42345  1  0 99  0  0	
 1  0      0 42792452   6664  74124    0    0   128     0 41820 42189  1  0 99  0  0	
 2  0      0 42792452   6664  74124    0    0    48     0 41623 41896  1  0 99  0  0	
 1  0      0 42792452   6672  74124    0    0    80    16 41983 42244  1  0 99  0  0	
 1  0      0 42792452   6672  74124    0    0    80     0 41944 42168  1  0 99  0  0	
 1  0      0 42792452   6672  74124    0    0    16     0 42245 42441  1  0 99  0  0	
 1  0      0 42792452   6672  74124    0    0    80     0 41692 41934  1  0 99  0  0	
 1  0      0 42791956   6672  74124    0    0   112     0 42022 42201  1  0 99  0  0	
 1  0      0 42791956   6672  74128    0    0    32     0 42284 42465  1  0 99  0  0	
 1  0      0 42791832   6680  74120    0    0    80    16 40951 41178  1  0 99  0  0	
 1  0      0 42791832   6680  74120    0    0    48     0 41439 41630  1  0 99  0  0	
 1  0      0 42791832   6680  74120    0    0    64     0 41241 41398  1  0 99  0  0	
 2  0      0 42791832   6680  74120    0    0    48     0 41561 41794  1  0 99  0  0	
 1  0      0 42791832   6680  74120    0    0   112     0 42034 42453  1  0 99  0  0	
 1  0      0 42791832   6688  74112    0    0    32    16 41875 42123  1  0 99  0  0	
 1  0      0 42791832   6688  74112    0    0    96     0 41911 42138  1  0 99  0  0	
procs -----------memory---------- ---swap-- -----io---- --system-- -----cpu-----
 r  b   swpd   free   buff  cache   si   so    bi    bo   in   cs us sy id wa st
 1  0      0 42791460   6688  74132    0    0    64     0 41567 41872  1  0 99  0  0	
 1  0      0 42791460   6688  74132    0    0    32     0 41799 42207  1  0 99  0  0	
 2  0      0 42791460   6688  74132    0    0    64     0 41943 42258  1  0 99  0  0	
 1  0      0 42791460   6688  74132    0    0    96     8 41833 42170  1  0 99  0  0	
 1  0      0 42791460   6696  74132    0    0    64    28 42145 42344  1  0 99  0  0	
 1  0      0 42791460   6696  74132    0    0    32     0 42010 42347  1  0 99  0  0	
 1  0      0 42791460   6696  74132    0    0    80     0 42249 42864  1  0 99  0  0	
 2  0      0 42791460   6696  74132    0    0    80     0 42282 42896  1  0 99  0  0	
 1  0      0 42790964   6696  74132    0    0    80     8 38835 43488  1  0 99  0  0	
 1  0      0 42790964   6704  74132    0    0    32    28 39864 43629  1  0 99  0  0	
 1  0      0 42790964   6704  74132    0    0    80     0 41793 42418  1  0 99  0  0	
 1  0      0 42790964   6704  74132    0    0   112     0 42214 42862  1  0 99  0  0	
 1  0      0 42790964   6704  74132    0    0    32     0 42523 43024  1  0 99  0  0	
 1  0      0 42790964   6704  74132    0    0    64    16 42379 43030  1  0 99  0  0	
 2  0      0 42790964   6704  74132    0    0    64     0 42728 43210  1  0 99  0  0	
 2  0      0 42790468   6712  74124    0    0    64    16 42186 42664  1  0 99  0  0	
 2  0      0 42790468   6712  74132    0    0    80     0 39751 43456  1  0 99  0  0	
 1  0      0 42790468   6712  74132    0    0    32     0 40772 43388  1  0 99  0  0	
 1  0      0 42790468   6712  74132    0    0    32     0 42378 42810  1  0 99  0  0	
 1  0      0 42790468   6712  74132    0    0   128     0 42328 42756  1  0 99  0  0	
 1  0      0 42790468   6720  74124    0    0    48    16 41562 41888  1  0 99  0  0	
procs -----------memory---------- ---swap-- -----io---- --system-- -----cpu-----
 r  b   swpd   free   buff  cache   si   so    bi    bo   in   cs us sy id wa st
 1  0      0 42790468   6720  74124    0    0    80     0 42088 42460  1  0 99  0  0	
 1  0      0 42790468   6720  74124    0    0    64     0 42340 42826  1  0 99  0  0	
 1  0      0 42789972   6720  74124    0    0    80     0 42385 42954  1  0 99  0  0	
 1  0      0 42789972   6720  74132    0    0     0     0 39228 43812  1  0 99  0  0	
 1  0      0 42789848   6720  74132    0    0   160     0 40123 43268  1  0 99  0  0	
 2  0      0 42789848   6728  74132    0    0    64    16 42208 43077  1  0 99  0  0	
 1  0      0 42789848   6728  74132    0    0    16     0 41908 42579  1  0 99  0  0	
 1  0      0 42789848   6728  74132    0    0    48     0 42224 42866  1  0 99  0  0	
 1  0      0 42789848   6728  74132    0    0    16     0 42443 43078  1  0 99  0  0	
 1  0      0 42789848   6728  74132    0    0    32     0 41918 42419  1  0 99  0  0	
 1  0      0 42789848   6736  74124    0    0    64    16 42553 42946  1  0 99  0  0	
 1  0      0 42789476   6736  74136    0    0    64     0 39713 43525  1  0 99  0  0	
 1  0      0 42789476   6736  74136    0    0    80     0 40855 43352  1  0 99  0  0	
 1  0      0 42789476   6736  74136    0    0    32     4 42629 43010  1  0 99  0  0	
 2  0      0 42789476   6736  74136    0    0    32     0 42086 42664  1  0 99  0  0	
 1  0      0 42789476   6736  74136    0    0    16     0 42393 43033  1  0 99  0  0	
 1  0      0 42789476   6744  74128    0    0    48    16 42388 43058  1  0 99  0  0	
 1  0      0 42789476   6744  74128    0    0    80     0 41275 41953  1  0 98  0  0	
 2  0      0 42789476   6744  74128    0    0   112     8 42100 42835  1  0 99  0  0	
 1  0      0 42788980   6744  74140    0    0    80     0 39722 43112  1  0 98  0  0	
 1  0      0 42788980   6744  74140    0    0    64     0 40966 43332  1  0 99  0  0	
procs -----------memory---------- ---swap-- -----io---- --system-- -----cpu-----
 r  b   swpd   free   buff  cache   si   so    bi    bo   in   cs us sy id wa st
 1  0      0 42788980   6752  74140    0    0    80    28 42505 42925  1  0 99  0  0	
 1  0      0 42788980   6752  74140    0    0    48     0 42546 43002  1  0 99  0  0	
 2  0      0 42788980   6752  74140    0    0    48     0 42552 43027  1  0 99  0  0	
 1  0      0 42788980   6752  74140    0    0    48     0 42346 42691  1  0 99  0  0	
 1  0      0 42788980   6752  74140    0    0    96     0 42320 42792  1  0 99  0  0	
 1  0      0 42788484   6752  74140    0    0    96     0 42192 42736  1  0 99  0  0	
 1  0      0 42788484   6760  74140    0    0    64    16 38188 42854  1  0 99  0  0	
 1  0      0 42788484   6760  74140    0    0    48    12 41114 43203  1  0 98  0  0	
 1  0      0 42788484   6760  74140    0    0    64     0 41845 42233  1  0 98  0  0	
 1  0      0 42788484   6760  74140    0    0    16     0 42622 42975  1  0 99  0  0	
 1  0      0 42788484   6760  74140    0    0    48     0 42603 42972  1  0 99  0  0	
 1  0      0 42788484   6768  74132    0    0    32    16 42661 43020  1  0 99  0  0	
 1  0      0 42788484   6768  74132    0    0    64     0 42593 42893  1  0 99  0  0	
 1  0      0 42788484   6768  74132    0    0    96     0 41435 41804  1  0 99  0  0	
 1  0      0 42788112   6768  74140    0    0    16     0 41754 42594  1  0 99  0  0	
 2  0      0 42788112   6768  74140    0    0    48     0 41812 42018  1  0 99  0  0	
 1  0      0 42788112   6768  74140    0    0    64     0 42028 42280  0  0 99  0  0	
 1  0      0 42787864   6776  74140    0    0    96    16 41813 42086  1  0 99  0  0	
 1  0      0 42787740   6776  74140    0    0    96     0 41425 41945  1  0 99  0  0	
 1  0      0 42787740   6776  74140    0    0    96     0 41821 42098  1  0 99  0  0	
 1  0      0 42787616   6776  74140    0    0    64     0 41993 42230  1  0 99  0  0	
procs -----------memory---------- ---swap-- -----io---- --system-- -----cpu-----
 r  b   swpd   free   buff  cache   si   so    bi    bo   in   cs us sy id wa st
 2  0      0 42787616   6776  74140    0    0    64     0 41787 41982  1  0 99  0  0	
 1  0      0 42787616   6784  74136    0    0    48    16 41819 42132  1  0 99  0  0	
 1  0      0 42787616   6784  74136    0    0    64     0 41979 42423  1  0 99  0  0	
 1  0      0 42787368   6784  74144    0    0    96     0 41892 42329  1  0 99  0  0	
 1  0      0 42787368   6784  74144    0    0    32     0 41881 42349  1  1 99  0  0	
 1  0      0 42787368   6784  74144    0    0    32     0 42008 42242  1  0 99  0  0	
 2  0      0 42787244   6784  74144    0    0    80    16 41907 42389  0  0 99  0  0	
 1  0      0 42787088   6792  74144    0    0   112    32 41900 42018  1  0 99  0  0	
 1  0      0 42787088   6792  74144    0    0    32     0 42299 42539  1  0 99  0  0	
 2  0      0 42786576   6792  74144    0    0   112     0 41841 42071  1  0 99  0  0	
 1  0      0 42786576   6792  74144    0    0    64     0 41796 42108  1  0 99  0  0	
 1  0      0 42786452   6792  74144    0    0    64     0 41585 42010  1  0 99  0  0	
 1  0      0 42786452   6800  74136    0    0    64    28 41677 41927  1  0 99  0  0	
 1  0      0 42786452   6800  74136    0    0    48     0 41968 42338  1  0 99  0  0	
 1  0      0 42786452   6800  74136    0    0    32     0 41448 41731  1  0 99  0  0	
 1  0      0 42786452   6800  74136    0    0    32     0 42098 42307  1  0 98  0  0	
 1  0      0 42786452   6800  74136    0    0   128     0 41947 42179  1  0 99  0  0	
 1  0      0 42786080   6800  74148    0    0    64     0 41284 41497  1  0 99  0  0	
 1  0      0 42786080   6808  74148    0    0    32    16 42125 42399  1  0 99  0  0	
 2  0      0 42786080   6808  74148    0    0    48     0 42001 42193  1  0 99  0  0	
 1  0      0 42786080   6808  74148    0    0    80     0 42064 42260  1  0 99  0  0	
procs -----------memory---------- ---swap-- -----io---- --system-- -----cpu-----
 r  b   swpd   free   buff  cache   si   so    bi    bo   in   cs us sy id wa st
 1  0      0 42786080   6808  74148    0    0    80     0 42064 42272  1  0 99  0  0	
 1  0      0 42785832   6808  74148    0    0    48    28 42011 42249  1  0 99  0  0	
 1  0      0 42785832   6816  74140    0    0    48    16 42388 42572  1  0 99  0  0	
 1  0      0 42785832   6816  74140    0    0    32     0 41941 42105  1  0 99  0  0	
 1  0      0 42785708   6816  74148    0    0    96     0 41800 42080  1  0 99  0  0	
 1  0      0 42785708   6816  74148    0    0   112     0 41953 42198  1  0 99  0  0	
 1  0      0 42785584   6816  74148    0    0    32     0 41668 41872  1  0 99  0  0	
 1  0      0 42785584   6816  74148    0    0    80     0 42077 42260  1  0 99  0  0	
 1  0      0 42785584   6824  74140    0    0    96    16 42074 42282  1  0 99  0  0	
 1  0      0 42785584   6824  74140    0    0    96     0 42124 42328  1  0 99  0  0	
 2  0      0 42785584   6824  74140    0    0   112     0 42043 42265  1  0 99  0  0	
 1  0      0 42785212   6824  74148    0    0    32     0 41874 42073  1  0 99  0  0	
 2  0      0 42785088   6824  74148    0    0    96     0 41927 42145  1  0 99  0  0	
 1  0      0 42785088   6832  74148    0    0    48    16 41924 42238  1  0 99  0  0	
 1  0      0 42785088   6832  74148    0    0    96     0 41592 41754  1  0 99  0  0	
 1  0      0 42785088   6832  74148    0    0   128     0 41740 41912  1  0 99  0  0	
 1  0      0 42784716   6832  74152    0    0    32     8 41427 41617  1  0 98  0  0	
 1  0      0 42784716   6832  74152    0    0    48     0 41917 42079  1  0 99  0  0	
 1  0      0 42784716   6832  74152    0    0    64     0 41925 42089  1  0 99  0  0	
 1  0      0 42784716   6840  74144    0    0    48    28 41965 42157  1  0 98  0  0	
 1  0      0 42784592   6840  74152    0    0    32     0 41950 42159  1  0 99  0  0	
procs -----------memory---------- ---swap-- -----io---- --system-- -----cpu-----
 r  b   swpd   free   buff  cache   si   so    bi    bo   in   cs us sy id wa st
 1  0      0 42784468   6840  74152    0    0    48    20 41579 41995  1  0 99  0  0	
 1  0      0 42784468   6840  74152    0    0    48     0 40210 41670  1  0 99  0  0	
 1  0      0 42784468   6840  74152    0    0    32     0 40313 43347  1  0 99  0  0	
 2  0      0 42784468   6848  74144    0    0    96    28 41426 41857  1  0 99  0  0	
 1  0      0 42784468   6848  74144    0    0    64     0 41930 42440  1  0 99  0  0	
 2  0      0 42784468   6848  74144    0    0    32     0 41842 42092  1  0 99  0  0	
 1  0      0 42784468   6848  74144    0    0    80     0 42245 42447  1  0 99  0  0	
 1  0      0 42784096   6848  74152    0    0    64     0 42202 42396  1  0 99  0  0	
 1  0      0 42784096   6848  74152    0    0    48     0 42209 42366  1  0 99  0  0	
 1  0      0 42784096   6856  74152    0    0    64    16 42333 42518  1  0 98  0  0	
 1  0      0 42784096   6856  74152    0    0    48     0 42032 42231  1  0 99  0  0	
 1  0      0 42784096   6856  74152    0    0     0     0 42345 42520  1  0 99  0  0	
 1  0      0 42784096   6856  74152    0    0    80     0 42210 42412  1  0 99  0  0	
 1  0      0 42784096   6856  74152    0    0    16     0 42160 42408  1  0 99  0  0	
 1  0      0 42784096   6864  74144    0    0   112    16 42072 42288  1  0 99  0  0	
 1  0      0 42783724   6864  74152    0    0   144     0 41627 41852  1  0 99  0  0	
 1  0      0 42783724   6864  74152    0    0    96    20 40922 41156  1  1 99  0  0	
 1  0      0 42783724   6864  74152    0    0    32     0 40834 41023  1  0 99  0  0	
 1  0      0 42783724   6864  74152    0    0    32     0 42263 42462  1  0 99  0  0	
 1  0      0 42783724   6864  74152    0    0    64     0 42087 42270  1  0 99  0  0	
 1  0      0 42783724   6872  74144    0    0    48    16 42257 42454  1  0 98  0  0	
procs -----------memory---------- ---swap-- -----io---- --system-- -----cpu-----
 r  b   swpd   free   buff  cache   si   so    bi    bo   in   cs us sy id wa st
 1  0      0 42783724   6872  74144    0    0    16     0 42184 42454  1  0 99  0  0	
 1  0      0 42783724   6872  74144    0    0    48     0 42200 42405  1  0 99  0  0	
 1  0      0 42783352   6872  74156    0    0    80     0 41976 42218  1  0 99  0  0	
 1  0      0 42783352   6872  74156    0    0    48     0 42240 42432  1  0 99  0  0	
 1  0      0 42783228   6880  74156    0    0    48    16 41807 42033  1  0 99  0  0	
 1  0      0 42783228   6880  74156    0    0   112     8 42126 42336  1  0 99  0  0	
 1  0      0 42783228   6880  74156    0    0    80     0 42231 42414  1  0 98  0  0	
 1  0      0 42783228   6880  74156    0    0    16     0 42332 42526  1  0 99  0  0	
 2  0      0 42783228   6880  74156    0    0    80     0 42170 42435  1  0 99  0  0	
 1  0      0 42783228   6880  74156    0    0    16     0 41737 41937  1  0 99  0  0	
 1  0      0 42782856   6888  74160    0    0    48    36 42268 42511  1  0 99  0  0	
 1  0      0 42782732   6888  74160    0    0    96     0 42171 42374  1  0 98  0  0	
 2  0      0 42782732   6888  74160    0    0    32     0 42057 42267  1  0 98  0  0	
 2  0      0 42782732   6888  74160    0    0     0     0 42273 42476  1  0 99  0  0	
 1  0      0 42782732   6888  74160    0    0    48     0 41672 41881  1  0 99  0  0	
 1  0      0 42782732   6896  74152    0    0    80    28 42260 42456  1  0 99  0  0	
 1  0      0 42782732   6896  74152    0    0    64     0 42183 42456  1  0 99  0  0	
 1  0      0 42782732   6896  74152    0    0    48     0 42437 42638  1  0 99  0  0	
 1  0      0 42782360   6896  74160    0    0    64     0 42375 42607  1  0 99  0  0	
 1  0      0 42782236   6896  74160    0    0    96     0 42224 42460  1  0 99  0  0	
 1  0      0 42782236   6896  74160    0    0    48     0 42303 42500  1  0 99  0  0	
procs -----------memory---------- ---swap-- -----io---- --system-- -----cpu-----
 r  b   swpd   free   buff  cache   si   so    bi    bo   in   cs us sy id wa st
 1  0      0 42782236   6904  74160    0    0   112    16 42177 42391  1  0 99  0  0	
 1  0      0 42782236   6904  74160    0    0    80     0 42009 42232  1  0 99  0  0	
 1  0      0 42782236   6904  74160    0    0     0     0 42396 42620  1  0 99  0  0	
 1  0      0 42782236   6904  74160    0    0    48     0 41736 42008  1  0 99  0  0	
 1  0      0 42782236   6904  74160    0    0    48     0 42360 42580  1  0 99  0  0	
 1  0      0 42781864   6912  74152    0    0    64    16 42273 42466  1  0 99  0  0	
 1  0      0 42781864   6912  74152    0    0    64     0 42338 42538  1  0 99  0  0	
 1  0      0 42781864   6912  74152    0    0    64     0 42158 42382  1  0 99  0  0	
 1  0      0 42781864   6912  74152    0    0    32     0 42034 42260  1  0 99  0  0	
 1  0      0 42781864   6912  74152    0    0    32    16 42287 42508  1  0 99  0  0	
 1  0      0 42779384   6912  74160    0    0    16     0 42752 42751  1  0 98  0  0	
 1  0      0 42779384   6920  74160    0    0    48    24 42030 42342  1  0 99  0  0	
 2  0      0 42779384   6920  74160    0    0   112     0 42226 42440  1  0 98  0  0	
 1  0      0 42779384   6920  74160    0    0    16     0 41822 42075  1  0 99  0  0	
 2  0      0 42779384   6920  74160    0    0    48     0 42350 42585  1  0 99  0  0	
 1  0      0 42779384   6920  74160    0    0    32     0 42361 42552  1  0 99  0  0	
 1  0      0 42779384   6928  74160    0    0    48    16 42383 42581  1  0 99  0  0	
 1  0      0 42779384   6928  74160    0    0   112     0 42216 42448  1  0 99  0  0	
 1  0      0 42779384   6928  74160    0    0    80     0 42045 42274  1  0 99  0  0	
 1  0      0 42779384   6928  74160    0    0    48     0 42227 42534  1  0 99  0  0	
 1  0      0 42779384   6928  74160    0    0    16    16 42349 42560  1  0 99  0  0	
procs -----------memory---------- ---swap-- -----io---- --system-- -----cpu-----
 r  b   swpd   free   buff  cache   si   so    bi    bo   in   cs us sy id wa st
 1  1      0 42779384   6928  74168    0    0    64    28 42061 42296  1  0 99  0  0	
 1  0      0 42779384   6936  74168    0    0    80     4 42282 42506  1  0 99  0  0	
 2  0      0 42779384   6936  74168    0    0    64     0 41819 42028  1  0 99  0  0	
 1  0      0 42779384   6936  74168    0    0    32     0 42324 42538  1  0 99  0  0	
 1  0      0 42779384   6936  74168    0    0    16     0 42376 42573  1  0 99  0  0	
 2  0      0 42779384   6936  74168    0    0    48     0 42359 42554  1  0 99  0  0	
 1  0      0 42779384   6944  74160    0    0    96    16 42257 42546  1  0 99  0  0	
 2  0      0 42779384   6944  74160    0    0    48     0 42012 42244  1  0 99  0  0	
 1  0      0 42778888   6944  74168    0    0    64     0 42267 42500  1  0 98  0  0	
 2  0      0 42778888   6944  74168    0    0    64     0 42285 42514  1  0 99  0  0	
 1  0      0 42778888   6944  74168    0    0    96     0 42100 42317  1  0 99  0  0	
 1  0      0 42778888   6952  74168    0    0    48    16 42272 42478  1  0 99  0  0	
 1  0      0 42778888   6952  74168    0    0    48     0 41682 41884  1  0 99  0  0	
 1  0      0 42778888   6952  74168    0    0    16     0 42438 42628  1  0 99  0  0	
 2  0      0 42778888   6952  74168    0    0    16     0 42214 42502  1  0 99  0  0	
 1  0      0 42778888   6952  74168    0    0    32     0 42308 42527  1  0 99  0  0	
 1  0      0 42778516   6952  74168    0    0    32     0 42293 42503  1  0 99  0  0	
 2  0      0 42778516   6960  74160    0    0    96    16 42053 42238  1  0 99  0  0	
 1  0      0 42778516   6960  74160    0    0    48     0 42338 42521  1  0 98  0  0	
 1  0      0 42778268   6960  74168    0    0   112     0 42233 42422  1  0 99  0  0	
 2  0      0 42778268   6960  74168    0    0    64     0 42057 42254  1  0 99  0  0	
procs -----------memory---------- ---swap-- -----io---- --system-- -----cpu-----
 r  b   swpd   free   buff  cache   si   so    bi    bo   in   cs us sy id wa st
 1  0      0 42778268   6960  74168    0    0    16     0 42387 42581  1  0 99  0  0	
 2  0      0 42778144   6968  74160    0    0    48    16 41664 42003  1  0 99  0  0	
 1  0      0 42778144   6968  74160    0    0    48     0 42299 42528  1  0 99  0  0	
 2  0      0 42778144   6968  74168    0    0    32    28 42349 42559  1  0 99  0  0	
 3  0      0 42778020   6968  74168    0    0   128     0 42208 42429  1  0 99  0  0	
 1  0      0 42778020   6968  74168    0    0    64     0 42166 42384  1  0 99  0  0	
 1  0      0 42778020   6968  74168    0    0    32     0 41956 42233  1  0 99  0  0	
 1  0      0 42778020   6976  74160    0    0    80    20 42222 42414  1  0 98  0  0	
 1  0      0 42778020   6976  74160    0    0    80     4 42296 42508  1  0 99  0  0	
 1  0      0 42778020   6976  74160    0    0   112     0 41215 41512  1  0 99  0  0	
 2  0      0 42777524   6976  74160    0    0    64     0 42279 42474  1  0 99  0  0	
 1  0      0 42777400   6976  74172    0    0    96     0 41855 42042  1  0 99  0  0	
 2  0      0 42777400   6984  74172    0    0    96    16 42225 42440  1  0 98  0  0	
 1  0      0 42777400   6984  74172    0    0    64     4 42315 42496  1  0 99  0  0	
 1  0      0 42777400   6984  74172    0    0    80     0 42280 42487  1  0 99  0  0	
 1  0      0 42777400   6984  74172    0    0    80     0 42334 42538  1  0 99  0  0	
 2  0      0 42777028   6984  74172    0    0    80     0 41724 41854  1  0 99  0  0	
 1  0      0 42777028   6984  74172    0    0    64     0 41957 42245  1  0 99  0  0	
 1  0      0 42777028   6992  74164    0    0    96    16 41972 42172  1  0 99  0  0	
 1  0      0 42776904   6992  74172    0    0    64     0 41824 42056  1  0 99  0  0	
 2  0      0 42776780   6992  74172    0    0    32     0 42051 42358  1  0 99  0  0	
procs -----------memory---------- ---swap-- -----io---- --system-- -----cpu-----
 r  b   swpd   free   buff  cache   si   so    bi    bo   in   cs us sy id wa st
 1  0      0 42776780   6992  74176    0    0    80     0 41620 41814  1  0 99  0  0	
 1  0      0 42776780   6992  74176    0    0    96     0 42083 42270  1  0 99  0  0	
 1  0      0 42776780   7000  74168    0    0    32    16 42227 42408  1  0 99  0  0	
 1  0      0 42776780   7000  74168    0    0    32     0 42175 42396  1  0 99  0  0	
 1  0      0 42776780   7000  74168    0    0    32     0 42177 42383  1  0 99  0  0	
 1  0      0 42776780   7000  74168    0    0    96     0 41864 42060  1  0 99  0  0	
 1  0      0 42776408   7000  74176    0    0    96     0 41733 41942  1  0 99  0  0	
 1  0      0 42776284   7000  74176    0    0    80     0 42238 42439  1  0 99  0  0	
 1  0      0 42776284   7008  74172    0    0    80    16 41903 42116  1  0 99  0  0	
 2  0      0 42776284   7008  74172    0    0    32     0 42213 42386  1  0 99  0  0	
 1  0      0 42776284   7008  74172    0    0    96     0 41583 41798  1  0 99  0  0	
 1  0      0 42776284   7008  74172    0    0    48     0 42188 42396  1  0 99  0  0	
 1  0      0 42776284   7008  74172    0    0    96     0 42063 42284  1  0 99  0  0	
 1  0      0 42776284   7016  74164    0    0    96    16 42114 42293  1  0 99  0  0	
 1  0      0 42775788   7016  74176    0    0    48     0 42067 42270  1  0 99  0  0	
 1  0      0 42775788   7016  74176    0    0    80     0 41762 42026  1  0 98  0  0	
 1  0      0 42775788   7016  74176    0    0    32     0 42157 42353  1  0 99  0  0	
 1  0      0 42775788   7016  74176    0    0    80     0 42087 42291  1  0 99  0  0	
 1  0      0 42775788   7016  74176    0    0    32     4 41845 42038  1  0 99  0  0	
 2  0      0 42775788   7024  74168    0    0    16    16 42195 42402  1  0 99  0  0	
 1  0      0 42775788   7024  74168    0    0    48     0 41764 41978  1  0 99  0  0	
procs -----------memory---------- ---swap-- -----io---- --system-- -----cpu-----
 r  b   swpd   free   buff  cache   si   so    bi    bo   in   cs us sy id wa st
 2  0      0 42775788   7024  74168    0    0    80     0 42123 42346  1  0 99  0  0	
 1  0      0 42775416   7024  74176    0    0    32     0 42054 42290  0  0 99  0  0	
 1  0      0 42775416   7024  74176    0    0   112    16 42285 42532  1  0 99  0  0	
 1  0      0 42775416   7032  74168    0    0    48    32 42619 42801  1  0 99  0  0	
 1  0      0 42775416   7032  74168    0    0   160     0 41490 41710  1  0 99  0  0	
 1  0      0 42775416   7032  74168    0    0    32     0 42069 42342  1  0 99  0  0	
 2  0      0 42775416   7032  74168    0    0    32     0 42136 42351  1  0 99  0  0	
 1  0      0 42775416   7032  74168    0    0    64     0 41794 41978  1  0 99  0  0	
 1  0      0 42775416   7032  74168    0    0    32     0 42109 42302  1  0 99  0  0	
 2  0      0 42765896   8920  75968    0    0  4496   300 50319 48585  2  2 95  1  0	
 1  1      0 42760256  10076  79404    0    0  4612   224 57584 58116  3  4 91  2  0	
 2  0      0 42751824  10848  83280    0    0  5640     0 60948 58981  3  5 90  2  0	
 2  0      0 42748904  10868  89356    0    0  4100   488 58489 57615  3  4 91  1  0	
 2  0      0 42743040  11020  92772    0    0  3452   280 56454 56858  3  5 90  2  0	
 1  1      0 42736148  11204  95856    0    0  3608   664 56351 54714  3  4 91  2  0	
 1  1      0 42732196  11888  99572    0    0  3668   544 56564 56078  2  5 91  2  0	
 2  0      0 42727332  11888 101784    0    0  2644     0 57831 55650  3  5 92  0  0	
 2  0      0 42725744  11888 104564    0    0  2328     0 53860 53441  3  5 91  0  0	
 3  0      0 42721680  11888 106600    0    0  2228     0 57092 55114  3  6 91  0  0	
 5  0      0 42716784  11888 108080    0    0  2308     0 56780 54649  3  5 91  0  0	
 3  0      0 42714648  11896 111252    0    0  2220    20 55192 52889  2  6 91  0  0	
procs -----------memory---------- ---swap-- -----io---- --system-- -----cpu-----
 r  b   swpd   free   buff  cache   si   so    bi    bo   in   cs us sy id wa st
 4  0      0 42709720  12864 113160    0    0  2976  2028 56624 55030  2  6 91  1  0	
 1  0      0 42713956  14300 115312    0    0  1824  2644 50029 50840  2  3 93  2  0	
 1  0      0 42713956  14300 115312    0    0    48     0 42087 42492  1  0 99  0  0	
 1  0      0 42713956  14300 115312    0    0    96     0 42154 42377  1  0 99  0  0	
 1  0      0 42713400  14300 115312    0    0    64     0 42265 42575  1  0 99  0  0	
 1  0      0 42713400  14300 115312    0    0    48     0 42339 42590  1  0 99  0  0	
 1  0      0 42713400  14308 115312    0    0    32    88 42202 42400  1  0 99  0  0	
 2  0      0 42713400  14308 115312    0    0    16   504 42394 42592  1  0 99  0  0	
 2  0      0 42713400  14308 115312    0    0    32     0 41976 42201  1  0 99  0  0	
 1  0      0 42713400  14308 115312    0    0    48     0 42354 42567  1  0 99  0  0	
 2  0      0 42713400  14308 115312    0    0    16     0 42381 42570  1  0 99  0  0	
 1  0      0 42713400  14308 115312    0    0    48     0 42332 42544  1  0 99  0  0	
 1  0      0 42713152  14316 115312    0    0    16    36 42449 42758  1  0 99  0  0	
 1  0      0 42713152  14316 115312    0    0    96     0 42065 42332  1  0 99  0  0	
 2  0      0 42713152  14316 115312    0    0    64     0 42276 42495  1  0 99  0  0	
 1  0      0 42713152  14316 115312    0    0   112     0 42313 42534  1  0 99  0  0	
 1  0      0 42713152  14316 115312    0    0    16     0 42200 42431  1  0 99  0  0	
 1  0      0 42713152  14324 115304    0    0    48    36 42492 42708  1  0 99  0  0	
 2  0      0 42713152  14324 115304    0    0    48     0 41995 42219  1  0 99  0  0	
 1  0      0 42712656  14324 115304    0    0    80     0 42404 42592  1  0 99  0  0	
 1  0      0 42712656  14324 115316    0    0    48     0 42333 42621  1  0 99  0  0	
procs -----------memory---------- ---swap-- -----io---- --system-- -----cpu-----
 r  b   swpd   free   buff  cache   si   so    bi    bo   in   cs us sy id wa st
 1  0      0 42712656  14324 115316    0    0    48     0 42437 42667  1  0 99  0  0	
 1  0      0 42712656  14324 115316    0    0     0     8 42180 42402  1  0 99  0  0	
 1  0      0 42712656  14332 115312    0    0    32    28 42525 42734  1  0 99  0  0	
 2  0      0 42712656  14332 115312    0    0    16     0 42264 42475  1  0 99  0  0	
 1  0      0 42712656  14332 115312    0    0    32     0 42507 42688  1  0 99  0  0	
 1  0      0 42712656  14332 115312    0    0    80     0 42398 42624  1  0 99  0  0	
 1  0      0 42712656  14332 115312    0    0    96     0 42234 42476  1  0 99  0  0	
 1  0      0 42712284  14340 115308    0    0    32    16 42083 42359  1  0 99  0  0	
 1  0      0 42712284  14340 115308    0    0    32     0 42517 42712  1  0 99  0  0	
 2  0      0 42712284  14340 115308    0    0   160     0 42217 42443  1  0 99  0  0	
 1  0      0 42712676  14348 115300    0    0    16    44 42611 42793  1  0 99  0  0	
 1  0      0 42712676  14348 115300    0    0     0     4 42568 42801  1  0 99  0  0	
 1  0      0 42713564  14348 115300    0    0    64     0 42564 42736  1  0 99  0  0	
 1  0      0 42713564  14348 115300    0    0    16     0 42505 42700  1  0 99  0  0	
 1  0      0 42712036  14348 115328    0    0   128     0 41381 41701  1  0 99  0  0	
 1  0      0 42712036  14348 115328    0    0    48     0 41603 42085  1  0 99  0  0	
 1  0      0 42712532  14356 115332    0    0    48    36 42098 42398  1  0 98  0  0	
 1  0      0 42712408  14356 115332    0    0    64     0 40993 41283  1  0 99  0  0	
 1  0      0 42713004  14356 115336    0    0    48     0 42120 42339  1  0 98  0  0	
 2  0      0 42713004  14364 115328    0    0    64    56 42040 42300  1  0 99  0  0	
 1  0      0 42713892  14364 115332    0    0    32     0 42099 42290  1  0 99  0  0	
procs -----------memory---------- ---swap-- -----io---- --system-- -----cpu-----
 r  b   swpd   free   buff  cache   si   so    bi    bo   in   cs us sy id wa st
 1  0      0 42713892  14364 115332    0    0    32     0 42059 42291  1  0 99  0  0	
 1  0      0 42714336  14364 115332    0    0    16    48 42031 42276  1  0 99  0  0	
 1  0      0 42712160  14364 115348    0    0    80     0 41556 41806  1  0 98  0  0	
 2  0      0 42712904  14372 115348    0    0    80    36 41853 42141  1  0 99  0  0	
 1  0      0 42711780  14372 115352    0    0    64     0 41720 41959  1  0 99  0  0	
 1  0      0 42712668  14372 115356    0    0    16     0 41953 42181  1  0 99  0  0	
 1  0      0 42711520  14372 115356    0    0    96     0 41612 41823  1  0 98  0  0	
 1  0      0 42711520  14372 115356    0    0    80     0 42052 42317  1  0 99  0  0	
 1  0      0 42712152  14380 115348    0    0    32    56 42154 42428  1  0 99  0  0	
 2  0      0 42712152  14380 115348    0    0    16     0 42105 42426  1  0 99  0  0	
 1  0      0 42711368  14380 115368    0    0    80     0 42112 42350  1  0 99  0  0	
 1  0      0 42711120  14380 115372    0    0    80     0 41535 41816  1  0 98  0  0	
 2  0      0 42711120  14380 115372    0    0    64     0 42064 42321  1  0 99  0  0	
 1  0      0 42711120  14388 115372    0    0    32    24 41937 42192  1  0 99  0  0	
 1  0      0 42711360  14388 115376    0    0    32     0 41652 41837  1  0 98  0  0	
 2  0      0 42711360  14388 115376    0    0    16     0 42448 42568  1  0 99  0  0	
 1  0      0 42711604  14396 115368    0    0    64    56 41494 41708  1  0 99  0  0	
 1  0      0 42711116  14396 115368    0    0    16     0 42048 42346  1  0 99  0  0	
 1  0      0 42711948  14396 115384    0    0    32     0 42144 42512  1  0 99  0  0	
 1  0      0 42711800  14396 115384    0    0    32     0 42226 42462  1  0 99  0  0	
 1  0      0 42711376  14396 115388    0    0    16     0 42387 42516  1  0 99  0  0	
procs -----------memory---------- ---swap-- -----io---- --system-- -----cpu-----
 r  b   swpd   free   buff  cache   si   so    bi    bo   in   cs us sy id wa st
 1  0      0 42710856  14404 115384    0    0    16    60 41945 42138  1  0 99  0  0	
 1  0      0 42711300  14404 115384    0    0   112     0 42206 42354  1  0 99  0  0	
 1  0      0 42711300  14404 115384    0    0    48     0 42053 42237  1  0 99  0  0	
 1  0      0 42711744  14412 115380    0    0    80    44 42104 42245  1  0 99  0  0	
 1  0      0 42711692  14412 115380    0    0    48     0 42286 42415  1  0 99  0  0	
 1  0      0 42710544  14412 115396    0    0    80     0 41335 41814  1  0 99  0  0	
 1  0      0 42710568  14412 115400    0    0     0     0 42137 42511  1  0 99  0  0	
 1  0      0 42710568  14412 115400    0    0    80     0 42065 42386  1  0 99  0  0	
 1  0      0 42710468  14412 115400    0    0    16     0 39251 43933  1  0 99  0  0	
 1  0      0 42710344  14420 115396    0    0    96    24 35614 44474  1  0 99  0  0	
 1  0      0 42710264  14420 115396    0    0    48     8 41247 43073  1  0 98  0  0	
 1  0      0 42710264  14420 115396    0    0    80     0 42368 42975  1  0 99  0  0	
 1  0      0 42710468  14420 115408    0    0    64     0 42207 42631  1  0 99  0  0	
 1  0      0 42710096  14428 115408    0    0    64    60 41354 42070  1  0 99  0  0	
 1  0      0 42710612  14428 115412    0    0    32     0 42270 42635  1  0 99  0  0	
 1  0      0 42710364  14428 115412    0    0    32    20 42015 42210  1  0 99  0  0	
 1  0      0 42711252  14428 115416    0    0    80     0 42273 42458  1  0 99  0  0	
 3  0      0 42710136  14428 115416    0    0    64     0 42130 42417  1  0 98  0  0	
 1  0      0 42710580  14436 115412    0    0    48    36 42378 42557  1  0 98  0  0	
 1  0      0 42710024  14436 115412    0    0    64     0 42230 42474  1  0 99  0  0	
 1  0      0 42709504  14436 115412    0    0    16     0 42065 42229  1  0 99  0  0	
procs -----------memory---------- ---swap-- -----io---- --system-- -----cpu-----
 r  b   swpd   free   buff  cache   si   so    bi    bo   in   cs us sy id wa st
 1  0      0 42709984  14444 115424    0    0    64    56 42087 42315  1  0 99  0  0	
 1  0      0 42709860  14444 115424    0    0    32     0 42327 42535  1  0 99  0  0	
 1  0      0 42710356  14444 115424    0    0    64     0 42187 42438  1  0 99  0  0	
 1  0      0 42710356  14444 115424    0    0   144     0 41962 42205  1  0 99  0  0	
 2  0      0 42711244  14444 115424    0    0   112     0 41902 42068  1  0 99  0  0	
 1  0      0 42711244  14452 115420    0    0   160    24 42177 42400  1  0 99  0  0	
 1  0      0 42709704  14452 115420    0    0   128     0 42153 42441  1  0 99  0  0	
 1  0      0 42709580  14452 115420    0    0    32     0 42061 42390  1  0 99  0  0	
 1  0      0 42709588  14452 115448    0    0    48     0 41037 41216  1  0 99  0  0	
 2  0      0 42709588  14460 115444    0    0    64    56 41690 41945  1  0 99  0  0	
 1  0      0 42709484  14460 115444    0    0    48     0 41924 42202  1  0 99  0  0	
 1  0      0 42709484  14460 115444    0    0    96     0 42210 42927  1  0 99  0  0	
 1  0      0 42709876  14460 115444    0    0    64     0 42242 42923  1  0 98  0  0	
 2  0      0 42709876  14460 115444    0    0    16     0 42461 43048  1  0 99  0  0	
 1  0      0 42710764  14468 115436    0    0    80    24 42005 42405  1  0 99  0  0	
 1  0      0 42708236  14468 115460    0    0    64    24 37490 44172  1  0 99  0  0	
 1  0      0 42709228  14468 115464    0    0     0     0 41384 43507  1  0 99  0  0	
 2  0      0 42708204  14468 115464    0    0    48     0 42443 43198  1  0 99  0  0	
 1  0      0 42707684  14468 115464    0    0    48     0 42186 43207  1  0 99  0  0	
 2  0      0 42707520  14476 115468    0    0    32    52 37030 43984  1  0 99  0  0	
 1  0      0 42707372  14476 115468    0    0    80     0 40814 43412  1  0 99  0  0	
procs -----------memory---------- ---swap-- -----io---- --system-- -----cpu-----
 r  b   swpd   free   buff  cache   si   so    bi    bo   in   cs us sy id wa st
 2  0      0 42707472  14476 115472    0    0     0     0 39743 43890  1  0 99  0  0	
 1  0      0 42707472  14476 115472    0    0    80     0 35367 44400  1  0 99  0  0	
 1  0      0 42708464  14476 115476    0    0    16     0 41635 43297  1  0 99  0  0	
 1  0      0 42707688  14484 115468    0    0    32    24 41664 42281  1  0 99  0  0	
 1  0      0 42707268  14484 115476    0    0     0    16 41864 42687  1  0 99  0  0	
 1  0      0 42707268  14484 115476    0    0    80     0 40988 42642  1  0 99  0  0	
 1  0      0 42707616  14492 115480    0    0    80    68 42156 42429  1  0 99  0  0	
 2  0      0 42707096  14492 115484    0    0    64     0 41527 41930  1  0 99  0  0	
 1  0      0 42706992  14492 115484    0    0    32     0 42015 42359  1  0 99  0  0	
 1  0      0 42706992  14492 115488    0    0    64    28 41771 42000  1  0 99  0  0	
 1  0      0 42707436  14492 115488    0    0    64     0 41971 42237  1  0 99  0  0	
 1  0      0 42706940  14500 115484    0    0    64    24 41774 42022  1  0 99  0  0	
 1  0      0 42707012  14500 115484    0    0    80     0 42042 42199  1  0 99  0  0	
 1  0      0 42706404  14500 115492    0    0    48     0 41715 41942  1  0 99  0  0	
 2  0      0 42706404  14500 115492    0    0    96     0 42036 42272  1  0 99  0  0	
 1  0      0 42706300  14508 115488    0    0    64    64 42247 42455  1  0 98  0  0	
 2  0      0 42706300  14508 115488    0    0    48     0 42030 42303  1  0 99  0  0	
 1  0      0 42707164  14508 115492    0    0    16     0 42272 42458  1  0 99  0  0	
 2  0      0 42707164  14508 115492    0    0    80     0 41311 41631  1  0 99  0  0	
 1  0      0 42706124  14508 115508    0    0    48     0 42070 42309  1  0 98  0  0	
 2  0      0 42706000  14516 115504    0    0    96    24 42040 42292  1  0 99  0  0	
procs -----------memory---------- ---swap-- -----io---- --system-- -----cpu-----
 r  b   swpd   free   buff  cache   si   so    bi    bo   in   cs us sy id wa st
 1  0      0 42705228  14516 115504    0    0    32     0 42371 42646  1  0 99  0  0	
 1  0      0 42705228  14516 115504    0    0    16     0 42429 43154  1  0 99  0  0	
 1  0      0 42705620  14516 115508    0    0    48     0 41156 41615  1  0 98  0  0	
 2  0      0 42705672  14524 115520    0    0    80    60 39034 43255  1  0 98  0  0	
 2  0      0 42706560  14524 115520    0    0    32     0 42096 42326  1  0 99  0  0	
 1  0      0 42706560  14524 115524    0    0    48     0 42023 42235  1  0 99  0  0	
 1  0      0 42706632  14524 115532    0    0    32     0 42325 42526  1  0 99  0  0	
 1  0      0 42706632  14524 115536    0    0    96     0 42107 42371  1  0 99  0  0	
 2  0      0 42707076  14532 115532    0    0    96    32 41715 42051  1  0 99  0  0	
 1  0      0 42706580  14536 115528    0    0    48    12 41948 42264  1  0 98  0  0	
 1  0      0 42707024  14536 115528    0    0    48     0 41922 42102  1  0 99  0  0	
 1  0      0 42707468  14544 115520    0    0    32    64 42006 42165  1  0 99  0  0	
 2  0      0 42708356  14544 115520    0    0    32     0 41458 41597  1  0 98  0  0	
 1  0      0 42707836  14544 115520    0    0    48     0 41966 42118  1  0 99  0  0	
 1  0      0 42706392  14544 115544    0    0    64    16 41832 42061  1  0 99  0  0	
 1  0      0 42706144  14544 115548    0    0    16     0 42112 42244  1  0 99  0  0	
 2  0      0 42706144  14552 115548    0    0    48    40 41918 42095  1  0 99  0  0	
 1  0      0 42706168  14552 115548    0    0    48     0 41679 41815  1  0 99  0  0	
 1  0      0 42706168  14552 115548    0    0    48     0 42328 42550  1  0 99  0  0	
 1  0      0 42706608  14552 115548    0    0    64     0 42451 42634  1  0 98  0  0	
 2  0      0 42706608  14560 115540    0    0    48    56 42222 42435  1  0 99  0  0	
procs -----------memory---------- ---swap-- -----io---- --system-- -----cpu-----
 r  b   swpd   free   buff  cache   si   so    bi    bo   in   cs us sy id wa st
 1  0      0 42707000  14560 115540    0    0    64     0 42430 42617  1  0 99  0  0	
 1  0      0 42706484  14560 115560    0    0    64     0 41933 42229  1  0 99  0  0	
 1  0      0 42706732  14560 115560    0    0    48     0 42566 42720  1  0 99  0  0	
 1  0      0 42706608  14560 115560    0    0    80    48 42426 42638  1  0 99  0  0	
 1  0      0 42707052  14568 115552    0    0    64    40 42573 42750  1  0 99  0  0	
 2  0      0 42706556  14568 115552    0    0    48     0 42485 42695  1  0 99  0  0	
 1  0      0 42707444  14568 115552    0    0    80     0 42219 42399  1  0 99  0  0	
 1  0      0 42705948  14568 115552    0    0    32     0 42483 42694  1  0 99  0  0	
 1  0      0 42705872  14576 115544    0    0    48    56 42525 42728  1  0 99  0  0	
 1  0      0 42705016  14576 115580    0    0    64     0 42427 42705  1  0 99  0  0	
 1  0      0 42705016  14576 115580    0    0    48     0 42618 42952  1  0 99  0  0	
 1  0      0 42704912  14576 115580    0    0    16     0 42523 42817  1  0 99  0  0	
 1  0      0 42704912  14576 115580    0    0    32     0 42954 43236  1  0 99  0  0	
 1  0      0 42704668  14576 115584    0    0    16    12 42118 42499  1  0 99  0  0	
 2  0      0 42704668  14584 115584    0    0    32    36 39978 41202  1  1 99  0  0	
 1  0      0 42705412  14584 115588    0    0    80     0 42506 42737  1  0 99  0  0	
 1  0      0 42705412  14584 115588    0    0    64     0 42421 42782  1  0 99  0  0	
 2  0      0 42705640  14592 115588    0    0     0    48 41736 43596  1  0 98  0  0	
 1  0      0 42705392  14592 115588    0    0    64     0 42547 43150  1  0 99  0  0	
 1  0      0 42705316  14592 115588    0    0    32     0 42885 43059  1  0 99  0  0	
 1  0      0 42704324  14592 115588    0    0    64     0 42868 43102  1  0 99  0  0	
procs -----------memory---------- ---swap-- -----io---- --system-- -----cpu-----
 r  b   swpd   free   buff  cache   si   so    bi    bo   in   cs us sy id wa st
 2  0      0 42705656  14592 115588    0    0     0     0 42501 42746  1  0 99  0  0	
 1  0      0 42705160  14592 115588    0    0    64     0 42789 43075  1  0 99  0  0	
 1  0      0 42706492  14600 115580    0    0    32    40 42906 43135  1  0 99  0  0	
 1  0      0 42705516  14600 115580    0    0    64     0 42870 43157  1  0 99  0  0	
 1  0      0 42704344  14600 115608    0    0    32     0 41317 43354  1  0 99  0  0	
 1  0      0 42704064  14608 115612    0    0    16    64 42862 43307  1  0 99  0  0	
 1  0      0 42704064  14608 115612    0    0    16     0 42736 43022  1  0 99  0  0	
 1  0      0 42704260  14608 115616    0    0    32     0 42603 43043  1  0 99  0  0	
 1  0      0 42704136  14608 115616    0    0   112     8 40745 43064  1  0 99  0  0	
 1  0      0 42703564  14608 115616    0    0    48     0 42882 43260  1  0 99  0  0	
 2  0      0 42703564  14616 115608    0    0    80    36 42428 42668  1  0 99  0  0	
 1  0      0 42703888  14616 115624    0    0    16     0 43131 43377  1  0 99  0  0	
 1  0      0 42703888  14616 115624    0    0    16     0 42952 43431  1  0 99  0  0	
 1  0      0 42704060  14616 115628    0    0    80     0 42917 43243  1  0 99  0  0	
 2  0      0 42704060  14624 115620    0    0    32    56 43008 43210  1  0 99  0  0	
 2  0      0 42703956  14624 115620    0    0    32     0 42452 42662  1  0 99  0  0	
 1  0      0 42703840  14624 115632    0    0    64     0 42022 43248  1  0 99  0  0	
 1  0      0 42704832  14624 115636    0    0    48     0 42896 43188  1  0 99  0  0	
 1  0      0 42704280  14624 115636    0    0    16    40 42916 43167  1  0 99  0  0	
 1  0      0 42704724  14632 115632    0    0    64    24 42787 43160  1  0 99  0  0	
 1  0      0 42703364  14632 115640    0    0    16     0 41710 42512  1  0 98  0  0	
procs -----------memory---------- ---swap-- -----io---- --system-- -----cpu-----
 r  b   swpd   free   buff  cache   si   so    bi    bo   in   cs us sy id wa st
 1  0      0 42703364  14632 115640    0    0    80     0 42865 43148  1  0 99  0  0	
 2  0      0 42703192  14640 115644    0    0    80    56 40588 42170  1  0 99  0  0	
 1  0      0 42703192  14640 115644    0    0    48     4 39812 40694  1  0 99  0  0	
 1  0      0 42702896  14640 115652    0    0    48     0 41018 41635  1  0 99  0  0	
 2  0      0 42702896  14640 115652    0    0    32     0 41962 42330  1  0 99  0  0	
 2  0      0 42703616  14640 115652    0    0     0     0 42229 42397  1  0 99  0  0	
 1  0      0 42703492  14640 115656    0    0    64     0 41731 41919  1  0 99  0  0	
 1  0      0 42704476  14648 115656    0    0     0    24 42086 42337  1  0 99  0  0	
 1  0      0 42703980  14648 115660    0    0    48     0 42115 42388  1  0 99  0  0	
 1  0      0 42704424  14648 115660    0    0    96     0 41491 41734  1  0 99  0  0	
 1  0      0 42703928  14656 115652    0    0    48    56 42236 42460  1  0 99  0  0	
 1  0      0 42705260  14656 115652    0    0    32     0 42294 42435  1  0 99  0  0	
 1  0      0 42704268  14656 115652    0    0    96    12 42189 42345  1  0 99  0  0	
 1  0      0 42704268  14656 115652    0    0    48     0 42124 42314  1  0 99  0  0	
 1  0      0 42703668  14656 115652    0    0    80     0 41819 42041  1  0 99  0  0	
 2  0      0 42703148  14664 115668    0    0    16    36 42109 42306  1  0 99  0  0	
 1  0      0 42703740  14664 115672    0    0    32     0 42034 42339  1  0 99  0  0	
 1  0      0 42703740  14664 115672    0    0    96     0 41819 42016  1  0 99  0  0	
 1  0      0 42703364  14664 115672    0    0    48     0 42217 42432  1  0 99  0  0	
 1  0      0 42703364  14664 115672    0    0    48     0 41707 41880  1  0 99  0  0	
 2  0      0 42703692  14672 115668    0    0    64    52 42288 42459  1  0 99  0  0	
procs -----------memory---------- ---swap-- -----io---- --system-- -----cpu-----
 r  b   swpd   free   buff  cache   si   so    bi    bo   in   cs us sy id wa st
 1  0      0 42703692  14672 115668    0    0    32     0 42157 42332  1  0 99  0  0	
 1  0      0 42704112  14672 115668    0    0    32     8 42300 42476  1  0 99  0  0	
 1  0      0 42703276  14672 115688    0    0    80     0 42303 42475  1  0 99  0  0	
 1  0      0 42703152  14672 115688    0    0    48     0 41920 42151  1  0 99  0  0	
 1  0      0 42702780  14680 115680    0    0    48    24 42106 42316  1  0 99  0  0	
 1  0      0 42703172  14680 115680    0    0    32     0 42241 42405  1  0 99  0  0	
 1  0      0 42703048  14680 115680    0    0    16     0 41370 41546  1  1 98  0  0	
 1  0      0 42702972  14688 115672    0    0    96    56 42079 42230  1  0 99  0  0	
 1  0      0 42701980  14688 115672    0    0    64     0 41718 41887  1  0 99  0  0	
 2  0      0 42703312  14688 115672    0    0    48     0 42249 42395  1  0 99  0  0	
 2  0      0 42702108  14688 115708    0    0     0     0 42249 42449  1  0 99  0  0	
 1  0      0 42701960  14688 115708    0    0    80     0 42471 42695  1  0 99  0  0	
 1  0      0 42702232  14688 115708    0    0    32    16 41937 42109  1  0 99  0  0	
 1  0      0 42701836  14696 115708    0    0   112    24 41718 41906  1  0 99  0  0	
 1  0      0 42702084  14696 115712    0    0    48     0 42147 42299  1  0 98  0  0	
 1  0      0 42702084  14696 115712    0    0    16     0 42230 42439  1  0 99  0  0	
 1  0      0 42701420  14704 115720    0    0    32    56 42189 42477  1  0 99  0  0	
 1  0      0 42701172  14704 115720    0    0    16     4 42293 42533  1  0 99  0  0	
 2  0      0 42702164  14704 115724    0    0    32     0 41793 41952  1  0 99  0  0	
 1  0      0 42702164  14704 115724    0    0    96     0 42052 42264  1  0 99  0  0	
 1  0      0 42701668  14704 115728    0    0    32     0 42385 42553  1  0 99  0  0	
procs -----------memory---------- ---swap-- -----io---- --system-- -----cpu-----
 r  b   swpd   free   buff  cache   si   so    bi    bo   in   cs us sy id wa st
 1  0      0 42701172  14712 115728    0    0    64    24 42306 42557  1  0 99  0  0	
 1  0      0 42701568  14712 115732    0    0    32     0 42675 42916  1  0 99  0  0	
 1  0      0 42701072  14712 115732    0    0    80     0 42454 42692  1  0 99  0  0	
 2  0      0 42701960  14712 115732    0    0    16     0 42868 43163  1  0 99  0  0	
 1  0      0 42701960  14720 115728    0    0    64    56 42815 43244  1  0 99  0  0	
 1  0      0 42702288  14720 115736    0    0    48     0 41527 43177  1  0 99  0  0	
 2  0      0 42701544  14720 115736    0    0    32    16 42833 43207  1  0 99  0  0	
 1  0      0 42702012  14720 115736    0    0    48     0 42349 42604  1  0 98  0  0	
 1  0      0 42701496  14720 115736    0    0    48     0 42662 43184  1  0 99  0  0	
 1  0      0 42701864  14728 115728    0    0    32    44 41930 42309  1  0 99  0  0	
 1  0      0 42701400  14728 115748    0    0    32     0 42082 42324  1  0 99  0  0	
 2  0      0 42701300  14728 115748    0    0    80     8 42095 42287  1  0 99  0  0	
 1  0      0 42702188  14736 115740    0    0    16    56 42238 42385  1  0 99  0  0	
 1  0      0 42701540  14736 115748    0    0    96     0 41780 42000  1  0 99  0  0	
 2  0      0 42701912  14736 115752    0    0    32     0 42403 42600  1  0 99  0  0	
 2  0      0 42701936  14736 115752    0    0    64     0 41898 42098  1  0 99  0  0	
 1  0      0 42701548  14736 115756    0    0   112     0 42035 42189  1  0 99  0  0	
 1  0      0 42701424  14744 115756    0    0    80    24 41303 41515  1  0 99  0  0	
 3  0      0 42701300  14744 115764    0    0    48     0 42158 42322  1  0 99  0  0	
 1  0      0 42701052  14744 115764    0    0    48     0 41939 42136  1  0 99  0  0	
 1  0      0 42701940  14744 115768    0    0    64     0 42223 42417  1  0 98  0  0	
procs -----------memory---------- ---swap-- -----io---- --system-- -----cpu-----
 r  b   swpd   free   buff  cache   si   so    bi    bo   in   cs us sy id wa st
 1  0      0 42701672  14752 115768    0    0    80    56 42116 42308  1  0 99  0  0	
 1  0      0 42701292  14752 115772    0    0    32     0 42247 42472  1  0 99  0  0	
 1  0      0 42701292  14752 115772    0    0    16     0 42081 42292  1  0 99  0  0	
 1  0      0 42701364  14752 115772    0    0    48     0 42270 42413  1  0 99  0  0	
 1  0      0 42701364  14752 115772    0    0    32     0 42092 42258  1  0 99  0  0	
 1  0      0 42701112  14760 115776    0    0    48    60 42381 42504  1  0 99  0  0	
 1  0      0 42700856  14760 115780    0    0    32     0 41317 41493  1  0 99  0  0	
 1  0      0 42701768  14760 115780    0    0    32     0 42436 42581  1  0 99  0  0	
 1  0      0 42700360  14760 115788    0    0    64     0 42144 42349  1  0 98  0  0	
 1  0      0 42701248  14768 115780    0    0    16    56 42250 42524  1  0 99  0  0	
 1  0      0 42700608  14768 115792    0    0    48     0 42120 42279  1  0 98  0  0	
 1  0      0 42700336  14768 115796    0    0    64     8 41680 41921  1  0 99  0  0	
 1  0      0 42700608  14768 115796    0    0    48     0 42251 42395  1  0 99  0  0	
 1  0      0 42700484  14768 115796    0    0    48     0 42022 42218  1  0 99  0  0	
 2  0      0 42700432  14768 115796    0    0    48     0 42097 42340  1  0 99  0  0	
 1  0      0 42700432  14776 115788    0    0    48    36 42114 42328  1  0 99  0  0	
 1  0      0 42700608  14776 115804    0    0    32     8 41976 42094  1  0 99  0  0	
 1  0      0 42700228  14776 115804    0    0    48     0 42158 42403  1  0 98  0  0	
 1  0      0 42700980  14784 115808    0    0    32    56 42297 42464  1  0 99  0  0	
 1  0      0 42700608  14784 115808    0    0    16     0 42143 42314  1  0 99  0  0	
 1  0      0 42700732  14784 115812    0    0    48     0 42288 42536  0  0 99  0  0	
procs -----------memory---------- ---swap-- -----io---- --system-- -----cpu-----
 r  b   swpd   free   buff  cache   si   so    bi    bo   in   cs us sy id wa st
 1  0      0 42700484  14784 115812    0    0    64    16 41996 42194  1  0 99  0  0	
 1  0      0 42700952  14784 115816    0    0    48     0 42206 42371  1  0 99  0  0	
 1  0      0 42700856  14792 115816    0    0    48    44 42143 42346  1  0 99  0  0	
 1  0      0 42701848  14792 115816    0    0    48     0 41854 42000  1  0 98  0  0	
 1  0      0 42701104  14792 115820    0    0     0     0 42126 42338  1  0 99  0  0	
 1  0      0 42701104  14792 115820    0    0    80     0 41668 41838  1  0 99  0  0	
 2  0      0 42700476  14800 115820    0    0   112    52 42223 42334  1  0 99  0  0	
 1  0      0 42700476  14800 115820    0    0    16     0 41874 42042  1  0 99  0  0	
 1  0      0 42699804  14800 115828    0    0    80     0 42094 42217  1  0 99  0  0	
 1  0      0 42699804  14800 115828    0    0    48     0 42033 42224  1  0 99  0  0	
 1  0      0 42700196  14800 115828    0    0    64     0 42067 42263  1  0 99  0  0	
 1  0      0 42699120  14808 115832    0    0    64    24 41680 41896  1  0 99  0  0	
 1  0      0 42699468  14808 115832    0    0    32     0 41698 41978  1  0 99  0  0	
 1  0      0 42699096  14808 115832    0    0    32     0 41968 42148  1  0 99  0  0	
 1  0      0 42698872  14808 115836    0    0    32     0 42201 42404  1  0 99  0  0	
 1  0      0 42698624  14816 115832    0    0    32    56 41634 41835  1  0 99  0  0	
 1  0      0 42698944  14816 115840    0    0     0     0 42364 42506  1  0 99  0  0	
 1  0      0 42698820  14816 115840    0    0    80     0 42129 42313  1  0 99  0  0	
 2  0      0 42699708  14816 115844    0    0    64     0 42265 42399  1  0 99  0  0	
 1  0      0 42699152  14816 115848    0    0    48     0 42144 42325  1  0 99  0  0	
 1  0      0 42700040  14824 115840    0    0    64    68 41756 42010  1  0 99  0  0	
procs -----------memory---------- ---swap-- -----io---- --system-- -----cpu-----
 r  b   swpd   free   buff  cache   si   so    bi    bo   in   cs us sy id wa st
 1  0      0 42699296  14824 115840    0    0    32     0 41844 42093  1  0 99  0  0	
 1  0      0 42699296  14824 115840    0    0    80     0 41768 41979  1  0 98  0  0	
 1  0      0 42698252  14832 115832    0    0    32    56 41766 42041  1  0 99  0  0	
 1  0      0 42697732  14832 115832    0    0    32     0 41762 41964  1  0 99  0  0	
 1  0      0 42697804  14832 115832    0    0    16    16 41643 41845  1  0 98  0  0	
 2  0      0 42697804  14832 115832    0    0    16     0 41865 42052  1  0 99  0  0	
 1  0      0 42697416  14832 115868    0    0    32     0 41915 42040  1  0 99  0  0	
 1  0      0 42697664  14832 115868    0    0    16     0 42290 42593  1  0 99  0  0	
 1  0      0 42697364  14840 115868    0    0    64    40 41827 42253  1  0 99  0  0	
 2  0      0 42697364  14840 115868    0    0    32     4 41651 42236  1  0 99  0  0	
 1  0      0 42697312  14840 115868    0    0    80     0 42375 42895  1  0 99  0  0	
 1  0      0 42697312  14848 115860    0    0   128    52 42334 42916  1  0 99  0  0	
 1  0      0 42698020  14848 115876    0    0    96     0 41544 42985  1  0 99  0  0	
 1  0      0 42697524  14848 115884    0    0    32     0 36076 44376  1  0 99  0  0	
 1  0      0 42697448  14848 115884    0    0    16     0 41524 42190  1  1 98  0  0	
 1  0      0 42697448  14848 115884    0    0    80     8 42438 43042  1  0 99  0  0	
 1  0      0 42697892  14856 115876    0    0    80    36 42477 42987  1  0 98  0  0	
 1  0      0 42697396  14856 115876    0    0    80     0 42260 43079  1  0 99  0  0	
 1  0      0 42697840  14856 115876    0    0    48     0 42318 43032  1  0 99  0  0	
 1  0      0 42697840  14856 115876    0    0    32     0 42495 43057  1  0 99  0  0	
 1  0      0 42697840  14856 115876    0    0    32     0 42105 43100  1  0 99  0  0	
procs -----------memory---------- ---swap-- -----io---- --system-- -----cpu-----
 r  b   swpd   free   buff  cache   si   so    bi    bo   in   cs us sy id wa st
 1  1      0 42697840  14856 115876    0    0    16    20 41622 43236  1  0 99  0  0	
 1  0      0 42698084  14864 115892    0    0    48     4 36034 44214  1  0 99  0  0	
 2  0      0 42698084  14864 115892    0    0    80     0 41908 43128  1  0 99  0  0	
 1  0      0 42698084  14864 115892    0    0    48     0 41596 42650  1  0 99  0  0	
 1  0      0 42698084  14864 115892    0    0    32     0 41710 43207  1  0 99  0  0	
 1  0      0 42698084  14864 115892    0    0    32     0 42201 43130  1  0 99  0  0	
 1  0      0 42698084  14872 115884    0    0    32    16 42249 43113  1  0 99  0  0	
 2  0      0 42698084  14872 115884    0    0    48     0 42067 42658  1  0 99  0  0	
 2  0      0 42698084  14872 115884    0    0    48     0 42145 42979  1  0 99  0  0	
 1  0      0 42697712  14872 115892    0    0     0     0 36744 44066  1  0 99  0  0	
 1  0      0 42697712  14872 115892    0    0    48     0 42294 43104  1  0 99  0  0	
 1  0      0 42697588  14880 115892    0    0    32    16 42359 43107  1  1 99  0  0	
 1  0      0 42697588  14880 115892    0    0    48     0 42212 43073  1  0 99  0  0	
 1  0      0 42697588  14880 115892    0    0     0     0 41084 41832  1  0 99  0  0	
 2  0      0 42697588  14880 115892    0    0    32    60 42172 43138  1  0 99  0  0	
 1  0      0 42697588  14880 115892    0    0    32     0 42175 43120  1  0 99  0  0	
 1  0      0 42697588  14880 115892    0    0    80     0 41984 43002  1  0 99  0  0	
 1  0      0 42697340  14888 115896    0    0    48    36 42256 43078  1  0 99  0  0	
