procs -----------memory---------- ---swap-- -----io---- --system-- -----cpu-----
 r  b   swpd   free   buff  cache   si   so    bi    bo   in   cs us sy id wa st
 1  0      0 69366256   9028  72764    0    0   765  2341   57  129 23  5 67  5  0	
 5  4      0 69353600   9028  72784    0    0 46896     0 187443 188197  9  4 70 15  2	
 5  3      0 69353104   9028  72784    0    0 48800     0 182126 185235  9  3 70 16  2	
 7  2      0 69352280   9028  72784    0    0 49472     0 185627 187991 12  4 67 15  2	
 8  1      0 69349888   9028  72784    0    0 50464     0 182234 184740  9  3 70 16  2	
10  1      0 69349888   9028  72784    0    0 49392     0 184639 187277  9  4 70 16  2	
 8  0      0 69349888   9036  72784    0    0 48496    52 185791 187926 10  3 69 15  2	
 6  2      0 69349824   9036  72784    0    0 50352     0 184540 187188  9  3 71 16  2	
 7  2      0 69349824   9036  72784    0    0 50816     0 184897 187211  9  4 70 16  2	
 9  0      0 69349824   9036  72784    0    0 48224     0 185780 188098  9  3 71 15  2	
 7  2      0 69349824   9036  72784    0    0 50288     0 185056 187174 10  3 70 16  2	
 7  2      0 69349824   9044  72784    0    0 49616    20 185259 187339  8  3 70 16  2	
 9  1      0 69349824   9044  72784    0    0 49904     0 185536 187589  9  3 70 16  2	
 7  2      0 69349824   9044  72784    0    0 49376     0 184082 186543 10  3 70 15  2	
10  0      0 69349824   9044  72784    0    0 50688     0 184254 186802 10  3 70 16  2	
 7  3      0 69349824   9044  72784    0    0 49904     0 183308 186220  9  3 70 16  2	
 6  2      0 69349824   9052  72780    0    0 49392    20 184999 186921  9  3 70 16  2	
11  2      0 69349824   9052  72788    0    0 50816     0 183776 186185 10  3 70 16  2	
 8  0      0 69349824   9052  72788    0    0 49200     0 186122 188465  9  3 71 16  2	
10  1      0 69349824   9052  72788    0    0 51440     0 184177 186359  9  3 71 17  2	
 5  3      0 69349824   9052  72788    0    0 50800     0 184820 187841  9  3 70 16  2	
procs -----------memory---------- ---swap-- -----io---- --system-- -----cpu-----
 r  b   swpd   free   buff  cache   si   so    bi    bo   in   cs us sy id wa st
 9  1      0 69349824   9052  72788    0    0 49680    16 183804 187659 10  3 69 16  2	
 5  3      0 69349824   9060  72788    0    0 49920     4 186176 188312  9  3 70 16  2	
 7  2      0 69349824   9060  72788    0    0 51040     0 183465 185351 10  3 70 16  2	
 7  2      0 69349824   9060  72788    0    0 49488     0 185371 187550 10  2 71 16  2	
10  0      0 69349824   9060  72788    0    0 49072     0 183198 185719  9  3 71 16  2	
 9  1      0 69349824   9060  72788    0    0 51008     0 184843 187388  8  3 70 16  2	
 8  0      0 69349824   9068  72788    0    0 48544    20 184956 187381  9  4 70 16  2	
 7  2      0 69349824   9068  72788    0    0 50768     0 181351 184325  9  3 70 16  2	
 7  2      0 69349824   9068  72788    0    0 49680     0 184128 187021  8  3 71 16  2	
 4  5      0 69349824   9068  72788    0    0 50064     0 183748 186557  9  3 70 16  2	
 7  2      0 69349824   9068  72788    0    0 49920    16 182539 185432  9  3 70 16  2	
 8  0      0 69349824   9076  72788    0    0 51632    32 182083 184913  9  3 70 17  2	
 8  2      0 69349824   9076  72792    0    0 48848     0 185273 187048  8  3 71 16  2	
 5  3      0 69349824   9076  72792    0    0 49456     0 184686 187165 10  3 69 16  2	
 5  3      0 69349824   9076  72792    0    0 49952     0 184843 187288  9  3 70 16  2	
11  0      0 69349824   9076  72792    0    0 50352    60 185325 187766  9  3 70 16  2	
 7  2      0 69349824   9076  72792    0    0 50352     0 184777 187342  9  3 70 16  2	
 6  3      0 69349824   9084  72792    0    0 48464    28 185776 188942  9  3 71 15  2	
 7  1      0 69349824   9084  72792    0    0 49744     0 183883 185989  9  3 70 16  2	
 6  2      0 69349824   9084  72792    0    0 50224     0 185037 187716  9  3 70 16  2	
10  1      0 69349824   9084  72792    0    0 50096     0 181165 183641 10  3 69 17  2	
procs -----------memory---------- ---swap-- -----io---- --system-- -----cpu-----
 r  b   swpd   free   buff  cache   si   so    bi    bo   in   cs us sy id wa st
 8  0      0 69349824   9084  72792    0    0 49120     0 184679 187045  9  3 70 16  2	
 6  2      0 69349824   9092  72796    0    0 49536    12 184839 186689  9  3 71 16  2	
 7  3      0 69349824   9092  72796    0    0 49472     0 182331 184949 11  4 69 15  2	
 6  2      0 69349824   9092  72796    0    0 51152     0 184860 187631  9  3 70 16  2	
 7  2      0 69349824   9092  72796    0    0 48048     0 186347 189228  9  4 70 16  2	
 6  3      0 69349824   9092  72796    0    0 49408     0 185496 188085 10  3 70 15  2	
 6  3      0 69349824   9092  72796    0    0 51472     0 184153 185979 10  3 69 16  2	
 7  3      0 69349824   9100  72796    0    0 50160    12 184981 187387  9  3 71 16  2	
 9  1      0 69349824   9100  72796    0    0 49168     0 186731 189393  8  4 71 15  2	
 8  1      0 69349824   9100  72796    0    0 49600     0 183523 186202 10  3 70 16  2	
 8  2      0 69349824   9100  72796    0    0 50096     0 185135 187612 10  3 70 16  2	
 6  3      0 69349824   9100  72796    0    0 49472     0 184299 186340  9  3 71 16  2	
 7  2      0 69349824   9108  72796    0    0 49408    12 184708 186635  9  3 70 16  2	
 8  2      0 69349824   9108  72796    0    0 49456     0 184703 187081  9  3 71 16  2	
 8  1      0 69349824   9108  72796    0    0 51568     0 181577 183834  9  3 69 17  2	
 9  3      0 69349824   9108  72796    0    0 49712     0 183088 185568  9  3 70 17  2	
 7  3      0 69349824   9108  72796    0    0 49360     0 183579 185884  8  3 70 16  2	
 7  2      0 69349824   9116  72796    0    0 48992    12 180294 183646  9  3 70 17  2	
 9  2      0 69349824   9116  72796    0    0 50176     0 185202 187786  9  3 71 16  2	
 9  2      0 69349824   9116  72796    0    0 48832     0 184777 187953  8  4 71 16  2	
 6  3      0 69349824   9116  72796    0    0 49392    16 183790 186218  8  3 71 16  2	
procs -----------memory---------- ---swap-- -----io---- --system-- -----cpu-----
 r  b   swpd   free   buff  cache   si   so    bi    bo   in   cs us sy id wa st
 4  5      0 69349824   9124  72788    0    0 48000    20 182935 185520 10  3 70 16  2	
 7  2      0 69349824   9124  72796    0    0 48848     0 183616 185886 11  3 69 16  2	
 8  3      0 69349824   9124  72796    0    0 49776     0 185702 187961  9  3 70 16  2	
 6  3      0 69349824   9124  72796    0    0 50048     0 183921 186236  8  3 71 16  2	
 6  2      0 69349824   9124  72796    0    0 50912     0 184739 186328  8  3 71 17  2	
 7  1      0 69349824   9124  72800    0    0 50032     0 186187 188493  8  4 71 16  2	
 7  1      0 69349824   9132  72800    0    0 50304    16 182342 185446  9  3 70 16  2	
 9  2      0 69349824   9132  72800    0    0 49360     0 184815 187729 10  3 70 16  2	
 9  1      0 69349824   9132  72800    0    0 50800     0 184376 186979 10  3 69 16  2	
 7  2      0 69349824   9132  72800    0    0 50496    24 185872 187808 10  3 70 15  2	
 9  1      0 69349824   9132  72800    0    0 51072     0 183055 185019 10  3 70 16  2	
 8  1      0 69349824   9140  72792    0    0 49200    12 185442 187767  8  3 71 16  2	
 7  1      0 69349824   9140  72800    0    0 48752     0 183874 186159 10  3 70 16  2	
10  1      0 69349824   9140  72800    0    0 50096     0 182357 185031 10  3 70 16  2	
10  1      0 69349824   9140  72800    0    0 50096     0 183783 185792  9  3 69 16  2	
 8  1      0 69349824   9140  72800    0    0 49120     0 184249 186358  9  3 70 16  2	
 7  1      0 69349824   9140  72800    0    0 48528     0 185311 187216  9  3 70 16  2	
 4  4      0 69349824   9148  72800    0    0 48368    12 183341 186696  9  3 70 16  2	
 8  1      0 69349824   9148  72800    0    0 50480     0 182999 185224 10  3 70 16  2	
11  0      0 69349824   9148  72800    0    0 47744     0 185570 189157  9  3 71 15  2	
 6  2      0 69349824   9148  72800    0    0 50016     0 182511 184682  9  3 70 16  2	
procs -----------memory---------- ---swap-- -----io---- --system-- -----cpu-----
 r  b   swpd   free   buff  cache   si   so    bi    bo   in   cs us sy id wa st
 8  0      0 69349824   9148  72800    0    0 48272     0 184511 186856  9  3 70 16  2	
 5  3      0 69349824   9156  72796    0    0 49248    12 184351 187371  9  3 70 16  2	
 9  1      0 69349824   9156  72804    0    0 49808     0 183079 185434  9  3 70 17  2	
10  1      0 69349824   9156  72804    0    0 48560     0 183913 186039  8  4 70 16  2	
 7  3      0 69349824   9156  72804    0    0 48688     0 185060 187083  9  3 70 16  2	
 4  5      0 69349824   9156  72804    0    0 49152     0 185331 187525  9  3 70 16  2	
 8  1      0 69349824   9156  72804    0    0 51136     0 184777 187691  9  3 70 16  2	
 5  4      0 69349824   9164  72804    0    0 49696    12 184392 186898  9  3 70 16  2	
 9  2      0 69349824   9164  72804    0    0 50528    16 185594 188883 10  3 70 15  2	
 9  0      0 69349824   9164  72804    0    0 49520     0 184941 186864 10  3 70 15  2	
 9  0      0 69349824   9164  72804    0    0 49216     0 185905 188402 10  3 70 16  2	
 8  2      0 69349824   9164  72804    0    0 49952     0 185863 188267  9  4 70 15  2	
 7  1      0 69349824   9172  72796    0    0 49936    20 185153 187771 10  3 70 16  2	
10  0      0 69349824   9172  72804    0    0 49504     0 186139 189000  9  3 70 15  2	
 7  1      0 69349824   9172  72804    0    0 49664     4 186234 188437  9  4 70 16  2	
 8  1      0 69349824   9172  72804    0    0 50032     0 185756 188487  9  3 71 15  2	
 8  1      0 69349824   9172  72804    0    0 49232     0 186069 189203  9  3 71 15  2	
 6  2      0 69349824   9172  72804    0    0 50496     0 185434 187591 11  3 69 16  2	
 7  2      0 69349824   9180  72808    0    0 50592    12 184925 187193  9  3 71 16  2	
 6  2      0 69349824   9180  72808    0    0 49680     0 184238 186207  9  3 70 16  2	
 9  1      0 69349824   9180  72808    0    0 48880     0 184571 187134  9  3 71 16  2	
procs -----------memory---------- ---swap-- -----io---- --system-- -----cpu-----
 r  b   swpd   free   buff  cache   si   so    bi    bo   in   cs us sy id wa st
 7  1      0 69349824   9180  72808    0    0 49200     0 186078 188044  9  4 70 16  2	
 5  4      0 69349824   9180  72808    0    0 49344     0 186669 188693  9  4 69 15  2	
 9  1      0 69349824   9188  72800    0    0 49696    12 184813 187224  9  3 70 16  2	
 8  1      0 69349824   9188  72808    0    0 50928     8 183455 185459  9  3 70 16  2	
 8  1      0 69349824   9188  72808    0    0 50112     0 182029 185373 10  3 69 16  2	
 9  1      0 69349824   9188  72808    0    0 49216     0 185416 188402  9  3 70 16  2	
 9  0      0 69349824   9188  72808    0    0 48752     0 185312 187896 10  3 70 16  2	
 9  2      0 69349824   9188  72808    0    0 49760     0 185390 187980  8  3 71 16  2	
 8  1      0 69349824   9196  72808    0    0 48896    12 184375 186580  9  3 71 16  2	
 7  1      0 69349824   9196  72808    0    0 48320     0 181423 183658  9  3 70 16  2	
 4  4      0 69349824   9196  72808    0    0 49152     0 186346 188753 10  3 70 16  2	
 9  1      0 69349824   9196  72808    0    0 49856     0 186183 188929  9  4 70 16  2	
 6  2      0 69349824   9196  72808    0    0 48880     0 183707 185612 10  3 70 16  2	
 5  3      0 69349824   9204  72800    0    0 50064    12 182243 185265 10  3 69 16  2	
 8  1      0 69349824   9204  72808    0    0 50592     0 186032 187923  8  3 71 16  2	
11  0      0 69349824   9204  72808    0    0 50256     0 184773 187553  9  3 70 16  2	
 6  3      0 69349824   9204  72808    0    0 50272     0 185273 187347  9  3 70 16  2	
 6  3      0 69349824   9204  72808    0    0 49072     0 184402 187033  9  3 70 16  2	
 7  1      0 69349824   9204  72808    0    0 48432     4 182189 184285  9  3 70 16  2	
 9  1      0 69349824   9212  72816    0    0 49808    16 183364 186387  9  4 69 17  2	
 5  4      0 69349824   9212  72816    0    0 48848     0 181255 183731  9  3 70 16  2	
procs -----------memory---------- ---swap-- -----io---- --system-- -----cpu-----
 r  b   swpd   free   buff  cache   si   so    bi    bo   in   cs us sy id wa st
 8  2      0 69349824   9212  72816    0    0 49520     0 184919 187953  9  3 70 16  2	
 7  1      0 69349824   9212  72820    0    0 49472     0 183473 185678  9  3 70 16  2	
 6  2      0 69349824   9212  72820    0    0 49824     8 185453 187634  9  3 70 16  2	
 9  1      0 69349824   9220  72820    0    0 48368    28 181118 183460  9  3 70 17  2	
 8  2      0 69349824   9220  72820    0    0 51440     0 183831 185985  9  3 70 17  2	
 5  3      0 69349824   9220  72820    0    0 49184     0 184042 187196  9  4 70 16  2	
 8  1      0 69349824   9220  72820    0    0 50192     0 185011 187237  9  3 70 16  2	
 7  2      0 69349824   9220  72820    0    0 50496     0 182724 184653  9  3 70 16  2	
 8  1      0 69349824   9228  72812    0    0 49296    12 184688 187058  9  3 70 16  2	
 9  0      0 69349824   9228  72820    0    0 49584     0 184400 186760  9  3 70 16  2	
 7  2      0 69349824   9228  72824    0    0 51856     0 182793 185557  9  3 69 16  2	
 6  4      0 69349792   9228  72824    0    0 49808     0 184804 186953  8  2 71 16  2	
 8  1      0 69349792   9228  72824    0    0 51136     0 184921 186987  9  4 70 16  2	
10  0      0 69349792   9228  72824    0    0 51040     0 184901 187779  9  3 70 16  2	
 8  1      0 69349792   9236  72824    0    0 49248    12 184646 187475  9  3 70 16  2	
 6  3      0 69349792   9236  72824    0    0 50096     0 185466 187177  9  3 70 16  2	
 6  2      0 69349792   9236  72824    0    0 51872     0 184558 186694 10  3 69 16  2	
 7  2      0 69349792   9236  72824    0    0 48848     0 183625 186093  9  3 71 16  2	
 7  2      0 69349792   9236  72824    0    0 50896    16 183043 184871 10  4 69 16  2	
 6  3      0 69349792   9244  72816    0    0 49280    12 185305 187667  9  3 70 16  2	
 8  1      0 69349792   9244  72824    0    0 49392     0 182687 186204  9  3 70 16  2	
procs -----------memory---------- ---swap-- -----io---- --system-- -----cpu-----
 r  b   swpd   free   buff  cache   si   so    bi    bo   in   cs us sy id wa st
 7  2      0 69349792   9244  72824    0    0 49456     0 187031 188695  8  3 72 16  2	
 9  0      0 69349792   9244  72824    0    0 49904     0 184982 186810  9  3 70 16  2	
 8  1      0 69349792   9244  72824    0    0 50336     0 183866 185787  9  4 70 16  2	
 4  4      0 69349792   9244  72824    0    0 48896     0 184280 186855  9  3 70 16  2	
 7  2      0 69349792   9252  72824    0    0 49712    12 183807 185729 10  3 70 16  2	
 7  1      0 69349792   9252  72824    0    0 50064     0 183531 186510  8  3 70 16  2	
 7  2      0 69349792   9252  72824    0    0 50096     0 181959 184326 10  3 69 16  2	
 4  4      0 69349792   9252  72824    0    0 49696    24 180941 184105  9  3 69 17  2	
 9  1      0 69349792   9252  72824    0    0 49248     0 182898 185158  9  3 70 17  2	
 7  2      0 69349792   9260  72816    0    0 49856    40 183886 186489  9  3 70 16  2	
 7  3      0 69349792   9260  72824    0    0 49968     0 184105 186775  9  3 70 16  2	
 6  3      0 69349792   9260  72824    0    0 49968     0 184356 187093  9  3 71 16  2	
 9  1      0 69349792   9264  72824    0    0 50480     8 184706 187506 10  4 69 16  2	
 8  0      0 69349792   9264  72824    0    0 49712     0 185449 187395 10  3 70 16  2	
 7  3      0 69349792   9264  72824    0    0 49984     0 184129 186965 10  3 70 16  2	
 9  1      0 69349792   9272  72824    0    0 49808    28 184123 186507  9  3 70 16  2	
 6  4      0 69349792   9272  72824    0    0 47808     0 184198 186198 10  3 70 15  2	
 7  1      0 69349792   9272  72824    0    0 49360     0 185268 187445  9  3 71 16  2	
 9  1      0 69349792   9272  72824    0    0 50320     0 185669 188263 10  3 70 15  2	
 8  0      0 69349792   9272  72824    0    0 50960     0 184859 187699 10  3 70 16  2	
 7  2      0 69349792   9280  72816    0    0 50896    12 184394 187291  9  3 70 16  2	
procs -----------memory---------- ---swap-- -----io---- --system-- -----cpu-----
 r  b   swpd   free   buff  cache   si   so    bi    bo   in   cs us sy id wa st
 6  3      0 69349792   9280  72824    0    0 50384     0 182864 185577  9  3 70 16  2	
 8  1      0 69349792   9280  72828    0    0 49392     0 185885 188369  9  4 70 16  2	
 5  4      0 69349792   9280  72832    0    0 50336     0 185826 187802  9  3 70 16  2	
 5  4      0 69349792   9280  72832    0    0 50512     0 185658 187400 10  3 70 15  2	
 6  2      0 69349792   9280  72832    0    0 49568     0 188066 190058  8  3 72 15  2	
 5  3      0 69349792   9288  72832    0    0 50512    12 183083 184837  9  3 70 16  2	
 6  2      0 69349792   9288  72832    0    0 50192     0 185570 187564 10  3 70 16  2	
 6  2      0 69349792   9288  72832    0    0 50272     0 184670 187307 10  3 70 16  2	
 9  0      0 69349792   9288  72832    0    0 50272     0 184648 187380  9  3 70 16  2	
 8  0      0 69349792   9288  72832    0    0 50032     0 183096 185940 10  3 70 16  2	
 9  2      0 69349792   9296  72824    0    0 49424    12 185553 187334  9  3 70 16  2	
 8  2      0 69349792   9296  72832    0    0 49024    36 185078 187498 10  3 70 16  2	
 9  0      0 69349792   9296  72832    0    0 50480     0 185460 187649  9  4 70 16  2	
 8  1      0 69349792   9296  72832    0    0 51056     0 184543 186732  9  3 70 16  2	
10  0      0 69349792   9296  72832    0    0 48960     0 185556 187999 10  4 69 16  2	
 8  1      0 69349792   9296  72832    0    0 49696     0 183056 184735  9  3 70 16  2	
 9  1      0 69349792   9304  72824    0    0 49536    12 184723 187115 10  3 70 16  2	
 7  3      0 69349792   9304  72832    0    0 49216     8 185552 187548  9  3 71 16  2	
 7  1      0 69349792   9304  72832    0    0 48880     0 186424 189351 10  3 70 16  2	
 8  0      0 69349792   9304  72832    0    0 50416     0 184190 185982 10  3 69 16  2	
 9  1      0 69349792   9304  72832    0    0 48368     0 184640 187307 10  3 69 16  2	
procs -----------memory---------- ---swap-- -----io---- --system-- -----cpu-----
 r  b   swpd   free   buff  cache   si   so    bi    bo   in   cs us sy id wa st
 6  3      0 69349792   9312  72824    0    0 49216    24 184730 187039  9  3 70 16  2	
 9  3      0 69349792   9312  72832    0    0 49600     8 182112 185242  9  3 70 16  2	
 6  2      0 69349792   9312  72832    0    0 49920     0 181818 185015  9  3 70 17  2	
 8  2      0 69349792   9312  72832    0    0 48704     0 184402 187328  9  3 70 16  2	
 8  2      0 69349792   9312  72832    0    0 49520     0 181334 183935 11  3 69 16  2	
 6  3      0 69349792   9312  72832    0    0 50624     0 185288 187524  9  3 70 16  2	
 6  2      0 69349792   9320  72832    0    0 49888    24 184553 186582  9  3 70 16  2	
 7  1      0 69349792   9320  72832    0    0 49200     0 184936 187315  9  3 71 16  2	
 8  1      0 69349792   9320  72832    0    0 49488     0 185296 188561  9  3 71 16  2	
 7  1      0 69349792   9320  72832    0    0 50704     0 183329 186501 10  3 69 16  2	
 7  1      0 69349792   9320  72832    0    0 50832     0 182400 185194  9  3 69 17  2	
 5  3      0 69349792   9328  72824    0    0 49552    12 185610 188385 10  3 70 15  2	
12  0      0 69349792   9328  72832    0    0 49632     0 185576 188333 10  3 70 16  2	
 8  1      0 69349792   9328  72832    0    0 50352     0 186084 188662  9  3 71 16  2	
 6  3      0 69349792   9328  72836    0    0 49552     0 180946 183086  9  3 69 16  2	
 8  1      0 69349792   9328  72836    0    0 50800     0 183307 185487 10  3 69 16  2	
 6  2      0 69349792   9328  72836    0    0 50032     0 184763 187168  9  4 70 16  2	
 7  1      0 69349792   9336  72836    0    0 50128    12 185349 187491  9  3 70 16  2	
 3  6      0 69349792   9336  72836    0    0 51088     0 183554 185645  8  3 70 17  2	
10  1      0 69349792   9336  72836    0    0 50000     0 184615 186864  9  3 70 16  2	
 6  4      0 69349792   9336  72836    0    0 50480     0 183749 185867 10  3 69 16  2	
procs -----------memory---------- ---swap-- -----io---- --system-- -----cpu-----
 r  b   swpd   free   buff  cache   si   so    bi    bo   in   cs us sy id wa st
 6  3      0 69349792   9336  72836    0    0 49760     0 185180 187623  9  3 70 16  2	
 8  1      0 69349792   9344  72828    0    0 49568    12 184906 186926  9  3 70 16  2	
 9  1      0 69349792   9344  72836    0    0 48944     0 181763 184645  9  3 70 17  2	
 5  3      0 69349792   9344  72840    0    0 49232     0 183262 185558 10  3 70 16  2	
 9  1      0 69349792   9344  72840    0    0 50752     0 183110 185431  9  3 70 16  2	
 7  2      0 69349792   9344  72840    0    0 49264    20 185427 187318  8  4 70 16  2	
 4  4      0 69349792   9344  72840    0    0 49872     0 186495 188630  9  3 70 16  2	
 7  3      0 69349792   9352  72840    0    0 49136    12 185168 187177  9  4 70 16  2	
 8  1      0 69349792   9352  72840    0    0 48352     0 181785 184568  9  3 70 17  2	
 7  1      0 69349792   9352  72840    0    0 49856     0 184163 185610  8  3 71 16  2	
 9  0      0 69349792   9356  72836    0    0 48864    16 184938 186880 10  3 70 16  2	
 7  2      0 69349792   9356  72840    0    0 50016     0 181433 184918 10  3 69 17  2	
11  0      0 69349792   9364  72832    0    0 49104    32 183108 186660  9  3 70 16  2	
 4  5      0 69349792   9364  72840    0    0 48832     0 182599 184788 10  3 70 15  2	
 6  2      0 69349792   9364  72840    0    0 49152     0 185227 187219  9  3 70 16  2	
 8  1      0 69349792   9364  72840    0    0 49824     0 182094 184844  9  3 70 16  2	
 8  0      0 69349792   9364  72840    0    0 49760     0 183388 185329  9  3 69 17  2	
10  2      0 69349792   9364  72840    0    0 50112     0 183254 185653  9  3 70 16  2	
 7  3      0 69349792   9372  72840    0    0 47776    12 183520 186776  9  3 70 16  2	
 9  0      0 69349792   9372  72840    0    0 48928     0 184375 187254 10  3 70 16  2	
 6  4      0 69349792   9372  72840    0    0 49360     0 183143 186141  9  3 70 16  2	
procs -----------memory---------- ---swap-- -----io---- --system-- -----cpu-----
 r  b   swpd   free   buff  cache   si   so    bi    bo   in   cs us sy id wa st
 9  1      0 69349792   9372  72840    0    0 50048     0 185089 186760  9  3 69 16  2	
 6  2      0 69349792   9372  72840    0    0 49888     0 183277 186061  9  3 70 16  2	
 7  1      0 69349792   9380  72832    0    0 49600    12 183429 185104 10  3 69 16  2	
 7  1      0 69349792   9380  72840    0    0 49632     0 183256 186160  9  3 70 16  2	
 7  2      0 69349792   9380  72840    0    0 48192     0 182678 184716  9  3 70 17  2	
 6  2      0 69349792   9380  72840    0    0 50704     0 180512 183148  9  3 69 17  2	
 6  3      0 69349760   9380  72844    0    0 49152     0 183683 186056  9  3 70 17  2	
 8  2      0 69349760   9380  72844    0    0 49392     0 184963 187632  8  3 71 16  2	
 7  2      0 69349760   9388  72844    0    0 50944    12 182427 184594  9  3 70 17  2	
 6  2      0 69349760   9388  72844    0    0 48592     0 184146 186815  9  3 70 16  2	
 8  1      0 69349760   9388  72844    0    0 49136     0 183350 185775 10  3 69 16  2	
 8  1      0 69349760   9388  72844    0    0 50384     0 183366 186025  9  3 70 17  2	
 7  1      0 69349760   9388  72844    0    0 47728     0 182269 184300 10  3 69 16  2	
 8  3      0 69349760   9396  72836    0    0 49680    12 183708 186088  9  3 70 17  2	
 7  2      0 69349760   9396  72844    0    0 49152     0 183889 186060 10  3 69 16  2	
 7  1      0 69349760   9396  72844    0    0 49184     0 184461 186851  9  4 69 16  2	
 7  1      0 69349760   9396  72844    0    0 49728     0 183634 186731  9  3 70 16  2	
 9  0      0 69349760   9396  72844    0    0 49792     0 185415 187431  9  4 70 16  2	
 8  0      0 69349760   9396  72844    0    0 49184     0 182848 184956 10  3 69 16  2	
 7  3      0 69349760   9404  72844    0    0 48800    12 184138 186531 10  2 70 16  2	
 5  3      0 69349760   9404  72844    0    0 49376    24 183720 186373  9  3 69 16  2	
procs -----------memory---------- ---swap-- -----io---- --system-- -----cpu-----
 r  b   swpd   free   buff  cache   si   so    bi    bo   in   cs us sy id wa st
 7  2      0 69349760   9404  72844    0    0 48336     0 182421 185124  9  3 69 16  2	
 9  0      0 69349760   9404  72844    0    0 49136     0 183151 185603  9  3 70 16  2	
 4  4      0 69349760   9404  72844    0    0 49024     0 185073 187960  9  3 71 16  2	
 5  3      0 69349760   9412  72836    0    0 49360    12 185071 187779 10  3 70 16  2	
 7  1      0 69349760   9412  72848    0    0 48704     8 186540 188882  9  4 70 16  2	
 5  3      0 69349760   9412  72848    0    0 50192     0 185379 187734  8  4 70 16  2	
 6  3      0 69349760   9412  72848    0    0 49152     0 183879 186160  9  3 70 16  2	
12  1      0 69349760   9412  72848    0    0 50864     0 184844 186464  8  3 71 16  2	
 5  3      0 69349760   9412  72848    0    0 49760     0 184689 186904  8  4 70 16  2	
 8  1      0 69349760   9420  72848    0    0 49584    24 183917 186123  9  4 69 16  2	
 8  2      0 69349760   9420  72848    0    0 49040     0 183282 185438  9  3 70 16  2	
 6  2      0 69349760   9420  72848    0    0 48160     0 185376 186959 10  3 70 15  2	
 8  1      0 69349760   9420  72848    0    0 48976     0 185332 188169  9  4 70 15  2	
 9  1      0 69349760   9420  72848    0    0 50352     0 184162 186424  9  3 70 16  2	
 9  0      0 69349760   9428  72840    0    0 50128    12 183832 186987  9  4 69 16  2	
 5  3      0 69349760   9428  72848    0    0 50880     0 181379 184298  9  3 70 17  2	
 9  1      0 69349760   9428  72848    0    0 50256     0 184186 186345  8  3 71 17  2	
 9  1      0 69349760   9428  72848    0    0 49920     0 183111 185118  9  3 70 17  2	
 7  2      0 69349760   9428  72848    0    0 49760     0 182922 185670  9  3 70 16  2	
 6  2      0 69349760   9428  72852    0    0 51008     0 181646 183449  8  3 70 17  2	
 5  3      0 69349632   9436  72852    0    0 50464    12 183349 186123  9  3 70 17  2	
procs -----------memory---------- ---swap-- -----io---- --system-- -----cpu-----
 r  b   swpd   free   buff  cache   si   so    bi    bo   in   cs us sy id wa st
 7  2      0 69349632   9436  72852    0    0 49296     0 182808 185561  9  4 70 16  2	
 7  2      0 69349632   9436  72852    0    0 50256     0 184041 187089  9  3 71 16  2	
10  0      0 69349632   9436  72852    0    0 51280     0 182634 185968  9  3 70 16  2	
 8  0      0 69349632   9436  72852    0    0 49136     0 183238 185856  9  3 70 16  2	
 8  1      0 69349632   9444  72844    0    0 48272    12 186382 188656  9  3 71 16  2	
 7  1      0 69349632   9444  72852    0    0 48944     0 185496 187815 10  3 70 16  2	
10  0      0 69349632   9444  72852    0    0 50544     0 184343 186832  9  4 70 16  2	
 7  3      0 69349632   9444  72852    0    0 49184     0 184274 186661 10  3 70 16  2	
 7  1      0 69349632   9444  72852    0    0 49344     0 185736 188678  9  4 70 15  2	
 5  4      0 69349632   9444  72852    0    0 49904     8 183526 186384  9  2 71 16  2	
 7  2      0 69349632   9452  72852    0    0 48304    24 181903 183458 10  3 69 16  2	
 8  1      0 69349632   9452  72852    0    0 49200     0 180771 182320  9  3 70 17  2	
 3  5      0 69349632   9452  72852    0    0 50112     0 185477 188017  8  3 71 16  2	
 9  1      0 69349632   9452  72852    0    0 51344     0 184174 186294  9  3 69 16  2	
 6  3      0 69349632   9452  72852    0    0 50016    28 183347 186537 10  3 69 16  2	
 7  2      0 69349632   9460  72852    0    0 49280    24 184194 186947  9  3 69 16  2	
 7  2      0 69349632   9460  72852    0    0 49312     0 185264 187462  9  3 70 16  2	
 5  4      0 69349632   9460  72852    0    0 49456     0 184504 186505  9  3 70 16  2	
 4  5      0 69349632   9460  72852    0    0 50032     0 183389 185779  8  3 71 16  2	
 5  3      0 69349632   9460  72852    0    0 50000     0 183134 185942  9  3 70 17  2	
 7  2      0 69349632   9468  72844    0    0 48848    12 183910 185159  8  3 71 16  2	
procs -----------memory---------- ---swap-- -----io---- --system-- -----cpu-----
 r  b   swpd   free   buff  cache   si   so    bi    bo   in   cs us sy id wa st
 6  2      0 69349632   9468  72852    0    0 49568     0 183666 186134 10  3 70 16  2	
 5  4      0 69349632   9468  72852    0    0 50464     0 183252 185693  9  3 70 16  2	
 8  1      0 69349632   9468  72852    0    0 50208     0 185881 188277  9  4 69 16  2	
 9  0      0 69349632   9468  72852    0    0 49808     0 183127 185474 10  3 69 16  2	
10  0      0 69349632   9468  72852    0    0 50128     0 186961 189063 10  3 70 16  2	
10  2      0 69349632   9476  72856    0    0 49600    12 185199 188132  9  3 70 16  2	
11  0      0 69349632   9476  72856    0    0 50224     0 184059 187010  8  3 70 16  2	
 8  1      0 69349632   9476  72856    0    0 50224     0 183848 186381  9  3 70 16  2	
 5  4      0 69349632   9476  72856    0    0 49920     0 184085 186377  9  3 70 16  2	
 7  4      0 69349632   9476  72856    0    0 51104     0 182275 184505  9  3 70 16  2	
 5  4      0 69349632   9484  72848    0    0 49344    16 183370 185587  9  3 70 16  2	
 8  1      0 69349632   9484  72860    0    0 49440     0 181195 183720 10  3 69 16  2	
 8  3      0 69349632   9484  72860    0    0 50096     0 186376 187941  9  4 70 16  2	
11  1      0 69349632   9484  72860    0    0 49760     0 184035 186236  9  3 70 16  2	
 9  1      0 69349632   9484  72860    0    0 48720     0 183975 186198  9  3 70 16  2	
 7  3      0 69349632   9484  72860    0    0 49248     0 187834 189727  9  3 71 16  2	
 5  3      0 69349632   9492  72860    0    0 50448    12 185797 187562  9  3 70 16  2	
 7  2      0 69349632   9492  72860    0    0 51232     0 181106 183713  9  3 70 17  2	
 6  4      0 69349632   9492  72860    0    0 49328     0 186455 188765  9  3 70 16  2	
 5  3      0 69349632   9492  72860    0    0 48272     8 184442 186777 10  3 70 15  2	
 7  2      0 69349632   9492  72860    0    0 49488     0 185027 187853  9  3 71 16  2	
procs -----------memory---------- ---swap-- -----io---- --system-- -----cpu-----
 r  b   swpd   free   buff  cache   si   so    bi    bo   in   cs us sy id wa st
 8  1      0 69349632   9500  72852    0    0 48608    24 182752 184387  9  3 70 16  2	
 6  2      0 69349632   9500  72860    0    0 47136     0 183877 186830 10  3 70 16  2	
 5  3      0 69349632   9500  72860    0    0 49536     0 183931 186550  9  3 70 16  2	
 6  3      0 69349632   9500  72860    0    0 49936    20 182967 185466  8  3 70 17  2	
 5  3      0 69349632   9500  72860    0    0 48944     0 184441 186348  9  3 70 16  2	
 6  3      0 69349632   9500  72860    0    0 48800     0 183290 186008  8  3 71 16  2	
 6  3      0 69349632   9508  72860    0    0 50320    24 182713 185223  9  3 70 17  2	
 7  2      0 69349632   9508  72860    0    0 49104     0 184261 187151  9  3 70 16  2	
 8  1      0 69349632   9508  72860    0    0 50608     0 181198 183798  8  3 71 16  2	
 9  0      0 69349632   9508  72860    0    0 49888     0 184643 187301 10  3 70 16  2	
 6  3      0 69349632   9508  72860    0    0 49200     0 184395 187063 10  3 70 16  2	
 9  0      0 69349632   9516  72852    0    0 48976    12 184251 186872  9  3 70 16  2	
 6  2      0 69349632   9516  72860    0    0 51152     0 180088 182477  9  3 69 18  2	
 7  2      0 69349632   9516  72860    0    0 49296     0 181440 184058  9  3 70 17  2	
 9  0      0 69349632   9516  72860    0    0 49536     0 182099 184476  9  3 69 17  2	
 9  0      0 69349632   9516  72860    0    0 49936     0 182667 185650  9  4 69 16  2	
 8  2      0 69349632   9516  72860    0    0 49216     0 181161 183636  9  3 69 17  2	
 8  1      0 69349632   9524  72860    0    0 50352    12 184994 186362  8  4 69 17  2	
 4  4      0 69349632   9524  72860    0    0 48400     4 182116 184352 10  3 70 16  2	
 7  2      0 69349632   9524  72860    0    0 49280     0 184315 186982 10  3 70 16  2	
 8  1      0 69349632   9524  72860    0    0 50160     0 183218 185851  9  3 69 17  2	
procs -----------memory---------- ---swap-- -----io---- --system-- -----cpu-----
 r  b   swpd   free   buff  cache   si   so    bi    bo   in   cs us sy id wa st
 8  2      0 69349632   9524  72860    0    0 49904     0 185858 187599 10  3 69 16  2	
 6  3      0 69349632   9532  72852    0    0 49216    12 186462 188168 10  3 70 16  2	
 6  2      0 69349632   9532  72860    0    0 49616     0 185957 189074 10  3 70 15  2	
 7  2      0 69349632   9532  72864    0    0 48576     0 185035 187010  9  4 70 16  2	
 9  1      0 69349632   9532  72864    0    0 50240     0 184199 187680  9  3 71 16  2	
 7  1      0 69349632   9532  72864    0    0 47984     0 182488 185432  9  2 71 16  2	
 8  1      0 69349632   9532  72868    0    0 48288     0 185207 187901  9  4 70 16  2	
 5  3      0 69349632   9540  72868    0    0 48768    12 181972 183785  9  3 70 16  2	
 6  3      0 69349632   9540  72868    0    0 49552     0 183868 186560  9  3 69 16  2	
 3  5      0 69349632   9540  72868    0    0 48160     0 185094 187871  9  3 70 16  2	
 5  3      0 69349632   9540  72868    0    0 49600     0 184469 186720  9  3 70 16  2	
 5  3      0 69349632   9540  72868    0    0 49424     0 185242 187927  9  3 70 16  2	
 8  1      0 69349632   9548  72860    0    0 49104    28 184651 186850  8  4 70 16  2	
 7  2      0 69349632   9548  72868    0    0 49392     0 184862 186637  9  3 70 16  2	
 6  3      0 69349632   9548  72868    0    0 50256     0 183641 186220 10  3 70 16  2	
 8  1      0 69349632   9548  72868    0    0 50288     0 180985 183217  9  3 70 16  2	
 6  2      0 69349632   9548  72868    0    0 49632     0 184843 187099  9  3 70 16  2	
 9  1      0 69349632   9548  72868    0    0 47760     4 183509 186005 10  3 70 16  2	
 7  2      0 69349632   9556  72868    0    0 50432    28 183544 186971  9  3 70 16  2	
 7  2      0 69349632   9556  72868    0    0 49664     0 184433 186853 10  3 70 16  2	
 6  2      0 69349632   9556  72868    0    0 48816     0 184473 186934  9  3 70 16  2	
procs -----------memory---------- ---swap-- -----io---- --system-- -----cpu-----
 r  b   swpd   free   buff  cache   si   so    bi    bo   in   cs us sy id wa st
 7  1      0 69349632   9556  72868    0    0 50400     0 184695 187047 10  3 69 16  2	
 8  1      0 69349632   9556  72868    0    0 50080     0 184727 187130  8  3 71 16  2	
 7  3      0 69349632   9564  72860    0    0 49744    12 182283 184629  9  3 70 16  2	
 8  2      0 69349632   9564  72868    0    0 48752     0 186167 188203 10  4 69 15  2	
 5  5      0 69349632   9564  72868    0    0 49632     0 181238 184450  9  3 69 17  1	
 6  2      0 69349632   9564  72868    0    0 50560     0 183699 185631  9  3 69 16  2	
 7  2      0 69349632   9564  72868    0    0 48992     0 182158 184713  9  3 70 16  2	
 8  2      0 69349632   9564  72868    0    0 49856     0 184867 187093  8  3 71 16  2	
 6  2      0 69349632   9572  72868    0    0 48112    12 185019 187294  9  3 70 16  2	
10  0      0 69349632   9572  72868    0    0 49520     0 186318 188463  8  3 71 16  2	
 9  0      0 69349632   9572  72868    0    0 49952     0 184595 187085 10  3 70 16  2	
 8  1      0 69349632   9572  72868    0    0 49408     0 183093 184967 10  3 69 17  2	
 7  3      0 69349632   9572  72868    0    0 49008     0 182609 185080 10  3 70 16  2	
 8  0      0 69349632   9580  72860    0    0 49792    12 183255 185407 10  3 69 16  2	
 8  1      0 69349632   9580  72868    0    0 50416     0 183454 186028  9  3 69 16  2	
 8  1      0 69349632   9580  72868    0    0 49808     0 185303 187993 10  3 69 16  2	
 5  4      0 69349632   9580  72872    0    0 50288     0 184261 187101  9  3 70 15  2	
 8  1      0 69349632   9580  72872    0    0 49840     0 185267 188300  9  3 70 16  2	
 6  2      0 69349632   9580  72872    0    0 49104     0 182568 184908  9  3 70 16  2	
10  1      0 69349632   9588  72872    0    0 51440    12 183236 185221 10  3 69 17  2	
 6  2      0 69349632   9588  72872    0    0 49120     0 185869 187914 10  3 70 16  2	
procs -----------memory---------- ---swap-- -----io---- --system-- -----cpu-----
 r  b   swpd   free   buff  cache   si   so    bi    bo   in   cs us sy id wa st
 6  2      0 69349632   9588  72872    0    0 51136     0 183330 186441  8  4 70 16  2	
 7  2      0 69349632   9588  72872    0    0 50160     4 183209 185141  9  3 69 16  2	
 8  2      0 69349632   9588  72872    0    0 49072     0 183351 186203  9  3 70 16  2	
 8  1      0 69349632   9596  72864    0    0 49664    12 182150 184171 10  3 69 17  2	
 9  1      0 69349632   9596  72872    0    0 48928     0 184791 187083  9  3 70 16  2	
 6  3      0 69349632   9596  72872    0    0 50432     0 180388 182210 10  3 69 17  2	
 4  4      0 69349632   9596  72876    0    0 48528    16 183623 185381  9  3 70 17  2	
 4  4      0 69349632   9596  72876    0    0 49760     0 182259 184843  8  3 70 17  2	
 5  4      0 69349632   9596  72876    0    0 50352     0 180236 182701  9  4 69 17  2	
 8  2      0 69349632   9604  72876    0    0 47824    24 181198 183926  9  3 70 17  2	
 9  1      0 69349632   9604  72876    0    0 48480     0 182242 185766  8  3 70 17  2	
 6  3      0 69349632   9604  72876    0    0 49376     0 181376 184169  9  3 70 17  2	
 8  2      0 69349632   9604  72876    0    0 47936     0 184254 186394  9  3 70 17  2	
 8  1      0 69349632   9604  72876    0    0 49680     0 182765 185342  9  3 70 17  2	
 9  1      0 69349632   9612  72868    0    0 48784    12 183604 185853  9  3 70 16  2	
 8  1      0 69349632   9612  72876    0    0 49984     0 182241 184671  9  3 70 16  2	
 5  4      0 69349632   9612  72876    0    0 49264     0 183351 185534  9  3 70 17  2	
 7  2      0 69349632   9612  72876    0    0 49584     0 180119 182234  8  3 70 17  2	
 9  0      0 69349632   9612  72876    0    0 49776     0 178826 181570  8  2 70 18  2	
 6  2      0 69349632   9612  72876    0    0 49488     0 181525 183725  9  3 70 17  2	
 7  1      0 69349632   9620  72876    0    0 49952    12 181882 184149  9  3 70 17  2	
procs -----------memory---------- ---swap-- -----io---- --system-- -----cpu-----
 r  b   swpd   free   buff  cache   si   so    bi    bo   in   cs us sy id wa st
 7  4      0 69349632   9620  72876    0    0 48128     0 182178 184224  9  3 70 16  2	
 5  3      0 69349632   9620  72876    0    0 50304     0 179897 182489  9  3 70 17  2	
 7  2      0 69349632   9620  72876    0    0 50160     0 182750 185024  9  3 70 17  2	
 9  1      0 69349632   9620  72876    0    0 48416     0 185087 187399  9  3 70 16  2	
 7  2      0 69349632   9628  72868    0    0 50400    12 181886 184165 10  2 69 17  2	
 7  2      0 69349632   9628  72876    0    0 48512     0 185126 187373 10  3 70 16  2	
 5  4      0 69349632   9628  72876    0    0 50000     0 180005 182293  8  3 70 17  2	
 7  2      0 69349632   9628  72880    0    0 48640     0 182510 185116  9  3 70 17  2	
 8  2      0 69349632   9628  72880    0    0 48752     0 184626 186862  8  3 70 17  2	
 8  2      0 69349632   9628  72880    0    0 48752     0 185995 187729 10  3 70 16  2	
 8  2      0 69349632   9636  72880    0    0 49664    16 183843 185602  9  3 70 17  2	
 5  3      0 69349632   9636  72880    0    0 48976     8 180655 184344 10  3 68 17  2	
 8  0      0 69349632   9636  72880    0    0 49952     0 179700 181581  8  3 69 17  2	
10  0      0 69349632   9636  72880    0    0 50064     0 181815 184197  9  4 69 17  2	
 9  2      0 69349632   9636  72880    0    0 48432     0 182050 183782  9  3 69 16  2	
 8  1      0 69349632   9644  72872    0    0 48032    24 179893 182294  9  3 69 17  2	
 8  1      0 69349632   9644  72880    0    0 49200     8 181251 184351  8  3 70 17  2	
 4  4      0 69349632   9644  72880    0    0 50192     0 183924 186110  9  3 69 16  2	
 9  0      0 69349632   9644  72880    0    0 49744     0 180512 182495  9  3 69 17  2	
 8  0      0 69349632   9644  72880    0    0 50304     0 181709 183992  9  3 70 16  2	
 5  3      0 69349632   9644  72880    0    0 48192     0 184851 187142  9  3 70 16  2	
procs -----------memory---------- ---swap-- -----io---- --system-- -----cpu-----
 r  b   swpd   free   buff  cache   si   so    bi    bo   in   cs us sy id wa st
 5  3      0 69349632   9652  72880    0    0 48992    52 183682 186264 10  3 69 16  2	
 5  3      0 69349632   9652  72880    0    0 50256     0 181703 184180  8  3 70 17  2	
 5  4      0 69349632   9652  72880    0    0 50240     0 182527 185143  9  3 69 17  2	
 9  0      0 69349632   9652  72880    0    0 48464     0 183476 185713  9  3 70 16  2	
 8  0      0 69349504   9652  72880    0    0 48752     0 185570 187492  8  3 71 16  2	
 8  1      0 69349504   9660  72872    0    0 48160    24 184640 186999 10  3 70 16  2	
 2  6      0 69349504   9660  72880    0    0 49104     0 183633 186431  8  3 71 17  2	
 8  2      0 69349504   9660  72884    0    0 47440     0 185621 188144  8  3 71 16  2	
 9  1      0 69349504   9660  72884    0    0 50496     0 185510 186967  9  3 70 16  2	
10  1      0 69349504   9660  72884    0    0 50208     0 181405 184050  8  3 70 17  2	
 4  4      0 69349504   9660  72884    0    0 49696     0 182191 184949  9  3 70 17  2	
11  1      0 69349504   9668  72884    0    0 49568    12 186031 187868 10  3 70 16  2	
 7  1      0 69349504   9668  72884    0    0 48688     0 182287 184850 10  3 69 16  2	
10  1      0 69349504   9668  72884    0    0 49072     0 180877 182928 10  3 68 17  2	
11  0      0 69349504   9668  72884    0    0 50752     0 178428 181480  8  3 70 18  2	
 3  6      0 69349504   9668  72884    0    0 48208     0 180826 183068  8  3 70 17  2	
 8  1      0 69349504   9676  72876    0    0 48720    12 180645 183366  9  3 69 17  2	
 8  1      0 69349384   9676  72884    0    0 48256     0 182771 185214  8  4 70 16  2	
 8  0      0 69349384   9676  72884    0    0 49600     0 181647 183969  9  3 69 17  2	
 5  3      0 69349384   9676  72884    0    0 47840     0 184727 186989  9  3 70 16  2	
 6  3      0 69349384   9676  72884    0    0 48816     4 182133 184145  8  4 70 17  2	
procs -----------memory---------- ---swap-- -----io---- --system-- -----cpu-----
 r  b   swpd   free   buff  cache   si   so    bi    bo   in   cs us sy id wa st
 8  3      0 69349384   9676  72888    0    0 49120     8 180895 183675  9  3 70 17  2	
10  0      0 69349384   9684  72888    0    0 49936     4 181235 183221  9  3 69 17  2	
 7  3      0 69349384   9684  72888    0    0 47248     0 182533 184209 10  3 70 15  2	
 3  5      0 69349384   9684  72888    0    0 49328     0 183819 186184  9  3 70 16  2	
 4  5      0 69349384   9684  72888    0    0 48512     0 178606 181318  9  3 69 17  2	
 6  2      0 69349384   9684  72888    0    0 49936    16 181914 184264  8  3 70 17  2	
 6  2      0 69349384   9692  72888    0    0 48448    28 183153 185661  9  3 70 17  2	
 8  3      0 69349384   9692  72888    0    0 49632     0 178537 182287  8  3 69 18  2	
 6  4      0 69349384   9692  72888    0    0 48672     0 181350 183738  9  3 69 17  2	
 9  1      0 69349384   9692  72888    0    0 49632     0 181082 183252  9  3 70 17  2	
10  1      0 69349384   9692  72888    0    0 49712     0 181567 184004 10  3 69 17  2	
 9  2      0 69349384   9700  72880    0    0 49968    12 181188 183399  9  3 69 18  2	
 4  4      0 69349384   9700  72888    0    0 48992     0 180256 182445 10  3 69 17  2	
 3  6      0 69349384   9700  72888    0    0 48128     0 182716 185201 10  3 69 16  2	
 6  3      0 69349384   9700  72888    0    0 48656     0 179884 183609  9  3 69 17  2	
 9  0      0 69349384   9700  72888    0    0 50656    36 181446 183434  9  3 70 17  2	
 3  5      0 69349384   9700  72888    0    0 48608     0 181046 184173  9  3 69 17  2	
 9  1      0 69349384   9708  72888    0    0 49392    12 181572 183663  9  2 70 17  2	
 6  3      0 69349384   9708  72888    0    0 49584     0 180122 183382 10  3 68 17  2	
 7  2      0 69349384   9708  72888    0    0 48080     0 173273 175817  7  3 70 19  1	
 6  2      0 69349384   9708  72888    0    0 49488     0 181038 183813  9  4 68 17  2	
procs -----------memory---------- ---swap-- -----io---- --system-- -----cpu-----
 r  b   swpd   free   buff  cache   si   so    bi    bo   in   cs us sy id wa st
 7  2      0 69349384   9708  72888    0    0 48000     0 184665 186939  9  3 70 16  2	
 6  2      0 69349384   9716  72880    0    0 47344    12 183323 184777  9  4 70 16  2	
 5  3      0 69349384   9716  72888    0    0 50352     0 182361 183984  8  3 70 18  2	
 6  3      0 69349384   9716  72888    0    0 48768     0 183318 186484  9  3 70 16  2	
 8  0      0 69349384   9716  72888    0    0 50176     0 181551 184304  8  3 70 17  2	
 7  2      0 69349384   9716  72888    0    0 48944     0 182332 185418  9  3 70 16  2	
 4  4      0 69349384   9716  72888    0    0 49504     0 181672 184085  9  3 70 17  2	
 6  2      0 69349384   9724  72888    0    0 49504    12 181045 183189  9  3 70 17  2	
 7  3      0 69349384   9724  72892    0    0 49872     0 185207 187185  9  3 70 16  2	
 5  3      0 69349384   9724  72892    0    0 48800     0 185365 188089  9  3 70 16  2	
 7  1      0 69349384   9724  72892    0    0 50352     0 179665 182582 10  3 69 17  1	
 9  0      0 69348392   9736  72880    0    0 48684     0 180023 181951  9  3 69 17  2	
 5  4      0 69348048   9744  73028    0    0 49300    16 181120 184241 10  3 69 17  2	
 5  4      0 69348536   9748  73060    0    0 50840     0 183096 185719  9  3 70 16  2	
 5  4      0 69348888   9748  73068    0    0 49744     8 181969 184743 10  4 68 17  2	
 7  2      0 69348888   9748  73068    0    0 49840     0 181507 184542 10  3 70 17  2	
 7  2      0 69348888   9748  73068    0    0 49712     0 182637 185934  9  3 70 17  2	
11  0      0 69348888   9748  73068    0    0 49088     0 183894 186952  9  3 70 16  2	
 7  1      0 69348888   9756  73068    0    0 51328    32 182545 184925  8  3 70 17  2	
 9  0      0 69348888   9756  73068    0    0 49840     8 182561 186052  9  3 70 16  2	
 7  1      0 69348888   9756  73068    0    0 50048     0 183997 186374  9  3 70 16  2	
procs -----------memory---------- ---swap-- -----io---- --system-- -----cpu-----
 r  b   swpd   free   buff  cache   si   so    bi    bo   in   cs us sy id wa st
11  0      0 69348888   9756  73068    0    0 48464     0 182707 184471  9  3 70 16  2	
 8  2      0 69348888   9756  73068    0    0 47792     0 177229 179415  9  3 69 18  2	
 8  1      0 69348888   9764  73060    0    0 49184    24 180617 182594  9  3 69 17  2	
 6  2      0 69348888   9764  73068    0    0 49376     0 183139 185448  8  3 70 17  2	
 9  0      0 69348888   9764  73068    0    0 48080     0 184497 186964  9  3 70 16  2	
 3  5      0 69348888   9764  73068    0    0 50096     0 186767 188872  8  3 71 17  2	
 8  0      0 69348888   9764  73068    0    0 48160     0 180756 182467  9  3 69 17  2	
 8  0      0 69348888   9764  73068    0    0 47488     0 182223 185010  9  3 71 16  2	
 6  2      0 69348888   9772  73068    0    0 49536    12 184111 186057 10  3 70 16  2	
 5  4      0 69348888   9772  73068    0    0 49968    24 183552 185333  9  3 70 16  2	
 7  2      0 69348888   9772  73068    0    0 50288     0 183094 184867  9  3 70 17  2	
 6  2      0 69348888   9772  73068    0    0 48432     0 186959 189429  9  4 70 15  2	
 7  1      0 69348888   9772  73068    0    0 50192     0 185077 187608 10  2 70 15  2	
 6  2      0 69348888   9780  73060    0    0 51440    12 185841 188430 10  3 70 16  2	
 7  1      0 69348888   9780  73068    0    0 51440     0 184523 187132  9  3 70 16  2	
 6  2      0 69348888   9780  73068    0    0 49312     0 186363 189194 10  3 70 16  2	
 8  1      0 69348888   9780  73068    0    0 51056     0 184032 185890  9  2 71 16  2	
10  0      0 69348888   9780  73068    0    0 50528     0 183349 186004  9  4 70 16  2	
 7  1      0 69348888   9780  73068    0    0 49328     0 185835 188679 10  3 70 15  2	
 6  3      0 69348888   9788  73068    0    0 50544    12 184276 187383  9  3 70 16  2	
 8  1      0 69348888   9788  73068    0    0 49296     0 183652 185453  9  3 70 16  2	
procs -----------memory---------- ---swap-- -----io---- --system-- -----cpu-----
 r  b   swpd   free   buff  cache   si   so    bi    bo   in   cs us sy id wa st
 8  2      0 69348888   9788  73068    0    0 49824     0 185462 186862  8  3 71 16  2	
 7  1      0 69348888   9788  73068    0    0 49728     0 185341 187459  9  4 70 15  2	
 6  2      0 69348888   9788  73068    0    0 50048     0 185156 188046  9  3 71 16  2	
 6  2      0 69348888   9796  73060    0    0 49520    40 185278 188031 10  3 70 16  2	
 5  5      0 69348888   9796  73072    0    0 50272     0 184076 186464  9  3 70 16  2	
 7  1      0 69348888   9796  73072    0    0 49088     0 185491 188264  9  3 71 15  2	
 9  0      0 69348888   9796  73072    0    0 50160     0 185484 187148  9  2 70 16  2	
 7  2      0 69348888   9796  73072    0    0 50784     0 183040 184755 10  3 69 16  2	
 5  3      0 69348888   9796  73072    0    0 50944    12 185022 186932  9  3 70 16  2	
11  0      0 69348888   9804  73076    0    0 50176    24 183051 184864  9  3 70 16  2	
11  1      0 69348888   9804  73076    0    0 49104     0 186154 188667  9  3 71 15  2	
 5  4      0 69348888   9804  73076    0    0 50288     0 185745 188753 10  3 70 15  2	
 6  1      0 69348888   9804  73076    0    0 49680     0 186557 188989  9  3 70 16  2	
 6  2      0 69348888   9804  73076    0    0 50000     0 183696 186841 10  3 70 16  2	
 6  3      0 69348888   9812  73076    0    0 49648    12 185943 188165  8  3 71 16  2	
 9  1      0 69348888   9812  73076    0    0 50928     0 183208 186040  9  3 70 16  2	
10  2      0 69348888   9812  73076    0    0 50752     0 184308 187087  9  3 70 16  2	
 6  2      0 69348888   9812  73076    0    0 49120     0 185110 187551  9  3 70 16  2	
 6  3      0 69348888   9812  73076    0    0 48816     0 184081 187282  9  3 70 16  2	
 5  3      0 69348888   9820  73068    0    0 49824    12 183791 185593  9  3 70 16  2	
 9  0      0 69348888   9820  73076    0    0 50496     0 185698 188466 10  4 69 15  2	
procs -----------memory---------- ---swap-- -----io---- --system-- -----cpu-----
 r  b   swpd   free   buff  cache   si   so    bi    bo   in   cs us sy id wa st
 6  2      0 69348888   9820  73076    0    0 50640     0 186566 187980  9  3 70 16  2	
 7  2      0 69348888   9820  73076    0    0 48128     0 187030 188943  9  3 70 15  2	
 7  2      0 69348888   9820  73076    0    0 50016    24 185221 187692 10  4 69 15  2	
 4  4      0 69348888   9820  73076    0    0 51424     0 183655 186470  9  4 70 16  2	
 4  4      0 69348888   9828  73076    0    0 50208    12 185178 187537  9  4 70 16  2	
 7  2      0 69348888   9828  73076    0    0 49808     0 186025 188050  9  3 70 16  2	
 7  1      0 69348888   9828  73076    0    0 49328     0 184874 187189  9  3 70 16  2	
 8  1      0 69348888   9828  73076    0    0 51328     0 183770 186022  9  3 70 17  2	
 8  1      0 69348888   9828  73076    0    0 49968     0 180957 182604  9  4 69 17  2	
 5  5      0 69348888   9836  73068    0    0 51104    12 183155 185452  9  3 69 16  2	
 8  1      0 69348888   9836  73076    0    0 49712     0 184761 187180  9  3 70 16  2	
 9  1      0 69348888   9836  73076    0    0 49584     0 184935 187733  9  3 70 16  2	
 7  1      0 69348888   9836  73076    0    0 48800     0 184911 187128  9  3 70 16  2	
 8  0      0 69348888   9836  73076    0    0 48592     0 183560 186246  8  3 71 16  2	
 8  3      0 69348888   9836  73076    0    0 49616     0 184472 187074  9  3 70 16  2	
 8  1      0 69348888   9844  73076    0    0 49712    16 185200 187547  9  3 70 16  2	
 8  0      0 69348888   9844  73076    0    0 51088     0 184489 187370 10  3 70 16  2	
 9  1      0 69348888   9844  73080    0    0 48752     0 186939 190097 10  3 70 15  2	
 7  2      0 69348888   9844  73080    0    0 49408    16 184781 187071 10  3 70 15  2	
 9  1      0 69348888   9844  73080    0    0 48656     0 186556 189409  9  3 70 15  2	
 9  0      0 69348888   9852  73072    0    0 50512    32 184737 187269 10  3 70 16  2	
procs -----------memory---------- ---swap-- -----io---- --system-- -----cpu-----
 r  b   swpd   free   buff  cache   si   so    bi    bo   in   cs us sy id wa st
 6  2      0 69348888   9852  73080    0    0 49872     0 185330 187070 10  3 70 15  2	
 8  1      0 69348888   9852  73080    0    0 50416     0 184050 186367 10  3 70 16  2	
 4  4      0 69348888   9852  73080    0    0 49824     0 181469 183627  9  3 70 17  2	
 8  2      0 69348888   9852  73080    0    0 51280     0 181312 183599  9  3 70 17  2	
 9  1      0 69348888   9852  73080    0    0 49792     0 183097 186045  9  3 70 16  2	
10  1      0 69348888   9860  73080    0    0 49744    12 183522 186096  9  3 70 16  2	
 6  3      0 69348888   9860  73080    0    0 48352     0 184533 187064  9  3 70 16  2	
 8  1      0 69348888   9860  73080    0    0 49008     0 180402 182841  9  4 69 16  2	
 6  3      0 69348888   9860  73080    0    0 50944     0 181307 183406  9  4 69 17  2	
 7  1      0 69348888   9860  73080    0    0 48464     0 183349 186283  9  3 70 16  2	
 7  2      0 69348888   9868  73076    0    0 50144    12 183527 186171  9  3 70 16  2	
 7  2      0 69348888   9868  73084    0    0 48944     0 185443 187870 10  3 70 15  2	
 7  4      0 69348888   9868  73084    0    0 49888     0 186941 189458  9  4 71 15  2	
 7  1      0 69348888   9868  73084    0    0 50752     0 185393 187482 10  3 70 16  2	
10  0      0 69348888   9868  73084    0    0 49040     0 186343 189219 10  3 70 15  2	
 7  1      0 69348888   9868  73084    0    0 50256     0 185933 188788 10  3 70 15  2	
 5  3      0 69348888   9876  73084    0    0 49872    12 185975 187999  9  3 71 16  2	
 9  0      0 69348888   9876  73084    0    0 49536    24 186314 188445 10  3 70 15  2	
 9  1      0 69348888   9876  73084    0    0 50448     0 186055 188066  9  4 70 15  2	
 5  3      0 69348888   9876  73084    0    0 51296     0 182778 184223  9  3 69 17  2	
 6  2      0 69348888   9876  73084    0    0 49808     0 187148 188984  9  3 70 16  2	
procs -----------memory---------- ---swap-- -----io---- --system-- -----cpu-----
 r  b   swpd   free   buff  cache   si   so    bi    bo   in   cs us sy id wa st
 5  3      0 69348888   9884  73076    0    0 50224    12 184120 186559  9  3 70 16  2	
 8  1      0 69348888   9884  73084    0    0 49632     4 185474 187862 10  3 70 16  2	
 7  3      0 69348888   9884  73084    0    0 49552     0 184748 186911  9  4 70 16  2	
 9  0      0 69348888   9884  73084    0    0 49008     0 185956 188879  9  3 70 16  2	
11  0      0 69348888   9884  73084    0    0 50928     0 184308 186171 10  3 69 16  2	
 7  1      0 69348888   9884  73084    0    0 49344     0 184044 186453  9  3 70 16  2	
 8  2      0 69348888   9892  73084    0    0 49840    16 183832 185972 10  3 70 15  2	
10  0      0 69348888   9892  73084    0    0 50272     0 186713 188584  9  4 70 16  2	
 6  2      0 69348888   9892  73084    0    0 50800     0 183961 186931  9  4 70 16  2	
 5  3      0 69348888   9892  73088    0    0 50096     0 185645 188949 10  3 70 15  2	
 6  3      0 69348888   9892  73088    0    0 50608     0 184946 187551  9  3 70 16  2	
 9  1      0 69348888   9900  73080    0    0 50864    12 184768 187680 10  3 70 16  2	
 6  2      0 69348888   9900  73088    0    0 50736     8 185635 188073  9  3 71 16  2	
 6  2      0 69348888   9900  73088    0    0 50880     0 184375 187527  9  3 70 16  2	
 8  1      0 69348888   9900  73088    0    0 49504     0 186276 188813  9  3 70 15  2	
 7  2      0 69348888   9900  73088    0    0 48576     0 185940 188895  9  3 71 15  2	
 7  1      0 69348888   9900  73088    0    0 48688     0 184061 186135 10  4 70 15  2	
 7  2      0 69348888   9908  73088    0    0 49248    24 183583 185827  9  3 70 16  2	
 9  2      0 69348888   9908  73088    0    0 50624     0 183866 186096  9  3 70 16  2	
 9  1      0 69348888   9908  73088    0    0 50080     0 184635 186927  9  3 70 16  2	
 6  3      0 69348888   9908  73088    0    0 50672     0 184306 186612  9  3 70 16  2	
procs -----------memory---------- ---swap-- -----io---- --system-- -----cpu-----
 r  b   swpd   free   buff  cache   si   so    bi    bo   in   cs us sy id wa st
 8  0      0 69348888   9908  73088    0    0 50288     0 185447 187444  8  4 70 16  2	
 5  3      0 69348888   9916  73080    0    0 49728    12 185372 187611  9  3 71 16  2	
 8  1      0 69348888   9916  73088    0    0 48640     0 186031 189004  9  3 71 15  2	
10  0      0 69348888   9916  73088    0    0 49696     0 185776 187925  9  3 70 16  2	
 7  1      0 69348888   9916  73088    0    0 49840     0 185232 188410 10  3 70 16  2	
 8  2      0 69348888   9916  73088    0    0 50960     0 181161 183205 10  3 69 16  2	
 8  0      0 69348888   9916  73088    0    0 49856     0 184345 186971  9  3 71 16  2	
 7  3      0 69348888   9924  73088    0    0 49136    12 185341 187515  9  3 71 15  2	
 8  2      0 69348888   9924  73088    0    0 48448     0 186357 188870  9  3 71 15  2	
 6  3      0 69348888   9924  73088    0    0 49552     0 185156 187162  9  3 70 16  2	
11  0      0 69348888   9924  73088    0    0 50592     0 184843 187366 10  3 70 16  2	
 6  2      0 69348888   9924  73092    0    0 49248    12 184669 186779  9  3 70 16  2	
 7  2      0 69348888   9932  73084    0    0 49856    12 183398 186022 10  3 69 16  2	
 5  4      0 69348888   9932  73092    0    0 49728     0 185645 189120  9  3 70 16  2	
 9  1      0 69348888   9932  73092    0    0 50688     0 184069 186884  9  3 70 16  2	
 9  2      0 69348888   9932  73092    0    0 50352     0 183722 185368 10  3 70 16  2	
 6  2      0 69348888   9932  73092    0    0 50976     8 184966 188022  9  3 70 16  2	
 8  0      0 69348888   9932  73092    0    0 49584     0 185186 187993  9  3 71 16  2	
 7  2      0 69348888   9940  73092    0    0 50256    24 184552 187540  9  3 70 16  2	
 9  1      0 69348888   9940  73092    0    0 49072     0 184798 187677  9  4 70 16  2	
10  1      0 69348888   9940  73092    0    0 48736     0 184684 187915 10  3 70 16  2	
procs -----------memory---------- ---swap-- -----io---- --system-- -----cpu-----
 r  b   swpd   free   buff  cache   si   so    bi    bo   in   cs us sy id wa st
 8  1      0 69348888   9940  73092    0    0 47840     0 184313 186289  9  3 70 15  2	
 6  2      0 69348888   9940  73096    0    0 49008     0 184234 187137 10  4 70 16  2	
 7  1      0 69348888   9948  73088    0    0 49360    12 183881 186524 11  3 69 16  2	
 6  3      0 69348888   9948  73096    0    0 49936     0 182883 185246 10  3 69 17  2	
 6  2      0 69348888   9948  73096    0    0 50016     0 182549 184386  9  3 70 17  2	
 7  1      0 69348888   9948  73096    0    0 50064     8 184250 186710  9  3 70 16  2	
10  1      0 69348888   9948  73096    0    0 50992     0 183475 185864  9  3 70 16  2	
 7  2      0 69348888   9948  73096    0    0 49664     0 184852 187549  9  3 70 16  2	
 6  3      0 69348888   9956  73096    0    0 50208    24 183356 185313  9  4 70 16  2	
 5  3      0 69348888   9956  73096    0    0 49856     0 184048 186579 10  3 70 16  2	
 7  1      0 69348888   9956  73096    0    0 49552     0 185502 188059 10  4 70 15  2	
 9  1      0 69348888   9956  73096    0    0 48704     0 185047 187519  9  3 71 16  2	
 5  3      0 69348888   9956  73096    0    0 50400     0 184740 187132 10  3 70 16  2	
 6  3      0 69348888   9964  73088    0    0 50192    12 185520 187625  8  3 71 16  2	
 5  3      0 69348888   9964  73096    0    0 49280     0 180976 182808  9  3 70 16  2	
 3  5      0 69348888   9964  73096    0    0 48480     0 186643 188812  8  3 71 16  2	
 8  1      0 69348888   9964  73096    0    0 50224     0 183684 185957  9  3 70 16  2	
 6  2      0 69348888   9964  73096    0    0 49536     0 183902 186482  9  3 69 16  2	
 6  2      0 69348888   9964  73096    0    0 51168     0 180397 183310  8  3 70 17  2	
 6  2      0 69348888   9972  73096    0    0 50768    12 183972 186882 10  3 70 16  2	
 8  1      0 69348888   9972  73096    0    0 48784     0 183475 185900  8  3 70 16  2	
procs -----------memory---------- ---swap-- -----io---- --system-- -----cpu-----
 r  b   swpd   free   buff  cache   si   so    bi    bo   in   cs us sy id wa st
 7  2      0 69348888   9972  73096    0    0 49168     0 184456 186431  9  3 70 16  2	
 8  2      0 69348888   9972  73096    0    0 50800     0 183979 186508  9  3 70 16  2	
 5  3      0 69348888   9972  73096    0    0 47904     0 184268 187315  9  3 70 16  2	
 7  1      0 69348888   9980  73088    0    0 50528    12 183425 185833  9  3 70 16  2	
 5  3      0 69348888   9980  73096    0    0 48880     0 184244 186483  9  3 70 16  2	
 8  2      0 69348888   9980  73096    0    0 48544    20 184781 188060 10  2 70 16  2	
 8  2      0 69348888   9980  73096    0    0 49536     0 185187 188539 10  3 70 16  2	
 8  0      0 69348888   9980  73096    0    0 49856     0 186493 188535  9  3 71 16  2	
 6  2      0 69348888   9980  73096    0    0 49472     0 185810 187741  8  3 71 16  2	
10  1      0 69348888   9988  73096    0    0 49920    12 185000 186767  9  3 70 16  2	
 4  4      0 69348888   9988  73096    0    0 48816     8 186045 188222  9  3 70 16  2	
 8  0      0 69348888   9988  73096    0    0 49776     0 183546 186128  9  3 70 16  2	
10  0      0 69348768   9988  73104    0    0 49152     0 182260 184443  9  3 70 17  2	
 7  2      0 69348768   9988  73104    0    0 47696     0 181005 182840 10  3 70 16  2	
 5  3      0 69348768   9996  73096    0    0 49792    24 180551 182207  9  3 70 16  2	
 8  1      0 69348768   9996  73104    0    0 50400     8 183279 185823  9  3 70 16  2	
 4  4      0 69348768   9996  73104    0    0 49456     0 182488 185061 10  3 69 17  2	
 8  1      0 69348768   9996  73104    0    0 49568     0 182838 185541  9  3 70 17  2	
 7  2      0 69348768   9996  73104    0    0 49312     0 184851 187337  9  3 70 16  2	
 8  1      0 69348768   9996  73104    0    0 48992     0 185258 187549  9  3 70 16  2	
 6  3      0 69348768  10004  73104    0    0 50704    24 186274 188133 10  3 70 16  2	
procs -----------memory---------- ---swap-- -----io---- --system-- -----cpu-----
 r  b   swpd   free   buff  cache   si   so    bi    bo   in   cs us sy id wa st
 5  4      0 69348768  10004  73104    0    0 50976     0 185625 187315  9  3 70 16  2	
 8  1      0 69348768  10004  73104    0    0 50784     0 186144 187810  8  4 70 16  2	
 7  2      0 69348768  10004  73104    0    0 49616     0 182866 184879 10  3 70 16  2	
 9  3      0 69348768  10004  73104    0    0 50272     0 183590 186965  9  4 69 16  2	
 8  1      0 69348768  10012  73096    0    0 49856    16 187452 189865  9  3 70 16  2	
 9  1      0 69348768  10012  73104    0    0 50832     0 185556 187840 10  3 70 16  2	
 8  3      0 69348768  10012  73104    0    0 50112     0 184121 186336 10  3 70 16  2	
 8  2      0 69348768  10012  73104    0    0 49728     0 185125 187696  9  3 71 16  2	
 6  1      0 69348768  10012  73104    0    0 50096     0 186110 188274  9  3 70 16  2	
 8  1      0 69348768  10012  73104    0    0 50496     0 184380 187965  9  4 70 16  2	
 7  1      0 69348768  10020  73104    0    0 49248    12 183846 186749 10  3 70 16  2	
 6  2      0 69348768  10020  73104    0    0 49360     0 184178 186053  9  3 70 16  2	
 6  2      0 69348768  10020  73104    0    0 50016     0 179518 181560  9  3 69 17  2	
 5  3      0 69348768  10020  73104    0    0 49776     0 185614 186696  9  3 70 16  2	
 8  1      0 69348768  10020  73104    0    0 48880     0 185060 188066  9  3 71 15  2	
 9  0      0 69348768  10028  73096    0    0 49536    12 187665 190548 10  3 71 15  2	
 8  2      0 69348768  10028  73104    0    0 50480     0 184439 187675 10  3 70 16  2	
 6  2      0 69348768  10028  73104    0    0 50112     0 186192 188181  9  3 70 16  2	
 9  1      0 69348768  10028  73104    0    0 50176     0 182325 183823 10  3 70 16  2	
 8  1      0 69348768  10028  73104    0    0 49184     0 185006 187900  8  3 71 16  2	
 5  3      0 69348768  10028  73104    0    0 50400    32 185614 187285  9  3 70 16  2	
procs -----------memory---------- ---swap-- -----io---- --system-- -----cpu-----
 r  b   swpd   free   buff  cache   si   so    bi    bo   in   cs us sy id wa st
 9  0      0 69348768  10036  73104    0    0 49744    24 185310 187224  9  3 70 16  2	
 9  0      0 69348768  10036  73104    0    0 49664     0 185073 187418  9  2 71 16  2	
 7  3      0 69348768  10036  73104    0    0 48480     0 184623 187655 10  3 70 15  2	
 7  2      0 69348768  10036  73104    0    0 48688     0 183833 185748 10  3 70 15  2	
 8  2      0 69348768  10036  73104    0    0 49712     4 186038 189504 10  3 70 15  2	
 4  4      0 69348768  10044  73100    0    0 48976    12 186219 188581 10  3 70 15  2	
 9  0      0 69348768  10044  73108    0    0 48160     0 186607 189309 10  3 70 15  2	
 9  0      0 69348768  10044  73108    0    0 49472     0 184798 187251  9  3 71 15  2	
10  1      0 69348768  10044  73108    0    0 50080     0 184910 187477  9  3 70 16  2	
 7  1      0 69348768  10044  73108    0    0 49264     0 183991 186755  9  3 70 16  2	
 4  4      0 69348768  10044  73108    0    0 50448     0 183632 185875 10  3 69 16  2	
 6  2      0 69348768  10052  73108    0    0 50064    12 181344 183389 11  3 69 16  2	
 6  3      0 69348768  10052  73108    0    0 51712     0 183732 186481  9  3 70 16  2	
 6  3      0 69348768  10052  73112    0    0 49296     0 183658 185999 10  3 69 16  2	
 8  0      0 69348768  10052  73112    0    0 50512     4 184764 187401 10  4 69 16  2	
 8  1      0 69348768  10052  73112    0    0 50128     0 184667 187530  9  3 70 16  2	
 7  3      0 69348768  10060  73104    0    0 49744    12 184898 187294 10  3 70 15  2	
 8  1      0 69348768  10060  73112    0    0 49392     0 185404 187999  9  3 70 16  2	
 7  3      0 69348768  10060  73112    0    0 49920     0 183627 186324 10  4 69 16  2	
10  0      0 69348768  10060  73112    0    0 49712     0 186351 188782  9  3 71 16  2	
 6  2      0 69348768  10060  73112    0    0 48880     0 184553 187158 10  3 69 16  2	
procs -----------memory---------- ---swap-- -----io---- --system-- -----cpu-----
 r  b   swpd   free   buff  cache   si   so    bi    bo   in   cs us sy id wa st
 7  2      0 69348768  10064  73108    0    0 49824     8 184904 187637  9  3 70 16  2	
 8  2      0 69348768  10068  73112    0    0 49360     4 187206 189934  9  3 71 15  2	
 5  4      0 69348768  10068  73112    0    0 51024     0 185799 188059 10  3 70 15  2	
12  0      0 69348768  10068  73112    0    0 50496     0 185096 188195 10  3 70 15  2	
 8  1      0 69348768  10068  73112    0    0 49568     0 186802 189137  9  4 71 15  2	
 5  3      0 69348768  10068  73112    0    0 49072     0 187182 189796  9  4 71 15  2	
 7  2      0 69348768  10076  73112    0    0 49808    12 184464 186562 10  3 70 15  2	
 7  1      0 69348768  10076  73112    0    0 48592     0 185351 188139  9  4 70 16  2	
 5  4      0 69348768  10076  73112    0    0 49824     8 182898 185645  9  3 70 16  2	
 5  4      0 69348768  10076  73112    0    0 49792     0 184943 187174  9  4 69 16  2	
 8  1      0 69348768  10076  73112    0    0 48944     0 181469 184280 10  3 70 16  2	
 7  3      0 69348768  10084  73104    0    0 50240    24 183242 185799 10  3 69 16  2	
 7  1      0 69348768  10084  73112    0    0 49296     0 181574 183015 10  3 70 16  2	
 6  2      0 69348768  10084  73112    0    0 51184    20 182737 186167 10  3 69 16  2	
 7  2      0 69348768  10084  73120    0    0 50608     0 182383 184972  9  3 70 17  2	
 5  3      0 69348768  10084  73120    0    0 49376     0 184963 187853  9  3 70 16  2	
 7  1      0 69348768  10084  73120    0    0 51840     0 182618 185822 10  3 69 16  2	
11  0      0 69348768  10092  73120    0    0 51024    24 184008 186715 10  3 69 16  2	
 8  1      0 69348768  10092  73124    0    0 48640     0 185869 188457 10  3 70 16  2	
 9  0      0 69348768  10092  73124    0    0 49984     0 184030 186052  9  3 70 16  2	
 7  2      0 69348768  10092  73124    0    0 50368     0 181789 183924  9  3 69 17  2	
procs -----------memory---------- ---swap-- -----io---- --system-- -----cpu-----
 r  b   swpd   free   buff  cache   si   so    bi    bo   in   cs us sy id wa st
 3  5      0 69348768  10092  73124    0    0 47920     0 185964 188631 10  3 70 16  2	
 9  1      0 69348768  10100  73116    0    0 49040    12 184171 186768  9  3 70 16  2	
 7  3      0 69348768  10100  73124    0    0 49024     0 184273 185532  9  3 70 17  2	
 8  1      0 69348768  10100  73124    0    0 48976     0 181860 183879  9  3 70 17  2	
 8  1      0 69348768  10100  73124    0    0 49280     0 183052 184978  9  4 69 17  2	
 7  1      0 69348768  10100  73124    0    0 49856     0 181762 184613  8  3 70 17  2	
 6  2      0 69348768  10100  73124    0    0 48944     0 183254 186212  9  3 70 16  2	
 6  2      0 69348768  10108  73124    0    0 50080    12 183358 185984 10  3 69 17  2	
 4  4      0 69348768  10108  73124    0    0 47824     0 185958 188927 10  3 70 16  2	
 7  3      0 69348768  10108  73124    0    0 49808     0 187344 189211 10  3 70 15  2	
 6  2      0 69349024  10108  73124    0    0 49712     0 186532 188729 10  4 69 16  2	
 6  2      0 69349024  10108  73124    0    0 51008     0 184381 186315  9  3 71 16  2	
 7  2      0 69349024  10116  73116    0    0 49712    20 184260 186626 10  3 70 16  2	
10  1      0 69349024  10116  73128    0    0 48224     0 182170 184611 10  3 70 16  2	
 4  5      0 69349024  10116  73128    0    0 50464     0 186778 188429 10  3 70 15  2	
 7  2      0 69349024  10116  73128    0    0 51184     0 183785 185158  8  3 70 16  2	
 9  2      0 69349024  10116  73128    0    0 50032     0 185757 188191 10  3 70 16  2	
 5  4      0 69349024  10116  73128    0    0 48176     0 185451 188751 10  3 70 15  2	
 6  2      0 69349024  10124  73128    0    0 51328    20 183333 185381  9  4 69 16  2	
 4  4      0 69349024  10124  73128    0    0 50448     0 182862 184839 10  3 69 16  2	
 9  0      0 69349024  10124  73128    0    0 49296     0 180732 183849 10  3 69 17  2	
procs -----------memory---------- ---swap-- -----io---- --system-- -----cpu-----
 r  b   swpd   free   buff  cache   si   so    bi    bo   in   cs us sy id wa st
 5  3      0 69349024  10124  73128    0    0 48000     0 181399 183566 10  3 69 16  2	
 8  1      0 69349024  10124  73128    0    0 49760     0 181217 184682  9  3 69 17  2	
 6  2      0 69349024  10132  73120    0    0 49616    32 181612 184513 10  3 69 16  2	
 5  4      0 69349024  10132  73128    0    0 50432     0 180256 183286  9  3 69 17  2	
 8  1      0 69349024  10132  73128    0    0 48592     0 183061 186390  9  3 70 16  2	
 5  4      0 69349024  10132  73128    0    0 49264     0 183398 186753 10  3 70 16  2	
 9  0      0 69349024  10132  73128    0    0 50672     0 181497 183605  9  3 69 17  2	
 8  1      0 69349024  10132  73128    0    0 48976    12 182605 185003 10  2 69 17  2	
 7  2      0 69349024  10140  73128    0    0 48880    24 180508 182460  9  3 69 17  2	
 7  3      0 69349024  10140  73132    0    0 49584     0 184079 187354 10  3 70 16  2	
 9  1      0 69349024  10140  73132    0    0 48912     0 183445 186011  9  3 70 16  2	
 7  1      0 69349024  10140  73132    0    0 49440     0 183809 186730  9  3 70 16  2	
 9  1      0 69349024  10140  73132    0    0 49040     0 183818 187061  9  3 71 16  2	
 7  2      0 69349024  10148  73124    0    0 49648    12 183716 186670  8  3 70 16  2	
 8  1      0 69349024  10148  73132    0    0 47984     0 184407 187116 10  3 69 16  2	
 6  3      0 69349024  10148  73132    0    0 50016     0 182989 185568  8  3 70 16  2	
 7  2      0 69349024  10148  73132    0    0 47680     0 180818 182741  9  3 70 16  2	
 8  1      0 69349024  10148  73132    0    0 49440     0 183846 186447  9  3 70 16  2	
 7  1      0 69349024  10148  73132    0    0 49344     0 184593 187030  9  4 70 15  2	
 6  3      0 69349024  10156  73132    0    0 50464    12 185123 187087 10  3 70 16  2	
 8  1      0 69349024  10156  73132    0    0 49168     0 182713 185429  9  3 70 16  2	
procs -----------memory---------- ---swap-- -----io---- --system-- -----cpu-----
 r  b   swpd   free   buff  cache   si   so    bi    bo   in   cs us sy id wa st
 6  2      0 69349024  10156  73132    0    0 49200     0 186194 188171  9  3 70 16  2	
 7  2      0 69349024  10156  73132    0    0 47360     0 179361 182605  9  3 69 17  2	
 8  1      0 69349024  10156  73132    0    0 47136     8 184343 186680  8  3 71 16  2	
 7  1      0 69349024  10164  73124    0    0 49760    12 182520 185062  9  3 70 16  2	
 7  2      0 69349024  10164  73132    0    0 49456     0 183005 185864  9  4 70 16  2	
 5  3      0 69349024  10164  73132    0    0 49520     0 183296 185817  9  3 70 17  2	
 6  3      0 69349024  10164  73132    0    0 49504     0 181925 184592  9  3 69 17  2	
 5  3      0 69349024  10164  73132    0    0 49248     0 179804 182326  9  3 69 17  2	
 8  1      0 69349024  10164  73132    0    0 48976     0 182780 185186  8  3 70 17  2	
 7  2      0 69349024  10172  73132    0    0 49056    12 182398 184606  9  3 70 16  2	
 9  2      0 69349024  10172  73132    0    0 48960     0 183570 185933  9  3 70 17  2	
 9  0      0 69349024  10172  73132    0    0 47552     0 182545 185759  9  3 70 17  2	
 3  5      0 69349024  10172  73132    0    0 48528    12 182719 185896 10  3 70 17  2	
 9  2      0 69349024  10172  73132    0    0 48336     0 182574 184872  9  3 70 17  2	
 7  3      0 69349024  10180  73128    0    0 49072    28 180583 183785  9  3 69 17  2	
 6  3      0 69349024  10180  73136    0    0 47552     0 182665 185575  9  3 69 17  2	
10  0      0 69349024  10180  73136    0    0 50528     0 183966 185734  9  3 69 17  2	
 4  4      0 69349024  10180  73136    0    0 47072    20 174512 176079  8  2 70 18  2	
 6  2      0 69349024  10180  73136    0    0 47504     0 176111 178368  9  3 69 18  2	
 9  3      0 69349024  10180  73136    0    0 48352     0 180627 183086  9  3 70 17  2	
 8  1      0 69349024  10188  73136    0    0 46592    12 181994 184357  9  3 70 17  2	
procs -----------memory---------- ---swap-- -----io---- --system-- -----cpu-----
 r  b   swpd   free   buff  cache   si   so    bi    bo   in   cs us sy id wa st
 4  4      0 69349024  10188  73136    0    0 48816     0 177429 180053  9  3 69 17  2	
 9  2      0 69349024  10188  73136    0    0 49024     0 180946 183136  8  3 70 17  2	
 8  0      0 69349024  10188  73140    0    0 48240     0 181894 185180 10  3 69 17  2	
 6  2      0 69349024  10188  73140    0    0 48832     0 178616 181516  9  3 69 17  2	
 5  4      0 69349024  10196  73132    0    0 48560    12 177901 180616  8  3 69 18  2	
 5  3      0 69349024  10196  73140    0    0 48928     0 178956 181374  9  3 69 18  2	
 7  1      0 69349024  10196  73140    0    0 49280     0 180035 181792  9  3 70 17  2	
 6  2      0 69349024  10196  73140    0    0 48880     0 182476 185730  9  3 70 16  2	
 6  3      0 69349024  10196  73140    0    0 49280     0 181765 184439  9  3 70 17  2	
 6  2      0 69349024  10196  73140    0    0 50048     0 182061 184567 10  3 69 16  2	
 5  3      0 69349024  10204  73140    0    0 49008    12 183097 185967  9  3 70 16  2	
 9  2      0 69349024  10204  73140    0    0 49648     0 184504 186412  8  4 70 16  2	
 6  2      0 69349024  10204  73140    0    0 49616     0 183990 186170  9  4 70 16  2	
 6  3      0 69349024  10204  73140    0    0 49648     0 181672 184123  9  3 70 16  2	
 6  3      0 69349024  10204  73140    0    0 49584     0 183740 186514  9  3 70 16  2	
 9  1      0 69349024  10212  73132    0    0 47808    12 185120 188284  9  3 71 16  2	
 3  5      0 69349024  10212  73140    0    0 49680     0 180756 183111 10  3 70 16  2	
 7  1      0 69349024  10212  73140    0    0 47824     0 186550 189280  9  3 71 15  2	
 9  0      0 69349024  10212  73140    0    0 48784     0 184873 187340  9  3 70 16  2	
 7  2      0 69349024  10212  73140    0    0 49456     0 186443 188773  9  3 70 16  2	
 8  2      0 69349024  10212  73140    0    0 50112     0 182510 184965  9  3 70 16  2	
procs -----------memory---------- ---swap-- -----io---- --system-- -----cpu-----
 r  b   swpd   free   buff  cache   si   so    bi    bo   in   cs us sy id wa st
10  0      0 69349024  10220  73140    0    0 50384    12 184748 186897  9  3 70 16  2	
 8  3      0 69349024  10220  73140    0    0 48512    16 183905 186875  9  3 70 16  2	
 9  0      0 69349024  10220  73140    0    0 50608     0 183531 184915  8  4 70 17  2	
 6  2      0 69349024  10220  73140    0    0 48480     0 183762 186777  9  3 70 16  2	
 7  4      0 69349024  10220  73140    0    0 48656     0 182673 185149  9  4 69 16  2	
 8  1      0 69349024  10228  73132    0    0 49680    28 179926 181550 10  3 69 16  2	
 4  4      0 69349024  10228  73140    0    0 48496     4 184447 186867  8  4 70 16  2	
 9  1      0 69349024  10228  73140    0    0 48336     0 184092 187020  9  3 70 16  2	
 8  0      0 69349024  10228  73140    0    0 49040     0 183026 186214  9  3 70 16  2	
 6  2      0 69349024  10228  73140    0    0 48080     0 182107 184670  9  3 69 16  2	
11  1      0 69349024  10228  73140    0    0 50240     0 181248 183715  9  3 70 17  2	
 5  3      0 69349024  10236  73140    0    0 48848    32 184263 186113  9  3 70 16  2	
 6  2      0 69349024  10236  73140    0    0 49360     0 183021 185001  9  3 70 17  2	
 6  3      0 69349024  10236  73140    0    0 48128     0 183128 185655  8  3 71 17  2	
 7  1      0 69349024  10236  73140    0    0 48880     0 183467 185820  9  3 70 16  2	
 8  1      0 69349024  10236  73148    0    0 47040     0 182332 184943  9  3 71 15  2	
 8  1      0 69349024  10244  73140    0    0 49360    12 184532 187368  8  3 71 16  2	
 9  1      0 69349024  10244  73140    0    0 49104     0 185569 188390  9  3 71 15  2	
 8  1      0 69349024  10244  73148    0    0 50592     0 184055 186403 10  3 69 16  2	
 9  1      0 69349024  10244  73148    0    0 49456     0 181910 184928  9  3 70 16  2	
 7  2      0 69349024  10244  73148    0    0 49344     0 182700 184899  8  4 70 17  2	
procs -----------memory---------- ---swap-- -----io---- --system-- -----cpu-----
 r  b   swpd   free   buff  cache   si   so    bi    bo   in   cs us sy id wa st
 6  4      0 69349024  10244  73148    0    0 49648     8 186594 188140  9  3 70 16  2	
 8  1      0 69349024  10252  73148    0    0 49168     4 184776 188391  9  3 70 16  2	
 6  2      0 69349024  10252  73148    0    0 49424     0 185815 188569  9  3 71 15  2	
 7  2      0 69349024  10252  73148    0    0 50400     0 184669 186827  9  3 70 16  2	
 8  1      0 69349024  10252  73148    0    0 49552     0 183742 186282 10  3 70 16  2	
 7  3      0 69349024  10252  73148    0    0 50704     0 185706 187514  8  3 71 16  2	
 7  2      0 69349024  10260  73148    0    0 49360    12 186152 188350  9  3 71 15  2	
 8  1      0 69349024  10260  73148    0    0 49328     0 185450 187974  9  3 70 16  2	
10  1      0 69349024  10260  73148    0    0 50688     0 183499 186559 10  3 70 16  2	
 8  1      0 69349024  10260  73148    0    0 50480     0 184929 187459  9  3 71 16  2	
 7  1      0 69349024  10260  73148    0    0 49072     8 185081 187326  9  3 71 16  2	
 5  3      0 69349024  10268  73140    0    0 50400    24 183535 186140  8  3 71 16  2	
 5  3      0 69349024  10268  73148    0    0 49728     0 185720 187302 10  3 70 16  2	
 8  0      0 69349024  10268  73148    0    0 49440     0 183292 185736  9  3 70 16  2	
 7  2      0 69349024  10268  73148    0    0 49792     0 178707 180413  9  3 70 17  2	
 9  1      0 69349024  10268  73148    0    0 50320     8 182563 185316 10  3 69 16  2	
 7  1      0 69349024  10268  73148    0    0 48048     0 183102 185817  9  3 70 16  2	
 6  3      0 69349024  10276  73148    0    0 48048    24 186149 187854  9  3 70 16  2	
10  0      0 69349024  10276  73148    0    0 49504     0 184354 186266  9  3 70 16  2	
 7  2      0 69349024  10276  73148    0    0 50256     0 181391 183848  9  3 69 17  2	
 9  1      0 69349024  10276  73148    0    0 48544     0 181495 184052  8  3 70 17  2	
procs -----------memory---------- ---swap-- -----io---- --system-- -----cpu-----
 r  b   swpd   free   buff  cache   si   so    bi    bo   in   cs us sy id wa st
 7  1      0 69349024  10276  73148    0    0 48304     0 181438 183784  9  3 69 17  2	
 7  2      0 69349024  10284  73140    0    0 49392    12 183168 185016  9  3 70 17  2	
 8  0      0 69349024  10284  73148    0    0 48880     0 181856 184128  9  3 70 16  2	
 7  1      0 69349024  10284  73148    0    0 48336     0 180570 182794  9  3 69 16  2	
 7  3      0 69349024  10284  73148    0    0 48848     0 182805 184984  9  3 69 16  2	
 8  1      0 69349024  10284  73148    0    0 48144    16 183409 186351  9  4 70 16  2	
 6  3      0 69349024  10284  73152    0    0 50224     0 182419 184812  9  3 70 17  2	
 6  2      0 69349024  10292  73152    0    0 49744    12 183514 185874  8  3 70 16  2	
 6  2      0 69349024  10292  73152    0    0 50304     0 184170 186653  9  3 70 16  2	
10  1      0 69349024  10292  73152    0    0 49088     0 184031 186525 10  3 69 16  2	
 6  3      0 69349024  10292  73152    0    0 50384     0 185021 187648  8  3 71 16  2	
 7  2      0 69349024  10292  73152    0    0 49696     0 184145 186536  8  3 71 16  2	
 7  3      0 69349024  10300  73144    0    0 47696    12 186172 188959  9  4 71 15  2	
 7  2      0 69349024  10300  73152    0    0 49952     0 182772 185158  9  2 71 17  2	
 7  1      0 69349024  10300  73152    0    0 50432     0 184515 187299 10  3 70 16  2	
 9  1      0 69349024  10300  73152    0    0 49264     0 183465 185948  9  3 71 16  2	
 7  1      0 69349024  10300  73156    0    0 48608     0 184709 186926 10  3 69 16  2	
 9  1      0 69349024  10300  73156    0    0 48864     0 182706 185468  9  4 70 16  2	
 8  2      0 69349024  10308  73156    0    0 49712    12 186217 188640  9  3 71 16  2	
 4  4      0 69349024  10308  73156    0    0 47200     0 185474 187939  9  4 71 15  2	
 5  3      0 69349024  10308  73156    0    0 49424     8 183945 186637  9  3 70 16  2	
procs -----------memory---------- ---swap-- -----io---- --system-- -----cpu-----
 r  b   swpd   free   buff  cache   si   so    bi    bo   in   cs us sy id wa st
 7  3      0 69349024  10308  73156    0    0 51984     0 182245 185423  9  3 70 17  2	
 7  1      0 69349024  10308  73156    0    0 48848     0 184680 187195  9  4 70 16  2	
 6  3      0 69349024  10316  73148    0    0 48768    24 182472 184380 10  3 70 15  2	
10  0      0 69349024  10316  73156    0    0 50160     0 184768 187465  9  3 71 16  2	
 8  1      0 69349024  10316  73156    0    0 51216     8 183322 186207  9  3 70 16  2	
 5  4      0 69349024  10316  73156    0    0 49392     0 186251 188664 10  4 69 16  2	
 8  0      0 69349024  10316  73156    0    0 49088     0 185404 188354  9  3 70 16  2	
 5  3      0 69349024  10316  73156    0    0 48592     0 185677 187652  9  3 71 16  2	
 8  1      0 69349024  10324  73156    0    0 50016    24 184253 187099  9  3 70 16  2	
 9  0      0 69349024  10324  73156    0    0 49872     0 185158 187562  9  3 70 16  2	
 7  2      0 69349024  10324  73156    0    0 51424     0 183778 185559  8  3 71 17  2	
 6  2      0 69349024  10324  73156    0    0 49712     0 185808 187778  9  3 71 16  2	
 6  2      0 69349024  10324  73156    0    0 50016     0 184526 186481 10  3 70 16  2	
 8  1      0 69349024  10332  73148    0    0 48656    12 181936 184186  9  3 70 17  2	
 4  4      0 69349024  10332  73156    0    0 49344     0 184383 187013  9  3 70 16  2	
 7  1      0 69349024  10332  73156    0    0 49616     0 183438 185218  9  4 69 17  2	
 8  2      0 69349024  10332  73156    0    0 49760     0 183900 186339  8  3 70 16  2	
 7  1      0 69349024  10332  73156    0    0 47712     0 183801 186220  8  3 70 17  2	
 8  1      0 69349024  10332  73156    0    0 49472     0 185086 187062  9  3 70 16  2	
 6  4      0 69349024  10340  73160    0    0 48816    28 183867 185635  9  3 70 17  2	
 5  3      0 69349024  10340  73160    0    0 48592     0 187363 189128  9  3 70 16  2	
procs -----------memory---------- ---swap-- -----io---- --system-- -----cpu-----
 r  b   swpd   free   buff  cache   si   so    bi    bo   in   cs us sy id wa st
 9  0      0 69349024  10340  73160    0    0 49872     0 184818 187333  8  3 71 16  2	
 7  2      0 69349024  10340  73160    0    0 48368     0 178390 180397  9  3 70 17  2	
 8  1      0 69349024  10340  73160    0    0 50912     0 184007 186223  8  3 71 17  2	
 8  2      0 69349024  10348  73152    0    0 51232    16 184965 187751  9  3 70 16  2	
 9  1      0 69349024  10348  73160    0    0 51296     0 183925 186207  9  3 70 16  2	
 8  2      0 69349024  10348  73160    0    0 51264     0 183246 185504 10  3 69 16  2	
 5  4      0 69349024  10348  73160    0    0 51664     0 182784 185662  8  3 70 17  2	
 8  1      0 69349024  10348  73160    0    0 49040     0 183199 186003  9  4 70 16  2	
 8  1      0 69349024  10348  73160    0    0 50256     0 184381 187141  9  4 70 16  2	
 6  2      0 69349024  10356  73160    0    0 49648    12 184304 187186  9  3 70 16  2	
 8  0      0 69349024  10356  73160    0    0 49856     0 184123 187015  9  3 70 16  2	
 9  0      0 69349024  10356  73160    0    0 49184     0 180490 182079  9  3 70 16  2	
 8  1      0 69349024  10356  73160    0    0 50000     0 184426 186932  9  3 70 16  2	
 7  1      0 69349024  10356  73160    0    0 49984     0 183850 186277  9  3 70 16  2	
 8  2      0 69349024  10364  73152    0    0 49936    36 184640 187189  9  3 70 16  2	
 4  4      0 69349024  10364  73160    0    0 48528     0 186230 188924 10  3 70 15  2	
 6  3      0 69349024  10364  73160    0    0 50016     0 185764 188104  8  3 71 16  2	
 6  3      0 69349024  10364  73164    0    0 48640     0 185797 188563  9  3 70 16  2	
