procs -----------memory---------- ---swap-- -----io---- --system-- -----cpu-----
 r  b   swpd   free   buff  cache   si   so    bi    bo   in   cs us sy id wa st
 1  0      0 42610248  18940 117104    0    0   331  3051   43  116 16  3 76  5  0	
65  0      0 42501004  18940 117128    0    0     0     0 133462 253234 53 13 33  0  1	
65  0      0 42498772  18940 117128    0    0     0     0 9557 255997 80 20  0  0  0	
68  0      0 42497160  18940 117128    0    0     0     0 5816 256807 80 20  0  0  0	
66  0      0 42497036  18940 117128    0    0     0     0 4081 256722 81 19  0  0  0	
64  0      0 42497036  18948 117128    0    0     0    60 4090 250150 81 19  0  0  0	
66  0      0 42497036  18948 117128    0    0     0     0 4087 256662 79 21  0  0  0	
65  0      0 42497036  18948 117128    0    0     0     0 4081 256704 82 18  0  0  0	
67  0      0 42497036  18948 117128    0    0     0     0 4101 256676 80 20  0  0  0	
67  0      0 42497036  18948 117128    0    0     0     0 4085 256684 81 19  0  0  0	
67  0      0 42497036  18956 117120    0    0     0    12 4087 256969 81 20  0  0  0	
68  0      0 42497036  18956 117128    0    0     0     0 4082 256602 80 20  0  0  0	
68  0      0 42497036  18956 117128    0    0     0     0 4081 257127 80 20  0  0  0	
67  0      0 42497036  18956 117128    0    0     0     0 4100 256230 79 21  0  0  0	
68  0      0 42497036  18956 117128    0    0     0     0 4083 256752 79 21  0  0  0	
68  0      0 42497036  18956 117128    0    0     0     0 4088 254261 81 19  0  0  0	
71  0      0 42497036  18964 117128    0    0     0    12 4087 257081 81 19  0  0  0	
68  0      0 42497036  18964 117128    0    0     0     0 4086 256424 82 18  0  0  0	
67  0      0 42497036  18964 117128    0    0     0     0 4095 256716 81 19  0  0  0	
69  0      0 42497036  18964 117128    0    0     0     0 4079 256218 81 19  0  0  0	
68  0      0 42497036  18964 117128    0    0     0     0 4084 256936 81 19  0  0  0	
procs -----------memory---------- ---swap-- -----io---- --system-- -----cpu-----
 r  b   swpd   free   buff  cache   si   so    bi    bo   in   cs us sy id wa st
66  0      0 42497036  18972 117120    0    0     0    16 4090 257096 80 20  0  0  0	
68  0      0 42496912  18972 117128    0    0     0     0 4086 257040 80 20  0  0  0	
66  0      0 42496912  18972 117128    0    0     0     0 4096 253530 81 19  0  0  0	
71  0      0 42496912  18972 117128    0    0     0     0 4082 256888 80 20  0  0  0	
65  0      0 42496912  18972 117128    0    0     0     0 4082 254577 79 21  0  0  0	
65  0      0 42496912  18972 117128    0    0     0     0 4081 257202 80 20  0  0  0	
67  0      0 42496912  18980 117128    0    0     0    12 4081 257162 81 19  0  0  0	
64  0      0 42496912  18980 117128    0    0     0     0 4094 256783 80 20  0  0  0	
65  0      0 42496912  18980 117128    0    0     0     0 4086 256965 81 19  0  0  0	
66  0      0 42496912  18980 117128    0    0     0     0 4081 256922 80 20  0  0  0	
64  0      0 42496912  18980 117128    0    0     0    16 4084 256983 81 19  0  0  0	
64  0      0 42496912  18988 117120    0    0     0    24 4086 256834 81 19  0  0  0	
67  0      0 42496912  18988 117132    0    0     0     0 4112 256845 81 19  0  0  0	
69  0      0 42496912  18988 117132    0    0     0     0 4086 257146 79 21  0  0  0	
69  0      0 42496912  18988 117132    0    0     0     0 4073 250414 80 20  0  0  0	
68  0      0 42496912  18988 117132    0    0     0    48 4109 257377 81 19  0  0  0	
68  0      0 42496912  18988 117132    0    0     0     0 4095 255945 81 19  0  0  0	
66  0      0 42496912  18996 117132    0    0     0    20 4112 256740 81 19  0  0  0	
65  0      0 42496912  18996 117132    0    0     0     0 4083 256991 81 20  0  0  0	
66  0      0 42496912  18996 117132    0    0     0     0 4100 256838 81 19  0  0  0	
67  0      0 42496912  18996 117132    0    0     0     0 4083 256829 81 19  0  0  0	
procs -----------memory---------- ---swap-- -----io---- --system-- -----cpu-----
 r  b   swpd   free   buff  cache   si   so    bi    bo   in   cs us sy id wa st
67  0      0 42496912  18996 117132    0    0     0     0 4116 256784 81 19  0  0  0	
65  0      0 42496912  19004 117128    0    0     0    20 4080 256251 80 20  0  0  0	
67  0      0 42496912  19004 117136    0    0     0     0 4084 256824 79 21  0  0  0	
67  0      0 42496912  19004 117136    0    0     0     0 4098 252001 81 19  0  0  0	
70  0      0 42496912  19004 117136    0    0     0     0 4085 256731 81 19  0  0  0	
69  0      0 42496912  19004 117136    0    0     0     0 4112 256456 81 19  0  0  0	
66  0      0 42496912  19004 117136    0    0     0     0 4082 256941 82 18  0  0  0	
67  0      0 42496912  19012 117140    0    0     0    20 4102 256856 80 20  0  0  0	
69  0      0 42496912  19012 117140    0    0     0     0 4080 256951 81 19  0  0  0	
67  0      0 42496912  19012 117140    0    0     0     0 4094 255976 80 20  0  0  0	
66  0      0 42496912  19012 117140    0    0     0     4 4096 256925 81 19  0  0  0	
67  0      0 42496912  19012 117140    0    0     0     0 4101 250510 81 19  0  0  0	
68  0      0 42496912  19020 117136    0    0     0    20 4087 256727 81 19  0  0  0	
69  0      0 42496912  19020 117144    0    0     0     0 4092 254774 80 20  0  0  0	
67  0      0 42496912  19020 117144    0    0     0     0 4083 257030 81 19  0  0  0	
67  0      0 42496912  19020 117144    0    0     0     0 4098 256955 78 22  0  0  0	
65  0      0 42496912  19020 117144    0    0     0     0 4079 256942 79 21  0  0  0	
68  0      0 42496912  19020 117144    0    0     0     0 4080 253832 80 20  0  0  0	
64  0      0 42496912  19028 117144    0    0     0    20 4085 257101 81 19  0  0  0	
66  0      0 42496912  19028 117144    0    0     0     0 4085 256743 82 18  0  0  0	
67  0      0 42496912  19028 117144    0    0     0    16 4095 256956 80 20  0  0  0	
procs -----------memory---------- ---swap-- -----io---- --system-- -----cpu-----
 r  b   swpd   free   buff  cache   si   so    bi    bo   in   cs us sy id wa st
69  0      0 42496912  19028 117144    0    0     0     0 4086 256910 82 18  0  0  0	
67  0      0 42496912  19028 117144    0    0     0     0 4083 257019 81 19  0  0  0	
66  0      0 42496912  19036 117136    0    0     0    20 4084 252793 81 19  0  0  0	
67  0      0 42496912  19036 117148    0    0     0     0 4084 257093 79 21  0  0  0	
64  0      0 42496912  19036 117148    0    0     0    16 4091 257112 81 19  0  0  0	
64  0      0 42496912  19036 117148    0    0     0     0 4079 257057 82 19  0  0  0	
68  0      0 42496912  19036 117148    0    0     0     0 4085 257032 80 20  0  0  0	
66  0      0 42496912  19036 117148    0    0     0     0 4083 257055 81 19  0  0  0	
69  0      0 42496788  19044 117148    0    0     0    40 4090 256851 80 20  0  0  0	
66  0      0 42496788  19044 117148    0    0     0    32 4106 256870 80 20  0  0  0	
69  0      0 42496788  19044 117148    0    0     0     0 4085 256537 82 18  0  0  0	
66  0      0 42496788  19044 117148    0    0     0     0 4086 256614 80 20  0  0  0	
64  0      0 42496788  19044 117148    0    0     0     0 4078 250566 81 19  0  0  0	
67  0      0 42496788  19052 117140    0    0     0    12 4086 256721 81 19  0  0  0	
67  0      0 42496788  19052 117148    0    0     0     0 4098 256942 80 20  0  0  0	
66  0      0 42496788  19052 117148    0    0     0     0 4082 256595 80 20  0  0  0	
65  0      0 42496788  19052 117148    0    0     0     0 4088 256650 79 21  0  0  0	
71  0      0 42496788  19052 117148    0    0     0     0 4079 256877 79 21  0  0  0	
66  0      0 42496788  19052 117148    0    0     0     0 4086 256306 80 20  0  0  0	
67  0      0 42496788  19060 117148    0    0     0    12 4103 255995 81 19  0  0  0	
69  0      0 42496788  19060 117148    0    0     0     0 4082 255153 80 20  0  0  0	
procs -----------memory---------- ---swap-- -----io---- --system-- -----cpu-----
 r  b   swpd   free   buff  cache   si   so    bi    bo   in   cs us sy id wa st
66  0      0 42496788  19060 117148    0    0     0     0 4076 256353 81 19  0  0  0	
68  0      0 42496788  19060 117148    0    0     0     0 4085 250847 81 19  0  0  0	
67  0      0 42496788  19060 117152    0    0     0     0 4087 256897 80 20  0  0  0	
67  0      0 42496788  19068 117144    0    0     0    12 4103 255880 81 19  0  0  0	
68  0      0 42496788  19068 117152    0    0     0     0 4085 256242 81 20  0  0  0	
67  0      0 42496788  19068 117152    0    0     0     0 4085 256268 81 19  0  0  0	
66  0      0 42496788  19068 117152    0    0     0     0 4085 256860 81 19  0  0  0	
66  0      0 42496788  19068 117152    0    0     0     0 4084 256134 81 19  0  0  0	
69  0      0 42496788  19068 117152    0    0     0     0 4089 255921 81 19  0  0  0	
68  0      0 42496788  19076 117152    0    0     0    20 4092 256456 81 19  0  0  0	
70  0      0 42496788  19076 117152    0    0     0     0 4081 255969 81 19  0  0  0	
67  0      0 42496788  19076 117152    0    0     0     0 4083 253033 80 21  0  0  0	
67  0      0 42496788  19076 117152    0    0     0     0 4086 256871 82 18  0  0  0	
67  0      0 42496788  19076 117152    0    0     0     0 4099 256534 81 19  0  0  0	
68  0      0 42496788  19084 117152    0    0     0    28 4090 256894 81 19  0  0  0	
67  0      0 42496788  19084 117152    0    0     0     0 4087 256385 81 19  0  0  0	
67  0      0 42496788  19084 117156    0    0     0     0 4075 257299 81 19  0  0  0	
68  0      0 42496788  19084 117156    0    0     0     0 4085 253821 80 20  0  0  0	
69  0      0 42496788  19084 117156    0    0     0     0 4101 256626 80 20  0  0  0	
66  0      0 42496788  19092 117148    0    0     0    12 4087 256807 80 20  0  0  0	
69  0      0 42496788  19092 117156    0    0     0     0 4086 256994 80 20  0  0  0	
procs -----------memory---------- ---swap-- -----io---- --system-- -----cpu-----
 r  b   swpd   free   buff  cache   si   so    bi    bo   in   cs us sy id wa st
68  0      0 42496788  19092 117156    0    0     0     0 4085 254145 80 20  0  0  0	
67  0      0 42496664  19092 117156    0    0     0     0 4087 256970 81 19  0  0  0	
69  0      0 42496664  19092 117156    0    0     0     0 4100 256798 81 19  0  0  0	
67  0      0 42496664  19092 117156    0    0     0     8 4079 256866 80 20  0  0  0	
66  0      0 42496664  19100 117156    0    0     0    12 4094 257183 81 19  0  0  0	
65  0      0 42496664  19100 117156    0    0     0     0 4082 257095 80 20  0  0  0	
70  0      0 42496664  19100 117156    0    0     0     0 4086 256975 81 19  0  0  0	
68  0      0 42496664  19100 117156    0    0     0     0 4099 256796 81 19  0  0  0	
65  0      0 42496664  19100 117156    0    0     0     0 4081 253729 80 20  0  0  0	
67  0      0 42496664  19108 117148    0    0     0    12 4087 257080 80 20  0  0  0	
66  0      0 42496664  19108 117156    0    0     0     0 4082 249041 79 21  0  0  0	
66  0      0 42496664  19108 117156    0    0     0     0 4078 256627 81 19  0  0  0	
67  0      0 42496664  19108 117156    0    0     0     0 4098 257093 80 20  0  0  0	
70  0      0 42496664  19108 117156    0    0     0     0 4083 256937 82 18  0  0  0	
69  0      0 42496664  19108 117156    0    0     0     0 4088 257010 81 19  0  0  0	
66  0      0 42496664  19116 117156    0    0     0    12 4087 257188 80 20  0  0  0	
65  0      0 42496664  19116 117156    0    0     0     0 4084 256964 80 20  0  0  0	
68  0      0 42496664  19116 117156    0    0     0     0 4099 256807 80 20  0  0  0	
66  0      0 42496664  19116 117156    0    0     0     0 4086 256471 80 20  0  0  0	
67  0      0 42496664  19116 117156    0    0     0     0 4074 256945 80 20  0  0  0	
66  0      0 42496664  19124 117148    0    0     0    12 4088 252400 80 20  0  0  0	
procs -----------memory---------- ---swap-- -----io---- --system-- -----cpu-----
 r  b   swpd   free   buff  cache   si   so    bi    bo   in   cs us sy id wa st
66  0      0 42496664  19124 117156    0    0     0     0 4095 256905 80 20  0  0  0	
66  0      0 42496664  19124 117156    0    0     0     0 4091 255285 80 20  0  0  0	
66  0      0 42496664  19124 117156    0    0     0    12 4081 257017 80 20  0  0  0	
65  0      0 42496664  19124 117156    0    0     0     0 4085 257209 79 21  0  0  0	
67  0      0 42496664  19124 117160    0    0     0     0 4085 257263 81 19  0  0  0	
70  0      0 42496664  19132 117160    0    0     0    20 4100 257039 81 19  0  0  0	
67  0      0 42496664  19132 117164    0    0     0     0 4078 257079 80 20  0  0  0	
68  0      0 42496664  19132 117164    0    0     0     0 4078 256503 81 19  0  0  0	
66  0      0 42496664  19132 117164    0    0     0     0 4087 256690 81 19  0  0  0	
65  0      0 42496664  19132 117164    0    0     0     0 4085 249943 81 19  0  0  0	
68  0      0 42496664  19140 117156    0    0     0    16 4105 256757 80 20  0  0  0	
69  0      0 42496664  19140 117164    0    0     0     0 4086 256777 80 20  0  0  0	
65  0      0 42496664  19140 117164    0    0     0     0 4086 257041 82 18  0  0  0	
68  0      0 42496664  19140 117164    0    0     0    12 4092 257179 80 20  0  0  0	
69  0      0 42496664  19140 117164    0    0     0     0 4075 256990 80 20  0  0  0	
69  0      0 42496664  19140 117164    0    0     0     0 4099 256955 80 20  0  0  0	
64  0      0 42496664  19148 117164    0    0     0    12 4091 256540 79 21  0  0  0	
64  0      0 42496664  19148 117164    0    0     0     0 4085 255562 81 19  0  0  0	
67  0      0 42496664  19148 117164    0    0     0     0 4083 256738 81 19  0  0  0	
69  0      0 42496664  19148 117164    0    0     0     0 4081 254580 80 20  0  0  0	
66  0      0 42496664  19148 117164    0    0     0     0 4100 256845 80 20  0  0  0	
procs -----------memory---------- ---swap-- -----io---- --system-- -----cpu-----
 r  b   swpd   free   buff  cache   si   so    bi    bo   in   cs us sy id wa st
66  0      0 42496664  19156 117156    0    0     0    12 4083 256909 81 19  0  0  0	
67  0      0 42496664  19156 117164    0    0     0     0 4079 256786 81 19  0  0  0	
65  0      0 42496664  19156 117164    0    0     0     0 4078 257043 80 20  0  0  0	
70  0      0 42496664  19156 117164    0    0     0     0 4084 256948 80 20  0  0  0	
64  0      0 42496664  19156 117164    0    0     0     0 4101 256687 80 20  0  0  0	
65  0      0 42496664  19156 117164    0    0     0     0 4083 256818 80 20  0  0  0	
65  0      0 42496664  19164 117164    0    0     0    12 4090 256746 80 20  0  0  0	
66  0      0 42496664  19164 117164    0    0     0     0 4086 257225 81 19  0  0  0	
68  0      0 42496664  19164 117164    0    0     0     0 4083 251449 80 20  0  0  0	
67  0      0 42496664  19164 117164    0    0     0     0 4095 257224 80 20  0  0  0	
68  0      0 42496664  19164 117164    0    0     0     0 4079 257235 81 19  0  0  0	
68  0      0 42496664  19172 117156    0    0     0    12 4085 256901 81 19  0  0  0	
68  0      0 42496664  19172 117164    0    0     0    16 4088 256848 81 19  0  0  0	
68  0      0 42496664  19172 117164    0    0     0     0 4085 256620 81 19  0  0  0	
72  0      0 42496664  19172 117164    0    0     0     0 4101 256618 80 20  0  0  0	
65  0      0 42496664  19172 117164    0    0     0     0 4083 256964 80 20  0  0  0	
66  0      0 42496664  19172 117164    0    0     0     0 4083 256510 81 19  0  0  0	
65  0      0 42496664  19180 117164    0    0     0    20 4088 257078 81 20  0  0  0	
66  0      0 42496664  19180 117168    0    0     0     0 4077 250134 81 20  0  0  0	
69  0      0 42496664  19180 117168    0    0     0     0 4102 256878 81 19  0  0  0	
65  0      0 42496664  19180 117168    0    0     0     0 4084 257241 80 20  0  0  0	
procs -----------memory---------- ---swap-- -----io---- --system-- -----cpu-----
 r  b   swpd   free   buff  cache   si   so    bi    bo   in   cs us sy id wa st
66  0      0 42496664  19180 117168    0    0     0     0 4083 257244 81 19  0  0  0	
67  0      0 42496664  19188 117160    0    0     0    16 4088 257342 81 19  0  0  0	
67  0      0 42496664  19188 117168    0    0     0     0 4089 257059 81 19  0  0  0	
66  0      0 42496664  19188 117168    0    0     0     0 4099 256900 80 20  0  0  0	
67  0      0 42496664  19188 117168    0    0     0     0 4079 256991 80 20  0  0  0	
65  0      0 42496664  19188 117168    0    0     0     0 4080 255624 80 20  0  0  0	
68  0      0 42496664  19188 117172    0    0     0     8 4088 256735 80 20  0  0  0	
67  0      0 42496664  19196 117172    0    0     0    12 4088 255623 82 19  0  0  0	
70  0      0 42496664  19196 117172    0    0     0     0 4100 256892 80 20  0  0  0	
67  0      0 42496664  19196 117172    0    0     0     0 4081 256932 81 19  0  0  0	
67  0      0 42496664  19196 117172    0    0     0     0 4083 257070 80 20  0  0  0	
66  0      0 42496664  19196 117172    0    0     0     0 4084 256307 81 19  0  0  0	
66  0      0 42496664  19204 117164    0    0     0    12 4080 257457 80 20  0  0  0	
70  0      0 42496664  19204 117172    0    0     0     0 4093 255980 81 19  0  0  0	
67  0      0 42496664  19204 117172    0    0     0     0 4082 256845 81 20  0  0  0	
66  0      0 42496664  19204 117172    0    0     0     0 4085 256916 82 18  0  0  0	
67  0      0 42496664  19204 117172    0    0     0     0 4082 256948 81 19  0  0  0	
69  0      0 42496664  19204 117172    0    0     0     0 4084 248107 80 20  0  0  0	
65  0      0 42496664  19212 117172    0    0     0    12 4108 255298 81 19  0  0  0	
67  0      0 42496664  19212 117172    0    0     0     0 4086 255887 82 18  0  0  0	
66  0      0 42496664  19212 117172    0    0     0     0 4077 256829 80 20  0  0  0	
procs -----------memory---------- ---swap-- -----io---- --system-- -----cpu-----
 r  b   swpd   free   buff  cache   si   so    bi    bo   in   cs us sy id wa st
70  0      0 42496664  19212 117172    0    0     0     0 4080 252086 79 21  0  0  0	
66  0      0 42496664  19220 117164    0    0     0    16 4081 256843 81 19  0  0  0	
65  0      0 42496664  19228 117164    0    0     0    32 4104 256033 81 19  0  0  0	
68  0      0 42496664  19228 117172    0    0     0     0 4084 257318 80 20  0  0  0	
66  0      0 42496664  19228 117172    0    0     0     0 4081 256919 81 20  0  0  0	
68  0      0 42496664  19228 117172    0    0     0     0 4085 256987 80 20  0  0  0	
68  0      0 42496664  19228 117172    0    0     0     0 4084 254482 81 19  0  0  0	
67  0      0 42496664  19228 117172    0    0     0     0 4103 257187 81 19  0  0  0	
65  0      0 42496664  19236 117172    0    0     0    12 4083 256642 81 19  0  0  0	
73  0      0 42496664  19236 117176    0    0     0     0 4084 256930 80 20  0  0  0	
66  0      0 42496664  19236 117176    0    0     0     0 4085 256970 80 20  0  0  0	
67  0      0 42496664  19236 117176    0    0     0     0 4082 257256 81 19  0  0  0	
66  0      0 42496664  19236 117176    0    0     0     0 4099 256912 81 19  0  0  0	
67  0      0 42496664  19244 117168    0    0     0    12 4088 256695 79 21  0  0  0	
67  0      0 42496664  19244 117176    0    0     0     0 4090 256430 80 20  0  0  0	
68  0      0 42496664  19244 117176    0    0     0     0 4080 256898 81 19  0  0  0	
67  0      0 42496664  19244 117176    0    0     0    20 4081 252280 80 20  0  0  0	
67  0      0 42496664  19244 117176    0    0     0     0 4100 257029 80 20  0  0  0	
67  0      0 42496664  19244 117176    0    0     0     0 4084 257050 80 20  0  0  0	
67  0      0 42496664  19252 117176    0    0     0    12 4086 256942 80 20  0  0  0	
67  0      0 42496664  19252 117176    0    0     0     0 4087 257155 79 21  0  0  0	
procs -----------memory---------- ---swap-- -----io---- --system-- -----cpu-----
 r  b   swpd   free   buff  cache   si   so    bi    bo   in   cs us sy id wa st
64  0      0 42496664  19252 117176    0    0     0     0 4081 256849 80 20  0  0  0	
67  0      0 42496664  19252 117176    0    0     0     0 4100 256272 81 19  0  0  0	
68  0      0 42496664  19252 117176    0    0     0     0 4079 256778 81 19  0  0  0	
68  0      0 42496664  19260 117168    0    0     0    12 4080 256255 80 20  0  0  0	
65  0      0 42496664  19260 117176    0    0     0     0 4084 256978 81 19  0  0  0	
69  0      0 42496664  19260 117176    0    0     0     0 4082 250325 80 20  0  0  0	
67  0      0 42496664  19260 117176    0    0     0     0 4102 256976 81 19  0  0  0	
66  0      0 42496664  19260 117176    0    0     0     0 4078 256817 80 21  0  0  0	
66  0      0 42496664  19260 117180    0    0     0     0 4086 257259 80 20  0  0  0	
69  0      0 42496664  19268 117180    0    0     0    12 4094 257060 81 19  0  0  0	
66  0      0 42496664  19268 117180    0    0     0     8 4084 256927 81 19  0  0  0	
70  0      0 42496664  19268 117180    0    0     0     0 4105 257268 80 20  0  0  0	
69  0      0 42496664  19268 117180    0    0     0     0 4080 257075 80 20  0  0  0	
67  0      0 42496664  19268 117180    0    0     0     0 4081 256131 80 21  0  0  0	
65  0      0 42496664  19276 117172    0    0     0    24 4102 257009 81 20  0  0  0	
69  0      0 42496664  19276 117180    0    0     0     0 4101 254752 80 20  0  0  0	
69  0      0 42496664  19276 117180    0    0     0     8 4087 257016 80 20  0  0  0	
71  0      0 42496664  19276 117180    0    0     0     0 4087 257182 79 21  0  0  0	
69  0      0 42496664  19276 117180    0    0     0     0 4081 257034 80 20  0  0  0	
69  0      0 42496664  19276 117180    0    0     0     0 4083 257127 81 19  0  0  0	
69  0      0 42496664  19284 117180    0    0     0    24 4095 256756 81 19  0  0  0	
procs -----------memory---------- ---swap-- -----io---- --system-- -----cpu-----
 r  b   swpd   free   buff  cache   si   so    bi    bo   in   cs us sy id wa st
68  0      0 42496664  19284 117184    0    0     0     0 4087 256554 80 20  0  0  0	
68  0      0 42496664  19284 117184    0    0     0     0 4081 256880 79 21  0  0  0	
67  0      0 42496664  19284 117184    0    0     0     0 4078 256188 81 19  0  0  0	
66  0      0 42496664  19284 117184    0    0     0     0 4082 257035 78 22  0  0  0	
71  0      0 42496664  19292 117176    0    0     0    12 4097 253728 81 19  0  0  0	
65  0      0 42496664  19292 117184    0    0     0     0 4086 256865 81 19  0  0  0	
68  0      0 42496664  19292 117184    0    0     0     0 4078 256747 81 19  0  0  0	
69  0      0 42496664  19292 117184    0    0     0     0 4079 256813 79 21  0  0  0	
66  0      0 42496664  19292 117184    0    0     0     0 4081 255892 81 19  0  0  0	
66  0      0 42496664  19292 117184    0    0     0     0 4100 257366 80 20  0  0  0	
69  0      0 42496540  19300 117184    0    0     0    28 4089 256246 81 19  0  0  0	
70  0      0 42496540  19300 117184    0    0     0     0 4085 256693 81 19  0  0  0	
67  0      0 42496540  19300 117184    0    0     0     0 4078 256716 81 19  0  0  0	
67  0      0 42496540  19300 117184    0    0     0     0 4080 256959 80 20  0  0  0	
69  0      0 42496540  19300 117184    0    0     0     0 4090 247606 81 19  0  0  0	
68  0      0 42496540  19308 117176    0    0     0    12 4081 252771 79 21  0  0  0	
71  0      0 42496540  19308 117184    0    0     0     0 4085 256559 81 19  0  0  0	
68  0      0 42496540  19308 117184    0    0     0     0 4080 257047 80 20  0  0  0	
70  0      0 42496540  19308 117184    0    0     0     0 4086 257170 79 21  0  0  0	
69  0      0 42496540  19308 117184    0    0     0     0 4093 256915 80 20  0  0  0	
66  0      0 42496540  19308 117184    0    0     0     4 4084 257088 80 20  0  0  0	
procs -----------memory---------- ---swap-- -----io---- --system-- -----cpu-----
 r  b   swpd   free   buff  cache   si   so    bi    bo   in   cs us sy id wa st
67  0      0 42496540  19316 117184    0    0     0    12 4088 256937 80 20  0  0  0	
68  0      0 42496540  19316 117184    0    0     0     0 4081 256634 81 19  0  0  0	
67  0      0 42496540  19316 117184    0    0     0     0 4081 256544 81 19  0  0  0	
69  0      0 42496540  19316 117184    0    0     0     0 4095 254482 81 19  0  0  0	
68  0      0 42496540  19316 117184    0    0     0     8 4084 257022 81 19  0  0  0	
67  0      0 42496540  19324 117176    0    0     0    28 4085 256492 80 20  0  0  0	
68  0      0 42496540  19324 117184    0    0     0     0 4085 257193 80 20  0  0  0	
68  0      0 42496540  19324 117184    0    0     0     0 4081 255640 80 20  0  0  0	
71  0      0 42496540  19324 117184    0    0     0     0 4098 256885 81 19  0  0  0	
69  0      0 42496540  19324 117184    0    0     0     0 4080 256591 81 19  0  0  0	
65  0      0 42496540  19324 117188    0    0     0     0 4078 257199 80 20  0  0  0	
66  0      0 42496540  19332 117192    0    0     0    12 4089 256991 79 21  0  0  0	
69  0      0 42496540  19332 117192    0    0     0     0 4085 257119 81 19  0  0  0	
69  0      0 42496044  19332 117192    0    0     0     0 4253 250876 81 19  0  0  0	
70  0      0 42496044  19332 117192    0    0     0     0 4086 257079 81 19  0  0  0	
69  0      0 42496044  19332 117192    0    0     0     0 4081 256998 80 20  0  0  0	
68  0      0 42496044  19340 117184    0    0     0    20 4084 257048 81 19  0  0  0	
69  0      0 42496044  19340 117192    0    0     0     0 4083 257238 80 20  0  0  0	
67  0      0 42496044  19340 117192    0    0     0     0 4096 257239 81 19  0  0  0	
66  0      0 42496044  19340 117192    0    0     0     0 4080 256548 81 19  0  0  0	
72  0      0 42496044  19340 117192    0    0     0     0 4079 257147 80 20  0  0  0	
procs -----------memory---------- ---swap-- -----io---- --system-- -----cpu-----
 r  b   swpd   free   buff  cache   si   so    bi    bo   in   cs us sy id wa st
69  0      0 42496044  19340 117192    0    0     0     0 4077 253245 80 20  0  0  0	
71  0      0 42496044  19348 117192    0    0     0    12 4107 256921 79 21  0  0  0	
68  0      0 42496044  19348 117192    0    0     0     0 4079 252788 82 18  0  0  0	
69  0      0 42496044  19348 117192    0    0     0     0 4084 256869 80 20  0  0  0	
67  0      0 42496044  19348 117192    0    0     0    24 4082 256875 81 19  0  0  0	
68  0      0 42496044  19348 117192    0    0     0     0 4078 256845 81 19  0  0  0	
71  0      0 42496044  19356 117184    0    0     0    12 4097 256916 80 20  0  0  0	
68  0      0 42495920  19356 117192    0    0     0     0 4085 257056 81 19  0  0  0	
69  0      0 42495920  19356 117192    0    0     0     0 4081 257036 80 20  0  0  0	
68  0      0 42495920  19356 117192    0    0     0     8 4081 256996 81 19  0  0  0	
68  0      0 42495920  19356 117192    0    0     0     0 4087 256556 81 19  0  0  0	
70  0      0 42495920  19356 117192    0    0     0     0 4097 256703 81 19  0  0  0	
70  0      0 42495920  19364 117192    0    0     0    24 4086 252251 81 19  0  0  0	
66  0      0 42495920  19364 117192    0    0     0     0 4082 257200 80 20  0  0  0	
68  0      0 42495920  19364 117192    0    0     0    12 4081 256597 80 20  0  0  0	
69  0      0 42495920  19364 117192    0    0     0     0 4080 257144 81 19  0  0  0	
65  0      0 42495920  19364 117192    0    0     0     0 4098 257169 78 22  0  0  0	
66  0      0 42495920  19372 117184    0    0     0    24 4086 257040 80 20  0  0  0	
67  0      0 42495920  19372 117192    0    0     0     0 4085 256787 83 17  0  0  0	
68  0      0 42495920  19372 117192    0    0     0     0 4084 256895 82 18  0  0  0	
69  0      0 42495920  19372 117192    0    0     0     0 4079 256114 81 19  0  0  0	
procs -----------memory---------- ---swap-- -----io---- --system-- -----cpu-----
 r  b   swpd   free   buff  cache   si   so    bi    bo   in   cs us sy id wa st
66  0      0 42495920  19372 117192    0    0     0     0 4096 257023 79 21  0  0  0	
69  0      0 42495920  19372 117192    0    0     0     0 4076 251067 80 20  0  0  0	
69  0      0 42495920  19380 117196    0    0     0    12 4092 256956 81 19  0  0  0	
67  0      0 42495920  19380 117196    0    0     0     8 4081 256922 82 18  0  0  0	
68  0      0 42495920  19380 117196    0    0     0     0 4080 256815 81 19  0  0  0	
69  0      0 42495920  19380 117196    0    0     0     0 4099 257032 80 20  0  0  0	
68  0      0 42495920  19380 117196    0    0     0     0 4082 257073 80 20  0  0  0	
69  0      0 42495920  19388 117188    0    0     0    12 4081 256641 81 19  0  0  0	
68  0      0 42495920  19388 117196    0    0     0     0 4086 256778 81 19  0  0  0	
67  0      0 42495920  19388 117196    0    0     0     0 4080 256264 81 19  0  0  0	
67  0      0 42495920  19388 117196    0    0     0     0 4092 256792 81 19  0  0  0	
67  0      0 42495920  19388 117196    0    0     0     0 4077 247786 81 20  0  0  0	
68  0      0 42495920  19388 117200    0    0     0     0 4090 256796 80 20  0  0  0	
72  0      0 42495920  19396 117200    0    0     0    12 4108 256455 81 19  0  0  0	
66  0      0 42495920  19396 117200    0    0     0     0 4091 257137 81 19  0  0  0	
69  0      0 42495920  19396 117200    0    0     0     0 4082 257197 79 21  0  0  0	
68  0      0 42495920  19396 117200    0    0     0     0 4077 257298 81 19  0  0  0	
68  0      0 42495920  19396 117200    0    0     0     0 4073 256941 80 20  0  0  0	
70  0      0 42495920  19404 117192    0    0     0    12 4082 256882 81 19  0  0  0	
68  0      0 42495920  19404 117200    0    0     0    24 4103 256496 80 20  0  0  0	
66  0      0 42495920  19404 117200    0    0     0     0 4079 256507 79 21  0  0  0	
procs -----------memory---------- ---swap-- -----io---- --system-- -----cpu-----
 r  b   swpd   free   buff  cache   si   so    bi    bo   in   cs us sy id wa st
66  0      0 42495920  19404 117200    0    0     0     0 4081 252493 79 21  0  0  0	
65  0      0 42495920  19404 117200    0    0     0     0 4085 257052 81 19  0  0  0	
69  0      0 42495920  19404 117200    0    0     0     0 4077 255876 80 20  0  0  0	
67  0      0 42495920  19412 117200    0    0     0    32 4107 256999 81 19  0  0  0	
66  0      0 42495920  19412 117200    0    0     0     0 4079 256381 82 18  0  0  0	
68  0      0 42495920  19412 117200    0    0     0     0 4077 256979 81 19  0  0  0	
69  0      0 42495920  19412 117200    0    0     0     0 4079 256087 79 21  0  0  0	
67  0      0 42495920  19412 117200    0    0     0     0 4079 256703 81 19  0  0  0	
70  0      0 42495920  19420 117192    0    0     0    24 4099 256581 80 20  0  0  0	
72  0      0 42495920  19420 117200    0    0     0     0 4083 256633 79 21  0  0  0	
68  0      0 42495920  19420 117200    0    0     0     0 4079 249666 82 18  0  0  0	
67  0      0 42495920  19420 117200    0    0     0     0 4082 256579 81 19  0  0  0	
67  0      0 42495920  19420 117200    0    0     0     0 4074 256524 81 19  0  0  0	
67  0      0 42495920  19420 117200    0    0     0     0 4093 256940 80 20  0  0  0	
69  0      0 42495920  19428 117204    0    0     0    12 4089 257301 80 20  0  0  0	
68  0      0 42495920  19428 117204    0    0     0     0 4076 257015 81 20  0  0  0	
67  0      0 42495920  19428 117204    0    0     0     0 4080 255001 80 20  0  0  0	
67  0      0 42495920  19428 117204    0    0     0     0 4079 257030 83 17  0  0  0	
69  0      0 42495920  19428 117204    0    0     0     0 4088 257119 81 19  0  0  0	
68  0      0 42495920  19436 117196    0    0     0    12 4084 256816 82 18  0  0  0	
68  0      0 42495920  19436 117204    0    0     0     0 4083 252102 81 19  0  0  0	
procs -----------memory---------- ---swap-- -----io---- --system-- -----cpu-----
 r  b   swpd   free   buff  cache   si   so    bi    bo   in   cs us sy id wa st
67  0      0 42495920  19436 117204    0    0     0     0 4081 257026 80 20  0  0  0	
68  0      0 42495920  19436 117204    0    0     0     0 4076 256827 80 20  0  0  0	
67  0      0 42495920  19436 117204    0    0     0     0 4095 257214 81 19  0  0  0	
67  0      0 42495920  19436 117204    0    0     0     0 4080 257187 81 19  0  0  0	
66  0      0 42495920  19444 117204    0    0     0    12 4086 257149 81 19  0  0  0	
70  0      0 42495920  19444 117204    0    0     0     0 4079 257146 80 20  0  0  0	
67  0      0 42495920  19444 117204    0    0     0     0 4094 256977 80 20  0  0  0	
68  0      0 42495920  19444 117204    0    0     0     0 4076 257109 79 21  0  0  0	
67  0      0 42495920  19444 117204    0    0     0     0 4076 256772 79 21  0  0  0	
68  0      0 42495920  19452 117196    0    0     0    12 4083 248683 80 20  0  0  0	
69  0      0 42495920  19452 117204    0    0     0     0 4080 256992 80 20  0  0  0	
68  0      0 42495920  19452 117204    0    0     0     0 4095 257005 79 21  0  0  0	
68  0      0 42495920  19452 117204    0    0     0    20 4082 256967 80 20  0  0  0	
67  0      0 42495920  19452 117204    0    0     0     0 4086 257000 81 19  0  0  0	
67  0      0 42495920  19452 117208    0    0     0     0 4076 256983 80 20  0  0  0	
68  0      0 42495920  19460 117208    0    0     0    12 4086 256990 79 21  0  0  0	
67  0      0 42495920  19460 117208    0    0     0     0 4094 256597 81 19  0  0  0	
66  0      0 42495920  19460 117208    0    0     0     0 4074 255927 80 20  0  0  0	
69  0      0 42495920  19460 117208    0    0     0     8 4083 257065 79 21  0  0  0	
67  0      0 42495920  19460 117208    0    0     0     0 4079 254426 80 20  0  0  0	
66  0      0 42495920  19468 117200    0    0     0    24 4087 257335 81 19  0  0  0	
procs -----------memory---------- ---swap-- -----io---- --system-- -----cpu-----
 r  b   swpd   free   buff  cache   si   so    bi    bo   in   cs us sy id wa st
67  0      0 42495920  19468 117208    0    0     0     0 4096 256814 80 20  0  0  0	
68  0      0 42495920  19468 117208    0    0     0     0 4079 257056 82 18  0  0  0	
72  0      0 42495920  19468 117208    0    0     0     0 4078 257142 80 20  0  0  0	
66  0      0 42495920  19468 117208    0    0     0     0 4076 257197 80 20  0  0  0	
68  0      0 42495920  19468 117208    0    0     0     0 4081 257005 80 20  0  0  0	
68  0      0 42495920  19476 117212    0    0     0    12 4101 257073 79 21  0  0  0	
69  0      0 42495920  19476 117212    0    0     0     0 4082 256939 81 19  0  0  0	
68  0      0 42495920  19476 117212    0    0     0     0 4078 257170 79 21  0  0  0	
71  0      0 42495920  19476 117212    0    0     0     0 4077 245784 81 19  0  0  0	
67  0      0 42495920  19476 117212    0    0     0     0 4080 256823 81 19  0  0  0	
68  0      0 42495920  19484 117204    0    0     0    12 4099 256519 80 20  0  0  0	
66  0      0 42495920  19484 117212    0    0     0     0 4080 257040 81 19  0  0  0	
68  0      0 42495920  19484 117212    0    0     0     0 4079 257041 81 19  0  0  0	
67  0      0 42495920  19484 117212    0    0     0     0 4077 257108 80 20  0  0  0	
68  0      0 42495920  19484 117212    0    0     0     0 4079 257011 81 19  0  0  0	
68  0      0 42495920  19484 117212    0    0     0     0 4089 256180 80 20  0  0  0	
70  0      0 42495920  19492 117212    0    0     0    12 4089 256291 80 20  0  0  0	
70  0      0 42495920  19492 117212    0    0     0     0 4079 256515 80 20  0  0  0	
66  0      0 42495920  19492 117212    0    0     0     0 4078 249546 80 20  0  0  0	
68  0      0 42495920  19492 117212    0    0     0     0 4092 256482 81 19  0  0  0	
67  0      0 42495920  19492 117212    0    0     0     0 4082 256580 80 20  0  0  0	
procs -----------memory---------- ---swap-- -----io---- --system-- -----cpu-----
 r  b   swpd   free   buff  cache   si   so    bi    bo   in   cs us sy id wa st
68  0      0 42495920  19500 117204    0    0     0    16 4085 256879 80 20  0  0  0	
67  0      0 42495920  19500 117212    0    0     0     8 4082 257213 80 20  0  0  0	
67  0      0 42495920  19500 117212    0    0     0     0 4084 256948 80 20  0  0  0	
65  0      0 42495920  19500 117212    0    0     0     0 4091 257051 80 20  0  0  0	
65  0      0 42495920  19500 117212    0    0     0     0 4078 257133 81 19  0  0  0	
75  0      0 42495920  19500 117212    0    0     0     0 4080 256505 80 20  0  0  0	
68  0      0 42495920  19508 117212    0    0     0    52 4090 256902 80 20  0  0  0	
67  0      0 42495920  19508 117212    0    0     0     0 4072 254042 80 20  0  0  0	
71  0      0 42495920  19508 117212    0    0     0     0 4097 256903 81 19  0  0  0	
70  0      0 42495920  19508 117212    0    0     0     0 4078 256913 81 19  0  0  0	
68  0      0 42495920  19508 117212    0    0     0     0 4079 256864 80 20  0  0  0	
67  0      0 42495920  19516 117204    0    0     0    24 4086 257151 80 20  0  0  0	
67  0      0 42495920  19516 117212    0    0     0     0 4085 257211 79 21  0  0  0	
67  0      0 42495920  19516 117212    0    0     0     0 4096 255029 81 19  0  0  0	
70  0      0 42495920  19516 117212    0    0     0     0 4071 256828 80 20  0  0  0	
72  0      0 42495920  19516 117216    0    0     0     0 4083 256796 80 20  0  0  0	
71  0      0 42495920  19516 117220    0    0     0     0 4080 256934 80 20  0  0  0	
68  0      0 42495920  19524 117220    0    0     0    12 4084 251695 80 20  0  0  0	
68  0      0 42495920  19524 117220    0    0     0     0 4099 256786 81 19  0  0  0	
67  0      0 42495920  19524 117220    0    0     0     0 4079 255858 81 19  0  0  0	
70  0      0 42495920  19524 117220    0    0     0     0 4075 255410 80 20  0  0  0	
procs -----------memory---------- ---swap-- -----io---- --system-- -----cpu-----
 r  b   swpd   free   buff  cache   si   so    bi    bo   in   cs us sy id wa st
67  0      0 42495920  19524 117220    0    0     0     0 4077 251356 81 19  0  0  0	
67  0      0 42495920  19532 117212    0    0     0    12 4085 256872 81 19  0  0  0	
66  0      0 42495920  19532 117220    0    0     0     0 4097 256931 81 19  0  0  0	
70  0      0 42495920  19532 117220    0    0     0     0 4079 256992 81 19  0  0  0	
68  0      0 42495920  19532 117220    0    0     0     0 4078 257011 79 21  0  0  0	
67  0      0 42495920  19532 117220    0    0     0     0 4075 256723 79 21  0  0  0	
67  0      0 42495920  19532 117220    0    0     0     0 4079 254861 80 20  0  0  0	
69  0      0 42495920  19540 117220    0    0     0    12 4103 256888 81 19  0  0  0	
71  0      0 42495920  19540 117220    0    0     0     0 4080 256356 80 20  0  0  0	
69  0      0 42495920  19540 117220    0    0     0     0 4074 257263 80 20  0  0  0	
71  0      0 42495920  19540 117220    0    0     0     0 4080 257061 80 20  0  0  0	
66  0      0 42495920  19540 117220    0    0     0    12 4081 256724 80 20  0  0  0	
68  0      0 42495920  19548 117216    0    0     0    24 4101 256919 82 18  0  0  0	
66  0      0 42495920  19548 117220    0    0     0     0 4083 256965 80 20  0  0  0	
67  0      0 42495920  19548 117220    0    0     0     0 4078 255784 81 19  0  0  0	
68  0      0 42495920  19548 117220    0    0     0     0 4077 256389 80 20  0  0  0	
69  0      0 42495920  19548 117220    0    0     0     8 4091 252347 80 20  0  0  0	
66  0      0 42495920  19548 117220    0    0     0     0 4085 256626 81 19  0  0  0	
70  0      0 42495796  19556 117220    0    0     0    24 4083 256366 79 21  0  0  0	
67  0      0 42495796  19556 117220    0    0     0     0 4078 256477 80 20  0  0  0	
71  0      0 42495796  19556 117220    0    0     0     0 4078 255834 81 19  0  0  0	
procs -----------memory---------- ---swap-- -----io---- --system-- -----cpu-----
 r  b   swpd   free   buff  cache   si   so    bi    bo   in   cs us sy id wa st
68  0      0 42495796  19556 117220    0    0     0    16 4094 256498 80 20  0  0  0	
68  0      0 42495796  19556 117220    0    0     0     0 4084 256472 81 19  0  0  0	
67  0      0 42495796  19564 117212    0    0     0    12 4085 256666 80 20  0  0  0	
68  0      0 42495796  19564 117220    0    0     0     0 4083 256992 79 21  0  0  0	
69  0      0 42495796  19564 117220    0    0     0     0 4076 257034 80 20  0  0  0	
66  0      0 42495796  19564 117220    0    0     0     0 4092 244138 80 20  0  0  0	
65  0      0 42495796  19564 117220    0    0     0     0 4079 256118 81 19  0  0  0	
66  0      0 42495796  19564 117224    0    0     0     0 4078 256914 80 20  0  0  0	
66  0      0 42495796  19572 117224    0    0     0    12 4088 256851 81 19  0  0  0	
69  0      0 42495796  19572 117224    0    0     0     0 4080 257352 80 20  0  0  0	
67  0      0 42495796  19572 117224    0    0     0     0 4093 256983 80 20  0  0  0	
69  0      0 42495796  19572 117224    0    0     0     0 4075 256958 81 19  0  0  0	
69  0      0 42495796  19572 117224    0    0     0     0 4081 256822 80 20  0  0  0	
68  0      0 42495796  19580 117216    0    0     0    12 4078 256285 81 19  0  0  0	
69  0      0 42495796  19580 117224    0    0     0     0 4085 256625 82 18  0  0  0	
69  0      0 42495796  19580 117224    0    0     0     0 4093 253590 80 20  0  0  0	
71  0      0 42495796  19580 117224    0    0     0     0 4085 257225 80 20  0  0  0	
69  0      0 42495796  19580 117228    0    0     0     0 4083 256995 80 20  0  0  0	
67  0      0 42495796  19580 117228    0    0     0     0 4083 257041 80 20  0  0  0	
67  0      0 42495796  19588 117228    0    0     0    12 4121 256619 79 21  0  0  0	
68  0      0 42495796  19588 117228    0    0     0     8 4099 256695 80 20  0  0  0	
procs -----------memory---------- ---swap-- -----io---- --system-- -----cpu-----
 r  b   swpd   free   buff  cache   si   so    bi    bo   in   cs us sy id wa st
68  0      0 42495796  19588 117228    0    0     0     0 4082 256550 81 19  0  0  0	
66  0      0 42495796  19588 117228    0    0     0     0 4078 256979 81 19  0  0  0	
70  0      0 42495796  19588 117228    0    0     0     0 4082 256843 81 19  0  0  0	
65  0      0 42495796  19596 117220    0    0     0    24 4097 256748 80 20  0  0  0	
67  0      0 42495796  19596 117228    0    0     0     0 4086 251597 80 20  0  0  0	
70  0      0 42495796  19596 117228    0    0     0     8 4089 257064 79 21  0  0  0	
68  0      0 42495796  19596 117228    0    0     0     0 4080 257172 79 21  0  0  0	
68  0      0 42495796  19596 117228    0    0     0     0 4085 257118 81 19  0  0  0	
68  0      0 42495796  19596 117228    0    0     0     0 4099 256979 80 20  0  0  0	
71  0      0 42495796  19604 117228    0    0     0    24 4083 257075 80 20  0  0  0	
67  0      0 42495796  19604 117228    0    0     0     0 4081 256961 79 21  0  0  0	
68  0      0 42495796  19604 117228    0    0     0     0 4079 257014 80 20  0  0  0	
67  0      0 42495796  19604 117228    0    0     0     0 4084 256596 80 20  0  0  0	
67  0      0 42495796  19604 117228    0    0     0     0 4099 256729 81 19  0  0  0	
68  0      0 42495796  19612 117220    0    0     0    12 4088 250223 80 20  0  0  0	
67  0      0 42495796  19612 117228    0    0     0    16 4090 257247 80 21  0  0  0	
71  0      0 42495796  19612 117228    0    0     0     0 4077 256720 80 20  0  0  0	
69  0      0 42495796  19612 117228    0    0     0     0 4082 256973 80 20  0  0  0	
66  0      0 42495796  19612 117228    0    0     0     0 4097 257082 81 19  0  0  0	
68  0      0 42495796  19612 117232    0    0     0     0 4085 257014 81 19  0  0  0	
68  0      0 42495796  19620 117232    0    0     0    12 4088 256668 82 18  0  0  0	
procs -----------memory---------- ---swap-- -----io---- --system-- -----cpu-----
 r  b   swpd   free   buff  cache   si   so    bi    bo   in   cs us sy id wa st
66  0      0 42495796  19620 117232    0    0     0     0 4081 256478 82 18  0  0  0	
70  0      0 42495796  19620 117232    0    0     0     0 4077 256078 80 20  0  0  0	
67  0      0 42495796  19620 117232    0    0     0     0 4097 256764 81 19  0  0  0	
71  0      0 42495796  19620 117232    0    0     0     0 4081 254615 81 19  0  0  0	
68  0      0 42495796  19628 117224    0    0     0    12 4084 256906 80 20  0  0  0	
70  0      0 42495796  19628 117232    0    0     0     0 4085 257058 81 19  0  0  0	
67  0      0 42495796  19628 117232    0    0     0     0 4076 256842 79 21  0  0  0	
69  0      0 42495796  19628 117232    0    0     0     0 4100 256582 80 20  0  0  0	
68  0      0 42495796  19628 117232    0    0     0     0 4082 255928 82 18  0  0  0	
66  0      0 42495796  19628 117232    0    0     0     4 4088 256627 80 20  0  0  0	
69  0      0 42495796  19636 117228    0    0     0    12 4083 256699 80 20  0  0  0	
68  0      0 42495796  19636 117232    0    0     0     0 4091 254146 79 21  0  0  0	
67  0      0 42495796  19636 117232    0    0     0     0 4078 256514 81 20  0  0  0	
70  0      0 42495796  19636 117232    0    0     0     0 4078 255697 81 19  0  0  0	
68  0      0 42495796  19636 117232    0    0     0     0 4080 257048 81 19  0  0  0	
73  0      0 42495796  19644 117224    0    0     0    12 4084 256832 80 20  0  0  0	
69  0      0 42495796  19644 117232    0    0     0     0 4102 256727 81 19  0  0  0	
69  0      0 42495796  19644 117232    0    0     0     0 4076 256924 81 19  0  0  0	
69  0      0 42495796  19644 117232    0    0     0     0 4082 255725 82 18  0  0  0	
68  0      0 42495796  19644 117236    0    0     0     8 4078 255216 80 20  0  0  0	
69  0      0 42495796  19644 117236    0    0     0     0 4083 256293 81 19  0  0  0	
procs -----------memory---------- ---swap-- -----io---- --system-- -----cpu-----
 r  b   swpd   free   buff  cache   si   so    bi    bo   in   cs us sy id wa st
71  0      0 42495796  19652 117236    0    0     0    24 4100 257023 81 19  0  0  0	
69  0      0 42495796  19652 117236    0    0     0     0 4077 256556 80 20  0  0  0	
69  0      0 42495796  19652 117236    0    0     0     0 4083 250777 80 20  0  0  0	
68  0      0 42495796  19652 117236    0    0     0     0 4082 256999 81 19  0  0  0	
67  0      0 42495796  19652 117236    0    0     0     0 4084 256944 80 20  0  0  0	
67  0      0 42495796  19660 117228    0    0     0    12 4099 256454 81 19  0  0  0	
69  0      0 42495796  19660 117236    0    0     0     0 4082 250121 80 20  0  0  0	
66  0      0 42495796  19660 117236    0    0     0     0 4079 256394 80 20  0  0  0	
69  0      0 42495796  19660 117236    0    0     0     0 4084 256373 82 18  0  0  0	
69  0      0 42495796  19660 117236    0    0     0    12 4080 257175 81 19  0  0  0	
72  0      0 42495796  19660 117240    0    0     0     0 4100 257019 81 19  0  0  0	
68  0      0 42495796  19668 117240    0    0     0    12 4084 256450 80 20  0  0  0	
70  0      0 42495796  19668 117240    0    0     0     0 4079 252858 80 20  0  0  0	
72  0      0 42495796  19668 117240    0    0     0     0 4085 256257 81 19  0  0  0	
68  0      0 42495796  19668 117240    0    0     0     0 4090 256815 82 18  0  0  0	
70  0      0 42495796  19676 117232    0    0     0    12 4087 256770 80 20  0  0  0	
72  0      0 42495796  19676 117240    0    0     0     0 4083 256848 80 20  0  0  0	
67  0      0 42495796  19676 117240    0    0     0     0 4078 256502 80 20  0  0  0	
70  0      0 42495796  19676 117240    0    0     0     0 4080 256747 81 19  0  0  0	
71  0      0 42495796  19676 117240    0    0     0     8 4100 256565 81 19  0  0  0	
69  0      0 42495796  19684 117232    0    0     0    28 4087 257059 81 19  0  0  0	
procs -----------memory---------- ---swap-- -----io---- --system-- -----cpu-----
 r  b   swpd   free   buff  cache   si   so    bi    bo   in   cs us sy id wa st
68  0      0 42495796  19684 117240    0    0     0     0 4080 256466 80 20  0  0  0	
67  0      0 42495796  19684 117240    0    0     0     0 4077 251341 80 20  0  0  0	
71  0      0 42495796  19684 117240    0    0     0     0 4079 256930 81 19  0  0  0	
72  0      0 42495796  19684 117240    0    0     0     0 4099 257052 80 20  0  0  0	
68  0      0 42495796  19684 117240    0    0     0     0 4079 257195 80 20  0  0  0	
68  0      0 42495796  19692 117240    0    0     0    12 4088 257040 80 20  0  0  0	
71  0      0 42495796  19692 117240    0    0     0     0 4077 256940 81 19  0  0  0	
68  0      0 42495796  19692 117240    0    0     0     0 4076 257046 81 19  0  0  0	
71  0      0 42495796  19692 117240    0    0     0     8 4097 256613 81 19  0  0  0	
66  0      0 42495796  19692 117240    0    0     0     0 4082 257008 81 19  0  0  0	
70  0      0 42495796  19700 117232    0    0     0    24 4082 256367 80 20  0  0  0	
70  0      0 42495796  19700 117240    0    0     0     0 4082 254015 80 20  0  0  0	
68  0      0 42495796  19700 117240    0    0     0     0 4079 256929 81 19  0  0  0	
66  0      0 42495796  19700 117240    0    0     0     0 4095 257070 80 20  0  0  0	
71  0      0 42495796  19700 117240    0    0     0     0 4082 256956 81 19  0  0  0	
70  0      0 42495796  19700 117240    0    0     0     0 4081 256739 80 20  0  0  0	
71  0      0 42495796  19708 117240    0    0     0    12 4088 257197 81 19  0  0  0	
72  0      0 42495796  19708 117240    0    0     0     0 4077 256793 81 19  0  0  0	
68  0      0 42495796  19708 117240    0    0     0     0 4088 256018 80 20  0  0  0	
70  0      0 42495796  19708 117240    0    0     0     0 4082 254897 81 19  0  0  0	
68  0      0 42495796  19708 117240    0    0     0     0 4074 256082 80 20  0  0  0	
procs -----------memory---------- ---swap-- -----io---- --system-- -----cpu-----
 r  b   swpd   free   buff  cache   si   so    bi    bo   in   cs us sy id wa st
72  0      0 42495796  19716 117240    0    0     0    12 4088 254602 81 19  0  0  0	
68  0      0 42495672  19716 117248    0    0     0     0 4079 256908 80 20  0  0  0	
68  0      0 42495672  19716 117248    0    0     0    20 4095 257114 80 20  0  0  0	
68  0      0 42495672  19716 117248    0    0     0     0 4073 256755 81 19  0  0  0	
68  0      0 42495672  19716 117248    0    0     0     0 4077 256957 80 20  0  0  0	
69  0      0 42495672  19716 117248    0    0     0     0 4078 256893 80 20  0  0  0	
68  0      0 42495672  19724 117248    0    0     0    12 4101 256831 81 19  0  0  0	
71  0      0 42495672  19724 117248    0    0     0     0 4080 255334 80 20  0  0  0	
67  0      0 42495672  19724 117248    0    0     0     8 4084 256445 79 21  0  0  0	
70  0      0 42495672  19724 117248    0    0     0     0 4086 256175 81 19  0  0  0	
69  0      0 42495672  19724 117248    0    0     0     0 4094 253311 80 20  0  0  0	
70  0      0 42495672  19732 117240    0    0     0    24 4102 256929 80 20  0  0  0	
67  0      0 42495672  19732 117248    0    0     0     0 4083 256822 80 20  0  0  0	
69  0      0 42495672  19732 117248    0    0     0     4 4079 256066 81 19  0  0  0	
70  0      0 42495672  19732 117248    0    0     0     0 4083 256104 81 19  0  0  0	
71  0      0 42495672  19732 117248    0    0     0     0 4074 255977 81 19  0  0  0	
68  0      0 42495672  19732 117248    0    0     0     0 4100 256742 80 20  0  0  0	
67  0      0 42495672  19740 117248    0    0     0    12 4088 256934 81 19  0  0  0	
74  0      0 42495672  19740 117248    0    0     0     8 4082 256991 81 19  0  0  0	
70  0      0 42495672  19740 117248    0    0     0     0 4078 256167 80 20  0  0  0	
68  0      0 42495672  19740 117248    0    0     0     0 4078 254167 79 21  0  0  0	
procs -----------memory---------- ---swap-- -----io---- --system-- -----cpu-----
 r  b   swpd   free   buff  cache   si   so    bi    bo   in   cs us sy id wa st
67  0      0 42495672  19740 117248    0    0     0     0 4096 256734 81 19  0  0  0	
68  0      0 42495672  19748 117240    0    0     0    24 4081 256555 80 20  0  0  0	
69  0      0 42495672  19748 117248    0    0     0     0 4096 256977 81 19  0  0  0	
68  0      0 42495672  19748 117248    0    0     0     0 4078 256979 81 19  0  0  0	
72  0      0 42495672  19748 117248    0    0     0     0 4082 256834 80 20  0  0  0	
71  0      0 42495672  19748 117248    0    0     0     0 4098 256769 81 19  0  0  0	
66  0      0 42495672  19748 117248    0    0     0     0 4079 256582 80 20  0  0  0	
70  0      0 42495672  19756 117248    0    0     0    16 4089 256589 80 20  0  0  0	
67  0      0 42495672  19756 117248    0    0     0     0 4074 255862 80 20  0  0  0	
68  0      0 42495672  19756 117248    0    0     0     0 4097 250351 80 20  0  0  0	
67  0      0 42495672  19756 117248    0    0     0     0 4079 256709 81 19  0  0  0	
68  0      0 42495672  19756 117252    0    0     0     0 4085 256877 81 19  0  0  0	
68  0      0 42495672  19764 117244    0    0     0    12 4087 256130 80 20  0  0  0	
70  0      0 42495672  19764 117252    0    0     0     0 4080 252823 81 19  0  0  0	
68  0      0 42495672  19764 117252    0    0     0     0 4092 257026 80 20  0  0  0	
67  0      0 42495672  19764 117252    0    0     0     0 4076 256664 81 19  0  0  0	
68  0      0 42495672  19764 117252    0    0     0     0 4082 256023 82 19  0  0  0	
70  0      0 42495672  19764 117252    0    0     0    24 4081 257131 79 21  0  0  0	
71  0      0 42495672  19772 117252    0    0     0    12 4086 256183 79 21  0  0  0	
67  0      0 42495672  19772 117252    0    0     0     0 4247 254526 81 19  0  0  0	
68  0      0 42495672  19772 117252    0    0     0     0 4086 256614 81 19  0  0  0	
procs -----------memory---------- ---swap-- -----io---- --system-- -----cpu-----
 r  b   swpd   free   buff  cache   si   so    bi    bo   in   cs us sy id wa st
70  0      0 42495672  19772 117252    0    0     0     0 4079 257094 80 20  0  0  0	
69  0      0 42495672  19772 117256    0    0     0     8 4089 256798 80 20  0  0  0	
67  0      0 42495548  19780 117252    0    0     0    32 4129 256908 82 19  0  0  0	
70  0      0 42495548  19780 117260    0    0     0     0 4093 256770 81 19  0  0  0	
68  0      0 42495548  19780 117260    0    0     0     0 4082 257044 80 20  0  0  0	
69  0      0 42495548  19780 117260    0    0     0     0 4075 256851 80 20  0  0  0	
68  0      0 42495548  19780 117260    0    0     0     8 4080 256898 80 20  0  0  0	
70  0      0 42495548  19780 117260    0    0     0     0 4083 255742 81 20  0  0  0	
68  0      0 42495548  19788 117260    0    0     0    24 4103 252807 81 19  0  0  0	
68  0      0 42495548  19788 117260    0    0     0     0 4081 256249 81 19  0  0  0	
71  0      0 42495548  19788 117260    0    0     0     0 4074 256830 80 20  0  0  0	
69  0      0 42495548  19788 117260    0    0     0     0 4081 256510 79 21  0  0  0	
70  0      0 42495548  19788 117260    0    0     0     8 4077 257148 80 20  0  0  0	
68  0      0 42495548  19796 117252    0    0     0    28 4096 256985 81 19  0  0  0	
72  0      0 42495548  19796 117260    0    0     0     0 4087 257036 80 20  0  0  0	
68  0      0 42495548  19796 117260    0    0     0     0 4080 257081 79 21  0  0  0	
67  0      0 42495548  19796 117260    0    0     0     0 4083 256984 80 20  0  0  0	
69  0      0 42495548  19796 117260    0    0     0     0 4096 255837 80 20  0  0  0	
69  0      0 42495548  19796 117260    0    0     0     0 4081 252021 81 19  0  0  0	
69  0      0 42495424  19804 117260    0    0     0    12 4086 256693 82 18  0  0  0	
70  0      0 42495424  19804 117260    0    0     0     0 4074 256955 80 20  0  0  0	
procs -----------memory---------- ---swap-- -----io---- --system-- -----cpu-----
 r  b   swpd   free   buff  cache   si   so    bi    bo   in   cs us sy id wa st
67  0      0 42495424  19804 117260    0    0     0     0 4084 257057 80 20  0  0  0	
68  0      0 42495424  19804 117260    0    0     0     0 4095 257124 81 19  0  0  0	
69  0      0 42495424  19804 117264    0    0     0     0 4085 256206 80 20  0  0  0	
67  0      0 42495424  19812 117256    0    0     0    12 4081 256932 81 19  0  0  0	
67  0      0 42495424  19812 117264    0    0     0     0 4085 255939 80 20  0  0  0	
70  0      0 42495424  19812 117264    0    0     0     0 4080 256526 79 21  0  0  0	
68  0      0 42495424  19812 117264    0    0     0    32 4100 254753 80 20  0  0  0	
73  0      0 42495424  19812 117264    0    0     0     0 4081 254800 79 21  0  0  0	
68  0      0 42495424  19812 117264    0    0     0     0 4079 257043 79 21  0  0  0	
71  0      0 42495424  19820 117264    0    0     0    12 4089 256059 81 19  0  0  0	
71  0      0 42495424  19820 117264    0    0     0     0 4085 255942 80 20  0  0  0	
68  0      0 42495424  19820 117264    0    0     0     8 4098 255926 83 17  0  0  0	
70  0      0 42495424  19820 117264    0    0     0     0 4081 256168 81 19  0  0  0	
68  0      0 42495424  19820 117264    0    0     0     0 4079 256085 79 21  0  0  0	
69  0      0 42495424  19828 117256    0    0     0    12 4083 256862 80 20  0  0  0	
69  0      0 42495424  19828 117264    0    0     0     0 4083 256847 81 19  0  0  0	
68  0      0 42495424  19828 117264    0    0     0     0 4094 255459 81 19  0  0  0	
71  0      0 42495424  19828 117264    0    0     0     0 4079 252782 78 22  0  0  0	
68  0      0 42495424  19828 117264    0    0     0     0 4085 256540 79 21  0  0  0	
69  0      0 42495424  19828 117264    0    0     0     0 4076 254018 81 19  0  0  0	
68  0      0 42495424  19836 117264    0    0     0    12 4091 256886 81 19  0  0  0	
procs -----------memory---------- ---swap-- -----io---- --system-- -----cpu-----
 r  b   swpd   free   buff  cache   si   so    bi    bo   in   cs us sy id wa st
68  0      0 42495424  19836 117264    0    0     0     8 4093 257172 80 20  0  0  0	
70  0      0 42495424  19836 117264    0    0     0     0 4080 257088 81 20  0  0  0	
70  0      0 42495424  19836 117268    0    0     0     0 4084 256898 80 20  0  0  0	
68  0      0 42495424  19836 117268    0    0     0     0 4079 256631 81 19  0  0  0	
68  0      0 42495424  19844 117260    0    0     0    28 4099 256723 81 19  0  0  0	
72  0      0 42495424  19844 117268    0    0     0     0 4082 255090 81 19  0  0  0	
68  0      0 42495424  19844 117268    0    0     0     0 4087 249741 79 21  0  0  0	
69  0      0 42495424  19844 117268    0    0     0     0 4081 256841 80 20  0  0  0	
70  0      0 42495424  19844 117268    0    0     0     0 4081 256860 81 20  0  0  0	
66  0      0 42495424  19844 117268    0    0     0     0 4097 256373 80 20  0  0  0	
73  0      0 42495424  19852 117268    0    0     0    12 4084 256984 81 19  0  0  0	
72  0      0 42495424  19852 117268    0    0     0     0 4081 256984 80 20  0  0  0	
69  0      0 42495424  19852 117268    0    0     0     0 4078 257089 80 20  0  0  0	
70  0      0 42495424  19852 117268    0    0     0     0 4081 256775 82 18  0  0  0	
68  0      0 42495424  19852 117272    0    0     0     0 4095 257106 80 20  0  0  0	
71  0      0 42495424  19860 117264    0    0     0    12 4083 255183 80 20  0  0  0	
67  0      0 42495424  19860 117272    0    0     0     0 4080 252581 82 18  0  0  0	
68  0      0 42495424  19860 117272    0    0     0     0 4080 256297 81 19  0  0  0	
68  0      0 42495424  19860 117272    0    0     0     0 4078 256429 80 20  0  0  0	
70  0      0 42495424  19860 117272    0    0     0     0 4097 256998 80 20  0  0  0	
72  0      0 42495424  19860 117272    0    0     0     0 4082 257099 80 20  0  0  0	
procs -----------memory---------- ---swap-- -----io---- --system-- -----cpu-----
 r  b   swpd   free   buff  cache   si   so    bi    bo   in   cs us sy id wa st
69  0      0 42495424  19868 117272    0    0     0    40 4093 257158 82 18  0  0  0	
71  0      0 42495424  19868 117272    0    0     0     0 4081 256945 79 21  0  0  0	
69  0      0 42495424  19868 117272    0    0     0     0 4076 257055 81 19  0  0  0	
69  0      0 42495424  19868 117272    0    0     0     0 4095 255564 80 20  0  0  0	
71  0      0 42495424  19868 117272    0    0     0     0 4077 255178 81 19  0  0  0	
67  0      0 42495424  19876 117264    0    0     0    24 4085 252383 81 19  0  0  0	
67  0      0 42495424  19876 117272    0    0     0     0 4083 256916 81 19  0  0  0	
70  0      0 42495424  19876 117272    0    0     0     0 4075 257124 81 19  0  0  0	
69  0      0 42495424  19876 117272    0    0     0     0 4098 256656 79 21  0  0  0	
68  0      0 42495424  19876 117272    0    0     0     0 4076 257241 80 20  0  0  0	
69  0      0 42495424  19876 117272    0    0     0     8 4084 256975 81 19  0  0  0	
70  0      0 42495424  19884 117272    0    0     0    24 4086 256742 81 19  0  0  0	
71  0      0 42495424  19884 117272    0    0     0     0 4094 256314 80 20  0  0  0	
69  0      0 42495424  19884 117272    0    0     0     0 4079 256763 80 20  0  0  0	
70  0      0 42495424  19884 117272    0    0     0     0 4076 254960 80 20  0  0  0	
72  0      0 42495424  19884 117272    0    0     0     4 4083 256024 79 21  0  0  0	
69  0      0 42495424  19892 117264    0    0     0    12 4083 256268 80 20  0  0  0	
69  0      0 42495424  19892 117272    0    0     0     0 4102 257151 81 19  0  0  0	
68  0      0 42495424  19892 117272    0    0     0     0 4083 257330 80 20  0  0  0	
68  0      0 42495424  19892 117272    0    0     0     0 4084 257009 80 20  0  0  0	
69  0      0 42495424  19892 117272    0    0     0     0 4078 256896 81 19  0  0  0	
procs -----------memory---------- ---swap-- -----io---- --system-- -----cpu-----
 r  b   swpd   free   buff  cache   si   so    bi    bo   in   cs us sy id wa st
69  0      0 42495424  19892 117272    0    0     0     0 4081 256863 81 19  0  0  0	
66  0      0 42495424  19900 117272    0    0     0    12 4100 255842 80 20  0  0  0	
69  0      0 42495424  19900 117272    0    0     0     0 4081 256670 81 19  0  0  0	
71  0      0 42495424  19900 117272    0    0     0     0 4080 255014 81 19  0  0  0	
69  0      0 42495424  19900 117276    0    0     0     0 4077 253428 81 19  0  0  0	
66  0      0 42495424  19900 117280    0    0     0     0 4081 257161 81 19  0  0  0	
69  0      0 42495424  19908 117272    0    0     0    12 4096 257133 81 19  0  0  0	
70  0      0 42495424  19908 117280    0    0     0     0 4083 257245 80 20  0  0  0	
67  0      0 42495424  19908 117280    0    0     0     0 4080 256881 80 20  0  0  0	
70  0      0 42495424  19908 117280    0    0     0     0 4076 257160 81 19  0  0  0	
70  0      0 42495424  19908 117280    0    0     0     0 4080 257100 81 19  0  0  0	
71  0      0 42495424  19908 117280    0    0     0     0 4093 256469 82 18  0  0  0	
69  0      0 42495424  19916 117280    0    0     0    12 4091 257274 80 20  0  0  0	
70  0      0 42495424  19916 117280    0    0     0     0 4078 255004 81 19  0  0  0	
73  0      0 42495424  19916 117280    0    0     0     0 4079 253382 82 18  0  0  0	
69  0      0 42495424  19916 117280    0    0     0    16 4077 256784 81 19  0  0  0	
71  0      0 42495424  19916 117280    0    0     0     0 4096 257309 81 19  0  0  0	
69  0      0 42495424  19924 117272    0    0     0    24 4086 257243 80 21  0  0  0	
70  0      0 42495424  19924 117280    0    0     0     0 4083 257070 80 20  0  0  0	
68  0      0 42495424  19924 117280    0    0     0     0 4080 256905 80 20  0  0  0	
69  0      0 42495424  19924 117280    0    0     0     8 4091 256787 81 19  0  0  0	
procs -----------memory---------- ---swap-- -----io---- --system-- -----cpu-----
 r  b   swpd   free   buff  cache   si   so    bi    bo   in   cs us sy id wa st
71  0      0 42495424  19924 117280    0    0     0     0 4083 256692 80 20  0  0  0	
70  0      0 42495424  19924 117280    0    0     0     0 4078 256712 82 18  0  0  0	
69  0      0 42495424  19932 117280    0    0     0    24 4087 254995 80 20  0  0  0	
69  0      0 42495424  19932 117280    0    0     0     0 4081 249202 80 20  0  0  0	
67  0      0 42495424  19932 117280    0    0     0     0 4094 255894 81 19  0  0  0	
69  0      0 42495424  19932 117280    0    0     0     0 4080 256696 81 19  0  0  0	
70  0      0 42495424  19932 117280    0    0     0     0 4079 257023 81 19  0  0  0	
70  0      0 42495424  19940 117272    0    0     0    12 4086 256731 80 20  0  0  0	
69  0      0 42495424  19940 117280    0    0     0     0 4083 256869 80 20  0  0  0	
71  0      0 42495424  19940 117280    0    0     0     0 4099 256655 81 19  0  0  0	
67  0      0 42495424  19940 117280    0    0     0     0 4078 253106 82 18  0  0  0	
72  0      0 42495424  19940 117280    0    0     0     0 4079 255120 80 20  0  0  0	
71  0      0 42495424  19940 117280    0    0     0     0 4081 254897 81 19  0  0  0	
68  0      0 42495424  19948 117280    0    0     0    12 4082 254981 80 20  0  0  0	
70  0      0 42495424  19948 117280    0    0     0     0 4095 256861 80 20  0  0  0	
71  0      0 42495424  19948 117280    0    0     0     0 4071 257219 79 21  0  0  0	
70  0      0 42495424  19948 117284    0    0     0     0 4080 257262 80 20  0  0  0	
70  0      0 42495424  19948 117284    0    0     0     0 4077 256866 81 19  0  0  0	
68  0      0 42495424  19956 117276    0    0     0    12 4081 256882 81 19  0  0  0	
68  0      0 42495424  19956 117284    0    0     0     0 4098 256717 80 20  0  0  0	
68  0      0 42495424  19956 117284    0    0     0     0 4073 255750 80 20  0  0  0	
procs -----------memory---------- ---swap-- -----io---- --system-- -----cpu-----
 r  b   swpd   free   buff  cache   si   so    bi    bo   in   cs us sy id wa st
69  0      0 42495424  19956 117284    0    0     0     0 4081 256976 80 20  0  0  0	
69  0      0 42495424  19956 117284    0    0     0     0 4077 254323 81 19  0  0  0	
69  0      0 42495424  19956 117284    0    0     0     0 4080 254497 80 20  0  0  0	
66  0      0 42495424  19964 117284    0    0     0    12 4103 256470 81 19  0  0  0	
71  0      0 42495424  19964 117284    0    0     0     0 4078 256684 80 20  0  0  0	
69  0      0 42495424  19964 117284    0    0     0     0 4077 257288 80 20  0  0  0	
68  0      0 42495424  19964 117288    0    0     0     0 4075 257233 79 21  0  0  0	
70  0      0 42495424  19964 117288    0    0     0     0 4093 256809 79 21  0  0  0	
67  0      0 42495424  19972 117280    0    0     0    36 4084 256784 81 19  0  0  0	
70  0      0 42495424  19972 117288    0    0     0     0 4082 256193 82 18  0  0  0	
69  0      0 42495424  19972 117288    0    0     0     0 4078 256875 81 19  0  0  0	
71  0      0 42495424  19972 117288    0    0     0     0 4074 254545 80 20  0  0  0	
72  0      0 42495424  19972 117288    0    0     0     0 4089 253325 80 20  0  0  0	
69  0      0 42495424  19972 117288    0    0     0     0 4079 256720 80 20  0  0  0	
69  0      0 42495424  19980 117288    0    0     0    28 4086 257139 80 20  0  0  0	
69  0      0 42495424  19980 117288    0    0     0     0 4074 256772 81 19  0  0  0	
67  0      0 42495424  19980 117288    0    0     0     0 4079 257386 79 21  0  0  0	
68  0      0 42495424  19980 117288    0    0     0     0 4093 257093 81 19  0  0  0	
68  0      0 42495424  19980 117288    0    0     0     0 4078 257130 80 20  0  0  0	
71  0      0 42495424  19988 117280    0    0     0    12 4084 256425 79 21  0  0  0	
68  0      0 42495424  19988 117288    0    0     0     0 4084 257198 80 20  0  0  0	
procs -----------memory---------- ---swap-- -----io---- --system-- -----cpu-----
 r  b   swpd   free   buff  cache   si   so    bi    bo   in   cs us sy id wa st
71  0      0 42495424  19988 117288    0    0     0     0 4077 254232 80 20  0  0  0	
69  0      0 42495424  19988 117288    0    0     0     0 4089 255606 79 21  0  0  0	
69  0      0 42495424  19988 117288    0    0     0     0 4086 257215 81 20  0  0  0	
70  0      0 42495424  19988 117288    0    0     0     0 4075 257135 80 20  0  0  0	
69  0      0 42495300  19996 117288    0    0     0    12 4088 257384 80 20  0  0  0	
69  0      0 42495300  19996 117288    0    0     0     0 4079 257334 80 20  0  0  0	
70  0      0 42495300  19996 117288    0    0     0     0 4089 256912 80 20  0  0  0	
67  0      0 42495300  19996 117292    0    0     0     0 4078 256875 80 20  0  0  0	
66  0      0 42495300  19996 117292    0    0     0     0 4076 256610 81 19  0  0  0	
72  0      0 42495300  20004 117284    0    0     0    12 4084 256899 81 19  0  0  0	
67  0      0 42495300  20004 117292    0    0     0     0 4074 254583 81 19  0  0  0	
67  0      0 42495300  20004 117292    0    0     0     0 4096 255811 82 18  0  0  0	
70  0      0 42495300  20004 117292    0    0     0     0 4079 256820 80 20  0  0  0	
67  0      0 42495300  20004 117292    0    0     0     0 4080 257541 80 20  0  0  0	
70  0      0 42495300  20004 117292    0    0     0     0 4078 257099 79 21  0  0  0	
68  0      0 42495176  20012 117292    0    0     0    12 4089 257122 80 20  0  0  0	
69  0      0 42495176  20012 117292    0    0     0     0 4092 256916 80 20  0  0  0	
68  0      0 42495176  20012 117292    0    0     0     0 4071 257075 80 20  0  0  0	
67  0      0 42495176  20012 117292    0    0     0     4 4082 254460 80 20  0  0  0	
67  0      0 42495176  20012 117292    0    0     0     0 4077 252853 81 20  0  0  0	
71  0      0 42495176  20020 117284    0    0     0    16 4097 253574 81 19  0  0  0	
procs -----------memory---------- ---swap-- -----io---- --system-- -----cpu-----
 r  b   swpd   free   buff  cache   si   so    bi    bo   in   cs us sy id wa st
70  0      0 42495176  20020 117292    0    0     0     0 4080 253298 81 19  0  0  0	
69  0      0 42495176  20020 117292    0    0     0     0 4081 256845 81 20  0  0  0	
69  0      0 42495176  20020 117292    0    0     0    16 4075 256929 80 20  0  0  0	
70  0      0 42495176  20020 117292    0    0     0     0 4077 257128 80 20  0  0  0	
67  0      0 42495176  20020 117292    0    0     0     0 4093 257311 80 20  0  0  0	
71  0      0 42495176  20028 117292    0    0     0    24 4082 257170 80 20  0  0  0	
68  0      0 42495176  20028 117292    0    0     0     0 4076 257260 81 19  0  0  0	
67  0      0 42495176  20028 117296    0    0     0     0 4078 254272 81 19  0  0  0	
70  0      0 42495176  20028 117296    0    0     0     0 4075 256580 82 18  0  0  0	
70  0      0 42495176  20028 117296    0    0     0     0 4090 253927 80 20  0  0  0	
66  0      0 42495176  20036 117288    0    0     0    12 4084 256033 80 20  0  0  0	
70  0      0 42495176  20036 117296    0    0     0     0 4078 257149 80 20  0  0  0	
70  0      0 42495176  20036 117296    0    0     0     0 4075 257268 82 18  0  0  0	
69  0      0 42495176  20036 117296    0    0     0     0 4076 256975 81 19  0  0  0	
70  0      0 42495176  20036 117296    0    0     0     0 4095 257173 81 19  0  0  0	
68  0      0 42495176  20036 117296    0    0     0     0 4071 256601 80 20  0  0  0	
69  0      0 42495176  20044 117296    0    0     0    12 4085 255942 81 20  0  0  0	
69  0      0 42495176  20044 117296    0    0     0     0 4071 256551 81 19  0  0  0	
71  0      0 42495176  20044 117296    0    0     0     0 4073 256925 79 21  0  0  0	
69  0      0 42495176  20044 117300    0    0     0     0 4092 254107 78 22  0  0  0	
69  0      0 42495176  20044 117300    0    0     0     0 4076 252655 81 19  0  0  0	
procs -----------memory---------- ---swap-- -----io---- --system-- -----cpu-----
 r  b   swpd   free   buff  cache   si   so    bi    bo   in   cs us sy id wa st
67  0      0 42495176  20052 117292    0    0     0    12 4081 256639 80 20  0  0  0	
67  0      0 42495176  20052 117300    0    0     0     0 4078 256878 81 19  0  0  0	
67  0      0 42495176  20052 117300    0    0     0     0 4093 257169 80 20  0  0  0	
67  0      0 42495176  20052 117300    0    0     0     0 4076 256912 82 18  0  0  0	
70  0      0 42495176  20052 117300    0    0     0     0 4076 256654 81 19  0  0  0	
68  0      0 42495176  20052 117300    0    0     0     0 4078 256805 79 21  0  0  0	
67  0      0 42495176  20060 117300    0    0     0    12 4084 256344 82 18  0  0  0	
68  0      0 42495176  20060 117300    0    0     0    12 4090 257333 81 19  0  0  0	
68  0      0 42495176  20060 117300    0    0     0     0 4076 253255 80 20  0  0  0	
68  0      0 42495176  20060 117300    0    0     0     0 4078 256954 81 19  0  0  0	
69  0      0 42495176  20060 117300    0    0     0     0 4075 256768 81 19  0  0  0	
68  0      0 42495176  20068 117292    0    0     0    24 4079 257040 81 19  0  0  0	
71  0      0 42495176  20068 117300    0    0     0     8 4093 257000 80 20  0  0  0	
72  0      0 42495176  20068 117300    0    0     0     0 4070 257062 80 20  0  0  0	
71  0      0 42495176  20068 117300    0    0     0     0 4076 257242 79 21  0  0  0	
71  0      0 42495176  20068 117300    0    0     0     0 4074 257398 80 20  0  0  0	
70  0      0 42495176  20068 117300    0    0     0     0 4077 255876 81 19  0  0  0	
71  0      0 42495176  20076 117300    0    0     0    44 4105 256875 80 20  0  0  0	
68  0      0 42495176  20076 117300    0    0     0     0 4076 255669 79 21  0  0  0	
72  0      0 42495176  20076 117300    0    0     0     0 4077 257269 80 20  0  0  0	
70  0      0 42495176  20076 117300    0    0     0     0 4073 257386 80 20  0  0  0	
procs -----------memory---------- ---swap-- -----io---- --system-- -----cpu-----
 r  b   swpd   free   buff  cache   si   so    bi    bo   in   cs us sy id wa st
69  0      0 42495176  20076 117300    0    0     0     0 4078 257041 80 20  0  0  0	
68  0      0 42495176  20084 117292    0    0     0    12 4099 256942 80 20  0  0  0	
70  0      0 42495176  20084 117300    0    0     0     0 4077 256984 81 19  0  0  0	
74  0      0 42495176  20084 117300    0    0     0     0 4076 255898 80 20  0  0  0	
70  0      0 42495176  20084 117300    0    0     0     0 4078 256897 82 18  0  0  0	
71  0      0 42495176  20084 117300    0    0     0     0 4072 256846 81 19  0  0  0	
66  0      0 42495176  20084 117300    0    0     0     0 4092 257042 80 20  0  0  0	
70  0      0 42495176  20092 117300    0    0     0    12 4079 253878 82 18  0  0  0	
69  0      0 42495176  20092 117300    0    0     0     0 4068 253072 81 19  0  0  0	
67  0      0 42495176  20092 117304    0    0     0     0 4078 256840 82 18  0  0  0	
67  0      0 42495176  20092 117308    0    0     0     0 4074 256854 80 20  0  0  0	
69  0      0 42495176  20092 117308    0    0     0     0 4094 254237 80 20  0  0  0	
70  0      0 42495176  20100 117300    0    0     0    12 4082 252860 80 20  0  0  0	
70  0      0 42495176  20100 117308    0    0     0     0 4077 254114 80 20  0  0  0	
69  0      0 42495176  20100 117308    0    0     0     0 4079 256925 79 21  0  0  0	
68  0      0 42495176  20100 117308    0    0     0     0 4076 257021 80 20  0  0  0	
67  0      0 42495176  20100 117308    0    0     0     0 4093 256784 81 19  0  0  0	
68  0      0 42495176  20100 117308    0    0     0     0 4076 254205 80 20  0  0  0	
69  0      0 42495176  20108 117308    0    0     0    12 4084 256764 80 20  0  0  0	
70  0      0 42495176  20108 117308    0    0     0     0 4075 256882 80 20  0  0  0	
69  0      0 42495176  20108 117308    0    0     0     0 4094 257077 81 19  0  0  0	
procs -----------memory---------- ---swap-- -----io---- --system-- -----cpu-----
 r  b   swpd   free   buff  cache   si   so    bi    bo   in   cs us sy id wa st
71  0      0 42495176  20108 117308    0    0     0     0 4075 256734 80 20  0  0  0	
68  0      0 42495176  20108 117308    0    0     0    16 4079 256809 81 19  0  0  0	
68  0      0 42495176  20116 117300    0    0     0    28 4079 256907 81 19  0  0  0	
70  0      0 42495176  20116 117308    0    0     0     0 4078 256438 81 19  0  0  0	
69  0      0 42495176  20116 117308    0    0     0     0 4088 256739 80 20  0  0  0	
69  0      0 42495176  20116 117308    0    0     0     0 4072 257012 80 20  0  0  0	
70  0      0 42495176  20116 117308    0    0     0     0 4077 253512 80 20  0  0  0	
68  0      0 42495176  20116 117308    0    0     0     0 4074 256592 81 19  0  0  0	
70  0      0 42495176  20124 117308    0    0     0    12 4087 256477 81 19  0  0  0	
68  0      0 42495176  20124 117308    0    0     0     0 4091 257115 80 20  0  0  0	
73  0      0 42495176  20124 117308    0    0     0     0 4078 256829 80 20  0  0  0	
67  0      0 42495176  20124 117308    0    0     0    16 4082 257021 81 19  0  0  0	
70  0      0 42495176  20124 117308    0    0     0     0 4075 257010 80 20  0  0  0	
69  0      0 42495176  20132 117300    0    0     0    12 4082 256391 80 20  0  0  0	
73  0      0 42495176  20132 117308    0    0     0     0 4090 254138 80 20  0  0  0	
66  0      0 42495176  20132 117308    0    0     0     0 4081 256983 80 20  0  0  0	
70  0      0 42495176  20132 117308    0    0     0     0 4071 252432 81 19  0  0  0	
70  0      0 42495176  20132 117308    0    0     0     0 4074 255234 81 19  0  0  0	
69  0      0 42495176  20132 117308    0    0     0     0 4075 256600 81 19  0  0  0	
69  0      0 42495176  20140 117308    0    0     0    12 4100 257089 81 19  0  0  0	
70  0      0 42495176  20140 117308    0    0     0     0 4101 256593 80 20  0  0  0	
procs -----------memory---------- ---swap-- -----io---- --system-- -----cpu-----
 r  b   swpd   free   buff  cache   si   so    bi    bo   in   cs us sy id wa st
69  0      0 42495176  20140 117312    0    0     0     0 4075 256614 81 19  0  0  0	
72  0      0 42495176  20140 117312    0    0     0     0 4078 256704 80 20  0  0  0	
70  0      0 42495176  20140 117312    0    0     0     0 4076 256589 80 20  0  0  0	
70  0      0 42495176  20148 117304    0    0     0    12 4099 255627 80 20  0  0  0	
69  0      0 42495176  20148 117312    0    0     0     0 4077 256524 80 20  0  0  0	
66  0      0 42495176  20148 117312    0    0     0     0 4079 254140 81 19  0  0  0	
69  0      0 42495176  20148 117312    0    0     0     0 4078 256515 80 20  0  0  0	
72  0      0 42495176  20148 117312    0    0     0     0 4094 257127 80 20  0  0  0	
69  0      0 42495176  20148 117312    0    0     0     0 4076 257138 80 20  0  0  0	
67  0      0 42495176  20156 117312    0    0     0    12 4082 257025 81 19  0  0  0	
66  0      0 42495176  20156 117312    0    0     0     8 4081 257115 80 20  0  0  0	
73  0      0 42495176  20156 117316    0    0     0     0 4081 257121 81 19  0  0  0	
68  0      0 42495176  20156 117316    0    0     0     0 4094 257040 79 21  0  0  0	
67  0      0 42495176  20156 117316    0    0     0     0 4077 255940 80 20  0  0  0	
71  0      0 42495176  20164 117308    0    0     0    24 4078 256989 80 20  0  0  0	
69  0      0 42495052  20164 117316    0    0     0     8 4076 255063 80 20  0  0  0	
69  0      0 42495052  20164 117316    0    0     0     0 4077 256825 80 20  0  0  0	
68  0      0 42495052  20164 117316    0    0     0     0 4095 256858 81 19  0  0  0	
73  0      0 42495052  20164 117316    0    0     0     0 4076 256590 80 20  0  0  0	
69  0      0 42495052  20164 117316    0    0     0     0 4081 257000 81 19  0  0  0	
68  0      0 42495052  20172 117316    0    0     0    24 4084 256985 81 19  0  0  0	
procs -----------memory---------- ---swap-- -----io---- --system-- -----cpu-----
 r  b   swpd   free   buff  cache   si   so    bi    bo   in   cs us sy id wa st
70  0      0 42495052  20172 117316    0    0     0     0 4082 254735 80 20  0  0  0	
70  0      0 42495052  20172 117316    0    0     0     0 4093 257273 79 21  0  0  0	
67  0      0 42495052  20172 117316    0    0     0     0 4080 256506 80 20  0  0  0	
69  0      0 42495052  20172 117316    0    0     0     0 4077 256482 80 20  0  0  0	
69  0      0 42495052  20180 117308    0    0     0    12 4081 251483 81 19  0  0  0	
71  0      0 42495052  20180 117316    0    0     0    16 4084 249140 80 20  0  0  0	
69  0      0 42495052  20180 117316    0    0     0     0 4108 256579 82 18  0  0  0	
69  0      0 42495052  20180 117316    0    0     0     0 4080 256938 80 20  0  0  0	
68  0      0 42495052  20180 117316    0    0     0     0 4078 257084 80 20  0  0  0	
69  0      0 42495052  20180 117316    0    0     0     0 4077 256962 81 19  0  0  0	
68  0      0 42495052  20188 117316    0    0     0    12 4092 256735 81 19  0  0  0	
69  0      0 42495052  20188 117316    0    0     0     0 4077 257095 81 19  0  0  0	
69  0      0 42495052  20188 117320    0    0     0     0 4078 256570 80 20  0  0  0	
70  0      0 42495052  20188 117320    0    0     0     0 4081 257008 81 19  0  0  0	
67  0      0 42495052  20188 117320    0    0     0     0 4078 254567 81 19  0  0  0	
72  0      0 42495052  20196 117312    0    0     0    12 4100 256338 82 18  0  0  0	
68  0      0 42495052  20196 117320    0    0     0     0 4082 257161 79 21  0  0  0	
70  0      0 42495052  20196 117320    0    0     0     0 4078 256722 80 20  0  0  0	
70  0      0 42495052  20196 117320    0    0     0     0 4081 255856 80 20  0  0  0	
71  0      0 42495052  20196 117320    0    0     0     0 4075 256781 81 19  0  0  0	
66  0      0 42495052  20196 117320    0    0     0     0 4096 255814 80 20  0  0  0	
procs -----------memory---------- ---swap-- -----io---- --system-- -----cpu-----
 r  b   swpd   free   buff  cache   si   so    bi    bo   in   cs us sy id wa st
68  0      0 42495052  20204 117320    0    0     0    16 4086 257078 81 19  0  0  0	
68  0      0 42495052  20204 117320    0    0     0     0 4080 256224 81 19  0  0  0	
69  0      0 42495052  20204 117320    0    0     0     0 4076 256868 80 20  0  0  0	
69  0      0 42495052  20204 117320    0    0     0     0 4075 251480 81 19  0  0  0	
68  0      0 42494432  20204 117320    0    0     0    12 4259 252598 80 20  0  0  0	
69  0      0 42494432  20212 117312    0    0     0    32 4076 255819 81 19  0  0  0	
67  0      0 42494432  20212 117320    0    0     0     0 4077 255859 81 19  0  0  0	
69  0      0 42494432  20212 117320    0    0     0     0 4078 256642 80 20  0  0  0	
69  0      0 42494432  20212 117320    0    0     0     0 4094 256193 81 19  0  0  0	
68  0      0 42494432  20212 117320    0    0     0     0 4076 255894 81 19  0  0  0	
67  0      0 42494432  20212 117320    0    0     0     0 4075 256158 80 20  0  0  0	
71  0      0 42494432  20220 117320    0    0     0    12 4085 256347 81 19  0  0  0	
66  0      0 42494432  20220 117320    0    0     0     0 4075 256995 80 20  0  0  0	
69  0      0 42494432  20220 117324    0    0     0     0 4097 252792 80 20  0  0  0	
69  0      0 42494432  20220 117324    0    0     0     0 4074 256415 81 19  0  0  0	
68  0      0 42494432  20220 117324    0    0     0     0 4079 256253 81 19  0  0  0	
71  0      0 42494432  20228 117316    0    0     0    12 4079 256765 80 20  0  0  0	
68  0      0 42494432  20228 117324    0    0     0     0 4082 256918 81 19  0  0  0	
67  0      0 42494432  20228 117324    0    0     0     0 4091 256863 80 20  0  0  0	
67  0      0 42494432  20228 117324    0    0     0    24 4079 256867 81 19  0  0  0	
69  0      0 42494432  20228 117324    0    0     0     0 4079 256948 81 19  0  0  0	
procs -----------memory---------- ---swap-- -----io---- --system-- -----cpu-----
 r  b   swpd   free   buff  cache   si   so    bi    bo   in   cs us sy id wa st
68  0      0 42494432  20228 117324    0    0     0     0 4068 256628 81 19  0  0  0	
71  0      0 42494432  20236 117324    0    0     0    12 4085 256724 80 20  0  0  0	
70  0      0 42494432  20236 117324    0    0     0     0 4090 254432 81 19  0  0  0	
69  0      0 42494432  20236 117328    0    0     0     0 4079 256730 79 21  0  0  0	
69  0      0 42494432  20236 117328    0    0     0     0 4077 254665 80 20  0  0  0	
72  0      0 42494432  20236 117328    0    0     0     0 4078 257045 81 19  0  0  0	
72  0      0 42494432  20244 117320    0    0     0    12 4082 257056 81 19  0  0  0	
68  0      0 42494432  20244 117328    0    0     0     0 4091 256876 80 20  0  0  0	
69  0      0 42494432  20244 117328    0    0     0     0 4079 256622 80 20  0  0  0	
68  0      0 42494432  20244 117328    0    0     0     4 4075 257177 81 19  0  0  0	
70  0      0 42494432  20244 117328    0    0     0     0 4077 252830 80 20  0  0  0	
70  0      0 42494432  20244 117328    0    0     0     0 4089 256727 81 19  0  0  0	
70  0      0 42494432  20252 117328    0    0     0    12 4082 253997 80 20  0  0  0	
69  0      0 42494432  20252 117328    0    0     0     0 4076 256828 81 19  0  0  0	
68  0      0 42494432  20252 117328    0    0     0    24 4085 256952 80 20  0  0  0	
68  0      0 42494432  20252 117328    0    0     0     0 4070 256909 81 19  0  0  0	
73  0      0 42494432  20252 117328    0    0     0     0 4088 257329 81 19  0  0  0	
67  0      0 42494432  20260 117320    0    0     0    28 4077 256823 81 19  0  0  0	
