procs -----------memory---------- ---swap-- -----io---- --system-- -----cpu-----
 r  b   swpd   free   buff  cache   si   so    bi    bo   in   cs us sy id wa st
 1  0      0 47543680   7904  64024    0    0  3527    10  147 1315 41 13 33 12  1	
 1  0      0 47539452   7904  64028    0    0   176     0 39358 39400  1  0 98  0  0	
 1  0      0 47539948   7912  64032    0    0   192    88 40284 40404  1  0 98  0  0	
 2  0      0 47539700   7912  64032    0    0   176     0 39585 39745  1  0 99  0  0	
 1  0      0 47539780   7912  64036    0    0   208     0 39790 39880  1  0 99  0  0	
 1  0      0 47539052   7920  64032    0    0   208    44 39253 39376  1  0 99  0  0	
 2  0      0 47539444   7920  64032    0    0   272     0 39035 39177  1  0 99  0  0	
 2  0      0 47539040   7920  64032    0    0   176     0 39806 39929  1  0 98  0  0	
 1  0      0 47538788   7920  64040    0    0   192     0 39757 39980  1  0 99  0  0	
 1  0      0 47538664   7920  64044    0    0   240     0 38765 38874  1  0 99  0  0	
 1  0      0 47538664   7920  64044    0    0   176     0 39610 39712  1  0 99  0  0	
 1  0      0 47539552   7928  64040    0    0   160    20 39521 39576  1  0 99  0  0	
 1  0      0 47539056   7928  64040    0    0   256     0 39520 39658  1  1 98  0  0	
 2  0      0 47537524   7928  64048    0    0   352     0 39561 39686  1  0 99  0  0	
 0  1      0 47538532   7928  64048    0    0   288     0 39435 39575  1  0 99  0  0	
 2  0      0 47537344   7936  64044    0    0   320    52 39395 39532  1  1 98  0  0	
 1  0      0 47536856   7936  64052    0    0   288     0 39376 39522  1  0 99  0  0	
 1  0      0 47536732   7936  64052    0    0   336     0 39208 39358  1  0 99  0  0	
 2  0      0 47536620   7936  64056    0    0   272     0 39663 39762  1  1 98  0  0	
 1  0      0 47536620   7936  64056    0    0   272     0 39653 39798  1  0 99  0  0	
 1  0      0 47537012   7936  64056    0    0   288     0 39517 39599  1  0 99  0  0	
procs -----------memory---------- ---swap-- -----io---- --system-- -----cpu-----
 r  b   swpd   free   buff  cache   si   so    bi    bo   in   cs us sy id wa st
 1  0      0 47536080   7944  64064    0    0   192    20 39788 39935  1  0 99  0  0	
 1  0      0 47535584   7944  64064    0    0   192     0 39352 39484  1  1 98  0  0	
 1  0      0 47535692   7944  64064    0    0   160     0 39596 39690  1  0 99  0  0	
 1  0      0 47535288   7944  64068    0    0   288     0 40135 40285  1  0 99  0  0	
 1  0      0 47536176   7952  64060    0    0   240    48 39861 40105  1  0 99  0  0	
 1  0      0 47535176   7952  64060    0    0   272     0 38488 38707  1  1 98  0  0	
 0  1      0 47535176   7952  64060    0    0   272     0 40281 40489  1  0 99  0  0	
 1  0      0 47534212   7952  64076    0    0   352    60 40638 40808  1  0 98  0  0	
 1  0      0 47533988   7952  64076    0    0   272     0 40302 40600  1  0 98  0  0	
 1  0      0 47533336   7952  64080    0    0   336     0 40535 40718  1  0 98  0  0	
 1  0      0 47533212   7960  64072    0    0   224    20 40343 40546  1  0 98  0  0	
 1  0      0 47532724   7960  64080    0    0   304     0 40582 40779  1  1 98  0  0	
 1  0      0 47532624   7964  64088    0    0   276    32 40405 40619  1  0 98  0  0	
 2  0      0 47532980   7972  64084    0    0   352    48 40264 40455  1  0 98  0  0	
 2  0      0 47532980   7972  64084    0    0   160     0 40567 40758  1  0 99  0  0	
 2  0      0 47533868   7972  64084    0    0   256     0 40553 40742  1  0 98  0  0	
 2  0      0 47532868   7972  64084    0    0   224     0 40282 40523  1  0 98  0  0	
 2  1      0 47530972   7972  64104    0    0   288     8 40680 40925  1  0 99  0  0	
 1  0      0 47530568   7980  64108    0    0   176    40 39623 39852  1  0 99  0  0	
 1  0      0 47530080   7980  64108    0    0   240     0 40571 40778  1  0 98  0  0	
 1  0      0 47530036   7980  64112    0    0   288     0 40740 40920  1  0 99  0  0	
procs -----------memory---------- ---swap-- -----io---- --system-- -----cpu-----
 r  b   swpd   free   buff  cache   si   so    bi    bo   in   cs us sy id wa st
 1  0      0 47528980   7980  64112    0    0   224     0 40711 40961  1  0 99  0  0	
 1  0      0 47528928   7988  64108    0    0   208    52 39787 40062  1  1 98  0  0	
 1  0      0 47528432   7988  64108    0    0   288     0 40618 40856  1  1 98  0  0	
 1  0      0 47529320   7988  64108    0    0   320     0 40162 40411  1  0 99  0  0	
 1  0      0 47527832   7988  64108    0    0   272     0 40114 40303  1  0 99  0  0	
 1  0      0 47527336   7988  64108    0    0   368     0 40359 40596  1  0 99  0  0	
 1  0      0 47527576   7996  64128    0    0   224    20 40755 41001  1  0 99  0  0	
 2  0      0 47527204   7996  64128    0    0   352     0 40377 40615  1  0 99  0  0	
 1  0      0 47526708   7996  64128    0    0   288     0 40466 40726  1  0 99  0  0	
 1  0      0 47526648   7996  64132    0    0   224     0 40469 40635  1  0 99  0  0	
 1  0      0 47526152   7996  64132    0    0   320     0 39406 39510  1  0 98  0  0	
 1  0      0 47526100   8004  64124    0    0   336    48 39416 39514  1  0 98  0  0	
 1  0      0 47526100   8004  64124    0    0   288     0 39255 39357  1  0 98  0  0	
 1  0      0 47525604   8004  64124    0    0   256     0 38657 38769  1  1 99  0  0	
 1  0      0 47525568   8004  64140    0    0   192     0 39553 39648  1  0 99  0  0	
 1  0      0 47525568   8004  64140    0    0   240     0 38704 38803  1  0 99  0  0	
 0  1      0 47525552   8012  64140    0    0   272    20 39456 39459  1  0 98  0  0	
 1  0      0 47525032   8012  64144    0    0   192     0 39618 39821  1  1 98  0  0	
 1  0      0 47524288   8012  64144    0    0   256     0 39699 39948  1  0 99  0  0	
 1  0      0 47525140   8012  64144    0    0   288     0 39192 39316  1  1 98  0  0	
 2  0      0 47524040   8020  64152    0    0   272    52 38905 39112  1  0 99  0  0	
procs -----------memory---------- ---swap-- -----io---- --system-- -----cpu-----
 r  b   swpd   free   buff  cache   si   so    bi    bo   in   cs us sy id wa st
 2  0      0 47523792   8020  64152    0    0   304    40 39074 39221  1  0 99  0  0	
 1  0      0 47524156   8020  64156    0    0   448     0 39156 39241  1  0 98  0  0	
 1  0      0 47523148   8020  64156    0    0   240     0 39208 39413  1  0 99  0  0	
 1  0      0 47524036   8020  64160    0    0   192     0 39712 39801  1  0 98  0  0	
 1  0      0 47523540   8028  64152    0    0   224    20 39345 39493  1  0 99  0  0	
 1  0      0 47523984   8028  64156    0    0   240    40 39517 39655  1  1 98  0  0	
 2  0      0 47522516   8028  64160    0    0   304     0 39546 39757  1  0 99  0  0	
 1  0      0 47522732   8028  64168    0    0   256     0 39729 39815  1  0 99  0  0	
 1  0      0 47521608   8036  64164    0    0   288    52 39608 39735  1  0 99  0  0	
 1  0      0 47522600   8036  64164    0    0   192     0 39811 39895  1  0 99  0  0	
 1  0      0 47521608   8036  64176    0    0   288     0 39224 39331  1  0 99  0  0	
 1  0      0 47522104   8036  64176    0    0   272    12 39466 39567  1  0 99  0  0	
 1  0      0 47521304   8036  64180    0    0   176     0 38927 39126  1  0 99  0  0	
 1  0      0 47521776   8044  64172    0    0   192    32 38197 38364  1  1 98  0  0	
 2  0      0 47520708   8044  64180    0    0   256     0 39303 39431  1  0 98  0  0	
 1  0      0 47520212   8044  64180    0    0   208     0 39730 39868  1  0 99  0  0	
 1  0      0 47520588   8052  64176    0    0   240    52 39644 39743  1  0 99  0  0	
 1  0      0 47520064   8052  64184    0    0   288     0 39481 39664  1  0 99  0  0	
 1  0      0 47521048   8052  64188    0    0   208     0 39401 39529  1  0 98  0  0	
 0  1      0 47520048   8052  64188    0    0   368     0 39115 39237  1  0 99  0  0	
 2  0      0 47520500   8052  64188    0    0   304     0 39565 39694  1  0 99  0  0	
procs -----------memory---------- ---swap-- -----io---- --system-- -----cpu-----
 r  b   swpd   free   buff  cache   si   so    bi    bo   in   cs us sy id wa st
 1  0      0 47519492   8060  64180    0    0   144    20 39785 39888  1  0 98  0  0	
 1  0      0 47518724   8060  64192    0    0   144     0 39412 39521  1  0 99  0  0	
 1  0      0 47517980   8060  64196    0    0   400     0 39360 39506  1  0 99  0  0	
 1  0      0 47518308   8068  64192    0    0   288    52 38743 38902  1  0 99  0  0	
 2  0      0 47517484   8068  64204    0    0   240     0 40526 40727  1  0 99  0  0	
 1  0      0 47518228   8068  64208    0    0   288     0 40644 40810  1  0 98  0  0	
 1  0      0 47517980   8068  64208    0    0   224     0 40643 40895  1  0 99  0  0	
 1  0      0 47517608   8068  64208    0    0   304     0 40356 40592  1  0 98  0  0	
 1  0      0 47517360   8076  64200    0    0   288    20 40426 40669  1  0 98  0  0	
 2  0      0 47517236   8076  64200    0    0   256     0 40571 40788  1  0 98  0  0	
 1  0      0 47517236   8076  64200    0    0   192     0 40617 40846  1  0 98  0  0	
 1  0      0 47516740   8076  64200    0    0   336     0 39981 40175  1  0 98  0  0	
 1  0      0 47516368   8076  64208    0    0   144     0 40527 40801  1  0 99  0  0	
 1  0      0 47516244   8076  64208    0    0   368     0 39928 40173  1  0 99  0  0	
 1  0      0 47515748   8084  64208    0    0   192    12 40630 40880  1  1 98  0  0	
 1  0      0 47515748   8084  64208    0    0   256    60 40558 40811  1  0 98  0  0	
 1  0      0 47515252   8084  64208    0    0   240     0 40670 40859  1  0 99  0  0	
 2  0      0 47515252   8084  64208    0    0   352     0 40266 40589  1  0 99  0  0	
 1  0      0 47514756   8084  64208    0    0   256     0 40548 40785  1  0 98  0  0	
 1  0      0 47514756   8092  64200    0    0   288    32 40263 40472  1  0 99  0  0	
 1  0      0 47514136   8092  64212    0    0   208     0 40713 40936  1  0 99  0  0	
procs -----------memory---------- ---swap-- -----io---- --system-- -----cpu-----
 r  b   swpd   free   buff  cache   si   so    bi    bo   in   cs us sy id wa st
 1  0      0 47514136   8092  64212    0    0   192     0 39414 39623  1  0 99  0  0	
 1  0      0 47514136   8092  64212    0    0   288     0 40181 40397  1  0 99  0  0	
 2  0      0 47513640   8092  64212    0    0   272     0 39519 39799  1  0 98  0  0	
 1  0      0 47513640   8092  64212    0    0   224     0 40672 40904  1  0 98  0  0	
 1  0      0 47513144   8100  64204    0    0   256    16 40492 40783  1  0 98  0  0	
 1  0      0 47513144   8100  64204    0    0   272     0 40593 40826  1  0 98  0  0	
 1  0      0 47512648   8100  64204    0    0   224     0 40336 40570  1  0 99  0  0	
 1  0      0 47512276   8100  64212    0    0   192     0 40628 40890  1  1 98  0  0	
 1  0      0 47512276   8100  64212    0    0   160     0 40648 40890  1  0 99  0  0	
 2  0      0 47512276   8108  64204    0    0   240    12 40626 40844  1  0 99  0  0	
 1  0      0 47511780   8108  64204    0    0   224     0 40195 40390  1  1 99  0  0	
 1  0      0 47511780   8108  64204    0    0   240     0 40475 40701  1  0 98  0  0	
 1  0      0 47511284   8108  64204    0    0   208     0 40495 40811  1  0 98  0  0	
 1  0      0 47511284   8108  64204    0    0   304     0 40621 40847  1  0 99  0  0	
 1  0      0 47510788   8108  64204    0    0   160     0 40831 41039  1  0 99  0  0	
 1  0      0 47510664   8116  64212    0    0   256    12 39368 39728  1  0 98  0  0	
 1  0      0 47510664   8116  64212    0    0   272     0 39246 39575  1  0 99  0  0	
 1  0      0 47510292   8116  64212    0    0   320     0 40449 40736  1  0 99  0  0	
 1  0      0 47510292   8116  64212    0    0   288     0 40442 40644  1  0 98  0  0	
 1  0      0 47509796   8116  64212    0    0   224     0 40268 40451  1  0 99  0  0	
 1  0      0 47509796   8124  64204    0    0   160    12 40058 40372  1  0 99  0  0	
procs -----------memory---------- ---swap-- -----io---- --system-- -----cpu-----
 r  b   swpd   free   buff  cache   si   so    bi    bo   in   cs us sy id wa st
 2  0      0 47509796   8124  64204    0    0   192     0 39326 39599  1  0 99  0  0	
 1  0      0 47509300   8124  64204    0    0    96     0 40447 40653  1  0 99  0  0	
 1  0      0 47509300   8124  64212    0    0   288     0 40602 40789  1  0 98  0  0	
 1  0      0 47509300   8124  64212    0    0   304     0 40501 40736  1  0 99  0  0	
 1  0      0 47508804   8124  64212    0    0   256    16 40623 40847  1  0 98  0  0	
 1  0      0 47508804   8132  64204    0    0   208    20 40058 40278  1  0 99  0  0	
 1  0      0 47508804   8132  64204    0    0   144     0 40679 40936  1  0 98  0  0	
 1  0      0 47508308   8132  64204    0    0   208     0 40464 40729  1  0 98  0  0	
 2  0      0 47508060   8132  64216    0    0   112     0 40679 40888  1  0 99  0  0	
 1  0      0 47507812   8132  64216    0    0   272    20 40205 40407  1  0 98  0  0	
 1  0      0 47507812   8140  64216    0    0   320    12 40532 40740  1  0 98  0  0	
 1  0      0 47507812   8140  64216    0    0    64     0 39850 40098  1  0 98  0  0	
 1  0      0 47507316   8140  64216    0    0   272     0 40529 40753  1  1 98  0  0	
 1  0      0 47507316   8140  64216    0    0   224     0 40669 40916  1  0 99  0  0	
 1  0      0 47506696   8140  64220    0    0   288     0 40661 40880  1  0 98  0  0	
 1  0      0 47506448   8140  64220    0    0   272     0 40594 40865  1  0 99  0  0	
 1  0      0 47506324   8148  64212    0    0   272    12 40595 40785  1  0 99  0  0	
 1  0      0 47505828   8148  64212    0    0   256     0 40661 40827  1  0 98  0  0	
 1  0      0 47505704   8148  64220    0    0   192     0 39629 39919  1  0 98  0  0	
 1  0      0 47505704   8148  64220    0    0   160     0 40313 40527  1  0 99  0  0	
 1  0      0 47505208   8148  64220    0    0   336     0 39924 40180  1  1 98  0  0	
procs -----------memory---------- ---swap-- -----io---- --system-- -----cpu-----
 r  b   swpd   free   buff  cache   si   so    bi    bo   in   cs us sy id wa st
 1  0      0 47505208   8156  64212    0    0   304    12 40157 40398  1  0 99  0  0	
 1  0      0 47504712   8156  64212    0    0   240     0 40702 40911  1  0 98  0  0	
 1  0      0 47504712   8156  64212    0    0   224     0 40568 40872  1  0 98  0  0	
 1  0      0 47504216   8156  64212    0    0   240     0 40682 40948  1  0 99  0  0	
 2  0      0 47504216   8156  64212    0    0   224     0 40793 40988  1  0 99  0  0	
 2  0      0 47503472   8156  64220    0    0   256     0 40693 40913  1  0 98  0  0	
 1  0      0 47503472   8164  64220    0    0   192    12 40033 40273  1  0 99  0  0	
 1  0      0 47503472   8164  64220    0    0   192     0 40651 40895  1  0 99  0  0	
 1  0      0 47502976   8164  64220    0    0   192     0 40145 40358  1  0 99  0  0	
 1  0      0 47502976   8164  64220    0    0   256     0 40563 40800  1  0 98  0  0	
 1  0      0 47502976   8164  64220    0    0   144     0 40068 40356  1  1 98  0  0	
 1  0      0 47502480   8172  64212    0    0   128    16 40770 40983  1  0 98  0  0	
 1  0      0 47502480   8172  64212    0    0   240     0 40489 40728  1  0 99  0  0	
 1  0      0 47501984   8172  64220    0    0   256     0 40541 40728  1  0 99  0  0	
 2  0      0 47501984   8176  64216    0    0   240    12 40277 40540  1  0 99  0  0	
 1  0      0 47501488   8176  64220    0    0   128     0 40895 41107  1  0 98  0  0	
 1  0      0 47501364   8176  64220    0    0   160     0 39735 39914  1  0 99  0  0	
 1  0      0 47501240   8184  64220    0    0   192    28 40609 40863  1  0 98  0  0	
 2  0      0 47500744   8184  64220    0    0   368     0 39752 40078  1  0 99  0  0	
 1  0      0 47500744   8184  64220    0    0   192     0 40091 40346  1  0 99  0  0	
 1  0      0 47500248   8184  64220    0    0   400     0 40120 40354  1  0 98  0  0	
procs -----------memory---------- ---swap-- -----io---- --system-- -----cpu-----
 r  b   swpd   free   buff  cache   si   so    bi    bo   in   cs us sy id wa st
 1  0      0 47500124   8184  64220    0    0   208     0 40842 41012  1  0 99  0  0	
 2  0      0 47500124   8192  64220    0    0   256    12 40633 40871  1  0 99  0  0	
 2  0      0 47500124   8192  64220    0    0   208     0 40755 40981  1  0 99  0  0	
 1  0      0 47499628   8192  64220    0    0   320    20 40619 40830  1  0 99  0  0	
 1  0      0 47499132   8192  64220    0    0   256     0 40560 40786  1  0 98  0  0	
 1  0      0 47499132   8192  64220    0    0   256     0 40510 40751  1  0 99  0  0	
 1  0      0 47498636   8192  64220    0    0   272     0 40639 40886  1  0 99  0  0	
 2  0      0 47498636   8200  64212    0    0   208    12 40024 40258  1  0 99  0  0	
 2  0      0 47498140   8200  64228    0    0   192     0 40633 40847  1  0 98  0  0	
 1  0      0 47497892   8200  64228    0    0   272     0 40234 40470  1  0 99  0  0	
 2  0      0 47497644   8200  64228    0    0   240     0 40481 40662  1  0 98  0  0	
 1  0      0 47497644   8200  64228    0    0   272     0 40382 40568  1  0 98  0  0	
 1  0      0 47497148   8208  64220    0    0   240    12 40390 40578  1  0 98  0  0	
 2  0      0 47497148   8208  64220    0    0   192     0 40319 40575  1  0 99  0  0	
 1  0      0 47496652   8208  64220    0    0   352     0 40440 40612  1  0 98  0  0	
 2  0      0 47496652   8208  64220    0    0   352     0 40345 40556  1  0 99  0  0	
 1  0      0 47496280   8208  64228    0    0   256     0 40640 40806  1  0 99  0  0	
 1  0      0 47496280   8208  64228    0    0   320     0 40054 40293  1  0 99  0  0	
 1  0      0 47495784   8216  64228    0    0   384    16 39715 39936  1  0 99  0  0	
 1  0      0 47495288   8216  64228    0    0   240     0 40383 40598  1  0 98  0  0	
 1  0      0 47495288   8216  64228    0    0   304     0 40444 40711  1  0 99  0  0	
procs -----------memory---------- ---swap-- -----io---- --system-- -----cpu-----
 r  b   swpd   free   buff  cache   si   so    bi    bo   in   cs us sy id wa st
 1  0      0 47494792   8216  64228    0    0   176     0 40804 41076  1  0 99  0  0	
 1  0      0 47494792   8216  64228    0    0   240     0 40695 40936  1  0 99  0  0	
 1  0      0 47494296   8224  64220    0    0   288    12 40628 40874  1  0 99  0  0	
 1  0      0 47494048   8224  64228    0    0   176     0 40758 41028  1  0 99  0  0	
 1  0      0 47494048   8224  64228    0    0   208     0 40695 40910  1  0 99  0  0	
 1  0      0 47494048   8224  64228    0    0   144     0 40685 40899  1  0 98  0  0	
 1  0      0 47493552   8224  64228    0    0   160     0 39939 40164  1  0 99  0  0	
 1  0      0 47493552   8224  64228    0    0   208    16 40753 40976  1  1 98  0  0	
 1  0      0 47493056   8232  64220    0    0   272    24 40251 40556  1  0 98  0  0	
 1  0      0 47493056   8232  64220    0    0   288     0 40666 40929  1  0 98  0  0	
 1  0      0 47492560   8232  64220    0    0   208     0 40750 40967  1  0 99  0  0	
 2  0      0 47492312   8232  64228    0    0   176     0 40676 40924  1  0 98  0  0	
 1  0      0 47492312   8232  64228    0    0   224     0 40736 40980  1  0 98  0  0	
 1  0      0 47492312   8240  64220    0    0   192    12 40756 40999  1  0 99  0  0	
 1  0      0 47491816   8240  64220    0    0   240     0 40731 40944  1  0 99  0  0	
 2  0      0 47491816   8240  64220    0    0   192     0 40610 40812  1  0 98  0  0	
 2  0      0 47491320   8240  64220    0    0   176     0 40015 40305  1  0 99  0  0	
 1  0      0 47491320   8240  64220    0    0   320     0 40544 40794  1  0 98  0  0	
 1  0      0 47490824   8240  64220    0    0   320    12 40047 40291  1  0 99  0  0	
 1  0      0 47490576   8248  64232    0    0   304    12 40377 40603  1  0 99  0  0	
 1  0      0 47490576   8248  64232    0    0   272     0 40192 40390  1  0 98  0  0	
procs -----------memory---------- ---swap-- -----io---- --system-- -----cpu-----
 r  b   swpd   free   buff  cache   si   so    bi    bo   in   cs us sy id wa st
 1  0      0 47490576   8248  64232    0    0   208     0 40292 40534  1  0 98  0  0	
 1  0      0 47490080   8248  64232    0    0   160     0 40421 40626  1  0 98  0  0	
 1  0      0 47490080   8248  64232    0    0   192     0 40797 41033  1  0 99  0  0	
 1  0      0 47489584   8256  64224    0    0   160    12 40963 41209  1  0 99  0  0	
 1  0      0 47489584   8256  64224    0    0   384     0 40480 40690  1  0 99  0  0	
 1  0      0 47489088   8256  64224    0    0   176     0 40516 40680  1  1 98  0  0	
 1  0      0 47488592   8256  64232    0    0   272     0 40750 40960  1  0 98  0  0	
 1  0      0 47488468   8256  64232    0    0   240     0 40277 40503  1  0 99  0  0	
 1  0      0 47488468   8256  64232    0    0   208     0 40718 40942  1  0 98  0  0	
 2  0      0 47487972   8264  64224    0    0   192    12 40836 41030  1  0 99  0  0	
 1  0      0 47487972   8264  64224    0    0   272     0 40587 40824  1  0 99  0  0	
 1  0      0 47487476   8264  64224    0    0   192     0 40733 40992  1  0 99  0  0	
 1  0      0 47487476   8264  64224    0    0   224     0 40656 40867  1  0 98  0  0	
 1  0      0 47486980   8264  64224    0    0   304     0 40425 40657  1  0 99  0  0	
 1  0      0 47486732   8272  64236    0    0   192    12 40551 40789  1  0 99  0  0	
 1  0      0 47486732   8272  64236    0    0   176     0 40268 40533  1  0 99  0  0	
 1  0      0 47486732   8272  64236    0    0   240     0 40497 40745  1  0 99  0  0	
 1  0      0 47486236   8276  64232    0    0   208    16 40121 40350  1  0 98  0  0	
 1  0      0 47486236   8276  64232    0    0   272     0 39966 40224  1  0 98  0  0	
 1  0      0 47485740   8276  64232    0    0   208     0 40528 40830  1  0 98  0  0	
 1  0      0 47485740   8284  64224    0    0   192    32 40677 40908  1  0 98  0  0	
procs -----------memory---------- ---swap-- -----io---- --system-- -----cpu-----
 r  b   swpd   free   buff  cache   si   so    bi    bo   in   cs us sy id wa st
 1  0      0 47485244   8284  64224    0    0   272     0 40621 40839  1  0 99  0  0	
 1  0      0 47484996   8284  64236    0    0   144     0 40758 40988  1  0 99  0  0	
 1  0      0 47484996   8284  64236    0    0   160     0 40796 41017  1  0 99  0  0	
 1  0      0 47484996   8284  64236    0    0   160     0 40863 41083  1  0 99  0  0	
 1  0      0 47484500   8292  64228    0    0   288    12 40026 40260  1  0 99  0  0	
 1  0      0 47484500   8292  64228    0    0   304     0 40551 40816  1  0 98  0  0	
 1  0      0 47484004   8292  64228    0    0   224     0 39958 40228  1  0 99  0  0	
 1  0      0 47484004   8292  64228    0    0   224     0 40728 40953  1  0 99  0  0	
 1  0      0 47483508   8292  64228    0    0   272     0 40595 40826  1  0 99  0  0	
 1  0      0 47483136   8292  64236    0    0   256     0 40614 40835  1  0 98  0  0	
 1  0      0 47483012   8300  64236    0    0   176    12 40750 40974  1  0 98  0  0	
 1  0      0 47483012   8300  64236    0    0   112    20 40818 41052  1  0 98  0  0	
 1  0      0 47482516   8300  64236    0    0   208     0 40497 40734  1  0 98  0  0	
 1  0      0 47482268   8300  64240    0    0   224     0 40757 40945  1  0 98  0  0	
 1  0      0 47482144   8300  64240    0    0   192     0 39751 40050  1  0 98  0  0	
 1  0      0 47482020   8308  64240    0    0   192    12 40707 40966  1  0 99  0  0	
 1  0      0 47482020   8308  64240    0    0   272     0 39763 40020  1  0 99  0  0	
 1  0      0 47481400   8308  64240    0    0   256     0 40556 40823  1  0 98  0  0	
 1  0      0 47481276   8308  64240    0    0   176     0 40809 41017  1  0 98  0  0	
 2  0      0 47481276   8308  64240    0    0   240     0 40596 40838  1  0 99  0  0	
 1  0      0 47480780   8308  64240    0    0   224     0 40755 40994  1  0 98  0  0	
procs -----------memory---------- ---swap-- -----io---- --system-- -----cpu-----
 r  b   swpd   free   buff  cache   si   so    bi    bo   in   cs us sy id wa st
 1  0      0 47480780   8316  64232    0    0   192    12 40879 41100  1  0 99  0  0	
 1  0      0 47480284   8316  64232    0    0   288     0 40417 40711  1  0 99  0  0	
 1  0      0 47480284   8316  64232    0    0   192     0 39475 39590  1  0 99  0  0	
 1  0      0 47479912   8316  64240    0    0   176     0 38947 39087  1  0 99  0  0	
 1  0      0 47479788   8316  64240    0    0   352     0 38452 38593  1  0 98  0  0	
 1  0      0 47479788   8324  64240    0    0   176    12 39135 39264  1  0 98  0  0	
 1  0      0 47479292   8324  64240    0    0   208    12 39480 39564  1  0 99  0  0	
 1  0      0 47479292   8324  64240    0    0   176     0 39491 39594  1  0 99  0  0	
 1  0      0 47478796   8324  64240    0    0   256     0 39397 39486  1  0 99  0  0	
 1  0      0 47478796   8324  64240    0    0   272     0 39052 39184  1  0 99  0  0	
 1  0      0 47478300   8324  64240    0    0   224     0 39306 39403  1  0 98  0  0	
 1  0      0 47478300   8332  64232    0    0   240    24 39358 39463  1  0 99  0  0	
 1  0      0 47477928   8332  64244    0    0   112     0 39479 39608  1  0 99  0  0	
 1  0      0 47477804   8332  64244    0    0   336     0 38589 38710  1  0 98  0  0	
 1  0      0 47477308   8332  64244    0    0   176     0 39280 39382  1  0 99  0  0	
 1  0      0 47477308   8332  64244    0    0   240     0 39101 39236  1  1 99  0  0	
 1  0      0 47477308   8340  64236    0    0   240    12 39482 39609  1  1 98  0  0	
 1  0      0 47476812   8340  64236    0    0   224     0 39969 40185  1  0 98  0  0	
 1  0      0 47476812   8340  64236    0    0   128     0 39934 40327  1  0 99  0  0	
 2  0      0 47476192   8340  64244    0    0   272     0 39229 39446  1  0 99  0  0	
 1  0      0 47476068   8340  64244    0    0   224     0 39781 40052  1  0 99  0  0	
procs -----------memory---------- ---swap-- -----io---- --system-- -----cpu-----
 r  b   swpd   free   buff  cache   si   so    bi    bo   in   cs us sy id wa st
 1  1      0 47476068   8340  64244    0    0   208     8 39669 39821  1  0 98  0  0	
 2  0      0 47475572   8348  64240    0    0   208     4 39494 39605  1  0 99  0  0	
 1  0      0 47475572   8348  64240    0    0   288     0 38997 39214  1  0 99  0  0	
 1  0      0 47475076   8348  64240    0    0   304     0 40241 40520  1  0 99  0  0	
 2  0      0 47475076   8348  64240    0    0   192     0 39551 39753  1  0 99  0  0	
 1  0      0 47475076   8348  64240    0    0   240    12 40075 40257  1  0 99  0  0	
 1  0      0 47474580   8356  64232    0    0   272    12 39921 40146  1  0 99  0  0	
 1  0      0 47474208   8356  64248    0    0   176     0 40130 40328  1  0 99  0  0	
 1  0      0 47474208   8356  64248    0    0   192     0 39067 39326  1  1 98  0  0	
 1  0      0 47473712   8356  64248    0    0   304     0 39706 39903  1  0 99  0  0	
 1  0      0 47473712   8356  64248    0    0   192     0 40074 40237  1  0 99  0  0	
 1  0      0 47473712   8364  64240    0    0   240    16 39007 39336  1  0 98  0  0	
 2  0      0 47473216   8364  64240    0    0   192     0 39147 39404  1  0 99  0  0	
 1  0      0 47472720   8364  64248    0    0   208     0 39739 39879  1  0 99  0  0	
 1  0      0 47472348   8364  64248    0    0   352     0 38957 39333  1  0 98  0  0	
 1  0      0 47472348   8364  64248    0    0   240    16 39443 39555  1  0 99  0  0	
 2  0      0 47472348   8364  64248    0    0   288     0 39242 39412  1  0 99  0  0	
 1  0      0 47471852   8372  64248    0    0   112    28 39548 39704  1  0 98  0  0	
 1  0      0 47471728   8372  64248    0    0   192     0 39533 39678  1  0 99  0  0	
 1  0      0 47471480   8372  64248    0    0   288     0 39357 39556  1  1 98  0  0	
 1  0      0 47471108   8372  64248    0    0   288     0 39330 39500  1  0 98  0  0	
procs -----------memory---------- ---swap-- -----io---- --system-- -----cpu-----
 r  b   swpd   free   buff  cache   si   so    bi    bo   in   cs us sy id wa st
 1  0      0 47471108   8372  64248    0    0   320     0 39228 39332  1  0 99  0  0	
 1  0      0 47470736   8380  64240    0    0   384    12 39048 39147  1  0 99  0  0	
 1  0      0 47470736   8380  64240    0    0   224     0 39557 39668  1  1 98  0  0	
 1  0      0 47469992   8380  64248    0    0   224     0 38793 38939  1  0 99  0  0	
 1  0      0 47469868   8380  64248    0    0   176     0 39943 40108  1  1 98  0  0	
 1  0      0 47469620   8380  64248    0    0   272     0 39951 40138  1  0 99  0  0	
 1  0      0 47469248   8380  64248    0    0   336     0 39886 40158  1  0 99  0  0	
 2  0      0 47469248   8388  64244    0    0   176    12 39849 40047  1  0 99  0  0	
 1  0      0 47468876   8388  64248    0    0   192     0 40164 40369  1  0 99  0  0	
 1  0      0 47468876   8388  64248    0    0    96     0 40200 40468  1  0 99  0  0	
 1  0      0 47468380   8388  64248    0    0   352     0 39736 39988  1  0 99  0  0	
 1  0      0 47468380   8388  64248    0    0   192     0 39466 39670  0  0 99  0  0	
 1  0      0 47468008   8396  64244    0    0   272    12 39994 40211  1  0 99  0  0	
 1  0      0 47467760   8396  64244    0    0   192     0 39924 40106  1  0 99  0  0	
 2  0      0 47467512   8396  64252    0    0   288     0 39938 40281  1  0 98  0  0	
 1  0      0 47467140   8396  64252    0    0   288    20 39805 39994  1  0 98  0  0	
 2  0      0 47467140   8396  64252    0    0   208     0 40089 40269  1  0 98  0  0	
 1  0      0 47466768   8396  64252    0    0   256     0 40086 40293  1  0 99  0  0	
 1  0      0 47466644   8404  64244    0    0   176    12 40142 40353  1  0 98  0  0	
 1  0      0 47466272   8404  64256    0    0   272     0 39507 39784  1  1 98  0  0	
 2  0      0 47466272   8404  64256    0    0   272     4 40036 40233  1  0 98  0  0	
procs -----------memory---------- ---swap-- -----io---- --system-- -----cpu-----
 r  b   swpd   free   buff  cache   si   so    bi    bo   in   cs us sy id wa st
 2  0      0 47465776   8404  64256    0    0   208     0 39428 39654  1  0 99  0  0	
 1  0      0 47465652   8404  64256    0    0   176     0 40129 40405  1  0 99  0  0	
 1  0      0 47465528   8412  64256    0    0   112    12 39993 40203  1  0 99  0  0	
 2  0      0 47465156   8412  64256    0    0   304     0 40039 40251  1  0 99  0  0	
 1  0      0 47465156   8416  64256    0    0   356     8 40301 40496  1  0 99  0  0	
 1  0      0 47464908   8416  64256    0    0   240     0 40306 40438  1  1 99  0  0	
 2  0      0 47464908   8416  64256    0    0   224     0 40181 40384  1  0 99  0  0	
 1  0      0 47464288   8416  64256    0    0   256     0 40129 40350  1  0 99  0  0	
 1  0      0 47464040   8424  64256    0    0   192    24 40149 40342  1  0 99  0  0	
 1  0      0 47463792   8424  64256    0    0   256     8 39879 40200  1  0 99  0  0	
 1  0      0 47463668   8424  64256    0    0   208     0 39419 39631  1  0 99  0  0	
 1  0      0 47463420   8424  64256    0    0   192     0 40134 40324  1  0 98  0  0	
 1  0      0 47463172   8424  64256    0    0   272     0 39803 40029  1  0 99  0  0	
 1  0      0 47462924   8432  64256    0    0   208    24 40110 40303  1  0 99  0  0	
 1  0      0 47462552   8432  64256    0    0   448     0 39116 39344  1  0 99  0  0	
 2  0      0 47462552   8432  64256    0    0   208     0 39698 39961  1  0 99  0  0	
 1  0      0 47462056   8432  64256    0    0   272     0 39487 39752  1  0 99  0  0	
 1  0      0 47461932   8432  64256    0    0   320     0 39853 40100  1  1 98  0  0	
 1  0      0 47461436   8432  64256    0    0   304     0 39945 40132  1  0 99  0  0	
 1  0      0 47461312   8440  64248    0    0    80    12 40557 40678  1  0 99  0  0	
 1  0      0 47461312   8440  64248    0    0   128     0 39935 40213  1  0 99  0  0	
procs -----------memory---------- ---swap-- -----io---- --system-- -----cpu-----
 r  b   swpd   free   buff  cache   si   so    bi    bo   in   cs us sy id wa st
 1  0      0 47460816   8440  64256    0    0   176     0 40358 40533  1  1 99  0  0	
 1  0      0 47460692   8440  64256    0    0   208     0 39545 39723  1  0 99  0  0	
 1  0      0 47460692   8440  64256    0    0   176     0 40239 40413  1  0 99  0  0	
 1  0      0 47460196   8448  64256    0    0   144    20 40206 40447  1  0 99  0  0	
 0  1      0 47459824   8448  64256    0    0   288     0 40005 40293  1  0 99  0  0	
 1  0      0 47459824   8448  64256    0    0   192     0 40070 40207  1  0 98  0  0	
 1  0      0 47459328   8448  64256    0    0   336     0 39976 40158  1  0 99  0  0	
 1  0      0 47459204   8448  64256    0    0   112     0 40108 40286  0  0 99  0  0	
 1  0      0 47458956   8448  64256    0    0   288     0 40019 40225  1  0 99  0  0	
 1  0      0 47458584   8456  64256    0    0   256    44 39345 39597  1  0 99  0  0	
 1  0      0 47458336   8456  64256    0    0   272     0 40033 40237  1  0 99  0  0	
 1  0      0 47458336   8456  64256    0    0   240     0 39599 39860  1  1 98  0  0	
 1  0      0 47458336   8456  64256    0    0   224     0 39964 40169  1  0 99  0  0	
 1  0      0 47457840   8456  64256    0    0   208     0 40059 40217  1  0 98  0  0	
 1  0      0 47457592   8464  64264    0    0   112    32 40386 40545  1  0 99  0  0	
 1  0      0 47457344   8464  64264    0    0   256     0 39817 40105  0  0 99  0  0	
 1  0      0 47457344   8464  64264    0    0   288     0 39993 40175  0  0 99  0  0	
 1  0      0 47456848   8464  64264    0    0   256     0 40014 40176  1  1 98  0  0	
 1  0      0 47456848   8464  64264    0    0   208     0 40150 40332  1  0 98  0  0	
 1  0      0 47456228   8464  64264    0    0   320     8 39387 39648  1  0 99  0  0	
 1  0      0 47456104   8472  64256    0    0   192    24 40125 40380  1  1 98  0  0	
procs -----------memory---------- ---swap-- -----io---- --system-- -----cpu-----
 r  b   swpd   free   buff  cache   si   so    bi    bo   in   cs us sy id wa st
 2  0      0 47456104   8472  64256    0    0   128     0 39991 40186  1  0 99  0  0	
 1  0      0 47456104   8472  64256    0    0   256     0 40155 40337  0  0 99  0  0	
 1  0      0 47455360   8472  64264    0    0   336     0 39978 40192  0  1 99  0  0	
 1  0      0 47455236   8472  64264    0    0    96     0 40318 40499  1  0 99  0  0	
 1  0      0 47455236   8480  64264    0    0   176    12 40269 40452  1  0 99  0  0	
 1  0      0 47454740   8480  64264    0    0   336     0 39895 40145  1  0 99  0  0	
 1  0      0 47454740   8480  64264    0    0   224     0 40018 40246  1  0 98  0  0	
 2  0      0 47454244   8480  64264    0    0   288     0 40066 40241  1  0 99  0  0	
 1  0      0 47454244   8480  64264    0    0   208     8 39286 39518  1  0 99  0  0	
 1  0      0 47453748   8480  64264    0    0   256     0 40128 40316  0  0 99  0  0	
 1  0      0 47453500   8488  64264    0    0   224    12 39517 39774  1  0 99  0  0	
 1  0      0 47453376   8488  64264    0    0   240     0 39841 40040  1  0 99  0  0	
 1  0      0 47453376   8488  64264    0    0   240     0 40212 40378  1  0 99  0  0	
 1  0      0 47452880   8488  64264    0    0   224     0 40168 40363  1  0 99  0  0	
 1  0      0 47452880   8488  64264    0    0   208     0 40106 40352  0  0 99  0  0	
 1  0      0 47452880   8496  64256    0    0   160    12 40153 40425  1  0 99  0  0	
 1  0      0 47452384   8496  64256    0    0   240     0 40059 40249  0  0 99  0  0	
 1  0      0 47451888   8496  64256    0    0   336     0 39850 40054  1  0 98  0  0	
 2  0      0 47451640   8496  64264    0    0   272     0 39475 39698  1  0 99  0  0	
 1  0      0 47451392   8496  64264    0    0   240     0 40097 40296  1  0 99  0  0	
 1  0      0 47451392   8496  64264    0    0   144     0 39558 39814  1  0 99  0  0	
procs -----------memory---------- ---swap-- -----io---- --system-- -----cpu-----
 r  b   swpd   free   buff  cache   si   so    bi    bo   in   cs us sy id wa st
 2  0      0 47451392   8504  64264    0    0   272    12 39988 40175  1  0 98  0  0	
 1  0      0 47450896   8504  64264    0    0   176     0 40184 40450  1  0 99  0  0	
 1  0      0 47450896   8504  64264    0    0   160     0 40278 40457  1  0 99  0  0	
 1  0      0 47450400   8504  64264    0    0   208    24 40234 40403  1  0 99  0  0	
 1  0      0 47450400   8504  64264    0    0   224     0 40082 40278  1  0 99  0  0	
 1  0      0 47449904   8512  64268    0    0   288    12 40007 40266  1  1 98  0  0	
 1  0      0 47449780   8512  64268    0    0   192     0 39923 40150  1  0 99  0  0	
 1  0      0 47449780   8512  64268    0    0   368     0 39272 39468  1  0 99  0  0	
 1  0      0 47449284   8512  64268    0    0   224     8 40044 40281  1  0 99  0  0	
 1  0      0 47449284   8512  64268    0    0   256     0 39336 39612  1  1 99  0  0	
 1  0      0 47448788   8512  64268    0    0   144     0 39878 40114  1  1 99  0  0	
 2  0      0 47448664   8520  64268    0    0   192    24 40142 40356  1  0 99  0  0	
 1  0      0 47448168   8520  64268    0    0   256     0 39879 40076  0  1 99  0  0	
 1  0      0 47447920   8520  64276    0    0   224     0 40034 40255  1  0 99  0  0	
 1  0      0 47447672   8520  64276    0    0   272     0 39879 40120  0  0 99  0  0	
 1  0      0 47447672   8520  64276    0    0   208     0 40099 40320  1  0 99  0  0	
 1  0      0 47447672   8528  64268    0    0   160    12 40026 40287  1  0 99  0  0	
 1  0      0 47447176   8528  64268    0    0   336     0 39487 39729  1  0 98  0  0	
 1  0      0 47447176   8528  64268    0    0   208     0 40121 40325  0  0 99  0  0	
 1  0      0 47446680   8528  64268    0    0   272     0 39301 39496  1  0 99  0  0	
 2  0      0 47446184   8528  64268    0    0   256     0 40064 40253  1  0 99  0  0	
procs -----------memory---------- ---swap-- -----io---- --system-- -----cpu-----
 r  b   swpd   free   buff  cache   si   so    bi    bo   in   cs us sy id wa st
 1  1      0 47445936   8528  64280    0    0   272    12 40070 40329  1  0 99  0  0	
 1  0      0 47445812   8536  64276    0    0   208     4 40166 40341  1  0 99  0  0	
 2  0      0 47445688   8536  64276    0    0   176     0 40181 40360  1  0 99  0  0	
 1  0      0 47445688   8536  64276    0    0   224     0 40095 40266  1  0 99  0  0	
 3  0      0 47445192   8536  64276    0    0   128     0 39875 40132  1  1 99  0  0	
 1  0      0 47445192   8536  64276    0    0   192     0 40281 40558  1  1 98  0  0	
 1  0      0 47445192   8544  64268    0    0   224    12 39502 39688  1  0 99  0  0	
 1  0      0 47445192   8544  64268    0    0   208     0 39893 40022  1  0 98  0  0	
 1  0      0 47444324   8544  64280    0    0   160     0 39645 39913  1  0 98  0  0	
 2  0      0 47444200   8544  64280    0    0   192     0 39592 39882  1  1 98  0  0	
 1  0      0 47444200   8544  64280    0    0   384     0 39516 39776  1  0 99  0  0	
 1  0      0 47443704   8552  64272    0    0   288    12 40065 40304  1  0 98  0  0	
 1  0      0 47443704   8552  64272    0    0   208     0 40122 40360  1  0 99  0  0	
 1  0      0 47443208   8552  64272    0    0   144     0 40142 40288  1  0 99  0  0	
 1  0      0 47443208   8552  64272    0    0   240     0 39799 39867  1  0 99  0  0	
 1  0      0 47443208   8552  64272    0    0   112     0 39935 40016  1  0 99  0  0	
 2  0      0 47442588   8552  64284    0    0   224     0 38958 39079  1  0 99  0  0	
 1  0      0 47442464   8560  64280    0    0   128    40 39824 39894  1  0 99  0  0	
 2  0      0 47442464   8560  64280    0    0   256     0 39362 39464  1  0 99  0  0	
 1  0      0 47442464   8560  64280    0    0    96     0 40263 40455  1  0 99  0  0	
 1  0      0 47441968   8560  64280    0    0   208     0 40215 40433  1  0 98  0  0	
procs -----------memory---------- ---swap-- -----io---- --system-- -----cpu-----
 r  b   swpd   free   buff  cache   si   so    bi    bo   in   cs us sy id wa st
 1  0      0 47441968   8560  64280    0    0   336     0 39930 40218  1  0 99  0  0	
 1  0      0 47441472   8568  64272    0    0   320    28 40029 40261  1  0 99  0  0	
 1  0      0 47440976   8568  64272    0    0   240     0 40159 40342  1  0 99  0  0	
 2  0      0 47440852   8568  64284    0    0   192     0 40150 40342  1  0 99  0  0	
 1  0      0 47440728   8568  64284    0    0   144     0 40305 40487  0  0 99  0  0	
 1  0      0 47440728   8568  64284    0    0   128     0 39783 39954  1  0 99  0  0	
 1  0      0 47440728   8568  64284    0    0   144     0 40055 40307  1  0 99  0  0	
 1  0      0 47440232   8576  64280    0    0   112    12 39592 39855  1  0 98  0  0	
 1  0      0 47440232   8576  64280    0    0   224     0 39889 40102  1  0 99  0  0	
 1  0      0 47440232   8576  64280    0    0   192     0 40100 40317  1  0 99  0  0	
 1  0      0 47439736   8576  64280    0    0   336     0 39757 40018  1  0 98  0  0	
 1  0      0 47439116   8576  64284    0    0   208     0 39264 39452  1  0 99  0  0	
 1  0      0 47438992   8584  64276    0    0   128    16 40214 40405  1  0 99  0  0	
 1  0      0 47438992   8584  64276    0    0    80     0 40230 40428  1  0 99  0  0	
 1  0      0 47438992   8584  64276    0    0   288     0 39985 40180  1  0 98  0  0	
 1  0      0 47438496   8584  64276    0    0   208     0 39808 40068  0  0 99  0  0	
 1  0      0 47438496   8584  64276    0    0   272     0 40035 40264  1  0 99  0  0	
 1  0      0 47438000   8584  64276    0    0   160     0 39792 39973  1  0 98  0  0	
 2  0      0 47438000   8592  64268    0    0   144    12 40269 40496  1  0 99  0  0	
 2  0      0 47437504   8592  64288    0    0   272     0 40009 40204  1  0 99  0  0	
 1  0      0 47437256   8592  64288    0    0   208     0 40148 40330  1  0 98  0  0	
procs -----------memory---------- ---swap-- -----io---- --system-- -----cpu-----
 r  b   swpd   free   buff  cache   si   so    bi    bo   in   cs us sy id wa st
 1  0      0 47437256   8592  64288    0    0   224     0 40050 40286  1  0 99  0  0	
 1  0      0 47437256   8592  64288    0    0   224     0 39873 40040  1  0 99  0  0	
 2  0      0 47436760   8600  64288    0    0   224    12 39965 40217  1  0 98  0  0	
 1  0      0 47436760   8600  64288    0    0   160     0 40226 40406  1  1 98  0  0	
 1  0      0 47436264   8600  64288    0    0   240     0 39515 39684  1  0 98  0  0	
 1  0      0 47436264   8600  64288    0    0   288     0 40050 40254  1  0 99  0  0	
 1  0      0 47435768   8600  64288    0    0   128     8 39535 39847  1  0 98  0  0	
 1  0      0 47435644   8600  64288    0    0   176     0 39677 39862  1  0 99  0  0	
 1  0      0 47435644   8608  64280    0    0   240    24 39856 40060  1  0 99  0  0	
 1  0      0 47435644   8608  64280    0    0   192     0 40252 40415  1  0 99  0  0	
 1  0      0 47435148   8608  64280    0    0   320     0 39427 39708  1  1 99  0  0	
 1  0      0 47434652   8608  64280    0    0   304    12 39730 40007  1  0 98  0  0	
 2  0      0 47434652   8608  64280    0    0   256     0 39926 40150  1  0 99  0  0	
 1  0      0 47434156   8616  64280    0    0   288    24 39806 39997  1  0 99  0  0	
 1  0      0 47433784   8616  64292    0    0   224     0 39671 39856  1  0 98  0  0	
 1  0      0 47433660   8616  64292    0    0   224     0 40104 40301  1  0 99  0  0	
 1  0      0 47433660   8616  64292    0    0   192     0 39916 40136  1  1 99  0  0	
 2  0      0 47433164   8616  64292    0    0   256     0 40000 40276  1  1 98  0  0	
 1  0      0 47433164   8616  64292    0    0   224     0 39967 40226  1  0 99  0  0	
 1  0      0 47433164   8624  64292    0    0    96    12 40324 40518  1  0 99  0  0	
 1  0      0 47432668   8624  64292    0    0   208     0 40074 40260  1  0 99  0  0	
procs -----------memory---------- ---swap-- -----io---- --system-- -----cpu-----
 r  b   swpd   free   buff  cache   si   so    bi    bo   in   cs us sy id wa st
 1  0      0 47432668   8624  64292    0    0   128     0 40153 40426  1  0 99  0  0	
 1  0      0 47432172   8624  64292    0    0   304     0 39962 40150  1  0 99  0  0	
 1  0      0 47432048   8624  64292    0    0   192     0 40058 40274  1  1 98  0  0	
 2  0      0 47432048   8632  64284    0    0   192    12 39479 39674  1  0 99  0  0	
 1  0      0 47431552   8632  64284    0    0   304     0 39440 39622  1  0 99  0  0	
 1  0      0 47431552   8632  64284    0    0   208     0 39881 40124  1  1 98  0  0	
 1  0      0 47431056   8632  64284    0    0   224     0 40039 40308  1  0 99  0  0	
 1  0      0 47431056   8632  64284    0    0   112     0 40219 40422  1  0 99  0  0	
 1  0      0 47431056   8632  64284    0    0   176     0 40184 40365  1  0 99  0  0	
 1  0      0 47430684   8640  64292    0    0   144    12 40279 40453  1  0 98  0  0	
 1  0      0 47430436   8640  64292    0    0   160     0 40167 40370  1  0 99  0  0	
 1  0      0 47423368   9000  68448    0    0  4976     0 40867 40662  1  1 98  0  0	
 1  0      0 47423020   9000  68448    0    0   288     0 39965 40169  1  0 99  0  0	
 1  0      0 47423020   9000  68448    0    0   144     0 39383 39621  1  0 99  0  0	
 1  0      0 47423020   9008  68440    0    0   224    20 40060 40260  1  0 99  0  0	
 1  0      0 47422524   9008  68440    0    0   272     0 39731 39943  1  0 99  0  0	
 1  0      0 47422524   9008  68440    0    0   224     4 40113 40301  1  0 99  0  0	
 1  0      0 47422584   9008  68572    0    0   224     0 40049 40281  1  0 99  0  0	
 1  0      0 47422336   9008  68572    0    0   256     0 40108 40322  0  0 99  0  0	
 1  0      0 47422336   9008  68576    0    0   240     0 39340 39524  1  0 99  0  0	
 1  0      0 47421840   9016  68576    0    0   224    12 39967 40149  1  0 99  0  0	
procs -----------memory---------- ---swap-- -----io---- --system-- -----cpu-----
 r  b   swpd   free   buff  cache   si   so    bi    bo   in   cs us sy id wa st
 2  0      0 47421592   9016  68576    0    0   192     4 40010 40276  1  1 99  0  0	
 1  0      0 47421592   9016  68576    0    0   208     0 39759 40002  1  0 99  0  0	
 1  0      0 47421096   9016  68576    0    0   272     0 39777 39976  1  0 99  0  0	
 1  0      0 47421096   9016  68576    0    0   272     0 40035 40241  0  0 99  0  0	
 1  0      0 47420724   9024  68580    0    0   160    12 39460 39674  1  0 99  0  0	
 1  0      0 47420476   9024  68580    0    0   256    20 39754 39987  1  0 99  0  0	
 1  0      0 47420476   9024  68580    0    0   208     0 40095 40300  0  0 99  0  0	
 3  0      0 47420476   9024  68580    0    0   192     0 40147 40394  1  0 99  0  0	
 1  0      0 47419856   9024  68580    0    0   192     0 40153 40418  1  0 99  0  0	
 2  0      0 47419608   9024  68580    0    0   208     0 39875 40100  1  0 99  0  0	
 1  0      0 47419608   9032  68572    0    0   224    16 39978 40168  1  0 99  0  0	
 1  0      0 47419608   9032  68572    0    0    64     0 40241 40455  1  0 99  0  0	
 1  0      0 47419236   9032  68580    0    0   144     0 39619 39815  1  0 99  0  0	
 1  0      0 47418988   9032  68580    0    0   272     0 39968 40190  1  0 99  0  0	
 1  0      0 47418988   9032  68580    0    0   256     0 39903 40107  1  0 99  0  0	
 1  0      0 47418492   9040  68572    0    0   272    20 39928 40158  0  0 99  0  0	
 1  0      0 47418492   9040  68572    0    0   160     0 40161 40416  1  0 99  0  0	
 1  0      0 47418492   9040  68572    0    0   144     0 40049 40299  1  0 99  0  0	
 2  0      0 47417996   9040  68572    0    0   192     0 40012 40220  1  0 99  0  0	
 1  0      0 47417996   9040  68572    0    0   176     0 40193 40391  1  0 99  0  0	
 1  0      0 47417500   9040  68580    0    0   176     8 40174 40371  1  0 99  0  0	
procs -----------memory---------- ---swap-- -----io---- --system-- -----cpu-----
 r  b   swpd   free   buff  cache   si   so    bi    bo   in   cs us sy id wa st
 1  0      0 47417376   9048  68580    0    0   128    12 40020 40245  1  0 98  0  0	
 1  0      0 47417376   9048  68580    0    0   144     0 39334 39596  1  0 99  0  0	
 1  0      0 47417376   9048  68580    0    0   144     0 39861 40034  1  0 99  0  0	
 1  0      0 47416880   9048  68580    0    0   224     0 39561 39822  1  0 99  0  0	
 1  0      0 47416880   9048  68580    0    0   256     0 40082 40274  1  0 99  0  0	
 1  0      0 47416260   9056  68580    0    0   144    32 40234 40447  1  1 99  0  0	
 1  0      0 47416260   9056  68580    0    0   176     0 40122 40314  1  0 99  0  0	
 1  0      0 47416012   9056  68580    0    0   144     0 40165 40394  1  0 99  0  0	
 1  0      0 47415640   9056  68580    0    0   272     0 39872 40112  1  0 99  0  0	
 1  0      0 47415640   9056  68580    0    0   272     0 40036 40268  1  0 98  0  0	
 1  0      0 47415640   9056  68580    0    0   208     8 40229 40430  1  0 99  0  0	
 1  0      0 47415144   9064  68572    0    0   240    24 39534 39761  1  1 98  0  0	
 1  0      0 47415144   9064  68572    0    0   256     0 40085 40324  1  1 99  0  0	
 1  0      0 47414648   9064  68572    0    0   192     0 39569 39736  1  0 98  0  0	
 1  0      0 47414648   9064  68572    0    0   144     0 40247 40440  1  0 99  0  0	
 1  0      0 47414152   9064  68580    0    0   272     4 40187 40378  1  0 99  0  0	
 2  0      0 47413904   9072  68584    0    0   224    12 40090 40309  1  1 99  0  0	
 1  0      0 47413904   9072  68584    0    0   144     0 40306 40474  1  0 99  0  0	
 1  0      0 47413408   9072  68584    0    0   448     0 39724 39961  1  0 98  0  0	
 1  0      0 47413408   9072  68584    0    0   192     0 40155 40392  1  0 99  0  0	
 1  0      0 47413408   9072  68584    0    0   112    24 40356 40539  1  0 99  0  0	
procs -----------memory---------- ---swap-- -----io---- --system-- -----cpu-----
 r  b   swpd   free   buff  cache   si   so    bi    bo   in   cs us sy id wa st
 1  1      0 47412912   9072  68588    0    0   224    12 39634 39856  1  1 99  0  0	
 2  0      0 47412912   9080  68588    0    0   192     4 39561 39743  1  0 99  0  0	
 1  0      0 47412416   9080  68588    0    0   144     0 39728 39896  1  0 99  0  0	
 1  0      0 47412292   9080  68588    0    0   192     0 40075 40283  1  0 99  0  0	
 1  0      0 47412292   9080  68588    0    0   208     4 40143 40321  1  0 98  0  0	
 1  0      0 47412292   9080  68588    0    0   112     0 40268 40447  1  0 99  0  0	
 1  0      0 47411796   9088  68580    0    0   192    12 40126 40346  1  0 99  0  0	
 1  0      0 47411796   9088  68580    0    0   208     0 40005 40192  1  1 98  0  0	
 1  0      0 47411300   9088  68580    0    0   192     0 40170 40355  1  0 99  0  0	
 1  0      0 47411300   9088  68580    0    0   272     0 40012 40218  1  0 99  0  0	
 2  0      0 47410928   9088  68592    0    0   160     0 39502 39684  1  0 99  0  0	
 2  0      0 47410680   9096  68592    0    0   256    20 40109 40311  1  0 99  0  0	
 1  0      0 47410680   9096  68592    0    0   160     0 39389 39631  1  0 99  0  0	
 2  0      0 47410680   9096  68592    0    0   192     0 40157 40316  1  0 99  0  0	
 1  0      0 47410184   9096  68592    0    0   176     0 40107 40318  1  0 99  0  0	
 1  0      0 47409812   9096  68592    0    0   256     0 40009 40202  0  0 99  0  0	
 1  0      0 47409564   9096  68592    0    0   336     0 39869 40040  1  0 98  0  0	
 2  0      0 47409316   9104  68592    0    0   224    20 40206 40384  1  0 99  0  0	
 1  0      0 47409068   9104  68592    0    0   240     0 40020 40292  1  0 99  0  0	
 2  0      0 47409068   9104  68592    0    0   224    16 39754 39948  1  0 99  0  0	
 1  0      0 47409068   9104  68592    0    0   112     0 39641 39849  1  0 99  0  0	
procs -----------memory---------- ---swap-- -----io---- --system-- -----cpu-----
 r  b   swpd   free   buff  cache   si   so    bi    bo   in   cs us sy id wa st
 1  0      0 47408572   9104  68592    0    0   224     0 39863 40034  1  0 99  0  0	
 1  0      0 47408324   9112  68596    0    0   192    36 39357 39615  1  0 99  0  0	
 2  0      0 47408076   9112  68596    0    0   256     0 40102 40374  1  0 99  0  0	
 1  0      0 47407828   9112  68596    0    0   256     0 40095 40297  1  0 99  0  0	
 1  0      0 47407704   9112  68596    0    0   144     0 40302 40496  1  0 99  0  0	
 1  0      0 47407456   9112  68596    0    0   208     0 40283 40518  0  0 99  0  0	
 1  0      0 47407332   9112  68596    0    0   144     0 40182 40421  1  0 99  0  0	
 1  0      0 47407332   9120  68588    0    0   208    20 40206 40433  1  0 99  0  0	
 1  0      0 47406836   9120  68588    0    0   208     0 40136 40415  1  0 99  0  0	
 2  0      0 47406836   9120  68588    0    0   256     4 39203 39437  1  0 98  0  0	
 1  0      0 47406588   9120  68600    0    0   176     0 40299 40466  1  0 98  0  0	
 1  0      0 47406588   9120  68600    0    0   224     0 39786 40006  1  0 98  0  0	
 1  0      0 47406092   9128  68600    0    0   160    20 40238 40470  1  0 99  0  0	
 1  0      0 47405844   9128  68600    0    0   272     0 39781 39989  0  0 99  0  0	
 1  0      0 47405596   9128  68600    0    0   240    28 40106 40321  1  0 99  0  0	
 1  0      0 47405596   9128  68600    0    0   272     0 40103 40314  1  0 99  0  0	
 2  0      0 47405100   9128  68600    0    0   208     0 40092 40308  1  0 99  0  0	
 1  0      0 47405100   9128  68600    0    0   192     0 40137 40376  1  0 99  0  0	
 1  0      0 47405100   9136  68592    0    0   112    12 40255 40493  1  0 99  0  0	
 1  0      0 47404604   9136  68592    0    0   176    16 39364 39591  1  0 99  0  0	
 2  0      0 47404604   9136  68592    0    0   192     0 39699 39890  0  0 99  0  0	
procs -----------memory---------- ---swap-- -----io---- --system-- -----cpu-----
 r  b   swpd   free   buff  cache   si   so    bi    bo   in   cs us sy id wa st
 1  0      0 47404232   9136  68600    0    0   144     0 40123 40312  1  1 99  0  0	
 1  0      0 47404108   9136  68600    0    0   128     0 39877 40067  1  0 99  0  0	
 1  0      0 47404108   9144  68600    0    0   192    36 40037 40294  0  0 99  0  0	
 1  0      0 47404108   9144  68600    0    0   160     0 40074 40304  1  1 98  0  0	
 1  0      0 47403612   9144  68604    0    0   192     0 39456 39729  0  0 99  0  0	
 1  0      0 47403364   9144  68604    0    0   272     0 39972 40192  1  0 99  0  0	
 1  0      0 47403116   9144  68604    0    0   192     0 40141 40332  1  0 99  0  0	
 1  0      0 47402992   9144  68604    0    0   144     0 40190 40394  1  0 99  0  0	
 1  0      0 47402868   9152  68604    0    0   112    20 39686 39974  1  0 99  0  0	
 1  0      0 47402620   9152  68604    0    0   272     0 39996 40237  1  0 99  0  0	
 1  0      0 47402620   9152  68604    0    0   272     0 39101 39344  1  1 99  0  0	
 1  0      0 47402124   9152  68604    0    0   224     0 39844 40048  1  0 99  0  0	
 1  0      0 47402000   9152  68604    0    0   128     0 40265 40492  1  0 99  0  0	
 1  0      0 47401876   9160  68604    0    0   112    40 40267 40513  1  0 99  0  0	
 1  0      0 47401628   9160  68604    0    0   240     0 40073 40313  1  0 99  0  0	
 1  0      0 47401380   9160  68604    0    0   192     0 40100 40320  1  0 99  0  0	
 1  0      0 47401132   9160  68604    0    0   272     0 39982 40204  1  0 99  0  0	
 2  0      0 47401132   9160  68604    0    0   176     0 40121 40282  1  0 99  0  0	
 1  0      0 47400760   9168  68596    0    0   192    12 39619 39822  1  1 99  0  0	
 1  0      0 47400512   9168  68596    0    0   224     0 39799 40106  0  0 99  0  0	
 1  0      0 47400388   9168  68604    0    0   128     0 39585 39821  1  0 99  0  0	
procs -----------memory---------- ---swap-- -----io---- --system-- -----cpu-----
 r  b   swpd   free   buff  cache   si   so    bi    bo   in   cs us sy id wa st
 2  0      0 47400264   9168  68604    0    0   176     0 40148 40361  1  0 99  0  0	
 2  0      0 47400140   9168  68608    0    0   160     0 40238 40432  1  0 99  0  0	
 2  0      0 47399892   9168  68608    0    0   224     0 39990 40287  0  0 99  0  0	
 1  0      0 47399768   9176  68608    0    0   176    12 40146 40338  1  0 99  0  0	
 1  0      0 47399644   9176  68608    0    0   192     0 39314 39499  1  0 99  0  0	
 2  0      0 47399644   9176  68608    0    0    80     0 40042 40250  1  0 99  0  0	
 2  0      0 47399644   9176  68608    0    0   224     0 40143 40350  1  0 99  0  0	
 1  0      0 47399148   9176  68608    0    0   176     0 39588 39898  1  0 99  0  0	
 1  0      0 47399148   9184  68600    0    0   288    48 39709 39955  1  1 98  0  0	
 1  0      0 47398652   9184  68600    0    0   224     0 39582 39756  1  0 98  0  0	
 1  0      0 47398652   9184  68600    0    0   160     0 40209 40420  1  0 99  0  0	
 1  0      0 47398280   9184  68608    0    0   176     0 39982 40195  1  0 99  0  0	
 1  0      0 47398156   9184  68608    0    0   208     0 40065 40244  1  0 99  0  0	
 1  0      0 47398156   9184  68608    0    0    96     0 39408 39663  1  0 99  0  0	
 1  0      0 47398156   9192  68608    0    0   160    12 39980 40170  1  0 99  0  0	
 2  0      0 47397660   9192  68608    0    0   240     0 40038 40296  1  0 99  0  0	
 1  0      0 47397660   9192  68608    0    0   192     0 40081 40274  1  0 99  0  0	
 1  0      0 47397660   9192  68608    0    0   144     0 39536 39760  1  0 99  0  0	
 1  0      0 47397164   9192  68608    0    0   224     4 40192 40428  1  1 98  0  0	
 1  0      0 47396792   9200  68608    0    0   208    12 39853 40061  1  0 99  0  0	
 1  0      0 47396668   9200  68608    0    0   288     0 39950 40186  1  0 99  0  0	
procs -----------memory---------- ---swap-- -----io---- --system-- -----cpu-----
 r  b   swpd   free   buff  cache   si   so    bi    bo   in   cs us sy id wa st
 1  0      0 47396668   9200  68608    0    0   160     0 40299 40484  0  0 99  0  0	
 2  0      0 47396172   9200  68608    0    0   240     0 40150 40336  1  0 98  0  0	
 1  0      0 47396172   9200  68612    0    0   144     8 40198 40456  0  0 99  0  0	
 1  0      0 47396172   9200  68612    0    0   176     0 40168 40477  1  0 99  0  0	
 1  0      0 47395676   9208  68612    0    0   272    24 39951 40149  1  0 98  0  0	
 1  0      0 47395676   9208  68612    0    0   192     0 40179 40394  1  0 99  0  0	
 1  0      0 47395180   9208  68612    0    0   224     0 39479 39688  1  0 99  0  0	
 2  0      0 47394932   9208  68612    0    0   224     0 39940 40180  1  0 99  0  0	
 2  0      0 47394684   9208  68612    0    0   192     0 39224 39496  1  0 99  0  0	
 2  0      0 47394560   9216  68604    0    0   224    12 40063 40289  1  0 99  0  0	
 1  0      0 47394560   9216  68604    0    0    96     0 39666 39886  1  0 99  0  0	
 1  0      0 47394560   9216  68604    0    0   160     0 40191 40416  1  0 99  0  0	
 1  0      0 47394064   9216  68604    0    0   320     0 39811 40007  1  0 98  0  0	
 1  0      0 47394064   9216  68604    0    0   224     0 39982 40252  1  1 98  0  0	
 1  0      0 47393568   9216  68612    0    0   176     0 40182 40406  1  0 99  0  0	
 1  0      0 47393320   9224  68612    0    0   208    12 40149 40400  1  0 99  0  0	
 2  0      0 47393320   9224  68612    0    0   144     0 39332 39541  1  0 99  0  0	
 1  0      0 47393320   9224  68612    0    0   240    12 40079 40299  1  0 99  0  0	
 1  0      0 47392824   9224  68612    0    0   192     0 39875 40224  1  0 99  0  0	
 1  0      0 47392824   9224  68612    0    0   128     0 40348 40532  1  0 99  0  0	
 1  0      0 47392824   9232  68612    0    0    64    12 40415 40621  1  0 99  0  0	
procs -----------memory---------- ---swap-- -----io---- --system-- -----cpu-----
 r  b   swpd   free   buff  cache   si   so    bi    bo   in   cs us sy id wa st
 1  0      0 47392824   9232  68612    0    0   128     0 40167 40364  1  0 99  0  0	
 1  0      0 47392204   9232  68616    0    0   208     0 39672 39898  1  0 98  0  0	
 1  0      0 47392080   9232  68616    0    0   144     0 40279 40478  1  0 99  0  0	
 1  0      0 47392080   9232  68616    0    0   224     0 40116 40360  1  0 99  0  0	
 1  0      0 47391576   9232  68620    0    0   160     0 40452 40630  1  0 99  0  0	
 1  0      0 47391452   9240  68620    0    0   144    20 39192 39505  1  0 99  0  0	
 1  0      0 47391452   9240  68620    0    0   208     0 40004 40199  1  0 99  0  0	
 1  0      0 47390956   9240  68620    0    0   192     0 39446 39693  1  1 98  0  0	
 1  0      0 47390832   9240  68620    0    0   192     0 40123 40391  1  0 99  0  0	
 1  0      0 47390708   9240  68620    0    0   160     0 40160 40375  1  0 99  0  0	
 1  0      0 47390336   9248  68612    0    0   400    12 39753 39967  1  0 99  0  0	
 1  0      0 47390088   9248  68620    0    0   144     0 40216 40456  1  1 99  0  0	
 1  0      0 47389964   9248  68620    0    0   224    16 40057 40254  1  0 99  0  0	
 2  0      0 47389964   9248  68620    0    0   160     0 40059 40326  1  0 99  0  0	
 1  0      0 47389468   9248  68620    0    0   208     0 40011 40282  1  0 99  0  0	
 1  0      0 47389468   9248  68620    0    0   320     0 39577 39777  1  0 99  0  0	
 2  0      0 47389468   9256  68612    0    0   112    32 40351 40538  1  0 99  0  0	
 1  0      0 47388848   9256  68620    0    0   160     0 39954 40111  1  0 99  0  0	
 2  0      0 47388724   9256  68620    0    0   128     0 40383 40580  1  0 99  0  0	
 1  0      0 47388724   9256  68620    0    0   192     0 39928 40183  1  0 99  0  0	
 1  0      0 47388724   9256  68620    0    0   208     0 40141 40355  1  0 99  0  0	
procs -----------memory---------- ---swap-- -----io---- --system-- -----cpu-----
 r  b   swpd   free   buff  cache   si   so    bi    bo   in   cs us sy id wa st
 1  0      0 47388228   9264  68612    0    0   176    16 40123 40352  1  0 99  0  0	
 1  0      0 47388228   9264  68612    0    0   208     0 40172 40337  1  0 99  0  0	
 2  0      0 47387732   9264  68612    0    0   304     0 39756 39955  0  0 99  0  0	
 1  0      0 47387732   9264  68612    0    0   160     0 40160 40390  1  0 99  0  0	
 1  0      0 47387236   9264  68624    0    0   176     0 39386 39589  1  0 99  0  0	
 2  0      0 47387112   9264  68624    0    0   224     0 39602 39816  1  0 99  0  0	
 1  0      0 47387112   9272  68624    0    0   192    12 39856 40068  1  0 99  0  0	
 1  0      0 47386616   9272  68624    0    0   240     0 40121 40286  1  0 98  0  0	
 2  0      0 47386616   9272  68624    0    0   208     0 40112 40383  1  0 99  0  0	
 1  0      0 47386616   9272  68624    0    0   240     0 40114 40333  1  1 98  0  0	
 1  0      0 47386120   9272  68624    0    0   192     0 40169 40360  1  0 99  0  0	
 1  0      0 47386120   9280  68616    0    0   288    44 40048 40248  1  0 98  0  0	
 1  0      0 47385500   9280  68628    0    0   160     0 40195 40400  0  0 99  0  0	
 1  0      0 47385376   9280  68628    0    0   208     0 40122 40323  1  0 99  0  0	
 1  0      0 47385376   9280  68628    0    0   160     0 39562 39796  1  0 99  0  0	
 1  0      0 47384880   9280  68628    0    0   304     0 40051 40232  1  0 99  0  0	
 2  0      0 47384880   9280  68628    0    0   208    12 39320 39560  1  0 99  0  0	
 1  0      0 47384880   9288  68620    0    0   176    28 40027 40206  1  0 98  0  0	
 1  0      0 47384384   9288  68620    0    0    96     0 40310 40472  1  0 99  0  0	
 1  0      0 47384384   9288  68620    0    0   272     0 39954 40226  1  0 99  0  0	
 2  0      0 47383888   9288  68628    0    0   176     0 40131 40336  1  1 99  0  0	
procs -----------memory---------- ---swap-- -----io---- --system-- -----cpu-----
 r  b   swpd   free   buff  cache   si   so    bi    bo   in   cs us sy id wa st
 1  0      0 47383764   9288  68628    0    0   128     8 40254 40466  1  0 99  0  0	
 1  0      0 47383764   9296  68620    0    0   176    24 40164 40360  0  0 99  0  0	
 2  0      0 47383764   9296  68620    0    0   112     0 40220 40402  1  0 99  0  0	
 1  0      0 47383268   9296  68620    0    0   160     0 39621 39847  0  0 99  0  0	
 1  0      0 47383268   9296  68620    0    0   176     0 40161 40419  1  0 98  0  0	
 1  0      0 47383268   9296  68620    0    0   224     8 39547 39741  1  0 99  0  0	
 2  0      0 47382772   9296  68620    0    0   192     0 40191 40388  1  0 99  0  0	
 1  0      0 47382524   9304  68628    0    0   176    24 40241 40500  1  0 99  0  0	
 1  0      0 47382276   9304  68628    0    0   192     0 40222 40430  0  0 99  0  0	
 3  0      0 47382276   9304  68628    0    0   192     0 40059 40299  1  0 99  0  0	
 1  0      0 47381904   9304  68628    0    0   224     4 40062 40248  1  0 99  0  0	
 1  0      0 47381656   9304  68628    0    0   192     0 40100 40367  1  0 99  0  0	
 2  0      0 47381656   9312  68620    0    0   208    12 40140 40350  1  0 99  0  0	
 1  0      0 47381160   9312  68620    0    0   256     0 39590 39779  1  0 99  0  0	
 1  0      0 47381160   9312  68620    0    0    80     0 40256 40491  1  0 99  0  0	
 2  0      0 47381036   9312  68628    0    0   128     0 39661 39844  1  0 99  0  0	
 1  0      0 47380912   9312  68628    0    0   144     0 40290 40500  1  0 99  0  0	
 1  0      0 47380912   9312  68628    0    0   272     0 40031 40264  0  0 99  0  0	
 1  0      0 47380416   9320  68628    0    0   128    12 40307 40496  1  0 98  0  0	
 1  0      0 47380416   9320  68628    0    0   144     0 40233 40518  1  0 98  0  0	
 2  0      0 47380416   9320  68628    0    0   144     0 39928 40118  1  1 99  0  0	
procs -----------memory---------- ---swap-- -----io---- --system-- -----cpu-----
 r  b   swpd   free   buff  cache   si   so    bi    bo   in   cs us sy id wa st
 2  0      0 47379920   9320  68628    0    0   208    28 39929 40104  1  0 99  0  0	
 1  0      0 47379920   9320  68628    0    0   240     0 40150 40353  1  1 98  0  0	
 2  0      0 47379548   9328  68632    0    0   192    12 39727 39930  1  0 99  0  0	
 1  0      0 47379424   9328  68632    0    0   128     0 40223 40455  0  0 99  0  0	
 2  0      0 47379424   9328  68632    0    0   256     0 39558 39810  1  0 99  0  0	
 1  0      0 47378928   9328  68632    0    0   176     0 40188 40370  1  0 99  0  0	
 1  0      0 47378928   9328  68632    0    0   256     0 40038 40282  1  0 99  0  0	
 1  0      0 47378928   9328  68632    0    0   192     0 40199 40384  0  0 99  0  0	
 1  0      0 47378432   9336  68624    0    0   112    12 40187 40384  0  0 99  0  0	
 2  0      0 47378432   9336  68624    0    0   144     0 39929 40197  1  0 99  0  0	
 1  0      0 47378060   9336  68636    0    0   272     0 39703 39940  1  0 99  0  0	
 1  0      0 47377936   9336  68636    0    0   160     0 40232 40404  1  0 99  0  0	
 1  0      0 47377936   9336  68636    0    0   224     0 39873 40050  1  0 99  0  0	
 1  0      0 47377440   9344  68632    0    0   192    12 40104 40260  1  0 99  0  0	
 1  0      0 47377440   9344  68632    0    0   256     0 39050 39352  1  0 98  0  0	
 1  0      0 47376944   9344  68632    0    0   192    16 40074 40319  1  0 99  0  0	
 2  0      0 47376944   9344  68632    0    0   144     0 40236 40418  1  0 99  0  0	
 2  0      0 47376944   9344  68632    0    0   160     0 40191 40344  1  0 98  0  0	
 2  0      0 47376448   9344  68636    0    0   304     0 39804 39960  1  0 99  0  0	
 1  0      0 47376448   9352  68636    0    0   112    28 40335 40495  1  0 99  0  0	
 2  0      0 47376448   9352  68636    0    0   272     0 39951 40191  1  0 99  0  0	
procs -----------memory---------- ---swap-- -----io---- --system-- -----cpu-----
 r  b   swpd   free   buff  cache   si   so    bi    bo   in   cs us sy id wa st
 1  0      0 47375952   9352  68636    0    0   176     0 40197 40388  1  0 99  0  0	
 1  0      0 47375952   9352  68636    0    0    96     0 39511 39743  1  0 99  0  0	
 1  0      0 47375952   9352  68636    0    0   176     0 40150 40306  1  0 99  0  0	
 1  0      0 47375456   9360  68628    0    0   144    12 40022 40227  1  0 99  0  0	
 1  0      0 47375456   9360  68628    0    0   128     0 40223 40477  1  0 99  0  0	
 1  0      0 47375208   9360  68636    0    0   144     0 40225 40412  1  0 99  0  0	
 1  0      0 47375084   9360  68636    0    0   144     0 40184 40389  1  0 99  0  0	
 2  0      0 47375084   9360  68636    0    0   224     0 39954 40156  1  0 99  0  0	
 2  0      0 47375084   9360  68636    0    0   144     0 40216 40396  1  0 99  0  0	
 1  0      0 47374588   9368  68636    0    0   208    12 40145 40417  1  0 98  0  0	
 1  0      0 47374588   9368  68636    0    0   128     0 40325 40491  1  0 99  0  0	
 1  0      0 47374092   9368  68636    0    0   240     0 39372 39560  1  0 99  0  0	
 1  0      0 47374092   9368  68636    0    0   192     0 40101 40268  1  0 98  0  0	
 1  0      0 47373720   9368  68636    0    0   192     0 39309 39529  1  0 99  0  0	
 2  0      0 47373596   9376  68628    0    0   192    12 40235 40468  0  0 99  0  0	
 1  0      0 47373596   9376  68628    0    0   192    16 40131 40396  1  0 99  0  0	
 2  0      0 47373596   9376  68628    0    0   144     0 40273 40449  1  0 99  0  0	
 1  0      0 47373100   9376  68628    0    0   256     0 39912 40144  1  0 99  0  0	
 1  0      0 47373100   9376  68628    0    0   224     0 39959 40156  1  0 99  0  0	
 1  0      0 47372604   9376  68628    0    0   176     0 39989 40186  1  0 99  0  0	
 1  0      0 47372356   9384  68640    0    0   208    12 39955 40297  1  0 99  0  0	
procs -----------memory---------- ---swap-- -----io---- --system-- -----cpu-----
 r  b   swpd   free   buff  cache   si   so    bi    bo   in   cs us sy id wa st
 1  0      0 47372232   9384  68640    0    0   160     0 39490 39701  1  0 99  0  0	
 2  0      0 47372232   9384  68640    0    0   144     0 40188 40409  1  0 99  0  0	
 1  0      0 47372232   9384  68640    0    0    96     0 39970 40160  1  1 99  0  0	
 2  0      0 47372232   9384  68640    0    0   144     0 40258 40405  1  1 98  0  0	
 1  0      0 47371736   9392  68640    0    0   144    36 39933 40149  0  0 99  0  0	
 1  0      0 47371736   9392  68640    0    0   112     0 40111 40341  1  0 99  0  0	
 1  0      0 47371736   9392  68640    0    0   176     0 40217 40380  1  0 99  0  0	
 2  0      0 47371240   9392  68640    0    0   208     0 40132 40314  1  0 99  0  0	
 1  0      0 47371116   9392  68644    0    0   128     0 40265 40461  1  0 99  0  0	
 1  0      0 47370992   9392  68644    0    0    96     0 40310 40498  1  0 99  0  0	
 1  0      0 47370992   9400  68636    0    0   224    12 38841 39089  1  0 99  0  0	
 1  0      0 47370496   9400  68636    0    0   240     0 40037 40215  1  0 99  0  0	
 1  0      0 47370496   9400  68636    0    0   256     0 39547 39790  1  0 99  0  0	
 1  0      0 47370000   9400  68636    0    0   192     0 40179 40375  1  0 99  0  0	
 1  0      0 47370000   9400  68636    0    0   176     0 39732 39913  1  1 98  0  0	
 2  0      0 47370000   9408  68628    0    0   128    12 40225 40449  1  0 99  0  0	
 1  0      0 47369504   9408  68644    0    0   240     0 39843 40021  1  0 99  0  0	
 1  0      0 47369380   9408  68644    0    0   144     0 40266 40452  1  0 99  0  0	
 1  0      0 47369380   9408  68644    0    0   128     0 40299 40472  1  0 98  0  0	
 1  0      0 47369380   9408  68644    0    0   144     0 40198 40386  1  0 99  0  0	
 1  0      0 47368884   9408  68644    0    0   224     0 39389 39676  1  0 99  0  0	
procs -----------memory---------- ---swap-- -----io---- --system-- -----cpu-----
 r  b   swpd   free   buff  cache   si   so    bi    bo   in   cs us sy id wa st
 1  0      0 47368884   9416  68644    0    0    96    12 40186 40335  1  0 99  0  0	
 1  0      0 47368884   9416  68644    0    0   112     0 40146 40309  1  0 99  0  0	
 1  0      0 47368884   9416  68644    0    0   144     0 40069 40246  1  0 99  0  0	
 1  0      0 47368264   9416  68644    0    0   224     0 40104 40296  1  0 99  0  0	
 1  0      0 47368140   9416  68644    0    0   160     0 40138 40363  1  0 99  0  0	
 1  0      0 47368140   9424  68636    0    0   272    12 39725 39967  1  0 99  0  0	
 1  0      0 47368140   9424  68636    0    0   144     0 40114 40277  1  0 99  0  0	
 2  0      0 47367644   9424  68636    0    0   128     0 40182 40420  1  0 99  0  0	
 1  0      0 47367148   9424  68636    0    0   272    12 39992 40158  1  0 99  0  0	
 1  0      0 47367148   9424  68636    0    0   112     0 39394 39578  1  0 99  0  0	
 1  0      0 47366900   9424  68648    0    0   176     0 39813 40029  1  0 98  0  0	
 1  0      0 47366900   9432  68648    0    0   160    16 39029 39315  1  0 98  0  0	
 2  0      0 47366900   9432  68648    0    0   240     0 39840 39962  1  0 99  0  0	
 1  0      0 47366404   9432  68648    0    0   144     8 39933 40121  1  0 99  0  0	
 2  0      0 47366280   9432  68648    0    0   192     0 39956 40155  1  0 99  0  0	
 2  0      0 47366156   9432  68648    0    0   176     0 39830 40038  1  1 99  0  0	
 1  0      0 47366032   9440  68648    0    0   192    24 39934 40064  1  0 99  0  0	
 1  0      0 47365536   9440  68648    0    0   240     0 40049 40267  1  0 99  0  0	
 1  0      0 47365536   9440  68648    0    0   192     0 40184 40366  1  0 99  0  0	
 2  0      0 47365164   9440  68648    0    0   192     8 39646 39840  1  0 99  0  0	
 1  0      0 47365040   9440  68648    0    0   144     0 40303 40500  1  0 99  0  0	
procs -----------memory---------- ---swap-- -----io---- --system-- -----cpu-----
 r  b   swpd   free   buff  cache   si   so    bi    bo   in   cs us sy id wa st
 1  1      0 47365040   9440  68648    0    0   192    20 39504 39764  1  0 99  0  0	
 1  0      0 47365040   9448  68640    0    0   112     4 40269 40436  1  0 99  0  0	
 2  0      0 47364544   9448  68640    0    0   160     0 40216 40452  1  0 98  0  0	
 1  0      0 47364544   9448  68640    0    0   112     0 40361 40524  1  0 99  0  0	
 1  0      0 47364544   9448  68640    0    0   160     0 40240 40430  1  0 99  0  0	
 1  0      0 47364048   9448  68640    0    0   240     0 40028 40252  1  0 98  0  0	
 1  0      0 47363924   9456  68648    0    0   128    12 40215 40393  1  0 99  0  0	
 2  0      0 47363676   9456  68648    0    0   224     0 39920 40153  1  0 99  0  0	
 1  0      0 47363676   9456  68648    0    0   176     0 39173 39413  1  0 99  0  0	
 2  0      0 47363676   9456  68648    0    0   144     0 40150 40319  1  0 99  0  0	
 2  0      0 47363180   9456  68648    0    0   224     0 39516 39781  1  0 99  0  0	
 0  1      0 47363180   9464  68640    0    0   192    12 40171 40357  1  0 99  0  0	
 2  0      0 47363180   9464  68640    0    0   112     0 40257 40451  1  0 99  0  0	
 2  0      0 47362684   9464  68640    0    0    96     0 40201 40400  0  0 99  0  0	
 1  0      0 47362560   9464  68652    0    0   160     0 40230 40426  1  0 99  0  0	
 3  0      0 47362436   9464  68652    0    0   144     0 40157 40409  1  0 99  0  0	
 2  0      0 47362436   9464  68652    0    0   224     0 40076 40262  1  1 98  0  0	
 2  0      0 47361940   9472  68648    0    0   256    12 40115 40294  1  1 98  0  0	
 2  0      0 47361940   9472  68648    0    0   192     0 39256 39501  1  0 99  0  0	
 1  0      0 47361940   9472  68648    0    0   208     0 40151 40331  1  0 99  0  0	
 1  0      0 47361444   9472  68648    0    0   240     0 39344 39542  1  0 99  0  0	
procs -----------memory---------- ---swap-- -----io---- --system-- -----cpu-----
 r  b   swpd   free   buff  cache   si   so    bi    bo   in   cs us sy id wa st
 1  0      0 47361444   9472  68648    0    0   176     0 40044 40312  0  0 99  0  0	
 2  0      0 47360948   9480  68656    0    0   160    12 40140 40358  1  1 99  0  0	
 1  0      0 47360824   9480  68656    0    0   112    32 40260 40470  1  0 99  0  0	
 1  0      0 47360824   9480  68656    0    0   240     0 40004 40186  1  0 99  0  0	
 1  0      0 47360328   9480  68656    0    0   240     0 40105 40298  1  0 99  0  0	
 1  0      0 47360328   9480  68656    0    0   272     0 39956 40209  1  0 99  0  0	
 1  0      0 47360328   9480  68656    0    0   176     0 40161 40362  1  0 99  0  0	
 1  0      0 47359832   9488  68652    0    0   416    24 39443 39587  1  0 98  0  0	
 1  0      0 47359832   9488  68652    0    0   176     0 40182 40354  1  0 99  0  0	
 1  0      0 47359088   9488  68656    0    0   160     0 39724 39908  1  0 99  0  0	
 1  0      0 47358964   9488  68656    0    0   160     0 40073 40289  1  0 99  0  0	
 1  0      0 47358964   9488  68656    0    0    96     0 40261 40495  1  0 99  0  0	
 1  0      0 47358716   9496  68656    0    0   192    20 40171 40362  1  0 99  0  0	
 1  0      0 47358592   9496  68656    0    0   128     0 40112 40358  1  0 99  0  0	
 1  0      0 47358592   9496  68656    0    0   240     0 39946 40148  1  0 99  0  0	
 1  0      0 47358096   9496  68656    0    0   176     0 39971 40114  1  0 99  0  0	
 1  0      0 47358096   9496  68656    0    0   144     0 40172 40358  1  0 99  0  0	
 1  0      0 47357848   9496  68656    0    0   160     0 39221 39384  1  0 99  0  0	
 1  0      0 47357724   9504  68648    0    0   192    24 39969 40241  1  0 99  0  0	
 1  0      0 47357724   9504  68648    0    0   112     0 39257 39430  1  0 99  0  0	
 2  0      0 47357724   9504  68648    0    0    96     0 40087 40288  1  0 99  0  0	
procs -----------memory---------- ---swap-- -----io---- --system-- -----cpu-----
 r  b   swpd   free   buff  cache   si   so    bi    bo   in   cs us sy id wa st
 1  0      0 47357228   9504  68648    0    0   176     0 40061 40311  1  0 99  0  0	
 1  0      0 47357228   9504  68648    0    0   128     0 40195 40359  1  0 99  0  0	
 1  0      0 47357104   9512  68656    0    0   192    12 39623 39815  1  0 99  0  0	
 1  0      0 47357104   9512  68656    0    0   128     0 40147 40342  1  0 99  0  0	
 1  0      0 47356608   9512  68656    0    0   192     0 39973 40182  1  0 99  0  0	
 2  0      0 47356484   9512  68656    0    0   128     0 40169 40385  1  0 99  0  0	
 1  0      0 47356484   9512  68656    0    0   256     0 39510 39724  1  0 99  0  0	
 2  0      0 47356112   9512  68656    0    0   112     0 40272 40444  1  0 99  0  0	
 1  0      0 47356112   9520  68648    0    0   112    12 39604 39859  1  1 98  0  0	
 2  0      0 47356112   9520  68648    0    0    64     0 40285 40468  1  0 99  0  0	
 1  0      0 47356112   9520  68648    0    0   144     0 40127 40303  1  0 99  0  0	
 1  0      0 47355616   9520  68648    0    0   208     0 39902 40168  0  0 99  0  0	
 1  0      0 47355492   9520  68660    0    0   128     0 39974 40176  1  0 99  0  0	
 1  0      0 47355368   9528  68660    0    0   160    12 40125 40356  1  0 99  0  0	
 1  0      0 47355368   9528  68660    0    0   240     0 39995 40180  1  0 99  0  0	
 1  0      0 47354872   9528  68660    0    0   192     0 40039 40220  1  0 99  0  0	
 1  0      0 47354872   9528  68660    0    0   144     0 39066 39374  1  1 98  0  0	
 1  0      0 47354624   9528  68664    0    0    80    12 40227 40433  1  0 99  0  0	
 1  0      0 47354500   9528  68664    0    0   224     0 39456 39674  1  0 99  0  0	
 1  0      0 47354500   9536  68656    0    0    80    24 40262 40456  1  0 99  0  0	
 1  0      0 47354252   9536  68664    0    0   144     0 40177 40340  1  0 99  0  0	
procs -----------memory---------- ---swap-- -----io---- --system-- -----cpu-----
 r  b   swpd   free   buff  cache   si   so    bi    bo   in   cs us sy id wa st
 1  0      0 47353880   9536  68664    0    0   256     0 39822 40008  1  0 99  0  0	
 1  0      0 47353756   9536  68664    0    0   128     8 40192 40443  1  0 99  0  0	
 1  0      0 47353756   9536  68664    0    0   112     0 40133 40328  1  0 99  0  0	
 1  0      0 47353756   9544  68656    0    0   240    24 39859 40104  1  0 99  0  0	
 1  0      0 47353756   9544  68656    0    0    96     0 40197 40358  1  0 98  0  0	
 1  0      0 47353260   9544  68656    0    0    80     0 39880 40039  1  0 99  0  0	
 1  0      0 47353260   9544  68656    0    0   160     0 40136 40382  1  0 99  0  0	
 1  0      0 47352888   9544  68664    0    0   224     0 39250 39482  1  0 99  0  0	
 1  0      0 47352764   9544  68664    0    0   128     0 40188 40380  1  0 99  0  0	
 1  0      0 47352764   9552  68656    0    0    80    12 40282 40486  1  0 99  0  0	
 2  0      0 47352764   9552  68656    0    0   112     0 40218 40434  1  0 99  0  0	
 1  0      0 47352764   9552  68656    0    0    96     0 40215 40507  1  0 99  0  0	
 1  0      0 47352764   9552  68656    0    0    96     0 40176 40355  1  0 99  0  0	
 1  0      0 47352268   9552  68656    0    0   160     0 40129 40318  1  0 99  0  0	
 1  0      0 47352268   9560  68648    0    0   160    12 40163 40362  1  1 98  0  0	
 1  0      0 47351896   9560  68664    0    0   208     0 39084 39294  1  0 99  0  0	
 1  0      0 47351648   9560  68664    0    0   240     0 40048 40282  1  0 98  0  0	
 1  0      0 47351648   9560  68664    0    0   144     0 39710 39882  1  0 99  0  0	
 1  0      0 47351648   9560  68664    0    0   176     0 40200 40396  1  0 99  0  0	
 1  0      0 47351152   9560  68664    0    0   160     0 40146 40390  1  0 99  0  0	
 1  0      0 47351152   9568  68664    0    0   208    12 40130 40319  1  0 99  0  0	
procs -----------memory---------- ---swap-- -----io---- --system-- -----cpu-----
 r  b   swpd   free   buff  cache   si   so    bi    bo   in   cs us sy id wa st
 1  0      0 47351152   9568  68664    0    0   112     0 40089 40268  1  0 99  0  0	
 1  0      0 47350656   9568  68664    0    0   144     0 40129 40370  1  0 99  0  0	
 1  0      0 47350532   9568  68664    0    0   112     0 40378 40527  1  0 99  0  0	
 1  0      0 47350408   9568  68664    0    0   128     0 40011 40235  1  0 98  0  0	
 1  0      0 47350408   9576  68656    0    0   160    12 39721 39950  1  1 98  0  0	
 2  0      0 47349912   9576  68656    0    0   320     0 40322 40566  1  0 99  0  0	
 1  0      0 47349788   9576  68664    0    0   128     4 40268 40490  1  0 99  0  0	
 1  0      0 47349664   9576  68664    0    0   144     0 40391 40667  1  0 98  0  0	
 1  0      0 47349664   9576  68664    0    0   192     0 40199 40433  1  1 99  0  0	
 1  0      0 47349664   9576  68664    0    0   128     0 40880 41082  1  0 99  0  0	
 1  0      0 47349292   9584  68668    0    0    96    12 40352 40566  1  0 99  0  0	
 1  0      0 47349168   9584  68668    0    0   160    20 40830 41090  1  0 98  0  0	
 1  0      0 47349168   9584  68668    0    0   208     0 40466 40664  1  0 99  0  0	
 1  0      0 47349168   9584  68668    0    0   192     0 40808 41076  1  0 99  0  0	
 1  0      0 47348672   9584  68668    0    0   160     0 40281 40500  1  0 99  0  0	
 1  0      0 47348672   9592  68660    0    0   240    12 40738 41020  1  0 99  0  0	
 2  0      0 47348176   9592  68660    0    0   128     0 40506 40724  1  0 99  0  0	
 1  0      0 47348176   9592  68660    0    0   176     0 40741 40951  1  0 98  0  0	
 1  0      0 47347928   9592  68672    0    0   160     0 40429 40658  1  0 99  0  0	
 2  0      0 47347804   9592  68672    0    0   112     0 40887 41118  1  0 99  0  0	
 1  0      0 47347804   9592  68672    0    0   192     0 40737 40972  1  0 98  0  0	
procs -----------memory---------- ---swap-- -----io---- --system-- -----cpu-----
 r  b   swpd   free   buff  cache   si   so    bi    bo   in   cs us sy id wa st
 2  0      0 47347804   9600  68668    0    0   160    12 40754 40978  1  0 99  0  0	
 1  0      0 47347308   9600  68668    0    0   128     0 40818 41016  1  0 98  0  0	
 1  0      0 47347308   9600  68668    0    0    96     0 40761 41056  1  0 99  0  0	
 1  0      0 47347308   9600  68668    0    0   144     0 39841 40106  1  1 98  0  0	
 1  0      0 47347308   9600  68668    0    0   176     0 40787 41020  1  0 99  0  0	
 1  0      0 47346688   9608  68672    0    0   160    12 40547 40765  1  0 98  0  0	
 1  0      0 47346688   9608  68672    0    0   128     0 40450 40625  1  0 99  0  0	
 1  0      0 47346688   9608  68672    0    0   144     0 40724 40922  1  0 99  0  0	
 1  0      0 47346688   9608  68672    0    0   192     0 40614 40844  1  0 99  0  0	
 1  0      0 47346192   9608  68672    0    0   288     0 40464 40706  1  0 99  0  0	
 1  0      0 47345696   9608  68672    0    0   304     0 40520 40745  1  0 99  0  0	
 1  0      0 47345696   9616  68672    0    0   112    12 40726 41016  1  0 99  0  0	
 2  0      0 47345696   9616  68672    0    0   112     0 40865 41078  1  0 99  0  0	
 2  0      0 47345200   9616  68672    0    0   256     0 39694 39924  1  0 98  0  0	
 1  0      0 47345200   9616  68672    0    0   112     0 40686 40926  1  0 99  0  0	
 1  0      0 47345200   9616  68672    0    0    32     8 40597 40782  1  0 99  0  0	
 1  0      0 47345200   9624  68664    0    0   160    28 40569 40768  1  0 98  0  0	
 1  0      0 47345200   9624  68664    0    0   176     0 40701 40932  1  0 99  0  0	
