procs -----------memory---------- ---swap-- -----io---- --system-- -----cpu-----
 r  b   swpd   free   buff  cache   si   so    bi    bo   in   cs us sy id wa st
 1  0      0 69356832  11732  73400    0    0  1117  2186   41   26 23  5 66  5  0	
66  3      0 69246320  11732  73416    0    0 75632     0 120726 250144 54 16 30  1  1	
64  7      0 69244216  11732  73416    0    0 135488     0 15546 252525 80 20  0  0  0	
58 10      0 69243840  11740  73416    0    0 133888    48 16126 251559 78 22  0  0  0	
61  6      0 69243720  11740  73416    0    0 135312     8 14648 254153 79 20  0  0  0	
59 11      0 69243720  11740  73416    0    0 135296     0 12126 253484 79 21  0  0  0	
63  6      0 69243720  11740  73416    0    0 139248     0 12446 253600 79 21  0  0  0	
67  1      0 69243720  11740  73416    0    0 134544     0 12125 252777 78 22  0  0  0	
62  8      0 69243720  11748  73416    0    0 137488    20 12374 253784 80 20  0  0  0	
62  7      0 69243720  11748  73420    0    0 136560     0 12265 250376 79 21  0  0  0	
62  7      0 69243720  11748  73420    0    0 139376     0 12417 253558 80 20  0  0  0	
60  7      0 69243720  11748  73420    0    0 135968     0 12242 253844 79 21  0  0  0	
63  4      0 69243720  11748  73420    0    0 134464     0 12136 253600 78 22  0  0  0	
63  8      0 69243720  11748  73420    0    0 133536     0 12085 251825 80 20  0  0  0	
63  4      0 69243720  11756  73420    0    0 137216    20 12256 253673 79 21  0  0  0	
60  7      0 69243720  11756  73420    0    0 137616     0 12278 252193 79 20  0  0  0	
63  2      0 69243720  11756  73420    0    0 134640     0 12062 253594 79 21  0  0  0	
60  6      0 69243720  11756  73420    0    0 135072     0 12162 249709 78 22  0  0  0	
60  7      0 69243720  11756  73420    0    0 136208     0 12111 253636 78 22  0  0  0	
65  6      0 69243720  11764  73420    0    0 133264    12 12241 248704 79 21  0  0  0	
61  8      0 69243720  11764  73420    0    0 134288     0 12132 252543 78 22  0  0  0	
procs -----------memory---------- ---swap-- -----io---- --system-- -----cpu-----
 r  b   swpd   free   buff  cache   si   so    bi    bo   in   cs us sy id wa st
64  3      0 69243720  11764  73420    0    0 137296     0 12278 253756 80 20  0  0  0	
57  7      0 69243720  11764  73420    0    0 135760     0 12256 253624 80 20  0  0  0	
57  8      0 69243720  11764  73420    0    0 136496     0 12291 251326 79 21  0  0  0	
63  7      0 69243720  11764  73420    0    0 138544     0 12398 253728 79 21  0  0  0	
67  4      0 69243720  11772  73420    0    0 134048    28 12222 251979 78 21  0  0  0	
61  6      0 69243720  11772  73420    0    0 135600     0 12190 253678 80 20  0  0  0	
66  3      0 69243720  11772  73420    0    0 136032     0 12208 253689 78 22  0  0  0	
59  7      0 69243720  11772  73420    0    0 138384     0 12328 253831 79 21  0  0  0	
63  4      0 69243720  11772  73420    0    0 136464     0 12176 253656 80 20  0  0  0	
63  6      0 69243600  11780  73420    0    0 135264    36 12189 253736 78 22  0  0  0	
60  6      0 69243600  11780  73420    0    0 137536     0 14086 251970 78 21  0  1  0	
62  6      0 69243600  11780  73424    0    0 133296     0 12002 253627 78 22  0  0  0	
64  7      0 69243600  11780  73424    0    0 134912     0 12137 248810 79 21  0  0  0	
61  7      0 69243600  11780  73424    0    0 136784     0 12190 253573 78 22  0  0  0	
62  7      0 69243600  11780  73424    0    0 134368    64 12035 253534 79 20  0  0  0	
60  9      0 69243600  11788  73424    0    0 134576    24 12046 253454 79 21  0  0  0	
60  6      0 69243600  11788  73424    0    0 137504     0 12141 253634 80 20  0  0  0	
63  7      0 69243600  11788  73424    0    0 136992     0 12142 253814 78 22  0  0  0	
69  2      0 69243600  11788  73424    0    0 131264     0 11890 248208 79 21  0  0  0	
58  7      0 69243600  11788  73424    0    0 136720     0 12118 253751 79 21  0  0  0	
62  5      0 69243600  11796  73424    0    0 135008    12 12063 253657 79 21  0  0  0	
procs -----------memory---------- ---swap-- -----io---- --system-- -----cpu-----
 r  b   swpd   free   buff  cache   si   so    bi    bo   in   cs us sy id wa st
61  5      0 69243600  11796  73424    0    0 133792     0 12027 253601 79 21  0  0  0	
68  3      0 69243600  11796  73428    0    0 134432     0 12191 248656 80 20  0  0  0	
58  6      0 69243600  11796  73428    0    0 134560     0 12033 250439 79 21  0  0  0	
64  5      0 69243600  11796  73428    0    0 134224     0 12095 252399 79 21  0  0  0	
69  3      0 69243600  11796  73428    0    0 136160     0 12137 253685 80 20  0  0  0	
66  5      0 69243600  11804  73428    0    0 131984    12 11904 253646 78 22  0  0  0	
63  4      0 69243600  11804  73428    0    0 139424     0 12271 253864 79 21  0  0  0	
63  7      0 69243600  11804  73428    0    0 134928     0 12119 253654 79 21  0  0  0	
63  5      0 69243600  11804  73428    0    0 139424     0 12424 253884 79 21  0  0  0	
61  7      0 69243600  11804  73428    0    0 133728     0 12137 251332 80 20  0  0  0	
64  5      0 69243600  11812  73428    0    0 137136    12 12353 253447 79 21  0  0  0	
62  6      0 69243600  11812  73428    0    0 135040     0 12323 248649 80 20  0  0  0	
62  9      0 69243600  11812  73428    0    0 134512     0 12238 252362 77 22  0  0  0	
61  4      0 69243600  11812  73428    0    0 133312     0 12147 249231 79 21  0  0  0	
61  7      0 69243600  11812  73428    0    0 134400     0 12021 253783 79 21  0  0  0	
60  6      0 69243472  11812  73428    0    0 133936     0 12032 252850 79 21  0  0  0	
62  4      0 69243472  11820  73428    0    0 136464    12 12197 253593 78 22  0  0  0	
61  6      0 69243472  11820  73428    0    0 138304     0 12308 253702 79 21  0  0  0	
65  5      0 69243472  11820  73428    0    0 137344     0 12196 253569 79 21  0  0  0	
63  6      0 69243472  11820  73428    0    0 136800     0 12227 253737 78 22  0  0  0	
56  9      0 69243472  11820  73428    0    0 134032     0 12107 253619 80 20  0  0  0	
procs -----------memory---------- ---swap-- -----io---- --system-- -----cpu-----
 r  b   swpd   free   buff  cache   si   so    bi    bo   in   cs us sy id wa st
62  7      0 69242976  11828  73428    0    0 135424    20 12446 248500 79 21  0  0  0	
59  8      0 69242976  11828  73432    0    0 136576     0 12341 250883 79 21  0  0  0	
61 11      0 69242976  11828  73436    0    0 137408     0 12293 253182 80 20  0  0  0	
63  5      0 69242976  11828  73436    0    0 139328    24 12373 253684 78 22  0  0  0	
64  5      0 69242976  11828  73436    0    0 139280     0 12242 253700 79 21  0  0  0	
59  8      0 69242976  11828  73436    0    0 134544     0 12140 253619 78 22  0  0  0	
64  3      0 69242976  11836  73436    0    0 133888    28 12003 253056 80 20  0  0  0	
59  7      0 69242976  11836  73436    0    0 136176     0 12083 253653 79 21  0  0  0	
61  6      0 69242976  11836  73436    0    0 134496     0 12092 253569 79 21  0  0  0	
64  5      0 69242976  11836  73436    0    0 138192     0 12309 253802 79 21  0  0  0	
62  7      0 69242976  11836  73436    0    0 130880     0 11979 248369 79 21  0  0  0	
58 11      0 69242976  11844  73436    0    0 135632    12 12177 253841 79 21  0  0  0	
61 10      0 69242976  11844  73436    0    0 132976     0 12069 248678 79 21  0  0  0	
62  5      0 69242976  11844  73436    0    0 133536     0 12067 253585 80 20  0  0  0	
67  2      0 69242976  11844  73436    0    0 137488     0 12180 253812 79 21  0  0  0	
61  3      0 69242976  11844  73436    0    0 136304     0 12185 253983 79 21  0  0  0	
60  7      0 69242976  11844  73436    0    0 135472     0 12175 253747 79 21  0  0  0	
66  7      0 69242976  11852  73436    0    0 135296    12 12147 253673 79 21  0  0  0	
60  7      0 69242976  11852  73436    0    0 138672     0 12426 253789 79 21  0  0  0	
63  6      0 69242976  11852  73436    0    0 136144     0 12187 253778 79 21  0  0  0	
63  6      0 69242976  11852  73436    0    0 136640     0 12370 250577 79 21  0  0  0	
procs -----------memory---------- ---swap-- -----io---- --system-- -----cpu-----
 r  b   swpd   free   buff  cache   si   so    bi    bo   in   cs us sy id wa st
55 10      0 69242976  11852  73436    0    0 134720     0 12038 253797 81 19  0  0  0	
64  5      0 69242976  11860  73440    0    0 135696    12 12211 248426 78 22  0  0  0	
64  2      0 69242976  11860  73440    0    0 139808     0 12385 253486 79 21  0  0  0	
60  5      0 69242976  11860  73440    0    0 134624     0 12066 253794 77 23  0  0  0	
63  5      0 69242976  11860  73440    0    0 135280     0 12071 253643 79 21  0  0  0	
67  2      0 69242976  11860  73440    0    0 134624     0 12077 253756 80 20  0  0  0	
61  8      0 69242976  11860  73440    0    0 133344     0 12062 253293 80 20  0  0  0	
64  3      0 69242976  11868  73440    0    0 136928    12 12245 253628 79 21  0  0  0	
64  4      0 69242976  11868  73440    0    0 135952    12 12224 253485 78 22  0  0  0	
64  3      0 69242976  11868  73440    0    0 135520     0 12301 248616 79 21  0  0  0	
60  7      0 69242976  11868  73440    0    0 136608     0 13135 253541 79 20  0  0  0	
62  3      0 69242976  11868  73440    0    0 136208     0 12208 252989 79 21  0  0  0	
62  4      0 69242976  11876  73440    0    0 134080    32 12015 253544 80 20  0  0  0	
65  5      0 69242976  11876  73440    0    0 138416    12 12317 253688 79 21  0  0  0	
62  3      0 69242976  11876  73444    0    0 134640     0 12085 253748 79 21  0  0  0	
64  4      0 69242976  11876  73444    0    0 135504     0 12222 253065 78 22  0  0  0	
64  3      0 69242976  11876  73444    0    0 140096     0 12354 253754 78 22  0  0  0	
59  6      0 69242976  11876  73444    0    0 135120     0 12110 253304 79 21  0  0  0	
61  8      0 69242976  11884  73444    0    0 137168    52 12246 253709 79 21  0  0  0	
62  7      0 69242976  11884  73444    0    0 131600     0 12062 248214 78 22  0  0  0	
59  8      0 69242976  11884  73444    0    0 135040     0 12069 253732 79 21  0  0  0	
procs -----------memory---------- ---swap-- -----io---- --system-- -----cpu-----
 r  b   swpd   free   buff  cache   si   so    bi    bo   in   cs us sy id wa st
57 11      0 69242976  11884  73444    0    0 138368     0 12361 251744 80 20  0  0  0	
59 10      0 69242976  11884  73444    0    0 138096     0 12359 253707 78 22  0  0  0	
63  3      0 69242976  11892  73444    0    0 137248    12 12356 253638 79 21  0  0  0	
63  4      0 69242976  11892  73444    0    0 137872     0 12234 253590 81 19  0  0  0	
65  2      0 69242976  11892  73444    0    0 134304     0 12127 252781 79 21  0  0  0	
68  2      0 69242976  11892  73444    0    0 136144     0 12082 253511 79 21  0  0  0	
63  2      0 69242976  11892  73444    0    0 135488     0 12094 253671 78 22  0  0  0	
60  7      0 69242976  11892  73444    0    0 138224     0 12499 253633 79 21  0  0  0	
64  5      0 69242976  11900  73444    0    0 133568    12 12075 247808 80 20  0  0  0	
59  6      0 69242976  11900  73444    0    0 132352     0 12065 250280 79 21  0  0  0	
61  7      0 69242976  11900  73444    0    0 136880     0 12342 253405 79 21  0  0  0	
61  5      0 69242976  11900  73444    0    0 134560     0 12110 253436 78 22  0  0  0	
64  1      0 69242976  11900  73444    0    0 134496     0 12203 252103 79 21  0  0  0	
61  6      0 69242976  11908  73444    0    0 135808    12 12131 253957 80 20  0  0  0	
62  6      0 69242976  11908  73444    0    0 136464     0 12182 253664 79 21  0  0  0	
59  8      0 69242976  11908  73444    0    0 138528     0 12291 254007 78 22  0  0  0	
61  4      0 69242976  11908  73444    0    0 136480     0 12201 253706 78 21  0  0  0	
63  5      0 69242976  11908  73444    0    0 135408     0 12122 253712 80 20  0  0  0	
64  2      0 69242976  11908  73444    0    0 133136     0 12934 247152 79 21  0  0  0	
64  4      0 69242976  11916  73444    0    0 136416    12 12252 253595 78 22  0  0  0	
64  9      0 69242976  11916  73444    0    0 136048     0 12271 252456 80 20  0  0  0	
procs -----------memory---------- ---swap-- -----io---- --system-- -----cpu-----
 r  b   swpd   free   buff  cache   si   so    bi    bo   in   cs us sy id wa st
64  5      0 69242976  11916  73444    0    0 136368     0 12284 253696 79 21  0  0  0	
65  3      0 69242976  11916  73448    0    0 138432     0 13059 253792 79 21  0  0  0	
67  1      0 69242976  11916  73448    0    0 139600    12 12394 253757 80 20  0  0  0	
61  4      0 69242976  11924  73448    0    0 135152    20 12144 252257 78 22  0  0  0	
64  4      0 69242976  11924  73452    0    0 136416     0 12262 253637 79 21  0  0  0	
65  3      0 69242976  11924  73452    0    0 136160     0 12167 253482 79 21  0  0  0	
64  4      0 69242976  11924  73452    0    0 135856     0 12053 253649 79 21  0  0  0	
64  5      0 69242976  11924  73452    0    0 130480    12 11942 247834 80 20  0  0  0	
63  5      0 69242976  11924  73452    0    0 135440     0 12174 251042 79 21  0  0  0	
62  6      0 69242976  11932  73452    0    0 132640    20 12292 252554 79 21  0  0  0	
62  8      0 69242976  11932  73452    0    0 136032     0 12182 253545 79 21  0  0  0	
64  6      0 69242976  11932  73452    0    0 134800     0 12134 253758 79 21  0  0  0	
65  4      0 69242976  11932  73452    0    0 137152     8 12293 253766 79 21  0  0  0	
62  4      0 69242976  11932  73452    0    0 134432     0 12084 253805 79 21  0  0  0	
64  7      0 69242976  11940  73452    0    0 135312    12 12148 253467 79 21  0  0  0	
64  5      0 69242976  11940  73452    0    0 136032     0 12225 253756 79 21  0  0  0	
62  6      0 69242976  11940  73452    0    0 136608     0 12133 253469 79 21  0  0  0	
63  3      0 69242976  11940  73452    0    0 132464     0 12006 247500 81 19  0  0  0	
64  4      0 69242976  11940  73452    0    0 135296     0 12046 253748 80 20  0  0  0	
62  6      0 69242976  11940  73452    0    0 136752     0 12264 252800 80 20  0  0  0	
68  3      0 69242976  11948  73452    0    0 136272    12 12181 253596 80 20  0  0  0	
procs -----------memory---------- ---swap-- -----io---- --system-- -----cpu-----
 r  b   swpd   free   buff  cache   si   so    bi    bo   in   cs us sy id wa st
62  8      0 69242976  11948  73452    0    0 132672     0 11956 253835 80 20  0  0  0	
64  4      0 69242976  11948  73452    0    0 137632     0 12319 253995 79 21  0  0  0	
63  9      0 69242976  11948  73452    0    0 136000     0 12196 253731 79 21  0  0  0	
62  7      0 69242976  11948  73452    0    0 134544     0 12093 253688 78 22  0  0  0	
62  7      0 69242976  11956  73452    0    0 138672    12 12335 253741 79 21  0  0  0	
62  9      0 69242976  11956  73452    0    0 139168     0 12343 253677 79 21  0  0  0	
65  4      0 69242976  11956  73452    0    0 133856     0 12171 248133 79 22  0  0  0	
61  6      0 69242976  11956  73452    0    0 136784     0 12249 253748 78 22  0  0  0	
65  7      0 69242976  11956  73452    0    0 137056     0 12331 253266 80 20  0  0  0	
58 11      0 69242976  11956  73452    0    0 136208     0 12184 253684 78 22  0  0  0	
65  8      0 69242976  11964  73452    0    0 133744    12 12023 252946 80 20  0  0  0	
58 10      0 69242976  11964  73452    0    0 136288     0 12190 253660 79 21  0  0  0	
62  9      0 69242976  11964  73452    0    0 137104     0 12260 253734 79 21  0  0  0	
64  6      0 69242976  11964  73452    0    0 133184     0 12106 248534 79 21  0  0  0	
64  5      0 69242976  11964  73452    0    0 137136     0 12205 253676 79 21  0  0  0	
62  5      0 69242976  11972  73452    0    0 138176    12 12285 253649 79 21  0  0  0	
59  7      0 69242976  11972  73456    0    0 134880     0 12232 247595 80 20  0  0  0	
62  7      0 69242976  11972  73456    0    0 137248     4 13569 252576 79 21  0  1  0	
62  4      0 69242976  11972  73456    0    0 137696     0 12332 252886 81 19  0  0  0	
65  7      0 69242976  11972  73456    0    0 138432     0 12295 253952 78 21  0  0  0	
67  4      0 69242976  11972  73456    0    0 136896     0 12157 253813 80 20  0  0  0	
procs -----------memory---------- ---swap-- -----io---- --system-- -----cpu-----
 r  b   swpd   free   buff  cache   si   so    bi    bo   in   cs us sy id wa st
67  3      0 69242976  11980  73456    0    0 138208    12 12184 253713 79 21  0  0  0	
61  7      0 69242976  11980  73456    0    0 136400     8 12077 253682 79 21  0  0  0	
64  5      0 69242976  11980  73460    0    0 137728     0 12245 254112 79 21  0  0  0	
63  5      0 69242976  11980  73460    0    0 137424     0 12174 253620 80 21  0  0  0	
61  6      0 69242976  11980  73460    0    0 136512     0 12100 253427 78 22  0  0  0	
60  9      0 69242976  11988  73460    0    0 135072    20 12262 248020 79 21  0  0  0	
63  6      0 69242976  11988  73460    0    0 133616     8 12911 252717 79 21  0  0  0	
59  7      0 69242976  11988  73460    0    0 135456     0 12221 253180 78 22  0  0  0	
63  6      0 69242976  11988  73460    0    0 135936     0 12143 253601 78 22  0  0  0	
66  7      0 69242976  11988  73460    0    0 135392     0 12150 253595 79 21  0  0  0	
62  8      0 69242976  11988  73460    0    0 135440     0 12213 253584 79 21  0  0  0	
60  7      0 69242976  11996  73460    0    0 136848    12 12294 253790 79 21  0  0  0	
64  6      0 69242976  11996  73460    0    0 136032     0 12233 253409 80 20  0  0  0	
60  4      0 69242976  11996  73460    0    0 137552     0 12555 252870 79 21  0  0  0	
63  5      0 69242976  11996  73460    0    0 137776     0 12324 253426 79 21  0  0  0	
61  9      0 69242976  11996  73460    0    0 133056     0 12427 246832 79 21  0  0  0	
63  8      0 69242976  12004  73460    0    0 131856    12 13930 247527 79 20  0  1  0	
60  5      0 69242976  12004  73460    0    0 133696     0 12474 253020 79 21  0  0  0	
66  4      0 69242976  12004  73460    0    0 136928     0 12412 252959 79 21  0  0  0	
65  3      0 69242480  12004  73460    0    0 135680     0 12218 252846 79 21  0  0  0	
63  2      0 69241488  12004  73460    0    0 134640     0 12266 253161 80 20  0  0  0	
procs -----------memory---------- ---swap-- -----io---- --system-- -----cpu-----
 r  b   swpd   free   buff  cache   si   so    bi    bo   in   cs us sy id wa st
63  4      0 69241360  12008  73456    0    0 139192     0 12797 252241 78 22  0  0  0	
62  6      0 69240992  12016  73464    0    0 132912    24 12004 253644 79 21  0  0  0	
66  3      0 69242320  12024  73456    0    0 133632    40 12051 253686 80 20  0  0  0	
62  4      0 69242352  12024  73468    0    0 136032     0 12138 253653 79 21  0  0  0	
65  3      0 69242352  12024  73468    0    0 136048     0 12369 251123 80 20  0  0  0	
67  9      0 69242352  12024  73468    0    0 136752     0 12209 253688 78 22  0  0  0	
62  7      0 69242352  12024  73472    0    0 131328     0 11932 250709 79 21  0  0  0	
61  6      0 69242352  12024  73472    0    0 136368     0 12499 253912 79 21  0  0  0	
63  7      0 69242352  12032  73472    0    0 135744    12 12133 253738 80 20  0  0  0	
58  6      0 69242352  12032  73472    0    0 132768     0 12019 253302 80 20  0  0  0	
63  3      0 69242352  12032  73472    0    0 136432    16 12268 253334 78 22  0  0  0	
62  6      0 69242352  12032  73472    0    0 134672     0 12151 253243 79 21  0  0  0	
56 10      0 69242352  12032  73472    0    0 138160     0 12207 253214 78 22  0  0  0	
60  9      0 69242352  12040  73472    0    0 135200    20 12226 253321 80 20  0  0  0	
64  5      0 69242352  12040  73472    0    0 131392     0 13129 247000 79 20  0  0  0	
65  4      0 69242352  12040  73472    0    0 135120     0 12241 253122 80 20  0  0  0	
63  3      0 69242352  12040  73472    0    0 132624     0 12107 247671 79 21  0  0  0	
66  5      0 69242352  12040  73472    0    0 135040     0 12168 253753 79 21  0  0  0	
60  7      0 69242352  12040  73472    0    0 137440     0 12336 253702 79 21  0  0  0	
61  5      0 69242352  12048  73472    0    0 136064    12 12196 253847 79 21  0  0  0	
67  3      0 69242352  12048  73472    0    0 136176     0 12145 253860 78 21  0  0  0	
procs -----------memory---------- ---swap-- -----io---- --system-- -----cpu-----
 r  b   swpd   free   buff  cache   si   so    bi    bo   in   cs us sy id wa st
58  7      0 69242352  12048  73472    0    0 137376    28 12185 253500 78 22  0  0  0	
65  4      0 69242352  12048  73472    0    0 134528     0 12070 253007 80 20  0  0  0	
62  6      0 69242352  12048  73472    0    0 136608     0 12277 253681 79 21  0  0  0	
63  4      0 69242232  12056  73476    0    0 134112    16 12224 250381 79 21  0  0  0	
66  3      0 69242232  12056  73476    0    0 136976     0 12323 253853 78 22  0  0  0	
60 13      0 69242232  12056  73476    0    0 136192     0 12177 253217 79 21  0  0  0	
64  4      0 69242232  12056  73476    0    0 135040     0 12177 253771 78 22  0  0  0	
67  6      0 69242112  12056  73476    0    0 136896     0 12245 253791 78 22  0  0  0	
62  6      0 69242112  12056  73476    0    0 136368     0 12235 253785 79 21  0  0  0	
59 11      0 69242112  12064  73476    0    0 135472    12 12079 250932 79 21  0  0  0	
62  6      0 69242112  12064  73476    0    0 136944     8 12207 253684 77 23  0  0  0	
64  5      0 69242112  12064  73476    0    0 135184     0 12058 253736 79 21  0  0  0	
62  6      0 69242112  12064  73476    0    0 136688     0 12190 253979 80 20  0  0  0	
62  3      0 69242112  12064  73476    0    0 134928     0 12243 250927 80 20  0  0  0	
59  9      0 69242112  12072  73476    0    0 132896    12 12068 253546 79 21  0  0  0	
57 10      0 69242112  12072  73476    0    0 136064     0 12243 249348 80 20  0  0  0	
64  5      0 69242112  12072  73476    0    0 137408     0 12302 253657 79 21  0  0  0	
60  8      0 69242112  12072  73476    0    0 137968     0 12267 253868 80 20  0  0  0	
59  8      0 69242112  12072  73480    0    0 137248     0 12244 253812 79 21  0  0  0	
65  3      0 69242112  12072  73480    0    0 136096     0 12232 253698 79 21  0  0  0	
63  3      0 69242112  12088  73472    0    0 135488    28 12118 253602 80 20  0  0  0	
procs -----------memory---------- ---swap-- -----io---- --system-- -----cpu-----
 r  b   swpd   free   buff  cache   si   so    bi    bo   in   cs us sy id wa st
60  8      0 69242112  12088  73480    0    0 136656     0 12189 253625 79 21  0  0  0	
61  5      0 69242112  12088  73480    0    0 135296     0 12178 253549 79 21  0  0  0	
59  9      0 69242112  12088  73480    0    0 131984     0 12310 246902 80 20  0  0  0	
61  7      0 69242112  12088  73480    0    0 135920     0 12540 251965 79 21  0  0  0	
61  4      0 69242112  12096  73480    0    0 137504    32 12232 253471 79 21  0  0  0	
65  8      0 69242112  12096  73480    0    0 137088     0 12242 253647 79 21  0  0  0	
63 11      0 69242112  12096  73480    0    0 137392     0 12244 253746 78 22  0  0  0	
59  7      0 69242112  12096  73480    0    0 136512     0 12278 253708 79 21  0  0  0	
64  4      0 69242112  12096  73480    0    0 137488     0 12375 253598 79 21  0  0  0	
57 10      0 69242112  12096  73480    0    0 138528     0 12236 253679 79 21  0  0  0	
59  5      0 69242112  12104  73480    0    0 137712    12 12286 253576 78 22  0  0  0	
67  2      0 69242112  12104  73480    0    0 136592     0 12166 253743 78 22  0  0  0	
65  5      0 69242112  12104  73480    0    0 134464     0 12237 248783 79 21  0  0  0	
63  6      0 69242112  12104  73480    0    0 137088     0 12152 253632 78 22  0  0  0	
63  6      0 69242112  12104  73480    0    0 135200    28 12092 252645 79 21  0  0  0	
58  6      0 69242112  12112  73480    0    0 135856    12 12201 253708 78 21  0  0  0	
65  3      0 69242112  12112  73480    0    0 135488     0 12076 253735 79 21  0  0  0	
67  5      0 69242112  12112  73480    0    0 136320     0 12194 253732 80 20  0  0  0	
65  3      0 69242112  12112  73480    0    0 133920     0 12073 249785 80 20  0  0  0	
66  4      0 69242112  12112  73480    0    0 134320     0 12051 253623 79 21  0  0  0	
63  7      0 69242112  12112  73480    0    0 134976     0 12157 253794 79 21  0  0  0	
procs -----------memory---------- ---swap-- -----io---- --system-- -----cpu-----
 r  b   swpd   free   buff  cache   si   so    bi    bo   in   cs us sy id wa st
61  8      0 69242112  12120  73480    0    0 135568    12 12093 253808 79 21  0  0  0	
63  4      0 69242112  12120  73480    0    0 131376     0 12018 246853 79 21  0  0  0	
62  7      0 69242112  12120  73480    0    0 137952     0 12238 253141 79 21  0  0  0	
63  3      0 69242112  12120  73480    0    0 134480     0 12131 252408 79 21  0  0  0	
62  8      0 69242112  12120  73484    0    0 137296     0 12376 253720 78 22  0  0  0	
67  7      0 69242112  12128  73484    0    0 136272    12 12262 253849 79 21  0  0  0	
63  4      0 69242112  12128  73484    0    0 136064     0 12202 253684 79 21  0  0  0	
64  4      0 69242112  12128  73484    0    0 137344     0 12292 253621 79 21  0  0  0	
62  6      0 69242112  12128  73488    0    0 134128     0 12054 253743 79 21  0  0  0	
63  6      0 69242112  12128  73488    0    0 137952    16 12316 253084 79 21  0  0  0	
68  3      0 69242112  12128  73488    0    0 136400     0 12159 253665 79 21  0  0  0	
58  7      0 69242112  12136  73488    0    0 132656    28 12017 248467 79 21  0  0  0	
60  6      0 69242112  12136  73488    0    0 137488     0 12235 253752 79 21  0  0  0	
61  6      0 69242112  12136  73488    0    0 136752     0 12209 253069 78 22  0  0  0	
62  5      0 69242112  12136  73488    0    0 134608     0 12149 253065 79 21  0  0  0	
60  7      0 69242112  12136  73488    0    0 135392     0 12107 253576 80 20  0  0  0	
63  4      0 69242112  12144  73488    0    0 134464    12 12058 253740 79 21  0  0  0	
64  3      0 69242112  12144  73488    0    0 135664     0 12196 253145 78 22  0  0  0	
57  9      0 69242112  12144  73488    0    0 136560     0 12300 253704 79 21  0  0  0	
57 10      0 69242112  12144  73488    0    0 134496     0 12102 253501 80 20  0  0  0	
65  7      0 69242112  12144  73488    0    0 134336     0 11945 253842 79 21  0  0  0	
procs -----------memory---------- ---swap-- -----io---- --system-- -----cpu-----
 r  b   swpd   free   buff  cache   si   so    bi    bo   in   cs us sy id wa st
62  5      0 69242112  12148  73484    0    0 132624    12 12119 248100 79 21  0  0  0	
64  3      0 69242112  12152  73488    0    0 135136     0 12131 253730 79 21  0  0  0	
65  3      0 69242112  12152  73488    0    0 137504     0 12239 253265 79 21  0  0  0	
62  6      0 69242112  12152  73488    0    0 138512    16 12249 253754 79 21  0  0  0	
65  3      0 69242112  12152  73488    0    0 136896     0 12123 253217 79 21  0  0  0	
59 12      0 69242112  12152  73488    0    0 132784     0 12015 253801 78 22  0  0  0	
59  8      0 69242112  12160  73488    0    0 133632    12 12037 248983 80 20  0  0  0	
65  7      0 69242112  12160  73488    0    0 133760     0 12023 253589 79 21  0  0  0	
59 18      0 69242112  12160  73488    0    0 136816     0 12213 253653 78 22  0  0  0	
63  4      0 69242112  12160  73488    0    0 138528     0 12338 253836 79 20  0  0  0	
62  8      0 69242112  12160  73488    0    0 132560     0 12222 247505 79 20  0  0  0	
64  7      0 69242112  12168  73488    0    0 136400    12 12262 253881 79 21  0  0  0	
60  8      0 69242112  12168  73488    0    0 135968     0 12200 253297 79 21  0  0  0	
67  3      0 69242112  12168  73488    0    0 136544     0 12250 253626 79 21  0  0  0	
69  0      0 69242112  12168  73488    0    0 137184     0 12254 253763 78 22  0  0  0	
65  2      0 69242112  12168  73488    0    0 136128     0 12196 253694 78 22  0  0  0	
61  6      0 69242112  12168  73488    0    0 137872     0 12198 253575 80 20  0  0  0	
64  4      0 69242112  12176  73488    0    0 136336    12 12251 253768 78 22  0  0  0	
61  8      0 69242112  12176  73488    0    0 132752     0 11998 252527 78 22  0  0  0	
61  9      0 69242112  12176  73488    0    0 136112     0 12141 253487 80 20  0  0  0	
62  5      0 69242112  12176  73492    0    0 133920     0 12191 247993 80 20  0  0  0	
procs -----------memory---------- ---swap-- -----io---- --system-- -----cpu-----
 r  b   swpd   free   buff  cache   si   so    bi    bo   in   cs us sy id wa st
59 10      0 69242112  12176  73492    0    0 137168     0 13199 252709 79 20  0  1  0	
59  6      0 69242112  12184  73492    0    0 138384    12 12386 253819 80 20  0  0  0	
67  3      0 69242112  12184  73492    0    0 136176     0 12251 253876 79 21  0  0  0	
63  5      0 69242112  12184  73492    0    0 133936    12 12038 253751 80 20  0  0  0	
63  6      0 69242112  12184  73492    0    0 138144     0 12287 254003 79 21  0  0  0	
62 11      0 69242112  12184  73496    0    0 135264     0 12046 253612 80 20  0  0  0	
65  3      0 69242112  12184  73496    0    0 133888     0 12034 253500 78 22  0  0  0	
62  7      0 69242112  12192  73496    0    0 133680    24 12032 252595 80 20  0  0  0	
64  6      0 69242112  12192  73496    0    0 134880     0 12154 253390 80 20  0  0  0	
66  4      0 69242112  12192  73496    0    0 131792     0 12050 247028 79 21  0  0  0	
60  6      0 69242112  12192  73496    0    0 135728     0 12144 253816 80 20  0  0  0	
60  6      0 69242112  12192  73496    0    0 137296     0 12227 253683 78 22  0  0  0	
67  3      0 69242112  12200  73496    0    0 138000    12 12246 253658 79 21  0  0  0	
65  1      0 69242112  12200  73496    0    0 132240     0 12019 250818 81 19  0  0  0	
64  6      0 69242112  12200  73496    0    0 135104     0 12117 253667 80 20  0  0  0	
66  2      0 69242112  12200  73496    0    0 133936     0 12124 252019 80 20  0  0  0	
64  3      0 69242112  12200  73496    0    0 137536     0 12284 253381 78 22  0  0  0	
56 11      0 69242112  12200  73496    0    0 134544     0 12128 252790 79 21  0  0  0	
61  9      0 69242112  12208  73496    0    0 138016    24 12495 253948 80 20  0  0  0	
61 10      0 69242112  12208  73496    0    0 136256     0 12261 251738 78 22  0  0  0	
62  6      0 69242112  12208  73496    0    0 136640     0 12258 253675 77 23  0  0  0	
procs -----------memory---------- ---swap-- -----io---- --system-- -----cpu-----
 r  b   swpd   free   buff  cache   si   so    bi    bo   in   cs us sy id wa st
63  3      0 69242112  12208  73496    0    0 132976     0 12185 248347 79 21  0  0  0	
58  9      0 69242112  12208  73496    0    0 133680     0 12119 253726 79 21  0  0  0	
66  4      0 69242112  12216  73496    0    0 136592    12 12333 252816 79 21  0  0  0	
66  4      0 69242112  12216  73496    0    0 133584     0 12049 253882 78 22  0  0  0	
61  5      0 69242112  12216  73496    0    0 135136     0 12244 252356 79 21  0  0  0	
65  3      0 69242112  12216  73496    0    0 134720     0 12284 253030 77 23  0  0  0	
69  3      0 69242112  12216  73496    0    0 136064     0 12193 253423 79 21  0  0  0	
64  5      0 69242112  12216  73496    0    0 135312     0 12134 252887 78 22  0  0  0	
59 10      0 69242112  12224  73496    0    0 133136    16 12081 247238 80 20  0  0  0	
66  7      0 69242112  12224  73496    0    0 140112     0 12430 253608 79 21  0  0  0	
63  9      0 69242112  12224  73500    0    0 137248     0 12261 250663 79 21  0  0  0	
68  6      0 69242112  12224  73500    0    0 134400     0 11990 253527 79 21  0  0  0	
68  1      0 69242112  12224  73500    0    0 138208     8 12261 253617 78 22  0  0  0	
60  8      0 69242112  12232  73500    0    0 136848    24 12114 253883 79 21  0  0  0	
64  5      0 69242112  12232  73500    0    0 134768     0 12031 253836 79 21  0  0  0	
65  3      0 69242112  12232  73500    0    0 135120     0 12150 253056 78 22  0  0  0	
63  7      0 69242112  12232  73500    0    0 136528     0 12156 253688 79 21  0  0  0	
61  7      0 69242112  12232  73500    0    0 137392     8 12252 253765 79 21  0  0  0	
62  6      0 69242112  12232  73500    0    0 132816     0 12196 247524 79 21  0  0  0	
60  7      0 69242112  12240  73500    0    0 135216    24 12094 253680 80 20  0  0  0	
66  5      0 69242112  12240  73500    0    0 137536     0 12286 253433 79 21  0  0  0	
procs -----------memory---------- ---swap-- -----io---- --system-- -----cpu-----
 r  b   swpd   free   buff  cache   si   so    bi    bo   in   cs us sy id wa st
61  7      0 69242112  12240  73500    0    0 134736     0 12090 253664 79 21  0  0  0	
63  5      0 69242112  12240  73500    0    0 135984     0 12105 253632 80 20  0  0  0	
65  2      0 69242112  12240  73500    0    0 137264     0 12288 253737 79 21  0  0  0	
61  9      0 69242112  12248  73500    0    0 135056    12 12142 253238 79 21  0  0  0	
68  2      0 69242112  12248  73500    0    0 134016     0 12009 253631 79 21  0  0  0	
65  4      0 69242112  12248  73500    0    0 137168     0 12162 253599 78 22  0  0  0	
62  9      0 69242112  12248  73504    0    0 135120     0 12077 253516 79 21  0  0  0	
64  6      0 69242112  12248  73504    0    0 131968     0 12082 250129 80 20  0  0  0	
64  5      0 69242112  12248  73504    0    0 136672     0 12282 253772 79 21  0  0  0	
62  5      0 69242112  12256  73504    0    0 132336    12 12112 244567 79 21  0  0  0	
64  4      0 69242112  12256  73504    0    0 135296     0 12113 253547 80 20  0  0  0	
65  7      0 69242112  12256  73504    0    0 135456     0 12085 253907 79 21  0  0  0	
54 14      0 69242112  12256  73504    0    0 137760    20 12290 253856 78 22  0  0  0	
64  6      0 69242112  12256  73504    0    0 136880     0 12268 253799 80 20  0  0  0	
60  7      0 69242112  12264  73504    0    0 132512    16 12018 253788 79 21  0  0  0	
63  8      0 69242112  12264  73504    0    0 134256     0 12086 252943 80 20  0  0  0	
63  5      0 69242112  12264  73504    0    0 136992     0 12248 253496 79 21  0  0  0	
60  6      0 69242112  12264  73504    0    0 132880     4 12195 249213 79 21  0  0  0	
61  7      0 69242112  12264  73504    0    0 134128     0 12176 253272 80 20  0  0  0	
57 11      0 69242112  12264  73504    0    0 135904     0 12252 252951 80 20  0  0  0	
64  3      0 69242112  12272  73504    0    0 138256    12 12278 253553 78 22  0  0  0	
procs -----------memory---------- ---swap-- -----io---- --system-- -----cpu-----
 r  b   swpd   free   buff  cache   si   so    bi    bo   in   cs us sy id wa st
63  5      0 69242112  12272  73504    0    0 134128     0 12201 251788 81 19  0  0  0	
63  6      0 69242112  12272  73508    0    0 134608     8 12131 253576 79 21  0  0  0	
61  6      0 69242112  12272  73508    0    0 136160     0 12178 253592 79 21  0  0  0	
66  5      0 69242112  12272  73508    0    0 137008     0 12181 253623 80 20  0  0  0	
67  2      0 69242112  12280  73508    0    0 140272    24 12386 253638 80 20  0  0  0	
67  6      0 69242112  12280  73508    0    0 134880     0 12102 253652 78 22  0  0  0	
63  6      0 69242112  12280  73508    0    0 132672     8 12361 247552 79 21  0  0  0	
59 10      0 69241856  12280  73508    0    0 136784     0 12228 252737 79 21  0  0  0	
66  6      0 69241856  12280  73508    0    0 132288     0 11994 248542 80 20  0  0  0	
62  6      0 69241856  12280  73508    0    0 137248     0 12294 253746 78 22  0  0  0	
61 10      0 69241856  12288  73508    0    0 133904    32 12100 252578 79 21  0  0  0	
59  9      0 69241856  12288  73508    0    0 133856     0 12166 253552 78 22  0  0  0	
68  3      0 69241856  12288  73508    0    0 133648     0 12072 250517 79 21  0  0  0	
61  8      0 69241856  12288  73508    0    0 135552     0 12173 253509 80 20  0  0  0	
64  4      0 69241856  12288  73508    0    0 136736     0 12261 253398 78 22  0  0  0	
61  9      0 69241856  12296  73508    0    0 136688    12 12157 253582 79 21  0  0  0	
65  4      0 69241856  12296  73508    0    0 136800     0 12298 251278 78 22  0  0  0	
67  3      0 69241856  12296  73508    0    0 134992     0 12162 253731 79 21  0  0  0	
65  4      0 69241856  12296  73508    0    0 134800     0 12138 252760 79 21  0  0  0	
65  2      0 69241856  12296  73508    0    0 136048     0 12207 253672 80 20  0  0  0	
60  9      0 69241856  12296  73508    0    0 137088     0 12254 253748 79 21  0  0  0	
procs -----------memory---------- ---swap-- -----io---- --system-- -----cpu-----
 r  b   swpd   free   buff  cache   si   so    bi    bo   in   cs us sy id wa st
61 11      0 69241856  12304  73508    0    0 137808    16 12283 253849 80 20  0  0  0	
60 11      0 69241856  12304  73508    0    0 137136     0 12251 253563 79 21  0  0  0	
67  2      0 69241856  12304  73508    0    0 137568     0 12303 253666 78 22  0  0  0	
65  4      0 69241856  12304  73508    0    0 136512     0 12167 253870 79 21  0  0  0	
62  5      0 69241856  12304  73508    0    0 135232     0 12071 253803 79 21  0  0  0	
65  6      0 69241856  12312  73508    0    0 130992    12 11978 248200 79 21  0  0  0	
66  5      0 69241856  12312  73512    0    0 136992    24 12174 253768 80 20  0  0  0	
61  5      0 69241856  12312  73512    0    0 137456     0 12337 252455 77 23  0  0  0	
67  1      0 69241856  12312  73512    0    0 134384     0 12056 253684 79 21  0  0  0	
63  8      0 69241856  12312  73512    0    0 133264     0 12035 253660 80 20  0  0  0	
63  4      0 69241856  12312  73512    0    0 135984     0 12256 253838 79 21  0  0  0	
63  8      0 69241856  12320  73512    0    0 137312    16 12246 253945 78 22  0  0  0	
65  4      0 69241856  12320  73516    0    0 135040     0 12226 253645 78 22  0  0  0	
59  9      0 69241856  12320  73516    0    0 133680     0 13142 251056 78 21  0  1  0	
59 10      0 69241856  12320  73516    0    0 138768     0 12291 253747 78 22  0  0  0	
57 12      0 69241856  12320  73516    0    0 133456     0 12075 245396 79 21  0  0  0	
63  7      0 69241856  12328  73516    0    0 137072    24 12122 252890 80 20  0  0  0	
63  5      0 69241856  12328  73516    0    0 136912     0 12204 253330 77 23  0  0  0	
65  1      0 69241856  12328  73516    0    0 137632     0 12166 253582 79 21  0  0  0	
66  5      0 69241856  12328  73516    0    0 139008     0 12220 252912 79 21  0  0  0	
60 11      0 69241856  12328  73516    0    0 136544     0 12038 253783 79 21  0  0  0	
procs -----------memory---------- ---swap-- -----io---- --system-- -----cpu-----
 r  b   swpd   free   buff  cache   si   so    bi    bo   in   cs us sy id wa st
64  6      0 69241856  12336  73508    0    0 136880    40 12215 252260 79 21  0  0  0	
61 12      0 69241856  12336  73516    0    0 138960     0 12278 253738 79 21  0  0  0	
65  5      0 69241856  12336  73516    0    0 137152     0 12168 253495 79 21  0  0  0	
57  9      0 69241856  12336  73516    0    0 137040     0 12154 253625 80 20  0  0  0	
61 11      0 69241856  12336  73516    0    0 135392     0 12172 252075 79 21  0  0  0	
60  7      0 69241856  12336  73516    0    0 133232    24 11942 253829 80 20  0  0  0	
66  6      0 69241856  12344  73516    0    0 136432    12 12174 250357 78 22  0  0  0	
57 12      0 69241856  12344  73516    0    0 135360     0 12164 253549 79 21  0  0  0	
66  6      0 69241856  12344  73516    0    0 136672     0 12189 253781 78 22  0  0  0	
67  7      0 69241856  12344  73516    0    0 137984     0 12316 253762 80 20  0  0  0	
63  6      0 69241856  12344  73516    0    0 137408     0 12548 253548 79 21  0  0  0	
65  3      0 69241856  12352  73516    0    0 136432    24 12162 253612 80 21  0  0  0	
66  7      0 69241856  12352  73516    0    0 136064     0 12254 251624 79 21  0  0  0	
65  6      0 69241856  12352  73516    0    0 134432     0 12054 253715 79 21  0  0  0	
64  5      0 69241856  12352  73516    0    0 129776     0 12142 244616 79 21  0  0  0	
63  5      0 69241856  12352  73516    0    0 135344     0 12179 253534 80 20  0  0  0	
64  8      0 69241856  12352  73516    0    0 133408     0 12095 252439 78 22  0  0  0	
60 10      0 69241856  12360  73516    0    0 135664    20 12297 253296 78 22  0  0  0	
63  6      0 69241856  12360  73516    0    0 137232     0 12336 252724 80 20  0  0  0	
61  6      0 69241856  12360  73516    0    0 135600     0 12313 253302 79 20  0  0  0	
60 10      0 69241856  12360  73516    0    0 137536     0 12195 253483 79 21  0  0  0	
procs -----------memory---------- ---swap-- -----io---- --system-- -----cpu-----
 r  b   swpd   free   buff  cache   si   so    bi    bo   in   cs us sy id wa st
67  2      0 69241856  12360  73516    0    0 135312     0 12609 253488 79 20  0  0  0	
59 10      0 69241856  12368  73516    0    0 136128    12 12906 251732 79 21  0  0  0	
64  2      0 69241856  12368  73516    0    0 138352     8 12362 253507 80 20  0  0  0	
63  5      0 69241856  12368  73520    0    0 138080     0 12443 250365 79 21  0  0  0	
61  8      0 69241856  12368  73520    0    0 135104     0 12144 253225 80 20  0  0  0	
65  2      0 69241856  12368  73520    0    0 134640     0 12241 249797 79 21  0  0  0	
64  5      0 69241856  12368  73520    0    0 136784     0 12328 253027 80 20  0  0  0	
63  8      0 69241736  12376  73524    0    0 136672    12 12226 253875 78 22  0  0  0	
61  8      0 69241736  12376  73524    0    0 135824    16 12212 253665 79 21  0  0  0	
65  2      0 69241736  12376  73524    0    0 131472     0 11980 247089 79 21  0  0  0	
66  5      0 69241736  12376  73524    0    0 136432     0 12178 253540 79 21  0  0  0	
66  7      0 69241736  12376  73524    0    0 136288     0 12191 253737 79 21  0  0  0	
63  4      0 69241736  12384  73524    0    0 135344    28 12120 253895 79 21  0  0  0	
65  3      0 69241736  12384  73524    0    0 136512     0 12347 248839 79 21  0  0  0	
65  6      0 69241736  12384  73524    0    0 136336    24 12213 253837 79 21  0  0  0	
61  6      0 69241736  12384  73524    0    0 137184     0 12322 252643 79 21  0  0  0	
64  9      0 69241736  12384  73524    0    0 136544     0 12210 253701 79 21  0  0  0	
65  4      0 69241736  12384  73524    0    0 136416     0 12171 253789 80 20  0  0  0	
66  2      0 69241736  12392  73524    0    0 136272    12 12123 253777 79 21  0  0  0	
62  4      0 69241736  12392  73524    0    0 139072     0 12441 253784 80 20  0  0  0	
65  6      0 69241736  12392  73524    0    0 133792     8 12085 253753 78 22  0  0  0	
procs -----------memory---------- ---swap-- -----io---- --system-- -----cpu-----
 r  b   swpd   free   buff  cache   si   so    bi    bo   in   cs us sy id wa st
67  3      0 69241736  12392  73524    0    0 137984     0 12343 253654 79 21  0  0  0	
63  4      0 69241736  12392  73524    0    0 138320     0 12367 253874 79 21  0  0  0	
61  9      0 69241736  12400  73524    0    0 134176    12 12182 249856 80 20  0  0  0	
63  2      0 69241736  12400  73524    0    0 134208     0 12160 253695 80 20  0  0  0	
65  4      0 69241736  12400  73524    0    0 138608    12 12393 251344 78 22  0  0  0	
60  5      0 69241736  12400  73524    0    0 137248     0 12199 253662 80 20  0  0  0	
65  7      0 69241736  12400  73524    0    0 135200     0 12127 253636 79 21  0  0  0	
64  6      0 69241736  12400  73524    0    0 135504     0 12133 253881 81 19  0  0  0	
59  9      0 69241616  12408  73524    0    0 134048    16 12039 253599 80 20  0  0  0	
68  3      0 69241616  12408  73524    0    0 136688     0 12193 253771 79 21  0  0  0	
66  5      0 69241616  12408  73524    0    0 134944    12 12308 253730 81 19  0  0  0	
62  6      0 69241616  12408  73524    0    0 133984     0 12050 253872 78 22  0  0  0	
63  6      0 69241616  12408  73524    0    0 133584     0 12145 245311 80 20  0  0  0	
67  8      0 69241616  12416  73524    0    0 135248    12 12021 253562 80 20  0  0  0	
54 12      0 69241616  12416  73528    0    0 134928     0 12225 252686 78 22  0  0  0	
62  4      0 69241616  12416  73528    0    0 136208    12 12271 253240 79 21  0  0  0	
63  3      0 69241616  12416  73528    0    0 134000     0 12252 250781 79 21  0  0  0	
61  6      0 69241616  12416  73528    0    0 135856     0 12254 253194 79 21  0  0  0	
60  7      0 69241616  12416  73528    0    0 135472     0 13144 251196 79 21  0  0  0	
65  5      0 69241736  12424  73528    0    0 135552    24 12266 253269 78 22  0  0  0	
63  7      0 69241736  12424  73528    0    0 136176     0 12264 253234 79 21  0  0  0	
procs -----------memory---------- ---swap-- -----io---- --system-- -----cpu-----
 r  b   swpd   free   buff  cache   si   so    bi    bo   in   cs us sy id wa st
66  6      0 69241736  12424  73528    0    0 135184    20 12610 253753 79 20  0  0  0	
64  5      0 69241736  12424  73528    0    0 135056     0 12319 251685 80 20  0  0  0	
61  6      0 69241736  12424  73528    0    0 134432     0 12089 253623 80 20  0  0  0	
67  5      0 69241736  12432  73528    0    0 132672    12 11967 249874 79 20  0  0  0	
68  4      0 69241736  12432  73528    0    0 134496     0 12106 253915 79 21  0  0  0	
68  4      0 69241736  12432  73528    0    0 136352     0 12192 253693 79 21  0  0  0	
62  7      0 69241736  12432  73528    0    0 138016     8 12290 253814 79 21  0  0  0	
65  2      0 69241736  12432  73528    0    0 136720     0 12275 253624 80 20  0  0  0	
69  4      0 69241736  12432  73532    0    0 134784     0 12202 253598 80 20  0  0  0	
69  6      0 69241736  12440  73532    0    0 134720    12 12099 253581 79 21  0  0  0	
66  4      0 69241736  12440  73532    0    0 138144     0 12274 253588 79 21  0  0  0	
62  4      0 69241736  12440  73532    0    0 129744     0 12043 243919 80 20  0  0  0	
66  7      0 69241736  12440  73532    0    0 134960    12 12210 252175 79 21  0  0  0	
63  8      0 69241736  12448  73524    0    0 135488    24 12169 253254 79 21  0  0  0	
66  7      0 69241736  12448  73532    0    0 135360     0 12190 253752 79 21  0  0  0	
63  7      0 69241736  12448  73532    0    0 135008     0 12171 253732 80 20  0  0  0	
64  5      0 69241736  12448  73532    0    0 137264     0 12307 254002 79 21  0  0  0	
66  3      0 69241736  12448  73532    0    0 137600     0 12272 253581 79 21  0  0  0	
67  6      0 69241736  12448  73532    0    0 136752    20 12320 253624 80 20  0  0  0	
64  5      0 69241616  12456  73532    0    0 134560    12 12157 253609 79 21  0  0  0	
67  5      0 69241616  12456  73532    0    0 138704     0 12363 253534 80 20  0  0  0	
procs -----------memory---------- ---swap-- -----io---- --system-- -----cpu-----
 r  b   swpd   free   buff  cache   si   so    bi    bo   in   cs us sy id wa st
64  5      0 69241616  12456  73532    0    0 136288     0 13316 249415 79 20  0  0  0	
64  4      0 69241616  12456  73532    0    0 134384     0 12149 253276 80 20  0  0  0	
63  7      0 69241616  12456  73532    0    0 134992     0 12187 252769 80 20  0  0  0	
65  4      0 69241616  12464  73524    0    0 136624    20 12374 253707 79 21  0  0  0	
61  7      0 69241616  12464  73532    0    0 137376     0 12269 253255 78 22  0  0  0	
59  8      0 69241616  12464  73536    0    0 137936     0 12256 253345 80 20  0  0  0	
59 11      0 69241616  12464  73536    0    0 138672     0 12466 252405 79 21  0  0  0	
64  5      0 69241616  12464  73536    0    0 134576     0 12238 252722 79 21  0  0  0	
61  7      0 69241616  12464  73536    0    0 134304     0 12101 253730 78 22  0  0  0	
60  8      0 69241616  12472  73536    0    0 133248    24 11987 253701 79 21  0  0  0	
61  7      0 69241616  12472  73536    0    0 132880     0 12055 247591 80 20  0  0  0	
65  7      0 69241616  12472  73536    0    0 134416     0 12058 253885 79 21  0  0  0	
60  7      0 69241616  12472  73536    0    0 131696     0 11984 245753 80 20  0  0  0	
61  8      0 69241616  12472  73536    0    0 136080     0 12236 253784 79 21  0  0  0	
64  7      0 69241616  12480  73528    0    0 133984    24 12104 253597 79 21  0  0  0	
66  8      0 69241616  12480  73536    0    0 135456    20 12220 253925 80 20  0  0  0	
61  6      0 69241616  12480  73536    0    0 135936     0 12091 253506 78 22  0  0  0	
61  6      0 69241616  12480  73536    0    0 139296     0 12366 253693 80 20  0  0  0	
62  9      0 69241616  12480  73536    0    0 138112     0 12381 253687 78 22  0  0  0	
66  7      0 69241616  12480  73536    0    0 136160     0 12184 253600 80 20  0  0  0	
61  8      0 69241616  12488  73536    0    0 137520    12 12397 250383 80 20  0  0  0	
procs -----------memory---------- ---swap-- -----io---- --system-- -----cpu-----
 r  b   swpd   free   buff  cache   si   so    bi    bo   in   cs us sy id wa st
67  3      0 69241616  12488  73536    0    0 136144     8 12274 253770 79 21  0  0  0	
66  4      0 69241616  12488  73536    0    0 134368     0 12006 252466 79 21  0  0  0	
62  6      0 69241616  12488  73536    0    0 136128     0 12195 253834 79 21  0  0  0	
64  4      0 69241616  12488  73536    0    0 135552     0 12171 253694 79 21  0  0  0	
66  6      0 69240624  12496  73528    0    0 136368    16 12254 253407 79 21  0  0  0	
62  6      0 69240240  12496  73536    0    0 139088     0 12479 253544 80 20  0  0  0	
67  3      0 69240240  12496  73536    0    0 132256    12 11954 253634 79 21  0  0  0	
61  8      0 69240240  12496  73536    0    0 139136     0 12331 253727 79 21  0  0  0	
66  5      0 69240240  12496  73536    0    0 136768     0 12184 253812 78 22  0  0  0	
65  5      0 69240240  12496  73540    0    0 130080     0 12051 247090 78 22  0  0  0	
61  7      0 69240240  12504  73540    0    0 137040    16 12239 253570 79 21  0  0  0	
67  2      0 69240240  12504  73540    0    0 137568    16 12302 252201 79 21  0  0  0	
66  4      0 69240240  12504  73540    0    0 138032     0 12332 253722 79 21  0  0  0	
61  1      0 69240240  12504  73540    0    0 132784     0 12132 246508 79 21  0  0  0	
66  5      0 69240240  12504  73540    0    0 138032     0 12406 253657 80 20  0  0  0	
65  2      0 69240240  12512  73536    0    0 136400    24 12242 252218 80 20  0  0  0	
63  6      0 69240240  12512  73544    0    0 134288     0 12036 254036 80 20  0  0  0	
58 12      0 69240240  12512  73544    0    0 137632    20 12308 253432 79 21  0  0  0	
69  3      0 69240240  12512  73544    0    0 140128     0 12459 253705 79 21  0  0  0	
65  7      0 69240240  12512  73544    0    0 135872     0 12223 251581 80 20  0  0  0	
61  7      0 69240240  12520  73536    0    0 134496    24 12139 253716 79 21  0  0  0	
procs -----------memory---------- ---swap-- -----io---- --system-- -----cpu-----
 r  b   swpd   free   buff  cache   si   so    bi    bo   in   cs us sy id wa st
61  7      0 69240240  12520  73544    0    0 133392     0 12139 252222 79 21  0  0  0	
66  5      0 69240240  12520  73544    0    0 134208    20 12105 253649 78 22  0  0  0	
67  5      0 69240208  12520  73544    0    0 133920     0 12033 253473 80 20  0  0  0	
60  7      0 69240208  12520  73544    0    0 138192     0 12298 253563 78 22  0  0  0	
66  4      0 69240208  12520  73544    0    0 136928     0 12320 252176 78 22  0  0  0	
63  8      0 69240208  12528  73544    0    0 137392    12 12243 253670 80 20  0  0  0	
65  5      0 69240208  12528  73544    0    0 136560     0 12109 253697 78 22  0  0  0	
61  9      0 69240208  12528  73544    0    0 138032     8 12357 253518 80 20  0  0  0	
62  6      0 69240208  12528  73544    0    0 131488     0 12163 246833 79 21  0  0  0	
64  7      0 69240208  12528  73544    0    0 138688     0 12261 253600 80 20  0  0  0	
61  6      0 69240208  12536  73536    0    0 135216    12 12150 253493 79 21  0  0  0	
65  8      0 69240208  12536  73544    0    0 135856     0 12084 253909 79 21  0  0  0	
62  5      0 69240208  12536  73544    0    0 135504     8 12152 253955 79 21  0  0  0	
65  6      0 69240208  12536  73544    0    0 139008     0 12433 253629 78 22  0  0  0	
60  6      0 69240208  12536  73544    0    0 136832     0 12204 253527 79 21  0  0  0	
65  5      0 69240208  12536  73544    0    0 135360     0 12193 253636 78 22  0  0  0	
70  4      0 69240208  12544  73544    0    0 134304    12 13049 252515 79 21  0  1  0	
64  4      0 69240208  12544  73544    0    0 137360     0 12219 253368 79 21  0  0  0	
60  9      0 69240208  12544  73544    0    0 130528     8 12001 243645 78 22  0  0  0	
64  6      0 69240208  12544  73544    0    0 136352     0 12134 253435 78 22  0  0  0	
65  2      0 69240208  12544  73544    0    0 139088     0 12486 253465 80 20  0  0  0	
procs -----------memory---------- ---swap-- -----io---- --system-- -----cpu-----
 r  b   swpd   free   buff  cache   si   so    bi    bo   in   cs us sy id wa st
65  6      0 69240208  12552  73536    0    0 135728    12 12245 253712 79 21  0  0  0	
63  6      0 69240208  12552  73544    0    0 136096     0 12219 253827 79 21  0  0  0	
63  6      0 69240208  12552  73544    0    0 135360     8 12121 253681 81 19  0  0  0	
64  3      0 69240208  12552  73544    0    0 136432     0 12170 253003 78 22  0  0  0	
61  8      0 69240208  12552  73544    0    0 137552     0 12245 253769 79 20  0  0  0	
63  5      0 69240208  12552  73544    0    0 136960     0 12243 253599 79 21  0  0  0	
63  5      0 69240208  12560  73544    0    0 136192    12 12267 253729 79 21  0  0  0	
63  6      0 69240208  12560  73548    0    0 135552     0 12215 249571 79 21  0  0  0	
63  4      0 69240656  12560  73548    0    0 137088    12 12199 253654 79 21  0  0  0	
65  7      0 69240984  12560  73548    0    0 134272     0 12087 250727 79 21  0  0  0	
63  5      0 69240984  12560  73552    0    0 136704     0 12185 253773 79 21  0  0  0	
60  8      0 69240984  12568  73544    0    0 135856    32 12192 253914 78 22  0  0  0	
67  7      0 69240984  12568  73552    0    0 136448     0 12190 253711 80 20  0  0  0	
60  7      0 69240984  12568  73552    0    0 133648    36 12045 253128 80 20  0  0  0	
63  9      0 69240984  12568  73552    0    0 134400     0 12111 253752 79 21  0  0  0	
68  3      0 69240984  12568  73552    0    0 136096     0 12161 253575 79 21  0  0  0	
65  3      0 69240984  12568  73552    0    0 135696     0 12214 253614 79 21  0  0  0	
60  6      0 69240984  12576  73552    0    0 133824    24 12138 244928 79 21  0  0  0	
62  8      0 69240984  12576  73552    0    0 137728     0 12318 253688 78 22  0  0  0	
63  3      0 69240984  12576  73552    0    0 134304    20 12214 252124 79 21  0  0  0	
63  6      0 69240984  12576  73552    0    0 135184     0 12100 253846 79 21  0  0  0	
procs -----------memory---------- ---swap-- -----io---- --system-- -----cpu-----
 r  b   swpd   free   buff  cache   si   so    bi    bo   in   cs us sy id wa st
59  7      0 69240984  12576  73552    0    0 135856     0 12231 253637 80 20  0  0  0	
59  9      0 69240984  12584  73544    0    0 135200    12 12279 253763 78 22  0  0  0	
63  3      0 69240984  12584  73552    0    0 136800     0 12216 253494 79 21  0  0  0	
61  5      0 69240984  12584  73552    0    0 137200     8 12234 253688 80 20  0  0  0	
66  5      0 69240984  12584  73552    0    0 134128     0 12055 253573 79 21  0  0  0	
60  7      0 69240984  12584  73552    0    0 138848     0 12395 253750 79 21  0  0  0	
66  9      0 69240984  12584  73552    0    0 137408     0 12507 248290 78 22  0  0  0	
66  5      0 69240984  12592  73552    0    0 135776    12 12223 253635 78 22  0  0  0	
64  3      0 69240984  12592  73552    0    0 134080     0 12115 252114 79 21  0  0  0	
65  3      0 69240984  12592  73552    0    0 135824    12 12273 253647 80 20  0  0  0	
64  4      0 69240984  12592  73552    0    0 135728     0 12211 252673 79 21  0  0  0	
61 11      0 69240984  12592  73552    0    0 134960     0 12095 253753 79 21  0  0  0	
66  3      0 69240984  12600  73544    0    0 136896    16 12279 252522 80 20  0  0  0	
65  5      0 69240984  12600  73552    0    0 135360     0 12203 252952 80 20  0  0  0	
65  7      0 69240984  12600  73552    0    0 136944    12 12259 253566 79 21  0  0  0	
64  7      0 69240984  12600  73552    0    0 134288     0 12222 253569 79 21  0  0  0	
62  6      0 69240984  12600  73552    0    0 133744     0 12253 244248 79 21  0  0  0	
65  6      0 69240984  12600  73552    0    0 137264     0 12251 253784 80 20  0  0  0	
64  3      0 69240984  12608  73556    0    0 138448    12 12298 253233 79 21  0  0  0	
66  3      0 69240984  12608  73556    0    0 138368     0 12372 253866 80 20  0  0  0	
67  4      0 69240984  12608  73556    0    0 135440    12 12171 253503 79 21  0  0  0	
procs -----------memory---------- ---swap-- -----io---- --system-- -----cpu-----
 r  b   swpd   free   buff  cache   si   so    bi    bo   in   cs us sy id wa st
58 15      0 69240984  12608  73556    0    0 137712     0 12216 253752 80 20  0  0  0	
66  4      0 69240984  12608  73556    0    0 135808     0 12186 253550 77 22  0  0  0	
62  7      0 69240984  12616  73548    0    0 137072    24 12207 253878 79 21  0  0  0	
61  6      0 69240984  12616  73556    0    0 135680     0 12187 253545 79 21  0  0  0	
66  5      0 69240984  12616  73556    0    0 133200    20 12073 253248 79 21  0  0  0	
66  3      0 69240984  12616  73556    0    0 132192     0 12902 247715 80 20  0  0  0	
67  3      0 69240984  12616  73556    0    0 137168     0 12321 253305 79 21  0  0  0	
65  4      0 69240984  12616  73556    0    0 136832     0 12203 253673 80 21  0  0  0	
60  8      0 69240984  12624  73556    0    0 138864    12 12354 253561 79 21  0  0  0	
65  7      0 69240984  12624  73556    0    0 133744     0 12085 252803 79 21  0  0  0	
62  5      0 69240984  12624  73556    0    0 136768     8 12254 253731 78 22  0  0  0	
67  7      0 69240984  12624  73560    0    0 135216     0 12153 253669 79 21  0  0  0	
66  4      0 69240984  12624  73560    0    0 135008     0 12142 253541 79 21  0  0  0	
62  5      0 69240984  12632  73552    0    0 134160    12 12060 253431 79 21  0  0  0	
65  5      0 69240984  12632  73560    0    0 135024     0 12081 253688 78 22  0  0  0	
65  1      0 69240984  12632  73560    0    0 129104    12 11915 244425 79 21  0  0  0	
62  4      0 69240984  12632  73560    0    0 137248     0 12259 253484 79 21  0  0  0	
63  5      0 69240984  12632  73560    0    0 132528     0 12046 253893 78 22  0  0  0	
65  3      0 69240984  12632  73560    0    0 134192     0 12136 253649 80 20  0  0  0	
61  8      0 69240984  12640  73560    0    0 138944    24 12340 253761 79 21  0  0  0	
67  2      0 69240984  12640  73560    0    0 138656     0 12354 253877 79 21  0  0  0	
procs -----------memory---------- ---swap-- -----io---- --system-- -----cpu-----
 r  b   swpd   free   buff  cache   si   so    bi    bo   in   cs us sy id wa st
65  5      0 69240984  12640  73560    0    0 136480    20 12280 252021 78 22  0  0  0	
68  2      0 69240984  12640  73560    0    0 136656     0 12217 253781 78 22  0  0  0	
64  5      0 69240984  12640  73560    0    0 135568     0 12158 253499 79 21  0  0  0	
66  5      0 69240984  12648  73552    0    0 136144    12 12149 253662 80 20  0  0  0	
65  5      0 69240984  12648  73560    0    0 134192     0 12074 251101 79 21  0  0  0	
69  3      0 69240984  12648  73560    0    0 135488     8 12166 253823 79 21  0  0  0	
63  6      0 69240984  12648  73560    0    0 136448     0 12242 252573 79 21  0  0  0	
60  8      0 69240984  12648  73560    0    0 132432     0 12027 253796 79 21  0  0  0	
64  4      0 69240984  12648  73560    0    0 137040     0 12246 250955 79 21  0  0  0	
62  6      0 69240984  12656  73564    0    0 133952    12 11964 253759 79 21  0  0  0	
61  6      0 69240984  12656  73564    0    0 133424     0 12170 250861 79 21  0  0  0	
66  2      0 69240984  12656  73564    0    0 135440    12 12090 253556 79 21  0  0  0	
66  9      0 69240984  12656  73564    0    0 134992     0 12062 253674 78 22  0  0  0	
64  5      0 69240984  12656  73564    0    0 136720     0 12175 253800 79 21  0  0  0	
68  3      0 69240984  12664  73556    0    0 132048    24 11995 245036 80 20  0  0  0	
64  5      0 69240984  12664  73564    0    0 138112     0 12282 253870 78 22  0  0  0	
64  4      0 69240984  12664  73564    0    0 133184    20 12081 251806 80 20  0  0  0	
62  6      0 69240984  12664  73564    0    0 135232     0 12099 253766 80 20  0  0  0	
61 12      0 69240984  12664  73564    0    0 137136     0 12738 253582 79 21  0  0  0	
62  9      0 69240984  12664  73564    0    0 135888     0 12331 253798 80 20  0  0  0	
66  4      0 69240864  12672  73564    0    0 134928    12 12192 253821 79 21  0  0  0	
procs -----------memory---------- ---swap-- -----io---- --system-- -----cpu-----
 r  b   swpd   free   buff  cache   si   so    bi    bo   in   cs us sy id wa st
64  2      0 69240864  12672  73564    0    0 132192     0 12082 252978 79 21  0  0  0	
64  6      0 69240864  12672  73564    0    0 135072     8 12267 253370 79 20  0  0  0	
59  8      0 69240864  12672  73564    0    0 136752     0 12222 253657 79 21  0  0  0	
63 10      0 69240864  12672  73564    0    0 135200     0 12249 251193 80 20  0  0  0	
63  6      0 69240864  12680  73556    0    0 135952    12 12228 253042 78 22  0  0  0	
62  7      0 69240864  12680  73564    0    0 136720     0 12206 253595 79 21  0  0  0	
63  3      0 69240864  12680  73564    0    0 135776     8 12234 253531 79 21  0  0  0	
66  7      0 69240864  12680  73564    0    0 135712     0 12194 250118 79 20  0  0  0	
64  4      0 69240864  12680  73564    0    0 134416     0 12088 253599 79 21  0  0  0	
59  7      0 69240864  12680  73564    0    0 136352     0 12175 251039 79 21  0  0  0	
63 10      0 69240864  12688  73564    0    0 138592    12 12361 253691 79 21  0  0  0	
68 11      0 69240864  12688  73564    0    0 137136     0 12217 253577 79 21  0  0  0	
60 12      0 69240864  12688  73568    0    0 136608    12 12247 253657 78 22  0  0  0	
60  6      0 69240864  12688  73568    0    0 134336     0 12169 245841 79 21  0  0  0	
64  4      0 69240864  12688  73568    0    0 137600     0 12315 253616 80 20  0  0  0	
62  8      0 69240864  12696  73560    0    0 135328    24 12170 252006 79 21  0  0  0	
64  8      0 69240864  12696  73568    0    0 135072     0 12062 253671 80 20  0  0  0	
64  5      0 69240864  12696  73568    0    0 135360     0 12120 253644 78 22  0  0  0	
66  3      0 69240864  12696  73568    0    0 138736     0 12354 253550 79 21  0  0  0	
65  5      0 69240864  12696  73568    0    0 135984     0 12230 253529 79 21  0  0  0	
61 12      0 69240864  12696  73572    0    0 135408     0 12219 253646 79 21  0  0  0	
procs -----------memory---------- ---swap-- -----io---- --system-- -----cpu-----
 r  b   swpd   free   buff  cache   si   so    bi    bo   in   cs us sy id wa st
63  3      0 69240864  12704  73572    0    0 134912    12 12121 252271 79 21  0  0  0	
62  7      0 69240864  12704  73572    0    0 137280     0 12233 253555 80 20  0  0  0	
66  4      0 69240864  12704  73572    0    0 133776     0 12258 251530 79 21  0  0  0	
69  5      0 69240864  12704  73572    0    0 137664     0 12331 253129 80 20  0  0  0	
62  7      0 69240864  12704  73572    0    0 134224     0 12108 250374 79 21  0  0  0	
66  3      0 69240864  12712  73564    0    0 134704    20 12297 252873 79 21  0  0  0	
61  6      0 69240736  12712  73572    0    0 134368     0 12028 251584 79 21  0  0  0	
64  7      0 69240736  12712  73572    0    0 135744     0 12088 253668 78 22  0  0  0	
68  5      0 69240736  12712  73572    0    0 134592     0 12086 253600 79 21  0  0  0	
64  5      0 69240736  12712  73572    0    0 134992     0 12132 253562 78 22  0  0  0	
61  8      0 69240736  12712  73572    0    0 137200     0 12194 253664 78 22  0  0  0	
65  5      0 69240736  12720  73572    0    0 135600    20 12194 253453 79 21  0  0  0	
65  5      0 69240216  12720  73572    0    0 133840     0 12414 244106 79 21  0  0  0	
65  1      0 69240216  12720  73576    0    0 136496     0 12315 253639 79 21  0  0  0	
68  3      0 69240216  12720  73576    0    0 136640     0 12262 253522 79 21  0  0  0	
63  8      0 69240216  12720  73576    0    0 135584     0 12089 253298 79 21  0  0  0	
59 12      0 69240216  12728  73568    0    0 136768    20 12198 253316 78 22  0  0  0	
65  5      0 69240216  12728  73576    0    0 138176     0 12244 253522 78 22  0  0  0	
63  5      0 69240216  12728  73576    0    0 135808     0 12292 252214 79 21  0  0  0	
64  8      0 69240216  12728  73576    0    0 136560     0 12193 253619 79 21  0  0  0	
62  8      0 69240216  12728  73576    0    0 136000     0 12068 253777 79 21  0  0  0	
procs -----------memory---------- ---swap-- -----io---- --system-- -----cpu-----
 r  b   swpd   free   buff  cache   si   so    bi    bo   in   cs us sy id wa st
64  6      0 69240216  12732  73572    0    0 138480     8 12341 253746 78 22  0  0  0	
63  3      0 69240216  12736  73576    0    0 135680    16 12307 249450 79 21  0  0  0	
65  5      0 69240216  12736  73576    0    0 135344     0 12113 253289 79 21  0  0  0	
62  7      0 69240216  12736  73576    0    0 137376     0 12232 251621 79 21  0  0  0	
67  3      0 69240216  12736  73576    0    0 135248     0 12036 253718 79 21  0  0  0	
61 10      0 69240216  12736  73576    0    0 135520     0 12196 253726 79 21  0  0  0	
62  8      0 69240216  12744  73568    0    0 139648    56 12372 253951 78 22  0  0  0	
59 10      0 69240216  12744  73576    0    0 139392     0 12508 253676 79 21  0  0  0	
66  6      0 69240216  12744  73576    0    0 136560     0 12168 253468 79 21  0  0  0	
64  5      0 69240096  12744  73576    0    0 132560     0 12038 253566 79 21  0  0  0	
62  4      0 69239520  12744  73576    0    0 137776     0 12291 253302 78 22  0  0  0	
65  4      0 69238992  12752  73580    0    0 132976    16 12122 244799 79 21  0  0  0	
62  7      0 69238864  12752  73584    0    0 135248     0 12205 253292 79 21  0  0  0	
59 12      0 69238864  12752  73588    0    0 136272     0 12248 253132 80 20  0  0  0	
62 11      0 69238744  12752  73588    0    0 137696     0 12312 253901 79 21  0  0  0	
67  5      0 69239632  12752  73588    0    0 136720     0 12236 253880 79 21  0  0  0	
61 11      0 69239648  12752  73588    0    0 135920    12 12232 253876 80 20  0  0  0	
61  6      0 69239648  12760  73588    0    0 134672    36 12116 253240 79 21  0  0  0	
63  3      0 69239648  12760  73588    0    0 134464     0 12010 253520 78 22  0  0  0	
59  8      0 69239648  12760  73588    0    0 137504     0 12339 253576 77 23  0  0  0	
62  6      0 69239648  12760  73588    0    0 137312     0 12286 253461 78 22  0  0  0	
procs -----------memory---------- ---swap-- -----io---- --system-- -----cpu-----
 r  b   swpd   free   buff  cache   si   so    bi    bo   in   cs us sy id wa st
58 10      0 69239648  12760  73588    0    0 134944     0 12175 249236 80 20  0  0  0	
57 11      0 69239648  12768  73580    0    0 134592    12 12069 253150 78 22  0  0  0	
62  5      0 69239648  12768  73588    0    0 134384     0 12057 253358 79 21  0  0  0	
66  3      0 69239648  12768  73588    0    0 136064     0 12185 253155 78 22  0  0  0	
67  1      0 69239648  12768  73588    0    0 134160     0 12132 252493 79 21  0  0  0	
66  2      0 69239648  12768  73588    0    0 135664     0 12291 253428 79 21  0  0  0	
66  5      0 69239648  12768  73588    0    0 134720     0 12167 252319 79 21  0  0  0	
60 12      0 69239648  12776  73588    0    0 135808    12 12172 253614 79 21  0  0  0	
64  3      0 69239648  12776  73588    0    0 136272     0 13376 252669 80 20  0  0  0	
58 10      0 69239648  12776  73588    0    0 135520     0 13697 252529 78 21  0  0  0	
63  7      0 69239648  12776  73588    0    0 129264     0 12108 245093 78 22  0  0  0	
66  5      0 69239648  12776  73588    0    0 134528    16 12381 252179 79 21  0  0  0	
59 10      0 69239648  12784  73588    0    0 134272    28 12798 252300 80 20  0  0  0	
64  7      0 69239648  12784  73588    0    0 138112     0 12458 252908 80 20  0  0  0	
72  3      0 69239648  12784  73588    0    0 136416     0 12949 252942 80 20  0  0  0	
63  6      0 69239648  12784  73588    0    0 133472     0 13231 251951 79 20  0  1  0	
62  6      0 69239648  12784  73588    0    0 135424     0 12194 253577 78 22  0  0  0	
65  5      0 69239648  12784  73588    0    0 136096     0 12155 252807 79 21  0  0  0	
63  5      0 69239648  12792  73588    0    0 136976    12 12146 253252 79 21  0  0  0	
61  7      0 69239648  12792  73588    0    0 137440     0 12321 252738 78 22  0  0  0	
63  7      0 69239648  12792  73588    0    0 135856     0 12438 252155 80 20  0  0  0	
procs -----------memory---------- ---swap-- -----io---- --system-- -----cpu-----
 r  b   swpd   free   buff  cache   si   so    bi    bo   in   cs us sy id wa st
62  8      0 69239648  12792  73592    0    0 139792    28 12508 253105 78 21  0  0  0	
63  4      0 69239648  12792  73592    0    0 132416     0 11950 251759 79 21  0  0  0	
61  6      0 69239648  12800  73592    0    0 134976    28 12183 253040 78 22  0  0  0	
62  8      0 69239648  12800  73592    0    0 133408     0 12073 252882 78 22  0  0  0	
64  4      0 69239648  12800  73592    0    0 136096     0 12159 253724 80 20  0  0  0	
60  7      0 69239648  12800  73592    0    0 137168     8 12162 253623 79 21  0  0  0	
61  6      0 69239520  12800  73592    0    0 139152     0 12389 253705 80 20  0  0  0	
68  1      0 69239520  12800  73592    0    0 136144     0 12228 253686 79 21  0  0  0	
62  7      0 69239520  12808  73592    0    0 136272    12 12308 252060 80 20  0  0  0	
62  7      0 69239520  12808  73592    0    0 130704     0 12008 245153 80 20  0  0  0	
63  5      0 69239520  12808  73592    0    0 134160     0 12016 252980 80 20  0  0  0	
63  8      0 69239520  12808  73592    0    0 135408     0 12157 253556 78 22  0  0  0	
63  6      0 69239520  12808  73592    0    0 134320     0 12084 253808 79 21  0  0  0	
61 10      0 69239520  12816  73596    0    0 134176    12 12126 253926 79 21  0  0  0	
62  3      0 69239520  12816  73596    0    0 136752     0 12243 253697 79 21  0  0  0	
64  5      0 69239520  12816  73596    0    0 134976     0 12049 253799 79 21  0  0  0	
67  4      0 69239520  12816  73596    0    0 136432     0 12264 253735 79 21  0  0  0	
67  3      0 69238000  12816  73600    0    0 134656     0 12062 253444 80 20  0  0  0	
61  9      0 69238000  12816  73600    0    0 137216     0 12318 252812 80 20  0  0  0	
63  5      0 69238000  12824  73600    0    0 134928    16 12292 251353 80 20  0  0  0	
61  6      0 69238000  12824  73600    0    0 133648     8 12063 252526 79 21  0  0  0	
procs -----------memory---------- ---swap-- -----io---- --system-- -----cpu-----
 r  b   swpd   free   buff  cache   si   so    bi    bo   in   cs us sy id wa st
63  5      0 69238000  12824  73600    0    0 131920     0 12052 248360 78 22  0  0  0	
61  8      0 69238000  12824  73600    0    0 137840     0 12338 253547 79 21  0  0  0	
63  4      0 69239152  12824  73600    0    0 137920     0 12372 253604 79 21  0  0  0	
64  6      0 69239152  12832  73600    0    0 134000    32 12220 252473 80 20  0  0  0	
61  7      0 69239152  12832  73600    0    0 134912     0 12145 252622 80 20  0  0  0	
63  9      0 69239152  12832  73600    0    0 135888     8 12211 253740 80 20  0  0  0	
64  5      0 69239152  12832  73600    0    0 136624     0 12216 253770 79 21  0  0  0	
54 14      0 69239152  12832  73600    0    0 135376     0 12106 252975 79 21  0  0  0	
67  5      0 69239152  12832  73600    0    0 134000     0 12244 247126 79 21  0  0  0	
62  7      0 69239152  12840  73600    0    0 134080    24 12123 253075 79 21  0  0  0	
65  5      0 69239152  12840  73600    0    0 136608     0 12196 253753 79 21  0  0  0	
69  4      0 69239152  12840  73600    0    0 134240     0 12136 253814 79 21  0  0  0	
66  5      0 69239152  12840  73604    0    0 136752     0 12285 253580 79 21  0  0  0	
68  2      0 69239152  12840  73604    0    0 137024     0 12305 253936 78 21  0  0  0	
67  4      0 69239152  12848  73604    0    0 137392    12 12267 253577 79 21  0  0  0	
64  4      0 69239152  12848  73604    0    0 136544    28 12219 253687 79 21  0  0  0	
62  6      0 69239152  12848  73604    0    0 135072     0 12189 253643 78 22  0  0  0	
63  6      0 69239152  12848  73604    0    0 134688     0 12141 253027 79 21  0  0  0	
58  9      0 69239152  12848  73604    0    0 134736     0 12346 250546 80 20  0  0  0	
64  8      0 69239152  12848  73604    0    0 136160     0 12153 253155 80 20  0  0  0	
65  7      0 69239152  12856  73604    0    0 136448    12 12305 252993 78 22  0  0  0	
procs -----------memory---------- ---swap-- -----io---- --system-- -----cpu-----
 r  b   swpd   free   buff  cache   si   so    bi    bo   in   cs us sy id wa st
68  3      0 69239152  12856  73604    0    0 137056     0 12247 252597 79 21  0  0  0	
63  6      0 69239152  12856  73604    0    0 138256     0 12361 252864 79 21  0  0  0	
65  1      0 69239152  12856  73604    0    0 134736     0 12225 252212 80 20  0  0  0	
64  5      0 69239152  12856  73604    0    0 132048     0 12020 247016 78 22  0  0  0	
62  7      0 69239152  12864  73604    0    0 137632    12 12463 253228 80 20  0  0  0	
55 12      0 69239152  12864  73604    0    0 137712     0 12386 253297 79 21  0  0  0	
61 10      0 69239152  12864  73604    0    0 135328     0 12240 252217 78 22  0  0  0	
63  7      0 69239152  12864  73604    0    0 134640     0 13145 250300 78 21  0  1  0	
65  3      0 69239152  12864  73604    0    0 135696     0 12056 252401 79 21  0  0  0	
66  4      0 69239152  12864  73604    0    0 138064     8 12177 252727 80 20  0  0  0	
58 12      0 69239152  12872  73604    0    0 136736    28 12152 253735 80 20  0  0  0	
62  4      0 69239152  12872  73604    0    0 137712     0 12177 253523 79 21  0  0  0	
65  5      0 69239152  12872  73604    0    0 136064     0 12129 253721 79 21  0  0  0	
60  7      0 69239152  12872  73604    0    0 138816     0 12222 253746 79 21  0  0  0	
71  2      0 69239152  12872  73608    0    0 134064    12 12030 253544 79 21  0  0  0	
66  6      0 69239152  12880  73608    0    0 136768    24 12080 253542 79 21  0  0  0	
66  7      0 69239152  12880  73608    0    0 135408     0 12150 252343 79 20  0  0  0	
66  4      0 69239152  12880  73608    0    0 138016     0 12481 251179 79 21  0  0  0	
66  1      0 69239152  12880  73608    0    0 132768     0 11994 252510 78 22  0  0  0	
64  4      0 69239152  12880  73608    0    0 136336     8 12227 252328 79 21  0  0  0	
65  4      0 69239152  12880  73608    0    0 133184     0 11937 253527 79 21  0  0  0	
procs -----------memory---------- ---swap-- -----io---- --system-- -----cpu-----
 r  b   swpd   free   buff  cache   si   so    bi    bo   in   cs us sy id wa st
68  3      0 69239152  12888  73608    0    0 135312    24 12094 253708 80 20  0  0  0	
67  3      0 69239152  12888  73608    0    0 134080     0 11985 253689 80 20  0  0  0	
65  2      0 69239024  12888  73612    0    0 135424     0 12121 253614 79 21  0  0  0	
63  9      0 69239024  12888  73612    0    0 136016     0 12264 253546 79 21  0  0  0	
62  7      0 69239024  12888  73612    0    0 134400     0 13086 252747 79 20  0  0  0	
64  4      0 69239024  12896  73612    0    0 136528    12 12295 252570 79 21  0  0  0	
67  3      0 69239024  12896  73612    0    0 132848     0 12158 245184 79 20  0  0  0	
65  5      0 69239024  12896  73612    0    0 134848     0 12194 252400 79 21  0  0  0	
66  8      0 69239024  12896  73612    0    0 138336     0 12329 252582 79 21  0  0  0	
61  9      0 69239024  12896  73612    0    0 136160    24 12202 253654 79 21  0  0  0	
69  4      0 69239024  12896  73612    0    0 137584     0 12201 253858 80 20  0  0  0	
63  5      0 69239024  12904  73612    0    0 136048    12 12258 252465 79 21  0  0  0	
62  7      0 69239024  12904  73612    0    0 136272     0 12289 252928 80 20  0  0  0	
62  5      0 69239024  12904  73612    0    0 134944     0 12136 253270 80 20  0  0  0	
64  5      0 69239024  12904  73612    0    0 135568     0 12146 253731 79 21  0  0  0	
61  8      0 69239024  12904  73612    0    0 136128     0 12226 252350 79 21  0  0  0	
64  3      0 69239024  12912  73612    0    0 133952    12 12161 252234 80 20  0  0  0	
61  7      0 69239024  12912  73612    0    0 135168     0 12082 252739 80 20  0  0  0	
60  8      0 69239024  12912  73612    0    0 137024     0 12168 252873 79 21  0  0  0	
60  8      0 69239024  12912  73612    0    0 136896     0 12249 253981 79 21  0  0  0	
64  3      0 69239024  12912  73612    0    0 135456     0 12150 253682 79 21  0  0  0	
procs -----------memory---------- ---swap-- -----io---- --system-- -----cpu-----
 r  b   swpd   free   buff  cache   si   so    bi    bo   in   cs us sy id wa st
65  4      0 69239024  12912  73612    0    0 137360     0 12321 253717 81 19  0  0  0	
63  7      0 69239024  12920  73612    0    0 136096    12 12133 253679 79 21  0  0  0	
64  5      0 69239024  12920  73612    0    0 136928     0 12233 253542 79 21  0  0  0	
62  5      0 69239024  12920  73612    0    0 133680     8 12097 253534 79 21  0  0  0	
62  7      0 69239024  12920  73612    0    0 132528     0 12085 252161 79 21  0  0  0	
65  8      0 69239024  12920  73612    0    0 131824     0 12102 244553 79 21  0  0  0	
68  3      0 69239024  12928  73612    0    0 135072    24 12138 252175 79 21  0  0  0	
61  8      0 69239024  12928  73612    0    0 136416     0 12175 252938 79 21  0  0  0	
69  3      0 69239024  12928  73612    0    0 135760     4 12160 253643 78 22  0  0  0	
61  8      0 69239024  12928  73612    0    0 135360     0 12120 253859 79 21  0  0  0	
61  5      0 69239024  12928  73612    0    0 136720     0 12299 253785 79 21  0  0  0	
58  9      0 69239024  12928  73612    0    0 136080     0 12206 253656 79 21  0  0  0	
62  5      0 69239024  12936  73612    0    0 135856    12 12101 253587 79 21  0  0  0	
67  4      0 69239024  12936  73612    0    0 135104     0 12078 253624 80 20  0  0  0	
59  8      0 69239024  12936  73616    0    0 134272     0 12024 252019 79 21  0  0  0	
65  6      0 69239024  12936  73620    0    0 136768     0 12274 252306 79 21  0  0  0	
62  6      0 69239024  12936  73620    0    0 134352     0 12077 252942 78 22  0  0  0	
64  6      0 69239024  12944  73620    0    0 135792    16 12127 253682 80 20  0  0  0	
63  2      0 69239024  12944  73620    0    0 136992     0 12272 252762 80 20  0  0  0	
67  4      0 69239024  12944  73620    0    0 137424     0 12273 253688 80 21  0  0  0	
64  3      0 69239024  12944  73620    0    0 136160     0 12323 252032 80 20  0  0  0	
procs -----------memory---------- ---swap-- -----io---- --system-- -----cpu-----
 r  b   swpd   free   buff  cache   si   so    bi    bo   in   cs us sy id wa st
68  7      0 69239024  12944  73620    0    0 135760     0 12179 251917 80 20  0  0  0	
65  4      0 69239024  12944  73620    0    0 133584     0 12067 253766 78 22  0  0  0	
61 31      0 69238248  12952  73620    0    0 134576    28 13814 253336 78 21  0  1  0	
65  3      0 69237968  12952  73624    0    0 137408     0 12368 252480 80 20  0  0  0	
62  3      0 69237968  12952  73624    0    0 134384     0 12068 247302 79 21  0  0  0	
64  5      0 69237968  12952  73624    0    0 132880     0 11965 252099 80 20  0  0  0	
62  5      0 69237968  12952  73624    0    0 136480     0 12202 253240 79 21  0  0  0	
68  6      0 69237968  12960  73624    0    0 133776    16 12061 253595 78 22  0  0  0	
66  4      0 69237968  12960  73624    0    0 135392     0 12116 253715 80 20  0  0  0	
63  7      0 69237968  12960  73624    0    0 136640     0 12178 253704 80 20  0  0  0	
61 10      0 69237968  12960  73624    0    0 137568     0 12236 253593 79 21  0  0  0	
51 20      0 69237968  12960  73624    0    0 136896     0 12178 253593 80 20  0  0  0	
67  2      0 69237968  12960  73624    0    0 136544     0 12260 253486 80 20  0  0  0	
58 19      0 69237968  12968  73624    0    0 133552    20 12093 251663 79 21  0  0  0	
62  7      0 69237968  12968  73624    0    0 135296     0 12417 251999 80 20  0  0  0	
64  4      0 69237968  12968  73624    0    0 136848     0 12279 252330 79 21  0  0  0	
64  7      0 69238864  12968  73628    0    0 136688     0 12305 253506 77 23  0  0  0	
62  9      0 69238864  12968  73628    0    0 137536     0 12234 253143 79 21  0  0  0	
64  9      0 69238864  12976  73628    0    0 136736    44 12261 253705 79 21  0  0  0	
65  5      0 69238864  12976  73628    0    0 135104     0 12230 253212 80 20  0  0  0	
64  7      0 69238864  12976  73628    0    0 135792     0 12233 253530 80 20  0  0  0	
procs -----------memory---------- ---swap-- -----io---- --system-- -----cpu-----
 r  b   swpd   free   buff  cache   si   so    bi    bo   in   cs us sy id wa st
63  5      0 69238864  12976  73628    0    0 137120     0 12358 252718 77 23  0  0  0	
58  8      0 69238864  12976  73628    0    0 137984     0 12303 253801 79 21  0  0  0	
24 42      0 69238864  12984  73628    0    0 134240    16 12346 252120 79 21  0  0  0	
65  4      0 69238864  12984  73628    0    0 129664     0 12829 241895 79 20  0  1  0	
62  8      0 69238864  12984  73632    0    0 138656     0 12208 253298 79 21  0  0  0	
65  3      0 69238864  12984  73632    0    0 134960     0 12083 253528 80 20  0  0  0	
61  4      0 69238864  12984  73632    0    0 139584     0 12343 253587 79 21  0  0  0	
57  9      0 69238864  12984  73632    0    0 137040     0 12136 253655 79 21  0  0  0	
64  5      0 69238864  12992  73632    0    0 134448    12 12129 252004 81 19  0  0  0	
68  6      0 69238864  12992  73632    0    0 135456     0 12111 252286 81 19  0  0  0	
64  4      0 69238864  12992  73632    0    0 138336     0 12230 253788 80 20  0  0  0	
68  1      0 69238864  12992  73632    0    0 135840     0 12066 253500 79 21  0  0  0	
62  8      0 69238864  12992  73632    0    0 136848     8 12262 251940 79 21  0  0  0	
67  2      0 69238864  13000  73632    0    0 135248    28 12153 253577 80 20  0  0  0	
60 10      0 69238864  13000  73632    0    0 133440     0 12137 252056 79 21  0  0  0	
60  8      0 69238864  13000  73632    0    0 136256     0 12098 253687 78 22  0  0  0	
62  6      0 69238864  13000  73636    0    0 137424     0 12208 253730 79 21  0  0  0	
63  6      0 69238864  13000  73636    0    0 133808    28 11963 253787 79 21  0  0  0	
60 10      0 69238864  13000  73636    0    0 133360     0 12121 252274 80 20  0  0  0	
64  7      0 69238744  13008  73636    0    0 135168    12 12090 253494 78 22  0  0  0	
64  6      0 69238744  13008  73636    0    0 137312     0 12330 253838 80 20  0  0  0	
procs -----------memory---------- ---swap-- -----io---- --system-- -----cpu-----
 r  b   swpd   free   buff  cache   si   so    bi    bo   in   cs us sy id wa st
64  4      0 69238744  13008  73636    0    0 136624     0 12175 253710 78 22  0  0  0	
65  8      0 69238744  13008  73636    0    0 138032     8 12285 251940 78 22  0  0  0	
61  8      0 69238744  13008  73636    0    0 134192     0 12773 245386 79 20  0  0  0	
62  6      0 69238744  13016  73636    0    0 134624    24 12126 251965 80 20  0  0  0	
68  4      0 69238744  13016  73636    0    0 136656     0 12137 253881 78 22  0  0  0	
63  7      0 69238744  13016  73636    0    0 135792     0 12166 253586 79 21  0  0  0	
58  8      0 69238744  13016  73636    0    0 136496     8 12243 253821 78 22  0  0  0	
59  7      0 69238744  13016  73636    0    0 136480     0 12319 253791 79 21  0  0  0	
64  5      0 69238744  13016  73636    0    0 136208     0 12128 253842 79 21  0  0  0	
61  6      0 69238744  13024  73636    0    0 136784    28 12253 253003 78 22  0  0  0	
61  9      0 69238744  13024  73636    0    0 136256     0 12195 253714 79 21  0  0  0	
57 10      0 69238744  13024  73636    0    0 135200     0 12245 251463 79 21  0  0  0	
60  9      0 69238744  13024  73636    0    0 138000     8 12344 253270 80 20  0  0  0	
60 12      0 69238744  13024  73636    0    0 136544     0 12222 253583 80 20  0  0  0	
64  8      0 69238744  13032  73636    0    0 139120    24 12375 253546 79 21  0  0  0	
65  5      0 69238744  13032  73636    0    0 135424     0 12222 253555 79 21  0  0  0	
65  5      0 69238744  13032  73640    0    0 134416     0 12208 253631 79 21  0  0  0	
60  6      0 69238744  13032  73640    0    0 135792     0 12267 253187 80 20  0  0  0	
62  7      0 69238744  13032  73640    0    0 136080     0 12253 253684 79 21  0  0  0	
64  5      0 69238744  13032  73640    0    0 135744     0 12242 253583 78 22  0  0  0	
63  7      0 69238744  13040  73640    0    0 132320    12 12018 253657 78 22  0  0  0	
procs -----------memory---------- ---swap-- -----io---- --system-- -----cpu-----
 r  b   swpd   free   buff  cache   si   so    bi    bo   in   cs us sy id wa st
63  4      0 69238744  13040  73640    0    0 136656     0 12435 251563 79 21  0  0  0	
62  9      0 69238744  13040  73640    0    0 128528     0 11962 244571 80 20  0  0  0	
67  5      0 69238744  13040  73640    0    0 138064     0 12409 251550 80 20  0  0  0	
61  7      0 69238744  13040  73640    0    0 136368     0 12183 253612 79 21  0  0  0	
70  0      0 69238624  13048  73640    0    0 134112    12 12090 253631 80 20  0  0  0	
61  7      0 69238624  13048  73640    0    0 138144     0 12240 253685 79 21  0  0  0	
63  6      0 69238624  13048  73640    0    0 134768     0 12056 253511 79 21  0  0  0	
66 10      0 69238624  13048  73640    0    0 135296     0 12085 253509 79 21  0  0  0	
64  3      0 69238624  13048  73640    0    0 134496     0 12099 253781 79 21  0  0  0	
60  9      0 69238624  13048  73640    0    0 138336     0 12322 252691 79 21  0  0  0	
62  6      0 69238624  13056  73640    0    0 134816    12 12224 251355 79 21  0  0  0	
67  4      0 69238624  13056  73640    0    0 134432    28 12292 252089 80 20  0  0  0	
61 12      0 69238624  13056  73640    0    0 138704     0 12432 253146 78 22  0  0  0	
63  8      0 69238624  13056  73640    0    0 134880     0 12109 253685 79 21  0  0  0	
60  7      0 69238624  13056  73640    0    0 140640     0 12439 253683 80 20  0  0  0	
62  6      0 69238624  13064  73640    0    0 134400    12 12052 253624 79 21  0  0  0	
63  5      0 69238624  13064  73640    0    0 134240     8 12167 253140 80 20  0  0  0	
66  4      0 69238624  13064  73644    0    0 138304     0 12380 253492 79 21  0  0  0	
