procs -----------memory---------- ---swap-- -----io---- --system-- -----cpu-----
 r  b   swpd   free   buff  cache   si   so    bi    bo   in   cs us sy id wa st
 1  0      0 97366736  13328  70452    0    0  2770  1673   50   28 24  6 60 10  0	
117 50      0 97065304  13328  70472    0    0 68976     0 232479 273766 22  9 66  2  2	
 7 121      0 97057608  13328  70472    0    0 296160     0 91722 227191 62 17  0 21  0	
 9 119      0 97055568  13328  70472    0    0 163280     0 193534 201395 20  7  0 72  2	
 6 124      0 97054384  13328  70472    0    0 163408     0 188074 200374 19  7  0 73  2	
 4 124      0 97053272  13328  70472    0    0 163376     0 192812 201127 18  7  0 73  2	
 5 123      0 97049992  13336  70472    0    0 163312    40 190029 201183 20  7  0 72  2	
11 119      0 97049248  13336  70472    0    0 163296     0 187755 199839 17  5  0 76  2	
15 116      0 97048256  13336  70472    0    0 163264     0 187658 202117 16  5  0 77  2	
 6 123      0 97047664  13336  70472    0    0 163472     0 186062 199886 17  5  0 76  2	
11 119      0 97046888  13336  70472    0    0 163312     0 185981 199770 16  5  0 78  2	
 5 123      0 97046328  13344  70464    0    0 163408    12 186525 201654 16  5  0 78  2	
 9 122      0 97045584  13344  70472    0    0 163248     0 187222 201189 17  4  0 77  2	
13 118      0 97045144  13344  70472    0    0 163328     0 184872 198079 14  5  0 80  2	
11 120      0 97045024  13344  70472    0    0 163408     0 186727 200498 16  5  0 78  2	
13 118      0 97044432  13344  70472    0    0 163280     0 185764 199370 14  5  0 79  2	
 6 123      0 97043936  13344  70472    0    0 163408    32 182755 195774 15  4  0 79  2	
 8 121      0 97043840  13352  70472    0    0 163296    12 186271 200461 15  5  0 78  2	
 9 120      0 97043840  13352  70472    0    0 163296     0 184860 199091 16  4  0 78  2	
 7 123      0 97043528  13352  70472    0    0 163392     0 185840 200606 15  5  0 79  2	
 6 123      0 97043496  13352  70472    0    0 163408     0 184950 201273 16  4  0 77  2	
procs -----------memory---------- ---swap-- -----io---- --system-- -----cpu-----
 r  b   swpd   free   buff  cache   si   so    bi    bo   in   cs us sy id wa st
11 119      0 97043184  13352  70472    0    0 163296     0 184962 198459 15  4  0 79  2	
 5 123      0 97043024  13360  70464    0    0 163392    12 184550 197689 13  4  0 81  2	
11 119      0 97043184  13360  70472    0    0 163232     0 185500 201229 16  4  0 79  2	
 9 119      0 97043096  13360  70472    0    0 163360     0 184453 200330 17  5  0 76  2	
 8 122      0 97043128  13360  70472    0    0 163344     0 183551 198177 15  5  0 78  2	
 6 123      0 97042848  13360  70472    0    0 163440     0 184805 199397 15  4  0 79  2	
 4 124      0 97042688  13360  70472    0    0 163360     0 185773 199305 16  4  0 78  2	
 7 122      0 97042784  13368  70472    0    0 163264    12 184841 199274 15  5  0 78  2	
 8 121      0 97042656  13368  70472    0    0 163376     0 185977 201179 15  5  0 79  2	
12 118      0 97042688  13368  70472    0    0 163296     0 183446 197702 16  5  0 77  2	
 4 124      0 97042816  13368  70472    0    0 163360     0 185011 199176 14  5  0 79  2	
 4 124      0 97043040  13368  70472    0    0 163344    16 185307 201013 16  5  0 78  2	
 9 121      0 97042944  13376  70464    0    0 163312    24 184568 197566 15  4  0 80  2	
 9 121      0 97042728  13376  70476    0    0 163312     0 184981 201069 15  4  0 79  2	
 7 121      0 97042760  13376  70476    0    0 163312     0 185915 201643 15  5  0 79  2	
 3 125      0 97042544  13376  70476    0    0 163424     0 185362 200520 16  4  0 78  2	
 8 121      0 97042320  13376  70476    0    0 163280     0 185852 200045 14  4  0 80  2	
12 119      0 97042320  13376  70476    0    0 163312     0 186145 200064 14  5  0 79  2	
 8 122      0 97042136  13384  70476    0    0 163440    12 186042 200741 14  5  0 78  2	
 3 126      0 97042104  13384  70476    0    0 163360     0 185482 200395 14  5  0 79  2	
 6 122      0 97042104  13384  70476    0    0 163296     0 185112 199567 14  5  0 79  2	
procs -----------memory---------- ---swap-- -----io---- --system-- -----cpu-----
 r  b   swpd   free   buff  cache   si   so    bi    bo   in   cs us sy id wa st
11 118      0 97042104  13384  70476    0    0 163328     0 185689 200770 14  4  0 80  2	
 6 123      0 97042008  13384  70480    0    0 163424     0 184255 198685 16  4  0 79  2	
11 120      0 97041952  13392  70472    0    0 163312    12 183351 198619 17  5  0 76  2	
 8 120      0 97042176  13392  70480    0    0 163344     0 185359 198990 14  5  0 79  2	
 7 121      0 97042144  13392  70480    0    0 163344     0 180768 197478 16  6  0 76  2	
 8 122      0 97042080  13392  70480    0    0 163376    12 188063 203508 15  5  0 78  2	
 6 124      0 97041824  13392  70480    0    0 163344     0 185316 199162 14  4  0 80  2	
 7 122      0 97041792  13392  70480    0    0 163328     0 185900 200254 15  4  0 79  2	
 8 121      0 97041856  13400  70480    0    0 163328    12 183646 197874 15  4  0 79  2	
 6 123      0 97042112  13400  70480    0    0 163328     0 185078 199397 15  4  0 79  2	
 9 120      0 97041984  13400  70480    0    0 163360     0 184047 197081 14  5  0 80  2	
10 120      0 97041952  13400  70480    0    0 163296     0 186073 202027 16  4  0 78  2	
14 118      0 97042176  13400  70480    0    0 163360     0 183093 197746 15  5  0 79  2	
10 119      0 97042176  13408  70472    0    0 163344    12 184736 199043 14  4  0 80  2	
12 118      0 97042144  13408  70480    0    0 163344     0 183547 198036 16  4  0 78  2	
 9 120      0 97042016  13408  70480    0    0 163376     0 185937 199893 14  5  0 79  2	
 3 126      0 97042080  13408  70480    0    0 163440     0 186397 200848 15  4  0 79  2	
 9 119      0 97042144  13408  70480    0    0 163216     0 185869 199302 14  4  0 80  2	
13 118      0 97042176  13408  70480    0    0 163328     0 183076 197801 17  4  0 77  2	
10 119      0 97041984  13416  70480    0    0 163312    12 185822 198883 14  4  0 80  2	
 8 122      0 97041984  13416  70480    0    0 163360     8 187187 201939 15  4  0 79  2	
procs -----------memory---------- ---swap-- -----io---- --system-- -----cpu-----
 r  b   swpd   free   buff  cache   si   so    bi    bo   in   cs us sy id wa st
 4 125      0 97041952  13416  70480    0    0 163376     0 185097 199491 15  5  0 79  2	
 5 123      0 97041984  13416  70480    0    0 163312     0 183571 198303 15  4  0 79  2	
14 117      0 97042144  13416  70480    0    0 163216     0 186151 200776 14  5  0 79  2	
 7 122      0 97042080  13424  70480    0    0 163424    20 185383 201195 16  5  0 78  2	
 9 119      0 97042080  13424  70484    0    0 163280     0 185894 200305 16  4  0 79  2	
 9 121      0 97041824  13424  70484    0    0 163344     8 184931 200215 15  5  0 78  2	
10 119      0 97041824  13424  70484    0    0 163296     0 186543 201961 15  5  0 78  2	
 9 121      0 97041824  13424  70484    0    0 163408     0 185740 201755 15  4  0 79  2	
10 119      0 97042016  13424  70484    0    0 163280     0 185324 199012 16  4  0 78  2	
 8 121      0 97041984  13432  70484    0    0 163392    20 183999 198137 15  5  0 78  2	
 7 122      0 97041984  13432  70484    0    0 163376     0 187594 202936 15  4  0 78  2	
13 119      0 97041920  13432  70484    0    0 163280     0 185086 200807 17  5  0 77  2	
13 119      0 97041600  13432  70484    0    0 163408     0 185501 200405 15  5  0 78  2	
 7 122      0 97041696  13432  70484    0    0 163408     0 186457 201887 16  4  0 78  2	
12 119      0 97041856  13440  70476    0    0 163280    12 185271 199282 15  4  0 79  2	
 5 124      0 97041736  13440  70484    0    0 163408     0 186951 203568 15  5  0 78  2	
 8 121      0 97041576  13440  70484    0    0 163248     0 186711 201023 15  5  0 79  2	
 9 120      0 97041448  13440  70484    0    0 163392     0 184549 200354 17  5  0 76  2	
15 118      0 97041480  13440  70484    0    0 163360     0 184538 197660 14  4  0 80  2	
11 120      0 97041640  13440  70484    0    0 163392     0 185392 199996 16  4  0 78  2	
11 119      0 97041480  13448  70484    0    0 163312    24 187224 201691 15  5  0 78  2	
procs -----------memory---------- ---swap-- -----io---- --system-- -----cpu-----
 r  b   swpd   free   buff  cache   si   so    bi    bo   in   cs us sy id wa st
11 120      0 97041608  13448  70488    0    0 163392     0 185282 199736 15  5  0 77  2	
 4 124      0 97041544  13448  70488    0    0 163392     0 187678 202582 15  4  0 79  2	
10 120      0 97041576  13448  70488    0    0 163216     0 184326 199301 15  4  0 79  2	
12 120      0 97041832  13448  70488    0    0 163344     0 187319 202764 14  5  0 79  2	
10 120      0 97041800  13456  70480    0    0 163376    16 184244 199007 16  5  0 78  2	
14 116      0 97041704  13456  70488    0    0 163232     0 185184 197842 14  4  0 80  2	
 9 122      0 97041640  13456  70488    0    0 163488     0 184568 199495 17  4  0 77  2	
 4 124      0 97041800  13456  70488    0    0 163392     0 184688 199925 15  5  0 79  2	
 4 124      0 97041864  13456  70488    0    0 163296     0 185681 200870 16  4  0 78  2	
 8 121      0 97041672  13456  70488    0    0 163264     0 184056 198057 15  4  0 79  2	
12 119      0 97041392  13464  70488    0    0 163328    12 185629 200127 15  4  0 79  2	
 9 120      0 97041456  13464  70488    0    0 163376     0 185759 200175 15  4  0 80  2	
 4 124      0 97041424  13464  70488    0    0 163328     0 181583 195374 16  4  0 78  2	
 5 123      0 97041424  13464  70488    0    0 163296     0 183004 199613 17  5  0 76  2	
 7 122      0 97041648  13464  70488    0    0 163360     8 185536 200973 16  5  0 77  2	
12 118      0 97041712  13472  70480    0    0 163296    20 183952 199453 15  4  0 79  2	
 9 120      0 97041744  13472  70492    0    0 163360     0 185169 201798 16  4  0 78  2	
 7 121      0 97041776  13472  70492    0    0 163296     0 186810 203212 16  5  0 78  2	
 5 123      0 97041712  13472  70492    0    0 163392     0 184653 200000 15  5  0 78  2	
10 122      0 97041584  13472  70492    0    0 163312     8 185581 198670 14  4  0 80  2	
 3 126      0 97041296  13472  70492    0    0 163392     0 183605 198522 17  4  0 78  2	
procs -----------memory---------- ---swap-- -----io---- --system-- -----cpu-----
 r  b   swpd   free   buff  cache   si   so    bi    bo   in   cs us sy id wa st
14 117      0 97041264  13480  70492    0    0 163264    20 184178 198181 15  5  0 78  2	
 7 121      0 97041360  13480  70492    0    0 163424     0 186044 201788 16  4  0 78  2	
10 121      0 97041360  13480  70492    0    0 163360     0 187071 202696 15  4  0 79  2	
 8 121      0 97041520  13480  70492    0    0 163392     0 186121 201160 14  4  0 79  2	
 8 122      0 97041808  13480  70492    0    0 163392     0 186230 200675 15  4  0 79  2	
 5 124      0 97041840  13488  70484    0    0 163360    12 183896 199740 16  5  0 78  2	
 7 123      0 97041648  13488  70492    0    0 163344     0 185897 198999 13  5  0 80  2	
 4 124      0 97041616  13488  70492    0    0 163328     0 184778 198716 15  5  0 78  2	
 8 121      0 97041456  13488  70492    0    0 163344     0 184083 198658 14  4  0 80  2	
10 121      0 97041392  13488  70492    0    0 163328     0 184637 199783 16  4  0 78  2	
 6 122      0 97041328  13488  70492    0    0 163328     0 185700 198273 14  4  0 80  2	
10 120      0 97041680  13496  70492    0    0 163312    12 182869 197804 16  5  0 78  2	
 9 120      0 97041680  13496  70492    0    0 163424     0 183284 196033 15  4  0 79  2	
 8 122      0 97041712  13496  70492    0    0 163312     0 185909 199961 15  4  0 79  2	
 5 123      0 97041680  13496  70492    0    0 163392    16 185538 198116 16  5  0 78  2	
 7 122      0 97041552  13496  70492    0    0 163264     0 185526 198864 14  5  0 78  2	
11 121      0 97041680  13504  70484    0    0 163344    16 185091 198548 14  4  0 80  2	
 6 122      0 97041776  13504  70492    0    0 163392     0 184607 197982 14  4  0 80  2	
13 119      0 97041776  13504  70492    0    0 163280     0 186062 199840 15  4  0 79  2	
 8 121      0 97041744  13504  70492    0    0 163360     0 182958 199490 16  5  0 77  2	
12 118      0 97041776  13504  70492    0    0 163296     0 186406 201041 14  4  0 80  2	
procs -----------memory---------- ---swap-- -----io---- --system-- -----cpu-----
 r  b   swpd   free   buff  cache   si   so    bi    bo   in   cs us sy id wa st
 9 122      0 97041712  13504  70496    0    0 163392     8 184320 199663 16  5  0 77  2	
10 119      0 97041648  13512  70496    0    0 163344     4 185763 199169 14  4  0 80  2	
11 119      0 97041488  13512  70496    0    0 163328     0 185931 199805 14  5  0 80  2	
 9 120      0 97041456  13512  70496    0    0 163312     8 185137 200260 14  5  0 80  2	
 8 121      0 97041392  13512  70496    0    0 163328     0 185507 200281 14  5  0 79  2	
 9 120      0 97041680  13512  70496    0    0 163344     0 187163 202322 15  5  0 79  2	
 7 122      0 97041552  13520  70500    0    0 163408    20 185429 200261 15  4  0 79  2	
 4 124      0 97041424  13520  70500    0    0 163344     0 181908 197209 15  4  0 79  2	
 3 125      0 97041424  13520  70500    0    0 163328     8 184821 200423 16  6  0 76  2	
 6 123      0 97041024  13520  70500    0    0 163280     0 185003 198996 15  5  0 78  2	
10 118      0 97041152  13520  70500    0    0 163296     0 184255 200432 18  5  0 75  2	
 6 122      0 97041120  13528  70492    0    0 163408    28 186666 200980 15  5  0 79  2	
 3 125      0 97041088  13528  70500    0    0 163328     0 186111 201865 15  5  0 78  2	
10 120      0 97041120  13528  70500    0    0 163312     0 185154 200723 15  4  0 79  2	
 2 125      0 97041024  13528  70500    0    0 163424     0 184690 200920 18  4  0 76  2	
16 116      0 97040960  13528  70500    0    0 163168     0 186457 202468 14  5  0 79  2	
 5 123      0 97041024  13528  70500    0    0 163440     0 186564 201890 15  5  0 78  2	
 4 124      0 97040960  13536  70500    0    0 163264    12 186182 201471 15  4  0 79  2	
12 120      0 97041152  13536  70500    0    0 163344     0 185294 199468 15  5  0 78  2	
11 121      0 97041088  13536  70500    0    0 163312     0 184867 198444 15  4  0 79  2	
 6 122      0 97041088  13536  70500    0    0 163328     0 185161 198737 15  4  0 79  2	
procs -----------memory---------- ---swap-- -----io---- --system-- -----cpu-----
 r  b   swpd   free   buff  cache   si   so    bi    bo   in   cs us sy id wa st
10 120      0 97041024  13536  70500    0    0 163344     0 186980 201453 15  4  0 79  2	
 7 122      0 97040992  13544  70492    0    0 163360    12 186473 201148 14  5  0 80  2	
 9 119      0 97041024  13544  70500    0    0 163344     4 188104 203016 15  5  0 78  2	
10 119      0 97041120  13544  70500    0    0 163248     0 184474 198247 14  5  0 79  2	
11 120      0 97041024  13544  70500    0    0 163344     0 187297 201988 15  5  0 78  2	
 5 123      0 97041152  13544  70500    0    0 163408     0 185873 201000 14  5  0 79  2	
 5 123      0 97041152  13544  70500    0    0 163328     0 184976 198197 15  4  0 80  2	
 9 121      0 97041312  13552  70500    0    0 163344    28 185483 199808 16  5  0 78  2	
 9 120      0 97041216  13552  70500    0    0 163360     0 186140 200864 15  5  0 78  2	
 9 119      0 97041152  13552  70500    0    0 163328     0 184762 198841 15  4  0 79  2	
 7 121      0 97041184  13552  70500    0    0 163344     0 185597 199522 15  5  0 78  2	
12 119      0 97041056  13552  70500    0    0 163280     0 187216 202588 15  5  0 78  2	
12 121      0 97041216  13560  70496    0    0 163408    12 184469 198668 15  4  0 79  2	
12 118      0 97041184  13564  70500    0    0 163328     8 184165 198451 15  5  0 78  2	
12 118      0 97040992  13564  70500    0    0 163376     0 186996 201139 15  4  0 79  2	
11 117      0 97040928  13564  70500    0    0 163328     0 186089 200596 16  4  0 78  2	
 8 121      0 97040896  13564  70500    0    0 163376     0 186938 201828 16  4  0 78  2	
10 119      0 97041088  13564  70500    0    0 163360     0 184459 200376 16  5  0 77  2	
 6 122      0 97041312  13572  70500    0    0 163392    36 184981 197626 14  4  0 80  2	
 7 121      0 97041248  13572  70504    0    0 163312     0 184230 200866 16  5  0 77  2	
 9 120      0 97041152  13572  70504    0    0 163328     0 184739 198604 14  4  0 80  2	
procs -----------memory---------- ---swap-- -----io---- --system-- -----cpu-----
 r  b   swpd   free   buff  cache   si   so    bi    bo   in   cs us sy id wa st
 8 121      0 97041216  13572  70508    0    0 163328     0 185107 199694 15  4  0 79  2	
11 119      0 97041248  13572  70508    0    0 163328     0 186399 202527 14  4  0 80  2	
11 118      0 97041248  13580  70500    0    0 163344    12 184393 199118 16  5  0 78  2	
 9 119      0 97041152  13580  70508    0    0 163376     0 184350 198421 14  5  0 79  2	
 8 121      0 97041408  13580  70508    0    0 163408     0 185159 197550 14  4  0 81  2	
10 120      0 97041344  13580  70508    0    0 163312     0 187383 201764 14  5  0 79  2	
 7 123      0 97041280  13580  70508    0    0 163344     0 185729 200712 16  4  0 78  2	
13 118      0 97041152  13580  70508    0    0 163328     0 185866 199510 14  5  0 79  2	
 6 123      0 97040960  13588  70508    0    0 163424    12 181075 194802 16  5  0 78  2	
 8 120      0 97040992  13588  70508    0    0 163376     0 187912 202780 15  4  0 79  2	
 8 123      0 97040992  13588  70508    0    0 163328     0 185958 200393 13  5  0 81  2	
 7 122      0 97040960  13588  70508    0    0 163376     0 186678 201477 15  5  0 78  2	
 8 121      0 97040960  13588  70508    0    0 163296     0 187108 201873 15  5  0 78  2	
 8 122      0 97040864  13596  70508    0    0 163328    12 186323 201015 15  4  0 79  2	
 3 126      0 97040992  13596  70508    0    0 163392     0 185015 199632 15  4  0 79  2	
 4 124      0 97041056  13596  70508    0    0 163296     0 184445 198114 14  5  0 79  2	
 7 123      0 97041088  13596  70508    0    0 163344     0 185522 200113 15  4  0 79  2	
 8 121      0 97041088  13596  70508    0    0 163328     0 186838 201118 14  4  0 80  2	
 8 120      0 97041344  13596  70508    0    0 163360     0 183912 198002 15  4  0 78  2	
10 119      0 97041184  13604  70508    0    0 163344    12 185209 200237 15  4  0 79  2	
 9 120      0 97041152  13604  70508    0    0 163360     0 184264 197479 14  5  0 79  2	
procs -----------memory---------- ---swap-- -----io---- --system-- -----cpu-----
 r  b   swpd   free   buff  cache   si   so    bi    bo   in   cs us sy id wa st
 6 123      0 97040992  13604  70508    0    0 163376     0 182933 195947 14  3  0 80  2	
 9 120      0 97041216  13604  70508    0    0 163344    24 184238 200120 16  5  0 77  2	
 8 121      0 97041088  13604  70508    0    0 163344     0 185881 199888 14  4  0 80  2	
12 121      0 97040960  13612  70504    0    0 163360    24 185451 198856 14  4  0 80  2	
12 119      0 97040768  13612  70508    0    0 163328     0 185569 198766 15  5  0 78  2	
 4 124      0 97040832  13612  70508    0    0 163408     0 185103 200391 16  5  0 77  2	
 7 121      0 97040768  13612  70508    0    0 163312     0 185693 199224 14  5  0 80  2	
10 121      0 97040768  13612  70508    0    0 163344     0 184577 197817 14  4  0 80  2	
 9 121      0 97040960  13612  70508    0    0 163312     0 185725 199625 15  5  0 79  2	
11 118      0 97040832  13620  70512    0    0 163296    16 185588 198990 15  5  0 79  2	
 9 120      0 97040928  13620  70512    0    0 163360     0 187136 203367 15  5  0 78  2	
 7 122      0 97041056  13620  70512    0    0 163328     0 182584 196984 14  5  0 79  2	
12 118      0 97041056  13624  70512    0    0 163344     8 185132 200772 15  4  0 78  2	
 5 123      0 97041120  13624  70512    0    0 163440     0 185292 199073 14  5  0 80  2	
11 118      0 97040992  13632  70504    0    0 163280    28 185418 198924 15  3  0 80  2	
 6 124      0 97040992  13632  70512    0    0 163360     0 187624 203873 17  5  0 76  2	
 5 123      0 97040960  13632  70512    0    0 163344     0 186404 199728 15  4  0 79  2	
 5 123      0 97040864  13632  70512    0    0 163360     0 184501 199038 15  4  0 79  2	
 7 121      0 97040832  13632  70512    0    0 163312     0 185414 199734 15  4  0 79  2	
10 119      0 97041024  13632  70512    0    0 163328     0 185302 199705 14  4  0 81  2	
 8 121      0 97041216  13640  70512    0    0 163344    12 184819 197971 13  4  0 81  2	
procs -----------memory---------- ---swap-- -----io---- --system-- -----cpu-----
 r  b   swpd   free   buff  cache   si   so    bi    bo   in   cs us sy id wa st
12 118      0 97041248  13640  70516    0    0 163328     0 185651 199811 15  5  0 79  2	
13 118      0 97041152  13640  70516    0    0 163328     0 186067 202625 15  5  0 78  2	
10 120      0 97041056  13640  70516    0    0 163280     0 186535 201336 16  4  0 79  2	
 7 122      0 97040960  13640  70516    0    0 163440     0 186030 200646 15  5  0 79  2	
 8 120      0 97041184  13648  70508    0    0 163312    12 183773 196958 15  4  0 79  2	
 8 121      0 97041152  13648  70516    0    0 163328     0 187492 203119 16  5  0 78  2	
 9 120      0 97040056  13648  70516    0    0 163328     0 183334 198879 17  5  0 76  2	
12 118      0 97039232  13648  70520    0    0 163312     0 179916 196640 16  5  0 77  2	
 4 124      0 97039680  13648  70520    0    0 163344     0 185143 198131 15  4  0 78  2	
 5 123      0 97039728  13648  70520    0    0 163408     0 184776 197705 15  4  0 80  2	
 3 125      0 97039856  13656  70520    0    0 163328    20 183137 196360 16  4  0 79  2	
14 118      0 97039856  13656  70520    0    0 163248     0 186516 200408 14  5  0 80  2	
 8 120      0 97039824  13656  70520    0    0 163392     0 188044 202308 16  4  0 79  2	
 4 124      0 97039824  13656  70520    0    0 163344     0 186951 201786 15  4  0 79  2	
 7 121      0 97039760  13656  70520    0    0 163344     0 182909 196856 16  5  0 77  2	
12 118      0 97039920  13664  70512    0    0 163344    12 188604 203741 15  5  0 79  2	
 4 124      0 97039984  13664  70520    0    0 163408    32 185175 199829 16  4  0 78  2	
12 118      0 97039952  13664  70520    0    0 163280     0 186639 199731 14  4  0 80  2	
 6 122      0 97039632  13664  70520    0    0 163392     0 184946 199964 15  5  0 78  2	
10 120      0 97039568  13664  70520    0    0 163280     0 186395 202910 15  5  0 78  2	
10 120      0 97039568  13664  70520    0    0 163360     0 186261 201009 15  5  0 79  2	
procs -----------memory---------- ---swap-- -----io---- --system-- -----cpu-----
 r  b   swpd   free   buff  cache   si   so    bi    bo   in   cs us sy id wa st
 4 126      0 97039640  13672  70520    0    0 163376    24 186260 201959 15  4  0 78  2	
 8 122      0 97039576  13672  70524    0    0 163264     0 184234 197829 14  4  0 80  2	
 9 121      0 97039832  13672  70524    0    0 163312     0 187260 199578 15  3  0 80  2	
12 118      0 97039768  13672  70524    0    0 163264     0 184662 200346 17  4  0 76  2	
 6 123      0 97039928  13672  70524    0    0 163472     0 186357 201341 16  4  0 78  2	
 6 123      0 97039864  13680  70516    0    0 163296    20 185566 200306 15  4  0 79  2	
 9 121      0 97039800  13680  70524    0    0 163296     0 186950 202242 15  5  0 78  2	
13 118      0 97039768  13680  70524    0    0 163344     0 184281 198709 14  4  0 80  2	
 8 120      0 97039896  13680  70524    0    0 163392     0 187396 202282 15  4  0 79  2	
11 118      0 97039896  13680  70524    0    0 163360     0 184792 199461 16  5  0 77  2	
10 118      0 97039896  13680  70524    0    0 163312     0 187095 201088 14  5  0 80  2	
 9 122      0 97039896  13688  70524    0    0 163408    24 186589 200237 13  5  0 80  2	
 8 122      0 97039960  13688  70524    0    0 163344     0 186117 200546 14  5  0 79  2	
14 118      0 97040024  13688  70524    0    0 163312     0 184158 200583 16  6  0 77  2	
 5 124      0 97040056  13688  70524    0    0 163344     0 184484 198383 14  5  0 79  2	
 9 121      0 97039896  13688  70524    0    0 163328     0 186650 201278 16  4  0 78  2	
 8 122      0 97039960  13696  70516    0    0 163344    36 184425 199727 15  4  0 79  2	
 6 123      0 97039960  13696  70524    0    0 163344     0 184402 198279 14  4  0 81  2	
 6 123      0 97039768  13696  70524    0    0 163344     0 185982 200777 15  4  0 79  2	
10 120      0 97039672  13696  70524    0    0 163280     0 185107 199592 15  4  0 79  2	
10 120      0 97039640  13696  70524    0    0 163296     0 184963 199141 15  4  0 80  2	
procs -----------memory---------- ---swap-- -----io---- --system-- -----cpu-----
 r  b   swpd   free   buff  cache   si   so    bi    bo   in   cs us sy id wa st
11 121      0 97039544  13696  70528    0    0 163408    12 185503 200160 15  5  0 78  2	
 8 122      0 97039512  13704  70528    0    0 163376     4 186245 201316 15  5  0 78  2	
18 116      0 97039736  13704  70528    0    0 163232     0 181244 195548 17  5  0 77  2	
 9 121      0 97039672  13704  70528    0    0 163424     0 183782 198612 15  5  0 78  2	
 8 121      0 97039480  13704  70528    0    0 163360     0 178605 195713 16  5  0 77  2	
 7 122      0 97039832  13704  70528    0    0 163424     8 183231 199354 15  5  0 78  2	
11 118      0 97039832  13712  70528    0    0 163248    24 181866 197171 15  5  0 78  2	
 8 122      0 97039672  13712  70528    0    0 163360     0 184833 198122 14  4  0 80  2	
14 120      0 97039704  13712  70528    0    0 163344     0 183525 199191 17  5  0 76  2	
11 118      0 97039640  13712  70528    0    0 163360     0 185970 201692 16  5  0 78  2	
 7 122      0 97039800  13712  70528    0    0 163328    32 184613 198800 15  5  0 78  2	
12 119      0 97039704  13720  70520    0    0 163344    12 185139 199229 14  4  0 81  2	
 9 119      0 97039672  13720  70532    0    0 163376     0 184950 199665 15  4  0 79  2	
 9 120      0 97039672  13720  70532    0    0 163408     0 187642 203119 15  4  0 79  2	
 8 120      0 97039672  13720  70532    0    0 163264     0 183262 197990 16  4  0 78  2	
10 120      0 97039704  13720  70532    0    0 163376     8 186896 201145 14  5  0 79  2	
12 118      0 97039672  13720  70532    0    0 163376     0 186155 201402 15  5  0 79  2	
 5 124      0 97039800  13728  70532    0    0 163408    24 185363 200065 15  4  0 80  2	
 7 122      0 97039864  13728  70532    0    0 163328     0 183766 198022 16  5  0 77  2	
 8 120      0 97039896  13728  70532    0    0 163376     0 186965 201265 14  4  0 80  2	
 4 124      0 97039928  13728  70532    0    0 163408     0 186089 199876 14  4  0 80  2	
procs -----------memory---------- ---swap-- -----io---- --system-- -----cpu-----
 r  b   swpd   free   buff  cache   si   so    bi    bo   in   cs us sy id wa st
 7 122      0 97039672  13728  70532    0    0 163264     0 185864 199715 15  5  0 79  2	
10 118      0 97039480  13736  70524    0    0 163328    12 184195 198672 16  5  0 78  2	
10 118      0 97039704  13736  70532    0    0 163328     0 186679 201193 15  4  0 79  2	
 9 121      0 97039704  13736  70532    0    0 163344     0 187758 202759 16  4  0 78  2	
 8 121      0 97039768  13736  70532    0    0 163328     0 186811 200665 14  5  0 79  2	
 8 120      0 97039800  13736  70532    0    0 163312     0 186065 199245 13  5  0 80  2	
13 118      0 97039800  13736  70532    0    0 163344     0 186192 201257 15  5  0 79  2	
10 120      0 97039416  13744  70532    0    0 163344    12 186116 201470 16  5  0 77  2	
 9 120      0 97039352  13744  70532    0    0 163408     0 184319 198025 14  4  0 80  2	
 7 122      0 97039320  13744  70532    0    0 163408     0 186264 201194 15  5  0 78  2	
 3 125      0 97039544  13744  70532    0    0 163360     0 186174 199432 14  4  0 80  2	
 8 120      0 97039544  13744  70532    0    0 163248     0 182362 196534 15  4  0 79  2	
11 119      0 97039512  13752  70524    0    0 163312    12 185647 199657 15  5  0 79  2	
 6 123      0 97039800  13752  70532    0    0 163408     0 185340 200244 15  4  0 79  2	
11 119      0 97039672  13752  70532    0    0 163280     0 186911 201161 15  6  0 78  2	
 7 122      0 97039672  13752  70532    0    0 163344     8 185821 200001 14  4  0 80  2	
 5 123      0 97040056  13752  70532    0    0 163392     0 185993 199795 14  4  0 80  2	
11 119      0 97039800  13752  70532    0    0 163248     0 183880 199545 15  5  0 78  2	
 0 128      0 97039928  13760  70532    0    0 163440    24 185546 199932 15  4  0 79  2	
 8 121      0 97039928  13760  70532    0    0 163248     0 185083 200970 15  4  0 78  2	
14 118      0 97039960  13760  70532    0    0 163312     0 184724 198844 15  4  0 79  2	
procs -----------memory---------- ---swap-- -----io---- --system-- -----cpu-----
 r  b   swpd   free   buff  cache   si   so    bi    bo   in   cs us sy id wa st
13 117      0 97039704  13760  70536    0    0 163312     0 181894 197232 16  4  0 78  2	
15 115      0 97039704  13760  70536    0    0 163360     0 184420 197895 15  4  0 79  2	
 9 119      0 97039864  13768  70528    0    0 163360    12 184532 198052 14  4  0 80  2	
 8 121      0 97039928  13768  70540    0    0 163392     0 187258 202039 14  5  0 79  2	
11 118      0 97040024  13768  70540    0    0 163312    24 185923 201223 16  4  0 79  2	
 9 120      0 97039800  13768  70540    0    0 163312     0 187172 201122 14  5  0 79  2	
12 118      0 97039832  13768  70540    0    0 163344     0 185060 200796 16  5  0 78  2	
 6 122      0 97039736  13768  70540    0    0 163376     0 185650 199737 15  4  0 79  2	
 7 121      0 97039672  13776  70540    0    0 163344    24 183576 197199 14  4  0 81  2	
11 118      0 97039672  13776  70540    0    0 163264     0 187984 202917 15  5  0 78  2	
 9 122      0 97039608  13776  70540    0    0 163456     0 184112 200039 17  5  0 76  2	
 7 121      0 97039640  13776  70540    0    0 163280     0 185035 199531 16  4  0 79  2	
10 118      0 97039736  13776  70540    0    0 163312     0 184827 197734 15  4  0 80  2	
 7 122      0 97039736  13784  70532    0    0 163440    12 186476 199497 15  4  0 79  2	
10 119      0 97039768  13784  70540    0    0 163248     0 184943 198248 14  4  0 80  2	
 9 121      0 97039832  13784  70540    0    0 163360     0 186268 199733 15  4  0 79  2	
 8 120      0 97039832  13784  70540    0    0 163360     0 186906 201611 16  4  0 78  2	
 6 124      0 97039832  13784  70540    0    0 163392     0 184855 198302 15  4  0 80  2	
 6 123      0 97039800  13784  70540    0    0 163360     0 186018 200539 14  4  0 80  2	
 7 122      0 97039832  13792  70540    0    0 163296    16 184794 199034 14  5  0 79  2	
 5 123      0 97039832  13792  70540    0    0 163392     0 184164 197793 15  4  0 79  2	
procs -----------memory---------- ---swap-- -----io---- --system-- -----cpu-----
 r  b   swpd   free   buff  cache   si   so    bi    bo   in   cs us sy id wa st
13 117      0 97039768  13792  70540    0    0 163248     0 186581 200294 15  4  0 80  2	
10 121      0 97039736  13792  70540    0    0 163392     0 184172 199006 16  4  0 79  2	
10 120      0 97039928  13792  70540    0    0 163360     0 186553 202054 14  4  0 80  2	
 9 120      0 97039864  13800  70532    0    0 163328    20 186080 201558 16  5  0 77  2	
10 119      0 97039768  13800  70540    0    0 163376     0 185649 199110 14  4  0 80  2	
 3 125      0 97039608  13800  70540    0    0 163376     0 182261 197690 17  4  0 77  2	
10 119      0 97039608  13800  70540    0    0 163264     0 187541 202992 16  4  0 78  2	
 6 123      0 97039608  13800  70540    0    0 163376     0 185827 199816 14  4  0 80  2	
10 120      0 97039832  13800  70540    0    0 163296     0 186678 201503 14  5  0 79  2	
10 119      0 97039768  13808  70540    0    0 163360    24 184488 198116 14  5  0 79  2	
12 120      0 97039736  13808  70540    0    0 163280     0 186234 199378 14  4  0 80  2	
 5 123      0 97039896  13808  70540    0    0 163392     0 185381 199522 13  4  0 81  2	
10 121      0 97039736  13808  70540    0    0 163296     0 185990 200438 14  4  0 80  2	
12 118      0 97039736  13808  70540    0    0 163280     0 186436 200456 14  5  0 79  2	
 7 122      0 97039832  13816  70532    0    0 163456    12 185721 198753 13  4  0 81  2	
12 120      0 97039768  13816  70540    0    0 163296     0 183795 200850 17  5  0 76  2	
 4 124      0 97039704  13816  70540    0    0 163408     0 185408 198950 14  4  0 80  2	
 6 122      0 97039672  13816  70544    0    0 163248     0 185095 199213 14  4  0 80  2	
 7 121      0 97039896  13816  70544    0    0 163312     0 185555 200794 15  4  0 79  2	
10 119      0 97039992  13816  70544    0    0 163360    24 184710 199730 16  4  0 78  2	
 9 122      0 97039800  13824  70544    0    0 163344    12 185990 200357 15  5  0 79  2	
procs -----------memory---------- ---swap-- -----io---- --system-- -----cpu-----
 r  b   swpd   free   buff  cache   si   so    bi    bo   in   cs us sy id wa st
 7 122      0 97039512  13824  70548    0    0 163376     0 184392 198906 15  4  0 79  2	
10 119      0 97039736  13824  70548    0    0 163296     0 185998 200620 14  5  0 79  2	
11 122      0 97039832  13824  70548    0    0 163312     0 187037 202164 16  5  0 78  2	
 5 123      0 97039864  13824  70548    0    0 163408     0 187540 202102 14  4  0 80  2	
 7 122      0 97039800  13832  70540    0    0 163392    12 187172 202515 15  5  0 78  2	
 7 122      0 97039832  13832  70548    0    0 163312     0 185927 200493 15  4  0 79  2	
 9 119      0 97039736  13832  70548    0    0 163344     0 184977 199283 15  4  0 79  2	
 9 122      0 97039928  13832  70548    0    0 163360     0 186572 201182 15  4  0 79  2	
 7 122      0 97039896  13832  70548    0    0 163360     4 181776 196633 16  5  0 78  2	
 9 120      0 97039832  13832  70548    0    0 163328     0 187097 201594 14  4  0 80  2	
 8 122      0 97039576  13840  70548    0    0 163424    12 185958 201350 15  4  0 79  2	
 7 121      0 97039512  13840  70548    0    0 163296     0 185185 199575 15  4  0 79  2	
 9 120      0 97039544  13840  70548    0    0 163312     0 188163 202892 14  5  0 79  2	
11 119      0 97039800  13840  70548    0    0 163376     0 185240 198878 14  4  0 80  2	
 4 124      0 97040056  13840  70548    0    0 163392     0 185158 200043 16  5  0 77  2	
13 118      0 97040056  13848  70540    0    0 163184    12 186092 199851 14  5  0 79  2	
 7 121      0 97039928  13848  70548    0    0 163440     0 184464 198264 14  4  0 81  2	
13 119      0 97039928  13848  70548    0    0 163296     0 186361 200355 14  4  0 80  2	
 8 121      0 97039928  13848  70548    0    0 163312     8 183987 199632 17  5  0 77  2	
13 116      0 97039864  13848  70548    0    0 163344     0 185972 201778 15  5  0 78  2	
 5 123      0 97039768  13848  70548    0    0 163408     0 183645 198461 15  4  0 79  2	
procs -----------memory---------- ---swap-- -----io---- --system-- -----cpu-----
 r  b   swpd   free   buff  cache   si   so    bi    bo   in   cs us sy id wa st
 8 121      0 97040024  13856  70548    0    0 163344    24 185781 200821 15  5  0 78  2	
11 118      0 97039896  13856  70548    0    0 163376     0 185229 198884 15  4  0 79  2	
 7 122      0 97039928  13856  70548    0    0 163360     0 185703 199428 15  5  0 79  2	
13 117      0 97039768  13856  70548    0    0 163296     0 187500 202637 15  4  0 79  2	
 8 122      0 97039640  13856  70548    0    0 163344     0 186501 201150 15  5  0 78  2	
 1 127      0 97039576  13864  70540    0    0 163424    12 186319 200487 14  5  0 79  2	
 8 121      0 97039768  13864  70548    0    0 163280     0 183943 196387 14  4  0 80  2	
10 119      0 97039800  13864  70548    0    0 163280     0 185714 202729 18  4  0 76  2	
 5 123      0 97039800  13864  70552    0    0 163408     0 184917 198155 14  4  0 80  2	
 9 120      0 97039832  13864  70552    0    0 163296     0 182802 197788 16  4  0 78  2	
 4 124      0 97039704  13864  70552    0    0 163392     0 185236 199079 15  5  0 79  2	
 5 124      0 97039704  13872  70552    0    0 163344    12 185922 200779 15  4  0 79  2	
 6 123      0 97039640  13872  70552    0    0 163376    12 186109 200862 16  5  0 78  2	
 7 122      0 97039768  13872  70552    0    0 163296     0 182607 197916 16  5  0 77  2	
 7 122      0 97039640  13872  70552    0    0 163344     0 185529 199218 15  4  0 79  2	
 7 122      0 97039608  13872  70552    0    0 163344     0 184936 198344 14  4  0 80  2	
11 119      0 97039544  13880  70544    0    0 163248    24 185267 198875 14  5  0 79  2	
11 119      0 97039448  13880  70552    0    0 163360     0 184394 200175 15  5  0 79  2	
11 119      0 97039800  13880  70552    0    0 163312     0 185122 198376 14  5  0 79  2	
12 120      0 97039928  13880  70552    0    0 163360     0 186605 201973 16  4  0 78  2	
 7 122      0 97039928  13880  70552    0    0 163360     0 185675 199418 14  4  0 79  2	
procs -----------memory---------- ---swap-- -----io---- --system-- -----cpu-----
 r  b   swpd   free   buff  cache   si   so    bi    bo   in   cs us sy id wa st
10 122      0 97039800  13880  70556    0    0 163264     8 183738 196737 13  5  0 81  2	
 7 121      0 97039648  13888  70556    0    0 163424     4 184069 198462 14  4  0 80  2	
 4 124      0 97039776  13888  70556    0    0 163408     0 187834 201367 16  4  0 78  2	
10 119      0 97039712  13888  70556    0    0 163232     0 184215 199531 17  5  0 76  2	
10 120      0 97039680  13888  70556    0    0 163408     0 185978 200741 15  5  0 79  2	
 6 123      0 97039584  13888  70556    0    0 163344     0 185078 199842 15  4  0 79  2	
 5 124      0 97039616  13896  70556    0    0 163408    12 184717 199964 16  4  0 77  2	
 5 125      0 97039520  13896  70556    0    0 163360     8 184774 198593 14  4  0 80  2	
 8 121      0 97039456  13896  70556    0    0 163296     0 183066 196552 15  5  0 79  2	
 7 122      0 97039456  13896  70556    0    0 163296     0 185884 199309 16  4  0 78  2	
 9 121      0 97039424  13896  70556    0    0 163328     0 184856 198779 15  4  0 79  2	
 8 123      0 97039424  13904  70548    0    0 163424    24 185937 199988 16  5  0 78  2	
 3 125      0 97039392  13904  70556    0    0 163376     0 183891 198627 16  5  0 78  2	
 9 120      0 97039328  13904  70556    0    0 163264     0 183384 197811 15  4  0 79  2	
 4 124      0 97039296  13904  70556    0    0 163376     0 186694 201492 15  5  0 78  2	
 7 122      0 97039264  13904  70556    0    0 163376     0 185686 199995 13  5  0 80  2	
14 115      0 97039264  13904  70556    0    0 163280     0 181538 196668 16  5  0 77  2	
 8 121      0 97039456  13912  70556    0    0 163424    12 186992 200940 14  4  0 80  2	
10 120      0 97039552  13912  70556    0    0 163344     0 184413 198188 14  5  0 80  2	
 8 123      0 97039552  13912  70556    0    0 163408     0 186238 199645 15  4  0 79  2	
 8 122      0 97039424  13912  70560    0    0 163328     0 185538 198237 13  5  0 81  2	
procs -----------memory---------- ---swap-- -----io---- --system-- -----cpu-----
 r  b   swpd   free   buff  cache   si   so    bi    bo   in   cs us sy id wa st
 7 121      0 97039424  13912  70560    0    0 163360     0 185928 199778 15  4  0 80  2	
12 119      0 97039424  13920  70552    0    0 163296    20 186558 199941 15  5  0 78  2	
11 119      0 97039552  13920  70560    0    0 163344     0 185580 199730 15  5  0 78  2	
12 118      0 97039616  13920  70560    0    0 163312     0 185994 199434 14  4  0 80  2	
10 119      0 97039584  13920  70560    0    0 163392     0 186624 201569 16  4  0 78  2	
 9 121      0 97039584  13920  70560    0    0 163392     0 185274 200814 16  4  0 78  2	
 5 124      0 97039584  13920  70560    0    0 163344     8 185444 198267 14  4  0 80  2	
11 119      0 97039520  13928  70560    0    0 163280    24 185334 200537 16  4  0 78  2	
 6 123      0 97039424  13928  70560    0    0 163456     0 185883 201566 14  4  0 79  2	
 6 124      0 97039552  13928  70560    0    0 163328     0 187422 202180 15  5  0 78  2	
11 119      0 97039552  13928  70560    0    0 163296     0 184063 196811 13  4  0 80  2	
15 115      0 97039520  13928  70560    0    0 163296     0 182229 197265 18  4  0 76  2	
10 117      0 97039456  13936  70552    0    0 163456    12 183489 195919 14  4  0 80  2	
13 117      0 97039616  13936  70560    0    0 163232     0 185953 200332 16  4  0 78  2	
11 119      0 97039616  13936  70560    0    0 163376     0 185368 199149 14  5  0 80  2	
 6 123      0 97039520  13936  70560    0    0 163424     0 183453 197338 15  4  0 79  2	
 7 123      0 97039648  13936  70560    0    0 163312     8 184297 197758 13  4  0 81  2	
 9 120      0 97039808  13936  70560    0    0 163296     0 184960 199621 14  5  0 78  2	
11 119      0 97039808  13944  70560    0    0 163328    24 185830 199462 15  4  0 79  2	
 9 121      0 97039776  13944  70560    0    0 163344     0 186653 200700 15  4  0 79  2	
 7 123      0 97039648  13944  70560    0    0 163376     0 185515 201058 15  4  0 79  2	
procs -----------memory---------- ---swap-- -----io---- --system-- -----cpu-----
 r  b   swpd   free   buff  cache   si   so    bi    bo   in   cs us sy id wa st
 9 121      0 97039680  13944  70564    0    0 163280     0 185281 199824 17  4  0 78  2	
 8 123      0 97039680  13944  70564    0    0 163392     0 185676 200156 15  4  0 80  2	
 5 123      0 97039648  13952  70556    0    0 163344    12 182460 197808 16  4  0 78  2	
 8 121      0 97039552  13952  70564    0    0 163312     0 186713 201730 16  4  0 78  2	
11 119      0 97039552  13952  70564    0    0 163296     0 186350 200730 17  4  0 77  2	
16 117      0 97039488  13952  70564    0    0 163312     0 185628 200289 13  5  0 80  2	
 9 118      0 97039488  13952  70564    0    0 163376     0 184711 199010 14  4  0 79  2	
 8 121      0 97039456  13952  70564    0    0 163408     0 186889 201510 15  5  0 79  2	
 8 122      0 97039456  13960  70564    0    0 163312    16 185427 199154 15  4  0 79  2	
 8 121      0 97039552  13960  70564    0    0 163360     0 186137 199813 14  4  0 80  2	
10 120      0 97039552  13960  70564    0    0 163296     0 184714 197913 14  4  0 80  2	
 7 123      0 97039552  13960  70568    0    0 163360     8 185271 199972 16  4  0 78  2	
16 117      0 97039520  13960  70572    0    0 163248     0 185234 200110 15  5  0 78  2	
 5 123      0 97039456  13968  70564    0    0 163408    32 184907 199329 14  4  0 80  2	
 9 121      0 97039648  13968  70572    0    0 163344     0 185023 199218 15  5  0 78  2	
13 117      0 97038872  13968  70572    0    0 163280     0 184790 199884 15  5  0 79  2	
 7 121      0 97038776  13968  70572    0    0 163472    20 185427 199690 14  5  0 79  2	
11 118      0 97038872  13968  70572    0    0 163264     0 183031 196850 14  4  0 80  2	
 5 123      0 97039160  13968  70572    0    0 163424     0 184488 198010 14  4  0 80  2	
12 119      0 97038904  13976  70572    0    0 163280    20 185661 200873 15  5  0 79  2	
 7 122      0 97038936  13976  70572    0    0 163440     0 187091 201339 15  4  0 79  2	
procs -----------memory---------- ---swap-- -----io---- --system-- -----cpu-----
 r  b   swpd   free   buff  cache   si   so    bi    bo   in   cs us sy id wa st
15 115      0 97038904  13976  70572    0    0 163280     0 187108 201370 15  5  0 78  2	
 7 123      0 97038968  13976  70572    0    0 163488     0 184767 198118 14  4  0 80  2	
 5 124      0 97039000  13976  70572    0    0 163312     0 184703 199498 15  5  0 79  2	
 8 120      0 97039000  13984  70564    0    0 163296    12 181785 198600 19  5  0 74  2	
 7 122      0 97039064  13984  70572    0    0 163408     0 184445 199394 16  5  0 78  2	
 4 124      0 97039224  13984  70572    0    0 163408     8 186078 200743 16  5  0 78  2	
10 119      0 97039224  13984  70572    0    0 163296     0 186477 200921 15  4  0 79  2	
 8 122      0 97039128  13984  70572    0    0 163392     0 184657 198279 15  4  0 80  2	
 7 123      0 97039064  13984  70572    0    0 163328     0 186967 202590 14  4  0 80  2	
 9 121      0 97038904  13992  70572    0    0 163360    24 184908 200603 16  5  0 78  2	
10 121      0 97038904  13992  70572    0    0 163280     0 187395 202381 17  5  0 77  2	
 5 125      0 97038840  13992  70572    0    0 163296     0 187402 202756 15  4  0 79  2	
 9 121      0 97039160  13992  70572    0    0 163344     0 185823 200026 16  5  0 77  2	
 4 125      0 97039160  13992  70572    0    0 163424     0 181884 198009 17  4  0 77  2	
 8 122      0 97039128  14000  70564    0    0 163280    12 187252 202332 14  4  0 80  2	
 6 122      0 97039064  14000  70572    0    0 163376     4 185326 199294 16  4  0 78  2	
 9 119      0 97039000  14000  70572    0    0 163312     0 186241 201174 16  5  0 78  2	
 7 122      0 97038904  14000  70572    0    0 163328     0 185845 200054 15  4  0 79  2	
10 120      0 97038872  14000  70572    0    0 163296     0 185992 200468 14  4  0 80  2	
13 119      0 97038776  14000  70572    0    0 163344     0 185895 200649 15  4  0 79  2	
10 121      0 97038808  14008  70572    0    0 163360    28 185349 200263 14  5  0 79  2	
procs -----------memory---------- ---swap-- -----io---- --system-- -----cpu-----
 r  b   swpd   free   buff  cache   si   so    bi    bo   in   cs us sy id wa st
 9 122      0 97039160  14008  70576    0    0 163312     0 188148 202833 14  5  0 79  2	
 6 122      0 97039352  14008  70576    0    0 163392     0 187407 204728 15  4  0 78  2	
13 117      0 97039320  14008  70580    0    0 163232     0 184101 199866 16  4  0 78  2	
 5 125      0 97039064  14008  70580    0    0 163440     0 185996 200128 14  4  0 80  2	
12 118      0 97038936  14016  70580    0    0 163248    28 184439 200032 16  5  0 77  2	
 8 121      0 97039160  14016  70580    0    0 163344     0 185052 199793 14  5  0 79  2	
 9 121      0 97039160  14016  70580    0    0 163408     0 185419 200445 15  5  0 79  2	
 6 122      0 97039128  14016  70580    0    0 163344     0 185998 200944 14  4  0 80  2	
 4 125      0 97039000  14016  70580    0    0 163376     0 182211 196023 17  5  0 77  2	
10 119      0 97038872  14016  70580    0    0 163328     0 185861 199056 15  5  0 78  2	
 5 123      0 97038872  14024  70580    0    0 163376    44 183200 196485 14  5  0 80  2	
 5 123      0 97038936  14024  70580    0    0 163328     0 186032 200000 13  5  0 80  2	
 6 122      0 97038936  14024  70580    0    0 163264     0 185919 199835 14  5  0 79  2	
12 120      0 97039032  14024  70580    0    0 163280     0 186806 201144 14  5  0 79  2	
10 119      0 97039032  14024  70580    0    0 163376     0 184794 200668 16  5  0 78  2	
 8 121      0 97039032  14032  70572    0    0 163360    12 187800 202736 14  5  0 79  2	
13 117      0 97039128  14032  70580    0    0 163280     0 181474 198369 15  5  0 78  2	
 4 124      0 97039128  14032  70580    0    0 163440     0 185888 201213 13  5  0 81  2	
10 119      0 97038816  14032  70580    0    0 163264     0 186452 200778 14  5  0 80  2	
10 121      0 97038816  14032  70580    0    0 163344     0 185465 199227 15  4  0 79  2	
 8 120      0 97038912  14032  70580    0    0 163392     8 182703 198994 18  5  0 76  2	
procs -----------memory---------- ---swap-- -----io---- --system-- -----cpu-----
 r  b   swpd   free   buff  cache   si   so    bi    bo   in   cs us sy id wa st
 3 127      0 97038816  14040  70580    0    0 163392    24 186177 199587 15  4  0 79  2	
11 120      0 97038816  14040  70580    0    0 163248     0 184397 199192 15  4  0 79  2	
 7 122      0 97038656  14040  70580    0    0 163360     0 185490 201686 16  5  0 78  2	
 7 121      0 97038592  14040  70580    0    0 163360     0 182230 196919 18  5  0 76  2	
 2 126      0 97038528  14040  70580    0    0 163392     0 174404 193399 16  5  0 78  1	
 6 123      0 97038720  14048  70580    0    0 163344    12 183498 196967 14  4  0 80  2	
 6 124      0 97038848  14048  70580    0    0 163344     0 185280 199025 16  5  0 78  2	
10 119      0 97038784  14048  70580    0    0 163248     0 185847 198601 14  4  0 80  2	
10 119      0 97038816  14048  70580    0    0 163392     0 184815 198794 15  4  0 79  2	
 6 123      0 97038848  14048  70580    0    0 163360     8 184884 198644 15  4  0 79  2	
12 117      0 97038848  14048  70580    0    0 163232     0 185877 199225 14  4  0 80  2	
 8 121      0 97038880  14056  70580    0    0 163440    24 185729 202556 16  5  0 77  2	
 6 122      0 97038912  14056  70580    0    0 163280     0 187823 202972 14  5  0 79  2	
11 119      0 97038816  14056  70580    0    0 163312     0 184453 201234 16  4  0 78  2	
 6 122      0 97039040  14056  70584    0    0 163424     0 185054 199792 15  4  0 78  2	
11 118      0 97039040  14056  70584    0    0 163312     0 185549 199798 15  5  0 78  2	
 8 121      0 97039040  14064  70576    0    0 163312    12 186584 201607 16  4  0 78  2	
11 119      0 97038880  14064  70584    0    0 163344     0 182415 197815 17  5  0 76  2	
13 117      0 97039008  14064  70584    0    0 163312     0 186353 198590 15  4  0 79  2	
 9 121      0 97038752  14064  70584    0    0 163360     0 185574 201128 16  4  0 78  2	
14 117      0 97038752  14064  70584    0    0 163296     0 186990 202016 16  4  0 79  2	
procs -----------memory---------- ---swap-- -----io---- --system-- -----cpu-----
 r  b   swpd   free   buff  cache   si   so    bi    bo   in   cs us sy id wa st
 7 122      0 97038496  14064  70588    0    0 163472     8 185402 199342 15  5  0 79  2	
 8 121      0 97038400  14072  70588    0    0 163408     4 184479 198498 15  4  0 79  2	
 4 125      0 97038656  14072  70588    0    0 163392     0 184979 198778 15  4  0 79  2	
 7 122      0 97038656  14072  70588    0    0 163248     0 186434 201174 14  5  0 80  2	
15 118      0 97038720  14072  70588    0    0 163344    16 184172 197889 15  4  0 80  2	
10 119      0 97038720  14072  70588    0    0 163280     0 184639 199168 15  5  0 78  2	
 5 123      0 97038944  14080  70588    0    0 163472    12 185806 200291 15  5  0 79  2	
 8 121      0 97038944  14080  70588    0    0 163280     0 185837 200740 14  4  0 80  2	
10 121      0 97038912  14080  70588    0    0 163328     0 187075 202003 15  4  0 78  2	
11 120      0 97038816  14080  70588    0    0 163360     8 185658 201048 14  5  0 79  2	
10 120      0 97038816  14080  70588    0    0 163376     0 184962 201092 16  5  0 78  2	
 3 126      0 97038816  14088  70580    0    0 163392    24 184877 198096 14  5  0 80  2	
11 121      0 97038816  14088  70588    0    0 163328     0 182553 197839 16  5  0 77  2	
11 121      0 97038784  14088  70588    0    0 163296     0 185448 199080 15  4  0 79  2	
 8 121      0 97038848  14088  70588    0    0 163360     0 183577 200603 17  5  0 77  2	
 5 124      0 97038976  14088  70588    0    0 163392     0 186562 200493 14  4  0 80  2	
 5 124      0 97038976  14088  70588    0    0 163344     0 184195 197783 13  5  0 80  2	
10 120      0 97038944  14096  70588    0    0 163280    12 186096 199081 15  4  0 79  2	
 7 123      0 97039008  14096  70588    0    0 163328     0 187282 202145 15  5  0 79  2	
 8 122      0 97039104  14096  70588    0    0 163344     8 184814 198360 14  4  0 80  2	
 7 122      0 97039072  14096  70588    0    0 163328     0 185929 201233 15  5  0 78  2	
procs -----------memory---------- ---swap-- -----io---- --system-- -----cpu-----
 r  b   swpd   free   buff  cache   si   so    bi    bo   in   cs us sy id wa st
 7 121      0 97039008  14096  70588    0    0 163296     0 185868 200710 15  5  0 79  2	
 6 123      0 97038688  14104  70580    0    0 163328    24 185156 198521 14  4  0 79  2	
 7 122      0 97038592  14104  70588    0    0 163360     0 184460 198000 14  4  0 79  2	
 9 120      0 97038560  14104  70588    0    0 163296     0 186037 200828 14  4  0 80  2	
10 119      0 97038560  14104  70588    0    0 163344     0 185623 200544 15  4  0 79  2	
10 120      0 97038560  14104  70592    0    0 163344     0 185856 198683 13  4  0 81  2	
 4 124      0 97038560  14104  70592    0    0 163376     0 185704 200151 15  4  0 79  2	
 8 121      0 97038208  14112  70592    0    0 163312    12 184555 198311 15  4  0 79  2	
 8 122      0 97038208  14112  70592    0    0 163376     0 187157 201922 15  4  0 79  2	
11 119      0 97038272  14112  70592    0    0 163328     0 184829 199636 16  4  0 78  2	
 8 121      0 97038432  14112  70592    0    0 163344     0 185702 199431 15  5  0 78  2	
10 118      0 97038592  14112  70592    0    0 163296     0 183220 199729 17  4  0 77  2	
 9 119      0 97038592  14120  70584    0    0 163344    12 185796 200655 16  5  0 77  2	
11 118      0 97038720  14120  70592    0    0 163312     0 185586 201321 14  4  0 79  2	
10 118      0 97038656  14120  70592    0    0 163344     0 184874 199375 14  5  0 79  2	
11 120      0 97038720  14120  70592    0    0 163392     0 183111 195985 14  4  0 80  2	
12 117      0 97038720  14120  70592    0    0 163296     0 184714 197113 14  5  0 80  2	
12 118      0 97038720  14120  70592    0    0 163312     0 184981 198553 14  4  0 80  2	
13 117      0 97038720  14128  70592    0    0 163344    44 184138 198251 16  4  0 78  2	
 6 122      0 97038784  14128  70592    0    0 163456     0 184024 198741 16  4  0 78  2	
 4 124      0 97038752  14128  70596    0    0 163376     0 185791 200455 15  4  0 79  2	
procs -----------memory---------- ---swap-- -----io---- --system-- -----cpu-----
 r  b   swpd   free   buff  cache   si   so    bi    bo   in   cs us sy id wa st
 8 122      0 97038944  14128  70596    0    0 163296     0 186657 202942 15  5  0 78  2	
 8 121      0 97038848  14128  70596    0    0 163328     0 186549 200774 16  4  0 78  2	
 9 120      0 97038784  14136  70596    0    0 163312    24 186255 200858 16  4  0 78  2	
10 121      0 97038720  14136  70596    0    0 163312     0 186213 200281 14  4  0 80  2	
 3 125      0 97038720  14136  70596    0    0 163408     0 186098 200230 13  4  0 81  2	
 7 123      0 97038592  14136  70596    0    0 163312     0 185627 199348 16  4  0 78  2	
 7 123      0 97038592  14136  70596    0    0 163328     0 184603 198578 14  4  0 81  2	
 5 123      0 97038592  14136  70596    0    0 163392     0 185627 199050 15  5  0 79  2	
10 119      0 97038720  14144  70596    0    0 163248    20 180961 197196 18  5  0 76  2	
 7 121      0 97038752  14144  70596    0    0 163376     0 182190 194902 13  4  0 81  2	
 8 120      0 97038496  14144  70596    0    0 163376     0 184263 200319 16  5  0 78  2	
 5 123      0 97038464  14144  70596    0    0 163360     0 186359 201379 14  5  0 79  2	
13 118      0 97038304  14144  70596    0    0 163344     0 186495 201085 14  5  0 79  2	
11 118      0 97038624  14152  70596    0    0 163280    24 186555 200884 16  4  0 78  2	
 4 124      0 97038624  14152  70596    0    0 163472     0 185608 200359 15  5  0 78  2	
 7 123      0 97038624  14152  70596    0    0 163264     0 187220 200448 14  5  0 80  2	
 5 123      0 97038624  14152  70596    0    0 163360     0 186235 200468 15  5  0 79  2	
11 120      0 97038496  14152  70600    0    0 163264     0 186545 200721 14  4  0 80  2	
 7 121      0 97038624  14152  70600    0    0 163392     0 185529 198787 15  4  0 79  2	
10 118      0 97038624  14160  70592    0    0 163312    12 185821 200015 15  4  0 79  2	
 7 121      0 97038624  14160  70600    0    0 163392     0 185853 201908 16  4  0 78  2	
procs -----------memory---------- ---swap-- -----io---- --system-- -----cpu-----
 r  b   swpd   free   buff  cache   si   so    bi    bo   in   cs us sy id wa st
 7 123      0 97038408  14160  70600    0    0 163360     0 186012 200687 15  5  0 78  2	
 8 122      0 97038408  14160  70600    0    0 163280     0 186577 200715 14  4  0 80  2	
 4 124      0 97038664  14160  70600    0    0 163392     0 185615 200159 15  4  0 79  2	
 5 125      0 97038792  14168  70600    0    0 163376    12 180758 195975 16  4  0 78  2	
 8 120      0 97038696  14168  70600    0    0 163232     0 186327 200965 14  5  0 79  2	
 8 121      0 97038568  14168  70600    0    0 163360     0 185902 200793 14  5  0 79  2	
 2 126      0 97038536  14168  70600    0    0 163440     0 183199 196459 14  4  0 80  2	
 9 119      0 97038376  14168  70600    0    0 163184    12 183268 198411 15  4  0 79  2	
10 120      0 97038376  14168  70600    0    0 163360     0 184682 199081 15  4  0 79  2	
 5 124      0 97038504  14176  70600    0    0 163472    24 185723 200366 16  4  0 78  2	
 9 120      0 97038504  14176  70600    0    0 163264     0 185458 200638 15  4  0 79  2	
 7 123      0 97038472  14176  70600    0    0 163424     0 188088 204272 16  5  0 77  2	
 7 121      0 97038376  14176  70600    0    0 163312    20 186207 199137 14  5  0 80  2	
12 116      0 97038280  14176  70600    0    0 163264     0 185368 198787 14  5  0 79  2	
13 117      0 97038280  14184  70596    0    0 163408    12 186328 199768 15  4  0 79  2	
13 118      0 97038632  14184  70600    0    0 163360     0 187177 201521 16  4  0 78  2	
 6 123      0 97038728  14184  70600    0    0 163392     0 185800 200701 15  4  0 79  2	
 9 120      0 97038696  14184  70600    0    0 163312     0 183806 199014 15  5  0 79  2	
 9 119      0 97038696  14184  70600    0    0 163344     0 185926 201038 15  4  0 79  2	
12 118      0 97038536  14184  70600    0    0 163296     0 182787 196917 17  4  0 77  2	
 9 122      0 97038472  14192  70604    0    0 163424    12 187122 201497 16  5  0 78  2	
procs -----------memory---------- ---swap-- -----io---- --system-- -----cpu-----
 r  b   swpd   free   buff  cache   si   so    bi    bo   in   cs us sy id wa st
 9 121      0 97038344  14192  70604    0    0 163328     0 184248 196985 13  4  0 81  2	
 6 122      0 97038280  14192  70604    0    0 163408     8 186787 200865 16  4  0 78  2	
 9 119      0 97038440  14192  70604    0    0 163280     0 186409 199864 16  4  0 78  2	
15 117      0 97038408  14192  70604    0    0 163360     0 186396 201425 15  4  0 79  2	
 7 121      0 97038632  14200  70604    0    0 163424    24 186044 200127 14  4  0 80  2	
10 120      0 97038632  14200  70604    0    0 163280     0 185269 200481 15  5  0 78  2	
 8 121      0 97038632  14200  70604    0    0 163408     0 183497 198557 17  4  0 77  2	
10 119      0 97038536  14200  70608    0    0 163280     0 183418 197193 13  5  0 80  2	
10 120      0 97038600  14200  70608    0    0 163328     0 183753 197933 15  4  0 79  2	
 7 122      0 97038568  14200  70608    0    0 163392     0 186916 202453 15  5  0 78  2	
 6 122      0 97038472  14208  70608    0    0 163280    12 186292 200714 15  5  0 78  2	
 7 121      0 97038504  14208  70608    0    0 163376     0 185707 199739 15  4  0 79  2	
 4 125      0 97038600  14208  70608    0    0 163376     0 184537 197673 14  4  0 80  2	
12 118      0 97038600  14208  70608    0    0 163232     0 185172 199222 14  4  0 80  2	
 9 120      0 97038632  14208  70608    0    0 163360     0 187801 202654 16  5  0 78  2	
 9 119      0 97038792  14216  70608    0    0 163408    12 184230 198052 14  5  0 80  2	
 8 123      0 97038696  14216  70608    0    0 163344     0 181735 196956 17  5  0 77  2	
15 115      0 97038664  14216  70608    0    0 163248     0 184082 198405 15  5  0 78  2	
 8 120      0 97038312  14216  70608    0    0 163408     0 184927 201144 16  5  0 78  2	
 9 120      0 97038344  14216  70608    0    0 163328     0 186616 201657 14  4  0 80  2	
 5 123      0 97038472  14216  70608    0    0 163392     0 187772 201992 15  4  0 79  2	
procs -----------memory---------- ---swap-- -----io---- --system-- -----cpu-----
 r  b   swpd   free   buff  cache   si   so    bi    bo   in   cs us sy id wa st
 7 123      0 97038568  14224  70608    0    0 163328    12 185695 199515 15  4  0 79  2	
 6 123      0 97038600  14224  70608    0    0 163312     8 184777 198400 16  4  0 79  2	
13 117      0 97038536  14224  70608    0    0 163296     0 185649 200350 15  5  0 79  2	
 8 121      0 97038536  14224  70608    0    0 163456     0 186418 201874 15  5  0 78  2	
 3 125      0 97038568  14224  70608    0    0 163360     0 185993 201355 15  4  0 79  2	
 9 122      0 97038472  14232  70600    0    0 163344    24 185912 200342 15  4  0 79  2	
11 117      0 97038376  14232  70608    0    0 163248    20 183610 196912 15  5  0 79  2	
 3 125      0 97038312  14232  70608    0    0 163440     0 183495 197807 14  4  0 80  2	
11 120      0 97038312  14232  70608    0    0 163264     0 185221 200409 15  4  0 79  2	
 8 121      0 97038248  14232  70608    0    0 163344     0 184499 199832 15  4  0 79  2	
 6 122      0 97038664  14232  70608    0    0 163360     0 184120 199267 15  5  0 79  2	
 9 120      0 97038600  14240  70608    0    0 163280    16 181711 196629 17  5  0 76  2	
 9 120      0 97038472  14240  70608    0    0 163344     0 185545 199616 15  4  0 79  2	
 8 121      0 97038472  14240  70608    0    0 163376     0 185850 200632 14  5  0 79  2	
10 119      0 97038568  14240  70608    0    0 163392     0 185833 199394 15  5  0 78  2	
13 119      0 97038568  14240  70608    0    0 163376     0 185563 201396 16  4  0 78  2	
 5 124      0 97038568  14248  70608    0    0 163376    12 185672 199210 14  4  0 80  2	
 8 120      0 97038568  14248  70608    0    0 163392     0 184649 197590 15  4  0 80  2	
 9 121      0 97038376  14248  70608    0    0 163312     0 185715 201384 16  4  0 78  2	
 7 122      0 97038696  14248  70612    0    0 163360     0 184693 197227 13  3  0 82  2	
12 118      0 97038600  14248  70616    0    0 163280     0 185051 198706 16  3  0 79  2	
procs -----------memory---------- ---swap-- -----io---- --system-- -----cpu-----
 r  b   swpd   free   buff  cache   si   so    bi    bo   in   cs us sy id wa st
10 120      0 97038408  14248  70616    0    0 163440     0 182928 199042 18  5  0 76  2	
 6 122      0 97038312  14256  70616    0    0 163360    12 184939 199062 14  5  0 79  2	
 7 123      0 97038440  14256  70616    0    0 163344     0 180746 197304 15  5  0 78  2	
 8 121      0 97037040  14256  70616    0    0 163328     0 185298 199600 14  5  0 79  2	
 7 122      0 97036856  14256  70616    0    0 163344     0 184012 198898 16  6  0 77  2	
 9 120      0 97036856  14256  70616    0    0 163264     0 185560 201117 15  5  0 78  2	
11 118      0 97036824  14264  70616    0    0 163392    16 184834 198367 14  4  0 80  2	
 6 123      0 97036632  14264  70616    0    0 163408     0 185145 199201 14  4  0 80  2	
 7 122      0 97036568  14264  70616    0    0 163312     0 185351 198747 14  4  0 80  2	
10 120      0 97036344  14264  70616    0    0 163360     0 186064 200269 16  4  0 78  2	
10 119      0 97037720  14264  70620    0    0 163312     0 186494 200342 15  5  0 78  2	
 6 123      0 97037912  14264  70620    0    0 163424     8 186298 200629 14  4  0 79  2	
13 117      0 97037816  14272  70620    0    0 163376    32 186222 201122 15  5  0 78  2	
 9 119      0 97037688  14272  70620    0    0 163328     0 186160 200769 15  5  0 79  2	
 5 124      0 97037880  14272  70620    0    0 163328     0 184650 198215 14  5  0 79  2	
12 118      0 97038040  14272  70620    0    0 163312     0 186405 200960 16  6  0 76  2	
 7 122      0 97038200  14272  70620    0    0 163344     0 184457 199937 16  4  0 78  2	
10 120      0 97035280  14280  70620    0    0 163264    12 189530 203528 17  6  0 75  2	
 5 123      0 97035312  14280  70620    0    0 163408     0 183354 196482 13  4  0 80  2	
 8 123      0 97035184  14280  70620    0    0 163280     0 182675 196168 14  4  0 81  2	
10 120      0 97035120  14280  70620    0    0 163328     0 186131 199075 14  4  0 80  2	
procs -----------memory---------- ---swap-- -----io---- --system-- -----cpu-----
 r  b   swpd   free   buff  cache   si   so    bi    bo   in   cs us sy id wa st
 8 121      0 97035216  14280  70620    0    0 163376    20 183670 198653 15  5  0 79  2	
10 120      0 97035152  14280  70620    0    0 163232     0 186784 200195 15  4  0 78  2	
10 119      0 97035056  14288  70620    0    0 163392    32 184891 199084 14  4  0 80  2	
11 118      0 97035056  14288  70620    0    0 163344     0 182630 197504 17  5  0 76  2	
 6 123      0 97034896  14288  70620    0    0 163408     0 186020 200184 17  4  0 77  2	
11 120      0 97035440  14288  70620    0    0 163248     0 184404 198212 14  5  0 79  2	
14 118      0 97035440  14288  70620    0    0 163376     0 185431 200136 16  4  0 78  2	
11 120      0 97035280  14296  70620    0    0 163376    12 185778 200575 14  4  0 80  2	
 7 122      0 97035024  14296  70620    0    0 163360     0 177727 194386 15  5  0 78  2	
 9 119      0 97034992  14296  70620    0    0 163312     0 185369 200117 15  4  0 79  2	
 9 123      0 97035120  14296  70624    0    0 163344     0 184614 198125 14  5  0 79  2	
 4 124      0 97035120  14296  70624    0    0 163376     0 183619 196712 14  5  0 79  2	
13 118      0 97035056  14296  70624    0    0 163216     0 182538 196784 13  4  0 80  2	
 8 123      0 97034960  14304  70624    0    0 163408    16 184169 199630 15  5  0 78  2	
 7 123      0 97035184  14304  70624    0    0 163296     0 185983 200225 14  5  0 79  2	
 6 123      0 97034992  14304  70624    0    0 163408     8 180764 198127 18  5  0 74  2	
 8 120      0 97034928  14304  70624    0    0 163216     0 185406 200402 15  5  0 79  2	
 6 123      0 97034960  14304  70624    0    0 163392     0 185546 200346 15  3  0 80  2	
 8 122      0 97034960  14312  70624    0    0 163280    28 186385 202146 16  4  0 78  2	
12 119      0 97035056  14312  70624    0    0 163344     0 184651 199519 15  5  0 78  2	
11 118      0 97035056  14312  70628    0    0 163344    12 185853 199958 14  4  0 80  2	
procs -----------memory---------- ---swap-- -----io---- --system-- -----cpu-----
 r  b   swpd   free   buff  cache   si   so    bi    bo   in   cs us sy id wa st
 7 121      0 97035152  14312  70628    0    0 163360     0 186253 200865 14  5  0 80  2	
 5 124      0 97035088  14312  70628    0    0 163312     0 184645 199387 15  5  0 79  2	
 8 121      0 97035056  14312  70628    0    0 163296     0 184952 199295 15  4  0 79  2	
 5 124      0 97035056  14320  70628    0    0 163424    24 184970 198965 13  5  0 80  2	
11 118      0 97035056  14320  70628    0    0 163264     0 186821 200009 16  4  0 78  2	
11 118      0 97035248  14320  70628    0    0 163392     0 186583 200717 15  5  0 79  2	
 9 121      0 97035248  14320  70628    0    0 163424     0 185917 199950 14  4  0 80  2	
12 118      0 97035056  14320  70628    0    0 163360     0 186809 200562 14  4  0 80  2	
 3 126      0 97034928  14328  70628    0    0 163408    12 186813 201112 14  5  0 80  2	
 9 120      0 97034832  14328  70628    0    0 163296    16 186281 200864 15  5  0 79  2	
10 121      0 97035408  14328  70628    0    0 163344     0 182822 197764 15  5  0 78  2	
11 119      0 97035248  14328  70628    0    0 163328     0 185260 198842 14  4  0 80  2	
11 118      0 97035024  14328  70628    0    0 163376     0 181434 197355 17  5  0 77  2	
14 117      0 97034928  14328  70628    0    0 163280     0 186338 201956 16  5  0 77  2	
 8 121      0 97034992  14336  70628    0    0 163392    24 185806 200637 15  3  0 80  2	
13 117      0 97034768  14336  70628    0    0 163280    32 184877 198983 14  4  0 80  2	
 8 120      0 97034928  14336  70628    0    0 163392     0 186754 201189 14  4  0 80  2	
 9 122      0 97035056  14336  70628    0    0 163376     0 182550 196044 14  5  0 79  2	
 9 119      0 97035056  14336  70628    0    0 163328     0 186016 200529 16  5  0 77  2	
 9 120      0 97034896  14344  70628    0    0 163328    12 187175 200249 14  4  0 80  2	
10 120      0 97035120  14344  70628    0    0 163360     0 185284 199369 16  4  0 79  2	
procs -----------memory---------- ---swap-- -----io---- --system-- -----cpu-----
 r  b   swpd   free   buff  cache   si   so    bi    bo   in   cs us sy id wa st
11 119      0 97034928  14344  70628    0    0 163344     0 185946 201124 15  5  0 79  2	
15 116      0 97034960  14344  70632    0    0 163296     0 180633 193885 13  5  0 80  2	
13 119      0 97034960  14344  70632    0    0 163440     0 184533 198746 13  4  0 81  2	
 7 122      0 97035024  14344  70632    0    0 163360     0 185956 199601 14  4  0 81  2	
10 119      0 97034992  14352  70632    0    0 163392    12 177582 194849 15  5  0 78  2	
10 118      0 97034960  14352  70632    0    0 163296     0 184030 198314 15  5  0 79  2	
 7 123      0 97034960  14352  70632    0    0 163440     0 182656 198833 15  5  0 78  2	
 8 123      0 97035152  14352  70632    0    0 163312     0 183667 198437 16  5  0 78  2	
 7 121      0 97035152  14352  70632    0    0 163296     0 183948 197508 15  5  0 78  2	
16 118      0 97035184  14360  70632    0    0 163296    20 183210 196942 15  4  0 79  2	
10 120      0 97035024  14360  70632    0    0 163408     0 182402 197852 15  5  0 79  2	
 7 121      0 97034928  14360  70632    0    0 163456     0 178773 195516 18  4  0 76  2	
10 122      0 97035024  14360  70632    0    0 163296     0 183778 200240 15  5  0 78  2	
 8 121      0 97035408  14360  70632    0    0 163328     0 185440 200570 15  5  0 78  2	
 8 121      0 97035312  14368  70632    0    0 163328    24 185284 199064 14  4  0 80  2	
12 120      0 97035120  14368  70632    0    0 163312     0 186285 200920 14  4  0 80  2	
 2 126      0 97035088  14368  70632    0    0 163392     0 185639 199662 16  4  0 78  2	
16 116      0 97035056  14368  70632    0    0 163216     0 185177 198743 15  5  0 79  2	
 8 122      0 97034992  14368  70632    0    0 163440     0 185662 199677 16  4  0 78  2	
 4 124      0 97035120  14368  70632    0    0 163424     4 185658 199725 14  4  0 80  2	
12 120      0 97035056  14376  70636    0    0 163200    12 184527 199393 15  5  0 78  2	
procs -----------memory---------- ---swap-- -----io---- --system-- -----cpu-----
 r  b   swpd   free   buff  cache   si   so    bi    bo   in   cs us sy id wa st
 9 119      0 97034992  14376  70636    0    0 163408     0 185536 200511 15  5  0 79  2	
 9 121      0 97035152  14376  70636    0    0 163424     0 185962 199696 16  4  0 78  2	
 9 120      0 97035184  14376  70636    0    0 163312     0 182113 197563 17  5  0 76  2	
 8 121      0 97035184  14376  70636    0    0 163376     0 184575 198565 15  4  0 79  2	
11 119      0 97035088  14384  70636    0    0 163296    12 185808 199481 14  4  0 80  2	
 9 118      0 97035280  14384  70636    0    0 163376     0 185184 200593 16  4  0 78  2	
 5 124      0 97035280  14384  70636    0    0 163456     0 183281 197100 15  4  0 79  2	
10 119      0 97035152  14384  70636    0    0 163296     0 184914 198455 15  4  0 79  2	
 8 121      0 97035056  14384  70636    0    0 163264    12 183641 199144 15  5  0 78  2	
 8 121      0 97034992  14384  70636    0    0 163424     0 184895 199146 15  4  0 79  2	
11 119      0 97035152  14392  70636    0    0 163296    12 184746 198922 16  4  0 78  2	
11 120      0 97035216  14392  70636    0    0 163296     0 185801 199364 15  5  0 79  2	
 8 123      0 97035184  14392  70636    0    0 163408     0 185444 198867 14  4  0 80  2	
 7 121      0 97035120  14392  70640    0    0 163328     0 185226 200444 15  5  0 79  2	
10 119      0 97035152  14392  70640    0    0 163312     0 183950 199060 17  5  0 77  2	
13 118      0 97035408  14400  70640    0    0 163312    12 183970 196842 14  4  0 80  2	
 7 123      0 97035376  14400  70640    0    0 163440     0 185045 199049 15  5  0 79  2	
 6 123      0 97035344  14400  70640    0    0 163328     0 186417 199324 15  5  0 79  2	
 5 123      0 97035248  14400  70640    0    0 163328     0 185929 200810 15  5  0 79  2	
 6 122      0 97035184  14400  70640    0    0 163296     0 184644 198315 16  4  0 78  2	
 5 123      0 97035264  14400  70640    0    0 163392     0 183358 195160 16  4  0 79  2	
procs -----------memory---------- ---swap-- -----io---- --system-- -----cpu-----
 r  b   swpd   free   buff  cache   si   so    bi    bo   in   cs us sy id wa st
 8 122      0 97035296  14408  70640    0    0 163328    20 184599 199766 14  5  0 79  2	
11 120      0 97035200  14408  70640    0    0 163264     0 184907 198665 15  4  0 80  2	
 9 119      0 97035008  14408  70640    0    0 163360     0 185993 200342 15  5  0 78  2	
 8 120      0 97035136  14408  70640    0    0 163312     8 184277 197766 14  4  0 80  2	
 7 122      0 97035136  14408  70640    0    0 163360     0 186078 200190 14  4  0 79  2	
10 120      0 97035264  14416  70640    0    0 163360    24 185277 198953 16  5  0 78  2	
 9 121      0 97035360  14416  70640    0    0 163312     0 186191 199799 15  4  0 80  2	
11 119      0 97035264  14416  70640    0    0 163328     0 186235 199614 14  4  0 79  2	
 9 120      0 97035488  14416  70640    0    0 163296     8 185647 200789 16  5  0 77  2	
 6 123      0 97035456  14416  70640    0    0 163376     0 186557 201742 14  5  0 80  2	
 4 124      0 97035456  14416  70640    0    0 163376     0 185559 199500 15  4  0 80  2	
13 117      0 97035584  14424  70640    0    0 163280    24 186831 200621 14  4  0 80  2	
12 119      0 97035488  14424  70640    0    0 163360     0 187477 203169 16  5  0 77  2	
 7 121      0 97035264  14424  70640    0    0 163360     0 186101 200089 14  4  0 80  2	
 1 127      0 97035264  14424  70640    0    0 163392     0 186859 201416 14  5  0 80  2	
 9 120      0 97035200  14424  70640    0    0 163248     0 185413 199467 14  4  0 80  2	
11 119      0 97035424  14432  70640    0    0 163408    12 186846 202646 16  5  0 77  2	
 8 120      0 97035392  14432  70640    0    0 163312     0 184558 198664 14  4  0 80  2	
 7 122      0 97035456  14432  70640    0    0 163360     0 183864 197133 15  4  0 79  2	
 8 120      0 97035488  14432  70640    0    0 163312     0 186138 200861 14  5  0 79  2	
15 115      0 97035584  14432  70644    0    0 163296     0 186586 200135 16  4  0 78  2	
procs -----------memory---------- ---swap-- -----io---- --system-- -----cpu-----
 r  b   swpd   free   buff  cache   si   so    bi    bo   in   cs us sy id wa st
 5 124      0 97035488  14432  70644    0    0 163376     8 183783 198085 15  4  0 80  2	
 5 126      0 97035424  14440  70644    0    0 163440     4 186254 201443 16  5  0 78  2	
 7 121      0 97035360  14440  70644    0    0 163280    24 185664 199465 15  4  0 79  2	
 7 122      0 97035264  14440  70644    0    0 163328     0 186049 199633 16  4  0 79  2	
 7 122      0 97035232  14440  70648    0    0 163312     0 183685 197980 16  5  0 76  2	
 9 119      0 97035200  14440  70648    0    0 163312     0 185415 198877 14  5  0 79  2	
 7 121      0 97035296  14448  70648    0    0 163440    12 184721 199282 15  4  0 79  2	
 6 124      0 97035392  14448  70648    0    0 163424     0 184391 198137 14  5  0 80  2	
15 116      0 97035616  14448  70648    0    0 163152     0 185937 201061 16  4  0 79  2	
 8 121      0 97035616  14448  70648    0    0 163408     0 185068 198418 15  5  0 79  2	
 9 121      0 97035520  14448  70648    0    0 163328     0 184008 196916 12  4  0 82  2	
 8 120      0 97035520  14456  70648    0    0 163328    12 185733 201111 16  5  0 77  2	
12 117      0 97035360  14456  70648    0    0 163360    16 186764 201178 14  4  0 80  2	
 7 122      0 97035424  14456  70648    0    0 163344     0 184631 199965 14  4  0 80  2	
11 119      0 97035296  14456  70648    0    0 163280     0 183400 197021 16  5  0 77  2	
 9 120      0 97035616  14456  70648    0    0 163408     0 186096 200074 14  4  0 80  2	
10 119      0 97035456  14456  70648    0    0 163280     0 184928 198981 14  4  0 80  2	
13 118      0 97035240  14464  70648    0    0 163328    24 185442 198798 15  5  0 79  2	
 9 121      0 97035272  14464  70648    0    0 163360     8 185718 200190 14  5  0 80  2	
11 120      0 97035272  14464  70648    0    0 163296     0 187658 202145 16  5  0 77  2	
 8 121      0 97035208  14464  70648    0    0 163360     0 185215 200720 16  5  0 77  2	
procs -----------memory---------- ---swap-- -----io---- --system-- -----cpu-----
 r  b   swpd   free   buff  cache   si   so    bi    bo   in   cs us sy id wa st
 5 124      0 97035176  14464  70648    0    0 163376     0 186036 199558 14  4  0 80  2	
10 118      0 97035080  14472  70648    0    0 163312    28 188948 205333 15  5  0 78  2	
 9 120      0 97035112  14472  70648    0    0 163344     0 187635 201433 15  4  0 78  2	
 6 122      0 97035176  14472  70648    0    0 163312     0 186265 201401 15  4  0 79  2	
 9 120      0 97035176  14472  70648    0    0 163328     0 186452 200433 15  4  0 79  2	
 7 122      0 97035208  14472  70648    0    0 163376     0 186715 200406 15  5  0 79  2	
14 117      0 97035144  14472  70648    0    0 163216     0 185580 198883 15  4  0 79  2	
 9 119      0 97035304  14480  70648    0    0 163424    12 186479 199980 14  4  0 80  2	
 8 120      0 97035400  14480  70648    0    0 163392     0 184336 198479 14  4  0 80  2	
11 120      0 97035496  14480  70648    0    0 163312     0 186676 201783 14  4  0 80  2	
 7 121      0 97035208  14480  70648    0    0 163392     0 183902 199413 14  4  0 80  2	
 6 122      0 97035176  14480  70648    0    0 163344     0 185583 199538 15  5  0 79  2	
10 118      0 97035208  14488  70648    0    0 163296    12 186969 201303 14  5  0 79  2	
 5 124      0 97035176  14488  70648    0    0 163456     0 186961 201497 15  4  0 79  2	
 0 128      0 97035080  14488  70648    0    0 163376     0 185220 199418 14  4  0 80  2	
 5 123      0 97035240  14488  70648    0    0 163232     0 186807 200111 15  4  0 79  2	
 7 122      0 97035240  14488  70652    0    0 163440     0 184427 198826 15  4  0 79  2	
12 117      0 97035112  14488  70652    0    0 163264    20 184292 198378 16  5  0 78  2	
 8 121      0 97035144  14496  70652    0    0 163392    12 183633 197955 16  5  0 78  2	
 7 121      0 97035272  14496  70652    0    0 163296     0 185966 198587 15  4  0 80  2	
 8 123      0 97035152  14496  70656    0    0 163360     0 185621 199420 16  4  0 78  2	
procs -----------memory---------- ---swap-- -----io---- --system-- -----cpu-----
 r  b   swpd   free   buff  cache   si   so    bi    bo   in   cs us sy id wa st
 7 122      0 97034960  14496  70656    0    0 163328     0 185101 199529 13  4  0 80  2	
 8 121      0 97034864  14496  70656    0    0 163296     8 187507 203099 16  5  0 78  2	
 7 122      0 97035056  14504  70656    0    0 163392    24 183854 196925 14  4  0 80  2	
 9 120      0 97035216  14504  70656    0    0 163344     0 186068 198860 15  4  0 79  2	
 5 123      0 97035216  14504  70656    0    0 163392     0 186060 199273 14  4  0 79  2	
 8 121      0 97035312  14504  70656    0    0 163248     0 184080 198187 14  4  0 80  2	
 7 122      0 97035184  14504  70656    0    0 163392     4 184551 200131 17  5  0 77  2	
12 118      0 97035120  14504  70656    0    0 163296     0 182987 196571 15  3  0 80  2	
 5 124      0 97035408  14512  70656    0    0 163456    12 183916 199560 16  5  0 77  2	
 7 124      0 97035376  14512  70656    0    0 163360     0 183218 197142 15  4  0 80  2	
 9 120      0 97035344  14512  70656    0    0 163264     0 186803 201732 15  5  0 78  2	
 8 122      0 97035184  14512  70656    0    0 163376     8 183579 196974 14  4  0 80  2	
 8 121      0 97035088  14512  70656    0    0 163312     0 186028 200509 15  5  0 79  2	
15 117      0 97035056  14520  70656    0    0 163328    24 186518 200407 15  4  0 79  2	
 7 123      0 97035088  14520  70656    0    0 163424     0 185846 199237 14  4  0 80  2	
10 118      0 97034960  14520  70656    0    0 163248     0 184326 199821 16  4  0 79  2	
 6 122      0 97035056  14520  70656    0    0 163440     0 186072 200061 14  5  0 79  2	
 4 124      0 97035216  14520  70656    0    0 163360     0 186107 201281 16  5  0 78  2	
 8 120      0 97035280  14520  70656    0    0 163392     0 187348 202043 14  4  0 80  2	
13 118      0 97035152  14528  70656    0    0 163248    12 186676 201051 15  4  0 79  2	
 5 124      0 97035184  14528  70656    0    0 163424     0 185561 198810 14  4  0 81  2	
procs -----------memory---------- ---swap-- -----io---- --system-- -----cpu-----
 r  b   swpd   free   buff  cache   si   so    bi    bo   in   cs us sy id wa st
 8 121      0 97035312  14528  70656    0    0 163312     0 185024 199052 14  4  0 80  2	
 9 119      0 97035312  14528  70656    0    0 163328     0 187394 201688 15  5  0 78  2	
 7 123      0 97035280  14528  70656    0    0 163392     0 185938 198478 15  4  0 80  2	
 7 121      0 97035248  14536  70656    0    0 163312    12 187411 201552 14  4  0 80  2	
 9 120      0 97035216  14536  70656    0    0 163264     0 184498 198915 15  5  0 78  2	
13 119      0 97035152  14536  70656    0    0 163152     0 183535 197424 15  5  0 78  2	
 5 123      0 97035056  14536  70656    0    0 163616    16 186983 201097 15  5  0 79  2	
 9 121      0 97035152  14536  70660    0    0 163360     0 186788 203538 16  4  0 78  2	
 8 120      0 97035120  14536  70660    0    0 163360     0 186701 202953 16  5  0 77  2	
10 121      0 97035088  14544  70660    0    0 163360    12 186028 199232 15  5  0 79  2	
10 120      0 97035184  14544  70660    0    0 163296     0 184769 198677 15  5  0 79  2	
 7 122      0 97035248  14544  70660    0    0 163360     8 187392 201445 15  4  0 79  2	
 8 120      0 97035184  14544  70660    0    0 163296     0 184418 198541 14  4  0 81  2	
 4 124      0 97035088  14544  70660    0    0 163392     0 184828 198733 14  4  0 80  2	
 4 125      0 97035024  14552  70660    0    0 163328    24 185687 199503 16  4  0 78  2	
 4 124      0 97035088  14552  70660    0    0 163344     0 185904 199666 14  4  0 80  2	
 6 122      0 97035088  14552  70660    0    0 163376     0 183740 198045 16  4  0 78  2	
 8 122      0 97035120  14552  70660    0    0 163280     0 187374 202249 16  4  0 78  2	
10 119      0 97035120  14552  70660    0    0 163312     0 183217 197446 16  5  0 77  2	
 5 123      0 97035024  14552  70660    0    0 163392     0 183178 199203 17  4  0 77  2	
 6 122      0 97034960  14560  70664    0    0 163296    12 184871 200446 16  5  0 78  2	
procs -----------memory---------- ---swap-- -----io---- --system-- -----cpu-----
 r  b   swpd   free   buff  cache   si   so    bi    bo   in   cs us sy id wa st
 5 124      0 97034800  14560  70664    0    0 163344     8 185615 200114 15  4  0 79  2	
 5 124      0 97034928  14560  70664    0    0 163344     0 183646 195938 13  4  0 82  2	
 9 119      0 97035216  14560  70664    0    0 163280     0 187125 201155 15  4  0 80  2	
11 120      0 97035184  14560  70664    0    0 163376     0 185413 199480 15  5  0 78  2	
 7 121      0 97035088  14568  70664    0    0 163360    24 185855 200398 15  4  0 79  2	
 4 124      0 97034896  14568  70664    0    0 163376     0 184439 197654 15  4  0 80  2	
 5 124      0 97034896  14568  70664    0    0 163344     0 186937 200743 15  5  0 78  2	
 6 124      0 97034896  14568  70664    0    0 163328     0 186609 200278 15  4  0 79  2	
11 117      0 97035024  14568  70664    0    0 163216     0 186724 201528 15  5  0 78  2	
11 117      0 97034960  14568  70664    0    0 163360     0 180768 196144 16  4  0 78  2	
12 120      0 97034896  14576  70664    0    0 163408    12 183550 197498 15  4  0 79  2	
11 119      0 97034832  14576  70664    0    0 163392     0 182412 196822 15  3  0 80  2	
 5 123      0 97034896  14576  70664    0    0 163392     0 182538 197579 15  5  0 78  2	
 7 123      0 97035088  14576  70664    0    0 163344     0 184166 199287 16  5  0 78  2	
 8 121      0 97035248  14576  70664    0    0 163312     0 184131 197169 14  4  0 80  2	
 9 119      0 97035184  14584  70664    0    0 163296    12 183230 197957 16  4  0 78  2	
11 117      0 97035216  14584  70664    0    0 163376     0 183868 198404 15  4  0 78  2	
 9 121      0 97035216  14584  70664    0    0 163440     0 186700 201867 16  4  0 78  2	
 8 121      0 97035216  14584  70664    0    0 163360     0 185736 198841 14  5  0 79  2	
 7 124      0 97035152  14584  70668    0    0 163360     0 184185 197155 15  4  0 79  2	
 3 125      0 97035088  14584  70668    0    0 163328     0 185107 199974 17  6  0 76  2	
procs -----------memory---------- ---swap-- -----io---- --system-- -----cpu-----
 r  b   swpd   free   buff  cache   si   so    bi    bo   in   cs us sy id wa st
 7 124      0 97034992  14592  70672    0    0 163328    32 185887 201049 16  4  0 78  2	
12 119      0 97035088  14592  70672    0    0 163296     0 184913 198104 14  3  0 81  2	
11 119      0 97035024  14592  70672    0    0 163360     0 185939 201365 16  5  0 77  2	
 5 123      0 97034928  14592  70672    0    0 163392     0 185735 200091 16  4  0 78  2	
 7 121      0 97034928  14592  70672    0    0 163248     0 185113 199247 16  5  0 78  2	
16 115      0 97035088  14600  70672    0    0 163312    40 187810 202902 15  4  0 79  2	
 5 123      0 97035152  14600  70672    0    0 163536     0 185890 200500 15  5  0 79  2	
 8 121      0 97035088  14600  70672    0    0 163280     0 184937 198066 13  4  0 81  2	
10 121      0 97035120  14600  70672    0    0 163296     0 184822 198561 16  4  0 78  2	
 6 123      0 97034960  14600  70676    0    0 163376     0 182403 196669 18  4  0 76  2	
 6 122      0 97034960  14600  70676    0    0 163376     4 185879 200948 15  4  0 79  2	
14 117      0 97035024  14608  70676    0    0 163280    20 187701 201932 16  5  0 78  2	
12 117      0 97035152  14608  70676    0    0 163360     0 185652 200772 15  5  0 79  2	
10 121      0 97035216  14608  70676    0    0 163344     0 185555 198735 14  4  0 80  2	
14 117      0 97035024  14608  70676    0    0 163312     0 186120 200009 16  4  0 78  2	
12 119      0 97035344  14608  70676    0    0 163376     0 184723 197556 13  4  0 81  2	
11 120      0 97035216  14616  70676    0    0 163312    20 184227 197055 15  4  0 78  2	
 5 123      0 97035152  14616  70676    0    0 163376     0 185179 198313 15  4  0 79  2	
 3 125      0 97035088  14616  70676    0    0 163392     0 186232 201166 15  4  0 78  2	
12 118      0 97035120  14616  70676    0    0 163232     0 185151 199058 14  4  0 80  2	
 3 125      0 97035280  14616  70680    0    0 163472     0 186637 201288 17  4  0 77  2	
procs -----------memory---------- ---swap-- -----io---- --system-- -----cpu-----
 r  b   swpd   free   buff  cache   si   so    bi    bo   in   cs us sy id wa st
 8 122      0 97035152  14620  70676    0    0 163296    16 185091 198973 16  4  0 79  2	
 7 122      0 97035088  14624  70680    0    0 163328     4 185064 199488 14  5  0 79  2	
 5 123      0 97035024  14624  70680    0    0 163392     0 184920 198888 14  4  0 81  2	
 7 121      0 97035216  14624  70680    0    0 163280     0 185736 202303 17  4  0 76  2	
 7 122      0 97035216  14624  70680    0    0 163360     0 187549 202508 15  4  0 79  2	
10 119      0 97035120  14624  70680    0    0 163312     0 184812 198522 15  4  0 79  2	
 6 122      0 97035056  14632  70680    0    0 163408    20 186455 201324 15  5  0 79  2	
10 120      0 97034864  14632  70680    0    0 163312     0 183811 197849 16  4  0 78  2	
 8 121      0 97034800  14632  70680    0    0 163360     0 181244 194425 15  4  0 79  2	
10 121      0 97034800  14632  70680    0    0 163312    16 186683 201670 15  5  0 78  2	
10 122      0 97034800  14632  70684    0    0 163376     0 187092 201588 16  5  0 78  2	
 9 121      0 97034896  14640  70684    0    0 163344    36 186091 201329 16  4  0 78  2	
 6 122      0 97034928  14640  70684    0    0 163328     0 185483 199498 15  4  0 80  2	
10 120      0 97034992  14640  70684    0    0 163328     0 186146 200738 15  5  0 78  2	
14 116      0 97035120  14640  70684    0    0 163312    24 186363 200128 13  4  0 81  2	
10 119      0 97035312  14640  70684    0    0 163392     0 186538 200596 15  5  0 79  2	
 3 125      0 97035280  14640  70684    0    0 163440     0 184281 197309 13  4  0 81  2	
 9 119      0 97035280  14648  70684    0    0 163312    24 184838 199064 15  4  0 79  2	
15 119      0 97035024  14648  70684    0    0 163312     0 184919 199083 14  5  0 79  2	
