procs -----------memory---------- ---swap-- -----io---- --system-- -----cpu-----
 r  b   swpd   free   buff  cache   si   so    bi    bo   in   cs us sy id wa st
 1  0      0 97504672  11904  70104    0    0  3973     1   50   36 32 10 47 10  1	
51 19      0 97394256  11908  70124    0    0 213856     0 126336 250951 53 20 27  0  1	
 9 55      0 97297664  11908  70124    0    0 214864     0 153517 220160 37 12  1 49  1	
12 53      0 97296304  11908  70124    0    0 163248     0 194937 209733 15  5  1 78  2	
16 50      0 97296304  11908  70124    0    0 163360     0 193809 211119 15  4  1 78  2	
11 57      0 97296304  11908  70124    0    0 163408     0 192983 209190 14  4  1 79  2	
12 55      0 97294304  11916  70124    0    0 163376    56 193584 206525 16  4  1 77  2	
16 51      0 97294304  11916  70124    0    0 163312     0 194529 211816 15  4  1 79  2	
 7 58      0 97294304  11916  70124    0    0 163424     0 195074 211029 15  4  1 78  2	
15 50      0 97294304  11916  70124    0    0 163232     0 195362 210078 14  4  1 79  2	
 3 61      0 97294304  11916  70124    0    0 163472     0 195001 211384 15  3  1 79  2	
 3 61      0 97294304  11924  70124    0    0 163376    24 194709 208857 14  4  1 79  2	
11 54      0 97294304  11924  70124    0    0 163264     0 192467 210215 15  4  1 78  2	
10 55      0 97294304  11924  70124    0    0 163296     0 194917 211993 16  5  1 77  2	
 5 60      0 97294304  11924  70124    0    0 163392     0 193129 210006 16  3  1 78  2	
 3 62      0 97294304  11924  70124    0    0 163424     0 190022 207944 15  4  1 78  2	
 8 57      0 97294304  11924  70124    0    0 163248     0 194477 210028 15  4  1 78  2	
13 53      0 97294304  11932  70124    0    0 163296    16 193742 209237 16  4  1 78  2	
 8 56      0 97294304  11932  70124    0    0 163392     0 195925 212937 15  5  1 77  2	
 6 58      0 97294304  11932  70124    0    0 163392     0 195557 212003 15  4  1 79  2	
11 54      0 97294304  11932  70124    0    0 163232     0 195402 211765 15  4  1 78  2	
procs -----------memory---------- ---swap-- -----io---- --system-- -----cpu-----
 r  b   swpd   free   buff  cache   si   so    bi    bo   in   cs us sy id wa st
 9 56      0 97294304  11932  70124    0    0 163376     0 194432 212708 18  4  1 75  2	
 9 58      0 97294304  11940  70124    0    0 163312    16 193567 211357 15  5  1 77  2	
 7 57      0 97294304  11940  70124    0    0 163376     0 196457 212757 15  4  1 78  2	
 9 55      0 97294304  11940  70124    0    0 163344     0 193544 209615 14  5  1 79  2	
 8 57      0 97294304  11940  70124    0    0 163328     0 196651 212680 14  4  1 79  2	
 6 59      0 97294304  11940  70124    0    0 163376     4 194369 211899 16  4  1 77  2	
 8 58      0 97294304  11940  70124    0    0 163344     0 196373 213149 14  5  1 78  2	
 8 57      0 97294304  11948  70124    0    0 163312    16 192810 209543 15  5  1 77  2	
15 50      0 97294304  11948  70124    0    0 163216     0 194135 211601 15  4  1 78  2	
10 56      0 97294304  11948  70124    0    0 163472     0 191348 205500 15  4  1 79  2	
14 52      0 97294304  11948  70124    0    0 163248    68 194538 210252 15  4  1 78  2	
 5 60      0 97294304  11948  70124    0    0 163520     0 192650 212094 16  4  1 77  2	
 9 56      0 97294304  11956  70128    0    0 163248    28 193074 207821 15  4  1 78  2	
 6 59      0 97294304  11956  70128    0    0 163344     0 194483 212854 15  4  1 78  2	
 6 58      0 97294304  11956  70128    0    0 163360     0 194980 212076 14  5  1 78  2	
 9 55      0 97294304  11956  70128    0    0 163376     8 195189 214141 15  4  1 78  2	
17 51      0 97294304  11956  70128    0    0 163328     0 196070 213935 16  4  1 77  2	
10 57      0 97294304  11956  70128    0    0 163328     0 195340 211969 17  4  1 76  2	
15 50      0 97294304  11964  70128    0    0 163312    16 194218 210361 15  4  1 78  2	
 7 58      0 97294304  11964  70128    0    0 163472     0 193773 209995 15  4  1 78  2	
 8 57      0 97294304  11964  70128    0    0 163296     0 193870 209856 14  3  1 80  2	
procs -----------memory---------- ---swap-- -----io---- --system-- -----cpu-----
 r  b   swpd   free   buff  cache   si   so    bi    bo   in   cs us sy id wa st
 9 56      0 97294304  11964  70128    0    0 163328     0 193258 207797 14  4  1 79  2	
 7 57      0 97294304  11964  70132    0    0 163344     0 193636 209714 14  4  1 79  2	
 8 57      0 97294304  11972  70132    0    0 163328    16 192335 209037 15  4  1 78  2	
14 52      0 97294304  11972  70132    0    0 163264     0 193331 209246 14  4  1 79  2	
11 56      0 97294368  11972  70132    0    0 163440     0 195502 214043 17  4  1 76  2	
12 54      0 97294368  11972  70132    0    0 163344     0 194692 210890 15  4  1 79  2	
 8 57      0 97294368  11972  70132    0    0 163344     0 188662 208174 16  5  1 76  2	
 6 59      0 97294368  11972  70132    0    0 163376     0 190288 207395 15  4  1 79  2	
11 54      0 97294368  11980  70132    0    0 163280    20 191724 208467 14  5  1 79  2	
12 54      0 97294368  11980  70132    0    0 163360     0 193679 208406 16  4  1 78  2	
13 54      0 97294368  11980  70132    0    0 163376     0 193021 209565 16  4  1 77  2	
10 54      0 97294368  11980  70132    0    0 163312     0 195116 211980 15  4  1 78  2	
 8 56      0 97294368  11980  70132    0    0 163392     0 191745 209965 18  4  1 75  2	
10 56      0 97294368  11988  70132    0    0 163296    16 196396 215108 16  4  1 77  2	
 8 59      0 97294368  11988  70132    0    0 163376     0 194577 210964 16  4  1 77  2	
 8 56      0 97294368  11988  70132    0    0 163296     0 192242 207674 13  4  1 81  2	
12 54      0 97294368  11988  70132    0    0 163296     0 195430 210114 14  4  1 78  2	
 5 59      0 97294368  11988  70132    0    0 163392     0 195189 212381 15  4  1 78  2	
 8 57      0 97294368  11988  70132    0    0 163312     0 195609 209626 14  5  1 78  2	
 6 57      0 97294368  11996  70132    0    0 163392    32 194544 210101 15  4  1 78  2	
 8 57      0 97294368  11996  70132    0    0 163280     0 191686 205385 14  4  1 79  2	
procs -----------memory---------- ---swap-- -----io---- --system-- -----cpu-----
 r  b   swpd   free   buff  cache   si   so    bi    bo   in   cs us sy id wa st
 9 56      0 97294368  11996  70132    0    0 163344     0 194807 209245 14  4  1 79  2	
11 55      0 97294368  11996  70132    0    0 163344     0 193595 209726 14  4  1 79  2	
10 55      0 97294368  11996  70132    0    0 163312     0 195711 212009 16  4  1 77  2	
 7 58      0 97294368  12004  70132    0    0 163360    24 193898 210275 15  4  1 78  2	
 8 58      0 97294368  12004  70136    0    0 163376    20 195671 212010 15  4  1 78  2	
 6 59      0 97294368  12004  70136    0    0 163376     0 194435 208467 16  4  0 77  2	
15 53      0 97294368  12004  70136    0    0 163216     0 196147 213664 16  4  1 77  2	
 9 56      0 97294368  12004  70136    0    0 163392     0 194138 211142 15  4  1 79  2	
 7 57      0 97294368  12004  70136    0    0 163376     0 195039 213425 15  5  1 77  2	
 8 56      0 97294368  12012  70136    0    0 163344    16 196364 212580 15  4  1 78  2	
17 51      0 97294368  12012  70136    0    0 163264     0 193663 211894 15  4  1 79  2	
 8 57      0 97294368  12012  70136    0    0 163440     0 194624 209701 16  4  1 77  2	
 7 58      0 97294368  12012  70136    0    0 163392     0 194234 210518 14  4  1 79  2	
 7 57      0 97294368  12012  70136    0    0 163328     0 188025 208817 17  4  1 76  2	
 8 57      0 97294368  12020  70136    0    0 163296    16 195788 211132 15  4  1 78  2	
 9 57      0 97294368  12020  70136    0    0 163376     0 193716 209087 14  5  1 78  2	
 7 57      0 97294368  12020  70136    0    0 163328     0 194684 208851 14  4  1 80  2	
 5 59      0 97294368  12020  70136    0    0 163328     0 193031 208102 15  5  1 77  2	
 5 60      0 97294368  12020  70136    0    0 163392     0 191444 208700 18  4  1 75  2	
 4 60      0 97294368  12020  70136    0    0 163376     4 194265 211452 15  4  1 77  2	
 6 58      0 97294368  12028  70136    0    0 163312    16 192202 208089 15  4  1 79  2	
procs -----------memory---------- ---swap-- -----io---- --system-- -----cpu-----
 r  b   swpd   free   buff  cache   si   so    bi    bo   in   cs us sy id wa st
11 54      0 97294368  12028  70136    0    0 163280     0 194516 209073 15  4  1 78  2	
 5 60      0 97294368  12028  70140    0    0 163424     0 194731 209425 14  4  1 79  2	
19 50      0 97294368  12028  70140    0    0 163168     0 192154 209181 16  5  1 77  2	
13 53      0 97294368  12028  70140    0    0 163488     0 195252 211537 16  4  1 77  2	
11 56      0 97294368  12036  70140    0    0 163360    16 194196 207756 14  4  1 79  2	
 6 59      0 97294368  12036  70140    0    0 163360     0 195167 210047 14  4  1 79  2	
13 52      0 97294368  12036  70140    0    0 163280     0 196601 214200 15  5  1 78  2	
10 54      0 97294368  12036  70140    0    0 163408     0 194213 211577 16  4  1 77  2	
 6 58      0 97294368  12036  70140    0    0 163376    16 194108 209699 15  4  1 79  2	
12 54      0 97294368  12036  70140    0    0 163328     0 190360 207304 15  5  1 78  2	
13 54      0 97294368  12044  70140    0    0 163312    24 194255 211936 15  4  1 78  2	
10 54      0 97294368  12044  70140    0    0 163392     0 194496 210077 15  4  1 78  2	
 9 57      0 97294368  12044  70140    0    0 163392     0 193475 211174 16  4  1 78  2	
13 53      0 97294368  12044  70140    0    0 163232     0 194694 211746 15  5  1 77  2	
 8 57      0 97294368  12044  70140    0    0 163424     0 195721 210223 15  4  0 78  2	
15 53      0 97294368  12052  70140    0    0 163280    16 192580 208664 16  4  1 77  2	
 2 62      0 97294368  12052  70144    0    0 163488     0 195546 211698 15  4  1 78  2	
 8 57      0 97294368  12052  70144    0    0 163264     0 192814 208701 14  4  1 79  2	
 6 58      0 97294368  12052  70144    0    0 163264     8 195394 212193 15  4  1 78  2	
 8 57      0 97294368  12052  70144    0    0 163392     0 192988 209012 15  4  1 78  2	
 9 58      0 97294368  12052  70144    0    0 163344     0 193916 209987 15  4  1 78  2	
procs -----------memory---------- ---swap-- -----io---- --system-- -----cpu-----
 r  b   swpd   free   buff  cache   si   so    bi    bo   in   cs us sy id wa st
 9 56      0 97294368  12060  70144    0    0 163280    16 192973 208721 15  4  1 78  2	
 8 57      0 97294368  12060  70144    0    0 163360     0 193198 206640 13  4  1 79  2	
10 55      0 97294368  12060  70144    0    0 163312     0 194281 209455 15  3  1 79  2	
12 55      0 97294368  12060  70144    0    0 163392     0 195442 211598 15  4  1 78  2	
14 53      0 97294368  12060  70144    0    0 163312     0 194281 208699 14  4  1 79  2	
11 54      0 97294368  12068  70144    0    0 163376    16 193460 209235 15  3  1 79  2	
11 55      0 97294368  12068  70144    0    0 163344     0 195400 211263 16  4  1 77  2	
11 55      0 97294368  12068  70144    0    0 163328     0 194193 208594 14  4  1 79  2	
14 53      0 97294368  12068  70144    0    0 163328     0 192003 207164 14  4  1 80  2	
 8 57      0 97294368  12068  70144    0    0 163424     0 196244 213078 18  4  1 75  2	
 3 62      0 97294112  12068  70144    0    0 163424     0 196523 212174 16  4  1 77  2	
 9 56      0 97294112  12076  70144    0    0 163264    24 191692 205834 14  4  1 80  2	
 6 59      0 97294112  12076  70144    0    0 163360     0 194035 209064 14  4  1 79  2	
 8 57      0 97294112  12076  70144    0    0 163280     0 192885 207094 13  4  1 80  2	
 7 58      0 97294112  12076  70144    0    0 163328     0 192928 206198 15  4  1 79  2	
 5 61      0 97294112  12076  70144    0    0 163424     0 194306 210527 15  3  1 78  2	
 4 60      0 97294112  12084  70144    0    0 163280    16 193228 209803 15  4  1 78  2	
10 56      0 97294112  12084  70144    0    0 163296     0 194696 213075 15  4  1 78  2	
 9 56      0 97294112  12084  70144    0    0 163376    12 193073 208707 15  4  1 78  2	
 8 58      0 97294112  12084  70144    0    0 163376     0 193466 207832 15  4  1 79  2	
 7 57      0 97294112  12084  70144    0    0 163328     0 192818 208163 13  4  1 80  2	
procs -----------memory---------- ---swap-- -----io---- --system-- -----cpu-----
 r  b   swpd   free   buff  cache   si   so    bi    bo   in   cs us sy id wa st
13 53      0 97294112  12088  70140    0    0 163264    20 193838 208285 14  4  1 80  2	
14 52      0 97294112  12092  70148    0    0 163440     4 191986 206138 15  4  1 79  2	
10 55      0 97294112  12092  70148    0    0 163376     0 193753 208631 16  3  1 77  2	
17 50      0 97294112  12092  70148    0    0 163296     0 193990 209705 15  4  1 78  2	
 5 60      0 97294112  12092  70148    0    0 163456     0 192245 206366 14  3  1 80  2	
 7 58      0 97294112  12092  70148    0    0 163328     0 193057 208440 13  4  1 80  2	
 4 60      0 97294112  12100  70148    0    0 163376    16 194544 208794 15  4  1 79  2	
 6 58      0 97294112  12100  70152    0    0 163264     0 195025 211819 15  4  1 78  2	
 7 58      0 97294112  12100  70152    0    0 163312     0 192672 208504 15  4  1 78  2	
 8 56      0 97294112  12100  70152    0    0 163392     0 194213 209839 14  5  1 78  2	
 8 58      0 97294112  12100  70152    0    0 163360     0 187690 204636 16  3  1 78  2	
12 56      0 97294112  12108  70152    0    0 163280    16 194740 211339 14  3  1 80  2	
 5 61      0 97294112  12108  70152    0    0 163424    16 193542 209161 15  5  1 77  2	
11 57      0 97294112  12108  70152    0    0 163312     0 192979 206975 14  4  1 79  2	
 4 60      0 97294112  12108  70152    0    0 163392     0 193231 209139 15  5  1 78  2	
13 55      0 97294112  12108  70152    0    0 163248     0 191465 207967 17  4  1 77  2	
11 55      0 97294112  12108  70152    0    0 163376     0 194405 212284 14  4  1 80  2	
 7 59      0 97294112  12116  70152    0    0 163392    16 193951 209741 14  4  1 79  2	
 9 56      0 97294112  12116  70152    0    0 163280     0 193645 208058 14  4  1 79  2	
10 56      0 97294112  12116  70152    0    0 163344     0 193438 206112 14  4  1 79  2	
 7 57      0 97294112  12116  70152    0    0 163392     0 189948 206819 17  4  1 76  2	
procs -----------memory---------- ---swap-- -----io---- --system-- -----cpu-----
 r  b   swpd   free   buff  cache   si   so    bi    bo   in   cs us sy id wa st
 6 59      0 97294112  12116  70152    0    0 163328     0 194005 209101 14  3  1 80  2	
16 51      0 97294112  12124  70152    0    0 163280    24 193036 208811 16  4  1 78  2	
10 55      0 97294112  12124  70152    0    0 163408     0 193814 209536 15  4  1 79  2	
 9 57      0 97294112  12124  70152    0    0 163408     0 192619 210633 15  5  1 77  2	
 7 59      0 97294112  12124  70152    0    0 163392     0 192740 205798 13  4  1 81  2	
 2 63      0 97294112  12124  70152    0    0 163376     0 191404 205457 14  3  1 81  2	
 7 58      0 97294112  12124  70152    0    0 163248     0 192280 207565 15  3  1 79  2	
 8 57      0 97294112  12132  70152    0    0 163344    24 192979 206171 14  4  1 80  2	
 7 57      0 97294112  12132  70152    0    0 163360     0 192154 207646 14  4  1 80  2	
 8 57      0 97294112  12132  70152    0    0 163328     0 193016 210276 16  4  1 77  2	
 4 60      0 97294112  12132  70152    0    0 163360     0 187994 206573 16  5  0 77  2	
 7 58      0 97294112  12132  70152    0    0 163216     0 192982 210654 16  3  1 78  2	
 6 59      0 97294112  12140  70152    0    0 163376    32 194710 208525 16  4  1 78  2	
 8 58      0 97294112  12140  70152    0    0 163360     0 196047 210661 15  4  1 78  2	
 5 59      0 97294112  12140  70152    0    0 163360     0 190744 203130 13  3  1 81  2	
 9 55      0 97294112  12140  70152    0    0 163280     0 194497 209831 15  4  1 78  2	
11 54      0 97294112  12140  70152    0    0 163312     0 192614 207348 15  3  1 78  2	
13 54      0 97294112  12148  70152    0    0 163376    16 195427 211269 14  4  1 79  2	
10 54      0 97294112  12148  70152    0    0 163376     0 191026 208189 15  4  1 77  2	
 4 60      0 97294112  12148  70152    0    0 163392     0 193015 206484 15  3  1 79  2	
 3 62      0 97294112  12148  70156    0    0 163344     0 193045 207321 15  4  1 78  2	
procs -----------memory---------- ---swap-- -----io---- --system-- -----cpu-----
 r  b   swpd   free   buff  cache   si   so    bi    bo   in   cs us sy id wa st
 6 59      0 97294112  12148  70156    0    0 163328     0 192801 207603 14  4  1 79  2	
 9 56      0 97294112  12148  70160    0    0 163296     0 190659 208424 16  5  1 76  2	
 3 61      0 97294112  12156  70160    0    0 163392    20 194084 210010 15  4  1 78  2	
 7 59      0 97294112  12156  70160    0    0 163296     0 192769 207302 14  4  1 79  2	
12 54      0 97294112  12156  70160    0    0 163312     0 193130 208676 15  4  1 78  2	
10 55      0 97294112  12156  70160    0    0 163344     0 193697 208043 14  4  1 79  2	
 6 59      0 97294112  12156  70160    0    0 163424    12 192677 208268 14  5  0 79  2	
15 52      0 97294112  12164  70160    0    0 163232    16 191132 207245 14  5  1 78  2	
10 56      0 97294112  12164  70160    0    0 163376     0 193103 210072 17  3  1 77  2	
14 52      0 97294112  12164  70160    0    0 163296     0 192224 207334 15  4  1 79  2	
 8 57      0 97294112  12164  70160    0    0 163424     0 194164 208953 14  4  1 79  2	
10 55      0 97294112  12164  70160    0    0 163376     0 191657 206248 13  4  1 80  2	
 7 58      0 97294112  12164  70160    0    0 163360     0 195714 211903 16  4  1 78  2	
12 55      0 97293992  12172  70160    0    0 163280    16 192336 208026 15  4  1 78  2	
12 52      0 97293992  12172  70160    0    0 163344     0 192396 207157 15  4  1 78  2	
 4 60      0 97293992  12172  70160    0    0 163440     0 189255 205403 16  4  0 78  2	
 9 57      0 97293992  12172  70160    0    0 163376     0 186592 204921 15  4  1 78  2	
 8 58      0 97293992  12172  70160    0    0 163360     0 193001 207993 14  4  1 79  2	
13 54      0 97293992  12180  70160    0    0 163280    16 194317 209131 16  4  1 77  2	
 9 56      0 97293992  12180  70160    0    0 163376     0 190434 205094 13  4  1 81  2	
12 55      0 97293992  12180  70160    0    0 163360     0 191959 207159 14  5  1 78  2	
procs -----------memory---------- ---swap-- -----io---- --system-- -----cpu-----
 r  b   swpd   free   buff  cache   si   so    bi    bo   in   cs us sy id wa st
 9 55      0 97293992  12188  70160    0    0 163312    16 194214 209385 15  4  1 78  2	
13 53      0 97293992  12188  70160    0    0 163328     0 194867 209951 15  4  1 79  2	
 9 57      0 97293992  12188  70160    0    0 163344     0 193541 211304 15  4  1 78  2	
 8 57      0 97293992  12196  70160    0    0 163392    36 195905 210375 15  4  1 79  2	
 6 59      0 97293992  12196  70160    0    0 163360     0 190659 207138 14  3  1 80  2	
 6 58      0 97293992  12196  70160    0    0 163360     0 194734 209479 14  4  1 79  2	
 5 59      0 97293992  12196  70160    0    0 163360     0 191245 208558 15  4  1 78  2	
 5 60      0 97293992  12196  70160    0    0 163312     0 194135 209192 15  4  1 78  2	
 9 57      0 97293992  12204  70160    0    0 163296    16 192860 207544 13  4  1 81  2	
 9 56      0 97293992  12204  70160    0    0 163296     0 195136 211163 16  4  1 77  2	
15 51      0 97293992  12204  70160    0    0 163344     0 187824 204132 15  4  1 78  2	
12 54      0 97293992  12204  70164    0    0 163360     4 194122 208244 14  4  1 79  2	
 8 59      0 97293992  12204  70164    0    0 163424     0 193282 207393 15  4  1 78  2	
10 55      0 97293992  12204  70164    0    0 163312     0 194756 209749 15  4  1 79  2	
11 55      0 97293992  12212  70164    0    0 163312    16 193757 209093 15  5  1 77  2	
10 56      0 97293992  12212  70164    0    0 163328     0 192768 206344 15  3  1 78  2	
23 48      0 97293992  12212  70164    0    0 163280    20 192720 207575 15  5  1 77  2	
 8 56      0 97293992  12212  70164    0    0 163440     0 194380 208673 15  4  1 78  2	
 7 58      0 97293992  12212  70164    0    0 163344     0 191087 202770 14  3  1 80  2	
 8 57      0 97293992  12220  70164    0    0 163392    16 192766 207833 15  4  1 78  2	
12 52      0 97293992  12220  70164    0    0 163264     0 195117 211222 15  4  1 78  2	
procs -----------memory---------- ---swap-- -----io---- --system-- -----cpu-----
 r  b   swpd   free   buff  cache   si   so    bi    bo   in   cs us sy id wa st
 7 58      0 97293992  12220  70164    0    0 163440     0 191364 204782 13  4  1 80  2	
10 55      0 97293992  12220  70168    0    0 163328     0 193962 208650 15  4  1 78  2	
 8 58      0 97293992  12220  70168    0    0 163392     0 194526 209674 16  4  1 78  2	
11 53      0 97293992  12220  70168    0    0 163296     0 192940 207925 15  4  1 79  2	
 6 58      0 97293992  12228  70168    0    0 163456    16 193576 207156 14  4  1 80  2	
 9 55      0 97293992  12228  70168    0    0 163360     0 194002 207833 14  4  1 79  2	
 6 58      0 97293992  12228  70168    0    0 163408     0 194895 210724 15  4  1 77  2	
12 55      0 97293992  12228  70168    0    0 163280     0 193284 207835 15  4  1 79  2	
 6 58      0 97293992  12228  70168    0    0 163344     0 192718 206434 13  5  1 79  2	
 6 58      0 97293992  12236  70168    0    0 163376    16 194657 210650 15  3  1 79  2	
 6 59      0 97293992  12236  70168    0    0 163344    16 194174 209445 14  4  1 79  2	
 8 58      0 97293992  12236  70168    0    0 163344     0 194510 209786 15  3  1 80  2	
11 55      0 97293992  12236  70168    0    0 163296     0 193556 209246 15  4  1 79  2	
 5 60      0 97293992  12236  70168    0    0 163392     0 194492 209814 15  5  1 78  2	
10 56      0 97293992  12236  70168    0    0 163280     0 193569 208677 14  4  1 80  2	
 9 56      0 97293992  12244  70168    0    0 163328    32 192332 207226 14  4  1 79  2	
 8 58      0 97293992  12244  70168    0    0 163440     0 194829 210633 16  4  1 77  2	
 9 55      0 97293992  12244  70168    0    0 163280     0 191764 204708 13  3  1 81  2	
15 52      0 97293992  12244  70168    0    0 163312     0 194283 209464 14  4  1 79  2	
 6 59      0 97293992  12244  70168    0    0 163424     0 194908 208376 14  4  1 80  2	
13 53      0 97293992  12252  70168    0    0 163264    16 189745 204442 13  4  1 81  2	
procs -----------memory---------- ---swap-- -----io---- --system-- -----cpu-----
 r  b   swpd   free   buff  cache   si   so    bi    bo   in   cs us sy id wa st
13 53      0 97293992  12252  70168    0    0 163360     0 198440 215594 16  4  1 77  2	
 6 58      0 97293992  12252  70168    0    0 163424     0 194298 210017 14  4  1 79  2	
11 53      0 97293992  12252  70172    0    0 163280     0 191474 205008 14  4  1 79  2	
11 54      0 97293992  12252  70172    0    0 163376     0 191636 209173 17  3  1 77  2	
 5 60      0 97293992  12252  70172    0    0 163456     0 193336 208476 14  4  1 79  2	
11 55      0 97293992  12260  70172    0    0 163216    16 193912 207585 13  4  1 80  2	
10 55      0 97293992  12260  70172    0    0 163376     0 192554 209328 16  5  1 77  2	
 3 61      0 97293992  12260  70172    0    0 163424     0 195774 212933 16  5  1 76  2	
 5 60      0 97293992  12260  70172    0    0 163264     0 193712 209206 15  4  0 78  2	
10 56      0 97293992  12260  70172    0    0 163328     0 192836 207366 14  4  1 80  2	
14 54      0 97293992  12268  70172    0    0 163360    32 195335 210713 14  4  1 79  2	
 8 56      0 97293992  12268  70172    0    0 163392     0 193597 208970 16  5  1 77  2	
 7 59      0 97293992  12268  70172    0    0 163328     0 194805 209629 15  4  1 78  2	
 8 57      0 97293992  12268  70172    0    0 163312     0 190849 206105 15  4  1 78  2	
12 52      0 97293992  12268  70172    0    0 163280     0 192289 211150 16  4  1 77  2	
 9 55      0 97293992  12268  70172    0    0 163376     0 187734 204167 17  4  1 76  2	
 8 56      0 97293992  12276  70172    0    0 163376    16 193908 210376 16  4  1 77  2	
 5 59      0 97293992  12276  70172    0    0 163408     0 192559 208542 15  4  1 78  2	
12 55      0 97293992  12276  70172    0    0 163328     0 195323 212368 15  5  1 78  2	
14 51      0 97293992  12276  70172    0    0 163296     0 195287 209888 15  4  1 78  2	
 2 62      0 97293992  12276  70172    0    0 163472    12 194455 210289 15  4  1 78  2	
procs -----------memory---------- ---swap-- -----io---- --system-- -----cpu-----
 r  b   swpd   free   buff  cache   si   so    bi    bo   in   cs us sy id wa st
13 52      0 97293992  12284  70172    0    0 163232    28 194199 206919 13  4  1 80  2	
10 54      0 97293992  12284  70176    0    0 163344     0 195879 213603 16  4  1 78  2	
10 57      0 97293992  12284  70176    0    0 163360     0 194846 210451 14  4  1 79  2	
 5 60      0 97293992  12284  70176    0    0 163408     0 192613 207566 15  5  1 78  2	
 8 56      0 97293992  12284  70176    0    0 163280     0 191828 209196 16  4  1 77  2	
 3 61      0 97293992  12284  70176    0    0 163376     0 194712 208184 15  4  1 78  2	
 8 57      0 97293992  12292  70176    0    0 163312    16 193749 208362 16  4  1 78  2	
 6 58      0 97293992  12292  70176    0    0 163344     0 191240 204977 13  4  1 80  2	
 8 57      0 97293992  12292  70176    0    0 163344     0 193531 207215 14  4  1 79  2	
10 56      0 97293992  12292  70176    0    0 163312     0 193246 208188 15  4  1 78  2	
12 54      0 97293992  12292  70176    0    0 163392     0 193102 205584 14  4  1 80  2	
 6 59      0 97293992  12300  70176    0    0 163344    16 193608 209360 16  4  1 77  2	
 5 59      0 97293992  12300  70176    0    0 163360     0 192524 206588 14  4  1 80  2	
18 50      0 97293992  12300  70176    0    0 163184     0 192523 207130 15  4  1 78  2	
11 54      0 97293992  12300  70176    0    0 163488     0 191936 208811 17  4  1 76  2	
 9 58      0 97293992  12300  70180    0    0 163376     0 193989 209095 15  4  1 78  2	
11 54      0 97293992  12300  70180    0    0 163312     0 193861 208255 15  4  1 79  2	
 9 57      0 97293992  12308  70180    0    0 163392    16 194559 210184 14  4  1 79  2	
 9 55      0 97293992  12308  70180    0    0 163344     0 194756 209571 14  5  1 79  2	
 8 57      0 97293992  12308  70180    0    0 163312    12 193400 207723 15  4  1 78  2	
14 53      0 97293992  12308  70180    0    0 163280     0 194918 210250 16  4  1 77  2	
procs -----------memory---------- ---swap-- -----io---- --system-- -----cpu-----
 r  b   swpd   free   buff  cache   si   so    bi    bo   in   cs us sy id wa st
 8 56      0 97293992  12308  70180    0    0 163440     0 190485 205908 14  4  1 79  2	
 5 60      0 97293992  12316  70180    0    0 163376    16 193535 207281 15  4  1 79  2	
10 55      0 97293992  12316  70180    0    0 163296     0 191966 206917 15  5  1 77  2	
 5 59      0 97293992  12316  70180    0    0 163424     0 195318 212290 16  5  1 76  2	
 7 59      0 97293992  12316  70180    0    0 163280     0 194506 207523 14  3  1 80  2	
 7 58      0 97293992  12316  70180    0    0 163376     0 191754 205229 14  4  0 79  2	
 8 56      0 97293992  12316  70180    0    0 163328     0 192399 207667 16  5  1 77  2	
11 54      0 97293992  12324  70180    0    0 163312    20 194260 208714 14  4  1 79  2	
 6 58      0 97293992  12324  70180    0    0 163376     8 193178 207365 15  4  1 78  2	
 5 59      0 97293992  12324  70180    0    0 163344     0 193815 209855 16  4  1 77  2	
11 54      0 97293992  12324  70180    0    0 163264     0 189066 204554 16  4  1 77  2	
 3 61      0 97293992  12324  70180    0    0 163440     0 194689 209129 15  4  1 79  2	
 6 57      0 97293992  12332  70180    0    0 163280    28 191757 207386 16  4  1 78  2	
 7 58      0 97293992  12332  70180    0    0 163376     0 192815 206418 16  3  1 78  2	
 5 59      0 97293992  12332  70180    0    0 163232     8 193293 208522 15  4  1 78  2	
 9 55      0 97293992  12332  70180    0    0 163360     0 194484 210446 15  4  1 78  2	
 8 58      0 97293992  12332  70180    0    0 163392     0 190671 206123 16  4  1 78  2	
 6 58      0 97293992  12332  70180    0    0 163360     0 183940 203507 16  5  1 77  2	
 8 58      0 97293872  12340  70180    0    0 163312    28 194439 208308 15  5  1 78  2	
 6 59      0 97293872  12340  70180    0    0 163360     0 189316 201776 15  4  1 79  2	
 5 59      0 97293872  12340  70180    0    0 163408     0 193314 208701 16  4  1 77  2	
procs -----------memory---------- ---swap-- -----io---- --system-- -----cpu-----
 r  b   swpd   free   buff  cache   si   so    bi    bo   in   cs us sy id wa st
13 52      0 97293872  12340  70180    0    0 163184     0 193382 206519 14  4  1 79  2	
16 50      0 97293872  12340  70184    0    0 163216     0 194074 209743 16  4  1 77  2	
 8 59      0 97293872  12348  70184    0    0 163664    16 190598 207887 17  4  1 76  2	
 7 58      0 97293872  12348  70184    0    0 163296     0 191739 207648 15  4  1 78  2	
10 55      0 97293872  12348  70184    0    0 163344     0 192331 203187 14  4  1 80  2	
 6 58      0 97293872  12348  70184    0    0 163408     0 195055 206809 14  4  1 79  2	
 5 60      0 97293872  12348  70188    0    0 163376     0 194642 209345 15  4  1 78  2	
 8 58      0 97293872  12348  70188    0    0 163296     0 194276 208516 15  4  1 78  2	
11 54      0 97293872  12356  70188    0    0 163264    16 193763 208679 15  5  1 77  2	
 6 59      0 97293872  12356  70188    0    0 163440     0 192118 207654 16  4  1 77  2	
 9 55      0 97293872  12356  70188    0    0 163280     0 195743 212602 17  4  1 76  2	
13 53      0 97293872  12356  70188    0    0 163280     0 192064 205330 15  4  1 78  2	
12 54      0 97293872  12356  70188    0    0 163408     0 193371 208178 15  4  1 79  2	
11 55      0 97293872  12364  70188    0    0 163344    44 195715 209596 16  4  1 77  2	
 4 60      0 97293872  12364  70188    0    0 163376     0 193109 206832 14  4  1 79  2	
10 57      0 97293872  12364  70188    0    0 163312     0 191319 206561 15  4  1 79  2	
 9 56      0 97293872  12364  70188    0    0 163328     0 194603 209187 15  4  1 78  2	
 5 59      0 97293872  12364  70188    0    0 163376     0 194616 207353 14  4  1 79  2	
14 53      0 97293872  12364  70188    0    0 163264    12 194765 209089 15  4  1 78  2	
 9 57      0 97293872  12372  70188    0    0 163392    28 193809 208256 15  5  1 77  2	
 6 59      0 97293872  12372  70188    0    0 163312     0 193515 206985 14  4  1 79  2	
procs -----------memory---------- ---swap-- -----io---- --system-- -----cpu-----
 r  b   swpd   free   buff  cache   si   so    bi    bo   in   cs us sy id wa st
11 53      0 97293872  12372  70188    0    0 163280     0 191181 207884 16  4  1 77  2	
 6 60      0 97293872  12372  70188    0    0 163520     0 196428 211356 15  4  1 78  2	
 9 55      0 97293872  12372  70188    0    0 163232     8 194279 209167 15  3  1 79  2	
 4 60      0 97294000  12380  70188    0    0 163424    28 192867 206042 15  4  1 78  2	
 7 58      0 97294000  12380  70188    0    0 163296     0 193521 207371 13  4  1 80  2	
 9 55      0 97294000  12380  70188    0    0 163360     0 194901 209093 13  4  1 80  2	
 6 59      0 97294000  12380  70188    0    0 163392     0 194082 210587 15  4  1 79  2	
 8 58      0 97294000  12380  70188    0    0 163296     0 192057 206663 15  4  1 78  2	
10 54      0 97294000  12380  70188    0    0 163328     0 193101 207803 13  4  1 80  2	
 6 60      0 97294000  12388  70188    0    0 163408    16 191579 205168 14  4  1 80  2	
 6 58      0 97294000  12388  70188    0    0 163344     0 193999 209900 16  4  1 78  2	
10 58      0 97294000  12388  70188    0    0 163312     0 192688 208949 16  4  1 77  2	
 4 60      0 97294000  12388  70188    0    0 163344     0 193914 206172 14  4  1 79  2	
 4 60      0 97294000  12388  70188    0    0 163328     0 194818 210876 15  4  1 78  2	
 9 57      0 97294000  12396  70188    0    0 163280    16 191945 203062 13  4  1 80  2	
 8 57      0 97294000  12396  70188    0    0 163312     0 195032 209503 14  4  1 79  2	
 6 59      0 97294000  12396  70188    0    0 163392     0 193512 206754 14  4  1 80  2	
 6 59      0 97294000  12396  70188    0    0 163360     0 194708 210286 15  4  1 78  2	
 7 58      0 97294000  12396  70192    0    0 163312     0 191853 205117 14  4  1 80  2	
11 54      0 97294000  12396  70192    0    0 163280     0 191329 207005 16  4  1 77  2	
 5 59      0 97294000  12404  70192    0    0 163408    16 191965 207933 15  3  1 78  2	
procs -----------memory---------- ---swap-- -----io---- --system-- -----cpu-----
 r  b   swpd   free   buff  cache   si   so    bi    bo   in   cs us sy id wa st
11 57      0 97294000  12404  70192    0    0 163264     0 192126 205986 14  3  1 80  2	
 3 61      0 97294000  12404  70192    0    0 163392     0 194958 210061 14  5  1 78  2	
 9 56      0 97294000  12404  70196    0    0 163264     0 194404 207390 14  4  1 79  2	
14 52      0 97294000  12404  70196    0    0 163264     0 194790 209530 14  4  1 79  2	
12 54      0 97294000  12412  70196    0    0 163408    16 195812 211417 16  4  1 78  2	
12 53      0 97294000  12412  70196    0    0 163344     0 193404 207533 15  3  1 79  2	
 7 57      0 97294000  12412  70196    0    0 163424     0 193309 207764 15  5  1 78  2	
10 55      0 97294000  12412  70196    0    0 163312    16 194472 211127 16  4  1 77  2	
 7 59      0 97294000  12412  70196    0    0 163440     0 192332 209748 17  4  1 76  2	
 5 59      0 97294000  12412  70196    0    0 163328     0 193579 207999 14  4  1 79  2	
 5 59      0 97294000  12420  70196    0    0 163344    28 193978 207578 14  4  1 78  2	
 5 61      0 97294000  12420  70196    0    0 163376     0 193088 206899 14  4  1 80  2	
15 53      0 97294000  12420  70196    0    0 163232     8 194046 208290 14  4  1 80  2	
 3 62      0 97294000  12420  70196    0    0 163472     0 193875 208287 15  4  1 79  2	
 5 60      0 97294000  12420  70196    0    0 163328     0 193221 208771 15  4  1 79  2	
 8 56      0 97294000  12428  70196    0    0 163264    28 194988 209869 15  4  1 79  2	
 6 59      0 97294000  12428  70196    0    0 163408     0 193473 208417 14  4  1 79  2	
 7 59      0 97294000  12428  70196    0    0 163328     0 193316 210246 15  4  1 78  2	
 9 56      0 97294000  12428  70196    0    0 163344     0 193643 208118 14  4  1 79  2	
 9 56      0 97294000  12428  70196    0    0 163296     0 192258 207068 15  4  1 78  2	
11 54      0 97294000  12428  70196    0    0 163328     0 192804 206624 15  3  1 78  2	
procs -----------memory---------- ---swap-- -----io---- --system-- -----cpu-----
 r  b   swpd   free   buff  cache   si   so    bi    bo   in   cs us sy id wa st
 5 58      0 97294000  12436  70196    0    0 163456    16 193512 207397 13  4  1 80  2	
10 57      0 97294000  12436  70196    0    0 163232     0 194047 208946 14  4  1 79  2	
10 54      0 97294000  12436  70196    0    0 163344     0 193435 207621 14  3  1 80  2	
 8 57      0 97294000  12436  70196    0    0 163392     0 194373 210663 15  4  1 79  2	
15 52      0 97294000  12436  70196    0    0 163296     0 192858 207153 13  4  1 80  2	
 5 59      0 97294000  12444  70196    0    0 163344    16 193840 208824 15  4  1 78  2	
 8 57      0 97294000  12444  70196    0    0 163344     0 193516 208596 16  4  1 77  2	
 6 58      0 97294000  12444  70196    0    0 163344     0 190140 202372 13  3  1 82  2	
 9 57      0 97294000  12444  70196    0    0 163328     0 191711 206652 14  4  1 79  2	
10 54      0 97294000  12444  70196    0    0 163280     0 194587 211270 15  4  1 78  2	
 8 57      0 97294000  12444  70200    0    0 163424     0 193817 207807 13  4  1 80  2	
 6 58      0 97294000  12452  70200    0    0 163296    16 191308 203758 11  3  1 83  2	
 8 59      0 97294000  12452  70200    0    0 163408     0 190871 206654 15  4  1 78  2	
10 55      0 97294000  12452  70200    0    0 163328     0 193473 210314 15  4  1 78  2	
 8 57      0 97294000  12452  70200    0    0 163344     0 190228 205298 15  4  1 78  2	
 8 58      0 97294000  12452  70200    0    0 163360     0 194546 209205 15  4  1 79  2	
13 54      0 97294000  12460  70200    0    0 163312    16 189592 205397 15  4  1 78  2	
 5 60      0 97294000  12460  70200    0    0 163424     4 192754 208754 15  4  1 78  2	
 7 58      0 97294000  12460  70200    0    0 163312     0 194445 209951 16  4  1 77  2	
 7 58      0 97294000  12460  70200    0    0 163344     0 193036 207755 15  4  1 79  2	
 2 62      0 97293096  12468  70192    0    0 163360    24 192101 205910 14  4  1 79  2	
procs -----------memory---------- ---swap-- -----io---- --system-- -----cpu-----
 r  b   swpd   free   buff  cache   si   so    bi    bo   in   cs us sy id wa st
 4 60      0 97292592  12476  70208    0    0 163344     0 194563 211342 15  4  1 78  2	
 8 57      0 97293224  12476  70240    0    0 163312    28 193719 208071 15  4  1 78  2	
 9 56      0 97293344  12476  70248    0    0 163280     0 194444 208694 14  5  1 79  2	
 6 58      0 97293344  12476  70248    0    0 163392     0 190408 206937 16  5  1 77  2	
12 54      0 97293344  12476  70248    0    0 163264     0 194448 211018 15  5  1 77  2	
13 54      0 97293344  12484  70248    0    0 163360    40 193720 208506 14  5  1 79  2	
 6 60      0 97293344  12484  70248    0    0 163424     0 194152 207941 15  4  1 79  2	
 7 59      0 97293344  12484  70248    0    0 163328     0 192204 209087 15  4  1 78  2	
12 53      0 97293344  12484  70248    0    0 163296     0 193452 206476 12  4  1 81  2	
 8 57      0 97293344  12484  70248    0    0 163376     0 193635 207311 13  3  1 80  2	
11 53      0 97293344  12492  70248    0    0 163296    20 189646 205581 16  4  1 78  2	
 9 57      0 97293344  12492  70248    0    0 163440     0 193729 208674 14  4  1 79  2	
 6 58      0 97293344  12492  70248    0    0 163344     0 196142 211902 15  4  1 78  2	
11 53      0 97293344  12492  70248    0    0 163264     0 194998 209672 13  4  1 80  2	
 8 56      0 97293344  12492  70248    0    0 163376     0 193273 207855 14  3  0 80  2	
 7 57      0 97293344  12492  70248    0    0 163328     0 193802 208756 16  4  1 77  2	
11 55      0 97293216  12500  70248    0    0 163344    16 193700 208797 15  4  1 78  2	
15 52      0 97293216  12500  70248    0    0 163296     0 190879 206785 14  3  1 80  2	
 4 61      0 97293216  12500  70248    0    0 163408     0 193224 208296 12  4  1 81  2	
10 55      0 97293216  12500  70248    0    0 163264     0 191228 206959 15  4  1 79  2	
 7 58      0 97293216  12500  70248    0    0 163376     0 192563 205321 13  3  1 80  2	
procs -----------memory---------- ---swap-- -----io---- --system-- -----cpu-----
 r  b   swpd   free   buff  cache   si   so    bi    bo   in   cs us sy id wa st
11 55      0 97293216  12508  70248    0    0 163296    16 192596 208544 14  4  1 79  2	
 7 58      0 97293216  12508  70252    0    0 163408     0 192687 206692 14  4  1 80  2	
 6 58      0 97293216  12508  70252    0    0 163248     0 194941 210441 15  3  1 79  2	
10 56      0 97293216  12508  70252    0    0 163392     0 193610 207043 14  3  1 79  2	
 9 58      0 97293216  12508  70252    0    0 163344     0 192977 207704 15  4  1 79  2	
 5 60      0 97293216  12508  70252    0    0 163328     0 189768 204720 15  3  1 79  2	
 7 58      0 97293216  12516  70252    0    0 163344    16 191275 207986 16  5  1 77  2	
 7 58      0 97293216  12516  70252    0    0 163376     0 195370 209393 14  4  1 79  2	
15 52      0 97293216  12516  70252    0    0 163264     0 192398 206350 13  5  1 80  2	
11 55      0 97293216  12516  70252    0    0 163408     0 193635 207851 14  5  1 79  2	
 9 57      0 97293216  12516  70252    0    0 163360    24 194917 209473 15  5  1 77  2	
 9 57      0 97293216  12524  70252    0    0 163328    40 193392 209470 14  4  1 79  2	
 5 60      0 97293216  12524  70252    0    0 163392     0 185890 202846 15  3  1 79  2	
11 53      0 97293216  12524  70252    0    0 163264     0 191807 204108 14  4  1 80  2	
12 54      0 97293216  12524  70252    0    0 163440     0 190089 204174 15  5  1 78  2	
 7 57      0 97292720  12524  70252    0    0 163392     0 193755 206774 15  4  1 78  2	
11 55      0 97292600  12524  70252    0    0 163264    32 194499 209804 15  4  1 78  2	
13 53      0 97292600  12532  70252    0    0 163328    36 194184 211729 16  4  1 77  2	
 7 59      0 97292600  12532  70252    0    0 163424     0 192120 205405 14  4  1 79  2	
 9 56      0 97292600  12532  70252    0    0 163280     0 191828 205184 15  4  1 79  2	
10 54      0 97292600  12532  70252    0    0 163264     0 193942 207681 14  4  1 79  2	
procs -----------memory---------- ---swap-- -----io---- --system-- -----cpu-----
 r  b   swpd   free   buff  cache   si   so    bi    bo   in   cs us sy id wa st
 9 57      0 97292600  12532  70252    0    0 163440     4 193195 208363 15  4  1 79  2	
 3 61      0 97292600  12540  70252    0    0 163376    24 193789 209355 14  4  1 79  2	
 4 60      0 97292600  12540  70252    0    0 163328     0 193859 208478 14  4  1 79  2	
13 54      0 97292600  12540  70256    0    0 163264     0 193251 206636 14  4  1 80  2	
32 44      0 97292600  12540  70256    0    0 162944     0 188342 203793 14  4  1 79  2	
 6 59      0 97292600  12540  70256    0    0 163792     0 191992 208191 14  4  1 79  2	
11 55      0 97292600  12540  70256    0    0 163296     0 193017 206039 13  4  1 80  2	
 8 57      0 97292600  12548  70256    0    0 163392    24 194756 211244 15  5  1 77  2	
11 55      0 97292600  12548  70256    0    0 163312     0 192807 208147 14  4  1 79  2	
 3 60      0 97292600  12548  70260    0    0 163408     0 193814 209755 16  4  1 78  2	
 4 61      0 97292600  12548  70260    0    0 163312     0 194688 210192 15  5  1 78  2	
 4 60      0 97292600  12548  70264    0    0 163328     0 193524 209284 15  4  1 78  2	
 7 57      0 97292600  12556  70264    0    0 163216    24 193501 207825 15  5  1 78  2	
 5 59      0 97292600  12556  70268    0    0 163488     0 192142 206776 15  4  1 79  2	
 4 60      0 97292600  12556  70268    0    0 163392     0 191733 206378 13  4  1 81  2	
 6 59      0 97292600  12556  70268    0    0 163312     0 193735 209593 14  5  1 78  2	
 9 56      0 97292600  12556  70268    0    0 163280     0 191396 206803 16  4  0 78  2	
 6 58      0 97292600  12556  70268    0    0 163392     0 193840 207815 14  4  1 79  2	
12 52      0 97292600  12564  70268    0    0 163248    24 193037 210227 15  4  1 78  2	
 6 58      0 97292600  12564  70268    0    0 163472     0 190855 207012 14  4  1 79  2	
 1 63      0 97292600  12564  70268    0    0 163360     8 189566 203802 15  4  1 78  2	
procs -----------memory---------- ---swap-- -----io---- --system-- -----cpu-----
 r  b   swpd   free   buff  cache   si   so    bi    bo   in   cs us sy id wa st
11 56      0 97292600  12564  70268    0    0 163232     0 188568 206742 17  4  1 76  2	
 9 55      0 97292600  12564  70268    0    0 163376     0 189108 205064 14  4  1 79  2	
11 56      0 97292600  12572  70268    0    0 163264    36 193319 209104 15  5  1 77  2	
 5 60      0 97292600  12572  70268    0    0 163440     0 190979 207724 15  4  1 78  2	
11 54      0 97292600  12572  70268    0    0 163296    24 185960 204322 16  5  1 77  2	
 8 56      0 97292600  12572  70268    0    0 163360     0 191647 205016 14  4  1 80  2	
 3 61      0 97292600  12572  70268    0    0 163392     0 193358 207570 13  4  1 80  2	
11 56      0 97292600  12572  70268    0    0 163280     0 193912 209534 15  4  1 78  2	
 8 58      0 97292600  12580  70268    0    0 163344    48 191073 205972 15  4  1 78  2	
 9 57      0 97292600  12580  70268    0    0 163312    36 195433 210277 14  4  1 79  2	
12 55      0 97292600  12580  70268    0    0 163312     0 190728 203038 13  4  1 81  2	
 5 60      0 97292600  12580  70268    0    0 163360     0 190835 203248 14  4  1 80  2	
 6 58      0 97292600  12580  70268    0    0 163264     0 190700 204990 14  4  1 79  2	
10 56      0 97292600  12588  70268    0    0 163360    16 192840 209391 14  4  1 79  2	
 8 56      0 97292600  12588  70268    0    0 163376     0 191921 208283 16  4  1 77  2	
 6 58      0 97292600  12588  70268    0    0 163344     0 191311 205353 14  4  1 79  2	
13 52      0 97292600  12588  70268    0    0 163264     0 190053 202272 13  4  1 81  2	
14 52      0 97292600  12588  70268    0    0 163344     0 193023 205670 14  4  1 79  2	
 6 58      0 97292600  12588  70268    0    0 163456     0 193185 207378 15  4  1 77  2	
 9 55      0 97292600  12596  70268    0    0 163264    16 194270 210366 16  4  1 78  2	
 9 59      0 97292600  12596  70268    0    0 163456     0 193587 209883 15  4  1 79  2	
procs -----------memory---------- ---swap-- -----io---- --system-- -----cpu-----
 r  b   swpd   free   buff  cache   si   so    bi    bo   in   cs us sy id wa st
 6 59      0 97292600  12596  70268    0    0 163312     0 194638 209666 14  4  1 79  2	
 6 58      0 97292600  12596  70268    0    0 163344     0 193159 209560 17  4  1 77  2	
 6 58      0 97292600  12596  70268    0    0 163328     0 194908 210131 15  4  1 78  2	
12 55      0 97292600  12604  70272    0    0 163296    16 188800 205423 16  5  1 76  2	
 8 57      0 97292600  12604  70276    0    0 163440     0 192062 207362 15  4  1 78  2	
 6 58      0 97292600  12604  70276    0    0 163296     0 194745 209748 15  4  1 78  2	
 5 60      0 97292600  12604  70276    0    0 163376     0 192694 206223 14  4  1 79  2	
 6 59      0 97292600  12604  70276    0    0 163376     0 190533 205696 15  3  1 79  2	
 9 57      0 97292600  12604  70276    0    0 163280     0 193343 207613 15  4  1 78  2	
 5 59      0 97292600  12612  70276    0    0 163360    24 194109 209338 14  4  1 79  2	
 6 58      0 97292600  12612  70276    0    0 163296     0 195140 210631 16  4  1 77  2	
19 50      0 97292600  12612  70276    0    0 163232     0 191433 206415 15  4  1 78  2	
 8 58      0 97292600  12612  70276    0    0 163472     0 192330 206258 14  4  1 79  2	
10 55      0 97292600  12612  70276    0    0 163328     0 188520 205642 15  5  1 77  2	
 9 57      0 97292480  12620  70276    0    0 163360    36 194435 208585 15  4  1 79  2	
 5 60      0 97292480  12620  70276    0    0 163392     0 192318 205746 14  3  1 80  2	
 8 56      0 97292480  12620  70276    0    0 163248     0 190213 205464 13  4  1 80  2	
 7 58      0 97292480  12620  70276    0    0 163392     0 192389 206762 14  4  1 79  2	
10 55      0 97292480  12620  70276    0    0 163312     0 193461 207708 14  3  0 80  2	
10 56      0 97292480  12620  70276    0    0 163376     0 193308 207563 14  4  1 78  2	
 4 60      0 97292480  12628  70276    0    0 163408    28 191467 204259 12  4  1 81  2	
procs -----------memory---------- ---swap-- -----io---- --system-- -----cpu-----
 r  b   swpd   free   buff  cache   si   so    bi    bo   in   cs us sy id wa st
 4 61      0 97292480  12628  70276    0    0 163344     0 190533 206986 16  4  1 77  2	
 6 59      0 97292480  12628  70276    0    0 163312     0 191645 203990 13  4  1 80  2	
 8 58      0 97292480  12628  70276    0    0 163312     0 191740 210384 16  5  1 77  2	
 3 61      0 97292480  12628  70276    0    0 163360    20 194913 209514 15  4  1 78  2	
 9 55      0 97292480  12636  70276    0    0 163280    16 192973 207928 14  3  1 80  2	
 7 57      0 97292480  12636  70276    0    0 163360     0 191518 205316 14  4  1 79  2	
10 56      0 97292480  12636  70276    0    0 163376     0 189792 204943 15  4  1 79  2	
 3 61      0 97292480  12636  70276    0    0 163360     0 193310 207291 14  5  1 79  2	
11 55      0 97292480  12636  70276    0    0 163312     0 193104 208994 15  4  1 78  2	
11 56      0 97292480  12636  70276    0    0 163344     0 190985 205877 15  3  1 79  2	
16 50      0 97292480  12644  70276    0    0 163216    16 191615 205208 15  4  1 78  2	
11 55      0 97292480  12644  70276    0    0 163456     0 192335 207306 15  4  1 79  2	
 7 58      0 97292480  12644  70276    0    0 163440     0 194774 209402 15  4  1 78  2	
 9 57      0 97292480  12644  70276    0    0 163328     0 192763 206191 14  3  1 80  2	
 7 57      0 97292480  12644  70276    0    0 163328     0 190688 203862 14  4  1 79  2	
 7 58      0 97292480  12652  70276    0    0 163360    16 194476 208893 14  4  1 79  2	
11 54      0 97292480  12652  70276    0    0 163264     0 193875 208696 15  4  1 79  2	
 7 57      0 97292480  12652  70280    0    0 163424     0 193341 208968 15  5  1 78  2	
10 56      0 97292480  12652  70280    0    0 163296     4 195417 211988 15  4  1 79  2	
 4 60      0 97292480  12652  70280    0    0 163376     0 192897 208299 15  4  1 79  2	
11 55      0 97292480  12652  70280    0    0 163248     0 190223 206390 16  3  1 77  2	
procs -----------memory---------- ---swap-- -----io---- --system-- -----cpu-----
 r  b   swpd   free   buff  cache   si   so    bi    bo   in   cs us sy id wa st
 7 58      0 97292480  12660  70280    0    0 163408    16 195866 211632 16  4  1 77  2	
12 54      0 97292480  12660  70280    0    0 163280     0 193374 208431 15  5  1 77  2	
 7 57      0 97292480  12660  70280    0    0 163360     0 194920 208755 14  3  1 79  2	
10 55      0 97292480  12660  70284    0    0 163344     8 195426 209306 14  4  1 79  2	
12 54      0 97292480  12660  70284    0    0 163328     0 190830 208535 16  5  1 77  2	
10 55      0 97292480  12668  70284    0    0 163408    32 193401 207846 13  4  1 80  2	
10 56      0 97292480  12668  70284    0    0 163376     0 195772 210690 14  4  1 79  2	
12 54      0 97292480  12668  70284    0    0 163328     0 194333 207528 14  3  1 80  2	
 2 63      0 97292480  12668  70284    0    0 163472     0 195478 208750 13  4  1 80  2	
 8 58      0 97292480  12668  70284    0    0 163296     0 194115 208297 14  4  1 79  2	
 5 60      0 97292544  12668  70284    0    0 163328     0 195031 211862 14  4  1 79  2	
 4 60      0 97292544  12676  70284    0    0 163360    16 191261 205223 13  4  0 81  2	
 7 58      0 97292544  12676  70284    0    0 163344     0 191581 203934 13  3  1 81  2	
 6 59      0 97292544  12676  70284    0    0 163360    16 194736 209642 14  4  1 79  2	
12 55      0 97292544  12676  70284    0    0 163312     0 191920 205726 13  3  1 81  2	
 5 60      0 97292544  12676  70284    0    0 163376     0 195847 209223 14  4  1 79  2	
13 56      0 97292544  12684  70284    0    0 163264    16 192379 204790 13  3  1 82  2	
 6 58      0 97292544  12684  70284    0    0 163360     0 194376 209958 15  4  1 78  2	
11 57      0 97292544  12684  70284    0    0 163280     0 195760 210804 14  5  1 79  2	
 8 59      0 97292544  12684  70284    0    0 163376     0 190186 207927 15  4  1 78  2	
11 56      0 97292544  12684  70284    0    0 163312     0 193218 206771 14  4  1 80  2	
procs -----------memory---------- ---swap-- -----io---- --system-- -----cpu-----
 r  b   swpd   free   buff  cache   si   so    bi    bo   in   cs us sy id wa st
11 57      0 97292544  12688  70280    0    0 163328    12 192546 207704 15  4  1 78  2	
 6 58      0 97292544  12692  70284    0    0 163328     4 193306 208121 13  5  1 79  2	
10 55      0 97292544  12692  70284    0    0 163408     0 191409 204090 14  3  1 81  2	
 9 55      0 97292544  12692  70284    0    0 163312     0 194552 209091 14  4  1 79  2	
 4 60      0 97292544  12692  70284    0    0 163392     0 193358 207860 15  4  1 78  2	
 6 58      0 97292544  12692  70284    0    0 163312     0 194074 208420 14  4  1 79  2	
10 56      0 97292544  12700  70284    0    0 163312    16 194699 208502 14  4  1 80  2	
10 55      0 97292544  12700  70284    0    0 163360     8 193127 206010 14  3  1 80  2	
 5 60      0 97292544  12700  70288    0    0 163424     0 191591 206019 15  4  1 78  2	
 7 57      0 97292544  12700  70288    0    0 163312     0 186865 205845 17  5  0 76  2	
 9 57      0 97292544  12700  70288    0    0 163328     0 190288 201280 13  4  1 81  2	
 5 60      0 97292544  12708  70288    0    0 163344    28 192187 205247 13  4  1 80  2	
 8 58      0 97292544  12708  70288    0    0 163312     4 193223 207860 14  4  1 79  2	
10 56      0 97292544  12708  70288    0    0 163312     0 193681 207606 14  4  1 79  2	
 5 59      0 97292544  12708  70288    0    0 163408     0 193735 209412 15  4  1 78  2	
 9 56      0 97292544  12708  70288    0    0 163056     0 194849 210493 14  4  1 79  2	
11 55      0 97292544  12708  70288    0    0 163568     0 192825 206790 13  4  1 80  2	
 5 60      0 97292544  12716  70288    0    0 163392    24 194337 206981 14  4  1 79  2	
 6 59      0 97292544  12716  70288    0    0 163312     0 193356 207440 14  5  1 79  2	
13 55      0 97292544  12716  70288    0    0 163344     0 183471 200301 15  5  1 78  2	
 8 58      0 97292544  12716  70288    0    0 163392     0 194656 209354 16  4  1 77  2	
procs -----------memory---------- ---swap-- -----io---- --system-- -----cpu-----
 r  b   swpd   free   buff  cache   si   so    bi    bo   in   cs us sy id wa st
 9 58      0 97292544  12724  70280    0    0 163344    28 191700 205686 15  4  1 78  2	
 7 57      0 97292544  12724  70288    0    0 163312     0 191126 202503 12  4  1 82  2	
12 55      0 97292544  12724  70288    0    0 163312     0 192240 205084 13  4  1 80  2	
 8 56      0 97292544  12724  70288    0    0 163392     0 193596 206847 14  4  1 79  2	
 6 58      0 97292544  12724  70292    0    0 163360     0 192010 207030 15  4  1 78  2	
 9 58      0 97292544  12732  70284    0    0 163248    16 192612 208106 14  4  1 79  2	
 7 58      0 97292544  12732  70292    0    0 163360     0 193332 207912 14  4  0 80  2	
 9 56      0 97292544  12732  70292    0    0 163328    20 193335 206892 14  4  1 79  2	
10 53      0 97292544  12732  70292    0    0 163312     0 195253 210522 14  4  1 79  2	
10 55      0 97292544  12732  70292    0    0 163360     0 192843 207488 14  4  1 79  2	
13 54      0 97292544  12732  70292    0    0 163248     0 194091 207809 15  4  1 79  2	
12 53      0 97292544  12740  70292    0    0 163408    16 193263 207880 14  4  1 79  2	
 4 60      0 97292544  12740  70292    0    0 163472     0 193570 208454 15  3  1 79  2	
 6 57      0 97292544  12740  70292    0    0 163280     0 193865 208950 15  4  1 79  2	
 8 59      0 97292544  12740  70292    0    0 163312     0 193050 207461 15  3  1 79  2	
 9 55      0 97292544  12740  70292    0    0 163312     0 193060 207346 14  4  1 79  2	
 5 59      0 97292544  12748  70284    0    0 163344    16 192537 206740 14  4  1 80  2	
 8 56      0 97292544  12748  70292    0    0 163296     8 194184 208867 15  4  1 78  2	
12 54      0 97292544  12748  70292    0    0 163344     0 192516 207481 14  3  1 80  2	
14 51      0 97292544  12748  70292    0    0 163392     0 189400 206266 17  3  1 77  2	
15 51      0 97292544  12748  70296    0    0 163344     0 195086 210068 14  4  1 79  2	
procs -----------memory---------- ---swap-- -----io---- --system-- -----cpu-----
 r  b   swpd   free   buff  cache   si   so    bi    bo   in   cs us sy id wa st
 9 56      0 97292544  12752  70292    0    0 163408    24 194512 210366 14  4  1 79  2	
13 53      0 97292544  12756  70296    0    0 163312     4 195205 209185 14  3  1 79  2	
10 56      0 97292544  12756  70296    0    0 163488     0 195049 209284 15  4  1 78  2	
12 55      0 97292544  12756  70296    0    0 163312     0 192076 207697 14  4  1 79  2	
 9 57      0 97292544  12756  70296    0    0 163392     0 193197 206224 13  4  1 80  2	
 7 59      0 97292544  12756  70296    0    0 163360     0 194363 206603 14  4  1 80  2	
11 54      0 97292544  12764  70296    0    0 163328    24 192254 207386 14  4  1 80  2	
15 54      0 97292544  12764  70296    0    0 163296     0 192295 207049 15  4  1 78  2	
16 53      0 97292544  12764  70296    0    0 163392     0 189400 204156 14  4  1 79  2	
14 52      0 97292544  12764  70296    0    0 163344     0 193970 209372 15  5  1 78  2	
 7 59      0 97292544  12764  70296    0    0 163408     0 194626 211185 15  4  1 78  2	
 6 58      0 97292544  12772  70288    0    0 163328    28 190510 203086 13  4  1 81  2	
 6 59      0 97292544  12772  70296    0    0 163312     0 194935 210257 14  4  1 79  2	
10 57      0 97292544  12772  70296    0    0 163328     0 191443 206189 14  4  1 80  2	
 6 59      0 97292544  12772  70296    0    0 163376     0 193784 206793 13  4  1 79  2	
 9 56      0 97292544  12772  70296    0    0 163312     0 191675 209011 16  4  1 78  2	
16 53      0 97292544  12772  70296    0    0 163328     0 194188 210466 15  3  1 79  2	
 4 60      0 97292544  12780  70296    0    0 163440    16 193623 207260 13  4  1 80  2	
 6 59      0 97292544  12780  70296    0    0 163312     0 191894 208324 15  4  1 79  2	
 9 56      0 97292544  12780  70296    0    0 163312     0 194388 208307 14  4  1 79  2	
12 54      0 97292544  12780  70296    0    0 163280     0 193977 209375 14  4  1 79  2	
procs -----------memory---------- ---swap-- -----io---- --system-- -----cpu-----
 r  b   swpd   free   buff  cache   si   so    bi    bo   in   cs us sy id wa st
 9 57      0 97292544  12780  70296    0    0 163392    20 192199 206092 14  4  1 79  2	
 8 57      0 97292544  12788  70296    0    0 163280    16 192527 205792 14  4  1 80  2	
10 54      0 97292544  12788  70296    0    0 163392     0 195184 210421 14  4  1 79  2	
 8 56      0 97292544  12788  70296    0    0 163344     0 195587 210819 14  3  1 80  2	
 8 57      0 97292544  12788  70300    0    0 163360     0 191198 205034 15  4  1 79  2	
12 56      0 97292544  12788  70300    0    0 163296     0 191570 206575 15  4  1 79  2	
 3 62      0 97292544  12788  70300    0    0 163456     8 190547 207715 15  4  1 78  2	
12 53      0 97292544  12796  70300    0    0 163248    36 190217 205889 15  4  1 79  2	
 5 59      0 97292544  12796  70300    0    0 163440     0 194213 209664 14  4  1 79  2	
 9 56      0 97292544  12796  70300    0    0 163312     0 191830 206512 13  4  1 80  2	
12 54      0 97292544  12796  70300    0    0 163312     0 192074 205881 14  4  1 80  2	
11 54      0 97292544  12796  70304    0    0 163408     0 195242 210221 15  4  1 78  2	
 8 56      0 97292544  12804  70296    0    0 163344    16 193697 208585 15  3  1 79  2	
14 53      0 97292544  12804  70304    0    0 163296     0 192424 204072 13  4  1 80  2	
12 54      0 97292544  12804  70304    0    0 163440     0 192879 210992 14  5  1 79  2	
 6 60      0 97292544  12804  70304    0    0 163440     0 192161 205545 15  3  1 79  2	
 4 60      0 97292544  12804  70304    0    0 163392     8 189483 206945 15  3  0 80  2	
 2 62      0 97292544  12804  70304    0    0 163312     0 190666 205400 15  4  1 79  2	
 7 58      0 97292544  12812  70304    0    0 163264    28 190980 207533 15  4  1 78  2	
10 55      0 97292544  12812  70304    0    0 163312     0 192010 207466 14  4  1 79  2	
11 55      0 97292544  12812  70304    0    0 163392     0 194529 208856 15  5  1 77  2	
procs -----------memory---------- ---swap-- -----io---- --system-- -----cpu-----
 r  b   swpd   free   buff  cache   si   so    bi    bo   in   cs us sy id wa st
 7 57      0 97292544  12812  70304    0    0 163392     0 194089 208324 14  4  1 79  2	
 6 59      0 97292544  12812  70304    0    0 163360     0 195140 212362 16  4  1 77  2	
15 52      0 97292544  12820  70296    0    0 163264    16 193150 206037 13  4  1 80  2	
 9 56      0 97292544  12820  70304    0    0 163408     0 194098 207871 14  4  1 79  2	
 9 55      0 97292544  12820  70304    0    0 163360     0 194760 211050 15  4  1 78  2	
 9 57      0 97292544  12820  70304    0    0 163344     0 193547 207472 13  3  1 80  2	
 9 56      0 97292544  12820  70304    0    0 163312     0 192781 208253 15  4  1 79  2	
11 54      0 97292544  12820  70304    0    0 163296     0 192568 205264 14  4  1 79  2	
12 55      0 97292544  12828  70304    0    0 163456    20 184349 203293 16  5  1 77  2	
11 55      0 97292544  12828  70304    0    0 163360     0 194971 209483 14  4  1 79  2	
 7 58      0 97292544  12828  70304    0    0 163344     0 193582 207351 14  4  1 79  2	
 7 57      0 97292544  12828  70304    0    0 163328     0 193850 207704 14  5  1 78  2	
 9 56      0 97292544  12828  70304    0    0 163312     0 192220 208449 16  4  1 77  2	
 4 60      0 97292544  12836  70296    0    0 163424    16 195074 210426 14  4  1 79  2	
 8 57      0 97292544  12836  70304    0    0 163280     0 191502 205190 13  4  1 81  2	
 9 56      0 97292544  12836  70304    0    0 163360    40 193319 206380 13  4  1 80  2	
 6 59      0 97292512  12836  70304    0    0 163376     0 190518 207450 17  4  1 76  2	
11 55      0 97292512  12836  70304    0    0 163312     0 192447 209654 16  5  1 76  2	
14 54      0 97292512  12836  70304    0    0 163344     0 193582 206970 14  4  1 79  2	
10 56      0 97292512  12844  70304    0    0 163344    16 194467 207863 14  4  1 79  2	
11 55      0 97292512  12844  70304    0    0 163328     4 190980 203583 13  4  1 80  2	
procs -----------memory---------- ---swap-- -----io---- --system-- -----cpu-----
 r  b   swpd   free   buff  cache   si   so    bi    bo   in   cs us sy id wa st
11 55      0 97292512  12844  70304    0    0 163328     0 194840 210480 15  4  1 78  2	
10 55      0 97292512  12844  70304    0    0 163360     0 194412 209031 14  4  1 80  2	
10 57      0 97292512  12844  70304    0    0 163408     0 193127 206729 14  4  1 79  2	
12 53      0 97292512  12852  70300    0    0 163280    16 193770 206717 15  3  1 79  2	
 4 60      0 97292512  12852  70312    0    0 163440     0 193601 207035 14  4  1 80  2	
 6 59      0 97292512  12852  70312    0    0 163312     8 193342 207803 15  4  1 78  2	
 7 59      0 97292512  12852  70312    0    0 163264     0 192770 207375 14  4  1 80  2	
10 54      0 97292512  12852  70312    0    0 163328     0 193452 208285 14  4  1 80  2	
11 55      0 97292512  12852  70312    0    0 163360     0 195014 209016 14  4  1 79  2	
10 54      0 97292512  12860  70312    0    0 163360    28 193871 208609 14  5  1 78  2	
 8 59      0 97292512  12860  70312    0    0 163344     0 194611 207594 13  4  1 80  2	
 9 58      0 97292512  12860  70312    0    0 163408     0 188794 205103 14  4  0 80  2	
10 55      0 97292512  12860  70312    0    0 163280     0 193017 206822 14  4  1 80  2	
 8 58      0 97292512  12860  70312    0    0 163424     0 192572 206154 14  4  1 79  2	
 9 57      0 97292512  12868  70304    0    0 163328    16 193791 209056 15  3  1 79  2	
 7 58      0 97292512  12868  70312    0    0 163344     4 191864 206019 15  4  1 79  2	
 6 60      0 97292512  12868  70312    0    0 163360     0 193732 207162 14  4  1 79  2	
12 53      0 97292512  12868  70312    0    0 163232     0 193344 209644 14  4  1 80  2	
 8 57      0 97292512  12868  70312    0    0 163424     0 194347 209069 13  4  1 80  2	
 8 57      0 97292512  12868  70312    0    0 163312     0 193016 205663 15  3  1 79  2	
10 56      0 97292512  12876  70312    0    0 163376    16 193928 208866 14  4  1 79  2	
procs -----------memory---------- ---swap-- -----io---- --system-- -----cpu-----
 r  b   swpd   free   buff  cache   si   so    bi    bo   in   cs us sy id wa st
 8 58      0 97292512  12876  70312    0    0 163392     0 192799 206305 15  4  1 79  2	
 8 57      0 97292512  12876  70312    0    0 163328     0 193718 207628 14  4  1 79  2	
 6 60      0 97292512  12876  70312    0    0 163344     0 191532 206812 16  4  0 78  2	
13 54      0 97292512  12876  70312    0    0 163248     0 192815 206943 14  5  1 79  2	
 9 56      0 97292512  12884  70304    0    0 163376    16 193977 209185 16  4  1 77  2	
18 51      0 97292512  12884  70312    0    0 163312     0 194378 211139 14  4  1 79  2	
 9 58      0 97292512  12884  70312    0    0 163392     0 193050 207907 14  4  1 79  2	
12 53      0 97292512  12884  70312    0    0 163312     0 192921 206559 15  4  1 78  2	
 3 61      0 97292512  12884  70312    0    0 163440     0 193727 207174 14  3  1 80  2	
10 56      0 97292512  12884  70312    0    0 163360    20 193146 209224 16  4  1 78  2	
 9 55      0 97292512  12892  70312    0    0 163344    28 191201 205013 14  5  1 79  2	
 7 57      0 97292512  12892  70312    0    0 163312     0 191714 205532 12  4  1 82  2	
13 51      0 97292512  12892  70312    0    0 163296     0 195201 209446 14  4  1 79  2	
 9 58      0 97292512  12892  70312    0    0 163456     0 193179 207035 13  4  1 80  2	
12 56      0 97292512  12892  70312    0    0 163280     0 192710 207711 15  4  1 78  2	
 6 58      0 97292512  12900  70308    0    0 163408    16 192571 207398 14  4  1 80  2	
 7 58      0 97292384  12900  70316    0    0 163312     0 195993 209956 14  5  1 78  2	
11 54      0 97292384  12900  70316    0    0 163312     0 193067 206883 14  4  1 80  2	
 8 58      0 97292384  12900  70316    0    0 163392     0 192584 206277 14  4  1 79  2	
12 54      0 97292384  12900  70316    0    0 163296     8 195823 210752 14  5  1 78  2	
15 51      0 97292384  12900  70316    0    0 163312     0 194008 207018 15  4  1 78  2	
procs -----------memory---------- ---swap-- -----io---- --system-- -----cpu-----
 r  b   swpd   free   buff  cache   si   so    bi    bo   in   cs us sy id wa st
11 55      0 97292384  12908  70316    0    0 163424    28 191921 203679 12  4  1 81  2	
13 54      0 97292384  12908  70316    0    0 163328     0 193552 208101 15  3  1 79  2	
 6 58      0 97292384  12908  70316    0    0 163408     0 193788 208790 14  4  1 79  2	
10 55      0 97292384  12908  70316    0    0 163312     0 190065 204426 14  4  1 79  2	
 8 58      0 97292384  12908  70316    0    0 163344     0 195315 209494 14  4  1 79  2	
16 53      0 97292384  12916  70312    0    0 163312    16 194528 209657 14  4  1 78  2	
10 55      0 97292384  12916  70320    0    0 163360     0 192274 204776 14  4  1 79  2	
 7 58      0 97292384  12916  70320    0    0 163360     0 189645 205360 15  4  1 78  2	
18 50      0 97292384  12916  70320    0    0 163328     0 194514 209531 14  4  1 79  2	
 3 61      0 97292384  12916  70320    0    0 163488     0 192749 208768 15  5  1 78  2	
 8 57      0 97292384  12916  70320    0    0 163280     0 195035 210351 14  4  1 80  2	
 7 60      0 97292384  12924  70320    0    0 163392    16 194757 211230 16  4  1 78  2	
13 54      0 97292384  12924  70320    0    0 163296     0 195466 212764 16  4  1 78  2	
 7 56      0 97292384  12924  70320    0    0 163376     0 193556 209803 15  4  1 78  2	
 7 58      0 97292384  12924  70320    0    0 163344     0 194408 209855 16  4  1 78  2	
10 56      0 97292384  12924  70320    0    0 163280     0 192835 206891 13  4  1 80  2	
 7 57      0 97292384  12932  70312    0    0 163360    16 193423 206287 13  5  1 80  2	
 6 60      0 97292384  12932  70320    0    0 163392     0 194973 211558 16  3  1 78  2	
10 56      0 97292384  12932  70320    0    0 163264     0 193678 206200 13  4  1 80  2	
11 53      0 97292384  12932  70320    0    0 163280    16 194907 209475 14  4  1 79  2	
 8 56      0 97292384  12932  70320    0    0 163392     0 192148 206448 15  4  1 78  2	
procs -----------memory---------- ---swap-- -----io---- --system-- -----cpu-----
 r  b   swpd   free   buff  cache   si   so    bi    bo   in   cs us sy id wa st
 8 59      0 97292384  12932  70320    0    0 163408    24 195505 211015 15  4  1 78  2	
 9 57      0 97292384  12940  70320    0    0 163296     4 188897 204482 15  4  1 78  2	
12 54      0 97292384  12940  70320    0    0 163312     0 190218 206812 16  4  1 77  2	
 4 60      0 97292384  12940  70320    0    0 163440     0 195231 208782 14  4  1 79  2	
 6 58      0 97292384  12940  70320    0    0 163360     0 188675 204825 15  5  1 78  2	
10 56      0 97292384  12940  70320    0    0 163312     0 192994 210145 15  4  1 78  2	
13 55      0 97292256  12948  70324    0    0 163360    16 191796 208036 15  4  1 78  2	
 8 58      0 97292256  12948  70324    0    0 163392     0 190919 206128 16  5  1 77  2	
11 56      0 97292256  12948  70324    0    0 163392     8 191163 205415 14  4  1 79  2	
 9 58      0 97292256  12948  70324    0    0 163312     0 194036 210588 15  3  1 79  2	
 6 58      0 97292256  12948  70324    0    0 163376     0 195690 211985 15  4  1 78  2	
 4 61      0 97292256  12956  70316    0    0 163392    28 192823 205606 14  4  1 80  2	
12 54      0 97292256  12956  70324    0    0 163232     0 194244 209483 14  4  1 79  2	
 9 56      0 97292256  12956  70324    0    0 163392     0 193816 208627 15  4  1 78  2	
11 53      0 97292256  12956  70324    0    0 163344     0 193402 208179 14  4  1 79  2	
 5 60      0 97292256  12956  70324    0    0 163408     0 193143 206962 14  4  1 80  2	
12 54      0 97292136  12956  70324    0    0 163280     0 193315 206836 12  5  1 80  2	
 9 56      0 97292136  12964  70324    0    0 163408    16 190801 205439 13  4  1 80  2	
 8 58      0 97292136  12964  70324    0    0 163344     0 194364 209075 14  5  1 79  2	
 9 57      0 97292136  12964  70324    0    0 163312     0 195147 210430 15  5  1 77  2	
 8 58      0 97292136  12964  70324    0    0 163312     0 191371 207991 17  4  1 77  2	
procs -----------memory---------- ---swap-- -----io---- --system-- -----cpu-----
 r  b   swpd   free   buff  cache   si   so    bi    bo   in   cs us sy id wa st
 8 56      0 97292136  12964  70324    0    0 163360     0 193701 206764 14  5  1 79  2	
 9 58      0 97292016  12972  70320    0    0 163376    24 191655 207128 15  4  1 78  2	
 9 58      0 97292016  12972  70328    0    0 163328     0 192956 207004 13  4  1 80  2	
 8 57      0 97292016  12972  70328    0    0 163344     0 194061 207500 14  4  0 79  2	
10 55      0 97292016  12972  70328    0    0 163312     0 193249 207799 14  4  1 80  2	
 8 58      0 97292016  12972  70332    0    0 163376     0 194030 207279 15  4  1 79  2	
 7 57      0 97292016  12972  70332    0    0 163344     0 193025 207570 16  4  1 78  2	
 8 58      0 97292016  12980  70332    0    0 163360    16 194334 209819 14  5  1 79  2	
 9 55      0 97292016  12980  70332    0    0 163328     8 193263 206819 14  4  1 80  2	
10 57      0 97292016  12980  70332    0    0 163344     0 191970 205573 14  4  1 79  2	
14 55      0 97292016  12980  70332    0    0 163296     0 193827 207652 14  4  1 79  2	
 7 58      0 97292016  12980  70332    0    0 163376     0 189367 202340 16  3  1 78  2	
11 55      0 97292016  12988  70324    0    0 163328    32 193793 207813 15  4  1 78  2	
11 54      0 97292016  12988  70332    0    0 163360    32 193945 210484 14  4  1 79  2	
 5 61      0 97292016  12988  70332    0    0 163408     0 194928 208060 15  4  1 79  2	
10 55      0 97292016  12988  70332    0    0 163296     0 195423 212035 16  4  1 77  2	
 7 57      0 97292016  12988  70332    0    0 163376     0 195056 207937 15  4  1 79  2	
 7 56      0 97292016  12988  70332    0    0 163312     0 192005 205489 14  4  1 79  2	
 3 61      0 97292016  12996  70332    0    0 163408    20 191846 205900 14  4  1 79  2	
 4 61      0 97292016  12996  70336    0    0 163296     0 193027 208784 14  4  1 79  2	
17 49      0 97292016  12996  70336    0    0 163200     0 194527 210120 15  4  1 78  2	
procs -----------memory---------- ---swap-- -----io---- --system-- -----cpu-----
 r  b   swpd   free   buff  cache   si   so    bi    bo   in   cs us sy id wa st
 8 56      0 97292016  12996  70336    0    0 163552     0 191411 208247 17  3  1 77  2	
12 53      0 97292016  12996  70336    0    0 163248     0 195482 209232 14  4  1 79  2	
12 54      0 97292016  13004  70328    0    0 163328    16 193445 207403 14  4  1 79  2	
 5 60      0 97292016  13004  70336    0    0 163424     0 196880 213090 15  3  1 79  2	
 4 60      0 97292016  13004  70336    0    0 163376     0 193992 208432 14  4  1 80  2	
 8 56      0 97291296  13008  70420    0    0 163416     0 195553 211288 14  4  1 79  2	
11 53      0 97291296  13008  70420    0    0 163264     0 195106 208269 14  4  1 79  2	
12 54      0 97291296  13008  70420    0    0 163360     0 193562 207209 13  4  1 80  2	
 9 56      0 97291296  13016  70420    0    0 163376    16 190722 202852 14  4  1 79  2	
10 55      0 97290928  13424  70424    0    0 163772     0 193568 208157 15  4  1 78  2	
12 53      0 97290928  13424  70424    0    0 163312     0 192439 207181 14  5  1 78  2	
 4 61      0 97290928  13424  70424    0    0 163376     0 193418 207395 14  4  1 79  2	
 8 56      0 97290928  13424  70424    0    0 163296    12 192132 207112 14  3  1 80  2	
12 56      0 97290928  13432  70420    0    0 163408    32 187180 204434 15  4  1 78  2	
 8 58      0 97290928  13432  70424    0    0 163344     0 196560 211613 15  4  1 79  2	
 5 59      0 97290928  13432  70424    0    0 163328     0 192900 206791 14  4  1 79  2	
10 55      0 97288080  13560  72288    0    0 167944     0 194885 210057 15  4  1 78  2	
14 54      0 97286456  13560  74928    0    0 163312     0 193657 210923 15  5  1 78  2	
13 55      0 97286456  13564  74924    0    0 163412     0 194085 207179 15  4  1 79  2	
14 52      0 97286336  13572  74928    0    0 163312    16 193290 209456 16  4  1 78  2	
10 54      0 97286336  13576  74924    0    0 163380     0 192113 205972 15  4  1 78  2	
procs -----------memory---------- ---swap-- -----io---- --system-- -----cpu-----
 r  b   swpd   free   buff  cache   si   so    bi    bo   in   cs us sy id wa st
 7 58      0 97286080  13580  74928    0    0 163460     0 194356 210635 15  4  1 78  2	
13 51      0 97285960  13584  74928    0    0 163188     8 194373 209978 15  4  1 79  2	
10 56      0 97285840  13584  74928    0    0 163440     0 194281 209781 15  5  1 77  2	
 8 57      0 97285464  13596  75032    0    0 163476    16 193866 208292 15  4  1 79  2	
 6 58      0 97285464  13596  75040    0    0 163360     0 192753 205503 13  4  1 80  2	
 9 56      0 97285464  13596  75040    0    0 163296     0 193991 208683 15  4  1 78  2	
11 54      0 97285344  13596  75044    0    0 163328    24 192295 204215 14  4  1 80  2	
12 56      0 97285344  13596  75044    0    0 163392     0 194153 211864 16  5  1 77  2	
 8 58      0 97285344  13596  75044    0    0 163360     0 193611 205840 14  4  1 80  2	
13 52      0 97285344  13604  75044    0    0 163280    28 193077 208672 15  4  1 78  2	
 9 56      0 97285344  13604  75048    0    0 163360     0 193363 207985 16  4  1 78  2	
 9 56      0 97285344  13604  75048    0    0 163360     0 193007 207898 14  3  1 80  2	
 7 58      0 97285344  13604  75048    0    0 163408     0 192475 206754 15  4  1 78  2	
 9 57      0 97285344  13604  75048    0    0 163328     0 194054 209000 14  4  1 80  2	
 5 60      0 97285344  13612  75040    0    0 163360    16 193919 208661 15  5  1 78  2	
13 54      0 97285344  13612  75048    0    0 163312     0 194906 210873 14  5  1 78  2	
11 53      0 97285344  13612  75048    0    0 163328     0 194459 209065 15  3  1 79  2	
 6 58      0 97285344  13612  75048    0    0 163392     0 189991 204660 15  5  1 78  2	
10 54      0 97285344  13612  75048    0    0 163328     0 195928 213284 16  4  1 78  2	
10 55      0 97285344  13612  75048    0    0 163312     0 192929 208796 16  4  1 77  2	
 9 57      0 97285344  13620  75048    0    0 163376    16 193891 207989 14  4  1 79  2	
procs -----------memory---------- ---swap-- -----io---- --system-- -----cpu-----
 r  b   swpd   free   buff  cache   si   so    bi    bo   in   cs us sy id wa st
12 53      0 97285216  13620  75048    0    0 163328     0 193741 209928 14  4  1 79  2	
 5 60      0 97285216  13620  75048    0    0 163440     0 192678 207171 14  4  1 80  2	
 9 57      0 97285208  13620  75064    0    0 163180     0 194790 208821 15  4  1 78  2	
 8 58      0 97285216  13620  75076    0    0 163456     0 190671 206294 15  4  1 78  2	
 9 57      0 97285216  13628  75068    0    0 163296    16 192618 207315 13  4  1 80  2	
 6 60      0 97285216  13628  75076    0    0 163440     0 193717 209906 15  4  1 78  2	
12 56      0 97285216  13628  75076    0    0 163296     0 192966 206612 13  5  1 80  2	
 7 58      0 97285216  13628  75076    0    0 163360     0 190340 206169 15  4  1 78  2	
 9 54      0 97285216  13628  75076    0    0 163312     0 195435 211319 15  4  1 78  2	
 7 58      0 97285216  13628  75076    0    0 163392     0 195484 210580 14  4  1 79  2	
 7 58      0 97285216  13636  75076    0    0 163328    16 193374 207576 14  3  1 80  2	
14 53      0 97285216  13636  75076    0    0 163264     8 194902 211419 15  4  1 78  2	
 8 58      0 97285216  13636  75076    0    0 163440     0 192649 208610 15  4  1 79  2	
11 55      0 97285216  13636  75076    0    0 163264     0 194583 208584 14  3  1 80  2	
10 56      0 97285216  13636  75076    0    0 163392     0 194853 209194 14  4  1 80  2	
12 54      0 97285216  13644  75068    0    0 163312    28 194261 210632 15  4  1 78  2	
10 56      0 97285216  13644  75076    0    0 163376     0 192498 208227 16  4  1 77  2	
 8 57      0 97285216  13644  75076    0    0 163328     0 193170 208480 14  4  1 79  2	
 8 56      0 97285216  13644  75076    0    0 163344     0 192817 207050 15  3  1 79  2	
 5 59      0 97285216  13644  75076    0    0 163360     0 195614 210667 14  4  1 79  2	
 7 57      0 97285216  13644  75076    0    0 163328     0 186219 202703 13  4  1 80  2	
procs -----------memory---------- ---swap-- -----io---- --system-- -----cpu-----
 r  b   swpd   free   buff  cache   si   so    bi    bo   in   cs us sy id wa st
17 50      0 97285216  13652  75076    0    0 163232    32 194121 208252 14  4  1 79  2	
 9 56      0 97285216  13652  75080    0    0 163504     0 195009 210724 14  4  1 79  2	
12 54      0 97285216  13652  75080    0    0 163296     0 191145 206169 15  4  1 78  2	
12 55      0 97285216  13652  75080    0    0 163376     0 192798 208563 16  4  1 78  2	
 5 60      0 97285216  13652  75080    0    0 163344     0 192472 207611 13  4  1 80  2	
10 55      0 97285216  13660  75072    0    0 163312    28 192440 207177 15  3  1 79  2	
 8 57      0 97285216  13660  75084    0    0 163440     0 192686 205620 13  4  0 80  2	
 9 57      0 97285216  13660  75084    0    0 163376     0 192078 206633 14  4  1 79  2	
10 57      0 97285216  13660  75084    0    0 163392     0 192274 206202 13  3  1 81  2	
11 53      0 97285216  13660  75084    0    0 163280     0 193574 206650 14  4  1 79  2	
13 54      0 97285216  13660  75084    0    0 163392     0 191898 206155 14  4  1 79  2	
 5 59      0 97285216  13668  75084    0    0 163424    16 190099 204927 13  4  1 81  2	
 7 57      0 97285216  13668  75084    0    0 163328     0 191818 204846 14  4  1 80  2	
 9 55      0 97285216  13668  75084    0    0 163248     0 191003 203598 13  4  1 80  2	
 7 59      0 97285216  13668  75084    0    0 163408     0 191535 206383 13  4  1 80  2	
15 52      0 97285344  13668  75084    0    0 163248     0 194853 209718 14  4  1 79  2	
13 54      0 97285344  13676  75076    0    0 163408    16 193509 209342 14  4  1 79  2	
11 54      0 97285344  13676  75084    0    0 163376     0 189821 204739 14  4  1 79  2	
10 55      0 97285344  13676  75084    0    0 163376     0 194755 212253 17  4  1 76  2	
 8 56      0 97285344  13676  75084    0    0 163360     0 193404 208322 15  4  1 78  2	
 9 56      0 97285344  13676  75084    0    0 163296     0 193522 208984 13  4  1 80  2	
procs -----------memory---------- ---swap-- -----io---- --system-- -----cpu-----
 r  b   swpd   free   buff  cache   si   so    bi    bo   in   cs us sy id wa st
12 56      0 97285344  13676  75084    0    0 163344    32 194581 209233 15  4  1 79  2	
 7 57      0 97285344  13684  75084    0    0 163488     4 191805 206279 14  3  1 81  2	
10 55      0 97285344  13684  75084    0    0 163312     0 194543 208753 14  4  1 79  2	
 6 59      0 97285344  13692  75076    0    0 163360    16 194809 209598 15  4  1 78  2	
12 54      0 97285344  13692  75084    0    0 163328     0 194850 209318 15  4  1 78  2	
10 55      0 97285344  13692  75084    0    0 163360     0 194627 208504 14  4  1 79  2	
10 55      0 97285344  13700  75084    0    0 163360    16 196287 211381 14  4  1 79  2	
11 55      0 97285344  13700  75084    0    0 163360     0 193382 207031 15  5  1 78  2	
10 55      0 97285344  13700  75084    0    0 163312     4 192561 204470 14  4  1 80  2	
 5 59      0 97285344  13700  75084    0    0 163344     0 193823 207504 14  4  1 79  2	
12 55      0 97285344  13700  75084    0    0 163296     8 191826 205380 13  4  1 80  2	
 2 62      0 97285344  13708  75076    0    0 163440    28 195199 212077 15  5  1 78  2	
10 54      0 97285216  13708  75084    0    0 163232     0 195306 211235 16  4  1 78  2	
10 56      0 97285216  13708  75084    0    0 163360     0 194024 209455 14  4  1 80  2	
 8 56      0 97285088  13708  75088    0    0 163296     0 190812 206653 17  4  1 76  2	
13 54      0 97285040  13708  75088    0    0 163360    16 196138 212561 16  4  1 77  2	
14 54      0 97285216  13708  75088    0    0 163360     0 190570 204869 14  4  1 79  2	
13 56      0 97285216  13716  75088    0    0 163376    24 193714 208566 14  4  1 80  2	
11 54      0 97285216  13716  75088    0    0 163344     0 195788 213088 15  4  1 78  2	
 9 57      0 97285216  13716  75088    0    0 163344     0 192250 205367 15  4  1 79  2	
 9 56      0 97285216  13716  75088    0    0 163392     0 193644 208345 14  4  1 80  2	
procs -----------memory---------- ---swap-- -----io---- --system-- -----cpu-----
 r  b   swpd   free   buff  cache   si   so    bi    bo   in   cs us sy id wa st
 9 57      0 97285216  13716  75088    0    0 163280     0 193542 206933 13  4  1 79  2	
 8 57      0 97285216  13724  75080    0    0 163360    16 194411 209797 15  5  1 78  2	
13 54      0 97285216  13724  75088    0    0 163328     0 193781 208509 14  4  1 79  2	
 9 57      0 97285216  13724  75088    0    0 163360     0 194099 210091 16  4  1 78  2	
 7 58      0 97285216  13724  75088    0    0 163408     0 190862 206713 15  3  1 79  2	
 6 59      0 97285216  13724  75088    0    0 163280     0 190986 207995 16  4  1 77  2	
10 55      0 97285216  13724  75092    0    0 163248     0 194233 211147 16  4  1 77  2	
16 51      0 97285088  13732  75092    0    0 163328    20 193128 206046 15  4  1 78  2	
 9 55      0 97285088  13732  75092    0    0 163376     0 192327 205326 14  4  1 79  2	
 5 59      0 97285056  13732  75092    0    0 163456     0 194996 209147 15  4  1 78  2	
10 56      0 97285056  13732  75092    0    0 163264     0 194573 210462 15  4  1 78  2	
 8 58      0 97285056  13732  75092    0    0 163392     0 194118 207107 14  4  0 79  2	
11 53      0 97285056  13740  75084    0    0 163312    16 193914 210337 15  4  1 78  2	
 8 56      0 97285056  13740  75092    0    0 163328     0 192261 207119 14  4  1 80  2	
14 50      0 97285056  13740  75092    0    0 163312     0 194569 209405 15  4  1 79  2	
 8 57      0 97285056  13740  75092    0    0 163392     8 194708 210203 15  4  1 78  2	
10 55      0 97285056  13740  75092    0    0 163376     0 193376 206285 13  4  1 80  2	
11 54      0 97285056  13740  75092    0    0 163344     0 192165 207551 15  4  1 79  2	
12 55      0 97285056  13748  75092    0    0 163344    28 194042 208219 15  4  1 78  2	
 7 57      0 97285056  13748  75092    0    0 163344     0 191821 206081 14  4  1 80  2	
 9 56      0 97285056  13748  75092    0    0 163344     8 192324 205257 14  4  1 79  2	
procs -----------memory---------- ---swap-- -----io---- --system-- -----cpu-----
 r  b   swpd   free   buff  cache   si   so    bi    bo   in   cs us sy id wa st
 7 57      0 97285056  13748  75092    0    0 163360     0 191249 205542 14  4  1 79  2	
12 53      0 97285056  13748  75092    0    0 163280     0 193354 209218 14  4  1 79  2	
11 56      0 97285056  13756  75084    0    0 163376    28 193042 208169 14  4  1 79  2	
 2 61      0 97285056  13756  75092    0    0 163424     0 193942 208990 16  3  1 78  2	
12 55      0 97285056  13756  75092    0    0 163264     8 189147 205424 17  4  1 76  2	
 8 55      0 97285056  13756  75096    0    0 163360     0 194135 209243 15  4  1 79  2	
13 55      0 97285056  13756  75096    0    0 163328     0 194029 209844 14  4  1 79  2	
 8 57      0 97285056  13756  75096    0    0 163376     0 193955 207536 15  3  1 79  2	
 8 57      0 97285056  13764  75096    0    0 163328    20 194715 209445 14  4  1 79  2	
 7 58      0 97285056  13764  75096    0    0 163392    28 192054 206223 14  5  1 79  2	
 5 59      0 97285056  13764  75096    0    0 163312     0 191330 204546 13  4  1 80  2	
 7 59      0 97285056  13764  75096    0    0 163360     0 193605 208065 14  4  1 79  2	
 9 57      0 97285056  13764  75096    0    0 163312     0 193126 207665 15  4  1 79  2	
11 56      0 97285056  13772  75088    0    0 163344    16 194414 211186 15  4  1 78  2	
 6 59      0 97285056  13772  75096    0    0 163360     4 192422 209062 15  5  1 77  2	
 6 59      0 97285056  13772  75096    0    0 163328     0 193921 210464 14  4  1 78  2	
10 56      0 97285056  13772  75096    0    0 163344     0 186155 200795 14  4  1 79  2	
11 58      0 97285056  13772  75096    0    0 163312     0 194271 210041 15  4  1 78  2	
12 53      0 97285056  13772  75096    0    0 163296     0 193337 206897 14  4  1 79  2	
17 50      0 97285056  13780  75096    0    0 163344    16 194801 210374 15  4  1 79  2	
10 55      0 97285056  13780  75096    0    0 163344     0 193351 208536 14  5  1 78  2	
procs -----------memory---------- ---swap-- -----io---- --system-- -----cpu-----
 r  b   swpd   free   buff  cache   si   so    bi    bo   in   cs us sy id wa st
13 53      0 97285056  13780  75096    0    0 163344     0 191134 204248 14  4  1 80  2	
10 55      0 97285056  13780  75096    0    0 163376     0 194846 209427 15  4  1 78  2	
 8 57      0 97285056  13780  75096    0    0 163344     0 194393 210445 15  3  1 79  2	
10 57      0 97285056  13788  75088    0    0 163408    16 194547 210271 16  3  1 78  2	
10 55      0 97285056  13788  75096    0    0 163264     0 194346 209664 14  5  1 79  2	
 8 58      0 97285056  13788  75096    0    0 163376     0 191653 205157 14  4  1 79  2	
 6 59      0 97285056  13788  75096    0    0 163344     0 194200 207982 14  4  1 79  2	
 5 60      0 97285056  13788  75100    0    0 163312     0 194326 210106 15  4  1 78  2	
17 52      0 97285056  13788  75100    0    0 163248    16 190684 205398 15  4  1 79  2	
11 55      0 97285056  13796  75100    0    0 163344    32 194883 210292 15  4  1 78  2	
 8 56      0 97285056  13796  75100    0    0 163408     0 192911 207207 15  3  1 79  2	
 8 57      0 97285056  13796  75100    0    0 163376     0 192829 206867 14  3  1 79  2	
 9 55      0 97285056  13796  75100    0    0 163312     0 191606 206040 13  5  1 80  2	
 6 60      0 97285056  13796  75100    0    0 163376     0 191659 207951 17  4  1 77  2	
 9 56      0 97285056  13804  75092    0    0 163280    16 194457 210450 15  4  1 78  2	
 8 58      0 97285056  13804  75100    0    0 163360     0 194519 208014 14  4  1 78  2	
 6 60      0 97285056  13804  75100    0    0 163376     0 193529 207499 14  4  0 79  2	
 8 55      0 97285056  13804  75104    0    0 163264     0 195654 210853 15  4  1 78  2	
